9 720266498
113 11645632108
213 22625825079
313 32738293185
413 42822652761
513 54262802021
614 64593481602
714 74693858409
814 85585974189
914 96202043317
1014 106713491678
1114 117063066982
1214 126958664750
1315 137411164032
1415 147918985326
1515 159617227608
1615 169869377294
1715 180580754344
1815 191690232109
1916 201680836921
2016 211355139383
2116 221433763039
2216 233004243836
2316 243547143249
2416 253432378167
2517 263966987432
2617 274145326227
2717 284925646206
2817 294236678746
2917 304703925045
3017 315351310410
3117 326416943373
3218 337475939350
3318 347641999546
3418 357711894554
3518 367143677603
3618 377106766905
3718 387699335288
3819 399520077339
3919 409466161557
4019 420370819890
4119 431165133591
4219 441133140161
4319 451272488997
4420 460999205747
4520 471789558446
4620 482537364304
4720 493858972044
4820 504241674444
4920 515700531020
5021 525648710388
5121 536279123891
5221 547039375732
5321 558160012660
5421 569224224994
5521 580746964034
5621 592400500191
5721 602230382849
5822 613547645221
5922 623996646264
6022 633637922719
6122 644278494109
6222 654940422532
6322 665072181472
6423 675393970398
6523 685543007917
6623 696035737211
6723 706774247486
6823 717659272329
6923 729005217861
7023 739997918452
7124 750635284640
7224 761216993925
7323 771461807505
7423 780851218626
7523 791220953899
7623 801001287473
7723 811603019793
7824 821803332852
7924 831804909582
8024 842096004376
8124 852439658044
8224 862909859844
8324 872934708801
8425 883875652417
8525 895742405764
8625 905078613273
8725 915240060574
8825 925055340194
8925 935630448510
9025 945283980691
9125 956321490397
9226 967265213248
9308 975582068882
9406 985869513074
9506 998127279075
9606 1008795721884
9706 1019810555088
9807 1030326023450
9907 1041323941059
10007 1051818128105
10107 1061879087800
10207 1071916494246
10307 1082199314175
10407 1092584522782
10508 1103438356299
10608 1114046556060
10708 1124906595652
10808 1136138417871
10908 1147880276979
11008 1158627547449
11109 1168471139428
11209 1178836676779
11309 1189946650969
11409 1200513075846
11509 1210959904681
11609 1220526633697
11709 1231858301283
11810 1241532426394
11910 1251304269132
12010 1261540598269
12110 1272112293184
12210 1282219053707
12310 1293232121381
12410 1304479119415
12511 1314619519093
12611 1323886748876
12711 1334429091250
12811 1344078054968
12911 1354528121879
13011 1364499474876
13112 1375649436058
13212 1386108282888
13312 1395710647905
13412 1406532292384
13512 1417630026690
13612 1429431747093
13713 1439989304377
13813 1450740516655
13913 1461197511863
14013 1471157610495
14113 1481279583939
14213 1491839375574
14313 1501973777832
14413 1512129255044
14513 1522842306797
14614 1533764683063
14714 1544209535826
14814 1555215118376
14914 1566162475928
15014 1576821750491
15114 1588477636033
15215 1599056596468
15315 1609385655391
15415 1619255888797
15515 1629046433353
15615 1639347584744
15715 1649017766728
15815 1659488746116
15916 1669790913309
16016 1680420281787
16116 1691353804504
16216 1701610619913
16316 1712197397248
16416 1722182873439
16516 1732957594055
16617 1742746730761
16717 1752703569198
16817 1763654071074
16917 1775159469172
17017 1785691463909
17117 1795552921889
17217 1806213503395
17318 1816957244776
17418 1827410469419
17518 1838350860356
17618 1848751054718
17719 1859560440740
17818 1869397954693
17919 1880623622677
18019 1890878882772
18119 1901772291034
18219 1911980634312
18319 1922894507158
18420 1934539053246
18500 1942220428116
18599 1952608095087
18699 1964570110151
18799 1974524217222
18899 1984102656240
19000 1994178300425
19100 2005126104114
19200 2015843364806
19300 2026441364792
19400 2036588267901
19501 2047462412682
19601 2057152895283
19701 2068488140881
19801 2079020311598
19901 2090195092558
20001 2100337818311
20101 2110761825866
20202 2121549443565
20302 2133260968339
20402 2143452873047
20502 2153398282892
20601 2163613900745
20702 2175203247021
20802 2184758548181
20902 2195053881741
21002 2205232247731
21102 2215971210711
21202 2226148661261
21302 2236316619467
21402 2247662227710
21503 2258937331018
21603 2269913002935
21703 2280443483882
21803 2291028991526
21903 2302166465233
22004 2312957942222
22104 2322911051952
22204 2333256774957
22304 2343156733422
22384 2351117692748
22484 2361662697476
22584 2372605333366
22684 2382620464244
22785 2393677499691
22885 2404344498088
22985 2414628052969
23085 2424880140684
23185 2435915772928
23286 2447638159807
23377 2458099593935
23466 2466904549435
23566 2477163046294
23666 2487673288919
23766 2498459101008
23866 2510508258147
23967 2521523709473
24067 2532441625655
24167 2542517049854
24267 2553430531649
24367 2563387832502
24467 2573211964286
24567 2582678772271
24667 2593447067813
24768 2603703552638
24868 2613569934924
24968 2623887246752
25068 2634321196299
25168 2645487857161
25268 2655885840472
25369 2666363792961
25469 2678172197970
25569 2689138139968
25669 2700993127730
25769 2710766941488
25869 2721721207916
25970 2732234685251
26070 2742592962069
26170 2752950517676
26270 2763466066695
26370 2773962144581
26470 2784869240527
26571 2795569475909
26671 2805931533040
26771 2817085510342
26871 2827880568738
26971 2838160745081
27071 2848801462466
27172 2859421165611
27272 2869293547496
27372 2879422199720
27472 2890128048366
27572 2900153869518
27672 2909832768439
27752 2917550178769
27853 2928633158396
27953 2938913977794
28053 2949341110211
28153 2959763312049
28253 2971484685698
28353 2981233753437
28454 2991194399066
28554 3001588442923
28654 3011782707761
28754 3022658616567
28854 3034009163455
28954 3044321586123
29055 3055262067415
29155 3064895058420
29255 3075739112794
29355 3086346213354
29455 3097657591073
29555 3108735307938
29656 3119462986582
29756 3129576849316
29856 3140606906864
29955 3151233306508
30055 3161331336365
30155 3172537076772
30256 3183890517638
30356 3193676402772
30456 3204313026785
30556 3213888516735
30656 3224582602831
30756 3234971033869
30856 3246008846080
30957 3255239497615
31057 3266060682318
31157 3275455099702
31257 3286698416748
31357 3297222931259
31458 3307427895098
31558 3318690591480
31658 3329162645359
31758 3339464057185
31858 3350163966013
31958 3359727218081
32058 3369881735215
32159 3380501804421
32259 3393098414363
32359 3404288203093
32459 3415458516329
32559 3425647996707
32659 3436319553031
32760 3446934943548
32860 3457149315753
32960 3467568675896
33060 3479399347143
33160 3490478672397
33260 3499818611587
33360 3509261596722
33461 3520538127685
33561 3531172438584
33661 3541966918886
33761 3552223484194
33861 3563486236770
33961 3572989333036
34062 3582250785238
34162 3592491672402
34262 3602568914407
34362 3613508548265
34462 3624124372701
34562 3634804449923
34662 3644857690525
34763 3654389016794
34863 3665035263393
34963 3674940519993
35063 3685434986528
35163 3695458061634
35263 3706409743723
35364 3717179849300
35464 3728741361596
35564 3740169577572
35664 3749531445246
35764 3759335398184
35864 3770003293212
35965 3779733884868
36065 3789649894675
36165 3800856266221
36265 3811594533552
36365 3821552158393
36465 3832453356281
36565 3841841347729
36646 3850428478956
36746 3860599686046
36846 3871153195765
36946 3881131782148
37046 3892176007855
37146 3902373402377
37247 3912262238164
37347 3922832412471
37447 3933180214785
37547 3944060765990
37647 3953880531619
37747 3964332210411
37847 3974498104741
37947 3984769026130
38048 3995156541684
38148 4005333583045
38248 4016078706603
38348 4026273196745
38448 4036404396744
38548 4046538319933
38649 4057461583539
38748 4066982008329
38848 4077412690969
38948 4087879537348
39048 4098652983332
39148 4109778676146
39249 4122027086240
39349 4132429161731
39449 4143205026084
39549 4152954682821
39649 4164089194938
39749 4174339581864
39849 4183954848938
39950 4194752279007
40050 4205973842728
40150 4215331689771
40250 4225975116248
40350 4236245377407
40450 4245616983654
40550 4255920198258
40651 4266460279189
40751 4278225793531
40851 4289626741409
40951 4300458378401
41051 4311348710276
41152 4321700428843
41252 4331968937765
41352 4341692263451
41452 4353523086845
41552 4364293202737
41652 4375743627428
41753 4387635652175
41853 4398094703450
41953 4408451936981
42053 4419495491509
42153 4430266756650
42253 4439630213188
42353 4449804576586
42454 4460970344250
42554 4471784871955
42654 4481235149070
42754 4491125536792
42854 4501246466869
42954 4511344393358
43055 4521603667476
43155 4532642239645
43255 4542296471456
43355 4552084988803
43455 4562946102007
43555 4573606866053
43656 4585031311904
43756 4594921662573
43856 4605192214400
43956 4615731704797
44056 4626461901278
44144 4635627776444
44237 4645575109280
44337 4656758522423
44437 4667757265127
44537 4678210818882
44637 4689090245928
44737 4699364100099
44837 4710121743185
44937 4720217412644
45038 4730861587283
45138 4740947586396
45238 4751449872988
45338 4762048806615
45438 4772772162794
45538 4783126683640
45639 4794019249249
45739 4805109458544
45839 4815706123198
45939 4826993342621
46039 4836764906270
46139 4847465224650
46240 4858767194512
46340 4869400979884
46440 4880626816842
46540 4891022103830
46640 4900974555800
46740 4912509759625
46841 4922979305605
46941 4933625679767
47041 4944621536410
47141 4955403577245
47241 4966128663929
47341 4976048037775
47441 4986335369836
47542 4996371275060
47642 5007162056575
47742 5017386431951
47842 5027183001284
47942 5037292990443
48042 5049178631487
48143 5060777342720
48243 5070439659335
48343 5081565846026
48443 5092105733626
48543 5102250040783
48643 5113820514098
48743 5124153898103
48843 5134500065587
48943 5145419747835
49044 5157381709431
49144 5166833371976
49244 5178017303272
49344 5188192187643
49444 5198433211158
49544 5208331313717
49645 5218364475117
49745 5229083908919
49845 5239522754678
49945 5249878592060
50045 5261000266423
50145 5273065675416
50245 5284297184421
50346 5294159315275
50446 5304906549300
50546 5315099892177
50646 5326064340393
50746 5337771787972
50846 5349442352572
50947 5360216238145
51047 5370755652092
51147 5382049266693
51247 5390974711346
51347 5399337561621
51447 5408693431340
51547 5418418102527
51647 5429596901237
51748 5440383017801
51848 5450965891463
51948 5461150477278
52048 5473016599946
52148 5484215614050
52249 5495181818320
52349 5505470343505
52449 5514143414645
52549 5523347208240
52649 5532369869084
52749 5540629787092
52829 5548161206774
52929 5556751605174
53029 5566844521517
53129 5576031849386
53230 5584834603438
53330 5593073131051
53430 5602079016387
53530 5612033832885
53630 5622022470472
53730 5630922194399
53830 5640673533605
53930 5650067058697
54031 5658776111414
54130 5666710412565
54230 5676306632937
54330 5685587586950
54430 5693963880039
54530 5703152712640
54630 5712064117845
54731 5720648299638
54831 5730822981499
54931 5740635658088
55031 5750929258153
55131 5759389995842
55231 5768896987661
55331 5778070853810
55431 5787194852172
55531 5796029203213
55631 5805826153563
55732 5813681945895
55832 5822371061584
55932 5831653920773
56032 5842011312736
56132 5850941948956
56232 5860608786985
56332 5870376256312
56432 5879543154053
56533 5888964413897
56633 5899133048382
56733 5909051870254
56833 5919482799251
56933 5929265100441
57033 5938322440768
57133 5946668063465
57234 5956736825442
57334 5965657538193
57434 5975172072151
57534 5984005354879
57634 5995039582130
57734 6003607580325
57834 6013704528463
57934 6022817520062
58034 6033379335805
58134 6042480328152
58234 6051800574640
58334 6060520886729
58434 6070759510291
58534 6080871550423
58634 6091851286486
58734 6102251001239
58835 6112858677861
58916 6120807217715
59016 6130636429337
59116 6140851865785
59216 6150576620102
59316 6161670685850
59416 6171946166996
59516 6181225442175
59617 6191996887094
59717 6200885568141
59817 6210628631693
59917 6221588539482
59996 6230159527881
60096 6240108979407
60196 6250000092525
60296 6260374286695
60397 6271020036815
60497 6280743952101
60597 6290799140584
60697 6300324881165
60797 6310621370195
60897 6321202777104
60997 6331686308701
61097 6341532636200
61198 6351733269153
61298 6360653851271
61398 6370184662469
61498 6380898837279
61598 6390735183109
61698 6400019605258
61799 6410438522493
61899 6420678728215
61999 6431801916713
62098 6441306537416
62198 6452140470949
62298 6461383980461
62398 6472232233732
62498 6482019103176
62599 6492312948422
62698 6502949084509
62798 6512676547357
62898 6522640626744
62998 6533237963674
63098 6544087475253
63198 6554512744036
63297 6564258979835
63398 6573713026488
63498 6583268184845
63598 6593380453650
63698 6602790438176
63798 6612887399620
63898 6622289535291
63998 6632154738134
64098 6642401588807
64199 6651847016949
64299 6660735377458
64399 6669937043981
64499 6678992142803
64599 6688469153058
64699 6699441394073
64799 6708717812649
64899 6717714090992
65000 6727844918180
65100 6737311975060
65200 6746590310791
65300 6756203966503
65400 6765481865565
65500 6775361178212
65600 6784779160892
65700 6794029924851
65801 6804329126915
65901 6813880885069
66001 6825106109365
66101 6835262454290
66201 6845440090353
66301 6855014433015
66401 6864991712053
66502 6874394041047
66602 6883259608237
66702 6891735755108
66782 6899573949926
66882 6908468849531
66982 6919357776912
67082 6928500428582
67182 6938846611211
67283 6948872055602
67383 6960279991727
67463 6967749421836
67563 6977128277675
67663 6986040450417
67763 6995799580770
67863 7005341610503
67964 7015843208929
68064 7026082287847
68164 7037828918306
68264 7047276519358
68364 7056495457596
68464 7066800091862
68564 7076102362727
68665 7086612858413
68765 7097461110652
68865 7107414339330
68965 7117183721047
69065 7126315818146
69165 7135623079414
69265 7145298755670
69365 7154726546416
69466 7164129983360
69566 7174148928042
69666 7183992615479
69766 7194241551210
69866 7203759495174
69966 7214225976643
70066 7223985793939
70167 7234523978920
70267 7243965173922
70367 7255205269627
70467 7265833071923
70567 7275951530848
70667 7285266205917
70767 7295396798895
70851 7303482553980
70948 7313408099263
71048 7323872474160
71148 7334542960052
71248 7344641120271
71348 7355014559863
71448 7365097012338
71548 7376331898342
71649 7385938200904
71749 7396309909714
71848 7407060898544
71948 7417794823524
72048 7427737005108
72148 7437977890803
72249 7447383623387
72349 7458402736337
72449 7469809955313
72529 7477845495571
72629 7487729420621
72729 7497979283237
72829 7508167272574
72929 7517708119628
73029 7527842797619
73130 7537624023500
73230 7547053899174
73330 7557671399185
73430 7566965113080
73530 7576257942153
73630 7586451954888
73730 7596002155497
73830 7606388331809
73931 7616482452190
74031 7628228873196
74131 7638451016147
74231 7648160888132
74331 7658727767545
74431 7668808956281
74531 7677900536419
74631 7686809588274
74731 7696297159021
74831 7707375305818
74931 7716676199549
75031 7726328002258
75131 7735848722030
75231 7747129200070
75331 7756903296510
75431 7766780571241
75532 7777100331782
75632 7787034087985
75732 7797149018091
75832 7807128050073
75932 7816693522225
76032 7825852647929
76132 7836385076002
76233 7845677776891
76333 7856959255233
76433 7867458640385
76533 7878182469569
76633 7887299365180
76733 7897327906498
76833 7908461648764
76934 7918793284581
77034 7928729397615
77134 7937645676746
77234 7947579000791
77334 7957600934481
77434 7967240143854
77535 7977065366881
77635 7988222300312
77735 7997929666666
77835 8007934428260
77935 8017949942027
78035 8028137665810
78135 8038194002185
78235 8047862865766
78335 8057234564563
78436 8067750758052
78536 8078967440680
78636 8089585342675
78736 8099349439941
78836 8109193325559
78936 8118574309211
79037 8128773249412
79136 8138586346024
79236 8148869374864
79336 8157969468697
