0 0
0 0
0 0
0 0
0 0
0 0
0 0
0 0
0 0
0 0
0 0
0 0
0 0
0 0
0 0
0 0
0 0
0 0
0 0
0 0
0 0
1 20073887
1 20073887
1 20073887
1 20073887
1 20073887
2 20702225
2 20702225
2 20702225
3 36841226
3 36841226
3 36841226
3 36841226
3 36841226
3 36841226
3 36841226
3 36841226
3 36841226
4 46235292
5 46294847
6 50275293
6 50275293
6 50275293
6 50275293
6 50275293
6 50275293
6 50275293
6 50275293
6 50275293
6 50275293
6 50275293
6 50275293
6 50275293
6 50275293
6 50275293
7 58542340
7 58542340
7 58542340
7 58542340
7 58542340
7 58542340
7 58542340
8 73120298
8 73120298
8 73120298
8 73120298
8 73120298
8 73120298
8 73120298
9 76625596
9 76625596
9 76625596
9 76625596
9 76625596
9 76625596
9 76625596
9 76625596
9 76625596
10 90790621
10 90790621
10 90790621
10 90790621
10 90790621
10 90790621
11 94870290
11 94870290
11 94870290
11 94870290
11 94870290
11 94870290
12 113023517
12 113023517
12 113023517
12 113023517
13 126325554
13 126325554
13 126325554
14 146309244
14 146309244
14 146309244
14 146309244
14 146309244
14 146309244
14 146309244
14 146309244
14 146309244
14 146309244
14 146309244
14 146309244
14 146309244
14 146309244
14 146309244
14 146309244
14 146309244
14 146309244
14 146309244
14 146309244
14 146309244
14 146309244
14 146309244
14 146309244
14 146309244
14 146309244
14 146309244
14 146309244
14 146309244
14 146309244
15 170315856
15 170315856
15 170315856
15 170315856
16 170327241
16 170327241
16 170327241
16 170327241
16 170327241
16 170327241
16 170327241
16 170327241
17 190304217
18 203510352
18 203510352
18 203510352
18 203510352
18 203510352
18 203510352
18 203510352
18 203510352
18 203510352
19 216274330
19 216274330
19 216274330
19 216274330
19 216274330
19 216274330
19 216274330
19 216274330
19 216274330
19 216274330
19 216274330
19 216274330
19 216274330
19 216274330
19 216274330
19 216274330
19 216274330
19 216274330
19 216274330
19 216274330
19 216274330
20 222554653
20 222554653
20 222554653
20 222554653
20 222554653
20 222554653
20 222554653
20 222554653
20 222554653
20 222554653
20 222554653
20 222554653
20 222554653
20 222554653
20 222554653
20 222554653
20 222554653
20 222554653
20 222554653
20 222554653
20 222554653
20 222554653
20 222554653
21 222915319
21 222915319
21 222915319
21 222915319
21 222915319
22 224403084
22 224403084
22 224403084
22 224403084
22 224403084
22 224403084
22 224403084
22 224403084
22 224403084
22 224403084
22 224403084
22 224403084
22 224403084
22 224403084
22 224403084
22 224403084
22 224403084
22 224403084
22 224403084
22 224403084
22 224403084
23 225009193
23 225009193
24 226611560
24 226611560
24 226611560
24 226611560
24 226611560
24 226611560
24 226611560
24 226611560
24 226611560
24 226611560
24 226611560
24 226611560
24 226611560
24 226611560
25 245658806
25 245658806
25 245658806
25 245658806
25 245658806
25 245658806
25 245658806
25 245658806
25 245658806
25 245658806
25 245658806
25 245658806
25 245658806
25 245658806
25 245658806
25 245658806
25 245658806
25 245658806
25 245658806
25 245658806
25 245658806
25 245658806
26 250096521
26 250096521
26 250096521
26 250096521
26 250096521
26 250096521
26 250096521
26 250096521
26 250096521
26 250096521
26 250096521
26 250096521
26 250096521
26 250096521
26 250096521
26 250096521
26 250096521
26 250096521
26 250096521
26 250096521
26 250096521
26 250096521
26 250096521
26 250096521
26 250096521
26 250096521
26 250096521
26 250096521
26 250096521
26 250096521
26 250096521
26 250096521
26 250096521
26 250096521
26 250096521
26 250096521
27 270936851
28 291588663
28 291588663
28 291588663
28 291588663
28 291588663
28 291588663
28 291588663
28 291588663
28 291588663
28 291588663
29 297415912
29 297415912
29 297415912
30 300726195
30 300726195
30 300726195
30 300726195
30 300726195
30 300726195
30 300726195
30 300726195
30 300726195
30 300726195
30 300726195
30 300726195
30 300726195
31 305699044
31 305699044
31 305699044
31 305699044
31 305699044
31 305699044
31 305699044
31 305699044
31 305699044
31 305699044
31 305699044
31 305699044
31 305699044
31 305699044
31 305699044
31 305699044
32 321125304
32 321125304
32 321125304
32 321125304
32 321125304
32 321125304
33 333536831
33 333536831
33 333536831
34 342070841
35 345813744
35 345813744
35 345813744
35 345813744
35 345813744
35 345813744
35 345813744
35 345813744
35 345813744
35 345813744
35 345813744
35 345813744
35 345813744
35 345813744
35 345813744
35 345813744
35 345813744
35 345813744
35 345813744
35 345813744
36 368183047
36 368183047
36 368183047
36 368183047
36 368183047
36 368183047
36 368183047
36 368183047
36 368183047
36 368183047
36 368183047
36 368183047
36 368183047
36 368183047
36 368183047
36 368183047
36 368183047
36 368183047
36 368183047
36 368183047
36 368183047
36 368183047
36 368183047
36 368183047
36 368183047
36 368183047
36 368183047
36 368183047
36 368183047
36 368183047
36 368183047
36 368183047
36 368183047
36 368183047
36 368183047
36 368183047
36 368183047
36 368183047
36 368183047
36 368183047
36 368183047
37 379938779
37 379938779
37 379938779
37 379938779
38 382225108
38 382225108
38 382225108
38 382225108
38 382225108
38 382225108
38 382225108
38 382225108
38 382225108
38 382225108
38 382225108
38 382225108
38 382225108
39 397672453
