9 895265846
114 11790646223
214 21981016702
314 32311682524
414 41916185486
515 52407108667
614 62414618733
714 72839535768
814 83737791891
914 94177024295
1014 104018245186
1094 112435391262
1194 123644759057
1295 134319590392
1395 145982069788
1495 156477788567
1595 167371878233
1695 177894115259
1795 188178148771
1896 198651312710
1996 209123421011
2096 219607598438
2196 229671298497
2296 240669423430
2396 251798354352
2497 262300791162
2597 273380608426
2697 284082648286
2797 294045146260
2897 304559460655
2997 314936343304
3097 325097311234
3197 335568323398
3297 346153739241
3398 356396879689
3498 366986566545
3590 376767768106
3678 385328753078
3778 395576573659
3879 405025680251
3979 416753973913
4079 426864166833
4179 437036427454
4279 448107877207
4379 459442003061
4479 470427893442
4580 481002877979
4680 491861954717
4780 502018719541
4880 512337960092
4980 522596077011
5080 533413961779
5180 543806009735
5281 554170866687
5381 564299435107
5481 574868458649
5581 585822451779
5681 596380740913
5781 607671433688
5881 618312473077
5982 628880236150
6082 639365566042
6182 651015346060
6282 661209169274
6382 671425387672
6482 681852331882
6583 692473526865
6683 702993021438
6783 714045522892
6883 724468319769
6983 735389710879
7083 745551787969
7183 756323183942
7284 766665492097
7384 776664949255
7484 787576257668
7584 798757420340
7684 809151308288
7784 819967066647
7884 829999213548
7985 840546885719
8084 851307597318
8184 861746740339
8284 872533654341
8384 883269782426
8484 892966929891
8584 903389398068
8684 914702282024
8785 925940343401
8885 935722493938
8985 946299495575
9085 956040797550
9185 966217994467
9285 977853575267
9386 988774544059
9486 999627797192
9586 1009574868308
9686 1019672161068
9786 1030657893677
9886 1041385418395
9987 1051391934666
10087 1062974464807
10187 1073759493850
10287 1084467476013
10387 1096192936578
10487 1106766130657
10588 1118219300885
10688 1128640256837
10788 1140276149213
10888 1150637112487
10988 1162259092556
11088 1172883426079
11189 1183019993301
11289 1192894433018
11389 1203178153612
11489 1214447856037
11589 1224848375981
11689 1235310885029
11789 1245996443511
11890 1256108419573
11990 1266924147335
12090 1276645750667
12190 1287401652701
12290 1297780763866
12390 1308301523210
12491 1318606668472
12571 1327294974652
12671 1337599759865
12771 1348296174068
12871 1359627278741
12971 1370460616985
13071 1380057395012
13172 1390267368191
13272 1400780700229
13372 1411796471345
13472 1422419985495
13572 1432791646329
13672 1444337231607
13773 1455125612626
13873 1466617576336
13973 1476635738475
14073 1487227500917
14173 1497612843133
14274 1507988021168
14374 1519341829408
14474 1529450166344
14554 1537141688223
14654 1546312037156
14754 1557559318687
14854 1567761555755
14954 1577672027230
15055 1587973345254
15155 1598496937074
15255 1609161394846
15355 1620673268325
15455 1631008818324
15555 1641310917173
15655 1651897395784
15756 1663111683681
15856 1675126285051
15956 1684904059348
16056 1694180615343
16157 1704296333103
16257 1713887119928
16357 1724392195455
16457 1734295431121
16557 1745360175365
16636 1754091225669
16737 1764708885634
16837 1774716840279
16937 1785441181136
17037 1795642890595
17137 1806111942022
17237 1816660452356
17338 1827754453692
17438 1837901111632
17538 1848336548119
17638 1858975249087
17738 1869222572784
17839 1880587924832
17939 1890434201985
18039 1900660430732
18139 1912059795460
18239 1923705329351
18339 1933554078568
18440 1944657770377
18540 1954527721889
18639 1963911879459
18739 1974028862267
18839 1984216549605
18939 1995052113957
19040 2004556341954
19140 2016412139352
19240 2026211207676
19340 2036530698462
19440 2046842261426
19540 2058018554488
19641 2067838960864
19741 2078552247174
19841 2088968359698
19941 2099075072439
20041 2109022220512
20141 2120979192745
20221 2129463265848
20322 2139713650152
20422 2150380932120
20522 2161422343535
20622 2171833796870
20722 2182311028824
20822 2193313696247
20922 2202945416240
21022 2211983192735
21123 2222929784092
21223 2232218819001
21323 2243910326926
21423 2254381860693
21523 2264953607054
21623 2275789191174
21724 2286694267673
21824 2297820748543
21924 2309620182022
22024 2320070074503
22124 2330013203729
22224 2339291907893
22325 2350292567543
22425 2360442723673
22525 2371119231393
22625 2381710739392
22725 2391930150085
22825 2403173536420
22926 2413931645810
23026 2424232408644
23126 2434951539568
23226 2445494696699
23326 2456213453380
23426 2465996213252
23526 2477550913838
23626 2489019650266
23727 2500041980495
23827 2509277260139
23927 2519032508823
24027 2530024835841
24127 2541182099554
24227 2552159623135
24328 2562860489319
24428 2572572545154
24528 2583616946515
24628 2594710478276
24728 2605230660516
24828 2615795896978
24929 2626423637288
25029 2636509125093
25129 2647510439072
25229 2657395079078
25329 2667563004669
25429 2677505606202
25529 2688345300252
25629 2699219662781
25730 2709986886509
25830 2720413963020
25930 2730716453821
26030 2741761317596
26130 2752188306259
26231 2762874431621
26331 2773144445972
26431 2782618046869
26531 2792509000759
26631 2802431930027
26731 2812368265173
26832 2822720409491
26932 2832904214331
27032 2842695113234
27132 2852432608352
27232 2862855784130
27332 2874138634186
27432 2884659697712
27533 2895862813574
27633 2905273438821
27733 2915422939388
27833 2925783489151
27933 2936206263603
28033 2945159990570
28134 2956205770275
28234 2966834526869
28334 2977691300842
28434 2989027774542
28534 2999254116206
28634 3009953488853
28734 3020494647199
28834 3030510707079
28935 3041175298815
29034 3050536999435
29114 3058567287603
29214 3069419679745
29314 3079114025772
29415 3090154632191
29515 3100841126731
29615 3110980008676
29715 3121116326381
29815 3131514218408
29915 3141986271611
30016 3152580068006
30116 3163450318822
30216 3172974979236
30296 3181842395327
30396 3191550432518
30496 3201673988669
30596 3212194895565
30697 3222418567188
30797 3234048732162
30897 3244488940640
30997 3255389915380
31097 3265633937438
31197 3274510593281
31298 3285592792800
31398 3295664221198
31498 3306924855230
31598 3316520475789
31698 3326663289420
31798 3336395829228
31898 3346353095766
31999 3356691876933
32099 3366797705280
32199 3376988635683
32299 3387042089914
32399 3397503174196
32499 3408058798033
32600 3418250667324
32700 3428546433401
32800 3438448899953
32900 3448758983810
33000 3458887118044
33100 3468931717277
33200 3478522820744
33301 3489260364558
33401 3499530638186
33501 3509090843354
33601 3518341579363
33701 3529428881542
33801 3539853494682
33902 3551374247133
34002 3561337409684
34102 3572293181653
34202 3582999341754
34302 3593188786623
34402 3602700115284
34503 3613350805808
34603 3623308037146
34703 3633364728390
34803 3643867323333
34903 3654954131274
35003 3665409506940
35103 3675549997687
35203 3686212303328
35304 3698201704357
35404 3708742719216
35504 3718904787332
35604 3729385953882
35704 3739368190005
35804 3749891973163
35905 3760185904537
36005 3770832417015
36105 3782165010039
36205 3792247569412
36305 3803548460666
36405 3813493802284
36505 3823991303326
36605 3835755214172
36706 3846275259834
36806 3856271855674
36906 3868398207112
37006 3878019029188
37107 3889193215370
37207 3899898123680
37307 3910839919165
37407 3921193772835
37507 3931515807184
37607 3941556778280
37707 3952703683590
37807 3963598474208
37908 3974872083036
38008 3984609906361
38108 3995215816580
38208 4005461215148
38308 4015970900751
38408 4026126297627
38509 4035818384803
38609 4046323236228
38709 4056917908222
38809 4066820616028
38909 4077445202149
39009 4088143475469
39090 4097678618135
39190 4108741731538
39290 4118927815159
39390 4128781320356
39490 4139305589167
39590 4148595979825
39691 4159667752033
39791 4169933404835
39891 4181601121975
39991 4192120340712
40091 4202774491313
40191 4213605311214
40292 4224409546797
40392 4234617665024
40492 4246084474305
40592 4256414282548
40692 4267437278689
40792 4276859543775
40893 4286236401873
40993 4297705816864
41093 4308782316575
41193 4320122705784
41293 4332245460282
41393 4343529599844
41494 4354099927701
41594 4364959595988
41694 4375587323782
41794 4386126251552
41894 4397221211458
41994 4406764697084
42095 4417798823400
42195 4428074136133
42295 4438496698995
42395 4448247878143
42495 4459014876514
42595 4468840036829
42695 4479805509750
42795 4490484882467
42896 4500138849161
42996 4509876462345
43096 4521082329228
43196 4531299622663
43296 4541027988413
43396 4551884751244
43497 4563074440479
43597 4573045776914
43697 4583173834099
43797 4593781704490
43897 4604795417113
43997 4614872088969
44098 4624732431167
44198 4635373672802
44298 4645564279535
44398 4656366495645
44498 4667804593136
44598 4678635533818
44699 4689119861355
44799 4699441341962
44899 4710622313869
44999 4721098267367
45099 4732236247126
45199 4742714411128
45300 4752875017297
45400 4764567703127
45500 4774647489726
45600 4785323675436
45700 4796818751631
45800 4807265494060
45901 4818111470769
46001 4829169870831
46101 4839365692855
46201 4848734051167
46301 4858752827645
46401 4868905889067
46501 4879693399776
46602 4890903746195
46702 4901372745029
46802 4913467955951
46902 4923451282940
46982 4931989378927
47082 4942422798306
47182 4953940595587
47283 4966347693302
47383 4975642818314
47483 4987074636317
47583 4997653930999
47683 5009063903725
47783 5020710429477
47883 5031483722877
47984 5042028521661
48084 5052921074972
48184 5062887496870
48284 5072491820648
48384 5083632181068
48484 5094465180036
48584 5104538822023
48685 5114372767270
48785 5123168942499
48885 5134815471401
48985 5145874495773
49085 5156829373825
49185 5167333530989
49286 5178161485278
49386 5188208882602
49486 5200201898670
49586 5210571009129
49686 5220285938787
49786 5229935931394
49887 5240561049847
49986 5251728416799
50087 5263321281642
50187 5273878827907
50287 5284018763636
50387 5294990670371
50487 5305781491537
50588 5317003542402
50688 5328079693134
50788 5337412552784
50888 5348005850926
50988 5358629937219
51088 5369238954837
51188 5380599666458
51288 5391734354988
51389 5403230121110
51489 5412510139076
51589 5423213702533
51689 5434657318961
51789 5444067960535
51890 5455101780766
51990 5464842204488
52090 5475234851189
52190 5485791040538
52290 5496118197731
52390 5507621983137
52490 5519295120915
52591 5529272318907
52691 5539516475126
52791 5549401647244
52891 5559744086131
52991 5569841603619
53091 5580354450506
53191 5590441806000
53292 5601867985727
53392 5611643283587
53492 5622664091722
53592 5633947934436
53692 5645218397692
53792 5655576731240
53893 5665808143704
53993 5675713161209
54093 5685344936924
54193 5695369167220
54293 5706405198127
54393 5716856400572
54494 5729245716452
54593 5739356032618
54694 5749405797649
54794 5759869421813
54894 5771190960724
54994 5780993028879
55094 5792486639974
55194 5804122935929
55295 5813615444753
55395 5824628152993
55495 5834575434111
55595 5845270456344
55695 5855135418382
55775 5863037384928
55875 5873783217852
55976 5883537252745
56076 5893189397913
56176 5903162108748
56276 5913922582835
56376 5923855121277
56476 5933359325336
56576 5943578746585
56677 5955867497510
56777 5965749726867
56877 5976042179417
56977 5986307305576
57077 5997060803538
57177 6007481764502
57277 6017418537519
57378 6027704321426
57478 6039238403529
57578 6049441544835
57678 6059789611107
57778 6069604979468
57878 6080021836667
57979 6090456915178
58079 6101024098661
58179 6111822910193
58279 6123174519848
58379 6133153803977
58479 6144721583814
58579 6154595166388
58680 6165548305964
58780 6176577925316
58880 6186359794774
58980 6196297371317
59080 6206291818311
59180 6216228439200
59280 6227216686061
59381 6238354429126
59481 6248669674001
59581 6258846735455
59681 6269690233780
59781 6279963399273
59881 6289766303582
59981 6300605432682
60082 6311421421410
60182 6321406333134
60282 6331528305347
60382 6342824813512
60482 6354120594771
60582 6365052299671
60683 6375402310601
60783 6385026548916
60883 6396062644503
60983 6406456621560
61083 6416718070069
61183 6426866872535
61283 6437175945691
61383 6447888331965
61484 6457354449743
61584 6467295340530
61684 6478819348151
61784 6488881920577
61884 6500658625314
61984 6511802294477
62085 6522332089609
62185 6532649231329
62285 6543778774136
62385 6553737550999
62485 6565444443118
62585 6575230001548
62685 6586502408841
62785 6596075683631
62886 6606205900730
62986 6617148462659
63086 6627708773671
63186 6638662780147
63286 6649804651860
63386 6659212764577
63486 6670541342332
63586 6680051873040
63687 6689678196655
63787 6701177856109
63887 6711679429958
63987 6722644645172
64087 6733936211512
64187 6744013460797
64288 6755071873886
64388 6764283588625
64488 6774012123854
64588 6785430509178
64668 6793624369646
64768 6804223697110
64869 6815322766715
64969 6825008090980
65069 6835642736075
65169 6845275483892
65269 6855017862455
65369 6865132275757
65469 6874942284717
65570 6885608464760
65670 6895960746650
65770 6905907531615
65870 6915667781950
65970 6926982968520
66070 6938209349380
66170 6949723870414
66271 6959959896099
66371 6971119765773
66471 6981806788215
66571 6992750342532
66671 7003502860957
66771 7013917039758
66872 7023895202568
66972 7034411552833
67072 7044769939057
67172 7054945471013
67272 7065510319930
67372 7075716037943
67472 7086358824194
67573 7096533162374
67673 7107039646774
67773 7116639488849
67873 7126957335332
67973 7138048675519
68073 7148666580274
68173 7159226796708
68274 7170468724198
68354 7179390789785
68454 7189835446759
68554 7200367939605
68654 7210018233972
68754 7220297767217
68854 7231337047518
68955 7241901235364
69055 7251853663467
69155 7262912619646
69255 7274357849545
69355 7284612516862
69455 7295678142145
69556 7305779076065
69656 7315634534229
69756 7325426667821
69856 7335468579140
69956 7345284559122
70055 7356193800757
70155 7366575208894
70256 7376934020609
70356 7387230308420
70455 7397028623874
70555 7407903187755
70655 7417775521190
70755 7428101090868
70855 7438042229099
70956 7448585047017
71056 7459319845783
71156 7469774826936
71236 7478391604371
71336 7489287654321
71436 7501018411207
71537 7511661452704
71637 7523023614751
71737 7533256878008
71837 7542417687408
71937 7553229195084
72037 7563777024846
72137 7573970417246
72238 7583738153480
72338 7594249812820
72438 7605549360912
72538 7616361128700
72638 7626577027175
72738 7636791052643
72839 7647451642928
72939 7658866491492
73039 7668844654674
73139 7680534842246
73239 7691213235923
73339 7702132887796
73440 7713250726368
73540 7723452555746
73640 7733312129534
73740 7743927325766
73840 7754112584564
73940 7764926987420
74040 7775083314503
74140 7785640508189
74241 7797103962621
74341 7807007916794
74441 7817986742296
74541 7827916770424
74641 7837488311371
74741 7847501776701
74842 7858030788535
74942 7867721779677
75042 7877376162585
75142 7888049876792
75242 7898462942542
75343 7910097270220
75443 7920830819590
75543 7931163567470
75643 7941375047903
75743 7951720514506
75843 7962111761726
75944 7973032103103
76043 7982659859773
76144 7993011302490
76244 8003891002445
76344 8014269297150
76444 8024951332487
76544 8036375756853
76644 8047065828171
76745 8057900200186
76845 8067857369969
76945 8078158244613
77045 8089373370669
77145 8100279155474
77245 8110093690305
77345 8120970665563
77446 8131479412312
77546 8141633006650
77646 8152627064331
77746 8163417918764
77846 8174050251639
77947 8184725937187
78047 8194424655236
78147 8206045393222
78247 8216884679670
78347 8227199257302
78447 8237320824362
78547 8247763655445
78648 8258763124892
