9 509811636
109 5968480343
205 11668615567
304 19323052819
401 25103492874
494 30776911851
592 37770146755
692 44115146535
772 48707579163
869 55752069918
969 62246503442
1060 66769324283
1160 73413236373
1259 79731747699
1354 85440303188
1453 92025892903
1553 97853290015
1646 103006138851
1744 109271358075
1843 115416829433
1941 121536084975
2037 126794101607
2137 132439516697
2236 139564534851
2332 144928535189
2432 151578419413
2531 158453266975
2623 164006723286
2723 169938970091
2823 176812473212
2916 182286590212
3016 188219177749
3115 194874597520
3211 201224253947
3309 207863741907
3410 214465947103
3508 220627213088
3602 226432508131
3700 234269084764
3800 241419590044
3893 246867682084
3993 254330164918
4091 260709703733
4185 265452755527
4267 271336047706
4366 277331722277
4460 282534485518
4559 288315829156
4658 294432610363
4755 299946165386
4854 306184237832
4954 313198380078
5052 319141320768
5147 325277899093
5247 331861518462
5347 337883971638
5441 343101579857
5539 349956935020
5638 357124305193
5735 362522029026
5833 369105883426
5929 375340269443
6025 381435925009
6125 389326451547
6225 395387928237
6316 400506231818
6415 407890231764
6513 413962947895
6607 419443782447
6703 425406714277
6802 432540523927
6901 438451636415
6998 444099462152
7098 450416785549
7197 457219277552
7290 462983733514
7389 468918254619
7489 475037438347
7580 480781839029
7678 486921286711
7778 493662517441
7878 500057129798
7978 506613977801
8077 512375256696
8172 519079888967
8267 524903349648
8364 530694264962
8461 536586636670
8548 541265178533
8635 547064652905
8733 553675894370
8830 559751667542
8930 566321758999
9029 572935632937
9126 579033959519
9225 586306629845
9324 593540766101
9394 597463568987
9492 604326898994
9590 610385736378
9685 615964921925
9782 621912070802
9882 628070689821
9978 634363234005
10071 639342804043
10170 646210679230
10269 653377996291
10367 659113698658
10463 664532357782
10562 670908879735
10661 676657153369
10758 683378109503
10857 690372257026
10952 695455145299
11050 702608201585
11150 709232801592
11248 714734185078
11348 720780004680
11448 727400214794
11542 733900242308
11635 740186266999
11732 746648310606
11832 753772963024
11929 759562416300
12029 767265994207
12128 773253696632
12222 779508892776
12322 786045970893
12422 792313337276
12518 798564263821
12613 804570297138
12714 811073520806
12811 817064606546
12890 821798581334
12989 827132323064
13085 833275828715
13183 839905200302
13283 846602130896
13383 852455958131
13476 857605867712
13574 863932185485
13671 871124225325
13766 876200242826
13866 881904835343
13967 888622275145
14059 893036016233
14159 899293514404
14257 905825938001
14353 911390847099
14451 917299951691
14549 923175042004
14648 930198592387
14739 935029260055
14837 942093239218
14935 948451558469
15026 953289100769
15125 959960613256
15225 966155200450
15321 971450649413
15419 977404761759
15518 983538945225
15617 989350914907
15714 995970215352
15814 1002360557344
15909 1008279945940
16008 1015158583292
16109 1021351668576
16206 1027504981057
16307 1033275368416
16404 1039363656112
16503 1045449554579
16600 1051283708420
16691 1055655515253
16789 1061513777632
16886 1067704490875
16985 1074364431432
17083 1080745543213
17155 1084326685780
17253 1090572146396
17353 1096956740753
17447 1102250963395
17546 1107888630422
17645 1114442920560
17742 1120467429062
17839 1127638526656
17939 1134239372970
18035 1141137888032
18126 1146295239869
18227 1152950271922
18327 1159743179445
18420 1164847605611
18519 1170781648085
18619 1177384229471
18712 1182621374928
18809 1188519043849
18909 1194910808837
19009 1201161268710
19109 1208335332944
19203 1214087716092
19303 1220765212407
19397 1226555511774
19497 1232645803792
19596 1239388544938
19694 1244583788283
19792 1250876375113
19889 1256877540110
19986 1262791488046
20083 1269319328300
20181 1275680326484
20271 1280344532369
20371 1287705384700
20442 1292545881389
20542 1297584551746
20642 1304822185997
20742 1312140302168
20841 1317949364956
20939 1323899814053
21038 1331233473899
21136 1337666314279
21233 1344228140599
21333 1350232843326
21413 1355418915534
21507 1360933325388
21607 1367342473148
21705 1373666757931
21799 1379578564449
21898 1386154057185
21995 1392108429116
22094 1398777939990
22192 1405565553795
22293 1411346516012
22388 1417478712653
22486 1424534800914
22586 1431067572149
22686 1437909106672
22780 1443710375172
22879 1450569225575
22979 1457427636818
23077 1462394919514
23177 1468089226952
23277 1475186371125
23367 1479793677953
23466 1486570130433
23566 1493391584658
23665 1499389032419
23764 1505139249482
23863 1511743427375
23958 1516851202503
24057 1523654224493
24156 1530371673539
24254 1537301423596
24349 1542993480229
24450 1549790417488
24545 1556566696995
24640 1561530192284
24738 1568401253438
24837 1576069409972
24929 1581275835736
25029 1588046700502
25128 1594614058441
25220 1600723700501
25319 1607257107010
25418 1614589442408
25516 1620701958217
25615 1626191426408
25714 1632657048071
25793 1637512257937
25888 1643403697854
25988 1649447892962
26087 1655732544358
26176 1660737733119
26276 1666969623380
26374 1673195748935
26472 1678525558698
26570 1684986716671
26669 1690790093182
26766 1695704593590
26863 1702518973731
26960 1708346862967
27050 1714101738277
27147 1720281659458
27247 1726675265238
27346 1732901055112
27442 1738419404347
27542 1744821539967
27642 1751007394983
27731 1756232521367
27831 1762613719608
27930 1768831230637
28022 1774576161435
28121 1781916004120
28222 1789494095722
28315 1795765086740
28414 1802615777731
28513 1809035706386
28603 1814183375865
28701 1819616276508
28801 1826095576544
28899 1832271674778
28994 1837898581538
29093 1845241200674
29192 1851947912854
29288 1857645610208
29388 1864790289013
29487 1871321011023
29582 1877161881870
29681 1883315376213
29779 1890671270680
29878 1895655025012
29976 1902274206184
30062 1907431537847
30148 1911784292982
30249 1918175958620
30349 1924824757373
30448 1930015078776
30546 1936549475485
30646 1943037006614
30745 1949417579244
30844 1955582354393
30942 1962251170604
31041 1967973918363
31136 1972833443883
31232 1979538153818
31332 1986127361586
31428 1991289862865
31527 1998151867974
31628 2004902224040
31718 2009705777921
31814 2015903957090
31914 2022931970367
32008 2028567443859
32100 2034583990484
32195 2040814092549
32296 2048145490764
32390 2053822209787
32487 2059790250321
32584 2065672368390
32680 2072175753115
32779 2078752557142
32876 2084565718740
32972 2089741896542
33071 2097125819936
33169 2103452848644
33264 2109414626078
33361 2116164917011
33460 2122577039772
33561 2127801436076
33657 2133473618278
33754 2139820596495
33853 2146040375859
33947 2151712152169
34046 2158230755714
34139 2163628818138
34227 2167784079049
34323 2174068112048
34404 2178813016953
34498 2184405272088
34597 2191225787237
34696 2197556297226
34794 2202874167200
34893 2210075036042
34992 2217051568315
35086 2222423194576
35183 2228703796528
35281 2235159740074
35379 2241119375722
35473 2246233933657
35564 2251202454056
35663 2256984991095
35757 2262702526882
35856 2268825477665
35955 2275094627094
36049 2280759464591
36146 2286702094209
36246 2293568649012
36343 2299462812468
36443 2305905067536
36541 2311950994461
36620 2314975643484
36719 2321285349656
36820 2328348003167
36917 2335373532122
37015 2341002998357
37114 2347452468454
37212 2353782725918
37304 2358442752792
37402 2365149736117
37502 2371900200692
37598 2376781392094
37698 2383097839173
37797 2389459964799
37890 2394680347363
37990 2401795995902
38091 2409056402773
38187 2414344924698
38287 2421109680896
38385 2427432356478
38484 2434158645269
38561 2438352218679
38659 2444860572306
38758 2451486581998
38858 2457533052791
38956 2464599812168
39054 2471128671046
39148 2476879575461
39246 2483827163371
39346 2490599151408
39435 2495441917645
39534 2502388455048
39608 2506998374211
39705 2513618299202
39805 2520046975553
39904 2526673898358
40002 2533214676157
40102 2540029504084
40203 2546318220491
40302 2553012203528
40396 2558409624633
40495 2565023789255
40592 2572097292583
40685 2577290983023
40785 2583959793135
40882 2589699725021
40978 2594653802937
41077 2600806821018
41175 2607270776600
41273 2613431667365
41372 2620104673790
41472 2626582903345
41548 2630961650167
41645 2636386332027
41745 2642672746815
41844 2648944997560
41935 2654019210187
42034 2660494127432
42134 2666741944599
42228 2671762882533
42328 2678547157204
42427 2685709618251
42523 2691409877694
42621 2697617194692
42721 2704221187282
42814 2709962487579
42914 2716071791786
43013 2723571308845
43109 2729157723561
43202 2734700108561
43301 2741395347599
43401 2748313236860
43494 2753778261274
43591 2759795250299
43691 2766287272890
43786 2771146284856
43887 2778112733947
43987 2784398172219
44083 2789844414514
44181 2796238711179
44280 2803095791375
44376 2808560516635
44474 2815387920036
44572 2822622273664
44670 2828910579884
44768 2834328384130
44867 2841913123126
44967 2849483463781
45065 2855216708388
45166 2861344900773
45262 2868386277904
45358 2873672152289
45458 2879688912773
45558 2886808107727
45650 2891814917719
45749 2898270689506
45849 2904842136859
45926 2908504546095
46023 2915175831974
46122 2921501932197
46221 2927110902580
46319 2932532204289
46419 2939459656317
46517 2945687702535
46611 2951488410984
46706 2957014037700
46804 2964297038682
46898 2969668429837
46997 2977355290830
47097 2984260980149
47187 2988982645409
47286 2995785418209
47384 3002585531442
47482 3008629534362
47582 3015545794046
47683 3022381612877
47775 3027234508105
47874 3033784225195
47970 3040117833284
48070 3046361123041
48165 3052242876433
48266 3059533143931
48366 3065251181485
48460 3070360893427
48559 3077518239295
48657 3083112883355
48749 3087968746979
48849 3094200105638
48949 3100617921678
49042 3106185153326
49140 3112335919883
49239 3119292129512
49332 3124837755802
49428 3131443093818
49527 3137847085801
49623 3145107546437
49722 3150808791075
49822 3157554101847
49921 3163935533500
50020 3169172158966
50118 3176272117621
50203 3181754473746
50293 3186924508607
50394 3193631904837
50491 3200343291870
50584 3205821354489
50682 3211500238684
50781 3217613597474
50875 3223133992776
50973 3229203850742
51072 3235885032539
51167 3242262656232
51258 3247334297633
51358 3253880068891
51457 3259318198318
51551 3264383010531
51649 3272145481994
51747 3278727526452
51840 3284651697952
51937 3291168313192
52037 3297431285903
52134 3303232777921
52235 3309645949749
52332 3315799037987
52426 3321514500535
52522 3327612455800
52621 3334060039410
52720 3340335079411
52815 3346533520986
52915 3352833698333
53013 3359337534805
53104 3364605853987
53203 3371041171764
53301 3377521732322
53395 3383016307353
53494 3389897772559
53595 3396201319073
53689 3402031773841
53790 3409169765096
53889 3415029580829
53988 3421334748709
54086 3427476720112
54186 3433966992921
54282 3441080445182
54383 3447263979053
54482 3452903009003
54562 3458212602975
54655 3463629922205
54755 3470038612069
54854 3476228960826
54945 3481744469986
55045 3488140025283
55143 3493800208489
55235 3498244430534
55310 3502714620315
55409 3509130341978
55499 3514825467074
55598 3521114198285
55698 3528587439876
55797 3534094459813
55894 3539849951751
55991 3546007213737
56089 3552801000202
56183 3558200013548
56283 3564314514463
56381 3570338140127
56474 3575089348525
56558 3579111706067
56656 3586122847837
56751 3591702764927
56851 3597800942284
56947 3604031214141
57042 3609343710153
57139 3615905222336
57239 3623061080211
57334 3629053275999
57431 3634823619666
57529 3641131563718
57629 3647285384136
57720 3652805104891
57818 3660010971116
57917 3667111501447
58016 3672918545200
58116 3679757350481
58215 3686843304953
58304 3691058400137
58403 3698079770145
58500 3704647180159
58598 3710647270804
58676 3715565925574
58776 3722703869966
58875 3728919097062
58972 3734876155762
59070 3742043113243
59171 3748781254223
59270 3754752584921
59369 3761210918415
59469 3766793527747
59563 3772350823518
59663 3779403548154
59763 3785505974030
59856 3791515171102
59955 3797764342456
60055 3805023072374
60153 3810799250810
60252 3817557272210
60352 3823707337232
60449 3829444781750
60546 3836472775042
60646 3842701009052
60745 3849226297898
60838 3855597348120
60939 3862009406414
61038 3867848855445
61133 3872914657069
61232 3878634569527
61332 3886249938406
61427 3892268636513
61527 3898320793762
61627 3904787689481
61722 3910763091343
61820 3916553416308
61919 3923328453873
62015 3929477575496
62112 3935620419305
62211 3941805302624
62309 3947974390683
62407 3954421721255
62506 3961205185043
62606 3967826905642
62697 3973361522197
62796 3979587113476
62893 3985807070737
62992 3991366510331
63087 3997841650130
