9 788254634
113 11808479541
214 21328319458
313 32157578344
413 42697721172
513 53912931226
613 63967132141
713 75027641246
813 84951293931
914 95047016473
1014 106852741972
1114 116499971545
1214 126518628346
1314 136360863992
1414 145999300294
1515 157300383548
1615 167668059322
1694 175342374666
1794 185590358433
1894 196509569460
1994 206552907223
2095 217505775395
2195 227346893256
2295 238140997658
2395 248510599015
2495 258598157436
2596 268587558755
2695 279792930561
2796 291479878182
2896 303560316961
2996 313550274054
3096 323864755541
3196 333958334376
3296 344580889866
3397 354649873045
3497 365284059093
3577 373391584590
3677 383755912008
3777 394475990267
3877 404835440437
3977 415987619874
4078 427000424664
4178 437215366860
4278 447993399443
4378 458128665362
4478 468904593585
4578 480203978817
4678 490867082289
4779 502888350828
4879 514521460386
4979 525292103053
5079 535538418763
5179 546604080422
5279 556779044336
5380 567111809178
5480 579105009726
5580 589795644860
5680 600476274043
5780 611878886435
5880 621427378957
5980 631911153353
6081 642985181006
6181 653196526680
6281 663811828735
6381 673889232609
6481 683322928252
6581 695334295024
6681 705022477289
6782 715541135187
6882 726996247030
6982 736088328979
7082 746198724057
7182 756374180464
7283 766355270792
7383 777970013384
7483 788466310929
7583 798602254648
7683 808365264925
7783 818320000538
7884 828191371251
7964 836851565364
8064 846830417322
8164 855631216038
8264 865447418443
8364 875478540466
8464 885955037035
8564 896027677958
8665 906867687099
8765 917645992560
8865 928294820063
8965 939142328595
9065 949828986183
9165 960501963375
9266 971217867653
9366 980917090082
9466 991676991932
9566 1001541202165
9666 1012127638893
9766 1023426566291
9866 1033573674817
9967 1043682216318
10067 1053565083269
10167 1064664222478
10267 1075730706199
10367 1086030563487
10467 1096570613274
10568 1107267210268
10668 1116643431034
10768 1127555947154
10868 1138516147780
10968 1149379510492
11068 1160028825681
11168 1170455088304
11269 1180127174404
11369 1191977515309
11469 1202721133692
11569 1213167647472
11669 1223010544671
11769 1233166251651
11870 1244261112313
11970 1254172595049
12070 1264650484165
12170 1274872127373
12270 1284957352809
12370 1295484066500
12471 1306168774816
12571 1316419524636
12671 1327125453100
12771 1337944967156
12871 1348115859811
12951 1357674859792
13051 1367404192147
13151 1378148996566
13252 1389007693247
13352 1399352201906
13452 1409454599925
13552 1419542537222
13652 1430421801648
13752 1440564351267
13853 1451620933175
13953 1462621730474
14053 1473797710656
14153 1484224638425
14253 1494612234254
14353 1504805999315
14454 1514330164648
14554 1524326424922
14654 1536300621421
14754 1546644745590
14854 1557703748721
14954 1568055867463
15055 1578821954532
15155 1589389511436
15255 1600741040567
15355 1611862906360
15455 1622764964977
15555 1634446150808
15655 1645330849348
15755 1655083174989
15856 1665488541374
15956 1676635403825
16056 1687291815310
16156 1698460666193
16256 1707934152247
16356 1718371751285
16457 1729134821535
16557 1740738706792
16657 1751797325430
16757 1760938791606
16857 1771254194517
16957 1781998139317
17057 1792083226216
17158 1802274348326
17258 1814163015933
17358 1824805425627
17457 1835679500401
17557 1846287146736
17657 1856129093817
17757 1867494553491
17858 1877172305083
17958 1887920851354
18058 1899479235851
18158 1909714998389
18258 1919138882824
18359 1930173131493
18459 1940391169895
18559 1951728222493
18659 1963526766132
18759 1974214008258
18859 1985882129682
18959 1996487508027
19059 2006886332420
19160 2017836181930
19260 2027646070118
19360 2038843967703
19460 2050643860614
19561 2061415858735
19661 2072196706329
19761 2082036149108
19861 2093455121680
19961 2104072199418
20061 2113914746344
20161 2124356800048
20261 2135295446915
20362 2145594818297
20462 2155734489543
20562 2166148468911
20662 2176525915749
20762 2186759515051
20862 2198075974397
20962 2209658178224
21063 2220688589643
21163 2231238583594
21263 2242428351713
21363 2252535793477
21463 2263542988673
21563 2274046258424
21663 2284987983400
21743 2293157475426
21843 2303689748646
21943 2313497924438
22043 2323566993745
22143 2333890134631
22244 2344796698845
22344 2355038926205
22444 2364731081250
22544 2374398406099
22644 2384991168670
22744 2396523629012
22845 2406244682195
22945 2416880602268
23045 2428065775852
23145 2438736677792
23245 2448152432179
23345 2457388950622
23446 2466396219466
23546 2476188684159
23646 2485811537269
23746 2496318346187
23846 2507077745174
23946 2517493652169
24047 2527640870850
24147 2538074512158
24247 2549718795620
24347 2561054094709
24447 2570840120149
24547 2581632210619
24648 2591327182685
24748 2601274505208
24848 2611247157856
24948 2622922531225
25048 2634203902937
25148 2644650929570
25249 2655500663933
25348 2665159761931
25449 2676267349837
25549 2686797847972
25649 2697949584242
25749 2707841631727
25849 2717290996996
25949 2727592778398
26050 2738601211591
26150 2748752265503
26250 2759445241795
26350 2769967490737
26450 2779990794107
26550 2790640419967
26650 2800914198639
26751 2812293895116
26851 2822994783199
26951 2834131873090
27051 2844029475968
27151 2856117449927
27251 2868162172788
27351 2878227724045
27452 2888713308161
27552 2899777543931
27652 2910969688370
27752 2920876127518
27852 2931282796529
27952 2940734003603
28053 2951213259467
28153 2962461998668
28253 2973701783541
28353 2984163723140
28453 2994978090975
28553 3005979374737
28653 3015468295155
28753 3024895154865
28854 3035498016630
28954 3046133521148
29054 3056104089132
29154 3066774937617
29254 3077382197071
29355 3088624588521
29455 3098978792102
29555 3110158609037
29655 3120842856174
29755 3131425633947
29855 3141433838428
29955 3153136321922
30056 3164531478129
30156 3175569992705
30256 3185962419627
30356 3196736537780
30456 3208634906002
30556 3219041305526
30657 3230901369378
30737 3239575045620
30837 3249758559625
30937 3259706604366
31037 3271092068175
31137 3281034467783
31237 3292701840105
31338 3303460889949
31438 3313809069493
31538 3324529296419
31638 3334777239374
31738 3344948919663
31838 3354474024499
31938 3365942734429
32039 3376842689305
32139 3387607773634
32239 3397626860047
32339 3408340828651
32439 3417650662416
32539 3427784947492
32639 3438906114153
32740 3450623710038
32840 3460976363816
32940 3471453610776
33040 3482250967425
33140 3492461125385
33240 3502594806337
33340 3513231303015
33441 3523546731587
33541 3533275678829
33641 3543251954260
33741 3553129351672
33841 3562340903089
33941 3572996512505
34041 3582745854032
34141 3593917597985
34242 3604967413912
34342 3616182414040
34442 3626686271702
34542 3637730986632
34642 3648398430141
34742 3658719797858
34842 3668662462958
34942 3679740555117
35043 3690071180912
35143 3701102212089
35243 3711428578038
35343 3722332812591
35443 3732915478180
35544 3743141014472
35644 3753705197767
35744 3763502863900
35844 3774831968402
35944 3785544291978
36044 3796404392835
36144 3807686722703
36245 3817861871728
36345 3827669975335
36445 3838423974071
36545 3848593999793
36645 3858531467314
36745 3868620533022
36845 3878974908712
36946 3889349653651
37046 3899713107809
37146 3910294300139
37246 3920570310474
37346 3931199766395
37446 3941411187809
37547 3953182186821
37647 3964014105584
37747 3974237680400
37847 3984382158985
37947 3994129461721
38046 4003901923177
38146 4014255315311
38247 4024166540695
38347 4034576662419
38447 4044050393198
38547 4054348769348
38647 4064565347616
38747 4075843566671
38848 4087549659620
38948 4098760941817
39048 4109595694680
39148 4120728792097
39228 4129000663498
39328 4139040416635
39429 4150671309575
39529 4162731486194
39629 4173273875466
39729 4183657410534
39829 4195156210814
39929 4205280543389
40030 4216386157961
40130 4226276728128
40230 4237475507774
40330 4247843589603
40430 4258126485269
40530 4268377508573
40631 4278151270175
40731 4288416561193
40831 4299702172283
40931 4310615308626
41031 4320978980206
41131 4330797914727
41231 4341175278026
41332 4351079250763
41432 4361608111878
41532 4371566064618
41632 4381694184975
41732 4391672665963
41832 4402330093002
41932 4413035737665
42033 4424232461550
42133 4435744253548
42233 4446201941081
42333 4456391505026
42433 4467458803915
42533 4478470359805
42634 4490031361903
42734 4501286391674
42834 4511354082776
42934 4521714792165
43034 4533333096461
43134 4543081810300
43234 4553479600678
43335 4563685240276
43435 4574300992771
43535 4584739906517
43635 4595800799913
43735 4606509731352
43835 4617480606092
43936 4627727620282
44036 4638141367595
44136 4648245220161
44236 4660407676546
44336 4670479654363
44436 4680979918909
44537 4691519475212
44637 4702964320713
44737 4713382522454
44837 4724427464970
44937 4734011663362
45037 4744743378067
45137 4754315199490
45238 4764085365063
45338 4774055245355
45438 4784104726567
45538 4794574723704
45638 4805077351934
45738 4816389583144
45839 4826480287394
45939 4836014401183
46039 4846755353193
46139 4857027509222
46239 4868554778956
46339 4879414304776
46439 4889758727135
46540 4901376072761
46640 4912554008050
46740 4922471735612
46840 4933928222167
46940 4943677754296
47041 4953628503006
47141 4964724575999
47241 4975509787634
47341 4986118603467
47441 4997149643083
47541 5007686355533
47642 5017983229535
47742 5028946095219
47842 5041009583571
47942 5051382332579
48042 5063258264004
48142 5074198915487
48242 5084947410713
48343 5095324470931
48443 5105807865812
48524 5113015964728
48624 5123233994889
48724 5133169862010
48824 5145184133825
48925 5155362362081
49025 5167000707248
49125 5177597131883
49225 5188390581056
49325 5197703423620
49425 5209672798150
49525 5220355545354
49625 5229464992240
49726 5240270758704
49826 5250785824422
49926 5261328305968
50026 5272077202159
50126 5282052147650
50206 5291311670855
50307 5302089140156
50407 5313715113041
50507 5324444293638
50607 5336151771285
50707 5345982444564
50807 5356534317940
50908 5366485137884
51008 5376645359577
51108 5386854773057
51208 5396931416265
51308 5407014609552
51408 5418762232795
51509 5429026565254
51609 5439672765275
51709 5449802945837
51809 5460192494177
51909 5471937202998
52009 5481341317761
52109 5491457587141
52210 5501893719679
52310 5513055090401
52410 5524063726421
52510 5533892206515
52610 5544851540099
52711 5555001450136
52811 5565518432493
52911 5576606086313
53011 5586238565543
53111 5596615586189
53211 5606782506661
53311 5616581388602
53412 5627283481877
53512 5637857666597
53612 5649206990496
53712 5660478099754
53812 5671476088985
53912 5681525755484
54013 5692107191303
54113 5702869194706
54213 5713196509046
54313 5723375617909
54413 5734409592031
54513 5745168456620
54614 5754735644739
54714 5764863444406
54814 5775617846778
54914 5785740444699
55014 5796670079086
55114 5807234826459
55214 5817794933535
55315 5828012038840
55415 5839200243465
55515 5849273355481
55615 5859748947835
55715 5871036515103
55816 5882319875674
55916 5893306635817
56016 5905349744578
56116 5916046969060
56216 5926119869503
56316 5936524458531
56416 5948249713113
56516 5958957498176
56617 5969206326464
56717 5979467892949
56817 5990202548360
56917 6000958693056
57018 6011270668042
57118 6021001229961
57218 6030771723541
57307 6040650689628
57398 6049234449173
57498 6058918932163
57599 6069179715771
57699 6080242744719
57799 6090108783385
57899 6100626389570
57999 6110751339486
58099 6120903706258
58200 6132340819637
58300 6142721219654
58400 6154123364482
58500 6163710377472
58600 6176066508921
58700 6186485418009
58800 6198368593148
58901 6209593461514
59001 6219454239828
59101 6229806827453
59201 6241299911319
59301 6251200757791
59401 6262652421041
59502 6273292369460
59602 6283845023156
59702 6293925801071
59802 6304849345050
59902 6315010656783
60002 6326018734738
60102 6335638275034
60203 6346556787301
60303 6356975958832
60403 6367548780706
60503 6378595261023
60603 6389532865022
60703 6400506674171
60803 6412155507494
60904 6422906148062
61004 6434120868487
61104 6444538450287
61204 6455759695770
61304 6466073488447
61405 6476664771882
61505 6486766761041
61605 6497271638356
61705 6506776680093
61805 6517656803020
61905 6529071180245
62005 6540447108397
62106 6551173474592
62206 6560704704164
62306 6571805269889
62406 6582677242020
62506 6594268768043
62606 6604714424238
62707 6615831742118
62807 6626634910727
62907 6636211167625
63007 6646925635035
63107 6657576014537
63207 6668337623484
63308 6678822897019
63408 6689388398025
63508 6699450754185
63608 6709433400035
63708 6719254488461
63809 6729650490708
63908 6739473027352
64009 6748885941577
64109 6758800945011
64209 6770584864531
64309 6781242269961
64409 6791396472732
64509 6801778132647
64610 6813733568786
64710 6823779716907
64810 6834907857618
64910 6844768712406
65010 6855275806875
65110 6864809236749
65211 6875058621444
65311 6884665202934
65411 6895370461526
65511 6905906996023
65611 6916191276503
65711 6927649822713
65812 6938559077816
65912 6948822579515
66012 6957829363333
66112 6967039258305
66212 6977005607630
66312 6986871099859
66413 6997890933244
66513 7008094478946
66593 7016282299435
66693 7026878567917
66793 7037432560209
66893 7047079412789
66994 7058146512691
67094 7067241439174
67194 7077344427329
67294 7088580487064
67394 7099009013802
67494 7110707355250
67595 7121464789277
67695 7131760516633
67795 7141766860116
67895 7152218854573
67995 7162740946630
68095 7174224015248
68196 7184955892152
68296 7195744089393
68375 7204415625715
68475 7215680969933
68575 7225485665106
68675 7237494623159
68776 7248472890302
68876 7259387331161
68976 7270887275530
69076 7279878928269
69176 7291022185911
69276 7300721662010
69376 7310499688680
69476 7320505172773
69577 7331864734310
69677 7344206073864
69777 7355553643743
69877 7364864466467
69977 7375841516459
70077 7385732371902
70178 7397039769399
70278 7407629820125
70378 7417850016734
70478 7428882086606
70578 7440050165979
70678 7450900149294
70779 7462441787253
70879 7473000877963
70979 7484280069525
71079 7495189341047
71179 7505717488814
71279 7516962168376
71380 7527480397409
71480 7537375452309
71580 7548628086506
71680 7560225748845
71780 7570843585717
71880 7581429413179
71980 7590821620680
72081 7601808958903
72181 7612009024486
72281 7623796380281
72381 7634160678035
72481 7643179726227
72581 7651174257482
72681 7660501759471
72782 7671052303974
72882 7681103697806
72982 7691921331930
73082 7702117817983
73182 7711908316621
73282 7721667395054
73382 7731829297698
73482 7742805599361
73583 7753817102229
73683 7764806303708
73783 7774186104194
73883 7784587114342
73983 7795262180332
74083 7805319978943
74184 7815589694593
74284 7827004104217
74384 7837722706789
74484 7848142466094
74584 7859464148419
74684 7869323256143
74784 7880171557569
74885 7891001575126
74985 7901535903336
75065 7909028591687
75165 7919869260121
75265 7929655668590
75365 7940315068137
75466 7950809525470
75566 7961729872868
75666 7971707374212
75766 7982115213715
75866 7992799355868
75966 8004679893848
76066 8013932726185
76167 8025135767564
76267 8034323619928
76367 8045649755065
76467 8055860540200
76567 8065958157185
76667 8076410603645
76768 8086825900265
76868 8098069096071
76968 8108822883857
77068 8118171952852
77168 8128717548220
77268 8140380911970
77369 8151029742523
77469 8161248466230
77569 8172581876189
77669 8181962665663
77769 8192646051265
77869 8202419705011
77969 8212440390984
78070 8223673953957
78170 8235196325411
78270 8245737721844
78370 8258045111733
78470 8268555933249
78570 8279265415937
78671 8289311816202
78771 8299930330724
78871 8309543964836
78971 8319815190375
79071 8330507624001
79171 8341794745623
79271 8352030251517
79372 8361822161550
79472 8372521602366
79572 8382783765161
79672 8393378716459
79772 8404919786050
79872 8414570300946
79973 8424289362556
80072 8435057645490
80173 8445317714729
80273 8455697902164
80373 8466136313518
80473 8475629467805
80573 8485646948399
80673 8496107669679
80774 8508353210831
80874 8519120454605
80974 8528883827061
81074 8538732486232
81174 8549608579174
81274 8559904824021
81375 8570009372159
81475 8579071821080
81575 8589268754305
81675 8599732604380
81775 8610800743438
81875 8621302268723
81975 8632034920426
82075 8643601935227
82176 8655180341647
82276 8666312479472
82376 8677411636738
82476 8687660202034
82576 8697828572674
82676 8707799549646
82776 8717804718328
82876 8727699017106
82977 8738514843122
83077 8747669383939
83177 8757578184479
83277 8768262893141
83377 8779793026434
83477 8789178310440
83578 8799330985463
83678 8809846517325
83778 8820277998346
83878 8830054197240
83978 8840896188022
84058 8848971127911
84159 8859258252084
84259 8869112721332
84359 8879024004246
84459 8889458221258
84559 8900857130819
84659 8911532966185
84759 8922259755126
84859 8933036372854
84960 8944244267956
85060 8954389529590
85160 8965920148537
85260 8975423811045
85360 8985581677707
85460 8995507710491
85561 9006533867880
85661 9016104538879
85761 9025853914213
85861 9036088042962
85961 9046025664129
86061 9055900213102
86161 9066301304081
86261 9077322293597
86362 9088125247280
86462 9097600467393
86562 9108148792064
86662 9118195087260
86762 9129422457496
86862 9140575505349
86963 9150957161884
87063 9161495331677
87163 9171824924595
87263 9182091206388
87363 9192612234232
87463 9202654410719
87563 9212053438071
87664 9222963967250
87764 9233485153894
87864 9243879840785
87964 9254244784967
88064 9265296676631
88164 9274965211138
88264 9284999156512
88365 9295454466304
88465 9306074371217
88565 9316835427008
88664 9327450475270
88764 9338533912428
88864 9347573692105
88964 9357886359095
89065 9367808777361
89165 9378712082148
89265 9389857470472
89365 9399941313822
89465 9410653121786
89565 9422570733047
89666 9432510650947
89766 9443677242016
89866 9453712311312
89965 9464246790845
90065 9474210531206
90165 9484458159863
90265 9495443242884
90366 9505899611607
90466 9515268421174
90566 9525982349765
90666 9535722605353
90766 9545429760210
90866 9556162616105
90966 9566165273064
91067 9577767572483
91167 9587782284832
91267 9597331418814
91367 9608003618038
91467 9618417044252
91567 9629489326337
91668 9639798907504
91768 9651286802580
91868 9661839883400
91968 9672267763381
92068 9683042048989
92168 9694686589694
