0 0
0 0
0 0
0 0
0 0
0 0
1 2554291
1 2554291
1 2554291
1 2554291
1 2554291
1 2554291
1 2554291
1 2554291
1 2554291
1 2554291
1 2554291
2 18974419
2 18974419
2 18974419
2 18974419
2 18974419
2 18974419
2 18974419
2 18974419
2 18974419
2 18974419
2 18974419
2 18974419
2 18974419
2 18974419
2 18974419
2 18974419
2 18974419
2 18974419
3 28023074
3 28023074
3 28023074
3 28023074
3 28023074
3 28023074
3 28023074
3 28023074
3 28023074
3 28023074
3 28023074
3 28023074
3 28023074
3 28023074
3 28023074
3 28023074
3 28023074
3 28023074
3 28023074
3 28023074
3 28023074
3 28023074
3 28023074
3 28023074
3 28023074
3 28023074
3 28023074
3 28023074
3 28023074
3 28023074
3 28023074
3 28023074
4 35563429
4 35563429
4 35563429
4 35563429
4 35563429
4 35563429
4 35563429
4 35563429
4 35563429
4 35563429
4 35563429
4 35563429
4 35563429
4 35563429
4 35563429
4 35563429
4 35563429
4 35563429
4 35563429
4 35563429
4 35563429
4 35563429
4 35563429
4 35563429
4 35563429
4 35563429
4 35563429
4 35563429
4 35563429
4 35563429
4 35563429
4 35563429
4 35563429
4 35563429
4 35563429
4 35563429
4 35563429
5 52230512
5 52230512
5 52230512
5 52230512
5 52230512
5 52230512
5 52230512
5 52230512
6 63813588
6 63813588
6 63813588
6 63813588
7 81818939
7 81818939
7 81818939
7 81818939
7 81818939
7 81818939
7 81818939
7 81818939
8 85127815
8 85127815
8 85127815
8 85127815
8 85127815
8 85127815
9 97825559
9 97825559
9 97825559
9 97825559
10 115554397
10 115554397
10 115554397
10 115554397
10 115554397
10 115554397
11 121099323
11 121099323
11 121099323
11 121099323
11 121099323
11 121099323
12 134214996
12 134214996
12 134214996
12 134214996
12 134214996
12 134214996
12 134214996
12 134214996
12 134214996
12 134214996
12 134214996
12 134214996
13 150056038
13 150056038
13 150056038
13 150056038
13 150056038
13 150056038
13 150056038
13 150056038
13 150056038
13 150056038
13 150056038
13 150056038
13 150056038
13 150056038
13 150056038
13 150056038
13 150056038
13 150056038
13 150056038
13 150056038
13 150056038
14 156657293
14 156657293
14 156657293
14 156657293
14 156657293
14 156657293
14 156657293
14 156657293
14 156657293
14 156657293
14 156657293
14 156657293
14 156657293
14 156657293
15 174032480
15 174032480
15 174032480
15 174032480
15 174032480
15 174032480
15 174032480
15 174032480
15 174032480
15 174032480
15 174032480
15 174032480
15 174032480
15 174032480
15 174032480
15 174032480
15 174032480
15 174032480
15 174032480
15 174032480
15 174032480
16 180870540
16 180870540
16 180870540
16 180870540
16 180870540
16 180870540
16 180870540
16 180870540
16 180870540
16 180870540
16 180870540
16 180870540
16 180870540
16 180870540
16 180870540
16 180870540
16 180870540
16 180870540
16 180870540
16 180870540
16 180870540
16 180870540
16 180870540
16 180870540
16 180870540
17 180906866
17 180906866
17 180906866
17 180906866
17 180906866
17 180906866
17 180906866
17 180906866
17 180906866
17 180906866
17 180906866
17 180906866
17 180906866
17 180906866
17 180906866
17 180906866
17 180906866
17 180906866
18 192253707
18 192253707
18 192253707
19 204423319
19 204423319
19 204423319
20 204476110
21 223769780
21 223769780
22 238841386
22 238841386
23 254918749
23 254918749
23 254918749
23 254918749
23 254918749
23 254918749
23 254918749
24 266940037
24 266940037
24 266940037
24 266940037
24 266940037
24 266940037
24 266940037
24 266940037
24 266940037
24 266940037
24 266940037
24 266940037
24 266940037
24 266940037
24 266940037
24 266940037
24 266940037
24 266940037
24 266940037
24 266940037
24 266940037
24 266940037
24 266940037
24 266940037
24 266940037
24 266940037
24 266940037
25 267561807
26 275269825
26 275269825
26 275269825
26 275269825
26 275269825
26 275269825
26 275269825
27 288533931
27 288533931
27 288533931
27 288533931
27 288533931
27 288533931
27 288533931
27 288533931
27 288533931
27 288533931
27 288533931
28 306150805
28 306150805
28 306150805
28 306150805
28 306150805
28 306150805
28 306150805
28 306150805
29 311937542
29 311937542
29 311937542
29 311937542
29 311937542
29 311937542
29 311937542
29 311937542
29 311937542
29 311937542
29 311937542
29 311937542
29 311937542
29 311937542
29 311937542
29 311937542
29 311937542
29 311937542
29 311937542
29 311937542
29 311937542
29 311937542
29 311937542
29 311937542
29 311937542
29 311937542
30 315182046
30 315182046
30 315182046
30 315182046
30 315182046
30 315182046
30 315182046
30 315182046
30 315182046
30 315182046
30 315182046
30 315182046
30 315182046
30 315182046
30 315182046
30 315182046
30 315182046
31 333834272
31 333834272
31 333834272
31 333834272
31 333834272
31 333834272
31 333834272
31 333834272
31 333834272
31 333834272
32 352224472
32 352224472
32 352224472
32 352224472
32 352224472
32 352224472
32 352224472
32 352224472
32 352224472
32 352224472
33 360394530
33 360394530
33 360394530
33 360394530
33 360394530
33 360394530
33 360394530
33 360394530
33 360394530
33 360394530
33 360394530
33 360394530
33 360394530
33 360394530
33 360394530
33 360394530
33 360394530
33 360394530
33 360394530
33 360394530
34 363604883
34 363604883
34 363604883
35 363650317
35 363650317
35 363650317
35 363650317
35 363650317
35 363650317
35 363650317
35 363650317
35 363650317
35 363650317
