9 600435227
106 7336425679
206 13555191531
303 20255287725
394 25434235497
494 32721065157
593 39793967764
686 44651850324
785 50732315808
884 57500403174
978 62869074629
1078 70372951032
1177 77455720228
1277 84486150826
1375 91649725943
1475 98477881289
1571 105043255214
1669 111332896420
1768 117397656956
1868 123931676409
1961 129893796431
2060 136398023995
2159 143349442046
2249 148504413823
2348 154455182246
2448 161489136037
2545 166849756468
2643 172768736700
2743 179478861287
2834 184386987837
2934 190928531056
3033 197552577231
3132 203563342954
3231 210406470158
3330 217029261550
3428 223491962039
3524 229293403573
3621 235892204781
3719 242735037616
3813 248663650831
3911 255101580897
4011 262424625160
4107 268055290933
4206 274462313395
4306 281473720506
4379 285892126359
4479 292506447501
4576 298991407775
4675 305797176832
4773 312414463312
4871 318770024449
4970 324761607931
5063 331014607860
5163 336993484719
5263 343514175479
5354 348797412016
5453 355142171215
5552 362081609221
5647 367843950204
5747 374312861650
5848 381114102353
5943 386350018810
6042 393009002451
6142 399927704144
6238 405400545599
6336 410753087506
6436 417959867577
6534 424184498652
6632 429793207838
6731 436652551888
6828 443345199102
6922 449326644324
7020 456417470333
7119 463050269179
7198 468015595017
7297 475140049010
7395 482317288046
7493 488681872824
7593 495564087864
7691 502280258761
7784 508326267626
7880 514643442668
7976 521958577335
8073 528836258602
8168 534550933615
8267 540582632861
8367 547520167188
8456 552517146453
8555 559776493180
8653 565636139412
8729 570046735375
8827 576016689337
8926 582560738116
9021 587770603428
9122 595212199166
9221 601748937388
9319 607553981566
9413 613499277281
9512 620044581861
9612 626060878243
9707 631857707082
9807 638465247499
9906 645126684413
9994 649759469021
10094 656240171181
10194 663054385870
10287 668623462789
10388 675319032806
10487 680885061029
10580 685638346635
10680 692115566655
10779 698578011225
10873 704065975143
10969 710598481056
11067 716722172596
11162 722311868069
11256 728559411837
11354 734365613272
11452 740731186729
11544 745973447264
11642 752210753832
11737 758548595128
11834 764275376404
11932 771219804384
12031 778142589301
12119 783113510705
12218 789655070820
12314 796167199851
12409 801400312583
12508 807194573362
12607 813365320304
12702 819682522790
12799 825262054195
12897 831959582421
12976 837418517193
13071 842778378188
13165 848880847898
13250 853190674033
13344 858535128568
13443 865668745110
13542 872938166073
13621 877891289385
13720 885182795620
13819 891712756672
13914 896789770736
14012 903442318761
14109 910032263222
14207 915969928752
14299 921890669460
14398 928230093937
14447 930962130096
14480 932614153085
14578 939126963124
14677 945445227135
14764 950987251533
14864 957423298617
14964 963975475519
15048 969195230517
15145 976272872484
15245 982944470694
15341 988445753084
15441 995093988303
15537 1002135342565
15612 1007130708627
15703 1013457794943
15803 1019607634054
15901 1025668256722
15991 1030511408166
16091 1036690441497
16190 1043129997336
16283 1048845873324
16383 1055281317601
16482 1062509330342
16579 1068261533949
16677 1075566198071
16776 1082156809792
16870 1087180293823
16969 1093270591644
17067 1099289814863
17161 1104993488211
17258 1111401642866
17356 1118135442153
17454 1124658142039
17549 1130260480115
17650 1137561699931
17729 1142914096348
17824 1148338837853
17924 1155182932529
18022 1160921053096
18108 1165547457943
18209 1172319302890
18305 1177998199976
18398 1182504771987
18489 1188252473576
18588 1195310562130
18683 1201225341266
18781 1207223339738
18882 1214315984714
18979 1220278274008
19073 1225770039014
19173 1232736080565
19271 1238862893897
19365 1244409297709
19465 1251444742392
19562 1257836778998
19657 1263156480682
19758 1269484039367
19858 1276513815689
19956 1282933105668
20054 1289484158282
20154 1295761555415
20241 1301832147402
20338 1307240781324
20435 1312947030290
20535 1319795720139
20631 1325090729620
20730 1331639893407
20830 1338346048262
20906 1342454202321
21005 1348935483663
21105 1355576992646
21200 1361557328917
21299 1368476793010
21397 1374940540011
21491 1380448287240
21590 1386760171582
21688 1392871340386
21785 1398737795304
21883 1404751212726
21962 1409922566787
22059 1417188895224
22156 1422987438730
22257 1429407790314
22354 1435707604357
22449 1441094581828
22549 1447500926501
22646 1453984940912
22740 1458918307186
22839 1465822326968
22936 1472743130878
23031 1478276934095
23130 1485174899142
23230 1492023170118
23324 1497490431423
23423 1504462680767
23522 1510816545133
23621 1516782238412
23717 1522199013955
23815 1529228492442
23915 1535562548808
24009 1541380192569
24106 1547944658904
24206 1554551134869
24301 1560162762879
24398 1567645655601
24497 1574541131690
24593 1580050827013
24692 1586840825087
24790 1593254698855
24887 1599259489008
24987 1605505706159
25086 1611895445834
25184 1617322198992
25282 1623679096934
25382 1630342045955
25481 1636952383101
25577 1642223297467
25678 1648404448582
25777 1655074834161
25870 1660319914094
25969 1666073883841
26067 1672619958703
26161 1677764584038
26257 1684611975804
26339 1689697483172
26434 1695306539557
26533 1700781544672
26608 1705561347130
26701 1711648362602
26797 1717449808785
26896 1725317432621
26995 1731933840543
27089 1736847468699
27185 1743286692769
27284 1748994089385
27380 1753928541713
27481 1760956816741
27580 1766950975731
27678 1772973400434
27776 1779494198479
27855 1784961696057
27951 1790531490535
28050 1797655682800
28149 1803866319599
28232 1809044031383
28327 1815545337683
28425 1822856726064
28523 1829956804671
28618 1836117095489
28719 1843535209012
28818 1850199080796
28912 1855803614331
29011 1863093566646
29111 1869219920546
29207 1875423346405
29307 1882176155012
29406 1888888400695
29498 1894684519858
29598 1901175492782
29695 1906749446652
29791 1912416829650
29886 1919233640398
29987 1925090518450
30087 1931231813343
30182 1936758272578
30282 1943854460156
30380 1950969386246
30468 1955891105053
30568 1961626154027
30665 1968129407811
30758 1973075279720
30858 1978599583614
30956 1984762635287
31054 1990476110373
31148 1996441471842
31247 2003644899580
31345 2009438123105
31446 2016107458558
31543 2022509052089
31640 2028880989084
31734 2033640752400
31828 2039296701809
31926 2046795309254
32017 2051929176568
32097 2056373207322
32195 2063179362862
32293 2068722116618
32391 2075473288658
32490 2082185164863
32584 2087725565711
32684 2094079670942
32783 2101292826809
32865 2105712688259
32944 2109675888149
33043 2117070980097
33142 2123417871102
33239 2128792709357
33338 2134907694466
33439 2142290106196
33535 2148129522005
33635 2154979149176
33735 2162563916569
33830 2168365454638
33930 2175259391699
34029 2182006332588
34126 2186783085883
34224 2194084359320
34324 2200963068041
34421 2207096418164
34516 2212786290188
34616 2219872525407
34715 2225401594588
34810 2231161563310
34910 2237101003442
35008 2244109632014
35105 2250284231312
35205 2255960697180
35305 2262642051355
35403 2268404362078
35502 2274644714668
35601 2280821643804
35695 2285899487339
35795 2292470111722
35892 2298722838584
35992 2305193005544
36091 2311168662055
36190 2318070689968
36288 2324238672854
36371 2328306985353
36464 2334391239107
36564 2341375881940
36661 2347399685932
36762 2355087207452
36860 2361946196241
36955 2367465085445
37054 2374760666067
37152 2382087580258
37248 2387081451761
37349 2393811814832
37448 2400460474860
37544 2406205572738
37642 2412919712400
37741 2420007521017
37836 2426541128675
37936 2433081995389
38036 2440082981310
38135 2446142508283
38233 2452009893673
38331 2458807654360
38429 2465847927515
38520 2471262924230
38617 2478195517189
38718 2484639179949
38811 2490149579578
38910 2497339564954
39010 2503051695214
39108 2509599645462
39207 2515800018321
39306 2522216774209
39401 2528013889578
39499 2534570375458
39598 2540544263287
39698 2547421582847
39790 2552517602297
39890 2558369000169
39991 2565568985841
40089 2571689753381
40186 2577996767690
40285 2584895948225
40377 2590997864412
40455 2595220801497
40463 2595561037847
40465 2595616999386
40556 2600743193440
40656 2607789488344
40755 2613634400078
40852 2619878392226
40951 2627252039639
41051 2633720496744
41145 2639405723025
41244 2646162158859
41343 2652910934311
41427 2658088983449
41522 2663836901356
41613 2669737120650
41711 2675546776259
41810 2682062830128
41911 2689054847878
42006 2694155440859
42105 2701646141166
42204 2707750596177
42298 2713115428116
42398 2719776063843
42497 2725643707589
42597 2732198106430
42693 2737957745101
42792 2744256514721
42891 2749859612366
42988 2755450849645
43084 2761031434345
43184 2767538181099
43278 2772360202927
43377 2778445960638
43475 2784599353817
43570 2789901202138
43666 2796985311761
43763 2803686206413
43861 2809582508145
43961 2815819474687
44058 2821898528084
44155 2828581213178
44252 2834639819106
44349 2841461240625
44424 2846583470155
44519 2851589909742
44619 2857725731716
44697 2862677638881
44792 2868382233558
44892 2874625207141
44990 2881155419408
45085 2886284115860
45185 2892517941003
45284 2899683711470
45381 2905907745712
45480 2911440438886
45579 2917683266872
45678 2924637975862
45769 2929711108282
45869 2936856490561
45968 2943747194161
46065 2949438840526
46164 2956342404033
46260 2962971502254
46351 2968401406629
46450 2974493199659
46550 2981700528848
46645 2987405516081
46742 2994119018710
46840 3002152167021
46929 3007252865864
47026 3013280816436
47123 3020352077139
47221 3026544967836
47314 3032173218236
47414 3040065498284
47512 3046428868572
47608 3051186711742
47708 3057943322480
47808 3064806645248
47903 3070939842288
48004 3077486229445
48104 3084400536764
48197 3089643277028
48297 3096036171632
48397 3102233477058
48497 3108231291212
48594 3114650426374
48693 3120803677054
48790 3127288985060
48883 3132954652555
48982 3139380189839
49060 3144730898742
49154 3149883070616
49253 3157102244132
49354 3163535667137
49447 3168491190994
49546 3175298285837
49643 3181334578762
49741 3187105632635
49840 3193336553827
49939 3200331901786
50035 3207130482360
50134 3213357504181
50231 3219183492150
50324 3225055095799
50419 3230013336341
50518 3236020273294
50618 3241866037604
50714 3247143106293
50815 3255010768771
50913 3261786004396
51005 3267224693747
51104 3274388141623
51204 3281340692878
51295 3286419098451
51394 3292826929116
51493 3299206274394
51591 3304120111216
51687 3309673408766
51787 3316445847692
51885 3321904218304
51979 3327766478524
52078 3333983717580
52175 3340459268410
52272 3346650691256
52369 3353323939125
52468 3360095925877
52561 3365323746586
52646 3369459093759
52746 3375553714078
52837 3380539290106
52936 3387775055255
53034 3394113207799
53118 3398514709223
53198 3403799332795
53298 3410054842604
53395 3416573614874
53493 3422924903580
53593 3430255895248
53677 3435874440095
53770 3441698674492
53870 3448145490736
53966 3455370085809
54063 3461319992412
54160 3468104528949
54258 3474614622122
54353 3479552685284
54451 3485895696265
54549 3492628585681
54643 3498645866578
54743 3505188630824
54840 3511294421430
54936 3517322677692
55034 3523478844435
55131 3529482465693
55229 3535680388509
55326 3540466619873
55425 3548088313444
55520 3554108515281
55608 3559207484666
55707 3566254494319
55805 3572543286879
55900 3577871418977
56000 3584142944665
56099 3590870020908
56190 3595585405253
56289 3602220091128
56387 3607916807036
56484 3613696278251
56581 3618949219204
56680 3626851081917
56775 3632846072872
56872 3638386903171
56969 3644543822935
57068 3650590839019
57160 3655718396578
57259 3661863879122
57359 3667887532372
