4 100708285
50 1236753355
109 2656605639
155 3544886169
205 4786437062
258 5887485689
311 7148641993
354 8212661871
412 9452167293
462 10628992819
505 11442303853
553 12475521913
596 13322024600
637 14189123175
685 15078197878
739 16097070591
779 16933346163
826 17878455368
878 19121464502
918 19990706281
964 21018280878
1016 22493060130
1065 23446648125
1118 24512993352
1167 25469810366
1196 25911900995
1222 26481629867
1281 27673274518
1331 28742453990
1365 29269594006
1422 30747589029
1479 32020813442
1525 33106604500
1581 34241477711
1641 35702842594
1691 36689325287
1748 38018366269
1793 38790930124
1845 39881070165
1898 40923196314
1957 42604025466
2010 43987344677
2057 45001639716
2117 46491838746
2173 47928703066
2216 48895448043
2254 49690801361
2295 50431673995
2345 51446948001
2393 52558794730
2432 53600997809
2474 54396543267
2517 55311899560
2558 56332531640
2613 57442305246
2665 58460257504
2712 59605242761
2759 60602415030
2798 61615442287
2851 62828323304
2889 63528838790
2937 64593229987
2988 65926279239
3035 66810585725
3087 68235152734
3129 68946294153
3176 69848518968
3227 70847884970
3287 72335141716
3344 73582726408
3401 74791974813
3445 75554329462
3501 76757124517
3540 77398235421
3589 78482209775
3638 79432112590
3689 80601741123
3740 81598196086
3779 82311105006
3832 83464127104
3896 84877903552
3952 86230937931
4001 87376738879
4042 88184285918
4085 89003351293
4125 89923744145
4181 91425320688
4220 92178076539
4279 93539762904
4334 94729510542
4387 96039137747
4436 97068048725
4491 98716301126
4550 100139278565
4593 100984995686
4647 102187106458
4692 103107903819
4751 104348765382
4802 105748603425
4840 106625873497
4904 107868557501
4961 109421340021
5011 110670350227
5046 111430417693
5092 112680123497
5148 113934444755
5202 114990137653
5251 115916955293
5312 117638396403
5379 119213164592
5443 120803424008
5504 122313211208
5559 123745024353
5607 125082443207
5663 126416624757
5701 127235615134
5743 128399689028
5788 129442076777
5837 130458624053
5889 131573436133
5947 132999289103
6003 134242262620
6057 135508131897
6097 136166737622
6144 136999653643
6197 138309601284
6246 139529052112
6299 140644584831
6355 141867968963
6399 142667952694
6442 143531092567
6486 144382057450
6537 145291252221
6593 146449243431
6637 147551728270
6687 148472673196
6732 149213494945
6782 150198867689
6838 151427868776
6879 152295144350
6916 153143334951
6957 154112039460
7008 155202412427
7060 156437594721
7115 157647261233
7165 158756492618
7222 160133717159
7271 161123413430
7321 162172114320
7376 163402238089
7430 164599600719
7488 165843496475
7540 167090578637
7595 168331956467
7642 169415158857
7687 170476185776
7730 171333704687
7771 172062110993
7820 173084456949
7869 174170208732
7919 175044318202
7967 176131614389
8007 176888981381
8073 178444884588
8106 179067691594
8160 180552851702
8209 181507229069
8253 182460037963
8299 183311202260
8352 184339587985
8402 185502939809
8455 186646451049
8510 187983134392
8565 189164614746
8602 189891185244
8659 191227658952
8706 192170680818
8766 193407148478
8816 194433709918
8865 195416328247
8910 196302511912
8959 197275785406
8997 198050902545
9050 199258502709
9107 200473728803
9164 201819572489
9231 203207288024
9282 204191061588
9335 205438892699
9384 206567946683
9434 207659879343
9496 209151425280
9551 210468125435
9599 211535181351
9647 212814415912
9701 214039588457
9753 215177647670
9802 216230934872
9852 217284526476
9905 218626524459
9952 219678133384
10006 220730402533
10062 222296785807
10119 223800166317
10145 224297116021
10202 225682378275
10250 226770449154
10301 228193218646
10354 229438192368
10409 230752464781
10469 232216793438
10520 233110439490
10563 234072673212
10601 234787106611
10603 234839793034
10603 234839793034
10614 235090360380
10628 235239158594
10654 235769961962
10685 236276330286
10727 237157037078
10746 237566027713
10747 237569934689
10757 237778808603
10778 238093687139
10790 238312064696
10793 238362792528
10803 238560873075
10811 238712858157
10824 238938972938
10848 239379851189
10854 239446325467
10879 240043473146
10896 240440000601
10905 240572433983
10927 240936114896
10942 241096430426
10955 241337835334
10966 241455805382
10973 241543158076
10998 241908571128
11023 242268470175
11041 242555257522
11042 242579595215
11051 242670090470
11075 243080212658
11104 243708893043
11142 244321979930
11156 244548286582
11174 244917377575
11185 245077296900
11186 245109490689
11189 245158647039
11194 245254576220
11215 245685677913
11234 246082201244
11261 246671398381
11303 247610509811
11350 248627367387
11382 249311139697
11405 249829378218
11418 250044726448
11433 250365709138
11441 250496461312
11475 251149651855
11493 251450878279
11513 251816439797
11525 252030446689
11556 252575919729
11581 253089776266
11601 253400506148
11615 253668889523
11636 253986734478
11673 254639592062
11694 254917610796
11734 255558882398
11766 256042755107
11803 256735086044
11834 257134958722
11879 257859231498
11917 258809633110
11956 259541018839
11986 260011099212
12014 260470822202
12027 260693932757
12038 260851757628
12057 261228945561
12074 261481947760
12092 261851210558
12120 262401981369
12140 262778591241
12171 263426420825
12211 264370254623
12230 264717682784
12243 264946806154
12265 265253492640
12278 265485719983
12305 266107401591
12325 266415053860
12355 266890643740
12386 267490493380
12408 268011069445
12439 268545652933
12456 268845934605
12477 269318144158
12511 270022389269
12542 270711765190
12576 271271976101
12605 271772311706
12630 272254980160
12659 272987178832
12682 273576068235
12714 274149216917
12739 274776238315
12762 275202275263
12778 275412712832
12788 275579947027
12802 275792241059
12821 276247330298
12855 276790553355
12877 277267901906
12900 277753644938
12915 277958542618
12938 278496047549
12965 279097380155
13010 280076841316
13059 281250357822
13084 281672661756
13096 281934870345
13114 282296433962
13126 282542873803
13146 282897298083
13173 283461994817
13218 284289601480
13230 284489020008
13238 284613079254
13271 285337466413
13298 285884681487
13318 286193247553
13342 286550055873
13374 287185782314
13405 287933569369
13421 288290686882
13439 288490756629
13468 289229607553
13490 289577568303
13511 289905719038
13529 290191165241
13547 290578769797
13549 290595624041
13575 291117516455
13602 291617586402
13646 292557229594
13679 293161384951
13722 294026339542
13746 294398911627
13787 294954028093
13824 295802961574
13871 297015437626
13915 297902815998
13964 299042919462
14010 300135491277
14050 300965744034
14091 301737999823
14135 302549705587
14184 303584573229
14243 304899763423
14287 305860895951
14326 306595792321
14361 307286165205
14412 308345818168
14468 309572376219
14506 310435408451
14553 311687470848
14594 312482556826
14635 313380259704
14678 314226458389
14689 314442776495
14714 315067964380
14750 315808306331
14790 316546267023
14828 317230905192
14884 318272484060
14927 319071061589
14958 319665068042
14987 320183591372
15027 321240263754
15062 321897440047
15112 323052921713
15158 324184054372
15196 325000729874
15237 325889867089
15283 326903373684
15329 327768914371
15373 328827077330
15418 329823805369
15448 330514133882
15457 330669002530
15469 330924117461
15480 331104493216
15494 331390325942
15510 331699270152
15542 332609772069
15564 333010499847
15575 333218299622
15591 333453550162
15614 333898660405
15624 333978172784
15646 334328670713
15689 335118915322
15723 335829178770
15727 335886926147
15748 336227309814
15761 336426527117
15778 336736325115
15790 336988541543
15802 337186332738
15803 337216323885
15822 337527695074
15833 337657653192
15844 337810415323
15857 337986284635
15872 338237861499
15887 338481708773
15907 338748547345
15947 339393199227
15956 339642389865
15977 339948680652
16001 340359179015
