1 20066974
21 253498359
34 420002870
58 752154905
80 1085400723
97 1342094304
112 1546632502
133 1871998639
150 2138181873
175 2515748515
199 2992535203
225 3341624271
245 3615757491
261 3847717606
273 4014218733
292 4219145603
306 4371008592
319 4593143516
340 4908290368
355 5163316806
371 5338713641
383 5503889711
395 5604275452
410 5774972264
429 6017984180
450 6286389152
470 6562868287
486 6819820349
503 7036515822
520 7250921770
536 7396046173
560 7695691176
576 7887679598
592 8127026719
615 8389023082
639 8716295643
652 8961034049
662 9076430567
681 9353181026
701 9567104877
724 9902911019
742 10142791156
767 10500376750
783 10698019802
802 10984285657
824 11193778957
841 11408300152
854 11522935826
871 11795477168
875 11839018117
887 12003649943
903 12303444222
919 12521390974
937 12751390008
948 12878402010
964 13129812684
981 13361829034
1004 13692507064
1024 14004256036
1045 14304559731
1065 14584609846
1084 14825534354
1118 15254980153
1137 15487210339
1149 15635836189
1169 15926841666
1181 16121212454
1182 16125343080
1204 16427277234
1219 16623730508
1243 16910911270
1253 17021027066
1269 17206446613
1291 17448725727
1300 17587280140
1318 17863663468
1343 18241230018
1364 18584386783
1384 18861677755
1400 19034127633
1419 19252570963
1437 19452036343
1456 19746620172
1464 19867051541
1475 20015264386
1489 20198786652
1509 20482902238
1537 20881270666
1553 21139009699
1569 21406856226
1586 21606239679
1604 21874726590
1620 22079803913
1636 22317981891
1655 22582849476
1666 22763753255
1682 22959051772
1701 23197351893
1716 23389926859
1729 23547842130
1746 23799995344
1767 24107280021
1785 24350270022
1807 24689659818
1825 24956514170
1843 25218733429
1866 25518872782
1884 25750370389
1895 25900383464
1907 26034484620
1920 26157192480
1942 26431857946
1959 26633162531
1975 26844955571
1983 26975128026
1996 27182347447
2009 27374396740
2027 27677376244
2042 27915919047
2053 28054713525
2070 28283879134
2087 28548927011
2105 28798622421
2120 28997874469
2143 29358482010
2159 29563784166
2176 29759190031
2195 29994531437
2214 30291962016
2236 30681672855
2245 30827164978
2261 30994859136
2273 31145114624
2290 31436162519
2308 31696216025
2318 31840250782
2335 32041617171
2354 32298834110
2373 32577531695
2393 32942032854
2411 33213949960
2426 33459066184
2438 33617752816
2454 33832099582
2467 33981632566
2487 34240654238
2509 34575651377
2528 34826818615
2543 34985606223
2561 35247715909
2577 35475297860
2596 35687977047
2618 35999330824
2632 36188051575
2655 36524622507
2676 36771905075
2691 36990289824
2710 37230207804
2723 37365120135
2736 37527028689
2759 37895775016
2773 38075198064
2785 38192558511
2802 38460347044
2829 38842063492
2839 39002305384
2855 39262370381
2873 39556570690
2893 39789025335
2907 39991790018
2914 40081064233
2936 40397600806
2952 40607553286
2970 40790004009
2977 40913493733
2987 41102864285
2997 41205542608
3015 41429384734
3031 41605778411
3048 41824844580
3069 42084509236
3104 42567906628
3117 42684137456
3135 42881016244
3155 43139993822
3162 43209393112
3169 43297919989
3171 43319043386
3175 43380517524
3189 43561262369
3200 43681093037
3208 43763845221
3217 43860450484
3225 43927504845
3241 44166488229
3265 44466689601
3278 44625543339
3289 44764765056
3302 44956116202
3313 45092115024
3326 45306934734
3333 45449560381
3347 45658125357
3364 45901881368
3381 46057801860
3397 46256346859
3407 46413963450
3422 46546083371
3437 46757306378
3449 46938293109
3453 47022201672
3455 47044048270
3456 47046545871
3458 47051523450
3474 47235730867
3489 47452974723
3496 47573389746
3508 47773024312
3517 47893672535
3528 48027898917
3546 48261880762
3561 48482885028
3574 48660575903
3591 48895597727
3599 49026488459
3613 49201563124
3628 49389783811
3638 49477928860
3650 49612058864
3670 49894069139
3679 50047167109
3692 50252319705
3707 50411065042
3717 50539956620
3723 50662646981
3730 50782177941
3745 51028635417
3759 51214806996
3774 51382414201
3784 51523511064
3802 51807514363
3815 52017580555
3828 52174360159
3836 52285051530
3844 52428552769
3854 52523134897
3867 52679157792
3880 52849351588
3891 52956813935
3900 53078011486
3913 53205611741
3929 53414891653
3941 53617196262
3953 53780175722
3962 53909097036
3978 54118801416
3995 54374820562
4011 54582848449
4027 54853309789
4046 55116798969
4058 55234907970
4079 55521649703
4093 55674291152
4102 55868639260
4120 56093107663
4137 56262838049
4150 56414692523
4163 56549286290
4171 56661469471
4184 56844208463
4193 56940434942
4203 57059907357
4219 57259007109
4234 57437842967
4248 57610469406
4264 57844798124
4286 58106551033
4292 58177928345
4296 58239086776
4296 58239086776
4299 58295848322
4300 58299927193
4302 58320027844
4305 58331959445
4312 58409702921
4322 58550990843
4323 58563432878
4330 58680151613
4332 58692102766
4336 58761565170
4339 58768425813
4342 58824684701
4345 58859093013
4353 58977195974
4359 59063770973
4360 59064628649
4368 59179459995
4372 59255975121
4380 59383140949
4380 59383140949
4381 59383180349
4383 59423250714
4389 59499372367
4392 59566987073
4399 59660083658
4411 59830385102
4431 60132258383
4447 60315328570
4462 60532826982
4474 60715312720
4493 60941431396
4505 61085331679
4519 61240645280
4528 61333076808
4546 61601115618
4563 61811194176
4581 62102123551
4600 62356099462
4625 62693879251
4647 62995350774
4665 63255387631
4689 63632353328
4702 63811132724
4713 63941690861
4731 64166746100
4747 64345930732
4756 64461270977
4772 64705001213
4788 64924757103
4810 65180765750
4825 65400276775
4839 65576145532
4851 65703108524
4870 66021349067
4887 66253401789
4904 66489316158
4924 66774190333
4944 67042080927
4956 67166058082
4969 67329732077
4988 67608895937
5006 67858181153
5021 68078446168
5045 68367352679
5058 68556489707
5081 68898164602
5092 69053928750
5109 69379880605
5123 69600870245
5138 69776328630
5154 69988578882
5175 70259380673
5196 70600394921
5213 70787098050
5234 71101517372
5247 71280084950
5267 71583685677
5282 71761680893
5302 72094697099
5318 72290956428
5331 72485435746
5354 72803481611
5367 72966950583
5387 73272470693
5402 73436309422
5421 73690008495
5443 73980408412
5460 74238528855
5476 74488087202
5493 74722459441
5508 74956012407
5519 75097144904
5533 75288895514
5552 75529583986
5568 75756339828
5585 75916607433
5596 76075555945
5611 76289833347
5625 76461114710
5639 76627106623
5642 76679450525
5668 77048156117
5679 77143846349
5703 77502367582
5725 77786783015
5743 77993415841
5755 78141089699
5770 78384302244
5782 78515008870
5803 78823622281
5824 79078675502
5840 79300240776
5853 79460166015
5866 79687207117
5886 80018615078
5895 80114901106
5905 80271387806
5921 80498742918
5944 80758182188
5962 81011383947
5976 81216956828
5989 81397864820
6008 81638192495
6034 82109120115
6052 82375238371
6069 82580313670
6084 82768315355
6102 82935460955
6116 83155214444
6140 83484884516
6161 83768502622
6171 83902859566
6198 84305980337
6210 84454892145
6221 84598525618
6238 84816601852
6249 84989503375
6266 85216590834
6284 85525103559
6296 85670631851
6310 85844950808
6336 86189531973
6357 86512076535
6364 86586280310
