0 0
7 81243494
9 113923488
12 131458998
14 148502542
15 162921676
18 191679073
23 238991174
26 272368748
28 281239668
30 296823579
32 328009051
38 418403712
39 430813194
45 524778737
47 553029604
51 609601518
52 620399357
56 673817212
59 710461248
62 761345872
67 842393012
71 860211427
73 862494508
74 867778603
74 867778603
75 879249404
77 903361809
78 931760807
81 966038042
86 1003224714
91 1052679363
92 1060863420
97 1120123816
98 1142440787
100 1151208848
104 1190905053
105 1215186827
106 1219635047
107 1241786646
109 1261899983
112 1308517536
116 1360450708
119 1387834905
123 1433881497
126 1457475067
128 1490483881
131 1521690872
132 1535196300
133 1554421603
135 1559156821
138 1612125825
141 1655038731
143 1688177967
145 1709968575
147 1723117657
152 1798241302
157 1832383982
164 1901697663
169 1960474902
173 1996321770
177 2020208677
180 2044514001
183 2057311311
187 2104282406
190 2135264834
194 2176631238
197 2196065072
202 2234083795
205 2264966548
205 2264966548
210 2324048027
213 2369544292
216 2409158985
218 2434007569
222 2483540849
225 2524701425
226 2540728479
226 2540728479
227 2544982674
227 2544982674
228 2557370791
231 2586085009
236 2642505123
239 2660608278
246 2724329224
249 2768771457
252 2790563658
252 2790563658
252 2790563658
256 2835140114
258 2858427585
260 2889870985
261 2893936810
261 2893936810
261 2893936810
261 2893936810
261 2893936810
262 2914410570
264 2941415751
268 2967807271
271 2982650176
273 3012121846
276 3073370309
280 3147127804
284 3201981213
286 3228116811
289 3266914765
293 3301230514
294 3320698660
299 3395733334
303 3454459532
306 3496432542
308 3523380518
312 3557235009
316 3614216919
318 3628286389
321 3660208084
321 3660208084
322 3669205309
327 3749788203
329 3783240274
332 3817354133
332 3817354133
333 3838550625
334 3839289811
336 3876854606
339 3941377204
340 3958920408
343 3997118306
344 4004924431
345 4005642510
345 4005642510
348 4057704909
349 4086035608
351 4113382397
354 4138816673
356 4169798226
358 4204695319
359 4224101696
361 4239471285
362 4243694856
364 4279382933
364 4279382933
367 4332810569
369 4374426445
371 4413436846
377 4470283398
381 4527144914
384 4552466016
389 4604848972
393 4636990594
394 4654090956
396 4677506736
397 4685507010
398 4705391880
400 4717877487
401 4730158770
403 4762091128
406 4798990604
408 4807256602
409 4827580937
415 4886533773
418 4925362097
421 4973801413
424 5017861743
425 5026397821
431 5090404797
433 5121875445
438 5178318148
442 5205615352
445 5273713368
449 5304488203
455 5391857751
458 5414318520
460 5438078674
461 5438143137
462 5462453951
464 5483334045
466 5502895452
471 5576040097
472 5584020698
477 5647944983
481 5699288066
484 5756829441
486 5780202959
488 5792648422
489 5810072552
491 5845967566
493 5887085705
496 5929854471
500 5974743719
500 5974743719
503 5995559668
509 6077522357
509 6077522357
512 6128662940
518 6205215398
519 6209781037
519 6209781037
522 6251826454
524 6268656486
528 6299355297
531 6333522589
534 6368827659
535 6369141087
539 6391870574
540 6404296507
541 6429053358
545 6489318181
549 6552907353
552 6586354192
555 6614858390
559 6687678681
562 6720541046
565 6759749763
565 6759749763
568 6782162017
573 6883781900
577 6940014517
578 6956475900
581 6987485162
583 7023892252
586 7047783904
586 7047783904
589 7093231713
590 7098386371
591 7102483751
593 7117758700
597 7152127078
599 7179112993
602 7206869003
607 7273490519
610 7285360098
611 7297081431
613 7337892749
615 7382758094
615 7382758094
619 7415372169
620 7422726940
621 7429394483
621 7429394483
621 7429394483
625 7459626172
628 7499160033
632 7554863169
634 7596900027
635 7613411934
637 7631290468
641 7672547150
643 7711518593
648 7778925277
652 7833643382
655 7855632378
656 7875441493
660 7912281520
662 7931526445
665 8002631777
667 8045671761
667 8045671761
667 8045671761
668 8061786751
671 8087157597
674 8128173308
678 8170675263
680 8197181599
682 8224257206
686 8252473254
687 8260116727
689 8280245716
691 8299883035
693 8327830328
694 8341335647
696 8385742750
698 8426479644
701 8470802697
702 8490089101
703 8518076377
708 8591939091
709 8604390156
712 8637439331
714 8684239135
714 8684239135
714 8684239135
714 8684239135
716 8691950853
717 8705499911
717 8705499911
719 8727696057
721 8737302997
723 8761821569
724 8769840722
724 8769840722
724 8769840722
727 8831701730
729 8864898318
731 8896575904
733 8921608234
734 8939881183
735 8965932658
738 8994320634
738 8994320634
742 9064031906
744 9101048425
749 9139541837
753 9214071147
758 9281029762
760 9299122393
763 9343844423
769 9413507797
772 9459986283
775 9496616158
776 9497356394
778 9516415103
781 9539191365
783 9548770193
787 9607454193
788 9607596643
792 9669977935
796 9730887725
797 9738400289
798 9744913522
800 9747667457
801 9763049590
802 9779507289
802 9779507289
805 9823583624
806 9839245023
808 9851859270
812 9878594993
813 9882822392
813 9882822392
818 9947190532
827 10044031843
832 10091226508
837 10121103496
840 10165859931
843 10191445303
847 10233839622
851 10285986367
855 10329751131
860 10387003253
861 10411458410
865 10437655396
865 10437655396
868 10482171952
870 10518646554
873 10578541248
874 10581791372
878 10629981553
881 10640235707
884 10697276431
885 10698676413
885 10698676413
885 10698676413
888 10726679925
890 10761072752
891 10766511263
892 10771042998
897 10823741821
901 10870118764
903 10905067090
907 10938335505
912 10994722982
916 11028143318
920 11087153216
923 11113040271
926 11159999027
929 11186683676
932 11217869243
934 11266104989
934 11266104989
936 11278194779
939 11316948701
940 11321420254
942 11358909859
944 11376762198
944 11376762198
946 11409597788
947 11429736874
948 11448401578
949 11467693173
951 11493475552
954 11549760622
956 11590629430
959 11611691344
963 11660397926
967 11715493959
972 11786442639
973 11802992719
975 11829560305
975 11829560305
981 11905810872
984 11951975907
987 11978946755
989 12016571445
990 12016782063
992 12020187032
996 12096430174
998 12121186916
1002 12176855315
1008 12235314015
1012 12261541966
1015 12298120477
1022 12392063783
1025 12417746587
1025 12417746587
1029 12453727040
1032 12488269044
1034 12501078283
1035 12516904271
1036 12527200665
1036 12527200665
1037 12534991182
1039 12568526148
1040 12583012095
1042 12600982394
1043 12625715821
1046 12663361180
1047 12663472018
1050 12699896278
1051 12722393590
1055 12771557401
1057 12808406746
1057 12808406746
