6 179221044
73 2535298840
158 5660390640
250 9255017237
333 11991317313
413 14908687845
502 18455386054
585 21737669167
647 24099969837
734 27600180373
817 30648987604
876 32695849286
958 35683830656
1045 39166896936
1099 41137617435
1184 44317717378
1262 47057336192
1328 49422860434
1417 53066691562
1509 57115664359
1579 59560631209
1651 62371195781
1736 65996455473
1780 67567979632
1791 67812640858
1825 68438021263
1838 68706085406
1844 68818927148
1853 69008043548
1859 69075670791
1870 69232544832
1910 69839351891
1939 70344030069
1959 70762767211
2006 71719427852
2051 72468276500
2081 72947630747
2115 73664091101
2160 74510569836
2188 75088042388
2204 75320512332
2240 75907749518
2275 76427572872
2278 76457576464
2305 76934034389
2354 77934826066
2379 78466319720
2415 78977906877
2456 79730000917
2461 79851710393
2466 79967575268
2474 80144913829
2481 80309620339
2484 80354713247
2493 80544792759
2500 80630109003
2507 80818279008
2515 80937011889
2526 81156291307
2528 81211293378
2533 81310935663
2541 81541794273
2545 81656957708
2555 81856314146
2568 82160368315
2572 82247032282
2580 82374635593
2598 82728695151
2613 82943212648
2627 83155189706
2635 83247948022
2647 83444502350
2658 83634110668
2688 84256980642
2703 84581034570
2713 84761123962
2739 85207848422
2771 85931180435
2788 86309202889
2798 86509803762
2817 86882941224
2819 86897330022
2849 87511783146
2890 88163831981
2911 88552096030
2942 89127950274
2953 89285988255
2971 89588120976
2982 89740888400
2989 89839789790
3001 90021559695
3014 90214642106
3034 90521743555
3045 90677655247
3056 90848164628
3073 91131180517
3098 91580673510
3106 91749630969
3138 92319654013
3148 92453290632
3152 92498596472
3171 92856435140
3178 92959259584
3192 93223027863
3200 93295967630
3213 93641946654
3226 93827319891
3234 93978347400
3235 93981700025
3285 95265048461
3315 96161402460
3359 97177852900
3400 98155996681
3421 98602998972
3471 100062652910
3522 101403629409
3552 102100222036
3616 103858867922
3660 105010631345
3724 107117930370
3762 108010156990
3807 109565568783
3848 110392760036
3887 111588058760
3939 113142892268
3987 114515535716
4030 116024773382
4087 117618708797
4127 118762047082
4156 119436616118
4215 121229829146
4262 122480505411
4294 123369574976
4313 123729066283
4330 124162378147
4398 126757638620
4468 129386306740
4555 132597859902
4637 135342711722
4675 136406763983
4714 137531186964
4755 138726037187
4780 139515356516
4819 140630992308
4873 142061245914
4905 142886775181
4949 144071288395
5020 146595398741
5047 147245876757
5097 148739638572
5155 149988697135
5203 151351233801
5273 154174603490
5351 157322740387
5397 158282878999
5413 158640881242
5462 160118633048
5552 163664710309
5584 164590565101
5662 167168858179
5721 168815132023
5730 169014631187
5760 169801123621
5780 170185194342
5800 170597539696
5833 171592582978
5899 174016617604
5950 175885428787
6001 177600050109
6056 179323740856
6143 183189983132
6159 183589938531
6184 184352610902
6253 187237885274
6282 188041053905
6318 189293409551
6344 189948475852
6364 190563842466
6403 191735511034
6454 193067476291
6510 195337709205
6564 197033024354
6608 198410189394
6628 199005465431
6668 200081265713
6711 201071841239
6746 201975438318
6782 203189498750
6852 205815214226
6912 208042630037
6971 210804199995
7063 214713102972
7146 218258234878
7209 220909336130
7301 224151932540
7390 227920753841
7452 229981959942
7538 233350652974
7631 237061705132
7699 239430796636
7779 242359945085
7868 245694862052
7941 248510162723
7995 250541282794
8079 253924388845
8163 257237000917
8217 259092787987
8307 262651692475
8388 265537593027
8446 267469024008
8536 271273470002
8629 274730255659
8691 276946187403
8769 280046376469
8862 283915065819
8937 286671252942
9013 289547403756
9104 293297646963
9186 296555782766
9252 299164503363
9340 302353193288
9428 305940692044
9489 307949535604
9574 311445371258
9660 315039980475
9723 317650100284
9805 320687140611
9895 324439876833
9959 326610732364
10045 329913421849
10138 333359688243
10212 336108006557
10293 339446219890
10385 343621968649
10469 346258663100
10537 348640063695
10609 351370950069
10704 355370277555
10766 357644424797
10858 361010471197
10946 364585892735
11009 367004374204
11098 370762121265
11191 374524302733
11260 376776496366
11350 380174393650
11437 383699292030
11508 386222687795
11583 389102351687
11659 392245033382
11741 395325523253
11817 398178314082
11912 402367759569
12003 406613539348
12068 408924153410
12163 413095640753
12248 416263066550
12314 418515671081
12403 421789600665
12491 425350214713
12549 427360819358
12639 430972874415
12730 433810192384
12794 436090375953
12879 440120641978
12964 443553198088
13046 446279633771
13118 448810511432
13209 452474513695
13278 455012880970
13337 457190744045
13427 460832103067
13510 464370935129
13571 466311309999
13663 470063884536
13756 474017377930
13824 476572223454
13918 480155033460
14011 483974045451
14079 486064367131
14167 489289262766
14256 492561824570
14314 494079700594
14379 496828747876
14469 500628634285
14561 504216299001
14618 506472926216
14712 509953261319
14807 513927095758
14873 516478642156
14961 519924991932
15052 523912560189
15071 524380135210
15161 528252409790
15237 530789870058
15284 532191289962
15366 535501602586
15452 538844891593
15530 541464566824
15598 543814511020
15685 547413547202
15776 550851688472
15823 552274951852
15915 555995814081
16000 559458535188
16053 561155712726
16143 564418867917
16228 567631188718
16284 569740173417
16374 573328938898
16455 576521941331
16516 578728076323
16603 582259508640
16682 585215847645
16751 587400551487
16821 590102758079
16904 593267604999
16979 596290913367
17034 598305404281
17116 601339897362
17206 604556928162
17263 606765888735
17351 610142085129
17442 613350759350
17503 614993061920
17586 617902411270
17676 621096062066
17714 622300684308
17800 625513265036
17888 628905609877
17955 631262401578
18030 634454319485
18115 637759391521
18201 641027222694
18263 643144672380
18331 645748866979
18417 648588858272
18476 650925693571
18567 655035086364
18659 658996576809
18727 660977804970
18814 664705888502
18902 668059578894
18967 670604701811
19059 674286616529
19151 677988469141
19222 680448346170
19303 683686000949
19385 686736843913
19469 690263272667
19537 692759383098
19624 696038156813
19709 699441849919
19770 701389815032
19853 704257722165
19931 706802866395
19985 708646773450
20059 711717147820
20143 714731123916
20192 716536317467
20281 720079354477
20365 723273878754
20428 725362823157
20496 727537060648
20579 730581056860
20661 733868770518
20728 736335310008
20794 738610840909
20878 741781962197
20934 743521339415
21013 746266860810
21098 749336140916
21158 751321510348
21242 754013280320
21325 757023982234
21372 758479480807
21461 761417076435
21545 764743120018
21615 766777135863
21691 769935514277
21776 773361013386
21855 776467441788
21923 779238553641
22013 783252507602
22096 786710385473
22142 788055316415
22222 790833157209
22296 793523922208
22363 795708683154
22441 798429333241
22531 801668374406
22585 803185915183
22669 806169881488
22750 808876871200
22813 810685934974
22891 813348305027
22981 816763541967
23058 819161251615
23123 821627996816
23192 824192228362
23274 827178345793
23338 828939544508
23426 831832086419
23503 834874798912
23560 836863996520
23643 839708885610
23738 843030325323
23799 844786206952
23878 847457880034
23950 850189737128
23974 850887458208
24016 852021597996
24036 852422547373
24053 852731660515
24073 853139102434
24129 854634553431
24176 856221439292
24197 856632926493
24242 857800286985
24268 858499386926
24314 860114065829
24398 863685961322
24478 866825705887
24531 868612835788
24605 871125510636
24691 874155028412
24714 874826933279
24727 875087870050
24776 876322254781
24793 876670547197
24806 876908782329
24833 877755372439
24868 878825266707
24869 878825483567
24889 879168436433
24906 879654761862
24917 880017396399
24941 880708484842
24969 881351224552
24997 882223654257
25048 883960506250
25093 885486824603
25110 885920882082
25177 888737456003
25245 891195742768
25311 893511721501
25360 895072924829
25420 897088948256
25473 898967901377
25490 899479709992
25543 901677480973
25613 904462840550
25655 906065520195
25693 907519199418
25778 910633778748
25820 912326582833
25881 914554878828
25933 915997249622
25984 917827254899
