0 0
1 7901735
6 53666127
10 109689288
11 131433454
11 131433454
18 196997445
20 225825789
21 231137305
21 231137305
25 310494372
29 376367106
32 409043601
33 412985020
35 436808601
37 455199306
39 460008429
41 474219015
43 497789414
47 544312014
51 611680529
54 650990127
58 701528597
60 742422455
62 764752917
68 838157756
72 887816713
75 912390751
77 928992740
79 941896648
83 1025503872
83 1025503872
85 1041250315
89 1079705485
93 1102332067
97 1135784430
101 1161703404
105 1192977453
109 1224358144
112 1277941955
115 1325717586
116 1325747348
121 1370261294
123 1388141939
123 1388141939
124 1392239259
127 1414336406
127 1414336406
128 1415741410
131 1437679467
135 1483714054
137 1500467689
144 1588114520
148 1638169196
149 1655886178
154 1687799320
157 1696545792
161 1745071703
166 1780125775
167 1793396731
170 1818193108
174 1875988678
177 1913532754
179 1929365045
182 1968152422
188 2016812339
193 2086720122
193 2086720122
196 2123198617
199 2155390684
203 2235308162
204 2242349494
209 2323201156
212 2374118756
217 2420115023
221 2452590162
226 2524260475
228 2540585931
232 2574422820
236 2647850203
237 2669379026
239 2685914208
239 2685914208
242 2719361162
247 2743422717
249 2762347415
251 2786160922
253 2816604523
253 2816604523
255 2821771678
259 2876970402
262 2916328242
265 2973390361
267 3004680263
268 3028430525
271 3068520950
275 3099542728
275 3099542728
279 3151270384
279 3151270384
282 3202099446
283 3208058293
285 3220586048
288 3240405568
290 3280775619
295 3321304403
296 3336895450
296 3336895450
300 3372825218
300 3372825218
301 3374346054
304 3415960015
308 3477472625
310 3494904728
315 3569624582
315 3569624582
317 3599809417
320 3625621279
325 3693053773
327 3705263994
330 3755139070
331 3757520752
332 3757829487
332 3757829487
337 3801228766
338 3818327219
341 3853629420
343 3870800862
345 3896726960
348 3931326874
350 3958111589
353 4016245904
356 4046436884
361 4123120846
361 4123120846
362 4127919988
366 4171843442
371 4230776153
375 4284361465
377 4313650597
379 4323070878
380 4343340290
382 4379412388
383 4392195030
384 4406744243
384 4406744243
386 4452460589
387 4462560424
389 4493162868
389 4493162868
392 4527069667
394 4560487271
396 4563751390
400 4598674578
401 4601693773
406 4667994342
409 4696126373
412 4720084004
413 4733921238
415 4764323083
418 4804409683
424 4878573052
426 4914421495
428 4945082933
430 4972291990
430 4972291990
435 5025908022
438 5071231724
439 5079519291
441 5109840821
443 5126438912
447 5190243336
447 5190243336
449 5216735539
452 5247173063
454 5266830450
456 5301597192
458 5330628854
462 5374259443
464 5382735804
468 5445441668
472 5496571488
474 5509894122
476 5526308444
480 5559961402
486 5663903627
492 5755888360
493 5758964988
495 5777038287
498 5809330370
502 5833430515
506 5879233459
508 5884087893
510 5906511201
512 5921384867
512 5921384867
515 5960196848
517 5980984237
522 6056340090
524 6071628296
526 6089965217
527 6106874143
530 6157457985
534 6199289625
538 6247881603
541 6296470227
542 6311668708
544 6341854653
547 6406369529
548 6422532972
550 6433527345
551 6433589824
556 6496045220
558 6516103277
559 6521273455
562 6562190076
566 6611525529
568 6647994451
569 6670640480
571 6687261133
572 6692995370
575 6718894095
576 6722064666
576 6722064666
580 6780589687
583 6824262690
585 6854737030
586 6872782877
587 6885142590
589 6893987394
590 6902873906
595 6944010176
600 6988274771
602 7005229610
604 7007717100
605 7021607766
607 7045535956
611 7108154584
615 7160144612
617 7184274857
621 7232851777
626 7298759953
630 7337367220
630 7337367220
631 7350465780
635 7412302333
636 7416591569
639 7453643484
639 7453643484
641 7468525527
648 7534066072
650 7551994938
651 7561611176
654 7599005244
661 7667047751
662 7673385255
664 7693133569
668 7726725827
672 7756954053
674 7781143542
676 7813818992
682 7894517323
685 7931076978
689 7960838826
690 7962508212
694 8008879976
695 8017010555
698 8059479267
702 8113657873
704 8131416115
704 8131416115
706 8152685336
713 8259903952
716 8285765918
718 8306619873
721 8351834686
722 8376782873
722 8376782873
724 8406562694
725 8421473595
726 8433221295
730 8488715926
731 8504339041
735 8556994042
737 8560392528
739 8575862848
740 8581657597
743 8621784331
748 8689153861
749 8706919711
749 8706919711
749 8706919711
752 8752369370
756 8800632786
757 8808791446
760 8830929151
762 8874570590
765 8915329187
769 8956541842
772 8997002388
773 9001308533
774 9007823564
777 9053032501
780 9083754486
782 9116922664
784 9151215907
784 9151215907
785 9163331047
789 9217269115
790 9226129633
791 9250641158
791 9250641158
793 9274187512
795 9307572314
797 9344994868
800 9393217164
805 9457728297
808 9507977752
811 9547532565
813 9589213298
815 9604717234
817 9643139645
820 9660481597
824 9702125608
828 9738444368
829 9759768985
830 9766910049
834 9789823342
834 9789823342
836 9834504519
841 9910083585
842 9935561742
845 9965850344
848 9974653412
850 10003139025
855 10074926711
858 10114554036
859 10125124071
860 10141191258
862 10170939528
863 10182416158
863 10182416158
864 10182490503
868 10211022659
872 10255074288
876 10290877975
877 10308140180
877 10308140180
881 10317307766
882 10338975557
886 10403442911
888 10430845833
890 10450171118
894 10485447489
895 10501712927
902 10610083439
907 10669921572
908 10677432937
912 10711050572
914 10723251420
918 10763108134
918 10763108134
918 10763108134
918 10763108134
920 10779639602
923 10817787448
929 10915174536
931 10952189767
933 10963231272
934 10987275334
940 11061391838
945 11098837805
948 11127446502
952 11170880040
957 11247499496
959 11272002963
960 11272066037
962 11304630028
964 11318711555
965 11329772291
967 11342365685
968 11353974395
971 11395564301
974 11444229782
978 11500233696
979 11522088668
985 11597658606
990 11668326781
991 11673247596
993 11712400409
994 11730600197
997 11768051031
1001 11832056759
1004 11851828996
1008 11898659588
1012 11943047847
1013 11951393456
1017 12003641446
1017 12003641446
1018 12011189260
1019 12019659563
1025 12127271147
1028 12157417841
1033 12204181757
1035 12218063640
1037 12223880377
1038 12230246786
1041 12280806329
1041 12280806329
1042 12282306507
1044 12301567488
1045 12308482510
1046 12317522317
1047 12317612463
1051 12363763874
1053 12401826524
1057 12455620682
1059 12472970765
1061 12493444777
1064 12535031360
1065 12546817689
1070 12601707206
1071 12610081633
1072 12621697387
1072 12621697387
