8 380709556
75 2651996867
172 6741241118
260 10439667661
328 12853880480
417 16468542089
506 20321411099
570 22796978323
666 26617273394
758 30265930476
826 32848973436
919 36677703297
1009 40498291584
1094 43411387922
1179 46674099512
1267 50360723875
1357 53989168148
1433 56919346732
1526 60960698973
1576 62613442214
1635 64769546757
1728 68838152348
1820 73181862349
1892 75928486332
1988 80066465164
2085 84591003611
2150 86809470656
2248 91834708060
2342 96367488170
2427 99704121102
2514 103501357387
2605 107299739607
2697 110876199334
2777 114287340342
2873 118286612863
2948 121303738360
3015 123972191412
3107 127876276487
3202 131857804066
3273 135110109321
3370 139328212579
3465 143168467001
3537 145666290431
3635 150385432494
3727 154553714661
3813 158181492080
3903 162094463012
3996 165769742083
4085 169491450657
4160 172977023268
4254 176709613459
4345 180497175586
4418 183065210303
4513 186863176424
4606 190850967139
4677 193537402570
4764 197085728999
4855 201080263242
4917 203249132509
5010 206813621578
5105 210796724649
5179 213395565117
5267 217423248004
5360 221678133176
5443 225207177355
5515 227978974542
5609 232294631103
5703 236565721536
5769 239003718008
5863 243177350459
5936 246746244596
6006 249329815919
6094 253443157847
6190 257643552193
6256 260538618210
6353 264947854895
6447 269175170849
6521 272222872875
6609 276327298085
6704 280943985582
6794 284463809202
6879 287846713902
6973 292226120456
7069 296198895433
7141 299254445799
7235 303830142527
7329 308135399467
7402 310354634884
7490 313871523335
7584 318158229386
7651 320641304810
7745 324625179020
7838 328640583698
7909 331458252414
8001 335975518563
8089 339581128424
8174 343362085203
8259 347310320562
8351 351160189877
8442 355388335615
8514 358541093004
8609 362686934655
8707 366782217642
8785 369631882042
8880 374012672357
8958 377792497277
9022 380015097389
9118 383632163828
9211 387830291992
9285 390586379103
9379 394756585009
9473 398332919666
9551 401681667212
9635 405132035905
9724 408880239371
9814 412749732685
9885 415442084157
9975 419367344042
10071 423540115862
10137 426065346575
10232 430520830076
10326 434815631733
10387 437365663507
10484 441407551309
10574 445143950177
10651 447821708921
10744 452471769805
10837 456889367206
10916 459954005324
10995 462803399137
11085 467332571496
11169 470986936605
11241 473714065014
11337 478076882497
11428 482114400974
11504 484615607524
11598 488709810275
11695 492829385352
11764 495513976383
11854 499431936735
11927 502408759179
11995 504831818971
12085 508930923365
12180 512720362318
12255 515492022146
12340 519035577033
12435 523264214735
12527 527441100301
12601 530160239221
12695 534583521349
12787 538058518758
12846 540426278875
12936 544059972042
13029 548158172493
13120 551488214314
13214 555461604672
13308 559352032659
13376 561984004059
13470 565717665491
13567 569953057138
13644 573053037219
13732 577022803208
13824 581341329457
13918 585514794521
13996 588674163207
14089 592755062284
14180 597146020832
14245 599534531379
14343 603233841644
14433 607125690488
14499 609730201145
14592 613309663894
14686 617211167500
14754 619613327771
14846 623500244925
14920 626572544637
14999 629549860647
15085 633060479755
15180 636911372535
15264 640633477204
15334 644097396124
15417 647263472343
15512 650868236889
15584 653453852567
15678 657475789934
15773 661428037209
15849 663993412078
15945 668066561347
16042 672476112198
16107 674727677271
16202 679037146400
16295 683333289497
16373 686088756870
16460 689882537544
16550 694177521570
16638 697890911667
16707 700432952169
16798 704424937759
16888 708579834068
16966 711506314329
17043 714734597729
17136 718247023150
17197 720388257691
17287 724451505391
17378 728636571157
17443 730769065517
17537 734633901743
17630 738346154974
17704 741024765218
17788 744319601538
17865 747727719903
17951 751295119290
18035 754656763599
18123 758523427097
18211 762601478552
18283 765382130558
18377 769184314074
18475 773391523476
18545 776346353376
18640 780361468670
18733 783833077709
18801 786290686148
18893 789923766343
18985 793706674475
19055 796615637042
19119 798719935595
19211 802557197268
19297 805654640464
19378 808876217893
19476 813453250369
19568 817744367313
19636 820231244204
19731 824328386453
19823 828574954235
19894 831308286102
19985 835244173214
20077 839593711353
20151 842176503070
20243 846746565341
20333 850606055225
20402 853374905847
20495 857187179340
20587 861355517534
20662 864309985131
20721 866843641513
20813 870969428534
20909 875529439467
20975 878248490882
21069 882638995586
21163 886339500586
21228 888928453251
21322 892809047038
21417 897041705812
21480 899484250826
21572 903273233368
21660 907020856178
21731 909484434133
21823 913351845850
21915 917234459514
22000 920258812919
22086 923688658053
22178 927526660798
22275 931393557016
22341 933910540542
22430 938021694556
22491 940674140062
22559 943497269157
22650 947402583760
22742 951516846996
22811 954068751610
22903 957821499330
22995 961633840756
23063 964032877082
23155 968098839070
23248 971973825271
23329 975453304852
23415 979481870969
23510 983370911470
23598 987753961110
23654 989908145013
23746 993864916219
23840 998137264068
23908 1000623940460
24004 1004575323988
24096 1008991214536
24164 1011829016040
24257 1015830764095
24355 1019727854843
24427 1022349087992
24521 1026234271811
24617 1030709458061
24697 1033497580553
24781 1037028309007
24873 1041416055224
24964 1045154312592
25037 1048145267146
25137 1052321673810
25225 1056199581348
25299 1059316423086
25393 1063016613429
25485 1067059991057
25560 1069365975653
25655 1073465753328
25748 1077333173771
25815 1079839109176
25906 1083583532213
25995 1087419811453
26074 1090603586412
26158 1094419911616
26246 1097876961448
26338 1101393087710
26416 1104450617734
26508 1108286308255
26605 1112851271230
26664 1115282354832
26752 1118832887469
26841 1122571645969
26921 1125385690478
27012 1129573372302
27105 1133537290319
27184 1136429843294
27274 1140358650808
27368 1144131860008
27451 1147621918574
27538 1151070041360
27629 1154718342734
27719 1158781458543
27793 1161665014424
27884 1165115509281
27982 1169609780228
28049 1172099881778
28146 1176212019343
28243 1180267166528
28307 1182467050657
28397 1186304593073
28491 1190748723408
28572 1193745862233
28664 1197853513965
28762 1202212052461
28837 1205033273440
28926 1208584433926
29021 1213096727204
29111 1216374796928
29196 1219455501061
29293 1223386560433
29385 1227156047260
29448 1229367627643
29546 1233776272913
29639 1237933945196
29705 1240499847386
29798 1244697504300
29887 1248473668182
29961 1251432035212
30054 1255422766843
30147 1259781299170
30223 1262400190757
30317 1266620467661
30410 1270360632268
30500 1274275399072
30588 1278317024127
30682 1282470703045
30777 1286647684223
30855 1289231580709
30951 1293593859782
31046 1297144571487
31114 1299805273387
31209 1303958936049
31303 1308461424263
31384 1311430158299
31477 1315510373108
31572 1319800470202
31652 1322686682416
31745 1326933579259
31841 1330879838977
31925 1334981845635
31997 1337697879496
32089 1341294096414
32181 1344943549867
32251 1347889598683
32349 1351986675412
32443 1356103686995
32510 1358858435945
32608 1363039213026
32702 1367080046324
32762 1369197581467
32851 1373022043904
32946 1377065736655
33014 1379743676528
33089 1383204810760
33152 1385786927759
33239 1389317534985
33273 1390110030007
33286 1390482680178
33323 1391816855373
33392 1394462721487
33489 1399076735500
33582 1403913300159
33650 1406640262081
33724 1410057492306
33801 1413119780402
33836 1414260646241
33888 1415979041631
33977 1419509622894
34028 1421219385551
34080 1422662191607
34142 1424898757118
34168 1425880235637
34175 1425998512290
34225 1427097041144
34251 1427667467904
34288 1428606891350
34307 1429098868844
34371 1431202197173
34459 1434555720063
34524 1437189196396
34610 1440598939691
34681 1443085628112
34737 1445154245643
34819 1447880859855
34912 1451204298149
34976 1453300707065
35064 1456643184223
35152 1459737562742
35214 1462047732297
35304 1465579746171
35396 1469410540715
35482 1472892887377
35560 1475379976793
35651 1479046656926
35732 1482081739177
35762 1482943535771
35841 1485526504930
35929 1488922939776
35990 1491055683318
36085 1494649577067
36170 1498410336926
36218 1500533836794
36308 1503776389976
36389 1506757495268
36449 1509028521804
36541 1512499454349
36626 1516002999576
36703 1519050809649
36779 1521511463211
36872 1525260277724
36964 1529208777467
37026 1531337190067
37111 1534814366074
37181 1537567442536
37249 1539876895715
37335 1543119240390
37425 1546967300136
37487 1549070378788
37568 1552491796328
37657 1555700310058
37719 1557566798769
37807 1561528009483
37894 1564725695302
37969 1567342478065
38032 1569634328077
38123 1572826348323
38207 1576039749021
38271 1578420319021
38357 1581647906103
38445 1584932992785
38509 1587486815482
38581 1590448401858
38674 1594125604929
38742 1596031663203
38829 1599469106496
38922 1603313149390
38988 1605971128432
39054 1608229386021
39142 1611541051614
39215 1614272549961
39295 1617263292020
39383 1620767321801
39471 1624235417484
39529 1626568725233
39618 1630044077588
39709 1633668197033
39750 1635429710266
39839 1638748097796
39920 1641527687819
39981 1643661674758
40070 1646905351536
40162 1650649142524
40234 1652935058719
40318 1656541742516
40408 1659774094565
40472 1662583126531
40555 1665663239212
40639 1668626532575
40719 1671642226814
40785 1674224629501
40871 1677069948799
40958 1680157346638
41022 1682108634874
41112 1685707329770
41203 1689598875366
41265 1691684898498
41353 1694905936349
41439 1698212337651
41505 1700374646292
41592 1703798315993
41682 1707612721278
41753 1710256785530
41835 1713598817485
41926 1717083424414
41963 1718473306222
42041 1721671733816
42128 1724946873451
42211 1727794756946
42276 1730094382938
