8 815323303
113 9044202203
213 15619114265
313 23482107416
413 32166086286
513 40945890953
613 48371728936
712 56426672086
812 64457708959
912 72567750135
1011 80799433923
1110 88893428979
1209 95856260123
1308 104196789101
1409 111806640093
1509 120487718031
1608 128958765289
1708 137649353620
1807 146270448963
1907 154646479212
2007 163695745127
2107 171658020816
2208 180212802275
2308 188750460737
2407 197412223471
2505 203742565647
2604 211964755702
2704 220137033645
2804 227599367604
2902 236110633899
3003 244930414307
3102 252090352997
3202 260573342616
3302 269365552810
3402 277061418191
3502 285035776560
3602 293731657182
3702 301879432601
3803 310089590401
3902 319178769854
4002 328038164936
4101 335526125814
4201 344134132286
4301 352224627396
4400 359622788822
4501 369309268813
4600 378850444808
4700 386487714066
4799 394353709253
4899 402701235268
4997 409183607730
5097 417442533366
5198 426610391970
5284 432836169291
5377 440294378344
5477 449320623093
5576 457028561878
5674 464883699200
5774 473656964403
5874 483244380131
5972 490019647952
6072 498161565895
6162 503086519607
6248 505199980662
6347 511310934746
6446 520760639776
6547 529054554087
6647 537633094823
6747 546041522699
6847 554320563169
6947 562843415726
7047 571231077168
7147 579276818900
7246 587406675231
7347 596361314695
7447 605293424635
7547 612956067367
7646 620856245044
7746 629389864502
7846 637142598746
7945 645844787760
8045 654653370191
8145 661816715640
8244 670219240495
8344 678380010120
8444 686311065306
8543 694806485015
8644 703695885893
8744 712085630177
8843 719984981591
8943 728387645490
9043 736358650913
9142 743205988656
9243 752563141936
9343 760811791954
9441 769011199371
9541 777620006648
9641 786037445018
9741 795188375240
9841 803047653989
9942 812479135398
10042 821469577346
10140 828318008220
10240 837146803607
10340 845465367389
10439 852748319842
10531 861439225866
10620 868986910465
10719 877437116044
10819 885231397066
10918 894145036916
11017 901668768066
11117 909720451775
11216 917929166458
11316 926391322233
11416 934597768018
11516 943767741273
11616 951921812713
11716 959338804952
11816 967878880811
11917 975761302991
12016 983271202500
12116 992302233479
12216 1001035021869
12314 1008330578138
12414 1017238257592
12514 1025438280400
12614 1033211180723
12715 1041597882789
12815 1050506650237
12915 1058526670295
13014 1065848840482
13114 1073179029912
13213 1081171920217
13313 1089473626803
13413 1097914681826
13513 1105846693189
13613 1113530610248
13713 1121574819379
13813 1130204817836
13912 1138212460500
14013 1146570616727
14112 1155394503165
14212 1163493949981
14309 1170121287220
14409 1178333170559
14508 1186647345072
14608 1194641653347
14708 1202300405562
14809 1209876418450
14908 1217562995031
15008 1225297872600
15108 1232775660352
15207 1240690328589
15307 1249031359670
15407 1256746343450
15508 1264930286279
15608 1274763710143
15708 1282392073535
15808 1289163007552
15888 1296076229197
15986 1305414613571
16086 1313286082528
16185 1321485854687
16285 1330514742528
16385 1338551144462
16485 1344503516294
16584 1351892068082
16684 1359403711160
16785 1367334666539
16885 1376499334571
16985 1385096172413
17083 1389512342174
17179 1396036676392
17279 1403481148235
17378 1409524830048
17478 1417568805021
17578 1426000790516
17678 1433240721300
17778 1440468665764
17878 1448329714451
17977 1455438374965
18077 1462724869787
18178 1470828829907
18278 1478129740637
18378 1484619127885
18478 1491912044816
18577 1497909134386
18674 1503571204774
18774 1510597955222
18871 1516612134589
18969 1522267838583
19067 1528784487738
19165 1536285475831
19265 1542376378645
19364 1547725543338
19462 1553975319158
19561 1559057949950
19659 1564320788319
19758 1570228146088
19855 1576254518844
19953 1583583037988
20054 1591606521928
20146 1597584226915
20234 1602692353828
20333 1609893203927
20433 1615566204222
20528 1619990421998
20627 1625083712422
20726 1629653856039
20825 1635230890541
20924 1640657185499
21023 1646794823868
21123 1652403177328
21222 1657986630995
21321 1663934791790
21420 1670195277694
21520 1676460706980
21621 1684509466066
21720 1691140790309
21820 1698134626880
21920 1705862036619
22019 1713315839060
22118 1720021819000
22215 1726397591648
22316 1733293798224
22411 1738857661713
22509 1745109912007
22608 1752086503159
22704 1758840054774
22803 1766083943441
22901 1772567512246
22998 1778732380653
23091 1783930774078
23188 1789897429157
23288 1795677521868
23382 1800844414183
23478 1806850271313
23578 1812715018815
23675 1818449936418
23773 1825052322645
23871 1832022022141
23955 1836978647330
24043 1842865773716
24143 1849902225684
24242 1856782302076
24342 1863256327421
24441 1870106545907
24540 1876724590413
24637 1883245082067
24735 1890007066521
24832 1896787552597
24928 1902779511951
25024 1909959798209
25122 1915008393981
25221 1920410741068
25319 1925851740257
25418 1933236898783
25517 1939119906731
25616 1946686842272
25716 1954358220471
25812 1962147417989
25912 1968885979651
26007 1975054353702
26106 1982364112745
26199 1989387562978
26299 1996173827453
26398 2003606002329
26490 2009136204938
26589 2015935083660
26685 2022497328388
26784 2028777978192
26884 2036350817360
26985 2045153499396
27085 2053745949569
27182 2060145878077
27280 2068849464452
27380 2076087060261
27480 2083572744189
27579 2091446095883
27678 2098145617368
27778 2106107796012
27879 2114467704376
27979 2122791003523
28077 2129754017508
28177 2137937246693
28256 2144035993954
28355 2151365724323
28455 2159658410535
28553 2167066834465
28652 2173752083842
28751 2181106564100
28849 2188616244545
28947 2195984374636
29047 2202219768977
29146 2210920886420
29243 2216765801564
29341 2222666323350
29440 2230049954410
29539 2236898779312
29638 2244162930807
29737 2251579543216
29837 2258875080385
29937 2265286203903
30033 2272544186337
30131 2278946294193
30230 2286202793218
30329 2294051498402
30428 2301121044805
30527 2307255837980
30626 2312875379596
30722 2319818996638
30821 2326888573205
30918 2333579608369
31018 2340968778542
31117 2347781171037
31216 2354051937797
31316 2360725351219
31415 2366258350636
31515 2372122565288
31614 2378739564021
31711 2385292236187
31809 2391951171498
31909 2401286788752
32006 2408839424155
32106 2415392902594
32206 2421718538607
32302 2427928725216
32401 2435301053705
32480 2441623336902
32579 2448988065213
32677 2455284945855
32776 2461953539576
32872 2468592297257
32972 2476183552358
33071 2482689394829
33168 2489091602263
33264 2496165542743
33360 2502198807082
33459 2508969694956
33559 2515540878388
33657 2521889869862
33758 2529826333231
33856 2536071368434
33954 2542519931953
34051 2548715387682
34146 2553812454924
34245 2560714627890
34343 2567210371947
34443 2575145040418
34543 2582740981534
34643 2589523500089
34742 2596910471862
34837 2602914755050
34934 2609364710433
35032 2617659512662
35130 2625411271773
35229 2632493521666
35327 2640225663181
35428 2647172664198
35525 2653621637200
35624 2659770862655
35722 2666655177986
35821 2672887231919
35919 2678805243013
36017 2684848063533
36113 2690577185062
36211 2697928732017
36309 2704694663486
36409 2712571414488
36504 2717577377384
36584 2722557176521
36684 2729404501019
36782 2735079892470
36883 2742409101432
36978 2748323986004
37078 2754856648624
37172 2760627474589
37271 2767311536805
37369 2774452594879
37467 2781728107093
37566 2790411903238
37664 2798734365155
37761 2805588444531
37862 2813417117717
37961 2820801401141
38057 2828211249208
38157 2836906703516
38257 2845307889800
38357 2852170140952
38458 2860655806742
38556 2868571366179
38655 2876178253351
38752 2883541781311
38848 2891662553750
38947 2899976138531
39047 2907344494831
39146 2914824719296
39247 2922799405215
39346 2930348464825
39445 2938218886016
39544 2946005905643
39641 2953164741790
39738 2960194752661
39839 2968834857780
39937 2974871749886
40037 2982990932068
40137 2991444825446
40235 3000075362954
40333 3008214413444
40433 3015804279626
40531 3023049956427
40631 3031366963430
40730 3039478889479
40829 3045531141347
40926 3051963699843
41024 3058253761753
41103 3063550303319
41202 3070082297099
41302 3078594319340
41401 3086076359978
41497 3092658777760
41596 3099159797437
41695 3107843149234
41795 3116278944907
41894 3123573119307
41994 3131652750192
42094 3140197979830
42193 3147353976206
42292 3156147215076
42392 3164676509914
42490 3172054117173
42591 3180962864445
42691 3188171451219
42790 3196442888274
42890 3205660399235
42990 3214270670451
43089 3221932634045
43190 3230480245477
43289 3239133770976
43389 3247669033839
43489 3255438746328
43588 3264494499639
43688 3273081512900
43788 3280997726676
43887 3289783207827
43988 3298349657552
44088 3306896712098
44188 3315090063902
44286 3323363890867
44386 3330716035086
44485 3339439799846
44586 3348432779295
44685 3355885059810
44784 3363495964673
44884 3372426518071
44983 3380844283365
45083 3388325505967
45182 3396682299800
45282 3405514157883
45382 3413908361425
45481 3420328088590
45580 3428461132486
45679 3437168383610
45778 3445502371581
45878 3454046985992
45975 3460497249519
46074 3468269738211
46175 3477463157615
46273 3485141532551
46352 3491446296352
46451 3499582249155
46551 3507348811861
46648 3513631489663
46747 3520250708647
46843 3526812735123
46942 3533969307103
47043 3542409131556
47142 3549879176062
47240 3557087930438
47337 3565202002466
47437 3572819332411
47537 3580386270156
47636 3588006710586
47735 3595695295808
47834 3603315482161
47934 3611093972824
48033 3620029891275
48130 3627645555127
48230 3635514147610
48330 3645076726255
48427 3652341340569
48526 3659698632927
48624 3667990234686
48721 3675284649333
48820 3682574570034
48919 3689524457984
49012 3693596249645
49108 3700036332166
49209 3706867492249
49305 3712620558718
49403 3719466868292
49501 3726433805642
49598 3733454340745
49697 3740592993357
49794 3748311056396
49894 3756527790259
49995 3764634013672
50094 3772647139283
50193 3780896218911
50292 3788121509296
50390 3795715309346
50490 3803743711071
50589 3812168100557
50687 3820364810778
50787 3828923208549
50866 3835077471175
50964 3841926090370
51064 3849398548547
51163 3857827844313
51263 3865653151720
51363 3872621821811
51463 3879821667931
51563 3886971656113
51663 3893832565401
51762 3901938339149
51858 3908969455332
51955 3915730062403
52054 3922674943277
52152 3930244133399
52250 3937515933031
52350 3945652436841
52449 3954011387490
52549 3960934059095
52648 3968941579842
52748 3976828672503
52847 3983776184240
52945 3989842686745
53042 3994888637742
53139 4000878722456
53238 4007710016406
53336 4014321749564
53435 4021698318764
53533 4028940102711
53631 4036930332797
53731 4044733340381
53830 4051029925147
53930 4059154448420
54027 4065831786373
54125 4071663292273
54225 4078211193553
54323 4084859607291
54423 4091454405455
54523 4099385908581
54623 4107990113387
54722 4114732532681
54819 4120084540577
54918 4126205312062
55018 4133328433331
55116 4140421770490
55196 4146814996301
55286 4151867202655
55385 4157948233832
55485 4165505597468
55585 4172867255164
55683 4179476206111
55782 4186677382186
55882 4194206369548
55980 4200699905244
56080 4208167375856
56180 4216183805722
56279 4224366255156
56378 4232700526945
56478 4241455839737
56577 4249530359652
56675 4257444293117
56776 4266243641027
56874 4273912976935
56975 4282031060030
57074 4290432555090
57174 4299013895996
57274 4307331816742
57374 4315529098182
57475 4324550103831
57573 4331963640977
57672 4339629566448
57770 4347832605972
57868 4354312359603
57968 4362569900569
58068 4371572323829
58167 4379651928590
58268 4388207324928
58368 4397242480730
58468 4405076655795
58568 4413282781161
58668 4422022992929
58767 4430150580721
58867 4438336207701
58967 4446878652409
59067 4454764067992
59165 4462631521318
59265 4470253265560
59365 4478635472348
59463 4485693101830
59563 4493655020616
59663 4501743769264
59763 4510265354558
59862 4518371371606
59962 4526562875499
60063 4535008533195
60163 4543133902539
60263 4552873023806
60357 4560903876926
60443 4568140946456
60542 4576941369317
60641 4585498356779
60742 4594198480004
60842 4603151079351
60942 4612259104417
61041 4619893201784
61141 4628303021317
61241 4636109577962
61340 4644234194324
61440 4652615239620
61540 4660472112140
61639 4667900954696
61739 4676570480966
61839 4686248561130
61938 4695685820082
62039 4704197532885
62139 4712725629111
62239 4721082254835
62339 4729681856415
62439 4738366617985
62539 4747759393573
62639 4756872225168
62740 4766078106963
62840 4774823118215
62940 4783276925669
63039 4791613483918
63139 4800329882076
63239 4808496031128
63339 4816657486330
63438 4825322190142
63538 4833546410603
63637 4841221046453
63737 4849676931635
63837 4857882511473
63937 4865572257474
64037 4873702333272
64137 4882201752490
64237 4890256542416
64334 4898669098159
64433 4907351513870
64533 4915487785897
64633 4923339389610
64733 4931963375965
64832 4940357122837
64930 4948188110463
65029 4956423421450
65129 4964943495117
65228 4973249052009
65329 4982587100033
65429 4991309371117
65529 4999196053240
65628 5007700285054
65727 5015852776413
65824 5022282054058
65925 5030445142217
66025 5039624412269
66104 5045716739548
66203 5053925404473
66303 5063322392253
66403 5071222779867
66503 5079975900242
66603 5088571441951
66703 5096322720744
66803 5105032984973
66903 5114011247761
67004 5123130188151
67103 5130576811236
67204 5139641274464
67304 5148221823330
67404 5156173108271
67504 5164792213208
67604 5173655636546
67704 5182087477093
67805 5189918074192
67905 5198799568710
68005 5207519386079
68105 5216400574683
68205 5225252238555
68304 5233790285562
68403 5241936831575
68502 5251031791209
68602 5259752443718
68702 5267737193537
68802 5276782724444
68902 5286020380383
69001 5293997632659
69102 5302200998253
69201 5311169205627
69300 5319962066710
69400 5329095361437
69499 5338103438142
69599 5346499660973
69697 5354801052820
69798 5362741778638
69898 5370793339315
69997 5378847674759
70097 5387445648799
70197 5396259268365
70296 5404225959381
70397 5413011062821
70496 5421930025826
70596 5429681082059
70695 5438012479032
70795 5447420796354
70894 5454783885366
70995 5462615330294
71094 5470318384824
71192 5478028135641
71292 5486150451379
71392 5494652239974
71491 5502967637287
71591 5511393668781
71692 5520130278369
71792 5528463247482
71877 5534886066487
