4 52199081
51 1208184809
89 2037156794
124 2997788382
175 4107167431
208 4682327274
248 5498701079
288 6346236142
319 6986462485
363 7735189702
401 8608285088
438 9439580215
484 10355939217
535 11505721682
570 12313018134
623 13368884399
666 14297589352
689 14666412476
729 15501564202
765 16309296685
794 16909582372
825 17530361218
879 18805323769
923 19731696042
950 20318798307
1005 21509609864
1059 22414263522
1091 23516902913
1137 24501139004
1183 25520014518
1210 26050390045
1258 27012166880
1314 28119686213
1352 28984549850
1393 29799365407
1443 30836072089
1501 32023378189
1529 32566253848
1574 33683512289
1615 34497446054
1649 35052327868
1699 36024350235
1759 37394668430
1788 38064517592
1833 38981214649
1865 39637817870
1888 40194268577
1937 41144194900
1991 42258024801
2031 43090430867
2066 43613205075
2111 44407718717
2149 45246770469
2181 45824996486
2216 46505062221
2255 47519133997
2273 48097016499
2320 48913721549
2358 49591018048
2380 49970502055
2431 51085304992
2475 51817993257
2504 52544667851
2555 53504428760
2606 54434657766
2639 55267071134
2681 56321156545
2736 57719950003
2779 58585544809
2781 58604149488
2815 59292626053
2850 59985766771
2875 60434819667
2921 61406190523
2969 62524991409
3000 63178222731
3052 64584636942
3102 65698486177
3133 66382719163
3184 67276483983
3239 68476667131
3272 69146057442
3314 70104114520
3377 71564034096
3428 72802790627
3465 73599026475
3502 74389733276
3562 75907443066
3593 76502082146
3639 77425747446
3686 78567726414
3717 79229237987
3786 80784066928
3838 81850593374
3874 82600661334
3935 83755355968
3991 84835432651
4033 85700385962
4087 87164480178
4105 87407425503
4158 88657681081
4200 89561118614
4218 89830338164
4237 90223026781
4241 90282366436
4291 91132519468
4332 92118032776
4368 92772130892
4415 93881741264
4465 94970264273
4485 95284728046
4525 96085871501
4574 96913229042
4610 97630176807
4654 98486148863
4690 99170198658
4742 100210026245
4761 100490800663
4781 100796435661
4822 101897016253
4852 102598716537
4916 103934509741
4957 104482357007
4987 105086672494
5035 106249558893
5090 107510897090
5123 108305681671
5158 108871369131
5204 109792700245
5246 110766304151
5290 111770323458
5345 112788730265
5392 113857108482
5429 114676919264
5484 115736681028
5534 116956335500
5565 117644786981
5615 118704645323
5660 119775640392
5689 120389826181
5732 121111344040
5779 122018085299
5801 122565837157
5844 123528045796
5880 124402666519
5913 124976080003
5953 125875401608
6008 127279936407
6048 128103510248
6079 128682577930
6131 130019916653
6176 131011027924
6210 131531005434
6258 132449496129
6309 133478016361
6334 133915404099
6397 135380759117
6447 136594594306
6475 137083695267
6517 137827707434
6560 138854392040
6591 139580795437
6637 140655375082
6683 141426636228
6719 142353848351
6743 142801649176
6785 143598490829
6831 144480809807
6859 145120270857
6917 146418925069
6967 147515732507
6994 147924502598
7037 148929575784
7092 150127317653
7124 150882174813
7168 151861726608
7212 152807929083
7248 153460850274
7299 154538063130
7344 155387682282
7375 155920599403
7412 156701566930
7469 157986806822
7514 158857351925
7537 159223636815
7586 160090245906
7638 161148856996
7664 161802574990
7717 162934780613
7768 163969901758
7787 164320115168
7816 164932041203
7838 165288851774
7848 165519488298
7848 165519488298
7864 165749695904
7901 166545202006
7944 167505655262
7995 168568032100
8042 169441354272
8077 170099345743
8114 170811261977
8156 171585419792
8182 172265493225
8231 173467027730
8284 174825033206
8304 175267286290
8353 176296235475
8400 177242105671
8427 177772140659
8468 178529239863
8503 179198340428
8535 179777528289
8564 180348259841
8598 180972130883
8642 181968973873
8666 182438883433
8712 183368170664
8755 184201629217
8782 184639181259
8824 185484475032
8870 186291257584
8905 187152463174
8952 188156121273
9002 189241298493
9029 189759869230
9070 190556773467
9104 191222611912
9129 191684782381
9168 192525733916
9207 193247188948
9255 194186431881
9279 194661126261
9327 195540699370
9378 196519895662
9408 197130551360
9463 198123426650
9503 198932192267
9532 199526753791
9571 200277644340
9619 201264621644
9647 201745869631
9703 202993785258
9761 204457346235
9803 205409887102
9859 206731200202
9903 207575068516
9960 208759551219
9984 209195302563
10036 210439777709
10074 211128561166
10097 211437825783
10152 212477187172
10202 213720157314
10229 214352609152
10282 215405993348
10339 216775419508
10372 217393561093
10402 217928522015
10448 218787220361
10494 219669877245
10532 220245900650
10577 221190595023
10623 222023645106
10664 222888717487
10712 223764817830
10744 224353806446
10783 225363883902
10831 226337313920
10871 227111277865
10894 227672753130
10944 228794424355
10995 229996386122
11029 230723087907
11070 231573914872
11100 232183723456
11145 233164487487
11193 234310183501
11242 235096983269
11284 235997279439
11322 236870089485
11369 237639088413
11415 238571340548
11437 238991512209
11488 240189424900
11544 241348525389
11579 242287889555
11610 242930422420
11658 243813575384
11675 244154635831
11728 245124178727
11773 245778116000
11809 246492485565
11859 247958141372
11908 248904897185
11955 249813913272
11984 250373013487
12038 251552248582
12090 252633174804
12116 253091000508
12176 254669533455
12226 255969285143
12266 256960424383
12321 258134289259
12378 259569675053
12413 260321707912
12472 261701452430
12538 263220222350
12580 264160503112
12634 265480442205
12691 266959150218
12743 268039234437
12781 268816330894
12832 270019359025
12898 271525916754
12926 272136386087
12976 273458081893
13034 274674271008
13068 275282152463
13121 276513701928
13159 277300969378
13179 277771994364
13215 278405119709
13249 278972915472
13274 279584263915
13319 280470954204
13371 281522064827
13409 282407575546
13438 282990718742
13475 283577249796
13526 284798260357
13561 285615720883
13605 286549319769
13661 287725507626
13691 288368176089
13737 289487829615
13793 290841217330
13816 291429104547
13871 292612575350
13924 293777397612
13965 294842585080
14014 296171405560
14066 297083211349
14105 297790644099
14136 298375417120
14175 299221036688
14194 299603076737
14228 300249948975
14264 300657623476
14294 301167901916
14320 301817065849
14360 302610963144
14403 303421331947
14426 303996888217
14467 305060429363
14522 306127244276
14558 306869383792
14609 307899802390
14667 309165138725
14709 310200626964
14756 311342607640
14804 312494133736
14856 313713108407
14879 314224048046
14927 315368772678
14969 316276002477
15001 316929834636
15052 318005732957
15091 318762646084
15118 319376665760
15169 320573693177
15212 321498064161
15234 321878978395
15264 322397383740
15310 323230660388
15345 323896710424
15371 324485828588
15396 324932899419
15436 325670705784
15452 325937436356
15473 326305927675
15513 327161648670
15525 327423833863
15566 328451703140
15611 329393906931
15647 330243545224
15698 331164122468
15759 332496735500
15788 333198271140
15840 334199640326
15879 334926425984
15923 335942059020
15967 336882913484
16015 338064354518
16062 339014752027
16092 339740069120
16142 340768064147
16201 342099717096
16240 342895927634
16297 344290478989
16338 345067460551
16364 345593126714
16417 346901821232
16470 347918000328
16505 348684042591
16555 349534124980
16606 350672149936
16643 351441007441
16681 352198870808
16730 353344271121
16779 354238452287
16812 354889419362
16863 355898788041
16918 356969213577
16946 357545526177
17005 358883093463
17060 359737127397
17100 360516579086
17154 361692551646
17209 362765650334
17241 363394314791
17285 364304843014
17334 365270119924
17368 365919382080
17425 367311901146
17473 368219621804
17513 369087030201
17551 369986266656
17602 371235046333
17653 372268894847
17689 372910961404
