8 659574688
109 6530375802
208 12854556697
282 17339834159
375 22540880214
476 29430590220
574 36096139439
670 41305182183
770 48400443709
862 54118024299
955 58977816557
1053 64602792791
1153 71233074290
1246 76811118255
1340 81761414224
1438 87828486002
1536 93614712303
1631 98658599687
1730 105424026560
1827 111588449834
1920 116465819910
2017 122058756253
2106 126758247366
2149 128710015568
2247 135796925164
2346 143062194643
2439 148463633119
2533 154375803299
2632 160970861579
2730 167558515490
2823 173158889685
2920 178761795295
3019 184505792125
3109 189297193093
3209 196661488109
3307 202884249624
3402 208355729878
3496 214479985491
3588 219533630056
3675 223804682514
3776 231172061216
3872 237014137722
3947 240885097597
4042 246298866910
4140 252906796303
4237 257801509731
4331 263027207078
4430 269760608935
4527 275200551718
4618 280757938774
4716 287484045875
4800 291146774585
4892 296252213746
4992 302792617457
5090 309146393564
5181 314530981394
5280 320749586197
5380 326432912589
5474 331617578077
5573 338017538970
5672 344824952587
5766 350129091472
5857 355218094178
5956 361434937725
6052 367338604211
6143 372688976345
6242 379246872611
6341 384673921161
6435 389890162726
6536 396822536159
6636 402588773876
6732 408053164171
6830 415257091277
6929 421537121121
7023 426687736056
7121 432863194033
7219 438857200744
7315 444248626628
7412 450007223846
7509 456250296788
7605 461599120528
7698 466413977814
7798 472901994948
7893 478624268392
7974 482604285269
8069 488757889066
8168 495218494030
8267 500734291744
8366 507905582729
8462 514258528163
8556 519981811914
8653 525397380406
8743 531507911995
8817 535860421410
8916 542007361736
9015 548504223448
9113 554223745007
9206 559366699711
9305 566134649936
9393 570958742346
9489 576206952586
9589 583192937555
9684 589150132630
9775 594795286600
9874 601273103685
9971 607475352210
10067 612538897028
10163 618267814318
10261 624819085500
10356 629971505564
10456 635838504076
10554 641849154377
10652 648193756225
10743 653648231057
10843 660758521889
10931 666172278611
11023 671440180495
11123 677540629943
11218 683172218769
11310 688568629742
11409 695541589671
11508 702445089280
11602 707496746691
11697 713537523447
11796 720123071052
11888 724707012047
11984 730299755606
12063 734763928915
12159 740589107029
12254 745801173002
12352 752547191056
12448 758904774904
12540 764550811519
12638 771568449682
12736 777168363764
12828 782647680506
12927 788645733841
13023 794371603608
13115 799785925633
13213 806235952688
13312 812259903524
13409 818190142436
13503 823481829506
13602 831308849025
13698 837214725160
13792 842492902556
13890 848788485693
13985 854896743389
14082 860322213059
14181 866533769437
14279 872628607849
14378 877808066160
14477 884599381922
14573 890766483455
14664 894998713652
14763 901725670385
14862 908270564031
14947 912518546652
15044 918330224288
15145 925269799877
15241 931285753949
15333 936182623084
15431 942912531720
15530 948465422234
15624 953999916842
15724 960035702275
15820 965107387112
15915 970291599915
16013 977128373011
16112 983545501832
16185 987498990103
16284 993821556571
16384 1000127236953
16479 1005038503621
16576 1010326260572
16676 1017046538287
16774 1023251388472
16869 1028429053398
16968 1034812199574
17063 1040802912611
17157 1046704327961
17257 1053318794289
17353 1058195952679
17449 1063644161461
17546 1069869693842
17643 1076596747802
17729 1081346081568
17828 1087753649501
17926 1094131387057
18024 1099505339419
18122 1106129408861
18221 1112282467849
18315 1118486872757
18409 1123803498529
18508 1130679487510
18603 1136804889241
18696 1141928217998
18796 1149060752840
18893 1154568950851
18985 1160015135544
19085 1166640629529
19177 1172317800698
19266 1176423524245
19366 1183470421576
19463 1189183762185
19550 1193388052087
19648 1199176002050
19748 1205047033229
19844 1211100178138
19940 1218084757736
20040 1224760544392
20136 1230611771749
20231 1235763896172
20312 1241457711975
20408 1246276382949
20502 1252162514458
20601 1258215496530
20698 1264664620667
20795 1270183242661
20895 1277463178440
20991 1283363315808
21086 1289152107338
21184 1295524820297
21284 1302683698265
21379 1308352988147
21469 1313848873595
21569 1320669093725
21667 1326743816905
21758 1331940423292
21858 1338178290113
21949 1343614768905
22044 1349122493388
22144 1354775878402
22238 1360666476982
22320 1364267265098
22416 1370247546219
22515 1376818709482
22612 1383197791299
22708 1388878207533
22807 1395889388026
22905 1402815827187
22997 1408072354881
23096 1414697006161
23196 1421296680384
23291 1426045180849
23389 1432541537800
23487 1438954487839
23582 1444263425655
23683 1450829704113
23753 1455008819989
23849 1460903652699
23949 1468313743295
24047 1474872231180
24141 1480640313030
24236 1486500139620
24321 1492254413787
24416 1498477719274
24498 1501600255829
24592 1507829819771
24690 1513725558666
24783 1519466413554
24883 1526669894770
24982 1533463002347
25069 1539061256355
25167 1546062420179
25266 1551924949596
25358 1556683675510
25454 1562709428190
25554 1568872457779
25650 1575034005348
25745 1581075960590
25843 1587621102251
25941 1593792453145
26011 1598260858922
26110 1604386018083
26208 1610697935704
26304 1615821984426
26405 1623139304454
26503 1630513423913
26599 1635796740588
26699 1642232955840
26798 1649450150787
26896 1655811330165
26995 1662829734621
27094 1669510761969
27192 1676012393822
27289 1681319699013
27386 1687979802520
27483 1693894856423
27576 1699051573621
27675 1705856923980
27774 1713227830039
27868 1718366327949
27965 1724898060389
28064 1731622500089
28160 1737024552772
28261 1744126419404
28360 1751183858834
28454 1756398458719
28553 1763594970183
28633 1769692702539
28728 1775047069357
28823 1781536649284
28923 1788625577423
29023 1795135069600
29121 1800925443384
29217 1808042944761
29315 1814546732842
29409 1819296570556
29507 1826113809474
29607 1832251185611
29704 1837834734936
29803 1844875252521
29902 1852254591919
29996 1857671606543
30093 1864440579623
30193 1870852648222
30288 1877069944718
30383 1882908181422
30482 1889751268936
30581 1896589264251
30668 1902284119779
30768 1908603483907
30867 1914780194646
30954 1921253898532
31053 1928017474086
31127 1932386768933
31219 1937439089194
31318 1944582086952
31418 1951189047915
31514 1957143439785
31615 1963839910355
31713 1970956513143
31808 1976544813733
31907 1983108305957
32007 1989245175758
32103 1996161905195
32203 2001813796405
32304 2007637876023
32401 2014492266258
32491 2019852654377
32590 2026501441470
32687 2033202443537
32779 2038802050011
32857 2043460743693
32953 2050569924812
33048 2056436479802
33147 2063253713274
33245 2069524186253
33341 2075113363413
33438 2081056798880
33537 2087409917092
33634 2093499067537
33731 2099486242011
33830 2107076547018
33930 2113684836721
34029 2118971927600
34129 2126071992803
34228 2132756932272
34327 2138516588691
34426 2145773855132
34524 2151778912719
34619 2157452922701
34710 2163024627185
34806 2170459630135
34903 2176673834460
35000 2183100606300
35097 2189825307488
35188 2194964315066
35284 2200830174424
35382 2207162728385
35482 2213215893581
35576 2219072563979
35674 2225730300034
35774 2231776895563
35871 2237489685423
35968 2244015683455
36064 2250830974998
36163 2257165586275
36259 2263532148894
36358 2270147141144
36455 2274920829305
36553 2281948427583
36652 2288008449565
36752 2294860010251
36848 2300679876109
36946 2307122444483
37045 2313527608549
37144 2320303985924
37224 2325077692762
37322 2332008695176
37418 2337877753469
37517 2344983528046
37612 2351484706176
37709 2356928544733
37809 2363726434555
37907 2370199788243
38003 2375600000473
38102 2382099214856
38202 2388651162429
38298 2394241408424
38392 2399283943495
38491 2406172546265
38591 2412485269446
38683 2417523136914
38784 2424996933408
38884 2431696408790
38976 2436248089915
39076 2442373069612
39173 2448527949603
39268 2453428711833
39366 2460338811634
39466 2466814003051
39563 2472459441920
39660 2478598957499
39759 2485043299810
39856 2490476175709
39950 2496432658182
40046 2503103074386
40146 2509261949964
40238 2514486150236
40337 2521259597920
40435 2527670541805
40531 2533783445059
40629 2540191806754
40727 2546102731527
40824 2551705938212
40925 2558214854029
41023 2564782877749
41117 2569470529364
41216 2576274501970
41314 2581953676699
41413 2587845961411
41510 2594098113420
41591 2599390361006
41690 2605726324707
41788 2611923354849
41888 2618532372393
41986 2624656830572
42079 2629761572476
42178 2635511354285
42278 2642268867250
42375 2647593604298
42472 2654093990850
42571 2660440599474
42665 2666513088638
42765 2672816437842
42865 2679260554486
42963 2686167265712
43063 2691988899029
43162 2698176288996
43261 2704082287578
43326 2707676789482
43424 2714892317245
43524 2721200440151
43617 2726385294522
43716 2733118955581
43816 2740761548374
43908 2745608561397
44005 2752403434124
44103 2758580707493
44197 2763887770291
44297 2770059158779
44379 2774090405707
44476 2779543831321
44571 2785711861418
44668 2792198980209
44763 2797564406682
44858 2803509651196
44958 2810170223740
45053 2817329101503
45148 2822784441059
45246 2829524425336
45346 2835853502548
45441 2841019692370
45539 2846804827326
45635 2852440039428
45714 2857286483030
45814 2864336613948
45914 2870094450033
46009 2876112079528
46106 2882366980498
46205 2888853637049
46305 2895015599577
46399 2902007970261
46497 2908322029157
46596 2916054924456
46691 2922010726845
46790 2927484067571
46890 2933791511000
46984 2939856989340
47080 2945944413623
47178 2952635318906
47272 2958667743686
47372 2965416999398
47470 2972488174548
47570 2978728886478
47669 2984688470799
47767 2991978555995
47865 2998103020452
47958 3003332815165
48057 3010542270810
48154 3017069515482
48250 3022584897065
48349 3029250742476
48449 3035836706056
48541 3040852551718
48640 3047174773405
48740 3053682257073
48838 3059466637934
48937 3066150335137
49037 3072880357463
49134 3077776940995
49232 3084398519971
49331 3091068456972
49426 3096911592408
49520 3102393578809
49619 3108294633953
49718 3115014296778
49815 3120085176814
49914 3128264143297
50014 3135145040201
50090 3140136538346
50191 3147343499565
50290 3154687941188
50384 3160295181715
50483 3166956259891
50583 3173279124635
50677 3178514191810
50777 3185270574016
50874 3191038513888
50975 3196762523843
51070 3202341569407
51169 3208780809326
51269 3214633596974
51361 3220423598696
51460 3226710235234
51559 3232920509118
51653 3238375245400
51752 3244739465169
51850 3250858922796
51944 3256042078148
52043 3262013050661
52141 3268871344212
52239 3274512157094
52336 3280858935987
52434 3286682941476
52532 3292621303716
52630 3298935951905
52730 3305178794233
52830 3312119962721
52930 3318421715437
53028 3324948120512
53125 3332190360941
53220 3337664101637
53317 3344380353942
53417 3351973786946
53511 3357378048129
53612 3364182590498
53711 3371549549346
53799 3376178426098
53896 3382268894994
53995 3388213655254
54093 3394650088166
54188 3399905664410
54287 3407157048814
54386 3413924124095
54460 3418246587831
54559 3424967382587
54638 3429707066308
54738 3435002918512
54838 3441515328749
54938 3447806680777
55029 3452902276871
55126 3459011879523
55226 3466304054289
55319 3471632543984
55419 3478597651089
55514 3484955662386
55612 3490487484450
55708 3496782855758
55803 3503714480091
55902 3509782514298
55993 3515442578239
56091 3521769171347
56190 3528288732712
56287 3534163775833
56385 3541034529758
56484 3547677800129
56580 3553285834789
56678 3559822910587
56776 3565934568191
56871 3571817255390
56971 3578267154315
57070 3584496872653
57163 3589659090620
57260 3596513824443
57359 3602733220652
57459 3609456910927
57551 3615502799077
57650 3621026183305
57751 3627818103187
57847 3632725014730
57947 3639207184051
58047 3645818773302
58142 3651591261910
58241 3657908123651
58341 3665209519787
58424 3670422118502
58522 3676741025027
58622 3683551634232
58700 3688123359419
58798 3694528105847
58898 3701069026944
58991 3706419400485
59086 3711390960869
59184 3718962220661
59283 3726069352600
59374 3731097202001
59474 3738255680293
59571 3744950166026
59669 3750386625324
59767 3756958940467
59866 3763881608211
59960 3768904673120
60058 3775491280683
60155 3781693829496
60252 3786842110441
60348 3793698141540
60447 3800023325657
60542 3806541127977
60636 3811786968519
60735 3818789649807
60835 3825510298515
60927 3831076620178
61028 3838476287488
61126 3845532525730
61215 3850524307796
61313 3857242755251
61413 3862835505442
61507 3868223446158
61604 3875217549232
61702 3880928064215
61797 3886947181405
61893 3893141787688
61993 3898761492479
62091 3904282515622
62187 3910328369056
62288 3916308344777
62386 3923153962678
62478 3928368539765
62577 3934707020581
62677 3940505499334
62775 3945920890588
62874 3951464454231
