0 0
0 0
0 0
0 0
0 0
1 6184910
2 11747424
2 11747424
4 18840909
5 49883415
8 93875794
8 93875794
9 110208528
10 136067580
12 148053082
14 172791096
14 172791096
16 189149560
24 284461802
36 451466166
60 778717542
76 988823646
94 1277957301
118 1597529657
136 1857463208
156 2138940929
164 2260710466
184 2503193752
194 2632623774
209 2859382422
226 3109953314
247 3371555839
263 3607638892
282 3832012028
299 4057449728
317 4279430157
334 4476456018
357 4773233292
379 5001504291
402 5419225545
415 5587075021
437 5883615679
445 5989529117
461 6252441283
475 6414052407
499 6746871908
516 6946331773
538 7190552581
561 7540922711
582 7816533052
598 8050640112
620 8363831091
644 8677511095
664 8931491917
680 9160082605
707 9715567979
718 9902827061
734 10106813294
755 10330890878
775 10564014080
794 10751523255
807 10920884385
826 11182806896
840 11381131830
858 11578464815
875 11808742849
894 12072287717
921 12443484980
943 12848587869
961 13076377159
992 13574871441
1014 13824883428
1042 14310490397
1059 14653477954
1075 14863206908
1097 15160341365
1112 15364358551
1139 15795982767
1173 16333551108
1198 16658837242
1221 17064463031
1238 17290634034
1260 17587531020
1285 17968132228
1307 18275728481
1311 18317762967
1330 18537094670
1342 18720972955
1355 18879343180
1368 19052423992
1380 19255048511
1396 19438728787
1410 19648909657
1426 19891849465
1450 20208158214
1465 20406969952
1483 20670710367
1489 20746941743
1507 21065416911
1520 21239181083
1532 21407940252
1559 21841634417
1584 22197677110
1610 22550658114
1622 22705815663
1639 22930204485
1648 23033395485
1666 23270676177
1680 23423415884
1690 23569649225
1705 23779839172
1714 23898325100
1736 24217458550
1749 24403483032
1773 24780647322
1793 25083150455
1816 25389505866
1838 25690700816
1860 25940760246
1890 26363004003
1913 26665435107
1931 26920141441
1947 27142167149
1974 27480310177
1992 27684759239
2016 27991690887
2029 28119360145
2047 28345451880
2059 28464160487
2079 28741758284
2093 28944562668
2109 29162467868
2126 29373846077
2147 29707864743
2166 30043395670
2176 30186095486
2197 30478304747
2211 30691446416
2230 30921688281
2244 31093648026
2256 31248847592
2267 31429105967
2278 31608607083
2300 31940974642
2316 32152352252
2336 32439577107
2352 32646666106
2366 32853814881
2378 33030867786
2395 33207351669
2420 33544883304
2445 33927445657
2463 34205219233
2482 34477652532
2495 34584343586
2515 34870441765
2533 35265063561
2541 35384625809
2564 35754427530
2579 35965687607
2598 36255748115
2616 36544307547
2643 36881299280
2658 37073084596
2675 37308753819
2690 37499282283
2706 37713912246
2723 37956170017
2744 38271419463
2769 38683020911
2785 38887050062
2804 39171134529
2825 39454719857
2838 39661349152
2865 39982135556
2880 40190376979
2904 40620106214
2922 40874774762
2939 41071068172
2956 41340339323
2977 41668126017
2997 41977559481
3012 42151586964
3033 42532609795
3049 42739821328
3065 42982244440
3081 43192869779
3092 43298690801
3104 43467548941
3125 43839040388
3144 44213396204
3163 44445577105
3183 44667169623
3200 44873219719
3223 45202070715
3247 45651748674
3265 45882190643
3288 46205451277
3304 46437243655
3331 46904583600
3346 47166016029
3364 47466475948
3388 47762711022
3412 48053374213
3428 48228192633
3444 48432855154
3461 48642241677
3474 48791953508
3494 49100306947
3511 49299889101
3527 49475186056
3543 49688150834
3563 49982157719
3578 50229230158
3597 50529491612
3619 50800437882
3641 51123403092
3658 51322780696
3674 51506899681
3693 51764554590
3710 51976436096
3726 52202338636
3747 52512840550
3765 52752419391
3779 52931204060
3797 53217951335
3817 53431030787
3828 53568112940
3838 53689588958
3860 54035379315
3880 54376751984
3907 54778235779
3924 54967540162
3947 55360044523
3968 55618591751
3985 55824937664
4007 56154129308
4021 56352388993
4031 56433663693
4046 56599892766
4065 56834948376
4076 56997737418
4089 57112331031
4098 57227459989
4117 57533936237
4140 57853156241
4153 58038224790
4171 58328537192
4191 58609146958
4215 58905912001
4234 59173747768
4250 59395242252
4276 59714115147
4287 59821285068
4310 60096698903
4323 60266251232
4333 60415247140
4355 60673475070
4376 60969429390
4396 61228499039
4414 61433303296
4435 61753798508
4454 61985927156
4470 62168165900
4485 62410428848
4503 62619901274
4523 62886897532
4538 63088455067
4557 63364085074
4573 63550227458
4589 63779579577
4603 63966151751
4623 64321200845
4640 64511090563
4657 64699832950
4671 64889968669
4695 65230493903
4710 65450931518
4724 65645766609
4741 65884253192
4759 66130613703
4776 66315433660
4791 66471446729
4809 66780969438
4825 67000257989
4836 67121222478
4845 67245443109
4857 67413709061
4870 67541535001
4890 67798816684
4901 67875428386
4916 68037635324
4924 68159201556
4941 68383374787
4960 68680101610
4973 68852047631
4992 69067814510
5007 69242948736
5028 69499463952
5050 69798725456
5074 70126577630
5089 70352757546
5110 70620646631
5127 70879165635
5144 71105247849
5160 71241101590
5178 71479164392
5193 71677633735
5207 71822638251
5222 72019924465
5236 72166334996
5252 72415814263
5268 72645239102
5284 72864636869
5303 73108274285
5324 73373692224
5345 73636463439
5358 73810334723
5373 74035028968
5389 74213792320
5416 74594250869
5425 74716821980
5432 74786684131
5453 75105653595
5476 75432056791
5495 75661031032
5507 75869620783
5521 76078922924
5535 76236308580
5552 76409452695
5571 76698325942
5582 76799793414
5597 76958662359
5609 77133468988
5623 77354368778
5635 77518695324
5647 77698886385
5656 77806917641
5671 77947506596
5679 78038856302
5686 78129917736
5702 78408920641
5712 78499387882
5733 78782709812
5751 79041150246
5760 79153602927
5774 79395295222
5794 79693576819
5816 79998586279
5827 80182412081
5837 80305931179
5849 80429277299
5863 80584226885
5883 80857753033
5885 80897985878
5909 81282866482
5927 81649981834
5940 81836784448
5956 82027257242
5970 82183404076
5988 82425443943
6003 82619572344
6023 82849648480
6039 83011260398
6057 83300509163
6083 83746985215
6103 84035512573
6114 84208465111
6133 84463406628
6148 84628389337
6169 84905125496
6183 85116029183
6207 85510308453
6215 85606905169
6237 85838931385
6260 86194485246
6280 86427951653
6291 86572955681
6308 86824797289
6327 87057232737
6344 87266975662
6357 87437277761
6373 87692562640
6397 88038218810
6414 88298836020
6428 88448996193
6447 88757887743
6458 88873747195
6474 89092026017
6484 89246160818
6499 89442999055
6513 89625077247
6533 89886563913
6555 90103074522
6576 90425996234
6592 90634776318
6607 90913160030
6628 91235911463
6643 91508874827
6670 91931250710
6684 92112577511
6708 92409042573
6730 92634911059
6743 92827392166
6767 93136939641
6780 93337523217
6796 93521532452
6806 93596068799
6828 93913435256
6844 94141498328
6865 94457946752
6884 94682512061
6900 94910257126
6921 95154330424
6937 95396624763
6947 95532878240
6965 95789049547
6981 95996536569
7000 96239265633
7008 96331843215
7024 96569396451
7034 96654793852
7051 96880886934
7069 97118597919
7083 97288131730
