2 39869915
15 259566229
37 589929734
43 647136199
62 983642088
80 1220967955
96 1455685331
115 1692437170
130 1913913312
146 2112008088
160 2328584246
175 2475037690
201 2789173908
220 3091449935
238 3294426559
265 3620653870
283 3852458233
310 4217974502
329 4439991764
344 4652023233
360 4834465435
381 5151414787
398 5354125135
422 5597522915
434 5731422631
450 5978856199
464 6173926414
487 6472910229
502 6701717690
513 6896832834
538 7276240295
558 7546790552
576 7819279504
597 8060557493
617 8277661702
630 8461206585
650 8764950356
673 9073118336
690 9301585338
707 9580536643
728 9908062931
739 10035548791
757 10288424137
773 10483702594
794 10762970598
816 11084887436
826 11205474399
840 11423154294
857 11620476832
875 11851431316
895 12206812552
914 12521922414
929 12798844289
948 13142573705
964 13367121852
983 13629370678
1000 13956327430
1013 14144537387
1028 14402640819
1044 14655919769
1062 14874752414
1083 15186354058
1105 15443251572
1133 15769772323
1151 16053406432
1167 16310187645
1184 16551330551
1203 16793525087
1220 16998516477
1240 17269745495
1259 17533101611
1276 17753461120
1296 18056738145
1313 18205171404
1327 18387733546
1347 18665314801
1365 18902128581
1387 19221523691
1405 19456511293
1420 19664454567
1436 19868542054
1455 20131972298
1476 20461690773
1495 20701404642
1510 20923293480
1518 21058661440
1536 21289197663
1552 21550865678
1570 21835413112
1582 21998900788
1603 22237751557
1622 22482829678
1636 22687541901
1636 22687541901
1646 22820201527
1665 23058474439
1678 23230706875
1696 23514620532
1712 23709616644
1732 24023980387
1747 24219460824
1762 24445271660
1778 24685316463
1795 24902683585
1812 25144302470
1831 25351538503
1850 25632625023
1871 25937664672
1885 26118287770
1909 26481718414
1930 26813219063
1955 27129827926
1973 27412090059
1993 27625541751
2008 27808127369
2024 28013909792
2038 28201062994
2061 28456302600
2081 28668598746
2098 28928389463
2112 29121299517
2131 29370624986
2148 29584669880
2169 29866927655
2185 30079730856
2206 30384800220
2221 30606313453
2240 30833506908
2250 31033193685
2265 31243073210
2287 31492490359
2300 31678253338
2313 31875377450
2327 32058426978
2340 32205860944
2355 32445709837
2373 32664000774
2386 32823098785
2402 33035247176
2420 33269561178
2426 33354790301
2439 33510527590
2458 33803309750
2488 34262197919
2505 34481298986
2523 34680843523
2543 34945859646
2562 35138570881
2576 35346264858
2590 35540495393
2604 35749195718
2625 36024992128
2639 36216890942
2657 36452781245
2671 36623486261
2689 36836567865
2713 37173943239
2733 37403703062
2749 37613224225
2774 37939704339
2790 38149073003
2819 38530598102
2840 38893872787
2859 39052691627
2875 39280920008
2903 39664845639
2920 39895418235
2944 40307023348
2963 40556542096
2980 40777536895
2997 40925447209
3013 41184965068
3033 41457266602
3056 41855744259
3072 42131227728
3087 42417197744
3100 42568574682
3120 42820687129
3131 42994683101
3146 43178900974
3156 43310758624
3173 43608792376
3187 43839062043
3200 43993689169
3211 44142474467
3227 44387894687
3253 44773833949
3283 45284424943
3302 45564176257
3314 45693111032
3334 45965150247
3355 46165347406
3384 46556560751
3403 46867255649
3436 47390288195
3455 47593816914
3486 47989271052
3501 48187754287
3519 48421016366
3536 48612309706
3557 48869422302
3572 49102475865
3580 49208105897
3599 49463689386
3617 49675337108
3638 49923195060
3651 50115736442
3663 50282918533
3679 50508444800
3701 50771985289
3727 51136262042
3748 51419664944
3761 51540927501
3784 51821559665
3803 52070299519
3825 52359128097
3846 52715749123
3863 52994465823
3888 53360066689
3910 53670527721
3918 53725042617
3937 53940117444
3953 54165078670
3968 54349993328
3984 54616061912
4004 54850709186
4025 55092418025
4039 55269342883
4057 55488714053
4074 55672860947
4095 55919420441
4115 56163290255
4136 56428028957
4155 56699376495
4176 56959975799
4203 57314717952
4224 57534528841
4245 57835096843
4267 58167419437
4285 58429672046
4301 58650192695
4324 58984531092
4346 59321721394
4366 59519615334
4383 59766620362
4403 60007836682
4422 60269380566
4438 60482063353
4452 60629330508
4470 60828727898
4492 61159244842
4510 61404317674
4526 61582824472
4550 61943668573
4568 62189514387
4580 62354297255
4596 62538853710
4617 62812275738
4630 62933739545
4648 63101709820
4665 63335521601
4682 63590202237
4703 63842977923
4721 64103746207
4742 64369359333
4753 64493778107
4772 64715211813
4791 64996786954
4810 65316203054
4821 65513976168
4834 65649916895
4851 65832627370
4866 66024331762
4876 66165339221
4895 66455883407
4912 66642609251
4925 66812412123
4939 67016511780
4960 67281474062
4979 67528283133
4993 67680555775
5014 68053173031
5031 68238605416
5047 68483787815
5063 68711493855
5076 68858209369
5097 69213283975
5112 69381170518
5126 69581979372
5136 69692952919
5152 69851267380
5173 70152464064
5188 70344569088
5205 70568419423
5216 70685759274
5231 70869220138
5245 71020801460
5259 71167800275
5274 71408938629
5293 71650312399
5308 71850603710
5325 72075245511
5337 72213955652
5353 72408031958
5372 72697151213
5387 72894607111
5396 72983776627
5414 73209691983
5430 73416131688
5444 73636141421
5462 73875534455
5480 74118901711
5496 74317718900
5512 74552059097
5535 74861123815
5551 75116031688
5574 75367115045
5592 75587301131
5606 75773651494
5620 75983022670
5640 76275736183
5654 76467336365
5669 76740430899
5686 76943534823
5702 77115176687
5715 77331695665
5721 77460828773
5735 77614434674
5750 77885844863
5765 78109908127
5786 78386408744
5803 78654796834
5821 78928780790
5830 79013109202
5850 79299064566
5864 79510035521
5889 79850668208
5904 80055614619
5919 80207733051
5937 80438750641
5953 80642106918
5977 81010348987
5996 81343821479
6013 81611146479
6015 81637132657
6028 81806567017
6046 82057253476
6063 82292469386
6077 82479283288
6088 82649307344
6109 82937467012
6122 83117475475
6145 83428064351
6162 83702490592
6182 83943338020
6200 84115789617
6214 84292283722
6233 84561123261
6245 84724347326
6261 84948436338
6274 85159816263
6290 85380943449
6310 85558189291
6327 85777771746
6347 86115733583
6360 86228753993
6373 86383288391
6399 86783051416
6417 87038261540
6434 87327481792
6448 87510233175
6467 87769805267
6479 87907042880
6503 88269865566
6513 88364388510
6533 88644811364
6548 88905028598
6556 88982414691
6573 89258232441
6592 89599540691
6615 89881353429
6626 90052080037
6647 90403157932
6662 90621892038
6675 90858692965
6690 91100768517
6709 91422933551
6731 91701208963
6751 91961842782
6767 92193833305
6781 92426213532
6796 92606836957
6801 92689548336
6813 92856921709
6816 92923355090
6826 93048157276
6843 93235849185
6853 93382350449
6863 93470988497
6875 93593704645
6899 93934713552
6913 94113446778
6933 94400711724
6945 94525034027
6963 94768566835
6983 95032441392
6999 95365614214
7015 95550031223
7031 95802543533
7046 95927363967
7063 96220205001
7078 96418598211
7097 96660536402
7112 96875712570
7131 97132496842
7143 97293279847
7167 97624043459
7186 97940802838
7201 98148762825
7221 98391727783
7238 98613003907
7252 98784896483
7265 98957872538
7280 99224322304
7291 99406090034
