8 447698129
108 4874393289
188 8250805610
266 11423189761
363 15461524293
454 19513336759
530 22389705662
624 26751673202
715 30573685832
782 33503578411
876 37590306688
967 41611347595
1031 44302889042
1117 47767819821
1210 51969650696
1278 54592403585
1374 58787977321
1471 62848581870
1544 65928074451
1617 69207843692
1703 72872595907
1801 76787167674
1873 79620647929
1967 83505931416
2057 87654076204
2130 90638232881
2224 94809978536
2317 98915834779
2386 101586893269
2479 106247590406
2575 110663497131
2644 113151036810
2738 117316541041
2832 121773715696
2920 124953402273
2999 128367790335
3076 131690315339
3172 135948648361
3215 137531036526
3306 141697039220
3405 146267945560
3476 149115443093
3568 152944113506
3663 157053687527
3736 159606192850
3829 164151130887
3925 168218967665
3996 171059668540
4087 175430589231
4182 179164954726
4263 182317381210
4347 185934570914
4442 189946805993
4535 193735710618
4608 197073901107
4698 201097131395
4797 205069045854
4868 208434931436
4963 212117872208
5057 216321549797
5124 219046139318
5219 222602241299
5319 226872194706
5397 229818210430
5496 234358723282
5582 238006540266
5658 241168743496
5742 244863791352
5839 249012432319
5928 253201876892
6001 256209732993
6072 259168310773
6161 262941476138
6236 265797595263
6330 269943086631
6420 273759697884
6489 276817669221
6588 280436952741
6684 284355115458
6755 286601617771
6847 290397776131
6942 294820490551
7026 298118017308
7115 302200900353
7207 305921406988
7297 309580692120
7378 312693927348
7475 316912756107
7562 320865197707
7640 324075834807
7724 327420198862
7812 331331272676
7875 333966331781
7967 338159557441
8060 342545881320
8135 345302618740
8229 348942865113
8322 352964737434
8388 355525988010
8477 359546156646
8572 363674412576
8660 367513215311
8728 370601108435
8820 374510659415
8915 378089878374
8976 380302286366
9053 384279929010
9146 388349133763
9222 390996600640
9315 394892435140
9409 398677288495
9479 401446803845
9571 405508266209
9668 409925187364
9748 412913363695
9837 416760788624
9927 420713133830
10012 424182389017
10091 427766288479
10186 431680265274
10282 435915365060
10347 438591850647
10436 442251948018
10532 446674257854
10602 449537479478
10697 453822330684
10787 457553406737
10860 460467429910
10949 463944065629
11040 467716369521
11121 471298171740
11212 475565201072
11308 479853673362
11389 483214245234
11457 485737659982
11547 489577075006
11633 493398129017
11699 496330898889
11790 500500341513
11883 504826103648
11946 506815276812
12022 510485799962
12117 514867451983
12189 517092076522
12286 521545966244
12379 525942019959
12447 528105158161
12541 531999118577
12634 536148442627
12718 539543047825
12796 542771016723
12881 546580731953
12975 550346568550
13047 552811003202
13123 556083335067
13167 557682420614
13235 560523357244
13325 564355266625
13423 568611060740
13498 571560860996
13586 575607064281
13681 579697452566
13759 582569917993
13850 586341290675
13946 590183031729
14034 594219061727
14109 597472930584
14200 601261374146
14293 604983662617
14358 607646765456
14454 611659858222
14550 616272023098
14626 619292365158
14723 623406672220
14814 627424659411
14866 629544322096
14955 633441971273
15054 638150386107
15135 641388945179
15232 645443481821
15324 649094566691
15404 652469922851
15487 655415512985
15582 659851908357
15676 664104018340
15751 666891476611
15846 671216240291
15938 675360978321
16007 677984438405
16102 682249643751
16193 686948919253
16271 690041124677
16366 693921664243
16458 697964753448
16521 700237191398
16615 703921474724
16702 707476645881
16779 710679091501
16864 714403614586
16957 718633809994
17048 722148670441
17131 725142665676
17224 729276590974
17315 733013683018
17384 735522685935
17480 739928019399
17569 743574330183
17640 746330343363
17735 750293351953
17833 754655074465
17896 757496118914
17975 761046505614
18068 765199292131
18146 768372913559
18232 771581956305
18324 775528577753
18418 779638692720
18485 782754617577
18576 786870361235
18667 791057755543
18739 794039852722
18830 798596829293
18925 802863355698
18987 805259672612
19082 809312017753
19176 813176609286
19247 815780125192
19342 820102309957
19436 824189836579
19516 827066082157
19602 830902016749
19697 834920212949
19788 838868717970
19863 841899469124
19957 845772751860
20054 849950626785
20127 852476775967
20225 856984073272
20318 861266956384
20381 863977623079
20473 867687924652
20573 872128069264
20643 874552796222
20737 878852242870
20834 883259647349
20907 886204434220
20975 889099582732
21068 893598492337
21154 897086778614
21227 899987575844
21322 903869632621
21416 908195981550
21492 911136775568
21587 915277962416
21651 917946408860
21724 920752379361
21817 924817031734
21910 928686477248
21989 931164915528
22084 935586357982
22175 940010592135
22248 942783440244
22340 946774204786
22434 950905462178
22518 954621710916
22590 957682270269
22681 961316020955
22774 965495856448
22842 968164545701
22936 972117473682
23032 975892592879
23103 978759011694
23193 982596442293
23285 986300818566
23360 989065350676
23455 993086508128
23548 997566133781
23626 1000368017611
23714 1004483568298
23808 1008567735577
23897 1012442133734
23959 1015278717586
24054 1018859927232
24151 1023304866342
24230 1026875788683
24326 1030934986334
24421 1034797604679
24494 1037351006103
24586 1041054039424
24680 1045189808873
24749 1047573675077
24842 1051627936936
24938 1055801556614
25000 1058319541555
25090 1062241287706
25188 1066707129303
25270 1070066024224
25352 1073760909163
25446 1077917993314
25543 1082396214452
25616 1084978472115
25708 1088617416086
25795 1092405143318
25871 1095185890412
25966 1099134817346
26061 1102940218774
26130 1105826024700
26209 1109523143898
26301 1113482679833
26375 1116640725170
26469 1120830867678
26565 1125482277487
26640 1128443072739
26729 1131875557662
26823 1136026378355
26914 1139853929258
26965 1141774149151
27059 1146154078075
27152 1149986784208
27221 1152401529568
27312 1156021954078
27403 1160212921802
27479 1163238774861
27576 1167700532399
27673 1171981483592
27743 1174699280141
27834 1178749618354
27930 1182870836564
28022 1186040605376
28108 1189687712575
28199 1193912575643
28291 1197421212006
28367 1200692759202
28460 1204796961960
28554 1208914199946
28624 1211426759589
28715 1214818799621
28806 1218411261963
28876 1221100423603
28966 1224817682276
29063 1229027556918
29148 1232429291871
29241 1236828907372
29334 1240918335374
29412 1244059601008
29500 1247321414332
29592 1250906741568
29684 1255029947476
29761 1258358983595
29856 1262842978856
29947 1266718430390
30000 1268872613015
30090 1272730149852
30183 1276409014787
30252 1279349097040
30345 1282785343285
30439 1286709122620
30505 1288781083430
30602 1292928170360
30698 1296815806850
30732 1297948041108
30820 1301776498271
30914 1306010167330
31006 1309406520905
31086 1313000986661
31180 1317041864175
31279 1321788449125
31351 1324094234666
31442 1327581895075
31540 1332195299882
31619 1335274782946
31714 1338803621707
31803 1342736263305
31874 1345643010147
31969 1350021519376
32059 1354007192094
32136 1357053383055
32221 1360256202086
32314 1364444152388
32400 1368180431380
32470 1370894116939
32563 1374926725551
32657 1378929646848
32724 1381358803674
32820 1385484396103
32916 1389698258710
32977 1392315197757
33069 1396271290618
33165 1400670494701
33246 1403603101757
33342 1407806387774
33438 1411962530121
33511 1414877945135
33598 1418323572882
33695 1422536594627
33784 1426069479213
33856 1428625235557
33952 1432424380140
34018 1435565367529
34082 1437980903016
34176 1441780369710
34271 1445820833265
34350 1449242849390
34438 1453077172553
34531 1457217389434
34605 1460176751553
34698 1464149513455
34791 1467848290219
34867 1470786370419
34955 1475100910484
35050 1479086832825
35142 1483159053748
35221 1486578663394
35319 1491116623596
35415 1495465396120
35489 1498287335689
35579 1501862177946
35670 1505685772418
35734 1508512030165
35827 1512292827465
35923 1516798532927
35973 1518638577337
36060 1522344928179
36153 1526334222755
36218 1528563858243
36309 1532158710119
36402 1536230655722
36481 1539606471371
36558 1542814249256
36655 1547037055003
36749 1550878123565
36813 1553580323451
36903 1557872149449
36992 1561749845755
37064 1564476300752
37160 1568923422109
37254 1573043095928
37319 1575651336462
37414 1579880314517
37503 1583504551998
37565 1585885738382
37656 1590062340310
37750 1594087870965
37837 1597729885932
37921 1601475052584
38014 1605475084123
38105 1609870231775
38171 1612350124651
38266 1616409308490
38365 1620533283675
38430 1622995536552
38517 1626821024988
38610 1630490117512
38679 1632702227159
38776 1636845985868
38868 1640491577920
38937 1643032812167
39009 1646314590680
39100 1649829049737
39180 1653201262699
39268 1657027550093
39362 1661007067898
39458 1665473051487
39522 1668283065040
39612 1672425787252
39708 1676310095418
39778 1679518254570
39874 1683670962159
39965 1687350938334
40038 1690376241222
40134 1694639832909
40221 1698425150608
40295 1701150008314
40388 1705654651547
40482 1709668591927
40565 1712928208470
40654 1716441875114
40748 1720564756074
40840 1724450301135
40911 1726978128058
41008 1730912242635
41100 1734976420953
41175 1737888713747
41268 1742067938781
41360 1746158830912
41439 1749109440404
41533 1753411235799
41628 1758201970262
41710 1761257842214
41805 1765297412237
41899 1769415055019
41979 1772762532113
42046 1775263370107
42140 1779292786218
42232 1783299979735
42311 1786293454128
42406 1790404484021
42501 1794475653242
42579 1797513004436
42672 1801588376344
42767 1806472621694
42839 1809212349325
42934 1813253747454
43027 1817332933412
43095 1819564986641
43188 1823522764031
43283 1827672178307
43366 1831303931456
43451 1835487607970
43545 1839468878954
43631 1843519554115
43703 1846261118754
43797 1850419083419
43890 1854500407969
43971 1857749111622
44065 1861802160152
44160 1865821248194
44232 1868427010643
44327 1872780058091
44417 1876719099895
44489 1879411159375
44582 1883710421374
44674 1887599583982
44750 1890833936506
44834 1894391328031
44933 1898621277132
45020 1902646914926
