9 1062862457
114 11360581812
214 21877280442
314 31100201885
414 42525611470
514 52102680287
614 62946300488
714 72813000959
815 82832939357
915 93826679854
1015 104964277699
1115 115658283512
1215 125885544327
1315 135388106122
1416 146323549921
1516 157106201405
1616 167953930455
1716 178062517036
1816 188124251485
1916 198209521814
2017 209647457137
2117 219737307823
2217 230884211135
2317 242251742336
2417 252458719549
2517 262811059852
2617 272620018471
2717 283613314409
2818 295221827202
2917 305162456689
3018 316857066991
3118 327249305180
3218 337268365079
3318 348220000245
3419 358182006287
3519 368699975015
3619 379408281768
3719 390176193053
3819 400769296620
3919 411254281502
4019 422027997844
4120 432479643400
4220 443391930083
4320 454341080138
4420 464844183121
4520 474386416077
4620 484844054787
4720 494799155887
4821 506230484077
4921 515685896989
5021 526214700877
5121 536642191879
5221 547621311662
5321 558186699268
5422 568743965078
5522 579637040208
5622 590272388007
5722 600734632337
5822 612575331517
5922 622716317209
6022 633664442917
6123 643645886265
6223 653938723952
6323 663489422000
6423 673436733279
6523 683105296655
6623 694363877254
6724 704686495902
6824 714923820736
6924 725179251021
7024 735589054834
7124 747080928079
7224 757990695550
7324 768500946789
7425 779008370043
7525 789302687830
7625 799997650835
7725 810947240521
7825 821522375246
7925 831621253289
8025 841926225326
8125 852253693002
8226 863264325249
8326 874858715734
8426 884478366020
8526 894892548179
8626 904564021005
8726 915382636254
8826 925702920671
8926 936984864760
9027 946887981545
9122 956535526353
9207 965773193066
9307 975591153553
9407 985670477831
9507 995240077002
9608 1005855626701
9708 1016029118007
9808 1026327532655
9908 1036856292400
10008 1047580555460
10108 1057558750705
10209 1068529708193
10309 1079278406602
10409 1089888577634
10509 1099372719677
10609 1109491243578
10709 1120247088103
10809 1131512459454
10910 1141535500925
11010 1152000773624
11110 1162910349301
11210 1173168071593
11310 1183242262732
11410 1193776197191
11510 1204798579482
11611 1215482188527
11711 1225953796601
11811 1237087145851
11911 1247069266416
12011 1257731193102
12091 1265946663763
12192 1276315394611
12292 1286493699084
12392 1296264021002
12492 1306056275265
12592 1317471437201
12692 1328872513814
12792 1338448577613
12892 1349363460143
12993 1360381539153
13093 1370935183360
13193 1380209989365
13293 1391821620458
13392 1401799519257
13492 1411742774062
13592 1421729115239
13693 1433063480292
13793 1444172520752
13893 1455112852749
13993 1465872649649
14093 1476741746485
14193 1486745767755
14294 1498135580032
14394 1509057588066
14494 1519959189506
14594 1530046379553
14694 1540856317298
14794 1551782538359
14894 1562130095075
14995 1573277110702
15095 1583895491103
15195 1594504589157
15295 1603594113130
15395 1613619508699
15495 1624626962667
15595 1635155527841
15696 1645488896187
15796 1655775226025
15896 1666900574296
15996 1677133333237
16096 1687086094214
16196 1697201050557
16296 1708689470068
16397 1719132435312
16497 1730145720802
16597 1740256220405
16697 1751083940875
16797 1760963298972
16897 1770927493096
16997 1781109510964
17098 1792373484283
17198 1801983689262
17298 1812949467497
17398 1822683406259
17498 1832647434415
17599 1842786723578
17699 1853361744590
17799 1863805757789
17899 1873681266544
17999 1884169010075
18099 1895002713972
18199 1905495070213
18299 1916123210699
18400 1926748509743
18500 1936591397474
18600 1947805899670
18700 1957397969263
18800 1968270930859
18900 1979198930182
19000 1989466251655
19100 1998801301102
19201 2008596010010
19301 2018832101582
19401 2029403422213
19501 2039378881286
19601 2050107528041
19701 2061466388579
19802 2072401750693
19902 2082096829491
20002 2092432045555
20102 2102300271574
20202 2112094811216
20302 2121628316929
20402 2131900301474
20503 2143464136139
20603 2153969937963
20703 2164625240893
20783 2173228297793
20883 2183390643187
20983 2193130388744
21083 2203640212035
21183 2213776330912
21284 2225115888406
21384 2235176761575
21484 2245678512091
21584 2255902934545
21684 2265690174073
21784 2275884417798
21885 2286296791879
21985 2296204117321
22085 2306747552195
22185 2317518294146
22285 2327787537420
22385 2337825253385
22485 2349053257909
22586 2360165960434
22686 2371410254341
22786 2381770983169
22886 2392011404009
22986 2402656077599
23086 2413051087233
23187 2423351236967
23287 2433681320605
23387 2443344540269
23487 2453942369663
23587 2464888030032
23687 2475485341028
23788 2486622232506
23887 2494736212036
23988 2503505071330
24088 2511566002852
24188 2520452874667
24288 2529145858660
24387 2537464718783
24487 2546263314980
24587 2554538930368
24687 2562852984604
24787 2571663785461
24887 2580531854041
24988 2590870967064
25088 2601016867702
25188 2611774609588
25288 2622431401101
25388 2633898387008
25488 2645117668953
25589 2655989131736
25689 2665696699258
25789 2675925404419
25889 2685714944098
25989 2695838105770
26089 2705644659923
26190 2715897627566
26290 2727104872261
26390 2737943624539
26490 2748797604431
26590 2758439549321
26690 2770150735125
26790 2779794539406
26890 2790532214578
26991 2801301009520
27091 2811671161218
27191 2822643806120
27291 2833313684149
27391 2843982695845
27491 2854865955338
27592 2865403219599
27692 2876298490208
27792 2887295558002
27886 2896764514410
27971 2903742040311
28071 2914396278902
28171 2924232767282
28272 2935165168190
28372 2946222619860
28472 2956189153428
28572 2966704255406
28672 2977169500766
28772 2987506423395
28872 2998276628546
28973 3008027024377
29073 3018291091352
29173 3028115909443
29273 3038695942677
29373 3049109446398
29473 3059989619384
29574 3071452021393
29674 3081698429991
29774 3092238343826
29874 3102589963337
29974 3113489125905
30074 3124541239814
30174 3135758452836
30274 3146524628713
30375 3157262506290
30475 3168001390861
30575 3177843540667
30675 3188423143122
30774 3199060113112
30874 3209035188519
30974 3219276821496
31075 3230195228106
31175 3240120924758
31275 3250100781746
31375 3260987024967
31475 3272174357959
31575 3281962474721
31676 3292122428014
31776 3302626423024
31876 3312402055126
31976 3322310077197
32076 3333245655819
32176 3343464274994
32276 3353767577294
32377 3364509551722
32477 3375158153008
32577 3385089768380
32677 3395172056812
32777 3405300597982
32877 3416727819678
32977 3427102306830
33078 3438416384131
33178 3448720167577
33278 3459363711798
33378 3470211522511
33478 3481301570415
33579 3491492722717
33679 3501291205422
33779 3511029985478
33879 3521712544854
33979 3531426031488
34079 3541954495555
34179 3552651745118
34280 3562773725483
34380 3572101420017
34480 3582356186256
34580 3593194333578
34680 3603266529412
34781 3613711198232
34881 3623712407340
34981 3633684651582
35081 3643870807218
35181 3653992363483
35281 3663838543283
35381 3675422233801
35482 3685709084483
35582 3696315022828
35682 3706561140859
35782 3716870025659
35882 3726577227299
35981 3736191729240
36081 3747037789183
36162 3755596088296
36262 3765238360852
36362 3775519786348
36462 3786267967824
36562 3796328826257
36662 3807001325951
36763 3816784903761
36863 3827651788740
36963 3836652947656
37063 3847417938590
37163 3858318489594
37264 3868745239434
37364 3878816447690
37464 3889619616328
37564 3900136209876
37664 3910136792543
37764 3920254956364
37864 3931078515947
37944 3940344332595
38045 3950050799112
38145 3960786500598
38245 3970436244289
38345 3981295365248
38445 3992006826446
38545 4002182158926
38646 4013399254528
38746 4023172823889
38846 4033878486829
38946 4044614062903
39046 4054846325190
39146 4065629108120
39246 4075065039815
39347 4085938466896
39447 4095939128119
39547 4107684523653
39647 4118477099830
39747 4130266973584
39847 4142023779762
39948 4152463933886
40048 4161906990226
40148 4172999432867
40248 4183337321850
40348 4192872796303
40448 4202899644847
40549 4213133537794
40649 4224296155430
40749 4233964120651
40849 4244613562073
40949 4255036615874
41049 4266117470687
41150 4277409924550
41250 4288368708471
41350 4298253138706
41450 4308214160713
41550 4318272264185
41650 4329639059733
41751 4339641657481
41851 4350395077461
41951 4360498258814
42051 4371244764271
42151 4381723309506
42251 4391707135696
42351 4401990473870
42451 4412322751491
42552 4422326741656
42652 4433567909782
42752 4443331831049
42852 4452733561102
42952 4462944958394
43052 4473469491869
43153 4484195326426
43253 4493815145987
43353 4504198207618
43453 4514375174044
43553 4525290944028
43653 4536306256636
43754 4546323505947
43854 4557294946430
43954 4567579537117
44054 4579007010695
44154 4590450619746
44255 4601656311158
44355 4611568482712
44455 4623218148296
44555 4633631011016
44655 4643785352964
44755 4654378249150
44855 4665304164457
44956 4675807968773
45056 4687295029679
45156 4697974399134
45256 4708957350710
45356 4718927336467
45456 4729330589654
45556 4740028832199
45657 4751275980733
45757 4761440619527
45857 4773343153319
45957 4784460957365
46057 4796825895517
46158 4807466175757
46258 4818730494356
46358 4829196736546
46458 4839927863881
46558 4849522949981
46658 4859963311455
46758 4871222584389
46859 4881648844659
46959 4892144628426
47040 4900408097649
47140 4911158560342
47240 4921942669423
47340 4931513143767
47441 4942390114974
47541 4953030257354
47641 4964564248211
47741 4974845883608
47841 4985431408497
47941 4995532046511
48041 5006288743549
48142 5016002006909
48242 5026223444176
48342 5036205841926
48442 5046518157194
48542 5056676813159
48642 5067306429583
48742 5077203503142
48843 5087938821270
48943 5098448236901
49043 5109616694344
49143 5120471357379
49243 5130800547394
49344 5140847921790
49444 5152013281793
49544 5162484716787
49644 5173261274656
49744 5184387591872
49844 5195436763753
49945 5205636243232
50045 5217009461915
50145 5227345188775
50245 5237777549001
50345 5248759662537
50445 5261182074252
50545 5271261374160
50646 5281724514504
50746 5293001598152
50846 5303263728172
50946 5315104438753
51046 5326306476482
51146 5335742646731
51247 5345781152064
51347 5357027677229
51447 5367400539883
51547 5378209397305
51647 5388956178578
51747 5399834400722
51847 5410744548995
51948 5420595525317
52048 5431444662420
52148 5441663867555
52248 5451893159501
52348 5461984390275
52448 5472468063516
52549 5483400880476
52649 5494213435674
52749 5504465377105
52849 5515225571425
52949 5525187325837
53049 5535871304905
53149 5546707364884
53249 5555745182950
53350 5566205177812
53450 5577252298127
53550 5587427036856
53650 5598018355562
53750 5607628587236
53851 5618636223648
53951 5629084160657
54051 5638930522597
54151 5648143061322
54251 5659590966834
54351 5670068807475
54451 5681214047045
54552 5692315900145
54652 5704488970386
54751 5715796638244
54851 5726840766755
54951 5737361367565
55051 5748301119132
55152 5759490459842
55252 5770661149435
55352 5781666622830
55452 5791405805221
55552 5801020002208
55653 5812569635395
55752 5822989854883
55853 5833885987759
55953 5843904976139
56053 5853463484546
56134 5862392653598
56234 5872794143199
56335 5882925925336
56435 5893517419254
56535 5902870616164
56635 5913972025989
56735 5924028108301
56835 5934272626931
56936 5945490640350
57036 5956942704787
57136 5967658337389
57236 5978401533204
57336 5989678528349
57436 6000417713192
57536 6011301018654
57637 6021368221976
57737 6031871320846
57837 6041704806216
57937 6052414178427
58037 6062616052913
58137 6072368749059
58238 6082573122485
58338 6092581099159
58438 6103952510562
58538 6114062457058
58638 6123853415508
58738 6134440246932
58839 6145441597536
58939 6155138403030
59039 6165201671713
59139 6175068525006
59239 6185778921830
59339 6196432898431
59440 6207373779802
59540 6217250784439
59640 6227160157574
59740 6236834735416
59840 6247331774120
59940 6258396634816
60040 6269190390557
60141 6279710859747
60241 6290050441606
60341 6299972106766
60441 6310247113558
60541 6321594657208
60642 6331893157411
60742 6343252069156
60842 6354198530855
60942 6365346412587
61042 6376579277462
61142 6386527141450
61243 6396927744977
61343 6407643778949
61443 6418333769204
61543 6429090029116
61643 6440417746645
61723 6448470270138
61824 6458327665237
61924 6469438750219
62024 6479538357468
62124 6490017676808
62224 6500438070562
62324 6511201941075
62425 6521499597700
62524 6531184328099
62625 6542007599459
62725 6553281753132
62825 6564096196674
62925 6575187369150
63025 6585349900603
63124 6594959146903
63225 6606427887944
63325 6616886476697
63425 6627405286496
63525 6637472527367
63625 6647536362464
63725 6658514177039
63826 6670202428534
63926 6679251934206
64026 6689517949212
64126 6700883880040
64226 6712038648962
64326 6721822161510
64427 6731822630339
64526 6743101373041
64626 6753343259444
64726 6764418821196
64826 6775722351823
64927 6785799475479
65027 6796406567854
65127 6806891034211
65227 6817732372137
65327 6828589322111
65427 6840517872900
65527 6851675708207
65628 6863560942397
65728 6874458898116
65828 6885441619314
65928 6897233427166
66028 6907627278897
66128 6917939156079
66229 6928161516685
66329 6939657055353
66429 6950062320369
66529 6961187565541
66629 6972228247473
66729 6981152423644
66830 6991952893321
66929 7002095271524
67030 7013027966966
67128 7022731547798
67228 7032629049882
67328 7043319941889
67428 7053157387690
67528 7062928515571
67629 7074199994129
67729 7083777777371
67829 7094736464131
67929 7105436966857
68029 7115799033644
68129 7127681456122
68230 7138904581200
68330 7148375888648
68430 7158971325092
68530 7170145824296
68630 7181484769202
68730 7191531014453
68830 7202009792381
68931 7212603242530
69031 7223210438953
69131 7234170913123
69231 7244546138152
69331 7253892525419
69431 7264507939076
69531 7275324533591
69632 7285845147807
69732 7296002568729
69832 7306753267043
69932 7316850913289
70032 7327421096143
70132 7337265388834
70233 7348173925143
70333 7358851941436
70433 7369219860201
70533 7380754678959
70633 7392387577407
70713 7401394317335
70814 7412377481880
70914 7422819738401
71014 7433411768390
71114 7443893647767
71214 7454607182810
71314 7464887518456
71415 7475665989430
71515 7486101708289
71615 7496495313383
71715 7507107306782
71815 7518392604894
71915 7528859595830
72016 7539891361952
72115 7550109511612
72216 7562209648064
72316 7572270352905
72416 7582091905799
72516 7592650052882
72616 7603186833781
72716 7614154215847
72817 7626034781181
72917 7636240700969
73017 7646372521382
73117 7657093461771
73217 7667496798890
73317 7676916511266
73418 7688085800683
73518 7698414791722
73618 7708631110096
73718 7719314418590
73818 7730413376106
73918 7740158336493
74018 7750443483895
74118 7761036094222
74219 7772750039948
74319 7782748120609
74419 7794018045133
74519 7804916288099
74619 7815353529736
74719 7825467746820
74820 7835730842420
74920 7847633090215
75020 7857893881717
75120 7869258779358
75220 7880608802529
75320 7892090376076
75420 7901865036624
75521 7912033855345
75621 7923784448019
75721 7934460306049
75821 7944924807829
75921 7954918616350
76021 7965270188923
76122 7975331902056
76222 7985460785070
76322 7996053320513
76422 8006168864310
76522 8017137397486
76622 8028104962309
76723 8038424501517
76823 8049549779527
76923 8060241822888
77023 8072277994918
77123 8081934675637
77223 8092325732044
77323 8102294319908
77423 8112440730832
77524 8122803488026
77624 8134639034690
77724 8145415573286
77824 8156408784092
77924 8167027048161
78024 8176775647936
78124 8187538655847
78225 8198619818715
78324 8207850017629
78424 8218432792916
78523 8228565971965
78623 8239080904377
78723 8248314839481
78823 8258810125385
78923 8269643521232
79024 8280492585362
79124 8291749520276
79224 8301952860726
79324 8313354230971
79424 8325007853409
79524 8334958640850
79605 8342783951799
79705 8352797702414
79805 8363684491731
79905 8373836595068
80005 8384733265002
80105 8394826430314
80205 8407583767927
80305 8417315817731
80406 8427020859186
80506 8436451347176
80606 8446799258177
80706 8456427004479
80806 8466130380140
80907 8478340833024
81007 8488610844996
81107 8497947885381
81207 8508358012673
81307 8517947923049
81407 8528411736157
81507 8537265861041
81608 8546922823340
81708 8557094451725
81808 8567301798225
81908 8577650978056
82008 8588345005000
82108 8597949299963
82208 8608431934960
82309 8619278331313
82409 8629972905339
82509 8640606647100
82609 8651713209374
82709 8662002352032
82809 8672908983749
82909 8684089835587
83010 8696039251927
83110 8707331589744
83210 8717083351116
83310 8727815898638
83410 8738815225626
83510 8749053956010
83610 8759100100983
83711 8770498413680
83811 8781420743157
83911 8790933798490
84011 8801613407659
84111 8813291600057
84211 8824469054748
84312 8835523202163
84412 8846313150301
84512 8856699531347
84612 8866424046147
84712 8876441730070
84812 8886653035978
84912 8896475444979
85013 8907210991335
85113 8917676755040
85213 8929203004180
85313 8939442120893
85413 8949911591276
85513 8961328315047
85614 8971610347502
85714 8982110361164
85814 8993029643339
85914 9003465584756
86014 9013343414167
86114 9023554432390
86213 9033183871497
86313 9043732845894
86414 9054218532270
86514 9065044170202
86614 9075657188339
86714 9086493646343
86814 9096659495922
86914 9109238183984
87015 9120366725862
87115 9131864927425
87215 9142809704152
87315 9152165217895
87415 9162679950030
87515 9172888980182
87615 9184049949817
87715 9194886471004
87816 9205034774284
87916 9215819718800
88016 9227507355773
88116 9237632415785
88216 9248715435315
88296 9257253577001
88396 9268216229790
88497 9278756620732
88597 9289046374495
88697 9299591510753
88797 9308979764507
88897 9319534311292
88997 9330997240530
89098 9341260666668
89198 9351351306994
89298 9361734513936
89398 9371773531488
89498 9384327737901
89598 9394102135870
89698 9404145616064
89799 9414005493156
89899 9424657254626
89999 9435439853989
90099 9445698463638
90199 9455327456325
90299 9465367365728
90399 9476078719229
90499 9487424859778
90600 9499625935860
90700 9508648668102
90800 9518701037745
90900 9528868789062
91000 9539709500131
91101 9550441622850
91201 9561235417064
91301 9571886402398
91401 9581836079523
91501 9592158387902
91601 9602146795386
91701 9612942456724
91801 9622474624913
91902 9632911251124
92002 9644127068339
92102 9654504603199
92202 9664567159544
92302 9674802639986
92402 9685650332002
92502 9696510496602
92602 9706179850131
92702 9716526861111
92802 9727358362022
92902 9738607039463
93002 9749299218546
93102 9759992221069
93203 9770937914026
93303 9780880106242
93403 9790721119647
93503 9802151614886
93603 9812282626061
93703 9823406103039
93803 9834989987327
93904 9846529109843
94004 9857672843400
94104 9868120879147
94204 9878227157770
94304 9888836435891
94404 9898882351882
94504 9909883137277
94605 9920141546191
94705 9929708594140
94805 9940035416766
94905 9949351797643
95005 9959096757559
95105 9968607097375
95206 9978696562417
95306 9989724414487
95406 9999454672576
95506 10009556478026
95606 10019777737576
95706 10030694231356
95807 10041494863828
95907 10052398020752
96007 10062736414914
96107 10074221728573
96207 10084552243119
96307 10094627331331
96387 10102759044114
96488 10112812113954
96588 10122672507286
96688 10133454545060
96788 10144079959601
96888 10155305437751
96988 10165395565940
97088 10176674394291
97189 10187642888780
97289 10198888590513
97389 10208015695057
97489 10218634785701
97589 10228659553801
97689 10238769543113
97790 10248928186536
97890 10259836513808
97990 10270177414463
98090 10281899414949
98190 10292388860768
98290 10302244926128
98390 10312306760612
98491 10322368904541
98591 10333302455092
98691 10343197115741
98791 10352630074254
98891 10363009031866
98991 10372841107735
99092 10383035354395
99192 10392434848409
99292 10402605748777
99392 10414011113638
99492 10424061838409
99592 10435059072675
99693 10445869152858
99793 10457600356974
99893 10468341503925
99993 10479238536271
100093 10489111417904
100193 10499526753722
100294 10509629834093
100394 10520871237530
100494 10530291862338
100594 10539588350068
100694 10549605124466
100794 10558671833994
100894 10568505879535
100995 10579382734350
101095 10590710783653
101195 10601342892598
101295 10612207373347
101395 10623067304789
101495 10633296064467
101596 10644573213578
101696 10655876933122
101796 10666770411299
101896 10678728062466
101996 10690441620522
102096 10700494728445
102196 10711081239877
102297 10722565672806
102396 10733524611256
102496 10744533108112
102596 10755014020262
102696 10765551508650
102796 10776248754955
102896 10786322783361
102997 10797635024466
103097 10807361093193
103197 10817036001809
103297 10828267840038
103397 10838985075315
103497 10850661986799
103598 10862448424911
103698 10872812630768
103798 10882941913744
103898 10893639568083
103998 10904956352374
104098 10915533674448
104198 10926463239899
104299 10938798637015
104399 10948964271997
104499 10958836120768
104599 10969805303516
104699 10981235292574
104799 10991261861833
104899 11001483899928
105000 11011760145640
105100 11022214357371
105189 11031014298729
105281 11040791835684
105381 11052112047474
105481 11063705063579
105582 11072175395258
105682 11082147201359
105782 11092222399131
105882 11102946655094
105982 11112600771712
106082 11123889294899
106183 11134692922418
106283 11145357477846
106383 11156340475745
106483 11166750669129
106583 11177274566078
106683 11187513671235
106783 11197446669919
106884 11207811312767
106984 11217912754207
107084 11228100082929
107184 11238564638778
107284 11248674318508
107384 11258834437321
107485 11269039934877
107585 11279233107548
107685 11289707952139
107785 11299930571625
107885 11310044871794
107985 11320434691097
108085 11330919931517
