8 484302795
107 6360684517
205 12718757590
304 19795642573
392 24316475568
490 30137470974
586 36721491109
683 41777079780
782 48830276859
881 56336221584
978 62406482135
1077 68496264794
1177 75088201327
1259 79377157343
1348 84069683435
1446 90488000675
1540 96569973125
1639 102779863219
1739 109093056295
1838 115674173762
1933 121643155113
2030 128710078170
2130 135565603554
2224 140534503259
2321 146709536115
2419 152489863112
2511 158528353936
2611 165641379112
2712 171212790896
2807 176743974791
2904 183483652683
3002 189322598612
3100 195121009877
3197 202302177966
3296 208135642826
3394 213474954207
3491 219522597056
3591 226604974260
3691 233257379854
3784 239309324569
3884 246358431302
3985 252736762550
4083 257838789881
4179 263197733244
4258 268793403791
4353 274978135730
4453 281632991245
4553 288090184314
4650 293969785990
4745 300187498326
4845 307419545169
4942 314638478058
5040 319895029537
5140 326686732208
5221 332515409487
5316 337372610675
5416 343817048028
5515 350412556534
5612 355728300013
5709 362783428402
5808 370145721953
5900 376278461001
6001 383010453437
6101 389791006178
6198 395877207276
6298 403244386814
6397 410386701449
6495 416019792748
6589 422095712739
6688 428620335146
6787 434391290195
6881 439599466348
6978 446076203491
7075 453307450118
7162 458841367134
7263 466009138417
7362 472977978925
7461 478684422246
7559 485872825595
7659 492458070627
7751 497815829362
7844 504157136604
7943 510624094644
8041 517135032979
8137 523957543718
8236 530378074353
8336 536327192543
8432 541956111535
8532 548977755699
8611 553801153877
8704 559409611659
8805 566137692523
8904 572796950807
8999 578543648773
9096 585701626161
9196 591670523743
9292 597300861906
9390 602944734450
9489 609446120944
9585 615556470634
9681 621766612465
9778 628487207939
9878 635478058328
9969 640486514843
10068 646680407512
10168 654456743154
10262 659824033647
10362 665434810200
10462 673106902968
10558 678431597063
10658 684803784091
10755 691178650820
10845 696740546080
10944 702848858755
11042 710044010237
11140 716225665266
11238 722101465448
11339 728941961603
11438 735778938062
11534 740966306532
11631 747940760836
11730 754232839350
11826 760269101376
11926 765952621135
12025 772594326616
12118 777994988260
12219 785151881511
12319 791117595337
12413 796754061916
12513 803438020878
12612 809341261142
12707 815619625520
12806 822575336463
12903 829014069560
12981 834039583013
13074 839233627192
13174 845883469288
13272 852611283441
13366 857573973328
13466 864553473762
13564 870877037232
13659 876078620298
13756 882578262540
13856 888710686990
13955 894561053134
14056 901389575193
14155 909293057234
14253 915603547783
14351 921776990992
14450 928462276706
14549 934810904063
14642 940120303860
14742 946281663756
14842 953573973868
14930 958234480776
15029 964563539183
15127 971852582719
15222 977338108718
15320 984156805012
15385 988529040872
15483 993454563401
15582 1000433913437
15681 1006754588709
15778 1012278845151
15875 1018530727009
15975 1025420622469
16074 1031256441463
16167 1036607358341
16267 1043211160382
16365 1049323078017
16460 1055015349569
16560 1062287979869
16658 1068170234655
16745 1072760861160
16844 1079732839027
16945 1085950018477
17038 1090730789260
17135 1096981763485
17218 1102114314537
17310 1108129323622
17407 1113714262216
17508 1120626635226
17606 1126829324908
17701 1133177364946
17801 1139686710877
17901 1147088765446
17990 1151604686466
18089 1157482770203
18188 1163575668737
18279 1168659133420
18377 1174708893145
18476 1181503387022
18568 1186888698602
18667 1194010518304
18765 1200057305594
18860 1205314305419
18959 1211552417109
19057 1217901481186
19153 1224144223084
19245 1229834218780
19345 1236061002110
19443 1242667645575
19533 1247837541703
19631 1253782075573
19729 1260337689602
19823 1266002727876
19922 1272748735609
20020 1279457417456
20118 1285525510372
20217 1292410470042
20317 1298589420996
20412 1303624845424
20511 1309639877934
20611 1317262676889
20711 1323432902071
20804 1328333285490
20902 1335170150552
21002 1341812237289
21095 1347379002632
21181 1351011904528
21280 1357288534612
21358 1361772674127
21457 1368067598536
21556 1375009850944
21649 1380084802011
21742 1386729140590
21840 1393011072318
21936 1398865799549
22035 1406428398594
22132 1413253078521
22230 1419289841685
22330 1425729334345
22430 1432271285747
22529 1438873712055
22624 1444712436007
22723 1451357941633
22823 1457164116738
22922 1463847184204
23022 1470035938596
23119 1476659668152
23215 1482333495294
23315 1488509736585
23414 1495042224064
23509 1501010901060
23607 1507826136892
23707 1514095998973
23799 1520303405622
23894 1526569833507
23994 1533188583924
24094 1540536227751
24189 1546098992221
24289 1552457378279
24387 1558762444505
24486 1564409261771
24585 1570937662061
24684 1577839106416
24779 1583601709327
24879 1590607513116
24978 1597233109072
25074 1602612892691
25174 1608928782010
25274 1615335427082
25371 1622041984095
25466 1627971191652
25566 1634361438374
25665 1642254498645
25742 1645971784382
25843 1653583272772
25942 1660061566974
26035 1665097958944
26133 1672264169208
26231 1677858406246
26323 1682833676981
26422 1688858943899
26521 1695004778801
26615 1700498704597
26712 1707821595593
26810 1714698891250
26907 1720021352637
27005 1726957035307
27104 1733479766348
27201 1738982121145
27296 1744740391336
27395 1751102542002
27495 1757313935490
27591 1762443472631
27691 1769332185442
27788 1774863489783
27885 1781012418398
27982 1788430657353
28081 1794627083050
28174 1799834402659
28273 1807192826283
28373 1812991595376
28460 1817618070964
28556 1823550185254
28655 1830383364976
28754 1836930080569
28850 1842453810116
28948 1849558577513
29048 1855688766669
29144 1861562497949
29242 1867956611689
29340 1874004699438
29436 1879313581559
29536 1886395526238
29635 1893513775244
29731 1899495852893
29831 1906025239128
29930 1912815067650
30026 1917667203202
30103 1922591650714
30188 1928972364473
30284 1935421225301
30378 1941510112458
30479 1948387908712
30579 1954741856246
30674 1960266593475
30772 1966943899947
30871 1973767246479
30963 1978898293427
31062 1985801092901
31162 1991778433217
31258 1997334679613
31356 2004014348040
31454 2010352581700
31553 2016446517455
31650 2023125360539
31751 2029819410541
31847 2035698891137
31942 2041716065480
32042 2047816788875
32142 2054330077618
32239 2060557536093
32338 2066544224224
32437 2074350136416
32533 2079800514110
32632 2086427520681
32732 2093208364170
32827 2098895784592
32925 2105408319972
33023 2111228647887
33119 2116600201417
33218 2122891906406
33317 2128913084381
33413 2135738063737
33512 2141687691935
33611 2148026058347
33711 2155096558028
33809 2160453657149
33907 2166802654085
34006 2173173418108
34101 2179106830420
34201 2186560378632
34300 2193368632427
34376 2198318458473
34475 2205030269062
34576 2211530907424
34673 2217169115333
34772 2224240602582
34870 2231197879460
34970 2238426213195
35068 2244378741704
35166 2250958549078
35266 2258146257059
35362 2263736694370
35461 2269806149242
35560 2275916975261
35655 2281404019570
35754 2288337854781
35854 2294953958266
35949 2301213593011
36048 2308075912334
36148 2314398732902
36244 2320158324093
36343 2326025532436
36442 2332052842680
36537 2337519454386
36636 2343316018191
36735 2348987747436
36833 2355262161797
36930 2360557673230
37029 2367215464428
37128 2373195662708
37224 2378667815572
37322 2385425418115
37421 2392609395898
37518 2397378802520
37618 2403669370397
37704 2409344509268
37789 2413533129622
37888 2420482868874
37988 2427741785709
38085 2434228072393
38182 2439660955952
38279 2446034818070
38380 2452455652856
38475 2458280657494
38575 2465536903796
38668 2471411758621
38739 2475090456369
38837 2481665120754
38937 2488428888743
39034 2493781771633
39132 2500381235553
39231 2506843625179
39324 2512518700491
39424 2519992649516
39524 2526171855739
39620 2531956006504
39716 2538351880538
39815 2544639677051
39913 2550977142570
40010 2556736004336
40109 2564196852645
40209 2571025049430
40302 2576837985678
40400 2582672756029
40501 2589080710757
40589 2594425494608
40687 2600613549005
40785 2607226787466
40881 2612040084464
40979 2618944285185
41075 2624144201505
41157 2628073205452
41255 2634814970776
41352 2641183140653
41450 2647775368648
41542 2653107487786
41641 2658854275956
41739 2665646800884
41832 2670488484767
41933 2677073935881
42023 2682739084285
42120 2688594871285
42220 2694643898046
42320 2700789068969
42417 2706738496148
42518 2712932051157
42613 2720043271021
42709 2725771317233
42801 2731756092386
42880 2736722269542
42980 2742584313882
43075 2748357451967
43175 2754723597272
43273 2760934845982
43367 2767042734368
43466 2773494629486
43566 2780959463228
43659 2786310923887
43759 2793409959905
43857 2799936956618
43946 2804590588631
44045 2810324771185
44144 2816261950672
44242 2822048448607
44339 2828268993448
44439 2835057821629
44536 2841559264325
44634 2847863856727
44731 2854446023051
44829 2860689356711
44925 2866231888069
45023 2872806090649
45122 2878933390210
45218 2884345256895
45317 2891014950291
45416 2897450083532
45514 2902430836645
45614 2908088012477
45712 2914847518347
45806 2920575928827
45899 2926646492547
45998 2932852389735
46096 2938362865189
46189 2943091373923
46288 2949111658857
46386 2955577788798
46479 2961221310748
46579 2968583700656
46678 2975885507502
46774 2981637823581
46874 2988268312386
46973 2994180632689
47066 2999739177261
47165 3006274686978
47245 3011929606770
47341 3017600747097
47438 3023644476948
47537 3029879547347
47635 3035737680234
47727 3041252167843
47826 3047471177648
47924 3054236238840
48012 3059059042637
48112 3065966388975
48211 3072387004067
48300 3076547012625
48399 3083258717241
48498 3089256279252
48595 3094518798987
48693 3101257866259
48791 3107436768644
48889 3113195951294
48974 3118881579559
49070 3125360242721
49168 3131210060794
49262 3137371870990
49353 3143384681685
49444 3150090216412
49543 3155190254904
49644 3161959904156
49741 3168671916532
49833 3173995427869
49933 3180696310836
50033 3186579091395
50099 3191170478318
50199 3198190061317
50299 3205033550950
50393 3211162714133
50493 3217835601902
50592 3224581852722
50688 3229842467182
50781 3235834455859
50881 3242273876236
50980 3248220479492
51071 3253223065051
51170 3260107452024
51270 3266237269760
51342 3270028853612
51440 3276635596128
51540 3283486017828
51632 3288904527019
51731 3295661851411
51831 3302767342301
51921 3308103555442
52020 3314488180017
52119 3322139544532
52219 3328551664027
52315 3334705015624
52415 3341779010773
52513 3348295690826
52607 3353674521915
52707 3360954075484
52804 3366638461949
52897 3372625166748
52995 3379223961059
53094 3385301997877
53182 3390616120908
53279 3397630982892
53378 3404092258872
53475 3409670333753
53573 3415440078705
53672 3422761581524
53769 3429176182150
53866 3435207805579
53966 3442017411020
54066 3448506567866
54163 3454469623598
54262 3460432316819
54361 3466795059271
54456 3472692245484
54555 3479231494778
54655 3485471787711
54752 3491121765191
54853 3498544757725
54952 3504534951052
55051 3510424956000
55151 3517209965683
55249 3523573440474
55345 3530652039799
55443 3536822986887
55540 3543871549932
55641 3551014927382
55716 3555667298903
55815 3562665267502
55915 3569616261161
56010 3575142543737
56109 3581205201273
56206 3587456566573
56301 3593019040457
56401 3599720764532
56501 3606565568664
56595 3611713831313
56693 3617374424149
56790 3623497889086
56891 3630459220666
56990 3635930734227
57088 3642888978460
57185 3648803058339
57277 3653361537077
57375 3659860574951
57476 3666303488398
57567 3671528396154
57666 3678560487498
57765 3684924595535
57859 3689902352645
57959 3696269189730
58057 3703635529269
58155 3709118841853
58253 3714933755196
58350 3722770258766
58447 3728649382034
58547 3734072788651
58646 3740821652336
58743 3747520037623
58839 3753438851929
58938 3760128982000
59037 3765990554942
59129 3770960071831
59227 3777769338545
59326 3783644855898
59425 3789391775293
59524 3796178831408
59622 3801895705755
59708 3806537950204
59807 3812940285470
59907 3818987217428
59984 3823521425731
60084 3829242539665
60181 3836133946771
60274 3842105389893
60369 3848085951396
60469 3853858368909
60566 3859542223880
60662 3865450033627
60761 3871629584142
60860 3877715801058
60946 3881756253475
61039 3886692793805
61139 3893363627102
61239 3898533619938
61338 3904130992524
61436 3910163123980
61531 3915601425006
61631 3921876300211
61730 3927200546775
61828 3933456483117
61926 3939617819267
62024 3945113294793
62125 3951858113595
62219 3956788687515
62319 3963034026793
62419 3969436629374
62512 3975065508722
62610 3980460310665
62710 3987475064186
62804 3992752396985
62904 3999340604634
63003 4005778937688
63096 4010973664021
63194 4017583027846
63294 4024271799154
63390 4030294920673
63485 4035848448327
63585 4041939749777
63685 4048058644632
63777 4053370021837
63873 4060226256352
63970 4066982216145
64059 4071813267027
