9 746580085
114 9397722737
213 17093273168
313 25796987681
412 33609004268
512 42015079528
612 50289045413
713 59102041258
813 66040227578
913 74103761584
1013 82222797637
1113 90831656998
1212 98471523782
1313 107257691697
1413 114987491870
1513 123277922921
1612 131436932655
1712 138887250915
1812 146381721014
1912 154924449915
2012 162815662865
2112 169662262497
2211 177585882189
2311 185534591666
2411 193470429205
2511 201926494801
2611 210284489761
2710 218746431452
2810 226201306791
2909 234567505382
3009 242375026013
3107 249443113803
3207 257681217233
3307 265701332998
3407 273281564689
3508 281965023222
3607 290771031944
3705 298269353364
3805 306930052344
3905 315885825253
4004 323452230365
4104 332085205822
4204 341683826754
4305 349940947541
4404 357229066246
4503 365871850902
4603 374216824605
4703 382009765546
4803 390815393730
4901 398564118590
5002 406114274013
5102 414692277093
5202 423440082566
5283 428654156728
5383 436933811405
5483 445704506324
5583 453479345924
5683 460982416703
5784 469056768156
5884 476959854347
5984 483847357881
6084 493533095596
6183 500700625530
6283 508443329393
6382 515945114246
6483 523709090351
6582 531344400295
6682 540576310518
6781 548113611491
6880 555156980456
6979 563009194644
7079 571877283166
7179 579891012994
7279 587511826722
7380 595869206820
7480 603943420493
7580 611197719672
7680 619914031275
7780 626866981673
7879 634285005048
7978 641920716936
8078 649632388650
8178 657419285366
8277 666352276655
8377 675337076220
8476 682463783585
8576 690419513998
8676 699225966182
8776 706085433773
8875 713485039218
8975 722492404851
9075 730217311173
9175 737857407761
9275 746440074435
9374 754299248402
9474 761918592206
9574 770665620740
9672 778721118089
9772 786317347117
9871 794729619202
9971 802725452684
10071 809384037186
10172 817715463259
10272 826284214579
10371 833955898427
10449 839891314027
10546 846955856108
10646 854693320295
10745 863127185609
10842 870331304621
10942 878166761588
11043 885515918895
11143 893973223474
11243 901766892848
11342 909126787986
11441 917346093211
11541 925781492904
11641 933889370985
11741 941975643347
11840 950220465277
11940 958001638234
12039 966244277450
12139 974627348382
12239 982539100806
12340 990370450854
12440 998519941005
12537 1006430624812
12636 1014080103811
12736 1022724364657
12835 1030021048614
12935 1037000302763
13036 1046023108888
13136 1053816160834
13235 1060972163483
13335 1069133818763
13434 1076735496825
13533 1083142693746
13633 1090393238124
13734 1098788089670
13834 1106595424669
13933 1113588348297
14033 1121609419180
14133 1129572742731
14232 1137084053451
14330 1143965811886
14424 1148530892724
14522 1153476531730
14622 1160799641582
14721 1167617206065
14821 1174599408577
14918 1180170512243
14998 1185597871646
15098 1190954185738
15196 1196432729182
15292 1202135967492
15392 1207607924994
15491 1213426304512
15591 1219309355983
15689 1225286513167
15789 1231734466910
15888 1238315059362
15988 1245096492385
16087 1251356113211
16187 1258924708428
16283 1263973848688
16383 1270417834416
16482 1276848001359
16578 1282393125684
16675 1287297963166
16775 1294690590499
16874 1300806444481
16972 1306894526318
17073 1314091180646
17171 1319902638232
17271 1326641591584
17368 1332949333865
17468 1340863684695
17567 1347230393473
17666 1354087745635
17765 1360596753235
17864 1367422834948
17963 1372747366243
18061 1379419027646
18160 1385685180042
18255 1389884613981
18353 1395888831278
18450 1401302156100
18546 1406484407799
18645 1413368611360
18724 1419130426531
18825 1425830894793
18924 1431969509088
19022 1438811900894
19120 1445829805355
19220 1451582494163
19319 1458556181772
19418 1464078109663
19516 1470399469204
19616 1476330991754
19716 1482240664815
19814 1488245198204
19914 1493862333451
20012 1500152498971
20110 1506559530953
20209 1512158351365
20307 1517523835196
20386 1521956244170
20487 1528428244935
20583 1534513744582
20684 1541035992734
20781 1546540446933
20881 1553851137521
20980 1560368682652
21078 1565807588812
21177 1571543956674
21255 1576967703888
21355 1582673321516
21454 1588732239359
21551 1594571720137
21649 1600515793494
21748 1606902543363
21847 1613585475093
21946 1620794843886
22046 1626828052015
22146 1633682483404
22247 1640278517968
22345 1646732555748
22445 1653590861609
22544 1660464491778
22642 1665671857249
22740 1670676521452
22840 1677579206650
22937 1682490342603
23038 1689765912286
23134 1695630066386
23233 1700527308052
23330 1706239440522
23429 1712971122346
23528 1719569580511
23627 1725817725637
23727 1733406174942
23826 1739967620906
23925 1746885487329
24025 1753995044353
24124 1761219515867
24224 1767933495584
24323 1774808753416
24422 1781221167101
24522 1787428265278
24620 1795758511096
24721 1803059982107
24821 1809467689496
24920 1815831004404
25020 1822771712801
25119 1830144139295
25199 1836016974973
25299 1844100452863
25397 1850708397640
25497 1857134194651
25597 1864853819292
25697 1871498673990
25796 1877744937221
25895 1884783619609
25994 1892891127249
26093 1898991501974
26193 1906303426178
26293 1913041129632
26393 1919067378959
26493 1925954504636
26592 1933058338715
26692 1939528569184
26792 1946175810044
26890 1953155094677
26989 1959823205901
27087 1965868732868
27188 1973103155317
27287 1980277861367
27385 1986119383512
27481 1992094376906
27577 1998263849020
27677 2005493930625
27777 2013503830368
27877 2022403221939
27978 2029703880299
28077 2036704664567
28176 2043637908146
28276 2051253036500
28376 2057397927754
28476 2064429904861
28574 2071245487506
28673 2078254760534
28773 2085755068562
28872 2092602717839
28971 2098523464672
29071 2106587123350
29168 2114665699228
29265 2120271338609
29365 2127746190237
29446 2134865426052
29545 2141626640948
29643 2149035672273
29742 2157229410695
29841 2164298005548
29939 2171871226822
30039 2179469140590
30135 2186509172666
30234 2193370556600
30333 2201603820333
30433 2208911648822
30531 2215461803656
30631 2222988609533
30730 2230263849899
30830 2235799316960
30928 2241925620546
31026 2247502113755
31118 2251827322892
31213 2257424697649
31312 2264251864159
31410 2271995147535
31510 2279764214968
31610 2288552422876
31710 2296056833315
31809 2302709904340
31909 2310282533579
32009 2318083712289
32106 2325100322713
32205 2332786932486
32304 2339349103379
32403 2344410850459
32502 2350440835579
32599 2356402087302
32699 2361796334526
32798 2368850296371
32896 2375848725928
32996 2381616024670
33095 2388417026349
33195 2396205003514
33293 2402903289521
33391 2409169385590
33490 2416503616044
33568 2421525509388
33667 2428908630330
33767 2436074730895
33866 2442385309712
33965 2448166892998
34063 2454020722568
34160 2459187902565
34259 2465081222283
34358 2471464192812
34455 2477950925264
34553 2483165352245
34653 2489347989849
34752 2497410020643
34852 2504264268333
34952 2510707523984
35048 2516746769625
35148 2523959155135
35247 2530565733749
35347 2538770918980
35446 2544906345289
35547 2551057182353
35646 2558013375330
35746 2564025392988
35844 2570560943234
35941 2576181061548
36039 2583125403116
36138 2589836346345
36238 2596660371376
36338 2604054980368
36438 2611379007131
36538 2618710156981
36636 2625134258299
36735 2632974145309
36832 2639093025722
36931 2646473149334
37030 2653805693662
37130 2660754198614
37227 2668693790731
37326 2677346473531
37424 2684222051498
37524 2692234953671
37601 2698384475737
37700 2705613360396
37799 2713300853169
37899 2720730386784
37998 2727077803560
38098 2734838695851
38197 2742465051194
38296 2750987340597
38395 2758095953721
38496 2766441800435
38595 2773341885279
38695 2781622276750
38795 2789487741602
38894 2797296350963
38993 2804601976551
39093 2812610721055
39193 2820079912621
39293 2826526113280
39392 2832907735115
39492 2839936029636
39591 2846721639850
39689 2853593088598
39787 2860435667529
39887 2868134380151
39986 2874778803476
40084 2881877843956
40184 2888945413038
40284 2893978673870
40383 2900721162609
40480 2908066659288
40579 2914520215851
40679 2921448901416
40778 2928416563294
40878 2934045357850
40979 2941504623009
41078 2948453668099
41177 2955576909414
41276 2962553056174
41376 2970291247001
41476 2978428304735
41576 2985033899316
41676 2991818373185
41776 2998882514014
41871 3006041733001
41951 3012612768077
42050 3019998915416
42137 3026096218032
42226 3032759423124
42324 3039832125813
42424 3047093096483
42523 3054883909458
42623 3063324506756
42723 3070201485155
42821 3076577779092
42921 3083950374129
43021 3091202787450
43119 3098078687688
43218 3105456406671
43318 3113434482940
43417 3119948517439
43516 3128188814828
43616 3136291034475
43714 3143083102348
43814 3151904307757
43915 3159750570177
44015 3166806880982
44114 3174590310853
44214 3182421009009
44312 3188564630791
44410 3195357517771
44508 3202802939762
44607 3210311641287
44708 3217491183659
44806 3223612751599
44906 3230503612764
45006 3237331020757
45106 3245199138288
45203 3250135897215
45303 3254359475736
45384 3261221052308
45484 3268730579600
45584 3276030945080
45683 3283654359050
45781 3290821810060
45880 3298049111855
45977 3305459544449
46076 3311001649772
46177 3318525056246
46275 3324262051610
46373 3331168824018
46473 3338307801870
46572 3345014747956
46672 3352608362598
46771 3359966113456
46870 3366323641698
46970 3372326705658
47068 3379521640399
47168 3386340017715
47268 3394722091133
47367 3402935914247
47466 3410268759711
47565 3417779299407
47666 3426021947894
47766 3434585374222
47865 3442060334149
47965 3451374575207
48064 3459202153844
48164 3467377646447
48264 3476086478016
48364 3484367751066
48463 3492128387476
48563 3500682428455
48663 3509266019426
48763 3517151041846
48863 3526353434458
48963 3534938213140
49062 3543157127062
49159 3550857840263
49259 3559101277162
49358 3566507659801
49457 3574021445305
49556 3582438987902
49656 3589749572334
49756 3597142813695
49856 3605486212919
49956 3613433118308
50055 3620593244786
50140 3627853485951
50224 3634384431051
