9 346191610
106 4827036251
200 9195069051
271 12120274512
366 15977438553
461 19991254439
532 22667684726
629 26822238511
720 31294204964
785 34025759552
880 38514032186
974 42986041506
1048 46255445033
1135 49645224477
1224 53733504615
1314 57445845652
1391 60731531553
1476 63956243618
1573 67838519677
1639 70425718659
1733 74998629402
1824 79105578111
1895 81552413452
1984 84999920133
2080 88985701487
2149 92000661458
2244 96019331962
2340 100443361302
2414 103270646821
2498 106989334276
2591 110947489585
2681 114635349741
2752 117349132597
2848 121316373489
2943 125341464142
3012 127709555068
3087 131063276632
3180 134905768323
3261 137717150154
3355 141859644401
3448 145565933441
3522 148148317674
3619 152106160275
3715 156482331038
3796 159612869132
3885 163429475979
3980 167478506378
4069 171332475133
4152 174402860571
4247 178872871653
4345 184043153177
4418 186967481559
4512 190596825466
4600 194402540497
4659 196607874299
4753 201019874125
4850 205407357335
4921 208041169814
5015 211952997648
5109 216106804408
5187 218997768317
5272 222840682489
5350 226507061393
5425 229974678151
5510 233107730648
5604 237216741870
5700 241729266577
5771 244267107292
5864 248495130014
5953 252440864368
6027 255497672013
6103 259091974986
6196 263096444695
6266 265543012642
6356 269253856205
6446 272812423714
6521 275452705532
6614 279173536031
6710 283471141155
6797 286866416307
6877 290095147038
6966 293726042428
7056 297386720896
7142 300531708212
7237 304542917087
7334 308756725860
7408 311665402285
7505 316276476041
7599 320357995233
7676 323418472082
7770 328042180553
7861 332128132740
7934 335038261221
8027 339402318183
8123 343460766166
8209 346648675898
8294 350061667243
8388 354140112543
8486 358481053562
8562 361281668457
8653 364744656460
8743 368460679137
8825 371506073776
8920 375923175771
9016 379477300857
9085 382096568240
9157 385062704701
9248 389128504138
9322 392051515486
9412 395703792903
9508 400249076700
9588 403421536508
9670 406798334297
9759 409983933192
9854 413810561515
9924 416654961874
10017 420685422558
10106 424895536345
10178 427449431777
10271 431507014177
10362 435118851973
10437 438057229566
10532 441836777462
10625 445713439279
10695 447947190016
10753 450082161313
10848 454533601477
10926 457878884627
10983 459906046194
11066 463912814965
11160 468654312882
11232 471772934354
11327 476222275739
11423 480418431410
11501 483255021232
11593 487541310523
11689 491795247445
11755 494250933739
11851 498203282868
11943 502513023363
12016 505017464643
12109 508968276067
12203 513368979701
12279 516449768802
12365 520248918820
12455 524498372173
12549 528727505412
12614 531334463771
12711 535827244215
12804 540132991476
12881 542931806100
12976 547114752127
13068 550989594105
13141 553997352518
13236 557977187938
13330 561801532678
13411 564645143151
13505 568914975563
13604 572970836263
13689 576258093112
13773 579391238966
13867 583194311744
13961 587550976212
14038 590412273244
14115 593446017822
14208 597774567881
14282 600810654825
14373 604507476867
14469 608708795172
14548 611822320481
14646 615864096963
14742 620590601910
14803 623155566745
14893 627035543952
14986 631105668687
15062 633880753931
15144 637176395245
15239 641446009742
15326 645027739274
15401 648426190328
15497 652714602875
15592 657342156307
15665 660410148260
15758 664685107538
15851 668994739452
15921 672254486537
16016 676411741826
16113 680091338239
16180 682584214878
16276 686877476783
16369 690831135525
16440 693535917085
16522 696884404335
16618 700975283818
16701 704322117291
16780 707333217922
16870 711396610917
16960 715387553410
17032 717942674698
17104 720859203809
17199 724600686112
17271 727735083162
17366 731967997439
17455 735752776163
17534 738993814751
17629 743321609519
17723 747607736940
17797 750202166323
17884 754230174372
17972 758159760136
18063 762108163259
18150 765565728327
18247 769318629530
18340 773740854530
18415 776618840966
18499 779786022401
18563 782450161295
18612 784355244756
18711 788696712922
18804 792873280895
18874 795678450588
18968 799415339040
19064 803814337182
19141 806539753017
19233 810514448742
19331 815069688724
19418 818451484751
19491 821746822496
19588 825817252740
19679 829600887998
19742 832369289803
19836 836376776672
19931 840831556037
19999 843313530566
20080 846688524280
20166 850865060203
20240 853554722256
20338 857956149921
20435 862521198885
20507 865521229320
20602 869491986316
20697 873699198135
20782 877406294862
20858 880433904475
20950 884595350021
21045 888301267137
21116 890824427721
21209 894945286575
21304 899327183383
21373 901731805684
21471 906345656593
21564 910164589510
21635 912981432302
21729 916610162624
21819 920220211618
21892 922704558012
21980 926512134026
22070 930136333176
22155 933950058400
22238 937514906867
22331 941558635326
22422 945386468217
22486 948021033059
22578 951785674739
22675 955969502092
22750 959313174427
22840 963111137268
22936 967400867881
23009 970247583174
23102 973927431702
23173 977101627382
23243 979657829432
23333 983324360924
23428 987587162643
23509 990773493899
23592 994092330694
23685 998147773308
23781 1002358385414
23850 1004997525834
23942 1009468133127
24037 1013392126186
24107 1016126635374
24198 1020405287089
24293 1024608685192
24367 1026981319463
24462 1030885641273
24555 1034797292544
24634 1037388216259
24727 1041514981223
24821 1045722661738
24901 1049162844214
24988 1052826158963
25082 1057277661787
25174 1061271559332
25245 1063862856373
25340 1068869914392
25436 1073072881104
25505 1075637893403
25601 1079981003563
25696 1083812794896
25772 1086948882660
25862 1090978388094
25957 1095048271395
26032 1098160445546
26123 1102360667625
26191 1105003675150
26263 1107813623416
26346 1111167894898
26442 1115391997176
26527 1119539364803
26596 1121975568111
26688 1125558838587
26781 1129797270530
26852 1132074741318
26946 1135934816771
27038 1140036775932
27109 1142767819575
27202 1146823637336
27298 1151143518257
27362 1154160253596
27456 1158557008455
27549 1162020497906
27620 1164842714529
27704 1168266149625
27794 1171965149963
27882 1175809450046
27956 1178492932966
28050 1182542558224
28137 1186220923389
28204 1188492476511
28254 1189859902523
28341 1193533004900
28414 1196061475558
28513 1200483115671
28609 1204755020425
28678 1207506097332
28776 1211946620823
28871 1215732358835
28943 1218641959164
29029 1222379464597
29108 1225994113872
29194 1229550337926
29271 1232319260818
29362 1236423637806
29453 1240270174478
29519 1242660081518
29616 1247439964062
29710 1251187514579
29776 1253818643379
29871 1257955867319
29965 1262072691113
30036 1264523852739
30128 1268363686481
30212 1271978259136
30289 1274736027770
30378 1278368527204
30469 1282452689306
30559 1286069845326
30640 1290337674182
30735 1294380297704
30827 1298452812973
30899 1300877130225
30994 1305352576922
31085 1309223569021
31147 1311397747968
31236 1315409793248
31330 1319622572258
31403 1322515556392
31495 1326249196473
31590 1330672959959
31671 1333883661477
31760 1337614933895
31858 1341948369108
31946 1346422558635
32027 1350063501836
32104 1353508081831
32198 1357207660492
32261 1359572221090
32357 1363655980796
32453 1368373507151
32519 1370937342152
32613 1374468355026
32702 1378311216832
32774 1380866581757
32867 1385022933488
32963 1389321143761
33031 1392087508833
33125 1396089243028
33216 1400146623621
33295 1403472769676
33373 1406454008705
33465 1410334268308
33556 1414489215541
33628 1417526627297
33721 1421482850297
33812 1425941351704
33880 1428910410272
33975 1433088030640
34071 1437207316706
34146 1440063669065
34236 1443580735880
34330 1448069181183
34395 1450663066126
34487 1454857001706
34582 1458983870728
34667 1462892264974
34756 1466807608787
34851 1471413077065
34947 1475841157918
35030 1479065279135
35102 1482555404854
35197 1486739094707
35273 1489718439713
35368 1493375690666
35462 1497281465020
35539 1499898292126
35634 1503846242237
35727 1508026436129
35790 1510506910907
35881 1514428526282
35979 1518704777282
36061 1522136284288
36114 1524512658584
36205 1528932546351
36302 1533153782782
36373 1536122766346
36469 1540115602462
36566 1544070113695
36637 1546999677412
36734 1551097348469
36825 1555494303296
36897 1558318884798
36986 1562232425379
37080 1565834788907
37154 1568732585616
37247 1572764550413
37342 1576804358193
37427 1580290971021
37513 1583960444882
37610 1588088085722
37704 1591863603558
37784 1595062908216
37870 1598839022893
37966 1603083513570
38033 1605717503925
38129 1610087209150
38206 1613503641853
38284 1616300409036
38377 1620059607236
38470 1623665657719
38541 1626237203617
38639 1630686443007
38733 1635565902454
38819 1638930880168
38901 1642717510763
38999 1646931556843
39088 1650717085591
39168 1653697702953
39260 1657730134391
39354 1662072548768
39425 1664907889846
39519 1668779550025
39617 1673069060935
39693 1676010660732
39785 1680165169933
39877 1684371399822
39948 1687023682194
40046 1691039210873
40138 1695106705101
40219 1698251372601
40309 1702076383387
40403 1705908387185
40492 1709434391286
40566 1711987224698
40659 1716275635944
40755 1720361796414
40824 1722914085741
40918 1727209920219
41013 1731753267770
41093 1735006083599
41185 1738945470226
41263 1742387744422
41337 1744955518169
41429 1748976403073
41522 1753038494528
41602 1756354301566
41693 1760445972385
41786 1764620465132
41870 1767633300278
41944 1770488381862
42038 1774701118861
42132 1778873857363
42199 1781739986661
42291 1786033374565
42387 1790138395259
42461 1793123817764
42553 1797212627731
42648 1801088294795
42719 1803690341066
42816 1807877002394
42908 1811857564767
42982 1814827401029
43065 1818131717120
43159 1822326034248
43250 1826246215341
43335 1829718480293
43429 1833818509960
43522 1838250463686
43596 1841301273436
43690 1844923251255
43785 1849472857975
43855 1852174212164
43950 1856505186613
44045 1860879623848
44115 1863079098720
44202 1866853109361
