0 0
2 34191599
4 50392941
7 79641815
10 107092226
13 135160935
15 167976261
18 205749409
21 237441219
24 266949105
26 292990932
29 315903855
29 315903855
32 353951133
35 389940097
38 418636753
40 445822408
42 464572090
42 464572090
44 490257370
45 493632775
46 496711109
47 505548201
50 559708576
52 576536742
53 596129423
56 608812168
59 640372269
60 664214142
62 704368657
64 730157543
65 746569793
71 797223382
79 882026324
86 952747671
90 1009086820
92 1037823343
95 1060541206
96 1071680233
98 1085061807
101 1116455426
101 1116455426
105 1181085790
108 1239403044
108 1239403044
108 1239403044
113 1325507156
117 1386353741
120 1414211054
121 1419468322
123 1431399448
123 1431399448
127 1485284999
127 1485284999
129 1496528854
130 1515372088
131 1523388676
135 1561017913
137 1602640479
137 1602640479
139 1631499574
139 1631499574
141 1664011229
144 1708480484
148 1748697450
151 1804262794
152 1804282353
155 1835659041
157 1860863881
159 1880036577
164 1922855347
165 1943130307
171 2009662743
172 2018821049
174 2054955738
176 2078628487
180 2132296249
184 2181170963
188 2235115827
189 2251584514
191 2280761987
194 2311763571
199 2362940147
202 2387761184
205 2428139919
208 2479792454
211 2515222819
212 2515364593
215 2532147826
216 2549367418
216 2549367418
217 2550262235
218 2559683412
218 2559683412
219 2565656641
222 2596271184
224 2619577465
229 2667321981
231 2677507994
232 2701525601
233 2702264051
236 2745266751
242 2794499228
243 2815401505
246 2860749209
246 2860749209
249 2906866347
251 2944814219
255 2986526639
259 3028505700
260 3034363819
262 3048196873
265 3075763662
271 3120930122
273 3137640173
276 3205112616
277 3217684655
279 3249555285
282 3311488456
286 3360423391
287 3384614376
288 3397680580
289 3409997384
291 3438528166
293 3475744829
295 3503637893
296 3512610113
299 3535217323
302 3553151756
303 3553225899
306 3604334961
307 3620069721
315 3696067343
320 3739135453
322 3775751497
324 3802170188
325 3816121167
327 3837322848
334 3938305189
336 3962249574
337 3979345910
342 4033555789
344 4051376680
349 4090494554
359 4189840793
361 4222986500
363 4260700537
367 4317768606
370 4341106707
373 4378392448
374 4394550669
379 4478490172
383 4527080755
386 4552644257
388 4567255761
392 4633324220
395 4676926520
396 4696560927
403 4780174205
404 4786156648
404 4786156648
407 4820392212
409 4838779104
412 4863421782
415 4921807338
418 4972424942
422 5032996489
424 5049502582
428 5113826064
432 5167260655
433 5191454238
435 5219777349
437 5228127999
439 5249627264
441 5258900128
444 5294815818
451 5369133211
453 5409341167
456 5415567626
460 5464757377
464 5506147129
468 5534939145
474 5599919704
476 5631463494
476 5631463494
480 5698129657
483 5732388364
486 5783354057
488 5806574933
491 5821447648
498 5908827882
499 5912688139
503 5966809823
507 6013240053
508 6029437066
509 6036036227
513 6082749777
517 6127105782
520 6167407887
522 6193779387
525 6231572443
530 6298308426
531 6315046722
536 6391583703
541 6435841893
542 6452263504
545 6496106117
548 6524262766
549 6540941001
553 6618127069
556 6638478883
558 6658514430
562 6716419577
563 6725814236
565 6753252605
566 6769134972
568 6804701229
569 6828384552
569 6828384552
574 6846598884
576 6862513739
578 6883298752
581 6926556632
581 6926556632
588 6980422263
590 7002808120
591 7014792015
591 7014792015
594 7049769105
595 7058072526
600 7122127254
603 7186526733
607 7237012540
610 7277070481
615 7326997401
618 7347814061
619 7367544375
628 7500992453
631 7530706739
635 7580088749
640 7651775734
644 7677372643
645 7702242054
645 7702242054
649 7745402643
651 7750662772
653 7767968194
657 7797867189
659 7818384264
662 7842325567
665 7861731323
666 7868844774
672 7937426586
673 7951238222
675 7969375836
677 7986624305
677 7986624305
679 8030277189
681 8060199039
684 8098575099
686 8128476887
687 8140942367
688 8156918332
690 8184023844
698 8269254614
699 8279809865
700 8295625395
701 8295752520
703 8339014319
705 8385810362
705 8385810362
706 8393153006
708 8406967387
710 8434547388
713 8462240308
716 8494944605
718 8509649276
720 8530277522
721 8530328347
723 8550928758
728 8591979046
731 8641571226
732 8658064443
733 8670234148
737 8723731675
739 8749937048
742 8768951289
744 8794799373
746 8819805870
746 8819805870
751 8904160450
754 8920407900
758 8978530409
760 9028040184
763 9047546710
763 9047546710
765 9075770619
767 9096995789
771 9130863989
773 9151497959
776 9177231850
776 9177231850
778 9207088422
779 9228340637
780 9228494168
782 9249017072
785 9289140109
790 9349493081
792 9354323300
796 9374938988
800 9419245987
800 9419245987
804 9480875893
804 9480875893
805 9497516265
809 9537219170
812 9574932579
813 9590515436
814 9606288815
818 9638469082
821 9676903853
823 9707065655
827 9750463867
830 9782857141
832 9792523372
832 9792523372
838 9886277834
843 9934424971
844 9946827769
844 9946827769
849 10025148025
850 10025225048
854 10042599782
861 10138548032
862 10146638472
864 10163903424
866 10184615441
870 10218189204
870 10218189204
873 10272030730
877 10305159882
884 10399962902
885 10412378250
889 10459338208
892 10476412744
894 10501884515
898 10574049607
901 10595049894
904 10629016548
905 10653000478
906 10657262777
907 10674996236
910 10708814604
910 10708814604
912 10731979201
913 10736012609
918 10786519564
919 10795387162
924 10885400220
926 10913313096
928 10939476189
934 11016377152
939 11054535729
942 11074097495
947 11143565011
952 11183853576
955 11212023618
958 11255216272
960 11283783158
962 11309758037
965 11366448661
968 11398654631
973 11470693058
978 11504976976
983 11581103398
985 11607716523
987 11643913026
988 11651472748
990 11665917356
992 11677380472
993 11691211359
997 11747408882
999 11768110256
1005 11845977777
1006 11855705169
1010 11875873508
1016 11979713579
1022 12056061150
1024 12060767494
1027 12084223705
1030 12135527884
1030 12135527884
1034 12207768969
1037 12238028785
1043 12303559417
1046 12336105070
1050 12380222218
1054 12412164683
1059 12476182133
1062 12528040946
1070 12628293133
1074 12662570616
1077 12689010148
1078 12704149892
1079 12728264500
1083 12778186642
1086 12792479977
1087 12800311811
1090 12848051001
1092 12863684939
1095 12922636274
1099 12963213725
1103 13038068488
1107 13081663197
1110 13138050776
1111 13149621840
1113 13179353064
1113 13179353064
1117 13234919274
1120 13253662530
1123 13272018069
1128 13319760480
1131 13336618132
1133 13367491805
1138 13406667448
