9 630529335
114 9364420842
214 17403967486
315 25704106273
415 34555596098
514 42235469065
614 50571423325
711 57034831174
810 63037383111
910 70929737058
1010 79519936380
1111 86889233733
1209 94915518115
1309 103166336405
1409 111332634164
1509 119848233162
1609 128848627634
1709 136858480873
1808 145341518700
1908 154635087855
2008 162817147613
2108 171299971799
2208 180271117497
2307 188193358623
2408 196151480011
2508 204954544321
2608 212807611971
2707 221576456552
2807 230644442847
2907 239326903592
3005 246920730201
3105 255130900447
3205 264293269807
3304 272444074104
3404 280935658099
3504 290033515634
3604 298435467851
3704 305757961515
3803 314430784689
3904 322400100650
4004 330787933371
4103 339861237704
4203 348869027081
4300 356260341148
4400 364441652353
4501 372922955194
4599 380551540714
4699 389666850738
4798 397422971865
4898 404954564479
4997 412839761432
5097 421317388934
5195 427535599330
5293 435176628152
5373 442079446258
5471 448855678275
5569 455933303903
5668 464100150391
5768 472327515534
5867 480182388687
5967 489018766264
6066 497985635202
6165 506024276178
6265 514219869022
6365 523067287593
6465 531398000170
6565 539982591759
6665 548153100343
6764 555600836559
6864 563576378727
6964 571320026185
7064 579494608625
7164 587199352411
7263 595730758484
7358 601449762790
7457 609402112473
7556 617663505547
7656 625942360575
7755 633561677010
7852 638842590984
7953 647693766505
8053 656472371896
8149 663720464078
8249 673154447402
8349 681952792798
8448 689462691203
8547 698144396308
8647 706246537951
8748 714340061335
8842 720592134457
8942 729044699584
9041 736083686651
9141 744397427704
9239 751592578895
9339 758770715856
9439 767673863425
9538 776985918951
9638 784958763267
9738 792378557745
9838 800845062509
9938 809540019713
10037 817792393379
10138 826128264975
10235 833320026990
10335 841613422167
10435 850682026445
10521 858497987591
10615 865957620851
10716 875436456484
10816 883453702517
10916 891308456385
11016 899957355929
11116 909739030961
11216 917763117617
11315 926406088246
11416 934229924632
11516 942121945817
11616 950498648027
11716 959236396471
11816 967553483231
11916 975499179638
12016 983781084940
12117 991757396091
12216 999536795201
12316 1008305062769
12416 1017214771264
12516 1024722849598
12614 1033396690688
12714 1042276787017
12814 1050708568415
12914 1058741872771
13015 1067234062900
13115 1074898405080
13211 1080791480712
13310 1088732569337
13410 1097291687926
13509 1104146026171
13608 1112019085755
13709 1120693462644
13809 1128361084995
13909 1137356511430
14008 1145037793553
14108 1152255026488
14207 1159550976939
14301 1164864956095
14400 1170489175458
14496 1175433698081
14595 1180525091511
14693 1187033348021
14793 1192972869600
14893 1200185065307
14992 1206755096391
15092 1213690405990
15193 1221177953019
15292 1228697420267
15370 1233417730255
15469 1240468953956
15569 1247202266299
15668 1253052139059
15765 1259142168951
15864 1265385849571
15964 1272215386683
16063 1278781881396
16163 1285123397472
16262 1291413786937
16361 1297566962042
16461 1304162920078
16561 1310816288623
16659 1316769190640
16759 1324143667613
16860 1331322940627
16959 1337618488029
17058 1343867879991
17157 1350901631518
17256 1356717391140
17356 1364500948087
17455 1370954192684
17551 1375476790960
17651 1383821543683
17752 1393036762115
17852 1401519649908
17951 1409684046809
18050 1418107216882
18149 1426629803667
18248 1432942489020
18348 1439387173812
18444 1443871775549
18541 1448179323822
18638 1452670771094
18735 1457903107974
18832 1462355298100
18932 1467888521853
19030 1472425821434
19129 1476550006032
19208 1480707475186
19304 1485930026478
19402 1491771634652
19499 1496178289863
19594 1501089118151
19694 1505910088358
19788 1510455230124
19885 1515565520719
19983 1520843051036
20080 1525540366304
20176 1531117344906
20275 1536320349011
20375 1541182545949
20474 1546379956039
20570 1550770708038
20667 1555326705286
20761 1559161876872
20856 1564283762812
20955 1569580097635
21052 1573897685065
21151 1580287548671
21247 1585182499450
21347 1590245754453
21446 1596248220749
21545 1601007953124
21642 1606376906026
21740 1612654634702
21835 1618024569683
21931 1623093754940
22031 1628519970677
22130 1635356745740
22229 1640286651427
22329 1645630888653
22406 1649740282106
22502 1654459123252
22598 1658589538741
22698 1664760763009
22796 1669626334553
22894 1674984595458
22993 1680678225521
23094 1685927154656
23189 1690802805378
23286 1695250523141
23385 1700118981253
23481 1705061100460
23579 1711004148994
23677 1716085471717
23772 1720936601926
23871 1725973791584
23967 1730552724744
24065 1734946025633
24163 1739447295007
24262 1745332215287
24360 1750196916624
24455 1754811429555
24555 1760854623612
24654 1766593154757
24752 1772196829214
24851 1777942079766
24949 1784014382150
25047 1789617120577
25145 1795886627179
25244 1802321891958
25342 1808351652688
25442 1814471143729
25541 1820153257960
25641 1827365686795
25720 1832718728405
25821 1839152872026
25921 1846863186512
26019 1852170148221
26118 1857216383132
26215 1862091373243
26312 1867114727675
26411 1872618481509
26510 1878173627493
26609 1882566783859
26708 1887923252009
26804 1893451029364
26904 1898879211781
27003 1905055687531
27103 1911728837498
27202 1917892232513
27302 1922984704472
27377 1926998469000
27474 1931395606957
27572 1936291702180
27669 1941889544866
27765 1946304404122
27858 1950952745618
27956 1955924478033
28054 1961094208356
28151 1965452383477
28247 1970652992264
28346 1976149803053
28440 1980361796997
28535 1984874166946
28633 1990850955456
28729 1995612236905
28827 2000592101429
28925 2005653900977
29022 2011112558580
29122 2016764250397
29219 2022170155615
29318 2027864292254
29416 2033362328739
29514 2038370376969
29612 2044325252159
29709 2050130446300
29807 2055664163344
29905 2061447496476
30002 2066420402483
30099 2071034507857
30194 2075314228421
30295 2080456682810
30392 2086008829491
30492 2092309268605
30572 2097131655892
30669 2102609693130
30769 2108588262320
30865 2114521693697
30964 2119233793405
31061 2124181025748
31160 2128883155546
31256 2133463841562
31356 2139358895984
31452 2145782213281
31551 2151920520774
31650 2159118178623
31748 2165700623485
31848 2171947234924
31945 2177222067400
32044 2182676105399
32142 2187367341183
32242 2193008764660
32340 2199007276283
32437 2204673989075
32536 2209383005401
32635 2214636655619
32733 2219603362430
32830 2225148723580
32929 2230608435372
33029 2236523821278
33127 2241666092075
33225 2246379464900
33324 2251772847384
33421 2257120562203
33519 2261863015839
33616 2266698609893
33713 2271639269168
33811 2276916337625
33893 2281190879245
33987 2286155728615
34087 2291578162723
34184 2296835293126
34281 2302253674870
34380 2307304482964
34478 2311639637559
34575 2317083485467
34673 2321942164470
34773 2328216555807
34872 2334197145020
34971 2339110177032
35070 2345115694170
35170 2350472846304
35267 2356112496577
35364 2360258973280
35461 2365828601485
35559 2370934357780
35658 2376428790481
35756 2381353836159
35856 2385922752924
35952 2390464057080
36051 2396430273550
36149 2401356203834
36247 2407033311793
36347 2413566134085
36447 2420409256187
36545 2426638045142
36644 2433003592653
36742 2438817150182
36838 2443537466057
36933 2447585105087
37033 2454640117622
37133 2461032624429
37230 2466733388915
37308 2470980190033
37407 2476044569065
37506 2481929040662
37600 2487316905456
37698 2494099712629
37796 2499517855476
37894 2504628655968
37991 2511110655579
38091 2517182262527
38189 2523562262497
38289 2530830752994
38388 2536868176890
38487 2542585030183
38586 2548303841779
38686 2555155240994
38782 2560120634192
38882 2566161270414
38982 2571468905050
39075 2575904924637
39173 2581288108409
39273 2588128397410
39369 2592637914276
39467 2597507335934
39566 2603438258986
39662 2607967836810
39761 2613572443272
39860 2619199008892
39960 2625778713866
40058 2630622968943
40156 2636585277399
40255 2641800177238
40352 2646407496385
40450 2651104100835
40545 2656023528245
40645 2661401122301
40725 2665987522163
40822 2671457333926
40920 2676586249037
41020 2682494670288
41118 2689304141047
41215 2694276413834
41314 2699851877963
41412 2705155114314
41509 2710725859159
41608 2715836888596
41706 2722160822641
41806 2728124901586
41904 2733062837066
42003 2738195454578
42101 2743355841142
42200 2748387813931
42299 2754134817810
42396 2758979230391
42494 2764133162332
42590 2769467066189
42689 2775083590502
42786 2779786873261
42882 2784116181240
42980 2789116078555
43074 2794589900890
43172 2799530675497
43271 2806983134366
43371 2812664587447
43468 2817780282623
43569 2823060080714
43665 2828637885140
43763 2834442968284
43861 2840663806030
43959 2845085414380
44038 2849039412391
44136 2855718554223
44236 2862820713342
44335 2868259646923
44435 2874467584016
44533 2881496931416
44629 2887222810631
44728 2893245108965
44828 2899748686488
44926 2905497250972
45025 2910706855600
45123 2916231954837
45221 2921665711503
45320 2926974402596
45417 2933395565446
45515 2937983537952
45608 2942593401047
45707 2947608995396
45803 2953653261466
45898 2958973837749
45996 2963789785739
46094 2968377597446
46193 2973381255629
46290 2978535065321
46390 2984052629785
46488 2991011713287
46585 2995980366256
46684 3002126147751
46782 3006667332154
46881 3012276369759
46980 3018497180057
47078 3024077174169
47175 3028676561482
47271 3034079805340
47371 3039148453181
47447 3042778620947
47546 3048642318493
47644 3054207123259
47743 3060427433169
47841 3065601820236
47940 3071746971931
48037 3077010373499
48136 3082669510785
48235 3088729762446
48329 3092973141414
48422 3098298041231
48519 3104079722542
48617 3110478118282
48716 3116016806202
48814 3121973782783
48909 3127678479495
49005 3132548998792
49101 3138154041478
49198 3144338802690
49297 3149659480046
49396 3155336216632
49495 3161018124723
49594 3165881844018
49694 3170817306036
49794 3177440533489
49893 3183005406968
49992 3188635941041
50088 3193758212577
50187 3199814845835
50286 3205631221944
50386 3211799645361
50486 3217249051173
50584 3222551692041
50680 3227135726283
50779 3233682269794
50857 3238716626832
50954 3245410918052
51053 3252329701736
51153 3258694198335
51247 3264452079491
51343 3270384066805
51440 3275389364783
51539 3282146307430
51637 3288283982310
51735 3294575167362
51834 3300353343321
51933 3307733772432
52033 3314420985642
52131 3320556812658
52231 3328211978809
52329 3334834127526
52427 3341692443695
52527 3349259461371
52626 3357011598458
52725 3365107182750
52823 3372133077072
52922 3380742483469
53020 3387992164913
53120 3395401776009
53220 3404030229297
53320 3411886188060
53420 3419299323958
53521 3427398462515
53619 3434490217560
53718 3441534640645
53818 3450207812856
53918 3457212798277
54016 3463827863522
54115 3471295404164
54216 3480027937735
54316 3486031248139
54415 3493297714094
54515 3501552508481
54613 3509009736062
54712 3517132933737
54812 3524190011903
54913 3532207327380
55013 3540069643697
55112 3547691472421
55205 3554035032659
