8 781653500
111 10063450759
211 18282509261
312 29749769376
412 39700036994
512 49519586764
612 59661529156
712 69301118020
812 79043435896
913 88440764827
1013 98380758142
1113 108922282266
1213 118761741812
1313 129358321127
1413 138873546871
1514 148878869404
1614 158907980847
1714 168440578306
1814 178422551583
1914 188030185860
2014 198506948942
2114 210023119332
2201 218688441504
2295 227071871105
2395 236883618312
2495 246246147340
2595 255451418545
2695 264791716481
2795 274663274857
2896 283189751835
2996 292657045913
3096 302590249013
3196 314047041000
3296 322240018615
3396 331116468351
3497 342447298381
3596 351985539789
3697 362757354276
3797 372687275762
3897 382946189062
3997 394559056605
4097 405750275238
4198 415616803451
4298 426977742262
4398 437364255651
4498 447797728550
4598 458411018306
4698 469110229124
4778 477589322221
4879 487727330819
4979 499004263172
5079 508582910172
5179 518669543459
5279 529149165531
5379 539696691293
5479 549847444032
5580 561018652998
5680 571382142185
5780 582618015802
5880 592859051202
5980 603740280932
6080 613988277874
6180 624611119862
6281 633984019450
6381 644795356816
6481 655959353402
6581 666504967911
6681 678090290017
6781 687966204713
6882 698979756004
6982 709286267455
7082 719337455466
7182 730688840361
7282 741313125241
7382 752604303830
7482 763710339793
7583 774281627356
7683 785584355835
7783 796994786368
7883 807312999364
7983 817535588025
8083 827228520218
8184 838989303709
8284 850147350252
8384 860255177495
8484 870707848183
8584 881868217108
8684 892896625141
8785 904827952592
8884 914855025509
8984 925653533001
9084 935632143236
9184 945326669055
9284 956125197332
9384 966702502156
9484 976156296674
9585 986377805993
9685 996812329561
9785 1007045735399
9885 1016176053994
9985 1026769115741
10085 1036547271042
10186 1047895967296
10286 1057015886217
10386 1068050406548
10486 1078122441832
10586 1089335323691
10686 1099729892422
10786 1109482158201
10887 1120257712857
10987 1130829499467
11087 1140901218622
11187 1150698733264
11287 1160467640804
11387 1170034620756
11488 1180270142439
11588 1192211907840
11688 1203109060617
11788 1214614681490
11888 1226302406591
11988 1237869490216
12089 1248064864810
12188 1257842717947
12288 1268140833647
12389 1277886489738
12489 1288271292948
12589 1298466992642
12689 1308397168210
12789 1318910976198
12890 1329360582763
12990 1339843188300
13090 1350357611069
13170 1358959032829
13270 1369296648788
13370 1380728341686
13471 1391778185099
13571 1402097248604
13671 1411815605701
13771 1422549052447
13871 1433273479029
13971 1444498591487
14071 1453971321725
14172 1464315503094
14272 1475573873856
14372 1486079800992
14472 1496681315603
14572 1506917015504
14672 1517257901875
14773 1527611050924
14873 1538094279915
14973 1548956946176
15073 1560510133228
15173 1570816849676
15273 1581187759498
15374 1591744827914
15474 1601944395342
15574 1611675567057
15674 1622173939363
15774 1632564805867
15874 1642487093568
15974 1654105019331
16075 1665836392253
16175 1676692145425
16275 1688114298786
16375 1698384283957
16475 1708197736154
16575 1717792148823
16675 1728932049678
16776 1739956729059
16876 1749542928802
16976 1760237165335
17076 1771396483701
17176 1781015121822
17276 1791832586104
17376 1804368348504
17476 1814344025619
17577 1823583418748
17677 1833342969119
17777 1843084539147
17877 1852438980516
17977 1862457027918
18078 1873385582795
18178 1884758522174
18278 1895138249296
18378 1906056237287
18478 1917097072836
18578 1927251986150
18679 1937570362958
18779 1947922819999
18879 1957129275396
18979 1967176858613
19079 1977295901139
19179 1987414886188
19279 1999254640766
19379 2009223062687
19480 2020360313228
19580 2031512848376
19680 2042234218317
19780 2052132843281
19880 2062968921831
19980 2073497535765
20081 2084498870328
20181 2095655302840
20281 2106330873417
20381 2116286836304
20481 2126877390919
20581 2137243262452
20681 2148356457779
20782 2158978767493
20882 2168762271312
20982 2179873611497
21082 2190243338739
21182 2199768156998
21282 2209814350130
21383 2220624283319
21482 2230706255940
21583 2241611124719
21683 2252560332375
21783 2263444920321
21883 2273502213642
21983 2283676661543
22084 2294526720047
22164 2303323506857
22264 2312903598084
22364 2323237616202
22464 2333330680674
22564 2343941489474
22664 2354342759805
22765 2364666119440
22865 2375676907795
22965 2385907496428
23065 2395958197622
23165 2407088598352
23266 2417916650506
23366 2428785018695
23466 2438986000896
23566 2448832898109
23666 2459487082261
23766 2469749257943
23866 2479828270056
23966 2490431624255
24067 2500911045459
24167 2511046035912
24267 2521852453447
24367 2532163359467
24467 2543276459501
24568 2553584319506
24667 2563450547355
24768 2574074016325
24868 2584472495307
24967 2594561380979
25048 2602785965064
25148 2612538222596
25249 2622816367325
25349 2632720549123
25449 2643330612201
25549 2652969726413
25649 2663795521479
25749 2673833418781
25849 2683864809365
25950 2694505484611
26050 2704253550104
26150 2714995452707
26250 2725004905121
26350 2735338582486
26450 2746368919269
26550 2756791886514
26651 2767698101228
26751 2778547673057
26851 2788917627232
26951 2800326266183
27051 2811295973897
27151 2821545893828
27252 2832715275638
27352 2843254437401
27452 2853420980122
27552 2863034009032
27652 2872166097010
27752 2882745219373
27851 2892497073401
27952 2902348747560
28052 2913233799875
28152 2923387551860
28252 2933368298403
28352 2943257121113
28452 2952808460774
28553 2964375403333
28653 2973525769125
28753 2983605603476
28853 2994305364096
28953 3004377477097
29053 3015573461995
29153 3025499421319
29253 3035952310143
29354 3046949545855
29454 3057637844345
29554 3067596982443
29654 3078717791619
29754 3088629711775
29855 3099311695215
29955 3110360411247
30055 3120214262874
30155 3131959162545
30255 3141968131637
30355 3152407095778
30456 3162620989962
30556 3172538652979
30656 3183940010486
30756 3194377110113
30856 3204326553933
30956 3214653741905
31057 3225197017118
31157 3235572537736
31257 3245619122767
31357 3255519440144
31457 3265933493717
31557 3277057252858
31657 3287346401712
31758 3298257329848
31858 3308917887285
31958 3319102475026
32058 3329986239149
32158 3341532105040
32258 3351907281270
32358 3361641033396
32459 3372514701644
32559 3383975958497
32659 3394385016426
32759 3405271367446
32859 3415977907067
32959 3426196798715
33059 3436072285366
33160 3445830248335
33260 3456264377221
33360 3466433696234
33460 3477036861221
33557 3487584338364
33640 3496616037745
33740 3506456211608
33841 3516945900617
33941 3527503223836
34041 3537962361838
34141 3548204232434
34241 3558235569933
34341 3569464263191
34442 3579707061876
34522 3588895752094
34622 3598446537491
34722 3608855288894
34822 3619489887457
34923 3630169548563
35023 3640867440274
35123 3651642048428
35223 3662428892135
35323 3673484938522
35423 3683759923757
35523 3694627083545
35624 3705593067210
35724 3716564154022
35824 3726686144988
35924 3736617925735
36024 3747697448979
36124 3758084695439
36225 3768795932149
36324 3779583266359
36425 3790462361670
36525 3801898153259
36625 3812923357344
36725 3822971766356
36825 3833658396338
36925 3844701472776
37026 3855329767314
37126 3865354498955
37226 3875505200590
37326 3886878551199
37426 3897238381744
37526 3908405846371
37627 3919288481175
37727 3929536123711
37827 3939476850510
37927 3948971738690
38027 3958843550342
38127 3969601135471
38228 3979425347620
38328 3989738434424
38428 4002228263245
38528 4013374999677
38628 4024307224757
38708 4033555311715
38808 4043782679945
38909 4053920286881
39009 4064613486585
39109 4074581115578
39209 4086739982192
39309 4097621318731
39409 4107706212060
39510 4118934129861
39609 4129850233975
39710 4140208265623
39810 4150253174114
39910 4160426629386
40010 4171210085917
40110 4180843811383
40211 4190991007619
40311 4201124878609
40411 4211345675525
40511 4222392753085
40611 4232765440695
40711 4243737398967
40812 4254006121516
40912 4264759419911
41012 4275658444800
41112 4285065921481
41212 4296172901497
41312 4305943359150
41412 4316105583323
41512 4327092059005
41613 4337917593185
41713 4349164489158
41812 4358758510065
41912 4369313859010
42012 4380629352278
42112 4390253591294
42213 4401276606433
42313 4411080881483
42413 4422655264422
42513 4433181346927
42613 4444014556484
42714 4454385288735
42814 4464680625125
42914 4475085517457
43014 4485001903228
43114 4496058067229
43214 4506528201996
43314 4516731218670
43414 4526445717471
43515 4536395261945
43615 4546775847344
43715 4558555234156
43815 4569616641146
43915 4579262168335
44015 4589714669059
44116 4600440909299
44216 4611027254927
44316 4621035470055
44416 4632615896009
44516 4643163921664
44617 4653735082303
44717 4663322667064
44817 4674475303399
44917 4684788867149
45017 4695125007776
45117 4705547387517
45218 4716164471178
45318 4727115646934
45418 4738062301656
45518 4747731387050
45618 4758535231749
45718 4769847880086
45819 4780516766610
45919 4790666449214
46019 4800887146221
46119 4810761527110
46219 4822122597190
46319 4832408069543
46420 4844415062219
46520 4854393328067
46620 4864054032479
46720 4875838531389
46820 4886239318348
46920 4896951367015
47020 4907624134593
47120 4916894969962
47221 4927569877360
47321 4938307367481
47421 4949251481026
47521 4960014706071
47621 4971407286652
47702 4979544423273
47802 4989452952469
47902 5000965258544
48002 5011465305578
48102 5022228622975
48202 5032560790590
48302 5042642017987
48402 5052526114421
48503 5062744132715
48603 5073061355616
48702 5082547662519
48802 5092242046334
48902 5102134321019
49003 5112365913627
49103 5122731768926
49203 5132106823282
49303 5143013778001
49403 5152554335351
49503 5162555440537
49604 5173204071828
49704 5183357080966
49804 5192486370129
49904 5204228428417
50004 5215369172215
50104 5226376668845
50205 5237060278077
50305 5247356450871
50405 5257854834982
50505 5268299617862
50605 5279594219030
50705 5290430511918
50806 5301117037352
50906 5310615211351
51006 5321142431678
51106 5331788180343
51206 5340665085985
51306 5352080375532
51406 5362380326815
51507 5372798879339
51607 5383456208228
51707 5393671165572
51807 5404095753750
51907 5415814613343
52007 5427131466077
52107 5437704784750
52208 5448418754885
52308 5457654723680
52408 5467563268958
52508 5477217877069
52608 5487673175538
52708 5497866432627
52808 5507916473331
52909 5518471865399
53009 5528649155676
53109 5540033477116
53209 5550704246874
53309 5560433515375
53409 5570360488797
53509 5580514860042
53610 5591065540965
53710 5600876580209
53810 5611750602935
53910 5622711965311
54010 5632689739914
54110 5643329789041
54211 5653812711721
54311 5663675296732
54411 5675249961286
54511 5685705700325
54611 5695606296370
54711 5706473930591
54811 5717734969196
54912 5728303368400
55012 5740266746418
55112 5750738261965
55212 5760381266671
55311 5770891794706
55410 5781377222219
55510 5792017241027
55611 5802950078581
55711 5812966144716
55811 5823280154089
55911 5832688161227
56011 5844144902567
56111 5855131600660
56191 5863763525440
56292 5874228917062
56392 5884754887961
56492 5894471409687
56592 5905134403345
56692 5914723499716
56792 5924988675890
56893 5935919877655
56992 5946893710153
57092 5957324534098
57192 5968851949474
57292 5979044779009
57392 5989540055365
57492 6000707671823
57593 6010942418162
57693 6021837442290
57793 6031508527981
57893 6042838593226
57993 6052521738431
58093 6062655193071
58194 6073268716705
58294 6083654659167
58394 6095395067307
58494 6106448409486
58594 6116045014947
58694 6127650101634
58794 6138083095038
58895 6149049222815
58995 6159281913986
59095 6169309586223
59195 6179931448974
59295 6191036712107
59395 6200900462419
59495 6211289767891
59595 6221451344650
59696 6232344842543
59796 6242968618711
59896 6253857011988
59996 6264866958799
60096 6274676739779
60196 6285383177725
60296 6295968376373
60397 6306170080860
60497 6316871073645
60597 6327233956155
60697 6338248785126
60797 6349537829367
60898 6360456802468
60998 6371356476528
61098 6382849553369
61198 6392702953294
61298 6402484583044
61399 6412264855817
61499 6422865306718
61599 6433677862222
61699 6444054974687
61799 6454552053403
61899 6464345623745
61999 6473794840547
62100 6485966272345
62200 6496370813920
62300 6507053269920
62400 6516377386041
62500 6526162644807
62600 6535667466268
62700 6545699806288
62801 6556827385151
62901 6566886381575
63001 6577076892336
63101 6586926472600
63201 6597810332074
63301 6609186334910
63402 6620037767403
63502 6630463375336
63602 6640157227140
63702 6650608473134
63802 6659790342826
63902 6670040561398
64003 6680958281509
64103 6691623875863
64203 6701231835726
64303 6711173071121
64403 6719989960611
64503 6731334739187
64603 6741221920255
64703 6751398045272
64804 6762129604061
64904 6772372061569
65003 6782330623665
65103 6793326691154
65183 6801724353985
65284 6813519888188
65384 6823101176865
65484 6833756603074
65584 6845387168562
65684 6856062888034
65784 6866337515394
65884 6876782982493
65985 6886837786210
66085 6897302296802
66185 6907964479684
66285 6918839956055
66385 6928758761679
66485 6939411264006
66585 6948672910637
66686 6959414977657
66786 6968629684809
66886 6979992743810
66986 6989480334891
67086 6999218400808
67186 7009388283058
67287 7019628148134
67387 7029986944279
67487 7040562942292
67587 7052964703841
67687 7063013276892
67787 7074180600317
67887 7083742370835
67988 7094341920789
68088 7104692020171
68188 7115415427631
68288 7125060187990
68388 7135090507787
68488 7145464700832
68589 7155639520138
68689 7167322034645
68789 7178780586252
68889 7190751780490
68989 7200954477402
69090 7211289532001
69189 7222464462704
69290 7232183650017
69390 7243027934097
69490 7253276671205
69590 7263230426786
69690 7273818271974
69790 7285305666044
69891 7296057748615
69991 7306952548492
70091 7316699911467
70191 7326989595793
70291 7338359085157
70391 7347912089407
70491 7359676878749
70591 7370302651320
70692 7381017053364
70792 7391396273798
70892 7401219878265
70992 7412253924020
71092 7422306298721
71193 7432402694026
71293 7443259608079
71393 7452981273731
71493 7463262941733
71593 7472889659705
71693 7484502909709
71794 7495655250718
71893 7507011338038
71994 7517717961712
72094 7529001772070
72194 7539169926886
72294 7548575517310
72394 7558492053083
72493 7568079570434
72593 7577544892679
72694 7587562944214
72794 7598344183327
72894 7608740815536
72994 7618597404225
73094 7628986458664
73194 7639630747788
73275 7647541882665
73375 7658757277848
73475 7669088156929
73575 7680721659971
73675 7690790593043
73775 7701580810736
73876 7711332336337
73976 7721964776874
74076 7731223138115
74176 7741671988150
74276 7751110778673
74376 7762208025519
74476 7773757605484
74576 7785088951676
74677 7795110695918
74777 7805362443819
74877 7815112428699
74977 7826649112277
75077 7836196013477
75178 7846825966223
75277 7857899433296
75378 7868668392262
75478 7879267949116
75578 7890513861317
75678 7900719349239
75778 7911466114800
75878 7921667543611
75979 7932372054960
76079 7942442534256
76179 7952292207182
76279 7962894495439
76378 7973426212508
76478 7984272447215
76579 7994844074398
76679 8005198250426
76759 8012472927645
76859 8023056435959
76959 8033743243017
77059 8044050277636
77140 8052685161799
77240 8063077949377
77340 8074755662860
77440 8085225748560
77540 8096098475148
77640 8106859083158
77740 8116996490713
77841 8127812300068
77941 8138702007092
78041 8149597960982
78141 8160217616788
78241 8170348260532
78341 8180206122813
78442 8190864840179
78541 8200464143634
78642 8211653558607
78742 8221935854604
78842 8233982569601
78942 8244697777254
79043 8255320621321
79143 8265814856938
79243 8277226991323
79343 8287200824755
79443 8297888077742
79543 8309465034547
79643 8320274674664
79743 8331113374233
79844 8340949759263
79944 8351502166687
80044 8361588760016
80144 8371470656774
80244 8382133609592
80344 8392232178325
80445 8403100713983
80545 8413060709845
80645 8423615242524
80745 8434124563573
80845 8445158050485
80945 8454938004275
81045 8465452092530
81146 8475904271504
81246 8487471407164
81346 8497389004155
81446 8507980880269
81546 8518512563706
81647 8529098237181
81746 8539942581433
81847 8551003897743
81947 8562189426995
82047 8571971762430
82147 8583302609325
82247 8593457706213
82347 8603823224021
82447 8615679806426
82548 8625305398640
82648 8634891622507
82748 8645471133418
82848 8655770602539
82948 8666691077835
83049 8677439345087
83149 8687597893776
83249 8698086717315
83349 8708331867302
83449 8718773436526
83549 8729108157104
83649 8740391876455
83749 8752083828747
83850 8762758734011
83950 8773131758479
84050 8782452964023
84150 8793907675036
84250 8804771360954
84350 8815522732352
84451 8825489092860
84551 8835846633915
84651 8846493511023
84751 8857209409428
84851 8867817150968
84951 8877933453370
85052 8887826895662
85152 8897692402488
85252 8907734372547
85352 8919421221262
85452 8930104592200
85552 8939682286527
85653 8949935375208
85753 8960312443941
85853 8969858684273
85953 8979672799143
86051 8991393860423
