5 125729565
35 634598140
76 1436557917
115 2277132833
154 2996070651
188 3508378942
230 4224951325
285 5990603236
315 6660024343
361 7710683485
417 9112142839
454 9981079383
490 10767558912
550 12169794262
584 13125724714
622 13953372730
654 14560877713
666 14773061704
720 15930332266
754 16487144152
792 17274488853
838 18238990232
898 19898817596
951 21056164743
988 21815636930
1033 22723456950
1072 23499456370
1112 24281597947
1152 25004424673
1189 25759764421
1237 26700138596
1287 27822557733
1343 29001958732
1388 29947462192
1445 31177811752
1487 31906551616
1533 32800484313
1572 33503303578
1608 34184358550
1662 35433990117
1716 36509034301
1761 37564982047
1805 38638360151
1845 39493216281
1897 40609326588
1932 41290035354
1983 42388007327
2022 43022849212
2052 43446480575
2070 43886234270
2132 45442879475
2178 46403502035
2214 46987629501
2274 48319103512
2321 49388961605
2368 50416399548
2417 51626644852
2468 52865724311
2506 53536139183
2554 54259378282
2600 55449088354
2654 56596175556
2707 57718213533
2761 59017119210
2818 60315279814
2866 61096773507
2915 62161657601
2972 63356026231
3027 64469653435
3072 65234190114
3117 66151881692
3166 67346631985
3207 68042511070
3261 69042122409
3308 69984567908
3365 71167714622
3406 72183993421
3452 73092056238
3497 73780314731
3557 74941110289
3605 75910623960
3656 76854430697
3706 77905948829
3765 79131044082
3816 80159349796
3863 81398276867
3917 82645438385
3958 83706122421
4019 85023678449
4070 86167902884
4116 87102686788
4169 88229024807
4220 89200543959
4279 90359888873
4339 91669056293
4387 92704813142
4430 93727623210
4484 94996506367
4540 96451494054
4581 97294928117
4629 98252344244
4684 99445307056
4741 100543196629
4795 101951292281
4848 103375367255
4907 104614742907
4968 106015077460
5022 107033241188
5076 108303113969
5128 109268047787
5173 110053724619
5216 110803605740
5268 111752121055
5327 113070992931
5383 114223769898
5442 115351424036
5483 116312946439
5518 116886489028
5567 118037743429
5623 119113331975
5669 120105333797
5728 121484456049
5781 122844502288
5831 124078849433
5892 125497488407
5947 126789652374
5999 127888674089
6064 129632052204
6115 130740500259
6164 131696626936
6224 132804059916
6270 133770802735
6314 134667553800
6368 135823177788
6428 136886147299
6484 138094455420
6546 139689734603
6588 140492224880
6647 141782144100
6707 143064773948
6759 144078378789
6810 145063431901
6866 146464431958
6914 147433898730
6961 148592116259
7005 149455942404
7067 150932671193
7119 152172863522
7170 153281407261
7204 153941330631
7250 154935568712
7298 156026322574
7346 156965675470
7403 158040157067
7449 159219221333
7502 160529973306
7546 161206867514
7595 162312584614
7643 163415127957
7694 164215255021
7743 165367498353
7784 166234194527
7840 167809281302
7886 168911628474
7934 170047094941
7977 170930102856
8031 172259125677
8083 173184845929
8138 174179371945
8191 175161758161
8248 176148956391
8303 177473935533
8357 178457499549
8403 179458083265
8443 180298998709
8491 181145114365
8537 182091013483
8591 183240068624
8639 184042714238
8686 184955991008
8729 186059056916
8771 186965522864
8810 187734155276
8865 189011239260
8908 189899393767
8959 190918383132
9010 192056915092
9064 193058340912
9121 194376801365
9163 195179027364
9223 196502812891
9263 197176459727
9312 198262487228
9360 199321946302
9405 200127379660
9450 201020181881
9488 201800324007
9521 202385762147
9559 203235538480
9601 204188722287
9642 204893920145
9685 205911503440
9725 206651376152
9759 207245420579
9819 208640980682
9863 209475549977
9923 210894455479
9983 212261166758
10034 213288294170
10093 214774102333
10149 215948698865
10192 216721963092
10248 218102489890
10300 219441839015
10349 220442488779
10385 221031978302
10430 222019559155
10486 223438426136
10530 224355732427
10574 225339996644
10624 226254062210
10672 227323894480
10713 228134743283
10769 229656705613
10813 230653222665
10863 231490420377
10915 232749139416
10977 234252024477
11020 235156038791
11076 236487114762
11134 237646000421
11175 238707010146
11206 239322371273
11253 240154179896
11301 241191120188
11342 241866310201
11372 242367318864
11406 243006059289
11453 243962099576
11486 244644853865
11521 245169644113
11563 245923851359
11608 246790744374
11644 247538795022
11686 248462102607
11737 249523051920
11772 250271400205
11819 251271269776
11875 252691176252
11917 253552042410
11970 254605635680
12014 255519564658
12062 256408570669
12093 257154285634
12099 257271382972
12144 258231393487
12188 259093987123
12228 259957096706
12269 260956539585
12328 262347264508
12376 263372556164
12406 264052972917
12457 265117420741
12517 266321832556
12558 267192647975
12608 268287208282
12665 269474625972
12712 270485427932
12768 271890358706
12829 273354125117
12881 274534434826
12927 275525415885
12976 276678061037
13019 277461417345
13047 278057849568
13073 278640509704
13118 279446515649
13162 280352226917
13173 280500745702
13202 281045524702
13228 281519817570
13249 281917000064
13296 282811281262
13345 283956954045
13389 284678180782
13435 285902203818
13478 286665063243
13534 287841222061
13584 288943501872
13639 290129000171
13679 290980892043
13721 291796318738
13764 292726346360
13820 294043257643
13874 295280124893
13910 296035097912
13970 297393841597
14014 298428961538
14058 299319551926
14108 300381262972
14149 301164546623
14192 302026080344
14243 303027712568
14291 304142327731
14345 305212214331
14385 306025613837
14432 306995125681
14484 308069437980
14537 309417665937
14595 310812760171
14648 311956966190
14696 313030460407
14742 313985734001
14789 315020755525
14837 316065845853
14889 317301893065
14942 318596846132
15003 319887628160
15054 320965074960
15098 321727006302
15161 322983665940
15206 324167668578
15242 324939383155
15290 325965441492
15338 327131619837
15382 327798933717
15431 328722145297
15478 329505311812
15529 330712571660
15579 331575246599
15629 332848627642
15670 333662409195
15723 334827116943
15773 336041655297
15821 337100414216
15872 338359729090
15920 339429883094
15963 340281077632
16007 341051836380
16053 342195090240
16107 343338972582
16156 344338756746
16214 345418979558
16278 346855329389
16317 347702575129
16381 348905264714
16432 349893336768
16477 350887043647
16506 351517680871
16520 351791337972
16532 352006673314
16570 352738884230
16607 353514414558
16660 354684366765
16714 356248733444
16748 356933172884
16801 358072148424
16835 358590086490
16877 359562503861
16915 360295065190
16958 361241442489
17006 362234240725
17045 363180572470
17095 364509013925
17129 365188001135
17176 366327751770
17216 367127329742
17268 368250863371
17302 368820569822
17356 369956587371
17409 370934037926
17461 372125974786
17513 373131187962
17558 374024124880
17604 375170617159
17641 376061240724
17686 377107554107
17734 378070007082
17781 379072809314
17825 379969070548
17871 380952436922
17904 381506712220
17955 382526103688
17997 383389477423
18047 384482568556
18106 385595314238
18156 386645700750
18209 387569020586
18250 388384928919
18288 389336768226
18342 390388161027
18395 391414050033
18453 392664593144
18502 393848756073
18565 395401866634
18611 396477118616
18654 397240440305
18713 398604581100
18756 399587964240
18800 400298980368
18845 401176025698
18890 401936785971
18919 402482475087
18962 403328404531
19006 404441618115
19038 405059377439
19072 405713610217
19122 406975148105
19152 407468458190
19198 408339582137
19238 409130769434
19266 409546761656
19319 410631305826
19365 411562306350
19422 412809640799
19477 414217519501
19542 415899953451
19603 417297809814
19648 418202413380
19688 418940761254
19733 419858930432
19781 420922969873
19826 421840111056
19872 422758309301
19927 424142429925
19972 425016820946
20028 426483642910
20084 427547849028
20133 428816112355
20187 429975425203
20243 431183195931
20302 432349502180
20370 433998483709
20424 435157609966
