9 682267236
113 9100982990
213 16158082916
313 25266135723
413 33307515311
512 41278704778
610 48446281430
710 57399172724
810 64881541903
910 73709371365
1010 80981148969
1110 89395399234
1209 96535807844
1308 104919470834
1407 112718638108
1507 122021672103
1608 129790213428
1708 138471995121
1808 145999380391
1907 154219098535
2006 162467001977
2106 170865961745
2201 177520453683
2302 184814169656
2400 190268370413
2500 198262150903
2597 204967106208
2694 212377342145
2790 218308748833
2889 226298789117
2987 233759991828
3087 242086497139
3183 248774126889
3282 256622367735
3376 262001041355
3477 270437355530
3576 277373025040
3676 284360338299
3775 292968150615
3875 301419360386
3974 308553185144
4074 314488623951
4173 319263907775
4274 327781814103
4374 335346286887
4473 343537047355
4573 351340538118
4670 359357237052
4752 365373801575
4853 373983573863
4952 381495881160
5050 388990953634
5149 395805994220
5249 403689885324
5347 411265428918
5447 419562029345
5547 426498168042
5648 434760717583
5746 442225317550
5846 449953154569
5945 457467047131
6045 465406973303
6146 472399525098
6246 480560577564
6345 487481361079
6445 495855764954
6545 503548100382
6643 512024084338
6743 518402975933
6843 526574775849
6943 533603882218
7043 541270972846
7141 548782104760
7241 557278706954
7339 564434385822
7438 572892480911
7537 580439352001
7638 588979508805
7738 596169803167
7838 604574637039
7938 611254901308
8038 619345354402
8137 626515737108
8237 634927460147
8337 642742870095
8437 651126058238
8535 657793739581
8635 665764582390
8735 673642367279
8835 683290067187
8936 691062824083
9036 699480491044
9135 706520188826
9232 714484668773
9332 721771103912
9432 729840120027
9532 738198178131
9629 745738948203
9713 751454867145
9812 759452271389
9911 767091805159
10010 775281546610
10108 782163589214
10207 791287400998
10306 798618156522
10405 807604428460
10505 815170068373
10604 823505863869
10704 831234556393
10803 839922583533
10903 847435149866
11003 855385173616
11103 863037810466
11202 872003875990
11302 879488543178
11402 887009371928
11501 894038387245
11601 902822825023
11701 909916267984
11801 917861791127
11901 925036618606
12001 933544458337
12101 941213490909
12201 949694983007
12301 957004040933
12400 963449190767
12499 969968243193
12600 978378693753
12700 986334155439
12797 994512840005
12896 1000638040639
12996 1008945645148
13095 1016922343319
13195 1025464366890
13292 1032424546959
13393 1040859572739
13493 1048159998602
13593 1056628122199
13693 1064471931016
13792 1072633849084
13892 1080228273109
13993 1088190453859
14091 1094507293353
14189 1102386792794
14288 1110561572890
14388 1118741595777
14486 1125838416995
14566 1132335228078
14667 1139359906698
14767 1147677018511
14864 1155249886530
14964 1162937210103
15064 1171079690716
15164 1179109962704
15263 1186452344902
15363 1194785472778
15462 1201645559765
15562 1209646763164
15662 1217228200758
15762 1225249145408
15861 1232693460630
15962 1241576863506
16062 1249548752223
16160 1257648521921
16255 1263462781413
16355 1271799412144
16455 1279213747587
16554 1287274854133
16652 1294352627505
16753 1302383676380
16851 1308827309163
16944 1312699999654
17035 1316099660539
17120 1318968448237
17216 1323375481351
17316 1332283066252
17415 1340052959682
17516 1348796348032
17616 1356444987663
17716 1365224022826
17816 1373210416956
17915 1380914740896
18013 1388031411614
18114 1397335937930
18214 1405065447795
18313 1414324929305
18413 1421371443842
18511 1429540674899
18610 1436213306378
18710 1445080597965
18809 1452797897790
18908 1460196225807
19008 1467843307996
19108 1475408113531
19192 1481795967303
19288 1490310430795
19387 1496928675355
19488 1505073828212
19588 1512821870471
19686 1521785531676
19786 1529396022173
19886 1537602633621
19986 1545436947128
20087 1554070713961
20186 1561600143703
20287 1570327649595
20385 1577530464098
20485 1585454502136
20583 1592173556928
20682 1600443392907
20781 1608109341729
20881 1616027415542
20981 1623709427299
21081 1631916633700
21178 1639393640260
21278 1648261647890
21378 1655939512343
21478 1664074507874
21578 1672060051770
21678 1680559509211
21776 1688495830813
21875 1697363952950
21975 1705208668513
22074 1713123042999
22172 1721150632708
22273 1729772094773
22372 1737228060268
22472 1745426781962
22571 1753631333047
22671 1762368036678
22771 1770017175461
22872 1778814600801
22970 1786697210257
23070 1794865373908
23167 1802922463398
23266 1811104437577
23366 1818782687804
23465 1827522703674
23565 1836132931523
23666 1844747901833
23764 1851732756693
23864 1860918580931
23963 1869362591816
24063 1877484865793
24163 1884771145709
24264 1893427458330
24343 1898018283719
24443 1906024437775
24542 1913069471965
24642 1922405317944
24739 1928698319459
24839 1936408370346
24939 1943818184043
25040 1953159525872
25140 1961306106900
25240 1969831862339
25340 1978023635720
25440 1986675640970
25538 1992746708245
25639 2000603751295
25739 2008245083017
25839 2016772633174
25939 2024849596525
26039 2033435419800
26139 2041189010832
26238 2050525168449
26339 2059160718398
26439 2067573083984
26539 2075188193209
26639 2084036671434
26739 2091528218667
26839 2100467737531
26939 2108258453099
27036 2116208064429
27135 2122136256152
27236 2130905536587
27335 2138430288233
27435 2147207873892
27534 2154569395698
27634 2162774374297
27733 2170256572859
27834 2178155894515
27934 2185582553359
28033 2193341603294
28132 2201304204110
28232 2210639200547
28331 2218432227085
28430 2227103592060
28530 2235305960756
28630 2243215749325
28729 2249094703983
28829 2257227683659
28929 2264614550326
29029 2273132835782
29128 2280193895849
29229 2288509681372
29309 2294197236840
29407 2302524816996
29506 2310274947662
29606 2319668529281
29705 2327666354533
29805 2335945320511
29905 2343620708738
30006 2351459405018
30106 2359000747437
30206 2366869644502
30306 2373827032265
30405 2383035857672
30504 2390105554324
30604 2398792911910
30703 2406771881327
30804 2416098534720
30902 2423629749311
31000 2431646678857
31095 2438342756181
31195 2447211728800
31293 2454970347816
31393 2463657471341
31490 2470927027835
31589 2480172158188
31687 2487216822609
31786 2495744756974
31885 2503196861214
31986 2512278481854
32085 2519816597860
32186 2528083182737
32284 2535095168551
32384 2542839727346
32484 2550430140110
32584 2558895335026
32683 2566962058751
32781 2576053266766
32880 2583193924185
32981 2592652455744
33080 2600519566329
33180 2608716009411
33278 2616009932670
33378 2623602160756
33478 2631607131401
33579 2639929684327
33679 2647304014823
33779 2655741894745
33878 2662919509515
33978 2670676764415
34078 2678208903876
34177 2686634813025
34277 2693361797783
34359 2699781692940
34458 2707266012010
34557 2716375479860
34656 2724024347151
34756 2732294392734
34856 2739447853215
34957 2748218375731
35056 2755292855917
35155 2764356834996
35253 2772668727406
35353 2781638475064
35452 2789294588260
35552 2797889637180
35652 2805036037641
35752 2813107753910
35851 2819866248042
35951 2827733442373
36051 2836078390683
36151 2844925119785
36251 2852378894186
36352 2861034204488
36451 2868994941443
36551 2877994426123
36651 2886221489337
36751 2894789393304
36850 2902117325431
36950 2910608044561
37050 2918044162129
37151 2927214775784
37249 2934165738563
37349 2943269380009
37448 2951599278043
37548 2960514096824
37647 2968122919696
37746 2976192504958
37846 2983211902732
37947 2992035808348
38047 2999823853733
38147 3008744725025
38247 3016194687899
38347 3024296373571
38447 3032402251077
38547 3040725898913
38647 3048309182961
38746 3056871296860
38846 3064013536144
38946 3072793608032
39046 3079792048668
39146 3087868755311
39245 3095511761835
39346 3104603113707
39425 3110166272525
39523 3117818927234
39621 3125060031077
39721 3133944520721
39821 3141109912602
39921 3149713744723
39999 3155918359031
40099 3163633147704
40198 3171375545404
40298 3179415211325
40396 3186743847746
40496 3194674477925
40596 3202780312744
40696 3211686362878
40797 3219249958057
40897 3226994886358
40995 3234654833546
41095 3243160395419
41195 3250267588123
41294 3258304600750
41394 3266178030111
41494 3274723845087
41594 3282069420654
41692 3290267150615
41792 3297718211199
41892 3306451572632
41992 3314553991826
42092 3323231763871
42191 3330912662310
42291 3338975562723
42391 3346131752132
42490 3354422309344
42590 3361436661897
42690 3369700398379
42789 3378064222337
42889 3385691978343
42990 3393077695294
43090 3401842651223
43190 3410152557020
43289 3417889470087
43389 3426127931881
43489 3434240339207
43588 3441776087696
43688 3450665605359
43788 3459255847047
43887 3466648908216
43987 3475640932851
44087 3483704805920
44187 3491465812978
44286 3500034772949
44387 3508961867793
44486 3517031873270
44584 3524142630136
44683 3532841787024
44764 3538080361546
44861 3545848782531
44961 3554255778264
45062 3562199150825
45162 3570309045759
45262 3579090003260
45362 3587136969627
45461 3593829543678
45561 3601709648051
45662 3610126012390
45762 3618119365977
45858 3625104346047
45958 3634572331253
46057 3641922938618
46157 3650162935948
46257 3658411228245
46356 3666131163088
46453 3673089723644
46554 3681953873095
46654 3690169949352
46752 3698055275815
46852 3707280312391
46952 3714689987798
47052 3722572188591
47153 3730562433604
47253 3738831685733
47353 3746424905424
47453 3754744502209
47552 3763305242143
47651 3771118238782
47751 3778378828128
47852 3786785641537
47951 3795167236188
48051 3802865417634
48151 3811677846608
48250 3819441473677
48350 3827581570242
48449 3835761976095
48549 3844216762227
48650 3851817865802
48750 3860361600651
48850 3869569897708
48950 3877242748473
49049 3886164477066
49149 3894153687565
49249 3901440880604
49349 3909658860698
49450 3918618554233
49550 3926661798208
49649 3934336136389
49748 3942566681196
49848 3950756508713
49947 3958486964509
50028 3965168196337
50128 3973320153843
50228 3980324512343
50328 3988892177883
50428 3998090768671
50528 4005894190322
50627 4014248625940
50727 4022716204881
50825 4029806278658
50926 4037072400252
51026 4045770676168
51125 4053751781703
51224 4061900759469
51324 4070828968993
51423 4078738563476
51520 4086841142131
51619 4095609368098
51719 4103550628335
51818 4112147239279
51918 4120488752249
52017 4128706195558
52115 4136191940913
52216 4144559116167
52314 4152569245122
52413 4160419060730
52513 4168426047177
52613 4177534340896
52708 4184877736167
52808 4192061049150
52908 4200602805633
53004 4208101538581
53104 4215944795724
53204 4223735033816
53301 4231244151460
53400 4238328658648
53500 4246797473237
53601 4255108240124
53698 4262482594596
53798 4270826451493
53898 4279199731968
53998 4286476183321
54098 4294341992348
54198 4302879396858
54297 4310943059981
54397 4318653937150
54497 4327421804381
54597 4335496551396
54697 4343172709074
54796 4351945522596
54896 4359917546591
54997 4368195445422
55097 4376245161076
55197 4384899450167
55277 4390771357640
55375 4399212865861
55475 4406852125763
55574 4414075436986
55674 4422563793224
55775 4430852893939
55873 4438370797655
55971 4445489628553
56070 4454315757183
56170 4462762287880
56269 4469772880814
56369 4478746291754
56468 4487083818385
56567 4494618594075
56666 4502777897905
56766 4511838221426
56865 4520193596671
56964 4528527156262
57064 4536995924888
57163 4545088005336
57264 4553161586765
57364 4561614041056
57463 4569693364157
57563 4577672855379
57662 4585981716557
57762 4594167533048
57863 4601937352584
57963 4610658525406
58062 4618552654007
58162 4625273929762
58262 4633352882492
58362 4641751685268
58462 4648383383284
58561 4657144735147
58659 4665636349789
58759 4672443202522
58859 4680850863702
58959 4690170940068
59059 4698236075632
59159 4706728960163
59260 4715647915938
59360 4723767291494
59460 4731813165636
59560 4740272454628
59660 4748123846431
59760 4756079956916
59860 4764358717090
59960 4772025472815
60060 4779415458412
60160 4788216052492
60260 4796819442139
60360 4804501118068
60442 4811574484645
60541 4820425597672
60641 4827906528052
60737 4835405264564
60837 4843031833108
60937 4850329826010
61037 4858026384782
61138 4866169711036
61238 4873688850062
61338 4881241299288
61438 4888927414191
61538 4897543712206
61638 4904886385594
61737 4913059762737
61837 4920422426085
61938 4926902413836
62036 4934888696500
62136 4943382837830
62236 4951729978295
62333 4959203883143
62433 4968594845001
62533 4975735524123
62633 4983713997495
62734 4992830002593
62834 5001039714380
62934 5008426712490
63034 5015674394647
63134 5023796336930
63231 5030286297578
63332 5038449109384
63431 5046548014764
63530 5052217968440
63630 5059310287007
63728 5068115561984
63828 5075895084342
63928 5083168979886
64029 5090908799767
64128 5099128536291
64226 5106434061900
64323 5113324088226
64421 5120411540574
64520 5127942171410
64620 5136454217308
64720 5144349828604
64821 5152369491539
64921 5161142513854
65021 5169090187826
65117 5175366100636
65217 5184013165552
65317 5192427886650
65397 5198434328383
65498 5205626463932
65598 5213727035393
65696 5221836713453
65796 5228953580337
65895 5237483737706
65995 5245278676887
66095 5252602170571
66194 5261091389322
66293 5267870923122
66393 5275431386255
66490 5282315117659
66590 5290659395145
66690 5298203779622
66790 5306306201405
66889 5316389941939
66988 5324279829176
67089 5332528913357
67189 5341261254319
67289 5348650502396
67389 5356765227251
67489 5365613238566
67590 5374055198910
67689 5381454941247
67789 5390060144708
67889 5397993737103
67988 5405168915877
68088 5413774077925
68188 5422225968817
68286 5430142920194
68387 5438920763156
68487 5448086632091
68587 5455565810257
68687 5463296456839
68787 5471204638792
68887 5478844347429
68986 5486336651573
69085 5494939599968
69184 5503889263105
69284 5510840004411
69384 5519192984604
69483 5526658896831
69583 5534851825263
69683 5543153341521
69783 5551886111079
69884 5558842995416
69984 5567237837513
70084 5576690036747
70184 5583958655580
70283 5591795113689
70383 5600785992511
70482 5608628126513
