0 0
2 4179660
6 63122391
10 110452628
11 118127215
11 118127215
13 126794471
16 153939391
19 173502188
22 186604587
24 211605977
24 211605977
29 259459375
30 271249446
32 291748178
33 309737716
36 342556730
40 394222986
41 402424874
44 436333899
48 507723944
52 566645482
53 576890656
54 596309644
55 609461298
58 644752500
60 670402966
62 686890010
64 700736269
68 757066599
71 802054803
73 809972521
77 875949419
78 884344938
80 907842161
83 964455375
85 993866310
88 1032178627
89 1043951462
91 1070724147
94 1122483292
97 1144656549
101 1207642013
102 1230480451
104 1255536330
105 1277700016
105 1277700016
106 1281743821
110 1329970810
111 1354083711
112 1356511205
113 1362084741
113 1362084741
117 1407888252
118 1427618222
119 1441307506
120 1448573593
120 1448573593
126 1539077913
126 1539077913
128 1575389360
131 1610066610
135 1650818445
137 1661514352
138 1673736855
142 1733965416
143 1747992147
144 1759930612
147 1798000474
148 1815807523
149 1815873432
154 1916221273
159 1973158763
161 1983932061
164 1994540543
167 2012549301
169 2021187979
170 2039399760
172 2056891958
172 2056891958
172 2056891958
177 2114801044
177 2114801044
179 2134325043
179 2134325043
181 2188135678
192 2322518617
194 2338367954
195 2354346266
195 2354346266
196 2366299585
197 2366375387
199 2402095925
201 2404603755
206 2479805009
210 2524582970
214 2573940656
215 2586137313
215 2586137313
216 2599056077
216 2599056077
217 2599127837
218 2620614772
218 2620614772
223 2683821116
225 2708356307
225 2708356307
227 2732817965
229 2761323197
231 2785034863
235 2823974750
238 2852845321
240 2867963611
243 2906880234
249 2967649035
252 3016574314
257 3092825456
258 3116090805
259 3118595884
263 3136829455
265 3169350239
267 3193658931
269 3237394438
274 3285095886
277 3320864768
282 3359906361
283 3369742633
283 3369742633
285 3406626617
290 3447273740
296 3528115298
301 3586908195
303 3612493608
308 3705994123
312 3758758951
315 3781260764
315 3781260764
316 3784462122
321 3854539608
324 3904452358
325 3928390011
328 3953258181
329 3954512378
331 3991741611
332 4014102376
334 4038581859
336 4073213551
339 4084459343
342 4108704933
346 4135309373
348 4165573621
352 4209427069
356 4284243302
356 4284243302
356 4284243302
357 4297337103
358 4301453727
360 4329668086
362 4337964758
362 4337964758
363 4353375321
366 4380893337
370 4419713886
371 4442588784
372 4448527075
372 4448527075
375 4483904322
379 4538264259
383 4603969228
384 4611246437
384 4611246437
388 4673734553
391 4713328263
398 4803184922
400 4822137031
403 4844535531
407 4879221013
414 4970479273
415 4972057907
419 5013406805
422 5074267455
424 5114323173
425 5114648540
425 5114648540
426 5133632108
429 5140235957
432 5166124796
434 5187300503
436 5229019313
437 5233556632
438 5250389934
441 5280056719
443 5303352310
445 5323798214
446 5324209690
449 5353971496
450 5355506099
454 5415807185
456 5440088960
456 5440088960
458 5469993414
460 5492713425
462 5517420440
466 5576323506
470 5644569316
470 5644569316
472 5673066862
476 5743869856
477 5756423377
478 5765471953
480 5795783088
483 5816241788
484 5828736910
487 5887144416
491 5955003879
498 6029553551
501 6060788170
502 6061790900
504 6092118867
505 6096223870
506 6107652040
508 6121616422
510 6128501159
512 6154626856
514 6190916890
516 6233699091
520 6277697745
523 6318007881
529 6371523008
533 6401120645
536 6416117973
538 6437843809
540 6464201082
543 6507630829
545 6513095070
546 6525582386
546 6525582386
549 6572903174
555 6651359516
557 6656359477
564 6717392030
566 6729515322
571 6779079328
571 6779079328
575 6814285527
577 6843752726
580 6884197682
581 6891141275
582 6892977118
584 6930936011
589 6982497822
591 7007244497
594 7050841676
597 7085681457
597 7085681457
599 7104150976
601 7130786586
602 7144157022
604 7186148606
607 7239403150
609 7265927853
609 7265927853
611 7290498627
614 7325687197
616 7334738269
618 7342296670
619 7355687353
622 7387564826
626 7419112534
626 7419112534
628 7436953773
631 7479824306
635 7506186166
635 7506186166
638 7535076211
640 7550145207
642 7570989996
642 7570989996
645 7611954766
649 7674788669
650 7675791284
652 7692022108
655 7741824982
657 7765237518
660 7784887017
662 7790823515
667 7872938872
667 7872938872
674 7937227585
677 7950413819
679 7974593094
681 8004162222
683 8031124532
684 8041210431
687 8103478518
691 8165664148
696 8223961668
700 8264262808
702 8293484168
704 8317217021
705 8324798172
707 8349958330
708 8354260135
710 8354555509
712 8378597955
713 8378769655
714 8383818062
714 8383818062
714 8383818062
714 8383818062
714 8383818062
714 8383818062
714 8383818062
716 8407626037
718 8449145705
722 8501703605
726 8532798343
728 8556896239
729 8581161110
733 8620139227
735 8626043225
737 8669855355
738 8693477726
738 8693477726
742 8737085234
747 8812050539
752 8890278080
754 8912536024
755 8918824620
756 8931380875
762 9030083268
762 9030083268
765 9087233191
766 9091858889
767 9100820410
771 9127655083
773 9140141948
773 9140141948
775 9163578288
777 9197194326
778 9219360268
779 9240529758
782 9300837143
785 9322429460
787 9344636710
794 9392617595
798 9447031776
799 9463011809
802 9506834736
804 9527157907
807 9544474287
813 9587955584
821 9691418727
822 9716329151
830 9818917628
831 9818990565
831 9818990565
836 9874551402
838 9914323843
844 9961472846
844 9961472846
845 9970226680
850 10011920455
850 10011920455
852 10040208724
854 10070278014
855 10093467062
857 10128581013
860 10197055815
861 10201545006
864 10248661811
865 10256929989
868 10280098264
872 10322647053
874 10352467054
878 10405190655
879 10409397958
887 10524079996
895 10655529275
900 10716438146
905 10771466719
910 10827875210
915 10885116210
916 10889636220
920 10946295996
922 10978764198
923 10991810556
925 11000140026
927 11036815678
929 11065294665
929 11065294665
930 11070407353
932 11097854957
936 11129629901
938 11147298656
940 11165759678
942 11184194940
945 11227254029
948 11263325668
950 11270837510
952 11302003620
953 11323468384
953 11323468384
953 11323468384
957 11396565091
959 11414317258
962 11454371727
962 11454371727
962 11454371727
965 11490897504
972 11583093081
974 11594447258
975 11607486341
978 11627930632
978 11627930632
980 11636931651
982 11649221359
986 11721550318
990 11790164372
992 11822662662
996 11859582513
999 11883662597
1002 11937817821
1004 11979296698
