0 0
17 227478200
34 447333802
41 512916163
55 692526184
71 1004379501
81 1115637142
87 1227700699
98 1382390443
119 1758626045
142 2101790181
188 3020125231
222 3464484445
233 3642108346
258 4050506515
265 4234940814
275 4317437618
285 4547637396
311 5027084407
325 5286214443
343 5581211333
375 6160603634
397 6553743278
423 6978877235
436 7187991092
448 7409592652
459 7588375814
488 8066063445
498 8210361368
508 8348400466
518 8434964722
525 8546760615
532 8650435096
550 9011697463
574 9474303144
587 9731418036
594 9833882668
604 10079200877
615 10273998680
630 10466559282
652 10774332084
674 11239006093
691 11505179536
703 11689831025
727 12065047059
741 12292544903
754 12495050222
758 12608434867
758 12608434867
760 12640677080
760 12640677080
760 12640677080
762 12669073556
762 12669073556
765 12735233217
766 12754203086
768 12776808186
768 12776808186
772 12818167933
773 12818191102
773 12818191102
775 12846872479
778 12863656051
782 12947250707
782 12947250707
784 12992891122
786 13019066631
791 13061362818
793 13078020518
795 13101455124
797 13125168088
801 13189578514
805 13209411766
807 13234348544
811 13313169062
812 13337844991
816 13382294601
818 13395388500
820 13408447337
833 13615160882
844 13786032242
863 14183450972
868 14332555147
871 14375808024
901 14998035720
913 15254428009
925 15466047070
943 15765577822
992 16915129636
1022 17366339648
1039 17649988439
1059 18025230677
1074 18194760783
1086 18390469114
1099 18687502313
1115 18960305769
1126 19129789675
1135 19267477269
1143 19376395412
1151 19442712661
1172 19811495133
1192 20131019611
1210 20516051574
1242 21150446437
1291 22146420382
1303 22406582980
1327 22792202670
1364 23565012464
1390 24090212629
1404 24423176361
1445 25083602857
1472 25707907480
1511 26649888101
1549 27397618077
1592 28454145783
1625 29066016464
1667 29867548541
1700 30441852503
1740 30971886452
1786 32025601870
1827 32989718884
1861 33595771980
1906 34413219988
1945 35108661306
1989 36076784806
2042 37160397528
2078 37976317575
2129 39087760162
2170 39807087636
2219 40773788091
2266 41668861665
2320 42851141847
2366 44027518999
2406 44667240121
2454 45546075417
2492 46246469158
2532 47222640723
2568 47945501527
2596 48393687873
2632 49063530563
2677 50036719619
2730 51352529703
2771 52211468393
2817 53060777428
2868 54258823678
2899 54910646840
2945 55947771843
2995 57203142805
3030 57844123175
3075 58821720743
3115 59657247407
3153 60345162350
3194 61092661940
3232 61654130940
3264 62218365374
3320 63386272607
3355 64139756591
3395 64983748135
3443 66089954731
3452 66239610397
3480 66873108208
3511 67472472106
3552 68317755979
3596 69185432648
3632 69740887025
3687 70947065950
3737 72107399178
3788 73254576210
3821 73847445114
3874 74984903897
3915 75776940064
3963 76633006847
4006 77484349384
4043 78211605452
4091 78981367134
4143 80029843801
4194 81066071754
4243 82189003410
4288 83128754644
4332 84112227835
4380 85227388624
4429 86471112648
4476 87538803903
4533 88829907871
4580 89833461651
4626 90864461737
4672 91702465434
4713 92440917173
4757 93367363277
4798 94102316683
4839 94998158248
4883 95831500090
4899 96024965127
4939 96876218719
4980 97690298959
5026 98590177539
5074 99616103962
5100 100128506027
5139 100895356101
5178 101617659009
5222 102462639424
5263 103308587925
5318 104412207043
5353 105052604894
5389 105799363022
5421 106347273877
5459 107163177992
5499 107843344177
5541 108793960566
5582 109532875148
5614 110043390542
5645 110609016991
5658 110889807949
5705 111928948431
5752 112756550456
5799 113676000295
5853 114809050499
5908 115819641424
5957 116769712393
5994 117755580027
6046 118877228823
6082 119656914202
6127 120606940545
6174 121639176601
6206 122306846201
6239 122860090631
6277 123669920939
6324 124709039485
6360 125307859752
6404 126179619550
6436 126929087291
6478 127795143207
6503 128160972753
6546 129069582285
6581 129623559875
6620 130371129949
6647 130868987914
6687 131473774622
6724 132198191891
6756 132783385945
6786 133377152593
6812 133786560139
6851 134531667571
6885 135104297250
6922 135729459873
6955 136426503470
6993 137044239489
7017 137438382736
7077 138849889917
7128 139997678244
7162 140808401463
7198 141584444698
7233 142234305594
7268 142816189254
7302 143627529186
7325 144119975000
7355 144690950290
7404 145767865512
7435 146367606745
7462 146849927358
7502 147654152559
7543 148569698290
7584 149362390601
7611 149763510357
7650 150430382314
7685 151022341143
7715 151652530074
7746 152350977791
7773 152940041337
7807 153454749886
7833 153873395959
7864 154434986240
7899 155069842818
7932 155741341337
7964 156307527515
8015 157175824356
8052 157933861233
8091 158645608799
8128 159270300364
8163 160104943318
8210 161156420595
8248 161934431472
8269 162303967017
8307 162922075748
8343 163640860401
8385 164460155644
8425 165196271502
8466 165999888910
8502 166636260506
8544 167468279490
8586 168177370748
8626 168776560841
8670 169666305127
8724 171073360364
8762 171742653135
8809 172697490321
8839 173218180354
8871 173765133521
8905 174323841301
8945 175042862198
8978 175692992225
9020 176507151643
9063 177310003240
9097 178058763395
9127 178636685924
9162 179319610975
9179 179596876502
9208 180063541021
9241 181014326484
9275 181521038681
9312 182300144002
9338 182796249369
9382 183667650741
9416 184358999133
9447 184751077755
9497 185731205226
9541 186835425785
9576 187478580695
9600 187901062613
9634 188528314611
9679 189371583919
9711 189828695234
9747 190443480632
9795 191415502212
9831 192214634577
9862 192917981658
9899 193552539607
9927 194145035474
9955 194513467289
9999 195500494093
10028 196094704785
10035 196210089249
10060 196681348802
10092 197151365949
10133 198062257332
10177 198847928491
10213 199552466610
10264 200606943844
10309 201416480334
10347 202332345172
10392 203254926133
10426 203980140502
10453 204467401396
10494 205239393891
10531 206000489317
10565 206499072921
10610 207381865811
10638 207873988437
10666 208282579074
10694 208688080299
10738 209504138355
10767 209988594396
10803 210606505733
10854 211491541063
10891 212207785995
10932 212957885562
10965 213594305029
10998 214092140611
11026 214618443992
11030 214697152873
11039 214840691329
11054 215033913325
11063 215162105153
11087 215503447140
11103 215753046203
11119 216001973206
11134 216299975553
11152 216542503412
11164 216676544279
11177 216905855510
11186 217144317584
11209 217533019250
11218 217701375650
11239 218121688535
11246 218229761700
11278 218853924577
11301 219199500684
11322 219515148915
11340 219825998967
11351 219939625894
11369 220171825313
11378 220278342376
11379 220294017650
11394 220610592814
11408 220864223391
11422 221090076688
11429 221254252082
11441 221457933408
11458 221806199119
11475 222147841907
11487 222340210495
11513 222821022734
11524 223042607094
11533 223171771427
11541 223278216066
11553 223549464450
11563 223678700284
11572 223800705863
11586 224025327801
11592 224118699568
11594 224137762876
11599 224241454347
11609 224482811496
11624 224694010285
11638 224966537088
11655 225242659571
11673 225505786534
11691 225840563789
11698 226018814337
11711 226253445798
11724 226396540146
11731 226511673688
11743 226681928418
11746 226727662732
11760 226902731276
11773 227114547909
11782 227271553118
11794 227454329652
11799 227520214765
11804 227583997732
11806 227612446633
11812 227710305349
11824 227959079347
