0 0
0 0
0 0
0 0
0 0
1 4661844
1 4661844
1 4661844
1 4661844
1 4661844
2 13801526
2 13801526
2 13801526
2 13801526
3 13814600
3 13814600
3 13814600
3 13814600
3 13814600
3 13814600
4 30820591
4 30820591
4 30820591
5 31142977
5 31142977
5 31142977
5 31142977
5 31142977
5 31142977
5 31142977
5 31142977
5 31142977
5 31142977
5 31142977
5 31142977
5 31142977
5 31142977
5 31142977
5 31142977
5 31142977
5 31142977
5 31142977
5 31142977
5 31142977
5 31142977
5 31142977
5 31142977
5 31142977
5 31142977
5 31142977
5 31142977
5 31142977
5 31142977
5 31142977
6 39415613
6 39415613
6 39415613
6 39415613
6 39415613
6 39415613
6 39415613
6 39415613
6 39415613
6 39415613
6 39415613
6 39415613
6 39415613
6 39415613
6 39415613
6 39415613
6 39415613
6 39415613
6 39415613
6 39415613
6 39415613
6 39415613
6 39415613
6 39415613
6 39415613
6 39415613
6 39415613
6 39415613
6 39415613
6 39415613
6 39415613
6 39415613
6 39415613
6 39415613
6 39415613
6 39415613
6 39415613
6 39415613
7 53669626
7 53669626
7 53669626
7 53669626
7 53669626
7 53669626
7 53669626
7 53669626
7 53669626
7 53669626
7 53669626
7 53669626
7 53669626
8 71614071
8 71614071
8 71614071
8 71614071
10 94878416
10 94878416
10 94878416
10 94878416
10 94878416
10 94878416
10 94878416
10 94878416
10 94878416
10 94878416
10 94878416
10 94878416
10 94878416
11 101133648
11 101133648
11 101133648
11 101133648
11 101133648
11 101133648
11 101133648
12 101339907
12 101339907
12 101339907
12 101339907
12 101339907
12 101339907
12 101339907
12 101339907
12 101339907
13 116952248
13 116952248
13 116952248
13 116952248
13 116952248
13 116952248
13 116952248
13 116952248
13 116952248
13 116952248
13 116952248
13 116952248
13 116952248
13 116952248
13 116952248
13 116952248
14 120769387
14 120769387
14 120769387
14 120769387
14 120769387
14 120769387
14 120769387
14 120769387
14 120769387
14 120769387
14 120769387
14 120769387
14 120769387
14 120769387
14 120769387
14 120769387
14 120769387
14 120769387
14 120769387
14 120769387
14 120769387
14 120769387
14 120769387
15 138728753
15 138728753
15 138728753
15 138728753
16 159344340
16 159344340
16 159344340
16 159344340
16 159344340
16 159344340
16 159344340
16 159344340
16 159344340
16 159344340
16 159344340
16 159344340
17 176322806
17 176322806
17 176322806
17 176322806
17 176322806
17 176322806
17 176322806
18 183594591
18 183594591
18 183594591
18 183594591
18 183594591
18 183594591
18 183594591
18 183594591
18 183594591
18 183594591
18 183594591
18 183594591
18 183594591
18 183594591
18 183594591
18 183594591
18 183594591
18 183594591
18 183594591
18 183594591
18 183594591
18 183594591
18 183594591
18 183594591
18 183594591
18 183594591
18 183594591
18 183594591
18 183594591
18 183594591
18 183594591
18 183594591
18 183594591
18 183594591
18 183594591
18 183594591
18 183594591
18 183594591
18 183594591
18 183594591
18 183594591
18 183594591
18 183594591
18 183594591
18 183594591
19 187735738
19 187735738
19 187735738
19 187735738
19 187735738
19 187735738
19 187735738
19 187735738
19 187735738
19 187735738
19 187735738
19 187735738
20 206886590
20 206886590
20 206886590
20 206886590
20 206886590
20 206886590
20 206886590
20 206886590
20 206886590
20 206886590
20 206886590
20 206886590
20 206886590
20 206886590
20 206886590
20 206886590
20 206886590
20 206886590
20 206886590
20 206886590
20 206886590
20 206886590
20 206886590
20 206886590
21 226385710
21 226385710
21 226385710
21 226385710
21 226385710
21 226385710
21 226385710
21 226385710
21 226385710
21 226385710
21 226385710
21 226385710
21 226385710
21 226385710
21 226385710
21 226385710
21 226385710
21 226385710
21 226385710
21 226385710
21 226385710
21 226385710
21 226385710
21 226385710
21 226385710
21 226385710
21 226385710
21 226385710
21 226385710
21 226385710
21 226385710
21 226385710
21 226385710
21 226385710
21 226385710
21 226385710
21 226385710
22 232657803
22 232657803
22 232657803
22 232657803
22 232657803
22 232657803
22 232657803
22 232657803
22 232657803
22 232657803
22 232657803
22 232657803
22 232657803
22 232657803
22 232657803
22 232657803
23 250047638
24 263116017
24 263116017
24 263116017
25 279138365
25 279138365
25 279138365
25 279138365
25 279138365
25 279138365
25 279138365
25 279138365
25 279138365
25 279138365
25 279138365
25 279138365
26 298991458
26 298991458
27 299068002
27 299068002
27 299068002
27 299068002
27 299068002
27 299068002
27 299068002
27 299068002
27 299068002
27 299068002
27 299068002
27 299068002
27 299068002
27 299068002
27 299068002
27 299068002
27 299068002
27 299068002
27 299068002
27 299068002
27 299068002
27 299068002
27 299068002
27 299068002
27 299068002
27 299068002
27 299068002
27 299068002
28 305750434
28 305750434
28 305750434
28 305750434
28 305750434
28 305750434
28 305750434
28 305750434
28 305750434
28 305750434
28 305750434
29 311556079
29 311556079
29 311556079
29 311556079
29 311556079
29 311556079
29 311556079
29 311556079
29 311556079
29 311556079
29 311556079
29 311556079
29 311556079
29 311556079
29 311556079
29 311556079
30 332266962
30 332266962
30 332266962
30 332266962
30 332266962
30 332266962
30 332266962
30 332266962
30 332266962
30 332266962
30 332266962
30 332266962
30 332266962
30 332266962
30 332266962
30 332266962
30 332266962
30 332266962
