9 833337691
112 6652868232
211 13276749724
311 21087863403
411 28564910261
511 35628256576
611 43564941677
708 49082547689
808 55913985587
905 62147915109
1003 69135284693
1103 75864261922
1204 83980120580
1304 91649853820
1404 99046691327
1504 106954376768
1604 114382155861
1701 121864879179
1799 129210506272
1897 135096546417
1997 142353916035
2093 148362731846
2192 154791564210
2289 160976336563
2388 168561699368
2487 175619094887
2586 183127802264
2684 188755118433
2785 196690449330
2882 202387740534
2982 208705677872
3080 215043297702
3180 222413817471
3280 228887631478
3378 236492334955
3475 241769775711
3574 247629158463
3672 254241742555
3772 260575016734
3872 266901488670
3972 274487366047
4071 280676106370
4152 286137484827
4252 291681662426
4351 298663791767
4449 305309590321
4549 311825790870
4647 318601924882
4747 325444755386
4846 332137634147
4946 339068189127
5046 345306578737
5147 352096345108
5243 357135474949
5342 364958776352
5439 370705433747
5538 377762297181
5637 383479073614
5736 390444495750
5835 397221866316
5935 404895529520
6014 410457904044
6113 418310469252
6209 423288694160
6308 429859487476
6407 436279462927
6503 441125519504
6599 445108168344
6697 450741726758
6796 457448695063
6896 465542339581
6997 471375973212
7092 476037200678
7191 483834259012
7290 492255370652
7389 501380004521
7487 509111967953
7587 517186258961
7686 525399114313
7785 532940818472
7885 541898709163
7984 549912254237
8084 558246790142
8184 566163038046
8285 574432231371
8385 583205310878
8484 591441723151
8582 599594506894
8682 607853533544
8782 616046962139
8879 623165655932
8980 631026263002
9080 639621559036
9180 648125732924
9279 655467053151
9378 664121702457
9477 672114101982
9575 679685354240
9676 687241907393
9775 692137277410
9875 699903369020
9974 705952489303
10073 711692432771
10171 718366191680
10271 725935412183
10357 730758896369
10446 736253504001
10546 743113355703
10646 751493013087
10744 758060689211
10842 765303563952
10942 772009351035
11040 779981587097
11140 787986562808
11241 795863749616
11340 803876339152
11437 810031614497
11537 817295589814
11637 825512438394
11737 833421043271
11837 841263221093
11936 849040429661
12035 857198584973
12136 865822535023
12236 873937977572
12335 882882385375
12435 892156007334
12535 900193323322
12633 905632402118
12730 910956819322
12830 919458024022
12929 925965860568
13030 933771945419
13128 941097408071
13226 949451005737
13324 956229616748
13424 963691397199
13523 972535573201
13603 978838824919
13701 986010415539
13801 991856851120
13899 999216436015
13997 1007556839463
14096 1015798773323
14194 1023691584581
14294 1031853875937
14395 1039609890279
14494 1047863649993
14594 1055496647413
14693 1063316677625
14792 1071499562708
14891 1079485099928
14991 1088071013601
15092 1096627037310
15192 1104707150046
15290 1112172792982
15390 1120023084579
15490 1127731227227
15589 1135712868475
15687 1143561196585
15786 1151215129039
15886 1158956559107
15987 1166834088454
16087 1174742450023
16187 1183191429004
16287 1190736139543
16387 1198579120392
16487 1207184082173
16586 1215432707588
16687 1224131000186
16787 1232235992075
16885 1239834183451
16985 1247504633375
17085 1255574511848
17184 1262842379137
17284 1270882540082
17384 1279858790881
17483 1288433885424
17584 1296826176115
17684 1305914822510
17784 1314829735931
17884 1322512501241
17984 1330502478674
18084 1337963110082
18184 1346406950671
18285 1354468986260
18385 1362926169509
18485 1369962675596
18585 1377253057778
18681 1385296088665
18764 1392116642669
18863 1399877073709
18964 1407763482160
19064 1415482955748
19158 1421572981345
19257 1429738217988
19357 1438205710828
19457 1446205835621
19556 1453894438826
19655 1461991722222
19755 1469979613134
19853 1477830426533
19953 1484882358352
20053 1493422060236
20153 1501564677101
20253 1510457565441
20353 1518688499055
20454 1528143955422
20554 1536494394862
20654 1544828312218
20754 1553033091550
20850 1559237927352
20950 1567949919243
21050 1574668143300
21146 1581889184364
21247 1590670720044
21344 1598398500985
21445 1606103720673
21545 1615089145044
21645 1622696158714
21744 1630624233428
21844 1638910058883
21942 1645870370931
22042 1653959747620
22142 1661759646514
22241 1667751676820
22339 1674875253758
22438 1682101768994
22537 1690360921858
22637 1695972136244
22737 1703250611642
22838 1711842281544
22937 1719957780060
23036 1728133389499
23134 1734365315373
23233 1740481915735
23332 1747494319727
23432 1754444355125
23509 1758987683982
23610 1766848712104
23710 1775338520242
23809 1783081120923
23908 1790632909093
24008 1799165098914
24108 1807168894318
24209 1815332907480
24309 1823390752851
24409 1831621545867
24507 1838399992421
24606 1845573872406
24703 1852714673321
24803 1861059711761
24904 1869622624672
25004 1878213849284
25103 1886204715226
25203 1894492364188
25303 1903304091860
25402 1912062044555
25501 1920894630371
25601 1928911687002
25702 1936441150492
25799 1942153409625
25897 1947282078984
25996 1953944314035
26093 1958935342963
26193 1965127785728
26291 1971119247300
26391 1977642118216
26487 1982546037943
26585 1988719673193
26684 1995119730723
26781 2000076483222
26877 2005676227828
26973 2010437555727
27067 2015091156022
27164 2019778027345
27263 2024632114443
27363 2030865819845
27460 2037053547766
27559 2042579176340
27637 2047157138331
27735 2052512613950
27833 2058469255477
27930 2063969476186
28027 2069158403072
28126 2075801083169
28226 2081553481634
28326 2088237128283
28425 2094189534323
28523 2101447338899
28623 2107442367368
28723 2114010702656
28820 2119841745068
28919 2126533676340
29019 2133711372010
29120 2140365378472
29217 2146480048503
29315 2151559174344
29413 2155803193828
29507 2160611703092
29605 2165636855449
29703 2170605762118
29803 2176269714442
29901 2181676296864
30000 2187113593109
30100 2193247572206
30198 2199308840709
30296 2205352833931
30394 2210841906360
30493 2217034342836
30592 2222796852338
30689 2229137997428
30787 2235190780649
30885 2240531351876
30983 2246296861054
31082 2251940091096
31161 2256561825298
31256 2261998993380
31356 2268895442409
31456 2276421113901
31556 2282818112157
31654 2288910532119
31753 2294783095766
31851 2300592678761
31947 2306491286149
32046 2313049083525
32146 2319586587553
32244 2326338375219
32341 2331415130009
32440 2337876353993
32537 2344230405364
32636 2351391691892
32734 2356121471865
32831 2361979692229
32931 2368395090680
33029 2374897193813
33125 2380552951367
33219 2386644541772
33318 2392236221362
33416 2398588835592
33515 2404238293519
33615 2410399299679
33711 2416017853555
33811 2422226004897
33909 2428052352192
34010 2435266878046
34108 2440467673802
34204 2445884630073
34299 2450304485660
34393 2454982557989
34490 2459374699058
34585 2463902432170
34685 2469718056937
34764 2474024770416
34861 2478623867552
34958 2483323586582
35057 2488629340369
35155 2493675248399
35254 2499357699052
35353 2506445673519
35453 2512653102701
35553 2518443614822
35650 2523540852672
35750 2529552496865
35847 2535760355561
35946 2543312669624
36044 2549314249580
36143 2555563780535
36241 2561306440822
36337 2567781756955
36435 2573960623080
36534 2581579266942
36634 2588346257022
36734 2595763840221
36831 2601638619306
36930 2608398782336
37030 2614937667995
37130 2621720677593
37228 2628283993447
37328 2635156922813
37427 2641354436318
37526 2648392189108
37626 2654735101674
37726 2661717215389
37823 2668040649725
37921 2674848569886
38019 2680481324684
38119 2686715995389
38215 2692296971302
38316 2700063208376
38415 2706820725610
38496 2711781259705
38596 2717187812573
38676 2722646381591
38774 2728090674710
38873 2734592555583
38972 2740729685774
39070 2746641331373
39167 2752789945408
39267 2758681474112
39366 2765076609422
39465 2772519785477
39562 2777970991175
39663 2784563894595
39763 2790445831051
39863 2797559939117
39960 2803821463103
40059 2811060188882
40157 2817121725394
40257 2823936829727
40355 2830270339502
40456 2838204456031
40554 2844612841941
40654 2851336703742
40754 2857044021954
40854 2864423547417
40954 2870554195133
41054 2877426540382
41154 2883273120013
41254 2889909705902
41351 2895160146663
41451 2902616909109
41550 2908540026219
41648 2914527761140
41746 2920895947944
41845 2928147026312
41944 2933698468276
42045 2940465011011
42142 2946177028082
42241 2953055035166
42337 2959328007706
42436 2965125619370
42514 2969167678373
42614 2977380521589
42713 2984645573405
42814 2993515630521
42913 3000808714899
43013 3008076338025
43113 3015047985336
43213 3023854741072
43311 3031048686339
43411 3038968422231
43509 3045704593089
43610 3053890756585
43709 3062041891385
43807 3070474756454
43907 3077676125071
44005 3085520145286
44103 3092117553326
44203 3100849235250
44301 3107792726649
44401 3115808262310
44500 3122803147226
44600 3130502731244
44699 3138902190647
44798 3147742650178
44898 3154970181871
44999 3163224942797
45098 3170368569801
45197 3178478500677
45297 3185785691367
45395 3193199380762
45495 3200872892712
45595 3209676429357
45695 3218103371348
45795 3226964265667
45892 3234235037118
45992 3243244958153
46092 3250822490776
46192 3259482167146
46291 3268255340674
46390 3276612574761
46488 3283979291667
46588 3292798959600
46686 3299965506590
46786 3308433086875
46887 3316376687353
46987 3324256987321
47086 3332109376415
47186 3340527734940
47285 3347894286948
47386 3357029205900
47463 3363707948652
47564 3371592081673
47661 3379961704830
47761 3388790173324
47861 3396044747755
47961 3405311965424
48060 3413917533795
48161 3422778884316
48261 3430867822516
48360 3440029322564
48460 3446927904395
48560 3454758815679
48658 3461657011653
48758 3469869214282
48859 3477574269648
48959 3486412379788
49058 3493955325858
49158 3501936422130
49258 3509991684200
49357 3517511712305
49457 3525181879019
49557 3533968585202
49658 3542323252828
49757 3551280563106
49856 3558097382843
49956 3567022751495
50054 3574310882247
50154 3583509791533
50254 3591791201715
50354 3599452445932
50434 3606019455170
50534 3614613627536
50634 3622682745777
50734 3631495616223
50833 3639202673652
50933 3647684494776
51034 3655839900697
51133 3664366968899
51233 3672343867072
51333 3680696950294
51432 3688930672929
51527 3696309191439
51626 3703480923508
51727 3711774083075
51827 3719797368092
51927 3727928851543
52027 3735913918145
52127 3744360186703
52226 3751892428666
52327 3760494630841
52425 3767336626428
52525 3775835466232
52625 3784053624507
52725 3792783383016
52823 3799830526249
52923 3809501729244
53022 3817138614945
53122 3825667065760
53222 3833227424172
53322 3842245170368
53421 3849383181100
53521 3859025861268
53621 3866126196280
53722 3875068596327
53821 3883903332167
53920 3892888426249
54019 3899736736482
54119 3907933014957
54219 3915275110281
54316 3921958214607
54413 3928971418307
54513 3937574732897
54609 3944842217931
54709 3954529434473
54808 3961996022015
54908 3970921783083
55001 3976379181385
55102 3985340459071
55200 3991857056012
55299 4000303400209
55399 4007912976464
