0 0
2 22547054
4 39361988
6 40187869
8 49025212
11 99516169
13 142138177
16 184036315
18 206907742
21 225997884
21 225997884
22 245540950
26 324114056
28 349491988
30 369949887
33 398707448
35 414210903
37 425020714
40 436325559
41 444562198
42 444739900
42 444739900
48 518397142
51 536655407
54 582332558
57 623366004
58 647429580
61 678706389
62 700363995
65 739954535
67 758583667
69 774436702
73 811768753
75 827481235
77 846356354
81 883544812
82 887340073
83 891398242
84 906081138
85 926060417
86 936408138
89 970728444
90 983699993
95 1062083484
98 1101237217
99 1121509360
104 1200287969
108 1257818984
110 1283368429
112 1302418823
114 1326812152
114 1326812152
116 1344329015
119 1386264040
119 1386264040
122 1418317829
126 1453320422
127 1461695904
133 1531171265
136 1555838761
137 1563067834
138 1571871831
140 1602034943
140 1602034943
140 1602034943
143 1628595851
143 1628595851
144 1645446363
146 1673503136
149 1704267290
152 1737895236
155 1796869636
157 1824276517
162 1886065626
167 1957917901
170 2018726159
173 2057492874
175 2085493474
177 2101341223
179 2137470372
181 2146725644
183 2181233164
185 2194527734
187 2215248801
193 2292452427
195 2315207182
199 2355948684
201 2382835442
207 2455904337
210 2494938368
213 2528068786
216 2567809388
220 2610699014
223 2652974235
225 2670390969
229 2716685202
231 2758503373
232 2769819238
234 2815320132
237 2855063512
237 2855063512
237 2855063512
237 2855063512
238 2865209922
239 2885678618
239 2885678618
244 2946419862
246 2970716713
248 2993161439
251 3028735784
255 3071934962
256 3072070002
261 3145081097
263 3168014696
265 3204289412
266 3204317736
266 3204317736
267 3208074438
270 3236322150
273 3284668035
275 3309032163
275 3309032163
278 3337070208
279 3352578669
283 3405825980
283 3405825980
289 3475431342
293 3521676484
298 3559428209
302 3593783489
307 3646620608
311 3687759176
313 3695008531
322 3769794326
325 3796927285
328 3839429416
330 3867156266
332 3883015662
333 3897086823
333 3897086823
337 3964289975
341 4008387649
342 4023837454
345 4043374608
347 4068746949
351 4109551793
355 4163442105
357 4186098967
360 4233645560
362 4258459511
362 4258459511
363 4274693974
365 4292388886
367 4306218163
369 4322195972
369 4322195972
372 4354554089
374 4375724672
377 4404358576
380 4450315002
383 4479337006
383 4479337006
383 4479337006
387 4537944600
389 4558507844
391 4595717322
396 4653355393
399 4685804883
400 4691731470
401 4691934941
405 4721709780
409 4750279246
412 4773844441
413 4791011301
416 4807759842
417 4816272120
422 4890120512
425 4937423957
426 4945069641
428 4951161579
435 5014801852
437 5037478532
437 5037478532
441 5067534531
441 5067534531
444 5100603289
447 5145710992
450 5164091906
451 5188249498
451 5188249498
454 5222503274
455 5230541967
456 5246991775
458 5279643113
462 5339938518
465 5394633644
469 5437720080
470 5453082301
472 5482132166
473 5486247547
474 5498463466
474 5498463466
475 5510149457
476 5527720949
476 5527720949
478 5555139359
479 5564236282
480 5566448342
484 5620093133
488 5638273857
492 5684587553
495 5715076001
498 5742252527
499 5754282683
503 5802345267
504 5806459867
509 5876405940
510 5876474989
512 5884731252
517 5943902650
522 6015796028
523 6032015309
524 6037141193
530 6124304065
531 6137562225
534 6169288726
535 6178199791
538 6214086230
543 6259752279
545 6281165730
548 6322227848
552 6363546715
553 6378979228
554 6379594172
560 6423329551
564 6481821539
569 6533597902
572 6571424766
575 6601754426
577 6607573553
580 6654887496
584 6706014312
585 6719587989
588 6782889795
591 6822950651
594 6861043808
597 6884923816
598 6889110702
598 6889110702
602 6921307904
604 6936949409
605 6953529531
608 6988098325
608 6988098325
612 7027453378
613 7048629638
614 7052763817
616 7057451525
617 7072635165
618 7080679768
623 7146729990
625 7179550845
628 7224609123
633 7274261772
634 7277590880
637 7322953267
637 7322953267
639 7344927260
647 7434676558
650 7455135021
653 7505429704
655 7518927538
660 7580833923
660 7580833923
665 7642672734
666 7663115547
667 7674343418
670 7709753928
670 7709753928
671 7726988982
673 7748565125
678 7802006889
681 7833628153
681 7833628153
681 7833628153
682 7852460769
686 7906967776
687 7914186419
689 7934603251
692 7981840083
694 7993712785
695 8014475413
698 8033673196
700 8052111719
700 8052111719
702 8070039410
702 8070039410
703 8081080801
705 8120722874
709 8164518386
714 8221998070
715 8235103404
715 8235103404
718 8278984074
718 8278984074
722 8332605519
723 8337245646
723 8337245646
725 8388881638
726 8396993767
728 8404224014
731 8452859662
733 8471414799
734 8486773792
735 8490706201
740 8544294465
746 8618583380
751 8670948584
752 8687489327
755 8709975627
756 8734868162
758 8746321792
759 8768819290
759 8768819290
759 8768819290
765 8848362355
766 8856678149
766 8856678149
768 8874391104
773 8938428521
776 8971527226
779 9030340141
781 9042820931
782 9045644732
785 9089971659
786 9109268744
789 9141644773
790 9158001427
792 9197217714
792 9197217714
795 9248088556
798 9281660378
799 9293949319
801 9326168906
806 9386209572
810 9391028825
813 9440109870
813 9440109870
814 9444760679
818 9502228224
820 9528349037
825 9609420516
825 9609420516
827 9627859272
827 9627859272
829 9637854792
832 9676363221
835 9729399637
839 9774703593
842 9804617615
844 9807113365
847 9854482305
852 9934084651
852 9934084651
853 9938242798
854 9959552055
854 9959552055
855 9982451262
859 10039726692
861 10059961253
867 10153243496
869 10189587275
874 10245411962
876 10262062395
877 10282589392
880 10320984586
883 10342493685
885 10377499807
890 10427547133
892 10441208855
893 10457669600
895 10484374753
897 10486839138
900 10523416363
901 10541844317
903 10574820086
905 10605745871
906 10625133939
909 10649573835
913 10693720602
915 10719395350
919 10755806780
924 10811167253
926 10842442533
931 10883226568
935 10912770180
937 10916039616
938 10927042257
939 10927936827
942 10970320643
946 11021465999
951 11091789995
954 11132333073
957 11148407764
960 11181431763
963 11223718735
968 11286159114
971 11338686220
972 11349340188
975 11377463824
982 11480234896
985 11515409201
986 11523777173
989 11555701988
991 11568788463
997 11633958942
1001 11671107170
1006 11719127551
1008 11745978839
1009 11760836008
1011 11786863725
1012 11795419846
1014 11804960508
1016 11826601496
1018 11858529496
