0 0
0 0
0 0
0 0
0 0
0 0
0 0
0 0
0 0
0 0
0 0
0 0
0 0
0 0
0 0
0 0
0 0
0 0
0 0
0 0
0 0
0 0
0 0
0 0
0 0
0 0
0 0
0 0
0 0
0 0
0 0
0 0
0 0
0 0
0 0
0 0
0 0
0 0
0 0
0 0
0 0
0 0
0 0
0 0
0 0
0 0
0 0
0 0
0 0
0 0
0 0
0 0
0 0
0 0
0 0
0 0
1 21216424
1 21216424
1 21216424
1 21216424
1 21216424
1 21216424
1 21216424
1 21216424
1 21216424
2 34894195
2 34894195
2 34894195
2 34894195
2 34894195
2 34894195
2 34894195
2 34894195
2 34894195
2 34894195
2 34894195
2 34894195
2 34894195
3 35549982
3 35549982
3 35549982
4 36991922
4 36991922
4 36991922
4 36991922
4 36991922
4 36991922
4 36991922
4 36991922
4 36991922
4 36991922
4 36991922
4 36991922
4 36991922
4 36991922
4 36991922
4 36991922
4 36991922
4 36991922
4 36991922
4 36991922
4 36991922
4 36991922
5 51964880
5 51964880
5 51964880
5 51964880
5 51964880
5 51964880
5 51964880
5 51964880
5 51964880
5 51964880
5 51964880
5 51964880
5 51964880
5 51964880
5 51964880
5 51964880
5 51964880
5 51964880
5 51964880
5 51964880
6 67300529
6 67300529
6 67300529
6 67300529
6 67300529
6 67300529
6 67300529
6 67300529
6 67300529
6 67300529
6 67300529
6 67300529
6 67300529
6 67300529
6 67300529
7 78504635
7 78504635
7 78504635
7 78504635
7 78504635
8 95193591
8 95193591
8 95193591
8 95193591
8 95193591
8 95193591
8 95193591
8 95193591
8 95193591
8 95193591
8 95193591
8 95193591
8 95193591
8 95193591
9 103051097
9 103051097
9 103051097
9 103051097
9 103051097
9 103051097
9 103051097
9 103051097
10 117815845
11 137332829
11 137332829
11 137332829
11 137332829
11 137332829
11 137332829
11 137332829
11 137332829
11 137332829
11 137332829
11 137332829
11 137332829
11 137332829
11 137332829
11 137332829
11 137332829
11 137332829
11 137332829
11 137332829
11 137332829
11 137332829
11 137332829
12 157987480
12 157987480
12 157987480
12 157987480
12 157987480
12 157987480
12 157987480
12 157987480
12 157987480
13 165094865
13 165094865
13 165094865
13 165094865
13 165094865
13 165094865
13 165094865
13 165094865
13 165094865
13 165094865
13 165094865
13 165094865
13 165094865
13 165094865
13 165094865
13 165094865
14 176767074
14 176767074
14 176767074
14 176767074
14 176767074
14 176767074
14 176767074
14 176767074
14 176767074
14 176767074
14 176767074
14 176767074
14 176767074
14 176767074
14 176767074
14 176767074
14 176767074
14 176767074
14 176767074
14 176767074
14 176767074
14 176767074
14 176767074
14 176767074
14 176767074
14 176767074
14 176767074
14 176767074
14 176767074
14 176767074
14 176767074
14 176767074
14 176767074
14 176767074
14 176767074
14 176767074
14 176767074
14 176767074
14 176767074
15 187292064
15 187292064
15 187292064
15 187292064
15 187292064
15 187292064
16 194775814
16 194775814
16 194775814
16 194775814
16 194775814
16 194775814
16 194775814
16 194775814
16 194775814
16 194775814
16 194775814
16 194775814
16 194775814
16 194775814
16 194775814
16 194775814
16 194775814
16 194775814
16 194775814
16 194775814
16 194775814
16 194775814
16 194775814
16 194775814
16 194775814
16 194775814
16 194775814
16 194775814
16 194775814
16 194775814
16 194775814
16 194775814
16 194775814
16 194775814
16 194775814
16 194775814
16 194775814
16 194775814
16 194775814
16 194775814
16 194775814
16 194775814
17 203125035
17 203125035
17 203125035
17 203125035
17 203125035
17 203125035
17 203125035
17 203125035
17 203125035
17 203125035
17 203125035
17 203125035
17 203125035
17 203125035
17 203125035
17 203125035
17 203125035
17 203125035
17 203125035
17 203125035
17 203125035
17 203125035
17 203125035
17 203125035
18 212271009
18 212271009
18 212271009
18 212271009
18 212271009
18 212271009
18 212271009
18 212271009
18 212271009
18 212271009
18 212271009
18 212271009
18 212271009
18 212271009
18 212271009
18 212271009
18 212271009
18 212271009
18 212271009
18 212271009
18 212271009
18 212271009
18 212271009
19 233469640
19 233469640
19 233469640
19 233469640
19 233469640
19 233469640
19 233469640
19 233469640
19 233469640
19 233469640
19 233469640
19 233469640
19 233469640
19 233469640
19 233469640
19 233469640
20 243882339
21 244615469
21 244615469
21 244615469
21 244615469
21 244615469
21 244615469
22 244832509
22 244832509
22 244832509
22 244832509
22 244832509
22 244832509
22 244832509
22 244832509
23 264006884
23 264006884
23 264006884
23 264006884
23 264006884
23 264006884
23 264006884
23 264006884
23 264006884
23 264006884
23 264006884
23 264006884
23 264006884
23 264006884
23 264006884
23 264006884
24 281187765
24 281187765
24 281187765
24 281187765
24 281187765
24 281187765
24 281187765
24 281187765
24 281187765
24 281187765
24 281187765
24 281187765
24 281187765
24 281187765
24 281187765
24 281187765
24 281187765
24 281187765
24 281187765
24 281187765
24 281187765
24 281187765
24 281187765
24 281187765
24 281187765
24 281187765
24 281187765
24 281187765
24 281187765
24 281187765
24 281187765
