9 409632898
91 4189031749
142 5989959704
209 8250996415
268 10422732022
349 13838036992
398 15832247449
469 18647530129
524 20493730763
589 22782043534
666 25923732645
719 28201827751
778 30475156746
861 34722934683
937 38160608316
1006 41638598247
1088 45093056571
1170 49893718902
1244 53098955895
1299 55399280107
1373 58468405973
1428 60558802165
1486 63181580457
1565 67015992114
1636 69835196803
1696 71893929026
1769 74965200745
1855 78259177285
1912 80462410426
1985 83831132080
2068 87787409494
2113 89262056359
2168 91690797291
2259 96022298693
2329 98528699814
2395 101150785479
2463 103662182801
2530 106372168691
2613 109159902935
2677 111944035213
2746 114624317145
2801 116415406564
2878 119685579122
2930 121999269311
2978 123716936498
3038 126058976383
3105 128617740211
3156 130704159577
3217 133240492156
3272 134971523756
3334 137183616109
3373 138168361502
3453 140318724926
3520 142987721383
3577 144827178450
3648 146731135964
3711 148656730673
3756 149681792796
3822 151457417569
3887 153131748515
3948 154856777300
4015 157335269460
4095 160516124498
4156 162431340786
4214 164389956207
4245 165196046492
4280 166117854089
4324 167716104931
4399 170510945883
4434 171770486665
4479 172935953527
4530 174336395086
4578 175473743238
4628 176834088195
4690 179152215450
4748 181208781010
4784 182194136243
4850 184347913422
4910 186309111235
4968 188166354254
5040 190726595641
5122 193508693138
5186 195246802316
5240 196835168893
5332 200853847824
5382 202266096995
5431 203786574751
5503 205997997363
5566 207722776633
5612 209001177887
5687 211474374566
5776 214501680048
5838 216467776250
5922 219680410956
6006 222547231693
6016 222689766279
6110 228959195931
6208 236107217604
6299 241112337820
6375 244752837316
6473 251117490493
6570 257257380661
6666 262051120715
6765 268362874345
6857 272915943297
6953 278450903124
7051 284816383781
7149 290216584894
7244 294654917707
7342 301968754404
7441 308644189354
7533 313566822956
7630 319498592888
7729 326433648444
7822 331249519824
7913 336813417119
8013 342924046714
8110 347918288743
8203 352884587605
8303 359215720253
8398 364472386317
8489 369885378215
8589 376645652003
8674 381967304414
8765 385987902540
8863 392505700833
8962 397943102271
9061 403161463584
9159 409180586197
9258 415388094433
9350 420603221142
9444 425905660057
9543 431614961232
9639 437332534082
9730 442303123976
9829 448577941829
9923 454498402194
10013 459546589811
10112 465994595283
10211 472035793654
10302 477469349668
10381 482564077038
10477 488823330085
10570 493351809097
10663 499124949686
10763 505212213758
10854 510105324789
10950 516465363194
11048 523430552160
11144 529581123735
11235 534836051083
11333 541543670726
11422 546285034723
11515 551317703404
11615 557986212053
11710 564000655639
11779 567141243510
11875 573123458612
11970 580340958134
12059 584499816302
12157 590994202797
12257 597291529378
12350 602130721757
12443 607555299342
12541 614327643697
12639 620812089370
12733 626114846441
12831 633047710634
12930 638535680557
13024 644803113724
13124 651436661045
13221 656997824834
13314 662180333294
13414 669240269731
13512 675535126991
13606 680458545332
13704 685981322896
13804 692201401455
13892 697482542173
13989 703034479480
14088 709638568697
14180 715042616528
14276 721085782249
14354 726291825025
14450 731775415344
14546 737153719101
14644 743660251787
14741 750293878492
14839 755944877002
14937 761973728025
15034 767828391376
15126 772262554962
15224 778198622413
15321 784333942241
15412 789326472709
15496 792928731023
15593 798791622877
15687 804507650242
15781 810385642717
15879 816852470479
15974 822663100172
16072 828732272655
16169 835184727083
16264 841399633634
16353 846691647726
16450 853386439009
16549 859654994883
16643 864553448450
16742 871148846838
16839 877668244703
16917 881350660329
17012 887305100512
17111 893669553711
17209 900015020120
17307 905840975362
17361 908796213893
17415 910985105227
17494 913577222646
17578 916705639190
17656 919150695430
17727 921781132545
17821 925635176324
17898 928895876853
17967 931673063645
18061 935933224416
18156 940210689445
18239 943408891680
18331 947579364468
18423 951630058105
18502 954789637400
18581 957796250906
18678 962181111492
18768 965793356742
18852 969144008749
18946 973227146194
19039 976997223732
19121 980376479098
19212 984940776176
19306 989040084727
19377 991391087252
19467 995060386325
19562 999507931667
19635 1002629214279
19724 1006825713955
19818 1010867586807
19887 1014142806906
19962 1017129352953
20055 1021450101035
20141 1024956429511
20226 1028285548555
20323 1032913736852
20343 1033547564497
20418 1037431583879
20515 1043573534781
20612 1049033861805
20710 1054554709578
20788 1059365796857
20887 1065269841751
20983 1070484866949
21079 1077086906439
21179 1083991917646
21276 1089228536330
21370 1094820735595
21471 1101762224917
21568 1107910398746
21661 1113512161687
21760 1119769941682
21852 1124935458932
21947 1130110835214
22044 1136253476497
22136 1141950824230
22230 1146913090667
22328 1153430782691
22425 1159990507632
22519 1165217759647
22617 1171401777663
22717 1178778703885
22815 1184613364815
22909 1189753861018
23007 1196717531768
23095 1202148461131
23180 1206625700296
23280 1214256874600
23377 1219463181645
23470 1224936437254
23571 1231945627238
23668 1237956698823
23761 1243099485704
23828 1247640961253
23928 1253661163309
24020 1258534952109
24117 1265356342094
24215 1273152125497
24302 1277152019298
24400 1283291006530
24500 1290529491990
24599 1296522582274
24698 1303103888575
24778 1309355282617
24871 1314337297953
24964 1319611242662
25064 1326255320710
25161 1332406493474
25256 1337493666938
25355 1344263879994
25453 1350400563928
25541 1355398697303
25636 1361696131147
25734 1367603201224
25828 1372653225443
25921 1378365313758
26019 1384113819470
26115 1389940346687
26207 1395293722332
26306 1401116222860
26401 1406872956941
26493 1411991847473
26592 1418120062294
26687 1424620948717
26772 1429192447373
26870 1436740174626
26969 1443141522205
27063 1448184161469
27158 1453909678582
27258 1460549754711
27351 1466080313135
27449 1472516748164
27547 1479186627375
27643 1484959389524
27735 1489984723601
27835 1497071584576
27930 1503096396231
28024 1508699654623
28124 1515517558617
28217 1521171349761
28312 1526514505359
28411 1533077398204
28507 1539703651236
28599 1544088890767
28697 1550902166949
28795 1556961472083
28865 1560551391895
28957 1566060473727
29054 1573097949955
29145 1578543243861
29235 1584109224256
29335 1590498305386
29423 1595406502532
29515 1599942825654
29615 1605995652427
29713 1611961927603
29811 1616979527336
29912 1623267190456
30009 1629348514109
30100 1634056622384
30200 1640623436246
30300 1647105248738
30392 1651948913460
30486 1657928957586
30585 1664393919436
30680 1669363610486
30773 1675281245821
30872 1681800550967
30967 1687365664138
31062 1692817703843
31159 1699656441159
31258 1705024478704
31355 1711262599268
31454 1718377313197
31553 1724442007010
31649 1730031213610
31748 1736318396326
31848 1742712798206
31940 1747793107102
32038 1754360964141
32137 1760428828719
32227 1765548202419
32321 1771108005838
32421 1777714468493
32515 1782793556322
32608 1787730128928
32709 1794958251481
32808 1800965469017
32895 1805530358728
32982 1811329157477
33080 1817754814458
33171 1822431071848
33270 1827717918123
33368 1833999159812
33465 1839434322851
33560 1844906737311
33658 1851813281416
33749 1856150235539
33841 1861320930432
33940 1867912240091
34035 1873583160432
34126 1878573671401
34225 1884938571677
34321 1890506866339
34417 1895428422567
34517 1901328885848
34599 1905449299446
34690 1910238539496
34789 1916364115447
34888 1922834869665
34981 1928102870803
35076 1934598750436
35175 1940916077067
35269 1946376637987
35367 1951921571054
35466 1959487688928
35563 1964919264574
35655 1970624314333
35755 1977604032979
35853 1983059059116
35946 1988943797354
36045 1996081437856
36144 2002250499834
36236 2007321597259
36334 2013413352577
36434 2020029907154
36530 2025457583108
36630 2031371387517
36730 2037283096839
36824 2042950890543
36921 2048848360825
37000 2053507153784
37098 2059773293704
37197 2065770216085
37295 2072235321312
37386 2076499376394
37476 2081762979034
37575 2087841345721
37672 2093797877582
37764 2098723581120
37863 2105825179980
37963 2112824236984
38059 2118127666302
38158 2123753750546
38256 2129832456289
38354 2135088715861
38427 2138495495530
38507 2144183847559
38602 2150073455992
38677 2154173792589
38776 2161037683882
38873 2167200596493
38964 2172230187567
39061 2178911756466
39155 2184383952722
39243 2188484697710
39338 2195417436105
39437 2202117608539
39529 2207120835273
39626 2213718650865
39722 2219730395984
39818 2224769795935
39915 2230186350317
40013 2236458962977
40109 2241815192189
40206 2247995370349
40306 2253726702165
40399 2258911200989
40497 2265158215617
40596 2271964707716
40688 2277609497467
40786 2283065813680
40885 2289440998217
40981 2295445117648
41050 2298857789184
41146 2306058338857
41242 2312520424107
41335 2317435144217
41429 2322760882054
41528 2329039401261
41624 2334227437112
41719 2340182596512
41820 2347728866525
41918 2353083044951
41994 2356997472699
42087 2364040740760
42183 2369912941578
42281 2375994488306
42379 2383248037437
42479 2389641991388
42574 2394348549428
42671 2400565106206
42770 2406334684573
42864 2412152005737
42961 2418431166386
43060 2424472565236
43156 2429599214865
43251 2434907347542
43351 2441578678113
43450 2447889019034
43546 2453123139708
43646 2459951635922
43743 2466058759047
43835 2471015481376
43934 2478273138920
44034 2484794252017
44131 2490326021875
44231 2496821397745
44331 2502480866287
44423 2507254840453
44519 2513428599022
44618 2520547077518
44713 2525844752757
44805 2530611768671
44904 2536990050390
44997 2542879988591
45074 2547037026966
45172 2553097921177
45270 2558949812825
45364 2564117747821
45462 2570230887724
45557 2576557917258
45652 2581665348966
45751 2589093704169
45849 2595439730789
45931 2600085203779
46024 2605623397764
46123 2612831191868
46221 2618130571053
46312 2623539976637
46411 2629646880348
46508 2635062119887
46602 2640127018106
46701 2646570236086
46796 2652066625027
46892 2657419083330
46991 2663966633154
47090 2670221277837
47183 2674720710748
47280 2681387836224
47379 2687514489657
47469 2693230326068
47564 2698680867773
47663 2705474676697
47760 2710964506783
47853 2716180612229
47951 2723442033068
48046 2729729221431
48138 2735355454098
48238 2742069814338
48332 2746872162813
48426 2752086848147
48525 2758391360779
48623 2763852543647
48714 2768775909768
48813 2774994696014
48912 2781164567051
49004 2786158402505
49098 2791312342183
