1 13661688
3 42860138
3 42860138
8 110144885
23 278341689
39 507484820
55 715441937
73 898394885
89 1113558311
106 1345848794
109 1388900961
126 1574232242
137 1772153235
149 1966581691
168 2216526577
182 2418870912
205 2680409741
221 2846668745
233 3067774809
250 3211125293
264 3458905100
277 3704719841
290 3881903928
309 4121369121
324 4334205288
345 4559027161
373 4979680687
389 5224273656
404 5419924181
420 5715629633
432 5842807929
451 6139294410
467 6322831906
478 6436050608
495 6710083360
496 6729678247
497 6731031440
504 6847262193
505 6869585494
505 6869585494
505 6869585494
505 6869585494
505 6869585494
507 6886079808
507 6886079808
508 6906242604
519 7063779762
540 7357140030
556 7575160962
578 7969855919
587 8098436111
601 8316664644
609 8525748154
624 8760283899
636 8940916482
646 9060152232
659 9333499809
682 9656137822
694 9850054292
715 10262027693
731 10443918206
747 10671422202
765 10871027559
782 11079341153
802 11386059699
816 11555697371
830 11734740097
838 11805303652
853 12023545436
860 12123390243
873 12362589153
892 12577671755
908 12791183128
925 12998168519
944 13244734393
966 13501405614
975 13672367868
989 13890410399
1005 14095866062
1017 14211934688
1029 14410184878
1039 14540812206
1055 14771514371
1073 15007376653
1093 15332863671
1107 15527169034
1126 15792851933
1145 16077029313
1157 16199461288
1158 16201897879
1162 16246354757
1167 16314584144
1177 16490914409
1188 16671565706
1198 16779972482
1210 16964644931
1225 17128601196
1237 17293816490
1253 17488176252
1270 17702281028
1282 17914328113
1298 18120213301
1311 18302589410
1326 18515135568
1336 18614109534
1360 18902683218
1385 19218592540
1400 19417973955
1417 19570261202
1431 19752787325
1452 20047079344
1462 20173042392
1480 20354058738
1499 20600239825
1512 20794546445
1519 20891831331
1534 21100943042
1549 21309699771
1561 21480894972
1589 21822642567
1605 22072760144
1628 22452467171
1644 22648628910
1644 22648628910
1657 22828635391
1670 23011445761
1674 23058674381
1684 23188538952
1696 23376098483
1706 23499651737
1723 23754402451
1735 23930907946
1756 24222316555
1777 24518835071
1794 24802517366
1810 25042860416
1825 25255994488
1842 25472738592
1856 25623683494
1872 25873396352
1888 26133647166
1903 26300998774
1919 26571378519
1933 26748518689
1943 26882696929
1960 27146176697
1981 27566580643
2004 27892555254
2022 28183883558
2036 28355480058
2061 28764577388
2075 28924197279
2087 29037634312
2104 29228780776
2114 29385115103
2138 29739097448
2156 29960348981
2173 30187566679
2193 30446547982
2217 30758063421
2234 30959844038
2240 31055253698
2258 31311117829
2270 31505682313
2288 31797943957
2314 32147938516
2335 32426474537
2350 32595241143
2372 32916535869
2381 33110705528
2393 33244805031
2408 33445312464
2425 33676157242
2442 33860020329
2462 34185457487
2485 34564407820
2506 34855937363
2525 35135780111
2545 35375529852
2571 35790031175
2593 36055478820
2605 36208446664
2623 36480590114
2641 36749623750
2660 36989148446
2672 37114693028
2701 37609634253
2724 37865531642
2738 38088343268
2753 38259306394
2770 38464470280
2788 38681263993
2799 38767657129
2821 39048040821
2846 39358155716
2857 39499016793
2877 39808884889
2894 40040271087
2898 40107309912
2906 40181444099
2917 40305737758
2927 40407517541
2944 40619280262
2965 40864897103
2977 41050904738
2996 41284166840
3008 41421422186
3027 41660998948
3046 41917360311
3069 42205599748
3092 42540697771
3110 42800257114
3139 43114173155
3159 43352716153
3178 43612672885
3185 43666490692
3196 43801910302
3208 43985498072
3213 44083551155
3218 44130137195
3221 44147715067
3231 44233433657
3246 44391079464
3261 44580983105
3278 44804593970
3295 45088997693
3312 45332794262
3330 45629590432
3345 45835244475
3368 46158366336
3397 46564176909
3424 46891022297
3435 47026441633
3453 47266359689
3471 47490825847
3493 47797942821
3510 47997448301
3527 48177995373
3543 48381572318
3562 48661997371
3586 48974615153
3607 49194255319
3618 49359297091
3637 49599339808
3657 49836953548
3670 50005897399
3683 50276634301
3708 50663543284
3719 50799076553
3736 50975408822
3745 51124859582
3759 51345731567
3773 51584519709
3792 51841702000
3811 52048031699
3824 52188952687
3840 52402223995
3858 52670151375
3878 52937034786
3899 53204583151
3917 53426515804
3928 53550030792
3944 53760146295
3956 53920457721
3974 54178075413
3999 54553728249
4015 54755604895
4032 55010241942
4051 55318454520
4069 55530634741
4089 55811951363
4106 56025370789
4117 56132481573
4141 56498997778
4159 56773450991
4176 57016883966
4193 57306084928
4215 57614245293
4227 57737818773
4239 57869699773
4262 58230042521
4279 58412336159
4297 58620803374
4320 59004231275
4334 59176095859
4357 59556184435
4373 59755255457
4386 59931781592
4402 60133005089
4420 60421619543
4446 60820692770
4468 61096336113
4492 61389151613
4505 61563023029
4525 61863054697
4548 62211441253
4562 62410657779
4586 62727934807
4613 63162017465
4633 63477008090
4647 63709362109
4671 64118777192
4688 64323580537
4711 64681085793
4725 64821538048
4745 65044880145
4758 65250505772
4770 65386382369
4791 65701649197
4813 65943321105
4835 66280757471
4846 66386471167
4864 66610761295
4878 66806394455
4902 67118951564
4926 67374727274
4945 67633902656
4955 67750019161
4972 67966956613
4986 68184194715
4995 68299067215
5014 68572319226
5033 68833893637
5048 69033269597
5065 69191961015
5075 69357757860
5083 69477314067
5094 69609530410
5110 69808919876
5124 69933212403
5151 70339761469
5165 70483218456
5185 70722939093
5205 71003851426
5225 71281969356
5235 71397918659
5252 71636362541
5270 71875093551
5288 72074695688
5294 72144154672
5318 72445968838
5334 72719782381
5345 72830177841
5353 72936488885
5378 73242861438
5402 73501799351
5417 73667843058
5429 73832837224
5445 74044895624
5460 74253650705
5474 74461954293
5488 74675619308
5503 74872783794
5528 75232624315
5543 75409137301
5566 75701265587
5588 76014032114
5610 76366801406
5628 76746682070
5646 76977402306
5667 77205482793
5682 77414139420
5704 77858422663
5728 78118065661
5752 78419512091
5768 78558166513
5780 78721300246
5783 78741870119
5792 78889717179
5814 79244969327
5821 79342817247
5839 79659212682
5859 79976717751
5880 80308788281
5892 80475257422
5912 80818024048
5926 80983697822
5945 81244730510
5957 81420697658
5959 81464510881
5959 81464510881
5962 81700390209
5963 81768066614
5963 81768066614
5964 81792044841
5972 82175873843
5978 82233207608
5984 82292175092
5996 82439861547
6000 82490678469
6001 82510470932
6003 82540416550
6007 83125353671
6011 83218413838
6013 83259181270
6018 83339339867
6022 83355812783
6038 83546321958
6056 83826317239
6066 83982629686
6073 84126319988
6080 84194051166
6083 84225454740
6089 84306934575
6100 84486773004
6111 84623837182
6118 84715269005
6121 84760302987
6123 84796678118
6123 84796678118
6125 84815317511
6125 84815317511
6125 84815317511
6125 84815317511
6125 84815317511
6125 84815317511
6125 84815317511
6125 84815317511
6125 84815317511
6127 84839195341
6128 84863122304
6130 84876078557
6130 84876078557
