1 15404523
23 381585411
43 865764795
92 1990387577
115 2491448632
121 2560299683
138 3058406423
158 3481666592
167 3697386713
198 4283846926
250 5369671289
286 6137196404
338 7366494239
364 7840875404
407 8783005434
425 9158031720
453 9650873088
469 9951299030
486 10260416928
539 11535375809
569 12220120094
571 12242110648
586 12477169711
593 12595857130
595 12681731513
595 12681731513
598 12735032137
600 12742370411
605 12810901199
612 12968790263
616 13032332020
621 13136837842
633 13431495609
635 13450444653
636 13473660108
637 13485668252
639 13502020322
646 13604753313
668 14066792692
686 14378114023
711 14956207323
717 15150479645
726 15291410912
739 15611391854
742 15650921526
767 16074343515
808 17004894586
846 17920766975
881 18665859871
923 19597389761
932 19730452911
971 20545300390
1010 21257844007
1024 21623820269
1026 21630291966
1036 21829523809
1037 21833547825
1041 21895178538
1053 22120734635
1057 22205426175
1058 22214818172
1062 22267458904
1068 22357864330
1070 22395546111
1083 22598919536
1097 22895821381
1100 22947951447
1117 23288314280
1134 23673708103
1134 23673708103
1142 23788243441
1156 24065653473
1161 24199644892
1161 24199644892
1166 24255777580
1171 24308533782
1187 24544632158
1196 24705774941
1211 24941151553
1220 25093615930
1237 25271937041
1255 25593031863
1262 25734462458
1266 25767023907
1278 26091824403
1282 26172569829
1283 26180743843
1287 26223548415
1296 26383218715
1299 26424193782
1315 26772136084
1348 27713566599
1356 27824952126
1369 28091290632
1387 28488353093
1417 29092352125
1424 29230869499
1424 29230869499
1429 29298898865
1434 29351442115
1444 29462152297
1449 29556791246
1460 29845113822
1469 30022274882
1475 30115046356
1488 30393117195
1501 30606359222
1514 30996351759
1554 31881472617
1562 32030905874
1565 32095374875
1575 32243458663
1586 32498830541
1598 32758163443
1608 32954841972
1618 33156611498
1621 33204441281
1628 33333473655
1639 33438389290
1645 33561565722
1647 33570334381
1649 33594660307
1657 33737322298
1678 34099605143
1694 34322017958
1711 34551407324
1723 34773723597
1735 34963402543
1752 35226826206
1764 35416461646
1777 35627917669
1781 35669424232
1791 35777227858
1800 35875311334
1808 35985332339
1825 36215079465
1833 36380078758
1846 36659949054
1853 36758544789
1864 36954354853
1868 37007516749
1872 37055351925
1878 37115135914
1878 37115135914
1882 37210753209
1892 37363735475
1901 37506483268
1903 37524569670
1913 37713559042
1917 37787924584
1923 37904580426
1926 37950749201
1928 37988465829
1953 38423155638
1961 38573998434
1964 38620055552
1983 38939592619
1999 39266228671
2010 39408634454
2025 39691209190
2035 39851305876
2040 39899270074
2044 40029717624
2057 40209577704
2067 40332691417
2079 40543514332
2084 40607119169
2101 40917381699
2112 41069119216
2123 41269491945
2146 41664221036
2159 41880550896
2167 42034184593
2189 42432235366
2203 42642827382
2219 43011648154
2240 43375468592
2250 43508813576
2261 43655165767
2268 43738634302
2285 43991568837
2301 44287456496
2309 44423893921
2313 44505190007
2322 44619429370
2350 45056229381
2361 45215406136
2366 45261648777
2393 45854756796
2407 46080241569
2410 46093699379
2428 46469405331
2441 46688270738
2448 46816633250
2450 46836885462
2471 47166553966
2478 47263049894
2478 47263049894
2487 47393960886
2502 47639404296
2510 47748180782
2512 47768586413
2534 47999030598
2540 48079728133
2547 48153514016
2559 48348606719
2568 48525814557
2572 48588362064
2577 48648885669
2583 48766307600
2591 48876647833
2608 49252409106
2623 49531961357
2632 49693398046
2637 49727109516
2645 49860833381
2650 49937517612
2663 50084884249
2675 50287985678
2679 50341439698
2689 50473280211
2705 50698836729
2724 51101699473
2730 51220910155
2742 51389071648
2746 51409137358
2757 51623052886
2764 51814596541
2772 51961952209
2776 52031932150
2788 52291877493
2793 52356987821
2796 52408985468
2804 52522357662
2820 52753215041
2840 53102804861
2874 53704578684
2911 54409532246
2930 54717590292
2932 54723133336
2942 54840504859
2951 54949381604
2965 55169422552
2986 55580672197
3011 55985655067
3025 56318612958
3035 56462137234
3054 56742004261
3065 56897746424
3070 56959554734
3088 57211646826
3103 57439427264
3125 57808174845
3128 57878311192
3128 57878311192
3137 57985332347
3155 58270987477
3167 58413364095
3182 58657520441
3188 58753006001
3211 59213997554
3221 59338245548
3228 59436114233
3237 59537932865
3238 59547388986
3246 59639394389
3253 59766430879
3257 59813142971
3280 60269286496
3302 60624747126
3311 60778318471
3337 61281250309
3359 61553192432
3377 61962023273
3405 62526386673
3427 62812898080
3450 63265312079
3469 63700951284
3491 63983054142
3500 64126801731
3510 64247487272
3540 64676924712
3561 65055635833
3576 65373875237
3606 65826677059
3621 66135758396
3636 66378666290
3642 66484902146
3652 66674635125
3671 67082483509
3676 67147487257
3685 67394574014
3708 67781441861
3729 68069416941
3743 68309107092
3763 68561997058
3777 68821391220
3780 68875834794
3787 68978836988
3792 69084742650
3811 69391171416
3825 69677359774
3841 70065821068
3848 70159172130
3860 70282727344
3883 70780534177
3898 70994301757
3905 71124301184
3910 71199690245
3922 71431084648
3930 71532184926
3947 71826302049
3955 72002124513
3964 72177839032
3982 72403241537
3995 72627280736
4012 72960981372
4022 73233024315
4023 73237437579
4033 73409704530
4046 73611949217
4055 73731685652
4070 74024137470
4087 74292768045
4105 74504541167
4108 74563553356
4123 74820364657
4145 75185726635
4152 75305281964
4163 75448738971
4170 75549722686
4181 75738431037
4214 76370473412
4233 76607829189
4235 76649507943
4253 77017292543
4258 77089763209
4272 77331771861
4298 77748753380
4319 78165112407
4328 78274339161
4344 78533647815
4357 78830872274
4378 79370027336
4392 79573239124
4406 79709002712
4409 79763017227
4414 79841974820
4419 79913542208
4421 79961675080
4427 80054330357
4434 80183709218
4453 80490380072
4463 80687487407
4483 81198216337
4495 81435141227
4504 81575946884
4515 81753827752
4527 81911465727
4539 82096823439
4544 82181445530
4570 82645868924
4579 82793178761
4597 83257207469
4613 83537564266
4626 83852015312
4634 83954059850
4652 84177920087
4661 84294086404
4686 84694504800
4697 84908176423
4717 85239279538
4731 85425046056
4736 85479067281
4759 85897125465
4776 86280823877
4786 86477915668
4797 86752485132
4808 86906354775
4816 87004518376
4831 87261036413
4848 87504993474
4859 87735927465
4876 87963764392
4895 88226940932
4912 88554707723
4929 88830685389
4944 89147115640
4956 89348306532
4967 89569081378
4980 89749203182
5004 90088114316
5010 90204427677
5037 90602759446
5060 91098485755
5065 91177719094
5096 91830825205
5122 92372160804
5134 92565312633
5155 92883127138
5168 93041078304
5175 93155900526
5195 93522610651
5203 93666491795
5205 93702890674
5210 93750543545
5228 94108533089
5250 94584615855
5255 94633956149
5279 95117274999
5312 95698227548
5339 96181565474
5360 96571644669
5404 97513411133
5437 98113255467
