7 232785585
106 4692623349
168 7198312821
259 11180570935
357 15353315083
427 18206848908
525 22488026214
620 26471694183
704 29973723652
779 32489107685
871 36918451948
945 39533303165
1010 42138271898
1098 45552426788
1185 49325369543
1245 51704880088
1338 55641514699
1434 59866249320
1506 62553238357
1603 66829537488
1693 70622818093
1767 73291740252
1860 77550571778
1955 81787244734
2043 85430397759
2117 88370170463
2199 91981809919
2292 95947951276
2374 98739726664
2466 102949391712
2559 107014329744
2631 109592921259
2724 113248965510
2818 117058828764
2894 119676475867
2966 122882013053
3057 126613514558
3124 128777810398
3166 130250053517
3259 134263763682
3342 137507382621
3427 141170420470
3519 145200994895
3610 148617883712
3679 151392529063
3770 155543355864
3864 159771210961
3940 162709625224
4031 166746498426
4125 170648917737
4197 173608508344
4292 177709913097
4378 181317801501
4452 184383003445
4549 188600210997
4639 192696280807
4715 195764348784
4801 199406005423
4900 203850696491
4990 207732838498
5058 210468739796
5154 214702218127
5249 218777217485
5319 221625707841
5409 225063981935
5507 229175832426
5574 231617869584
5668 235634465566
5762 239566291931
5833 242248025127
5904 245778662112
5998 249598658996
6082 252990416821
6172 256696577379
6263 260634338710
6347 264137221885
6422 266872733999
6517 270665242847
6610 274594514858
6670 276527305211
6740 279658480056
6836 283789166101
6910 286494624217
7000 291088895657
7094 295201318087
7165 297959632551
7260 302611262619
7357 306786014759
7434 309665825838
7522 313507633961
7615 317745158468
7704 321359775700
7780 324301241635
7877 328498696127
7974 332780801150
8051 335864873158
8144 339934397241
8238 343726607310
8313 346755132549
8406 351247327561
8502 355498822850
8572 358345896788
8668 362350520754
8763 366510356074
8844 369407881362
8915 372665765893
9007 375995033129
9092 378970372358
9170 382198537627
9262 386036499653
9354 389998646662
9426 392600846732
9523 396814922577
9619 401336122335
9694 404019792213
9787 407645281372
9879 411768426004
9951 414659881216
10044 418959466965
10136 423321110300
10203 425938315295
10296 429488412250
10392 433713175134
10480 437988285364
10562 441184911522
10656 445903362095
10751 449688769313
10815 452099283455
10898 455768806203
10993 459845008033
11076 463082196085
11168 467131108084
11262 471363551701
11332 473941085520
11423 477916636328
11512 481877010243
11580 484819315571
11673 488970520561
11766 493135207841
11849 496572454554
11911 499212975383
12003 502992316391
12101 507129016114
12168 509824743091
12260 514116634065
12346 517700290626
12410 519866913589
12501 524038574708
12597 528213588945
12666 531129009102
12760 535509363542
12852 539513978404
12920 542249062594
13014 546458539523
13111 550896042878
13193 554350623650
13271 557201485879
13361 560721980076
13457 564669882030
13532 567694492844
13627 571790290821
13719 575968696726
13792 579191032272
13884 583054721496
13980 586771603172
14053 589602395424
14149 594175896106
14247 598512265641
14321 601249040026
14413 605210301197
14504 609074242567
14585 612261452854
14674 615890941488
14767 619952878976
14860 624332873479
14927 626830578173
15008 630257213720
15107 634928232063
15172 637711743408
15268 641801331096
15361 646315635792
15433 648681876444
15528 652571483588
15622 656465298714
15688 659260348352
15783 663462330018
15877 667503485473
15954 670547304530
16038 674146579858
16135 678508365498
16230 682574733663
16306 685543440855
16397 689310482372
16494 693781827265
16567 696805926218
16659 700506109251
16751 704907983905
16824 707706992095
16916 711450004138
17008 715811297669
17081 718847808439
17170 722645998918
17266 727300004372
17343 730356259547
17433 734466173112
17526 738798527877
17617 743097527158
17697 746273885882
17787 750032997739
17882 754163641840
17945 756829530674
18014 759662162780
18114 763767986412
18187 766490294016
18284 770548241742
18375 774848414510
18441 777246142212
18536 781461571984
18628 785465061727
18706 788556718881
18790 792046493883
18885 796586171261
18977 800454595925
19042 803119420150
19133 807054798066
19229 811074233083
19293 813888908393
19386 818024284167
19475 821691292479
19543 824325950533
19634 828409563105
19725 832407159932
19797 835330687954
19864 838669632953
19954 842942933153
20025 845500648034
20111 849209182724
20206 853381041626
20290 856699190071
20358 859714868462
20448 863621495725
20540 867458248068
20606 869946116382
20664 872170283391
20741 875260650764
20809 877912851322
20883 881379509109
20975 885367631459
21043 887779322889
21128 891551622776
21226 896029121473
21309 899139593182
21395 903103753538
21480 906612416022
21565 910304697743
21640 913412593594
21730 917527663183
21827 921832146814
21896 924457846624
21989 928636844769
22084 932963292780
22158 935745788709
22253 939992246428
22347 943987645088
22423 947201207700
22515 951151985664
22607 954995215964
22673 957460051188
22764 961238424743
22858 965099256406
22943 968640341625
23026 971857918987
23125 975812690888
23218 980499436217
23300 983794583382
23394 987794911374
23484 991568248732
23555 994180833759
23650 998890620121
23743 1003096389325
23812 1005969302684
23889 1009217698053
23984 1013767245501
24055 1016369612175
24143 1020311395597
24238 1024657888470
24325 1028214548563
24406 1031496547775
24502 1035366614758
24597 1039429249055
24665 1041536423471
24758 1046066797915
24853 1050528557828
24922 1053032271466
25018 1057151218376
25109 1061226112807
25182 1064252563185
25274 1068454243628
25373 1072596712363
25450 1075332903482
25546 1080019379840
25635 1083930563942
25728 1087639776023
25818 1091540422172
25908 1095074144144
25999 1099246233983
26066 1101878635120
26155 1105999506417
26246 1109665765219
26316 1112186707422
26411 1116602338936
26506 1121084782487
26584 1124050988894
26670 1127729408287
26765 1131889820927
26845 1135203498949
26941 1139340264163
27015 1142772934267
27101 1146308317525
27185 1149704628980
27279 1154033075209
27364 1157649840521
27442 1160427058970
27529 1164254151604
27623 1168244352974
27693 1171108809938
27789 1175217470456
27886 1179253997933
27963 1182011154965
28058 1185900341762
28154 1190472746049
28230 1193426935340
28328 1197844755961
28424 1202090040290
28504 1205219627540
28592 1208828259763
28683 1212763558757
28776 1216659410137
28858 1219703928809
28949 1223531795092
29040 1227695691278
29110 1230272345987
29208 1234138518768
29303 1238218644660
29380 1240864873957
29468 1244606644156
29557 1248289470241
29637 1251392313004
29733 1255285553253
29828 1259288213371
29905 1262650476318
29992 1265989335884
30067 1269310939893
30153 1272881398511
30229 1276217209237
30324 1280559669662
30421 1284688705297
30498 1287809076227
30592 1292141650524
30686 1297088303703
30764 1299957178454
30858 1304089758068
30950 1308351440905
31016 1310618760413
31112 1314787542206
31203 1318984302344
31283 1322136971070
31370 1325990907603
31466 1330292066843
31558 1334453594060
31636 1337829387231
31729 1341548244855
31825 1345830511750
31898 1348501018476
31995 1353345081084
32093 1357468372783
32168 1360189900090
32263 1364536174199
32357 1368739052160
32424 1371200678295
32519 1375383836915
32611 1379188238949
32690 1382179372530
32777 1385731968368
32875 1390112776935
32969 1394132131180
33041 1397271173742
33137 1401579727918
33213 1404962043692
33285 1407918677315
33378 1411791636172
33472 1416270238723
33543 1419303355340
33638 1423452545494
33731 1427285699586
33808 1430314883351
33902 1434190192520
33996 1438486926669
34074 1441420937947
34165 1445295677963
34261 1449568083987
34349 1453353341557
34434 1456611884345
34528 1460661177785
34623 1464886865848
34697 1467884713946
34785 1472011138546
34877 1475635831590
34947 1478480127085
35040 1482823870845
35133 1487376016744
35203 1489901219862
35300 1494138567261
35392 1498571806049
35458 1501288470758
35554 1505257619807
35646 1509471118796
35727 1513157336174
35808 1516700524569
35903 1520738960872
35998 1525249367168
36066 1527742409473
36163 1532046773777
36240 1535741651098
36303 1538069092149
36386 1541419303480
36478 1545369229598
36548 1547924637994
36641 1551868568917
36734 1555921648716
36803 1558866514831
36892 1562510618502
36985 1566641570965
37064 1570288810474
37139 1573452311090
37234 1577095303874
37322 1580732934936
37386 1583290011903
37480 1587048312893
37574 1591345058914
37642 1593990257170
37731 1597970447331
37827 1602376875628
37891 1605103995622
37983 1609770515417
38076 1613610128330
38143 1615996212579
38235 1620243841519
38331 1624162024430
38365 1624936426300
38441 1628061573913
38535 1631736010797
38629 1635745214748
38701 1638592514430
38793 1642198421740
38888 1646662737532
38958 1649363739177
39030 1652435601783
39105 1656272617338
39175 1658746919616
39270 1663277622498
39365 1667769418871
39428 1670598637421
39511 1674030762754
39606 1678556697637
39682 1681778259743
39762 1684807696118
39858 1688777621856
39946 1692536208429
40020 1695462029315
40113 1699441153103
40209 1703597170810
40286 1706634345397
40382 1710878731546
40477 1714782709605
40548 1717473107800
40644 1721502803840
40737 1725388040397
40809 1728241231110
40903 1732370979826
40994 1736497021180
41071 1739287151771
41154 1742473846699
41251 1746562436660
41348 1750324994620
41421 1753480877360
41515 1757413829119
41609 1761415742383
41678 1764203109452
41769 1767689080750
41864 1771757424745
41937 1774621022996
42031 1779581960266
42104 1782681512969
42184 1785800986745
42276 1789679785076
42373 1793936851032
42452 1797202399808
42539 1800908192904
42631 1805123793688
42721 1809075113938
42793 1812692078461
42885 1816722287578
42983 1821337080409
43053 1824242713896
43149 1828146658409
43243 1832316686586
43310 1834807617785
43394 1838921751992
43491 1842919349068
43563 1845600893896
43654 1849367567099
43747 1853277133467
43829 1856425875244
43912 1860547951278
44002 1864266314253
44090 1867919489522
44166 1870695936379
44265 1874640792254
44356 1879061886852
44421 1881793333666
44515 1886092707269
44609 1890260004915
44672 1892618969092
44765 1896658555624
44859 1900809425251
44922 1903351610107
45016 1907591691819
45108 1911847493870
