0 0
0 0
5 61799734
7 88933611
14 247542726
18 318211545
20 353902585
20 353902585
23 399358379
25 422641804
29 471121681
31 510646980
33 529500742
37 579727749
39 617003056
45 697681219
53 777139429
55 809456279
61 898826426
64 947265019
69 1003064838
74 1059004886
76 1074517512
82 1138064741
87 1189861757
95 1286202331
100 1329269559
103 1370200228
104 1382797538
106 1430101333
110 1492580919
113 1548777490
122 1646205858
123 1666139294
126 1713726324
130 1752786371
135 1807546790
136 1832464925
141 1909691179
147 1982814546
149 2007049302
153 2070315442
156 2101978976
157 2102038953
158 2102107065
161 2140312223
162 2154229636
164 2169703685
172 2240748766
174 2271179481
174 2271179481
180 2338172976
196 2533720606
197 2557835130
199 2577516583
206 2698869077
207 2718903684
207 2718903684
209 2727853233
213 2771938459
213 2771938459
219 2825972303
225 2922846293
225 2922846293
234 3054136116
239 3111117666
241 3124723487
243 3136616840
243 3136616840
244 3164521277
247 3205320125
252 3263873125
257 3313261274
261 3346751893
263 3368536776
267 3424707241
275 3543868733
285 3643578189
287 3662121724
293 3712100286
302 3828074347
314 4013650487
323 4126488857
345 4396067118
367 4688447404
393 5042551560
403 5142037923
421 5359417994
439 5660879349
454 5825945628
481 6186641142
501 6468794276
515 6656608027
532 6918510129
554 7192841834
587 7686584743
605 7968466391
626 8255309046
654 8649455037
669 8773261449
691 9011474536
714 9266393209
732 9565232091
748 9772523159
769 10166110805
790 10488697539
803 10642497520
820 10940848628
836 11138900485
849 11278022380
864 11470029902
878 11670144584
909 12143151641
934 12473132615
960 12858576202
985 13284103055
1009 13558062379
1029 13841148586
1054 14196854586
1075 14439728827
1095 14755608162
1114 15002773233
1134 15269294406
1154 15502672381
1170 15784674476
1185 16077624942
1201 16257457101
1218 16459422538
1244 16808133790
1262 17045053179
1283 17330796789
1293 17517651713
1299 17609577637
1299 17609577637
1299 17609577637
1305 17704064256
1316 17824805051
1325 17973091736
1330 18053986212
1339 18159402703
1339 18159402703
1343 18210066804
1356 18395472582
1380 18720953486
1394 18918627895
1405 19078062154
1420 19309804343
1427 19407342723
1436 19495075197
1443 19621137802
1462 19889765319
1474 20009076970
1494 20350042315
1506 20501056959
1525 20821094488
1536 20971122481
1547 21075107801
1549 21107206618
1560 21248095420
1570 21414578501
1580 21500091611
1607 21867596665
1620 22066880444
1643 22348202943
1658 22533474867
1675 22766802755
1695 23062651724
1710 23191698951
1727 23360507496
1746 23645522315
1770 24010369212
1782 24163522391
1794 24311453466
1802 24395718711
1824 24721777274
1836 24839477145
1845 24940912332
1849 24974425791
1866 25171927249
1879 25330765724
1895 25560771629
1908 25733477627
1918 25857591820
1930 26020316068
1946 26209613027
1955 26341477808
1970 26544733439
1993 26847150955
2005 27022971537
2017 27231638470
2029 27402014038
2047 27673518259
2059 27816436107
2082 28111310518
2103 28407649701
2118 28581005926
2131 28742129111
2147 28976958330
2165 29203023997
2178 29314764503
2190 29454735897
2208 29653218073
2230 29962138346
2245 30174312663
2263 30350584189
2279 30563379988
2296 30760345841
2313 31063600642
2324 31216415856
2335 31362721066
2354 31702170464
2370 31940331971
2382 32093822238
2409 32507424880
2430 32835496028
2445 33032468238
2468 33337160724
2488 33598107410
2503 33824629711
2527 34091643745
2545 34286327718
2546 34290394087
2559 34478777536
2567 34574332508
2577 34710842525
2595 34970271142
2611 35192219452
2619 35279879022
2633 35523266940
2651 35732094849
2665 35897144157
2680 36110578733
2696 36294786465
2722 36663721335
2750 37011602557
2771 37257747419
2796 37541519843
2817 37785893988
2834 37994474068
2852 38243880181
2867 38403719198
2892 38786684787
2911 39057531984
2935 39360684736
2952 39585674139
2968 39777325623
2989 40046602117
3004 40289447175
3023 40522509540
3030 40643069102
3047 40953712865
3067 41216691112
3081 41394458736
3099 41616750746
3116 41787813973
3130 42013138361
3146 42279151036
3167 42584281674
3175 42686993490
3197 42993749851
3213 43237696905
3228 43365907416
3232 43420128482
3245 43572424167
3268 43948201382
3280 44098315882
3298 44332515137
3310 44474884187
3325 44681225474
3348 45041182541
3363 45202268998
3387 45736541221
3398 45872783931
3412 46056059117
3434 46404370677
3445 46526623589
3462 46726062880
3481 46960316200
3495 47096921811
3513 47359201518
3533 47667674905
3552 47990693923
3577 48317272598
3588 48455913005
3609 48731912571
3632 49043538951
3659 49463525258
3682 49820788549
3705 50097805093
3719 50318478432
3737 50623862108
3757 50909711923
3776 51142489049
3794 51382116158
3815 51616461549
3838 51981810048
3858 52181807314
3865 52267341009
3874 52387074087
3893 52650143487
3905 52859096643
3926 53116845828
3943 53305370570
3958 53478029642
3973 53674974443
3987 53878708717
4008 54168220713
4029 54580246890
4046 54765307029
4055 54862445270
4071 55105791708
4085 55285821288
4108 55635735525
4124 55938655176
4143 56245472064
4163 56450689133
4177 56611526680
4193 56794643908
4215 57121379082
4231 57337279401
4244 57523474481
4253 57630079648
4267 57830866908
4279 57969486134
4296 58226506454
4315 58466950021
4331 58659605647
4348 58883698298
4361 59031833217
4370 59154767327
4383 59376123728
4408 59757039145
4420 59942016509
4425 60001909033
4439 60232754766
4461 60593447888
4479 60876781209
4492 61073240583
4501 61178699001
4522 61460770897
4536 61694038722
4561 62008006646
4587 62543929651
4612 62947010163
4627 63182611955
4644 63443460296
4663 63840242644
4680 64022033909
4690 64157024827
4712 64506895095
4736 64849632370
4756 65065531268
4777 65380754621
4795 65714248555
4817 66039553216
4832 66303047242
4847 66498395811
4864 66701978712
4882 66913095908
4894 67071251714
4910 67273621469
4930 67650858303
4947 67851823329
4967 68180579037
4988 68452902378
5000 68622206740
5019 68891605787
5035 69053036675
5052 69311750920
5067 69513061443
5081 69665709176
5097 69864031262
5116 70116491511
5135 70330922769
5147 70469592263
5164 70655875683
5180 70863021626
5199 71098582709
5219 71369058306
5232 71511683271
5257 71840311176
5272 72050392078
5290 72245726638
5311 72541081951
5323 72732061628
5338 72929833771
5355 73147455906
5378 73399035677
5396 73633562145
5402 73702015529
5421 73882670207
5441 74167647553
5458 74432828109
5476 74642973630
5496 74899423309
5518 75201758306
5535 75459143066
5553 75718992853
5573 76038349287
5584 76135236115
5603 76398455000
5618 76575567644
5630 76764416229
5642 76926525020
5657 77060661526
5664 77150747968
5676 77356281258
5687 77562715372
5700 77783758485
5713 77951608645
5727 78159506430
5743 78418997435
5764 78725429787
5783 79052163947
5801 79311018071
5818 79592435146
5828 79720218371
5848 79943002784
5864 80160916058
5880 80355336050
5902 80710095833
5918 80947505029
