0 0
0 0
0 0
0 0
0 0
0 0
0 0
1 10159290
1 10159290
1 10159290
1 10159290
2 16648587
2 16648587
2 16648587
2 16648587
2 16648587
2 16648587
2 16648587
2 16648587
3 22068713
3 22068713
3 22068713
3 22068713
3 22068713
3 22068713
3 22068713
3 22068713
4 34556027
4 34556027
4 34556027
4 34556027
4 34556027
4 34556027
4 34556027
4 34556027
4 34556027
4 34556027
4 34556027
4 34556027
4 34556027
4 34556027
4 34556027
4 34556027
4 34556027
4 34556027
4 34556027
4 34556027
4 34556027
4 34556027
4 34556027
4 34556027
4 34556027
4 34556027
4 34556027
4 34556027
4 34556027
4 34556027
4 34556027
4 34556027
4 34556027
4 34556027
5 43909318
5 43909318
5 43909318
6 64256521
6 64256521
6 64256521
6 64256521
6 64256521
6 64256521
6 64256521
6 64256521
6 64256521
7 74844339
7 74844339
7 74844339
7 74844339
7 74844339
7 74844339
7 74844339
7 74844339
7 74844339
7 74844339
7 74844339
7 74844339
7 74844339
7 74844339
7 74844339
8 86158405
8 86158405
8 86158405
8 86158405
8 86158405
8 86158405
8 86158405
8 86158405
9 87847861
9 87847861
9 87847861
9 87847861
9 87847861
9 87847861
9 87847861
9 87847861
9 87847861
9 87847861
9 87847861
10 101935575
10 101935575
10 101935575
11 115157912
11 115157912
11 115157912
11 115157912
11 115157912
11 115157912
11 115157912
11 115157912
12 133534323
12 133534323
12 133534323
12 133534323
12 133534323
12 133534323
12 133534323
12 133534323
12 133534323
12 133534323
12 133534323
12 133534323
12 133534323
12 133534323
12 133534323
12 133534323
12 133534323
12 133534323
12 133534323
12 133534323
12 133534323
12 133534323
12 133534323
12 133534323
12 133534323
12 133534323
12 133534323
12 133534323
12 133534323
12 133534323
12 133534323
13 135821935
13 135821935
13 135821935
13 135821935
13 135821935
13 135821935
13 135821935
13 135821935
13 135821935
13 135821935
13 135821935
13 135821935
13 135821935
13 135821935
13 135821935
13 135821935
13 135821935
13 135821935
13 135821935
13 135821935
13 135821935
13 135821935
13 135821935
13 135821935
13 135821935
13 135821935
13 135821935
13 135821935
13 135821935
13 135821935
13 135821935
13 135821935
13 135821935
13 135821935
14 135943577
14 135943577
14 135943577
14 135943577
14 135943577
14 135943577
14 135943577
14 135943577
14 135943577
14 135943577
14 135943577
14 135943577
14 135943577
14 135943577
14 135943577
14 135943577
14 135943577
14 135943577
15 140376905
15 140376905
17 174216055
17 174216055
18 185749347
18 185749347
18 185749347
18 185749347
18 185749347
18 185749347
18 185749347
18 185749347
18 185749347
18 185749347
18 185749347
18 185749347
18 185749347
18 185749347
18 185749347
18 185749347
18 185749347
18 185749347
18 185749347
18 185749347
18 185749347
18 185749347
18 185749347
18 185749347
18 185749347
18 185749347
18 185749347
18 185749347
18 185749347
18 185749347
18 185749347
18 185749347
18 185749347
18 185749347
18 185749347
18 185749347
18 185749347
18 185749347
18 185749347
18 185749347
18 185749347
18 185749347
18 185749347
18 185749347
18 185749347
18 185749347
18 185749347
18 185749347
18 185749347
18 185749347
18 185749347
19 189883576
19 189883576
19 189883576
20 191502906
20 191502906
20 191502906
20 191502906
20 191502906
20 191502906
20 191502906
20 191502906
20 191502906
20 191502906
20 191502906
20 191502906
20 191502906
20 191502906
20 191502906
20 191502906
20 191502906
20 191502906
20 191502906
20 191502906
20 191502906
20 191502906
20 191502906
20 191502906
20 191502906
20 191502906
20 191502906
20 191502906
20 191502906
20 191502906
20 191502906
20 191502906
21 205759206
21 205759206
21 205759206
21 205759206
21 205759206
21 205759206
21 205759206
21 205759206
21 205759206
21 205759206
21 205759206
21 205759206
21 205759206
21 205759206
21 205759206
21 205759206
21 205759206
21 205759206
21 205759206
21 205759206
21 205759206
22 225026966
22 225026966
22 225026966
22 225026966
22 225026966
22 225026966
23 231051585
23 231051585
24 245203314
24 245203314
25 259392174
25 259392174
25 259392174
25 259392174
25 259392174
25 259392174
25 259392174
25 259392174
25 259392174
25 259392174
25 259392174
25 259392174
25 259392174
25 259392174
25 259392174
25 259392174
25 259392174
25 259392174
25 259392174
25 259392174
25 259392174
25 259392174
25 259392174
25 259392174
25 259392174
25 259392174
25 259392174
25 259392174
25 259392174
25 259392174
25 259392174
25 259392174
25 259392174
25 259392174
25 259392174
25 259392174
25 259392174
25 259392174
25 259392174
25 259392174
25 259392174
25 259392174
25 259392174
25 259392174
25 259392174
25 259392174
25 259392174
25 259392174
25 259392174
25 259392174
25 259392174
25 259392174
25 259392174
25 259392174
25 259392174
25 259392174
25 259392174
25 259392174
25 259392174
25 259392174
25 259392174
25 259392174
25 259392174
25 259392174
25 259392174
25 259392174
25 259392174
25 259392174
26 275546519
26 275546519
27 285539954
27 285539954
27 285539954
27 285539954
27 285539954
27 285539954
27 285539954
27 285539954
27 285539954
27 285539954
27 285539954
27 285539954
27 285539954
27 285539954
27 285539954
27 285539954
27 285539954
27 285539954
28 285695301
28 285695301
28 285695301
28 285695301
28 285695301
28 285695301
28 285695301
28 285695301
29 299509283
29 299509283
29 299509283
29 299509283
29 299509283
29 299509283
29 299509283
