1015808 4686 4475 6402 0 0 1224704
1077248 55275 55093 72171 0 0 1175552
1814528 96756 96305 126126 0 0 1908736
1679360 140052 139662 182424 0 0 1912832
839680 188265 188090 245190 0 0 999424
1064960 230274 230058 299871 0 0 1183744
1216512 273570 273340 356202 0 0 1175552
1097728 321420 321192 418440 0 0 1220608
1142784 365013 364757 475101 0 0 1220608
1138688 407121 406893 529881 0 0 1220608
1187840 454971 454662 592086 0 0 1216512
872448 498003 497859 648186 0 0 1044480
1769472 540045 539538 702768 0 0 1908736
1097728 585750 585554 762267 0 0 1216512
1138688 630861 630635 820974 0 0 1216512
1093632 672639 672463 875325 0 0 1175552
1089536 716859 716624 932844 0 0 1216512
1228800 763224 762932 993168 0 0 1216512
1122304 804078 803836 1046331 0 0 1220608
1175552 854667 854423 1112100 0 0 1224704
1388544 903111 902826 1175130 0 0 1224704
1073152 946110 945847 1231098 0 0 1208320
1036288 986370 986170 1283469 0 0 1216512
1236992 1032108 1031874 1343001 0 0 1220608
1654784 1073589 1073166 1396923 0 0 1949696
966656 1114212 1113959 1449822 0 0 1003520
1794048 1162029 1161590 1511961 0 0 1904640
1175552 1201728 1201452 1563606 0 0 1216512
1118208 1242021 1241750 1615977 0 0 1175552
1789952 1287693 1287266 1675509 0 0 1904640
1175552 1330989 1330785 1731774 0 0 1216512
1220608 1374318 1374042 1788105 0 0 1216512
1175552 1416954 1416780 1843644 0 0 1220608
1228800 1462131 1461846 1902384 0 0 1175552
1769472 1505394 1504995 1958715 0 0 1908736
1208320 1538328 1538047 2001813 0 0 1257472
1933312 1584627 1584187 2061873 0 0 1945600
1884160 1626966 1626522 2116752 0 0 2060288
1175552 1669008 1668743 2171202 0 0 1306624
1159168 1714713 1714389 2230470 0 0 1306624
1224704 1757943 1757692 2286603 0 0 1257472
1912832 1801140 1800749 2342604 0 0 2052096
1044480 1849023 1848729 2404512 0 0 1261568
1187840 1890174 1889881 2457708 0 0 1310720
1064960 1931886 1931657 2511696 0 0 1261568
1282048 1977657 1977391 2570799 0 0 1302528
1728512 2019996 2019550 2625546 0 0 1945600
1789952 2062665 2062244 2680689 0 0 1998848
1236992 2104410 2104136 2734677 0 0 1302528
1904640 2150445 2150047 2794176 0 0 1990656
1191936 2193081 2192897 2849286 0 0 1302528
1241088 2234859 2234639 2903241 0 0 1302528
1105920 2281785 2281552 2963961 0 0 1310720
2011136 2323266 2322733 3017520 0 0 1994752
1159168 2365902 2365666 3072696 0 0 1302528
1179648 2412366 2412133 3132723 0 0 1298432
1007616 2456751 2456482 3189978 0 0 1298432
1028096 2499387 2499209 3245187 0 0 1302528
1327104 2548128 2547903 3308184 0 0 1302528
1773568 2592975 2592530 3366132 0 0 1949696
1105920 2636568 2636376 3422529 0 0 1306624
1355776 2683890 2683525 3483513 0 0 1306624
1110016 2727417 2727208 3539877 0 0 1261568
1056768 2768700 2768458 3593304 0 0 1261568
1200128 2813052 2812871 3650559 0 0 1302528
1392640 2859417 2859154 3710487 0 0 1261568
1253376 2901195 2900873 3764409 0 0 1306624
1105920 2943567 2943292 3819189 0 0 1310720
1925120 2989536 2989155 3878688 0 0 2052096
1667072 3031017 3030563 3932247 0 0 2039808
1142784 3065238 3065015 3976896 0 0 1306624
946176 3112593 3112399 4038309 0 0 1200128
1126400 3155229 3154951 4093419 0 0 1306624
1785856 3196347 3195928 4146681 0 0 1937408
1048576 3243900 3243659 4208391 0 0 1302528
1933312 3285381 3284942 4262115 0 0 1945600
1683456 3328083 3327601 4317291 0 0 1949696
1806336 3375306 3374849 4378407 0 0 1994752
1040384 3417282 3417079 4432791 0 0 1302528
1933312 3458433 3458009 4485987 0 0 1998848
1179648 3502950 3502668 4543506 0 0 1310720
1134592 3547368 3547195 4600992 0 0 1257472
901120 3589542 3589277 4655541 0 0 1089536
1290240 3630297 3629984 4708176 0 0 1306624
1859584 3675639 3675244 4766850 0 0 2007040
1290240 3717714 3717401 4821267 0 0 1257472
1236992 3760020 3759814 4876014 0 0 1306624
1056768 3808761 3808544 4939011 0 0 1302528
831488 3850011 3849760 4992405 0 0 1085440
1781760 3892218 3891823 5046954 0 0 1990656
1794048 3940101 3939632 5108796 0 0 1994752
962560 3981549 3981293 5162388 0 0 1302528
1232896 4022601 4022430 5215584 0 0 1306624
1097728 4069296 4069003 5275842 0 0 1302528
1294336 4110942 4110744 5329797 0 0 1261568
1331200 4153050 4152729 5384214 0 0 1302528
1077248 4196544 4196320 5440512 0 0 1310720
1466368 4239114 4238791 5495490 0 0 1675264
1662976 4282773 4282319 5551920 0 0 1994752
1277952 4324815 4324596 5606337 0 0 1253376
770048 4372038 4371840 5667321 0 0 925696
1110016 4414938 4414733 5722860 0 0 1282048
1236992 4456716 4456442 5776815 0 0 1306624
1212416 4503015 4502748 5836776 0 0 1306624
1175552 4544694 4544478 5890665 0 0 1306624
2011136 4578024 4577572 5934060 0 0 2043904
1118208 4625247 4625009 5995341 0 0 1298432
1380352 4667322 4667045 6049857 0 0 1306624
1105920 4709661 4709443 6104736 0 0 1257472
1081344 4756917 4756631 6165951 0 0 1306624
1011712 4798035 4797749 6219246 0 0 1302528
1097728 4840341 4840075 6274125 0 0 1302528
1187840 4885155 4884920 6332238 0 0 1298432
1093632 4929936 4929636 6390252 0 0 1310720
1286144 4971582 4971331 6444306 0 0 1257472
1757184 5012337 5011993 6497238 0 0 1990656
1544192 5060517 5060288 6559674 0 0 1310720
1191936 5103450 5103267 6615345 0 0 1306624
1318912 5144502 5144295 6668673 0 0 1306624
1728512 5192319 5191859 6730680 0 0 2039808
1802240 5232480 5232088 6782853 0 0 1949696
1286144 5273598 5273360 6836181 0 0 1310720
1323008 5320788 5320557 6897330 0 0 1261568
1101824 5364612 5364382 6954255 0 0 1302528
1196032 5407248 5406999 7009497 0 0 1257472
1105920 5453877 5453583 7069887 0 0 1310720
1875968 5496216 5495739 7124799 0 0 1945600
1183744 5537268 5537022 7178160 0 0 1298432
1241088 5582346 5582103 7236570 0 0 1302528
1855488 5628018 5627563 7295838 0 0 1949696
1855488 5669070 5668702 7349133 0 0 1998848
1331200 5711376 5711197 7404045 0 0 1257472
897024 5758071 5757840 7464666 0 0 1146880
1822720 5798463 5798046 7516971 0 0 2007040
1212416 5840505 5840213 7571520 0 0 1306624
1204224 5887398 5887163 7632372 0 0 1257472
1138688 5930067 5929762 7687713 0 0 1302528
1093632 5970558 5970255 7740183 0 0 1257472
1069056 6017748 6017567 7801596 0 0 1138688
1155072 6060021 6059761 7856343 0 0 1261568
1646592 6094506 6094063 7901421 0 0 1990656
1380352 6143544 6143310 7965012 0 0 1310720
1277952 6184992 6184674 8018703 0 0 1302528
1187840 6228486 6228261 8075199 0 0 1257472
1142784 6274851 6274528 8135259 0 0 1310720
1806336 6318081 6317587 8191359 0 0 2039808
1761280 6360387 6359960 8246271 0 0 1949696
1265664 6402990 6402797 8301513 0 0 1302528
1318912 6449487 6449254 8361936 0 0 1306624
1097728 6492057 6491811 8417244 0 0 1306624
983040 6536442 6536201 8474862 0 0 1310720
1220608 6583533 6583294 8536143 0 0 1306624
1146880 6626103 6625847 8591418 0 0 1257472
1974272 6668409 6667891 8646363 0 0 2007040
1769472 6713322 6712906 8704839 0 0 1990656
1056768 6754770 6754549 8758728 0 0 1036288
1232896 6798132 6797870 8815026 0 0 1261568
1138688 6844893 6844672 8875878 0 0 1306624
1187840 6886869 6886618 8930361 0 0 1310720
1036288 6930000 6929753 8986461 0 0 1286144
1273856 6975606 6975336 9045696 0 0 1306624
1835008 7018671 7018242 9101796 0 0 2039808
1134592 7062165 7061945 9158292 0 0 1306624
1798144 7105956 7105486 9215085 0 0 1908736
1220608 7151232 7150987 9273957 0 0 1298432
1462272 7193175 7192911 9328506 0 0 1282048
1277952 7234854 7234523 9382626 0 0 1298432
1146880 7281582 7281349 9443445 0 0 1257472
1613824 7324713 7324322 9499512 0 0 1945600
1798144 7366392 7365911 9553599 0 0 2039808
1105920 7414044 7413785 9615639 0 0 1302528
1183744 7456647 7456339 9670947 0 0 1302528
1306624 7498524 7498286 9725397 0 0 1261568
1961984 7546572 7546110 9787800 0 0 1990656
1843200 7588779 7588363 9842646 0 0 2027520
1642496 7623297 7622903 9887691 0 0 1945600
1232896 7670124 7669851 9947982 0 0 1261568
851968 7714707 7714451 10005534 0 0 1298432
1028096 7757541 7757264 10060710 0 0 1310720
909312 7800903 7800678 10116579 0 0 1302528
970752 7846245 7846014 10175055 0 0 1200128
1122304 7892049 7891747 10233960 0 0 1261568
1077248 7933662 7933404 10287783 0 0 1314816
851968 7982172 7982015 10350318 0 0 1056768
1155072 8026095 8025883 10406913 0 0 1306624
1773568 8069226 8068767 10462386 0 0 1945600
1175552 8117835 8117564 10525053 0 0 1306624
1904640 8159613 8159258 10579008 0 0 2043904
671744 8200929 8200792 10632204 0 0 925696
1736704 8250462 8249997 10696059 0 0 2007040
1753088 8292273 8291869 10749948 0 0 1998848
1069056 8332632 8332401 10801956 0 0 1302528
958464 8379987 8379750 10863072 0 0 1306624
1069056 8422458 8422187 10917786 0 0 1302528
1163264 8465259 8465026 10972962 0 0 1282048
1118208 8508027 8507743 11028039 0 0 1302528
1052672 8555943 8555735 11089914 0 0 1306624
1159168 8597820 8597557 11143902 0 0 1306624
1024000 8638806 8638496 11196636 0 0 1249280
1085440 8685567 8685298 11256993 0 0 1257472
1228800 8730480 8730214 11314908 0 0 1257472
1089536 8776284 8776037 11373978 0 0 1298432
1667072 8824563 8824146 11436249 0 0 1998848
1433600 8866110 8865621 11489808 0 0 1990656
966656 8909769 8909554 11546172 0 0 1306624
778240 8958510 8958239 11609004 0 0 1314816
1024000 8999925 8999675 11662365 0 0 1261568
1839104 9043683 9043210 11718663 0 0 1949696
1753088 9091929 9091528 11780901 0 0 1949696
782336 9132948 9132762 11833998 0 0 1003520
1175552 9167796 9167546 11879241 0 0 1310720
1576960 9212412 9211946 11936892 0 0 2039808
1994752 9258579 9258142 11996490 0 0 2048000
1052672 9301611 9301326 12052260 0 0 1306624
1183744 9344676 9344480 12107964 0 0 1306624
1159168 9392064 9391854 12169179 0 0 1302528
1015808 9434502 9434231 12224091 0 0 1302528
1634304 9478194 9477739 12280488 0 0 1994752
1142784 9526473 9526186 12342858 0 0 1265664
966656 9568911 9568657 12397737 0 0 1212416
1232896 9612900 9612645 12454629 0 0 1245184
991232 9661509 9661243 12517461 0 0 1306624
1146880 9705432 9705210 12574287 0 0 1310720
1777664 9747012 9746558 12628011 0 0 2011136
1114112 9795291 9795020 12690414 0 0 1257472
1716224 9844758 9844304 12754401 0 0 1945600
1171456 9888450 9888204 12810963 0 0 1261568
995328 9933297 9933096 12868944 0 0 1306624
1208320 9979761 9979498 12928971 0 0 1306624
1028096 10020978 10020718 12982266 0 0 1257472
1208320 10063482 10063199 13037211 0 0 1261568
1794048 10110540 10110016 13097964 0 0 1994752
1724416 10153539 10153075 13153668 0 0 2039808
1228800 10196043 10195743 13208613 0 0 1310720
1150976 10243398 10243109 13269762 0 0 1306624
1159168 10286100 10285844 13325037 0 0 1306624
1671168 10329462 10329029 13381104 0 0 2002944
1052672 10377741 10377522 13443573 0 0 1306624
1695744 10420212 10419744 13498419 0 0 1945600
1953792 10462980 10462502 13553727 0 0 1998848
1105920 10510929 10510716 13615767 0 0 1302528
1150976 10552509 10552213 13669491 0 0 1306624
942080 10594617 10594330 13723908 0 0 1298432
1261568 10639794 10639540 13782351 0 0 1298432
1015808 10677414 10677211 13831389 0 0 1306624
1052672 10718037 10717761 13883727 0 0 1257472
1798144 10760178 10759728 13938111 0 0 2043904
1921024 10807764 10807322 13999524 0 0 1990656
1187840 10849311 10849054 14053116 0 0 1306624
1159168 10892706 10892421 14109018 0 0 1302528
1024000 10940589 10940354 14170893 0 0 1302528
1101824 10982466 10982160 14224749 0 0 1261568
1146880 11024244 11024032 14278770 0 0 1306624
995328 11071632 11071301 14339886 0 0 1302528
1712128 11113113 11112666 14393412 0 0 1945600
1208320 11154627 11154410 14446905 0 0 1306624
1101824 11202906 11202674 14509176 0 0 1310720
1130496 11246268 11245984 14565078 0 0 1306624
1077248 11289927 11289638 14621409 0 0 1253376
1236992 11335698 11335507 14680512 0 0 1306624
1191936 11380908 11380705 14738889 0 0 1310720
1937408 11424897 11424474 14795517 0 0 1994752
1048576 11468886 11468652 14852310 0 0 1257472
1753088 11516208 11515792 14913393 0 0 2007040
1110016 11557491 11557129 14966490 0 0 1257472
1196032 11605374 11605101 15028365 0 0 1261568
1216512 11650584 11650276 15086709 0 0 1257472
1052672 11692164 11691882 15140235 0 0 1257472
1835008 11733315 11732921 15193431 0 0 1990656
1273856 11781033 11780764 15254877 0 0 1306624
1089536 11823768 11823449 15310053 0 0 1302528
888832 11867097 11866843 15365988 0 0 1261568
1372160 11914782 11914480 15427401 0 0 1302528
1101824 11956626 11956364 15481389 0 0 1302528
1871872 11999625 11999239 15536994 0 0 1990656
1110016 12045462 12045256 15596031 0 0 1306624
1667072 12087900 12087529 15650778 0 0 1945600
1196032 12130107 12129834 15705129 0 0 1261568
1187840 12171918 12171676 15759117 0 0 1306624
1208320 12208515 12208307 15806802 0 0 1306624
950272 12251448 12251225 15862374 0 0 1306624
1105920 12294942 12294739 15918738 0 0 1310720
1241088 12343056 12342795 15981009 0 0 1261568
1175552 12384702 12384455 16034931 0 0 1261568
1388544 12427008 12426682 16089711 0 0 1306624
1150976 12474528 12474193 16151157 0 0 1306624
1888256 12517362 12516969 16206696 0 0 2002944
1232896 12558810 12558535 16260255 0 0 1257472
991232 12606726 12606526 16322295 0 0 1093632
1748992 12648933 12648480 16376910 0 0 2043904
1093632 12688599 12688316 16428093 0 0 1302528
1171456 12734172 12733931 16487262 0 0 1306624
1228800 12778392 12778163 16544286 0 0 1306624
1204224 12819807 12819556 16597911 0 0 1306624
1183744 12862773 12862494 16653450 0 0 1302528
1753088 12909006 12908566 16713378 0 0 1998848
1613824 12949563 12949130 16765716 0 0 1978368
1191936 12991572 12991328 16820100 0 0 1310720
1159168 13038168 13037939 16880358 0 0 1290240
1175552 13080771 13080546 16935501 0 0 1302528
1073152 13123737 13123482 16991073 0 0 1302528
1093632 13171851 13171577 17053311 0 0 1257472
1298432 13214784 13214483 17108883 0 0 1261568
905216 13256562 13256343 17163003 0 0 1138688
1261568 13303686 13303449 17223954 0 0 1277952
1740800 13346025 13345579 17278701 0 0 1990656
1261568 13388364 13388162 17333415 0 0 1298432
1220608 13435884 13435645 17394927 0 0 1261568
1245184 13479180 13478911 17450895 0 0 1302528
1703936 13520298 13519811 17504091 0 0 2039808
1986560 13564980 13564591 17561973 0 0 1994752
1064960 13609530 13609181 17619525 0 0 1302528
1167360 13650285 13650044 17672259 0 0 1294336
1089536 13692327 13692029 17726610 0 0 1269760
1089536 13729254 13729016 17774889 0 0 1261568
1007616 13773243 13772974 17831715 0 0 1302528
1171456 13815285 13815073 17886165 0 0 1261568
1736704 13862244 13861843 17947017 0 0 1949696
2170880 13904616 13904271 18001863 0 0 2039808
1060864 13947681 13947395 18057633 0 0 1261568
1200128 13994277 13994073 18118023 0 0 1261568
1302528 14036418 14036166 18172473 0 0 1306624
1896448 14079351 14078953 18227946 0 0 1949696
1327104 14124132 14123896 18285894 0 0 1306624
1277952 14166537 14166231 18340674 0 0 1306624
1474560 14209701 14209334 18396510 0 0 1658880
1110016 14252436 14252167 18451719 0 0 1302528
1204224 14298108 14297913 18510822 0 0 1302528
811008 14341833 14341583 18567318 0 0 1138688
1150976 14383182 14382934 18620778 0 0 1306624
1921024 14429514 14429087 18680607 0 0 2052096
1433600 14469642 14469241 18732516 0 0 1753088
1355776 14510265 14510017 18784986 0 0 1302528
1077248 14557488 14557239 18846069 0 0 1302528
1191936 14600454 14600207 18901575 0 0 1208320
1277952 14641869 14641658 18955134 0 0 1306624
1150976 14689158 14688885 19016217 0 0 1261568
1843200 14732652 14732268 19072515 0 0 1994752
1110016 14774694 14774443 19126899 0 0 1261568
1179648 14822247 14822025 19188378 0 0 1273856
1245184 14866467 14866233 19245435 0 0 1306624
1753088 14907618 14907102 19298664 0 0 2002944
1183744 14951475 14951201 19355358 0 0 1298432
1175552 14995992 14995732 19412811 0 0 1302528
1146880 15036747 15036465 19465611 0 0 1253376
1236992 15077964 15077627 19518840 0 0 1298432
1036288 15125748 15125502 19580682 0 0 1257472
1335296 15165051 15164788 19631502 0 0 1265664
1167360 15206466 15206253 19685061 0 0 1306624
1130496 15244416 15244176 19734429 0 0 1302528
1892352 15287118 15286694 19789770 0 0 1998848
1798144 15330216 15329702 19845408 0 0 2035712
1314816 15377241 15377029 19906260 0 0 1261568
958464 15419316 15419109 19960743 0 0 1257472
1077248 15460929 15460648 20014434 0 0 1298432
1044480 15508251 15507998 20075715 0 0 1306624
1855488 15549402 15549014 20129010 0 0 1990656
823296 15590388 15590144 20181909 0 0 1089536
1101824 15633618 15633370 20237745 0 0 1306624
1212416 15678762 15678537 20295990 0 0 1306624
950272 15720309 15720015 20349615 0 0 1306624
1359872 15762384 15762115 20403900 0 0 1302528
1155072 15809970 15809662 20465412 0 0 1261568
1146880 15850560 15850262 20517750 0 0 1310720
946176 15894153 15893925 20574147 0 0 1298432
1699840 15941739 15941311 20635560 0 0 1949696
1196032 15983550 15983337 20689548 0 0 1310720
1110016 16024734 16024494 20742744 0 0 1302528
1196032 16072287 16072080 20804223 0 0 1302528
1138688 16113504 16113277 20857320 0 0 1302528
1900544 16155579 16155157 20911770 0 0 1945600
1265664 16202571 16202284 20972424 0 0 1302528
1949696 16243491 16243046 21025125 0 0 1994752
1802240 16285533 16285126 21079542 0 0 1949696
1994752 16328268 16327789 21134652 0 0 1994752
1093632 16375194 16374994 21195372 0 0 1257472
987136 16419777 16419586 21252825 0 0 1302528
1085440 16462512 16462255 21308001 0 0 1302528
1273856 16510098 16509814 21369480 0 0 1302528
1880064 16552767 16552281 21424590 0 0 1945600
1953792 16594215 16593840 21478215 0 0 2048000
995328 16640976 16640690 21538440 0 0 1306624
1302528 16683975 16683669 21593946 0 0 1306624
1216512 16723872 16723620 21645558 0 0 1306624
905216 16762449 16762179 21695718 0 0 1302528
1105920 16804920 16804622 21750399 0 0 1257472
1634304 16847358 16846948 21805080 0 0 1945600
1323008 16894581 16894404 21865899 0 0 1306624
1019904 16939560 16939252 21923880 0 0 1429504
1720320 16986519 16986138 21984402 0 0 1892352
1294336 17030409 17030108 22040865 0 0 1310720
1130496 17084133 17083827 22110066 0 0 1302528
1040384 17140761 17140519 22183128 0 0 1310720
1114112 17192835 17192651 22250184 0 0 1298432
1507328 17241576 17241105 22313016 0 0 1949696
1187840 17282925 17282661 22366245 0 0 1290240
1630208 17324274 17323838 22419573 0 0 1949696
1052672 17372718 17372444 22482042 0 0 1302528
1134592 17417433 17417155 22539627 0 0 1306624
1085440 17463072 17462841 22598532 0 0 1257472
1048576 17515146 17514921 22665621 0 0 1261568
1060864 17566659 17566508 22732050 0 0 1060864
815104 17612001 17611837 22790394 0 0 966656
1777664 17664042 17663621 22857483 0 0 2027520
1638400 17717403 17716981 22926156 0 0 2011136
1101824 17765781 17765538 22988625 0 0 1302528
1445888 17820594 17820179 23059245 0 0 1654784
1126400 17877288 17877030 23132373 0 0 1306624
1687552 17931837 17931495 23202696 0 0 1740800
1024000 17987013 17986737 23273778 0 0 1302528
995328 18041826 18041593 23344431 0 0 1306624
929792 18097365 18097083 23415975 0 0 1261568
1605632 18147558 18147078 23480754 0 0 1990656
1101824 18192306 18192020 23538372 0 0 1306624
1105920 18241608 18241409 23601963 0 0 1306624
839680 18286950 18286684 23660406 0 0 1257472
856064 18324141 18323889 23708652 0 0 1257472
1617920 18374763 18374261 23773827 0 0 1994752
1089536 18422844 18422575 23835867 0 0 1310720
1953792 18469737 18469309 23896257 0 0 2052096
1630208 18519996 18519517 23961036 0 0 1990656
962560 18567186 18566943 24021888 0 0 1257472
1056768 18613155 18612885 24081156 0 0 1306624
1175552 18663084 18662820 24145539 0 0 1298432
1204224 18710175 18709909 24206391 0 0 1302528
991232 18754428 18754185 24263481 0 0 1204224
1130496 18801123 18800876 24323706 0 0 1261568
983040 18848478 18848259 24384888 0 0 1290240
1208320 18892632 18892372 24441780 0 0 1310720
999424 18940053 18939809 24502995 0 0 1302528
1114112 18994866 18994588 24573615 0 0 1257472
987136 19043178 19042971 24636018 0 0 1306624
1048576 19089378 19089181 24695649 0 0 1306624
1613824 19138977 19138603 24759636 0 0 1994752
1863680 19184022 19183547 24817683 0 0 2052096
1126400 19229298 19229051 24876159 0 0 1257472
929792 19281075 19280812 24942885 0 0 1302528
1359872 19327572 19327374 25002945 0 0 1310720
1228800 19374135 19373831 25063005 0 0 1261568
1130496 19423107 19422825 25126200 0 0 1306624
909312 19468185 19467929 25184478 0 0 1142784
1708032 19513098 19512668 25242261 0 0 1998848
1040384 19559034 19558764 25301529 0 0 1302528
909312 19607082 19606834 25363635 0 0 1261568
1146880 19652721 19652476 25422375 0 0 1298432
1024000 19697403 19697130 25480059 0 0 1257472
1015808 19747926 19747656 25545234 0 0 1310720
995328 19793598 19793304 25604073 0 0 1290240
1036288 19830030 19829718 25651560 0 0 1302528
1658880 19880784 19880324 25716834 0 0 2039808
1011712 19925400 19925176 25774419 0 0 1306624
1187840 19970082 19969815 25831905 0 0 1310720
962560 20020440 20020178 25896915 0 0 1302528
1167360 20066607 20066356 25956414 0 0 1306624
1200128 20112246 20111928 26015154 0 0 1306624
1970176 20162571 20162157 26080131 0 0 2007040
1028096 20206329 20206059 26136429 0 0 1306624
991232 20251869 20251568 26195103 0 0 1257472
1097728 20300115 20299897 26257341 0 0 1310720
1081344 20349549 20349350 26321196 0 0 1302528
1159168 20396376 20396086 26381454 0 0 1302528
950272 20442213 20441932 26440557 0 0 1257472
1785856 20490129 20489701 26502366 0 0 1994752
1900544 20534118 20533717 26559093 0 0 1998848
995328 20580021 20579707 26618229 0 0 1261568
1089536 20628234 20627967 26680500 0 0 1298432
950272 20674401 20674169 26739900 0 0 1302528
995328 20718753 20718467 26797023 0 0 1302528
1114112 20769111 20768882 26862066 0 0 1261568
962560 20813727 20813450 26919552 0 0 1261568
1060864 20859267 20858986 26978259 0 0 1306624
1007616 20907282 20906942 27040134 0 0 1306624
1118208 20957046 20956803 27104352 0 0 1302528
892928 21003213 21002928 27163884 0 0 1261568
1150976 21049017 21048779 27222954 0 0 1310720
1118208 21094524 21094314 27281661 0 0 1306624
954368 21140427 21140284 27340929 0 0 1089536
1036288 21186528 21186299 27400230 0 0 1310720
1146880 21233982 21233770 27461544 0 0 1298432
1249280 21278136 21277900 27518469 0 0 1302528
1060864 21321267 21321034 27573975 0 0 1257472
1191936 21361296 21361088 27626082 0 0 1306624
1273856 21406638 21406449 27684921 0 0 1306624
1892352 21453564 21453105 27745707 0 0 2015232
1888256 21502899 21502447 27809727 0 0 2002944
1048576 21547350 21547085 27867345 0 0 1302528
1224704 21592692 21592461 27926217 0 0 1261568
1163264 21641070 21640866 27988950 0 0 1261568
1298432 21685587 21685302 28046634 0 0 1257472
1196032 21730632 21730370 28105110 0 0 1261568
1241088 21778482 21778188 28167150 0 0 1302528
958464 21825408 21825206 28228101 0 0 1085440
1830912 21872829 21872359 28289514 0 0 1945600
1241088 21919887 21919574 28350597 0 0 1425408
1179648 21967836 21967626 28412703 0 0 1298432
1011712 22015653 22015412 28474743 0 0 1257472
753664 22060104 22059927 28532394 0 0 884736
1224704 22109406 22109104 28596381 0 0 1306624
1851392 22151712 22151264 28651293 0 0 1994752
1191936 22195239 22194948 28707723 0 0 1306624
1773568 22245168 22244701 28772535 0 0 1945600
1265664 22291434 22291195 28832529 0 0 1310720
1126400 22337667 22337457 28892589 0 0 1302528
1155072 22387596 22387378 28957401 0 0 1310720
1384448 22431750 22431477 29014590 0 0 1298432
1847296 22475244 22474840 29071086 0 0 2043904
1191936 22522467 22522219 29132301 0 0 1302528
1908736 22568469 22568024 29191932 0 0 2007040
1155072 22614537 22614327 29251794 0 0 1261568
1368064 22667733 22667461 29320731 0 0 1306624
1245184 22713075 22712872 29379537 0 0 1306624
1130496 22758153 22757910 29437980 0 0 1261568
1945600 22805079 22804625 29498832 0 0 1994752
1155072 22853754 22853513 29561961 0 0 1302528
