1052672 1947 1774 2805 0 0 1212416
1548288 20130 19760 26367 0 0 1961984
1720320 40722 40345 53130 0 0 1945600
1155072 58014 57760 75537 0 0 1212416
1933312 75240 74858 97944 0 0 1945600
1896448 90123 89655 117216 0 0 1900544
1728512 107085 106642 139194 0 0 1900544
958464 122001 121762 158631 0 0 1159168
1794048 139722 139298 181665 0 0 1945600
1843200 156750 156300 203610 0 0 1961984
1839104 172194 171724 223707 0 0 1945600
1970176 190047 189626 246873 0 0 1957888
954368 204963 204757 266343 0 0 991232
1716224 221199 220823 287331 0 0 1945600
823296 239085 238935 310596 0 0 831488
1081344 253902 253690 329835 0 0 1208320
1138688 273603 273337 355344 0 0 1212416
1236992 287694 287398 373890 0 0 1294336
1384448 303501 303172 394416 0 0 1302528
1728512 321387 320937 417615 0 0 2002944
847872 337194 337097 438240 0 0 974848
1105920 354816 354591 460944 0 0 1298432
1130496 373131 372874 484638 0 0 1298432
1806336 388938 388498 505131 0 0 2048000
1224704 407451 407184 529155 0 0 1306624
1454080 425403 425096 552387 0 0 1257472
1982464 441210 440776 572880 0 0 1990656
1826816 459129 458712 596112 0 0 2043904
1277952 476454 476217 618618 0 0 1253376
1216512 492261 491998 639111 0 0 1306624
2023424 509916 509489 661914 0 0 1945600
1896448 526020 525563 682770 0 0 2035712
1777664 545490 545035 708015 0 0 1990656
1069056 564729 564449 732963 0 0 1081344
1839104 580470 580003 753357 0 0 1945600
1216512 597498 597280 775335 0 0 1298432
1855488 612546 612100 795069 0 0 2076672
1662976 628122 627687 815199 0 0 2052096
1122304 646833 646572 839487 0 0 1335296
835584 661980 661876 858957 0 0 921600
1699840 679107 678682 881001 0 0 1990656
1798144 696498 696009 903408 0 0 1941504
1708032 711744 711323 923142 0 0 1990656
1720320 727353 726943 943272 0 0 2035712
1855488 744744 744286 965745 0 0 2027520
1585152 761211 760796 986997 0 0 2031616
954368 778437 778197 1009272 0 0 1245184
1765376 792363 791946 1027191 0 0 1990656
1024000 810678 810432 1050819 0 0 1302528
1810432 827838 827369 1072863 0 0 2031616
1040384 843381 843166 1092960 0 0 1302528
888832 863280 863088 1118766 0 0 1200128
929792 879549 879319 1139622 0 0 1236992
1630208 895257 894837 1159917 0 0 2043904
1740800 913605 913176 1183512 0 0 1994752
1884160 928554 928183 1202784 0 0 2060288
933888 945648 945438 1224795 0 0 1302528
876544 963105 962879 1247268 0 0 1085440
1634304 979803 979374 1268817 0 0 1990656
1671168 998118 997684 1292379 0 0 2060288
524288 1015278 1015054 1314357 0 0 921600
1650688 1031679 1031291 1335609 0 0 1945600
970752 1049664 1049483 1358808 0 0 1298432
1740800 1066461 1066061 1380357 0 0 1982464
1626112 1084743 1084340 1403952 0 0 2027520
1585152 1102761 1102294 1427118 0 0 2039808
1110016 1119063 1118781 1448172 0 0 1241088
1052672 1137609 1137412 1472130 0 0 1245184
1019904 1155561 1155299 1495164 0 0 1298432
1765376 1172292 1171846 1516812 0 0 2035712
1794048 1190310 1189838 1539945 0 0 2052096
1904640 1205820 1205413 1560042 0 0 2031616
839680 1224498 1224231 1583934 0 0 1298432
1724416 1241526 1241133 1605846 0 0 1654784
1105920 1257135 1256910 1626009 0 0 1298432
1122304 1275780 1275509 1649934 0 0 1306624
1155072 1292214 1291984 1671153 0 0 1302528
921600 1307493 1307348 1690887 0 0 921600
1863680 1325445 1325049 1714053 0 0 2031616
1785856 1340097 1339668 1732863 0 0 2039808
1171456 1353000 1352776 1749891 0 0 1302528
1101824 1371051 1370764 1773189 0 0 1306624
1232896 1393326 1393087 1801932 0 0 1298432
1159168 1412796 1412579 1827111 0 0 1294336
1617920 1430517 1430134 1849947 0 0 1941504
970752 1446786 1446572 1871034 0 0 1085440
1761280 1465926 1465530 1895652 0 0 2031616
1802240 1481799 1481369 1916211 0 0 1994752
1290240 1499223 1498949 1938684 0 0 1306624
1748992 1519056 1518611 1964160 0 0 2035712
1974272 1534302 1533832 1983960 0 0 1990656
1822720 1554135 1553683 2009502 0 0 1982464
1798144 1573011 1572574 2033955 0 0 2031616
1835008 1591920 1591483 2058375 0 0 1941504
1249280 1609938 1609657 2081640 0 0 1302528
1142784 1625514 1625308 2101737 0 0 1298432
1568768 1643796 1643364 2125332 0 0 2056192
1785856 1662375 1662004 2149389 0 0 2035712
1089536 1679304 1679050 2171235 0 0 1261568
978944 1698774 1698636 2196480 0 0 1085440
1888256 1716726 1716310 2219514 0 0 1990656
1298432 1733820 1733528 2241624 0 0 1302528
1736704 1753653 1753191 2267199 0 0 2043904
1847296 1769163 1768758 2287263 0 0 1986560
864256 1786026 1785799 2308977 0 0 970752
1912832 1804605 1804162 2332968 0 0 1990656
1376256 1819884 1819560 2352702 0 0 1306624
1040384 1837539 1837304 2375538 0 0 1302528
1216512 1854963 1854701 2398011 0 0 1306624
1126400 1869021 1868777 2416062 0 0 1302528
1843200 1886742 1886277 2438997 0 0 2072576
1679360 1903473 1903019 2460645 0 0 2027520
1744896 1920864 1920434 2483052 0 0 2039808
1253376 1940103 1939826 2507934 0 0 1298432
1855488 1955613 1955157 2527965 0 0 1961984
1232896 1973664 1973377 2551230 0 0 1306624
1740800 1992837 1992427 2576079 0 0 2035712
901120 2009733 2009457 2597925 0 0 1085440
925696 2027388 2027172 2620761 0 0 1081344
1163264 2043789 2043479 2641815 0 0 1298432
1146880 2060520 2060309 2663562 0 0 1306624
1777664 2079792 2079330 2688279 0 0 2031616
679936 2095104 2094873 2708112 0 0 974848
1183744 2113749 2113523 2732268 0 0 1306624
2076672 2131041 2130583 2754510 0 0 2031616
1245184 2148135 2147863 2776554 0 0 1306624
1753088 2165790 2165390 2799390 0 0 1949696
1114112 2181927 2181690 2820312 0 0 1298432
1687552 2198427 2197977 2841498 0 0 1986560
962560 2216247 2216022 2864499 0 0 1085440
806912 2227929 2227613 2880009 0 0 1085440
1814528 2247069 2246596 2904660 0 0 2035712
933888 2264262 2264084 2926869 0 0 1142784
1073152 2279475 2279230 2946438 0 0 1298432
774144 2298087 2297863 2970429 0 0 1298432
1826816 2314620 2314103 2991714 0 0 1986560
1056768 2331021 2330705 3012867 0 0 1441792
913408 2352042 2351832 3039993 0 0 1085440
1593344 2372106 2371699 3065733 0 0 1990656
1077248 2391444 2391095 3090582 0 0 1253376
1101824 2410353 2410082 3115002 0 0 1298432
1736704 2425335 2424879 3134274 0 0 2035712
880640 2443617 2443497 3157968 0 0 921600
1200128 2461107 2460850 3180441 0 0 1306624
1601536 2477244 2476872 3201231 0 0 1982464
1085440 2494767 2494458 3223803 0 0 1306624
1024000 2511234 2510959 3244989 0 0 1302528
1126400 2529219 2529015 3268287 0 0 1298432
1634304 2545785 2545371 3289539 0 0 1781760
1847296 2561328 2560947 3309636 0 0 1990656
1732608 2577861 2577424 3330855 0 0 2031616
1622016 2594064 2593636 3351810 0 0 1986560
1798144 2611488 2611085 3374184 0 0 1990656
1056768 2629275 2629018 3397119 0 0 1257472
1253376 2644521 2644302 3416787 0 0 1257472
1032192 2662374 2662148 3439755 0 0 1085440
1695744 2679996 2679577 3462459 0 0 2039808
770048 2695044 2694870 3481962 0 0 1130496
1744896 2713293 2712882 3505425 0 0 2035712
1695744 2729826 2729335 3526644 0 0 1990656
1355776 2745996 2745783 3547533 0 0 1306624
1089536 2764971 2764738 3571986 0 0 1302528
987136 2779656 2779458 3590895 0 0 1298432
737280 2798070 2797884 3614589 0 0 1048576
1474560 2816088 2815599 3637722 0 0 1986560
622592 2830476 2830297 3656202 0 0 921600
1097728 2850309 2850059 3681843 0 0 1302528
1163264 2866215 2865982 3702336 0 0 1298432
999424 2882385 2882203 3723192 0 0 1302528
1970176 2900733 2900268 3746820 0 0 2056192
1789952 2915121 2914685 3765333 0 0 1986560
1531904 2933766 2933365 3789324 0 0 2027520
1179648 2952114 2951879 3813018 0 0 1302528
1818624 2967030 2966641 3832290 0 0 2035712
1736704 2986401 2985930 3857139 0 0 1994752
1097728 3004419 3004156 3880305 0 0 1298432
823296 3021612 3021374 3902613 0 0 1138688
1142784 3040521 3040227 3927000 0 0 1085440
1175552 3057549 3057315 3948945 0 0 1310720
1019904 3074049 3073811 3970197 0 0 1302528
1896448 3093321 3092890 3995013 0 0 2035712
823296 3109029 3108724 4015275 0 0 1241088
1794048 3127542 3127094 4039101 0 0 2035712
1175552 3145725 3145454 4062498 0 0 1085440
1044480 3164535 3164312 4086786 0 0 1298432
1662976 3182553 3182141 4109952 0 0 1990656
1511424 3198129 3197733 4130049 0 0 1986560
1236992 3217104 3216903 4154436 0 0 1302528
1363968 3234495 3234135 4176909 0 0 1753088
954368 3249345 3249098 4195983 0 0 1126400
827392 3269112 3268930 4221492 0 0 978944
745472 3285315 3285172 4242315 0 0 921600
1851392 3302739 3302299 4264788 0 0 2039808
1626112 3321648 3321222 4289175 0 0 1986560
1052672 3337917 3337626 4310064 0 0 1298432
1691648 3355011 3354599 4332141 0 0 1990656
1179648 3373656 3373407 4356165 0 0 1302528
1216512 3388638 3388357 4375437 0 0 1298432
1744896 3408537 3408097 4401078 0 0 1986560
1048576 3426885 3426629 4424673 0 0 1257472
1761280 3442494 3442010 4444737 0 0 2039808
1798144 3460809 3460388 4468398 0 0 2031616
1990656 3477342 3476904 4489617 0 0 2031616
1069056 3495756 3495526 4513476 0 0 1318912
909312 3515589 3515421 4539051 0 0 1056768
1064960 3532353 3532093 4560567 0 0 1298432
1097728 3550338 3550140 4583832 0 0 1302528
1589248 3568125 3567711 4606602 0 0 1990656
933888 3583701 3583572 4626831 0 0 999424
1810432 3602379 3601931 4650756 0 0 2052096
1028096 3617955 3617834 4670820 0 0 921600
2097152 3636270 3635783 4694481 0 0 1994752
1748992 3655278 3654791 4718835 0 0 2052096
897024 3669666 3669448 4737579 0 0 1081344
1781760 3688542 3688134 4761834 0 0 2064384
1626112 3705438 3704956 4783515 0 0 1986560
937984 3721641 3721434 4804404 0 0 978944
933888 3740055 3739725 4828230 0 0 1081344
1286144 3752562 3752285 4844664 0 0 1302528
1728512 3770547 3770140 4867896 0 0 2039808
1761280 3788598 3788144 4891161 0 0 2039808
1916928 3803580 3803115 4910433 0 0 2035712
1286144 3822852 3822597 4935282 0 0 1302528
1249280 3841167 3840904 4958877 0 0 1302528
1110016 3858030 3857739 4980525 0 0 1261568
1847296 3875421 3875000 5002998 0 0 2048000
1052672 3892878 3892591 5025438 0 0 1298432
1708032 3910269 3909844 5047911 0 0 2035712
1085440 3930135 3929897 5073552 0 0 1294336
1462272 3945744 3945361 5093616 0 0 2035712
909312 3964422 3964137 5117607 0 0 1306624
2060288 3981813 3981341 5140080 0 0 2035712
1712128 3997983 3997605 5160936 0 0 2031616
1396736 4015341 4015029 5183277 0 0 1662976
892928 4031412 4031189 5204034 0 0 1130496
1736704 4049958 4049563 5227926 0 0 1990656
1101824 4068075 4067824 5251125 0 0 1298432
1515520 4083387 4082945 5270892 0 0 1986560
1171456 4101438 4101155 5294091 0 0 1306624
1617920 4117311 4116869 5314584 0 0 1986560
802816 4132623 4132426 5334318 0 0 921600
983040 4151037 4150739 5357913 0 0 1298432
1470464 4169979 4169585 5382300 0 0 1941504
1810432 4186578 4186084 5403585 0 0 2031616
1757184 4205784 4205314 5428434 0 0 2035712
1794048 4219875 4219455 5446584 0 0 2035712
1597440 4237266 4236885 5469057 0 0 2048000
1200128 4254294 4253969 5490903 0 0 1355776
1187840 4270431 4270121 5511528 0 0 1306624
1622016 4288746 4288342 5535189 0 0 1990656
1695744 4304355 4303955 5555286 0 0 1994752
684032 4320624 4320469 5576208 0 0 921600
1077248 4339929 4339693 5601024 0 0 995328
1077248 4355802 4355544 5621451 0 0 1306624
770048 4373985 4373773 5644881 0 0 1085440
1376256 4392234 4391980 5668311 0 0 1253376
1761280 4407843 4407402 5688474 0 0 2031616
1646592 4426224 4425806 5712069 0 0 1986560
1826816 4442460 4442042 5732925 0 0 2043904
1716224 4460775 4460424 5756553 0 0 1986560
786432 4479486 4479352 5780742 0 0 1052672
974848 4494204 4493933 5799519 0 0 1286144
1241088 4513443 4513203 5824368 0 0 1302528
1888256 4532715 4532303 5849184 0 0 2035712
1433600 4548357 4548075 5869248 0 0 1302528
897024 4567728 4567485 5894295 0 0 1200128
770048 4584162 4584006 5915349 0 0 921600
1105920 4603104 4602867 5939769 0 0 1302528
835584 4623036 4622789 5965377 0 0 1294336
1085440 4637721 4637429 5984286 0 0 1294336
1810432 4657290 4656850 6009531 0 0 2039808
1753088 4675968 4675516 6033522 0 0 2035712
1662976 4692171 4691770 6054477 0 0 1945600
847872 4711872 4711612 6079854 0 0 1032192
917504 4729989 4729720 6103053 0 0 1130496
1282048 4746885 4746585 6124932 0 0 1597440
1708032 4764738 4764319 6147834 0 0 2031616
1130496 4780677 4780430 6168393 0 0 1302528
1101824 4795692 4795468 6187599 0 0 1302528
1708032 4813446 4813031 6210468 0 0 1994752
1593344 4829352 4828929 6230928 0 0 2056192
1138688 4845588 4845349 6251883 0 0 1298432
2052096 4861857 4861366 6272739 0 0 1986560
1101824 4877136 4876927 6292407 0 0 1298432
1212416 4892679 4892456 6312537 0 0 1257472
1748992 4910466 4910039 6335340 0 0 2056192
770048 4927329 4927127 6357153 0 0 1130496
1093632 4945974 4945756 6381045 0 0 1302528
966656 4968447 4968202 6410019 0 0 1122304
1089536 4983957 4983718 6429885 0 0 1257472
897024 4999005 4998678 6449256 0 0 1302528
1585152 5015439 5015025 6470508 0 0 2035712
1830912 5030487 5030066 6489747 0 0 2031616
1232896 5046690 5046475 6510669 0 0 1306624
1048576 5062959 5062719 6531591 0 0 1253376
950272 5077908 5077723 6550863 0 0 1302528
1286144 5093814 5093395 6571290 0 0 1699840
1851392 5109489 5109005 6591453 0 0 2031616
1155072 5125461 5125170 6611913 0 0 1298432
1925120 5141565 5141224 6632802 0 0 2027520
1134592 5157966 5157723 6653856 0 0 1335296
1785856 5173740 5173301 6674151 0 0 1986560
1720320 5190240 5189816 6695403 0 0 1982464
1572864 5206773 5206377 6716688 0 0 1990656
1679360 5223009 5222555 6737544 0 0 2039808
1134592 5240433 5240196 6760083 0 0 1294336
1998848 5256933 5256498 6781236 0 0 2060288
684032 5273532 5273394 6802554 0 0 917504
1122304 5286765 5286534 6819945 0 0 1257472
1667072 5303595 5303139 6841593 0 0 2043904
1716224 5318544 5318111 6860931 0 0 2031616
790528 5334780 5334522 6881820 0 0 1298432
1675264 5351643 5351134 6903435 0 0 2031616
1712128 5367483 5367043 6923961 0 0 2035712
942080 5382828 5382639 6943860 0 0 1134592
1703936 5400186 5399774 6966102 0 0 1945600
1191936 5414640 5414399 6984615 0 0 1302528
1880064 5430777 5430408 7005504 0 0 2031616
937984 5447376 5447084 7026822 0 0 1253376
1753088 5462325 5461904 7046061 0 0 2027520
1564672 5479419 5478949 7068138 0 0 1990656
1286144 5495292 5494879 7088565 0 0 1650688
1261568 5511858 5511642 7109883 0 0 1298432
1212416 5529909 5529653 7133148 0 0 1306624
1089536 5546079 5545873 7154037 0 0 1302528
1679360 5561952 5561604 7174464 0 0 2035712
1064960 5578815 5578591 7196211 0 0 1253376
983040 5595183 5594882 7217331 0 0 1343488
999424 5612211 5611910 7239144 0 0 1302528
1650688 5629338 5628894 7261188 0 0 2023424
1691648 5644980 5644552 7281252 0 0 2002944
1855488 5662140 5661694 7303329 0 0 1986560
1495040 5679168 5678819 7325274 0 0 1753088
1011712 5696196 5695970 7347186 0 0 1138688
1605632 5713587 5713127 7369461 0 0 2002944
1515520 5730417 5729981 7391175 0 0 1974272
1855488 5746620 5746257 7412031 0 0 2023424
925696 5761800 5761550 7431600 0 0 1241088
1228800 5778828 5778576 7453413 0 0 1253376
1716224 5794437 5794061 7473477 0 0 1982464
811008 5811696 5811521 7495686 0 0 1056768
1781760 5829417 5828925 7518357 0 0 2031616
1146880 5846643 5846405 7540632 0 0 1081344
1101824 5862153 5861926 7560564 0 0 1294336
1118208 5880567 5880303 7584225 0 0 1253376
1097728 5897067 5896837 7605411 0 0 1306624
1585152 5913699 5913193 7626696 0 0 2035712
905216 5929572 5929452 7647222 0 0 921600
1613824 5945511 5945070 7667715 0 0 2035712
1765376 5959866 5959482 7686228 0 0 2035712
835584 5976861 5976631 7708041 0 0 1085440
1024000 5992074 5991811 7727577 0 0 1257472
872448 6008970 6008664 7749258 0 0 1302528
2125824 6026625 6026256 7772127 0 0 1945600
1720320 6043191 6042737 7793346 0 0 2031616
970752 6063123 6062968 7818987 0 0 921600
1585152 6081174 6080752 7842252 0 0 2043904
1634304 6097080 6096660 7862745 0 0 1990656
1212416 6114009 6113704 7884393 0 0 1306624
983040 6129519 6129340 7904457 0 0 1302528
1028096 6146085 6145847 7925742 0 0 1302528
1916928 6162321 6161831 7946631 0 0 2035712
1921024 6179415 6179032 7968675 0 0 2027520
1069056 6194595 6194367 7988145 0 0 1294336
970752 6212217 6212011 8010783 0 0 1302528
765952 6229410 6229134 8032860 0 0 1253376
991232 6245349 6245085 8053353 0 0 1302528
1732608 6262740 6262305 8075793 0 0 1990656
1892352 6279009 6278588 8096715 0 0 1986560
962560 6294123 6293911 8116218 0 0 1085440
811008 6311910 6311617 8139054 0 0 1196032
909312 6327123 6326851 8158590 0 0 1298432
1191936 6344580 6344325 8180964 0 0 1253376
1081344 6361707 6361474 8203074 0 0 1298432
1826816 6380352 6379950 8227065 0 0 1982464
1789952 6395697 6395227 8246766 0 0 1986560
1208320 6413748 6413531 8269998 0 0 1298432
1081344 6429357 6429138 8290194 0 0 1302528
978944 6445923 6445693 8311413 0 0 1298432
1024000 6463776 6463511 8334414 0 0 1134592
1490944 6480507 6480074 8355930 0 0 1941504
684032 6496776 6496621 8376951 0 0 1138688
1617920 6514860 6514399 8400084 0 0 1990656
1908736 6530106 6529720 8419785 0 0 1990656
1228800 6546408 6546143 8440674 0 0 1306624
1175552 6562644 6562377 8461596 0 0 1302528
925696 6578913 6578715 8482551 0 0 1081344
700416 6594192 6593993 8502120 0 0 921600
1392640 6611913 6611678 8524923 0 0 1310720
1036288 6627819 6627620 8545449 0 0 1306624
917504 6644022 6643809 8566305 0 0 1249280
1007616 6659169 6658967 8585808 0 0 1323008
692224 6675075 6674869 8606235 0 0 1134592
2060288 6688836 6688415 8624253 0 0 2039808
1064960 6705765 6705492 8646099 0 0 1142784
1753088 6720648 6720228 8665239 0 0 1986560
1712128 6738996 6738545 8688834 0 0 1961984
987136 6755562 6755264 8710119 0 0 1298432
729088 6772095 6771933 8731569 0 0 1056768
1646592 6788265 6787872 8752293 0 0 2035712
761856 6805755 6805565 8774766 0 0 921600
1175552 6821661 6821348 8795259 0 0 1306624
1064960 6839382 6839112 8818095 0 0 1298432
1683456 6855585 6855161 8838984 0 0 1990656
1650688 6872679 6872318 8861028 0 0 2031616
1040384 6887067 6886880 8879607 0 0 1298432
1011712 6904359 6904159 8901783 0 0 1130496
1130496 6920727 6920542 8922936 0 0 1302528
1671168 6936072 6935649 8942571 0 0 2035712
1085440 6951351 6951115 8962305 0 0 1298432
1744896 6968511 6968066 8984316 0 0 1990656
1433600 6983229 6982801 9003159 0 0 2035712
1777664 7000323 6999947 9025335 0 0 2035712
1712128 7015272 7014873 9044607 0 0 1945600
1134592 7032465 7032169 9066651 0 0 1302528
1703936 7048338 7047872 9087144 0 0 1990656
1146880 7066059 7065885 9110013 0 0 1306624
958464 7081833 7081529 9130308 0 0 1245184
745472 7099719 7099564 9153309 0 0 921600
1953792 7114734 7114296 9172647 0 0 2048000
1773568 7131234 7130790 9193866 0 0 2048000
933888 7146546 7146231 9213600 0 0 1302528
958464 7163673 7163383 9235677 0 0 1253376
860160 7179018 7178802 9255510 0 0 1081344
1560576 7196079 7195549 9277389 0 0 2039808
724992 7210104 7209965 9295572 0 0 921600
1564672 7227264 7226829 9317616 0 0 2048000
1773568 7242873 7242436 9337680 0 0 1986560
1024000 7259934 7259737 9359691 0 0 1302528
1773568 7275576 7275095 9379821 0 0 1990656
1155072 7293000 7292675 9402327 0 0 1298432
974848 7308378 7308169 9422160 0 0 1130496
864256 7325439 7325217 9444039 0 0 978944
954368 7341081 7340882 9464301 0 0 1134592
1146880 7358769 7358522 9486939 0 0 1298432
888832 7374015 7373777 9506673 0 0 1257472
1568768 7391769 7391356 9529476 0 0 1990656
1064960 7405926 7405669 9547791 0 0 1130496
897024 7423911 7423770 9570891 0 0 921600
937984 7438596 7438384 9589800 0 0 921600
1437696 7455360 7455131 9611382 0 0 1298432
1884160 7470309 7469944 9630720 0 0 1990656
1847296 7488393 7487966 9653952 0 0 1970176
1777664 7502781 7502364 9672465 0 0 1994752
1044480 7520898 7520705 9695895 0 0 1142784
1077248 7535484 7535207 9714606 0 0 1302528
1732608 7553865 7553395 9738300 0 0 2023424
1794048 7569738 7569289 9758760 0 0 2035712
786432 7587888 7587666 9782157 0 0 1146880
1773568 7602738 7602315 9801330 0 0 2035712
1650688 7622373 7621944 9826542 0 0 2035712
733184 7637916 7637818 9846672 0 0 921600
876544 7656099 7655805 9870036 0 0 1081344
798720 7670718 7670493 9888879 0 0 1044480
1888256 7688670 7688270 9912045 0 0 1990656
1605632 7702728 7702382 9930129 0 0 2015232
1085440 7720350 7720067 9952833 0 0 1339392
1482752 7734804 7734411 9971412 0 0 1703936
974848 7752723 7752502 9994479 0 0 1134592
1867776 7767573 7767110 10013652 0 0 2035712
1220608 7786218 7786015 10037643 0 0 1298432
1060864 7800705 7800518 10056354 0 0 1081344
1626112 7819548 7819123 10080642 0 0 2035712
1703936 7834563 7834078 10099914 0 0 2031616
1773568 7852284 7851857 10122717 0 0 2035712
1593344 7867860 7867476 10142814 0 0 1990656
2023424 7885911 7885494 10166112 0 0 1994752
1634304 7899672 7899239 10183800 0 0 1986560
1708032 7918020 7917602 10207494 0 0 2035712
1064960 7934586 7934386 10228878 0 0 1077248
1908736 7954452 7953941 10254354 0 0 2027520
1155072 7970952 7970644 10275606 0 0 1310720
1073152 7989564 7989338 10299663 0 0 1298432
831488 8004612 8004398 10319166 0 0 1134592
1937408 8023521 8023062 10343355 0 0 2072576
802816 8038866 8038694 10363221 0 0 1081344
966656 8058699 8058463 10388730 0 0 1298432
1679360 8073384 8072932 10407573 0 0 2007040
897024 8092326 8092208 10432059 0 0 921600
1163264 8108859 8108610 10453311 0 0 1306624
1789952 8126316 8125820 10475784 0 0 2035712
1081344 8141892 8141661 10495848 0 0 1298432
1667072 8161428 8160995 10521093 0 0 1945600
720896 8176509 8176332 10540530 0 0 1081344
962560 8195418 8195116 10564785 0 0 1294336
1036288 8210301 8210151 10584057 0 0 1302528
1736704 8226999 8226563 10605837 0 0 1941504
868352 8241816 8241541 10624977 0 0 1245184
1892352 8260296 8259892 10648803 0 0 2035712
1736704 8274651 8274213 10667283 0 0 2048000
1228800 8292834 8292523 10690548 0 0 1253376
1773568 8308344 8307952 10710678 0 0 1937408
1249280 8326131 8325848 10733448 0 0 1294336
1028096 8342037 8341799 10753908 0 0 1294336
1683456 8367744 8367272 10787007 0 0 1990656
1495040 8382099 8381655 10805520 0 0 1941504
1773568 8400414 8400024 10829148 0 0 2035712
1703936 8421864 8421404 10856769 0 0 2023424
1056768 8439321 8439098 10879176 0 0 1302528
1064960 8454633 8454380 10898877 0 0 1306624
839680 8473740 8473446 10923528 0 0 1245184
1769472 8487963 8487570 10941876 0 0 1986560
1990656 8505981 8505530 10965108 0 0 2048000
1015808 8518422 8518267 10981509 0 0 1122304
1687552 8535483 8535052 11003454 0 0 1982464
1622016 8550234 8549797 11022330 0 0 1990656
1101824 8569242 8568974 11046750 0 0 1257472
1667072 8583927 8583428 11065626 0 0 2039808
1794048 8601087 8600628 11087670 0 0 2039808
1712128 8616069 8615691 11106975 0 0 2056192
1720320 8634813 8634378 11131032 0 0 1982464
1933312 8649762 8649350 11150271 0 0 2002944
995328 8669100 8668884 11175153 0 0 1253376
1126400 8683356 8683061 11193402 0 0 1331200
1187840 8702694 8702420 11218350 0 0 1617920
917504 8718534 8718341 11238777 0 0 1318912
1736704 8737740 8737249 11263329 0 0 2035712
942080 8753349 8753108 11283492 0 0 1302528
1912832 8772621 8772213 11308275 0 0 2039808
1892352 8786778 8786324 11326425 0 0 2031616
720896 8804598 8804361 11349492 0 0 1081344
802816 8821461 8821130 11371074 0 0 1085440
1167360 8838654 8838374 11393184 0 0 1314816
1073152 8851953 8851657 11410212 0 0 1302528
1712128 8869971 8869592 11433543 0 0 2043904
1032192 8884392 8884131 11452089 0 0 1257472
1732608 8902773 8902279 11475684 0 0 1945600
1056768 8919108 8918856 11496837 0 0 1302528
716800 8936499 8936270 11519112 0 0 978944
1130496 8951382 8951120 11538318 0 0 1302528
962560 8969466 8969204 11561550 0 0 1302528
1646592 8983260 8982804 11579304 0 0 2002944
983040 9001971 9001695 11603328 0 0 1302528
761856 9017217 9017075 11623062 0 0 921600
704512 9035631 9035481 11646723 0 0 929792
999424 9050910 9050676 11666391 0 0 1257472
790528 9068631 9068418 11689161 0 0 1298432
950272 9083019 9082786 11707740 0 0 1298432
1294336 9101334 9101000 11731236 0 0 1703936
892928 9117108 9116897 11751630 0 0 1118208
770048 9134763 9134624 11774301 0 0 921600
1511424 9150735 9150232 11794761 0 0 1945600
983040 9169347 9169102 11818818 0 0 1294336
1024000 9184065 9183763 11837727 0 0 1298432
950272 9203634 9203382 11862972 0 0 1294336
1540096 9218847 9218469 11882541 0 0 1703936
860160 9237987 9237827 11907258 0 0 1081344
1798144 9253827 9253434 11927586 0 0 1986560
1650688 9272802 9272398 11952006 0 0 2035712
954368 9287883 9287722 11971443 0 0 1081344
614400 9306825 9306650 11995665 0 0 921600
1740800 9321774 9321359 12015003 0 0 1978368
1765376 9340452 9340001 12038994 0 0 1982464
1728512 9355137 9354675 12057936 0 0 2031616
1069056 9373815 9373533 12081960 0 0 1302528
1761280 9388797 9388351 12101232 0 0 2031616
1646592 9407442 9407064 12125289 0 0 2043904
1495040 9422754 9422322 12145023 0 0 2035712
872448 9440838 9440726 12168354 0 0 1056768
1794048 9456777 9456278 12188748 0 0 2031616
1499136 9476082 9475598 12213531 0 0 1994752
1204224 9490173 9489906 12231615 0 0 1298432
1757184 9509709 9509293 12256860 0 0 2043904
757760 9525417 9525204 12277122 0 0 1085440
1617920 9543072 9542686 12299826 0 0 1990656
831488 9559341 9559180 12320748 0 0 958464
794624 9577392 9577259 12343947 0 0 970752
1032192 9592077 9591825 12362889 0 0 1298432
1683456 9610722 9610275 12386880 0 0 1986560
1523712 9625440 9625032 12405789 0 0 2031616
884736 9643227 9643039 12428592 0 0 921600
966656 9659430 9659155 12449481 0 0 1277952
1015808 9677811 9677537 12473076 0 0 1273856
1765376 9691803 9691456 12491193 0 0 2056192
864256 9708402 9708292 12512742 0 0 999424
1654784 9721668 9721188 12529968 0 0 2035712
794624 9736947 9736831 12549636 0 0 921600
1765376 9752556 9752077 12569667 0 0 2011136
1306624 9769122 9768863 12591018 0 0 1302528
1167360 9783180 9782942 12609168 0 0 1298432
1691648 9800934 9800514 12631938 0 0 2027520
1531904 9815355 9814917 12650484 0 0 2035712
1613824 9832548 9832063 12672462 0 0 1986560
1654784 9848091 9847645 12692592 0 0 2035712
1060864 9865581 9865333 12714999 0 0 1298432
1785856 9879969 9879548 12733578 0 0 2035712
1028096 9898020 9897763 12756843 0 0 1257472
913408 9912507 9912297 12775488 0 0 1081344
884736 9929865 9929669 12797763 0 0 921600
1482752 9945441 9945048 12817794 0 0 1757184
831488 9961743 9961587 12838914 0 0 1130496
1138688 9975174 9974922 12856041 0 0 1298432
913408 9994182 9993943 12880527 0 0 1302528
815104 10008603 10008410 12899172 0 0 1130496
1589248 10027281 10026760 12923064 0 0 1974272
933888 10042296 10042142 12942534 0 0 1081344
1159168 10060611 10060377 12966030 0 0 1294336
1929216 10075956 10075526 12985698 0 0 2002944
1138688 10095261 10094987 13010514 0 0 1302528
1036288 10110276 10109998 13029819 0 0 1302528
1720320 10128261 10127857 13053084 0 0 2048000
1519616 10146642 10146208 13076745 0 0 2035712
1650688 10164429 10163985 13099614 0 0 1945600
1548288 10178817 10178385 13118127 0 0 2048000
1179648 10197198 10196911 13141755 0 0 1306624
1015808 10212213 10211907 13161027 0 0 1298432
1511424 10230528 10230083 13184688 0 0 2035712
921600 10246896 10246694 13205775 0 0 1130496
827392 10264848 10264673 13228809 0 0 921600
716800 10280490 10280287 13248939 0 0 921600
1478656 10299729 10299357 13273656 0 0 1654784
1716224 10313787 10313398 13291872 0 0 2035712
1179648 10331310 10331077 13314246 0 0 1257472
1892352 10347183 10346788 13334739 0 0 2031616
1695744 10364343 10363955 13356816 0 0 2035712
1597440 10379688 10379196 13376517 0 0 1990656
1052672 10398036 10397815 13400211 0 0 1302528
1228800 10413051 10412793 13419516 0 0 1294336
1318912 10430706 10430317 13442253 0 0 1712128
724992 10445853 10445661 13461657 0 0 966656
1781760 10463244 10462818 13484064 0 0 2060288
1699840 10477995 10477523 13502973 0 0 2035712
966656 10494792 10494545 13524621 0 0 1298432
802816 10509840 10509674 13544157 0 0 1134592
1818624 10528782 10528341 13568313 0 0 2048000
1794048 10543797 10543343 13587618 0 0 2035712
897024 10561023 10560753 13609860 0 0 1134592
692224 10575279 10575098 13628274 0 0 921600
1044480 10594617 10594382 13653024 0 0 1302528
1929216 10609269 10608884 13671933 0 0 2052096
1708032 10627353 10626964 13695165 0 0 1986560
1597440 10642665 10642256 13714932 0 0 2031616
1875968 10661079 10660638 13738560 0 0 2043904
790528 10677645 10677473 13759812 0 0 921600
983040 10696026 10695749 13783473 0 0 1302528
1175552 10710678 10710442 13802382 0 0 1294336
1171456 10729356 10729160 13826340 0 0 1306624
999424 10745031 10744852 13846635 0 0 1085440
1605632 10765161 10764731 13872441 0 0 2031616
1056768 10780836 10780578 13892571 0 0 1306624
1572864 10800372 10799964 13917783 0 0 2035712
1015808 10816014 10815761 13937880 0 0 1298432
1196032 10835319 10835070 13962696 0 0 1302528
1802240 10850301 10849850 13981968 0 0 2007040
999424 10869309 10869101 14006487 0 0 978944
1683456 10884918 10884484 14026518 0 0 2031616
1536000 10903926 10903448 14050905 0 0 2052096
1462272 10919502 10919060 14070969 0 0 2035712
974848 10937883 10937654 14094663 0 0 1306624
1957888 10953492 10953053 14114694 0 0 1990656
1540096 10970949 10970516 14137200 0 0 1990656
1560576 10986921 10986425 14157627 0 0 2031616
925696 11005038 11004834 14181123 0 0 1081344
1720320 11019327 11018925 14199405 0 0 2031616
1617920 11038302 11037909 14223858 0 0 1990656
962560 11053680 11053441 14243592 0 0 1253376
1069056 11071203 11070866 14266032 0 0 1269760
1622016 11085855 11085380 14284908 0 0 1986560
667648 11103939 11103761 14308206 0 0 921600
1183744 11117997 11117768 14326323 0 0 1302528
1830912 11138259 11137795 14352294 0 0 2002944
1134592 11151954 11151741 14370048 0 0 1302528
1429504 11171193 11170819 14394765 0 0 1658880
839680 11186043 11185852 14413971 0 0 1081344
1789952 11204952 11204524 14438226 0 0 2043904
1490944 11219670 11219209 14457135 0 0 2027520
1941504 11238942 11238510 14481918 0 0 2043904
1413120 11250822 11250515 14497692 0 0 1609728
1900544 11270490 11270060 14522970 0 0 2035712
1724416 11285175 11284662 14541912 0 0 1986560
1835008 11302896 11302468 14564715 0 0 1990656
1241088 11317680 11317463 14583855 0 0 1298432
1720320 11335929 11335483 14607318 0 0 2048000
1851392 11351439 11351092 14627349 0 0 2035712
1196032 11369754 11369400 14650878 0 0 1568768
1679360 11386947 11386555 14673087 0 0 1986560
1527808 11404998 11404568 14696286 0 0 1986560
1245184 11420013 11419753 14715591 0 0 1241088
909312 11438955 11438807 14740209 0 0 1081344
1654784 11454531 11454088 14760108 0 0 1990656
1224704 11474067 11473823 14785287 0 0 1302528
1671168 11489082 11488647 14804625 0 0 2052096
1515520 11507628 11507284 14828550 0 0 1789952
1892352 11523600 11523143 14849142 0 0 1986560
942080 11541651 11541429 14872407 0 0 1302528
1466368 11556105 11555714 14891316 0 0 1699840
1806336 11575773 11575385 14916594 0 0 2027520
1138688 11591877 11591666 14937219 0 0 1142784
774144 11609532 11609413 14959923 0 0 921600
1712128 11624679 11624209 14979162 0 0 2015232
1646592 11643687 11643206 15003582 0 0 1990656
1224704 11659659 11659419 15024042 0 0 1298432
1646592 11680251 11679805 15050409 0 0 2035712
1703936 11694672 11694204 15068955 0 0 1986560
794624 11713680 11713590 15093408 0 0 921600
884736 11730774 11730449 15115221 0 0 1241088
1712128 11748726 11748275 15138288 0 0 2015232
1277952 11764401 11764160 15158418 0 0 1302528
1003520 11784696 11784555 15184554 0 0 1081344
1748992 11804001 11803584 15209238 0 0 1986560
1667072 11826738 11826323 15238377 0 0 1986560
1089536 11841786 11841513 15257682 0 0 1257472
1679360 11860827 11860359 15282102 0 0 2035712
1277952 11876172 11875909 15301770 0 0 1298432
1634304 11894883 11894433 15325827 0 0 1986560
880640 11910855 11910576 15346320 0 0 1298432
1490944 11930127 11929797 15370971 0 0 1687552
1781760 11945274 11944786 15390441 0 0 2031616
1634304 11964546 11964155 15415191 0 0 2035712
1134592 11980254 11980014 15435321 0 0 1306624
1605632 11999955 11999508 15460566 0 0 2031616
790528 12015333 12015124 15480432 0 0 1122304
811008 12034440 12034163 15504885 0 0 1241088
1773568 12050247 12049852 15525147 0 0 2031616
798720 12069750 12069442 15550194 0 0 1138688
1134592 12085293 12085026 15570093 0 0 1298432
1282048 12104301 12104066 15594447 0 0 1306624
1622016 12120933 12120437 15615798 0 0 1982464
823296 12140964 12140734 15641538 0 0 1122304
978944 12155979 12155806 15660843 0 0 1085440
1634304 12175251 12174811 15685461 0 0 2035712
1015808 12191586 12191344 15706515 0 0 1081344
1515520 12211452 12211049 15731991 0 0 1986560
1646592 12225609 12225186 15750042 0 0 1986560
1843200 12243396 12242975 15772878 0 0 2035712
1593344 12264021 12263570 15799344 0 0 1990656
1171456 12294513 12294277 15838548 0 0 1236992
913408 12331341 12331151 15885804 0 0 1150976
1773568 12358599 12358109 15920619 0 0 2031616
1200128 12374274 12373989 15940782 0 0 1298432
1777664 12392919 12392506 15964740 0 0 1941504
1826816 12408000 12407534 15984111 0 0 2019328
1744896 12425820 12425415 16006914 0 0 2031616
970752 12439416 12439203 16024437 0 0 1122304
1449984 12462681 12462155 16054170 0 0 2027520
974848 12476904 12476655 16072485 0 0 1081344
1724416 12495549 12495097 16096344 0 0 2031616
1286144 12511554 12511367 16117035 0 0 1085440
749568 12530595 12530364 16141323 0 0 933888
1036288 12552078 12551824 16168845 0 0 1306624
1757184 12569832 12569430 16191714 0 0 1986560
1544192 12584946 12584477 16210953 0 0 2023424
1638400 12603030 12602579 16234218 0 0 2027520
1101824 12618639 12618424 16254282 0 0 1298432
1277952 12636195 12635879 16276788 0 0 1302528
1105920 12651474 12651278 16296456 0 0 1277952
1130496 12670218 12670023 16320480 0 0 1298432
892928 12685629 12685453 16340181 0 0 921600
811008 12704076 12703900 16363908 0 0 970752
1482752 12720642 12720152 16385094 0 0 2035712
1048576 12736548 12736329 16405521 0 0 1302528
815104 12751728 12751455 16424991 0 0 1138688
1708032 12766413 12766032 16444230 0 0 2035712
1806336 12782121 12781640 16464294 0 0 2035712
1953792 12800469 12800083 16487955 0 0 1986560
1630208 12816705 12816255 16508844 0 0 2031616
1130496 12834525 12834284 16531746 0 0 1302528
933888 12849870 12849622 16551414 0 0 1290240
1761280 12867954 12867510 16574613 0 0 2035712
1171456 12881814 12881524 16592433 0 0 1257472
581632 12900195 12900051 16616061 0 0 921600
1798144 12915804 12915370 16636158 0 0 2031616
1495040 12932997 12932584 16658169 0 0 1986560
970752 12948309 12948131 16677837 0 0 1302528
1245184 12968901 12968660 16704303 0 0 1257472
724992 12984279 12984120 16723971 0 0 921600
856064 13002462 13002259 16747401 0 0 1085440
1757184 13019589 13019138 16769280 0 0 1990656
1208320 13038597 13038358 16793898 0 0 1081344
1064960 13053579 13053331 16812972 0 0 1298432
1024000 13073511 13073257 16838580 0 0 1257472
1908736 13089384 13088975 16859040 0 0 2035712
1642496 13108425 13107997 16883460 0 0 2027520
794624 13125981 13125775 16906098 0 0 1036288
1626112 13145517 13145091 16931145 0 0 1982464
905216 13160268 13159996 16950021 0 0 1290240
1081344 13179606 13179320 16974903 0 0 1302528
1748992 13194621 13194125 16994142 0 0 2039808
1695744 13213002 13212623 17017869 0 0 2031616
905216 13228116 13227885 17037339 0 0 1138688
913408 13245903 13245701 17060142 0 0 1130496
1650688 13260225 13259802 17078490 0 0 2035712
1110016 13279662 13279422 17103504 0 0 1200128
1605632 13294215 13293785 17122215 0 0 2035712
917504 13311573 13311292 17144457 0 0 1196032
897024 13327116 13326911 17164521 0 0 1081344
937984 13346058 13345900 17188941 0 0 1138688
798720 13361370 13361264 17208477 0 0 909312
1224704 13379718 13379490 17232072 0 0 1298432
1167360 13395426 13395201 17252202 0 0 1298432
1622016 13414434 13413932 17276589 0 0 2043904
765952 13430109 13429903 17296719 0 0 925696
1736704 13448754 13448312 17320677 0 0 2035712
1716224 13465617 13465142 17342325 0 0 2035712
1789952 13486473 13486040 17369154 0 0 2031616
1765376 13502412 13501957 17389614 0 0 1986560
1138688 13520496 13520258 17412879 0 0 1306624
1126400 13537062 13536806 17434131 0 0 1253376
1687552 13555740 13555311 17458122 0 0 1990656
815104 13571184 13570942 17477988 0 0 1130496
1912832 13590687 13590228 17503035 0 0 2068480
1175552 13604844 13604613 17521383 0 0 1081344
1163264 13622895 13622576 17544417 0 0 1564672
1089536 13640055 13639784 17566527 0 0 1306624
1695744 13659030 13658601 17590914 0 0 1990656
2121728 13674045 13673616 17610219 0 0 2039808
1585152 13694868 13694470 17637048 0 0 2039808
1478656 13710246 13709774 17656683 0 0 2027520
1937408 13729551 13729060 17681565 0 0 1945600
1671168 13745787 13745279 17702454 0 0 1986560
1908736 13762914 13762532 17724498 0 0 2002944
1224704 13777665 13777437 17743341 0 0 1298432
892928 13797927 13797645 17769378 0 0 1257472
1757184 13812909 13812512 17788683 0 0 2043904
638976 13831026 13830903 17811948 0 0 921600
954368 13845447 13845175 17830395 0 0 1294336
1073152 13864158 13863869 17854485 0 0 1298432
1040384 13878645 13878393 17873130 0 0 1081344
983040 13899204 13898938 17899530 0 0 1081344
970752 13913922 13913671 17918472 0 0 1335296
1650688 13932798 13932379 17942661 0 0 1986560
708608 13948770 13948586 17963154 0 0 921600
970752 13967448 13967164 17987244 0 0 1306624
1044480 13982463 13982223 18006483 0 0 1294336
954368 14002692 14002467 18032553 0 0 1306624
1708032 14018037 14017573 18052287 0 0 1986560
1064960 14035890 14035679 18075288 0 0 1081344
1638400 14051763 14051276 18095583 0 0 2048000
614400 14068923 14068724 18117660 0 0 921600
1785856 14085159 14084707 18138516 0 0 2039808
1683456 14103837 14103420 18162540 0 0 2043904
987136 14117664 14117400 18180261 0 0 1310720
1642496 14135154 14134641 18202734 0 0 1994752
1675264 14150136 14149658 18222039 0 0 1990656
868352 14167692 14167472 18244644 0 0 1126400
1634304 14182905 14182506 18264147 0 0 2031616
1667072 14200725 14200275 18287016 0 0 2027520
1159168 14216301 14216086 18307113 0 0 1253376
1036288 14233197 14232947 18328827 0 0 1302528
1744896 14250027 14249612 18350442 0 0 1986560
1716224 14266923 14266510 18372090 0 0 2035712
1613824 14281938 14281506 18391428 0 0 2031616
1789952 14297085 14296629 18411195 0 0 1986560
1736704 14311737 14311327 18430104 0 0 2035712
1114112 14329128 14328970 18452577 0 0 1302528
1687552 14346321 14345880 18474621 0 0 1994752
1679360 14363448 14363042 18496632 0 0 1990656
1998848 14378166 14377660 18515574 0 0 1941504
958464 14396877 14396687 18539829 0 0 1126400
1740800 14412453 14411968 18559695 0 0 1990656
1835008 14430240 14429735 18582465 0 0 2031616
1044480 14446740 14446493 18603816 0 0 1257472
1699840 14464791 14464381 18627015 0 0 1937408
1777664 14479806 14479399 18646320 0 0 1986560
933888 14501982 14501755 18674898 0 0 1081344
1052672 14516634 14516435 18693774 0 0 1126400
1093632 14533992 14533769 18716115 0 0 1302528
1040384 14549931 14549717 18736641 0 0 1302528
897024 14568609 14568405 18760632 0 0 1302528
1826816 14583624 14583110 18779871 0 0 2035712
1732608 14602599 14602175 18804324 0 0 2035712
794624 14617383 14617160 18823398 0 0 1130496
1769472 14634147 14633743 18844881 0 0 1945600
1753088 14651637 14651127 18867387 0 0 2048000
851968 14667972 14667730 18888408 0 0 1056768
1298432 14683185 14682902 18907977 0 0 1253376
1794048 14704371 14703918 18935169 0 0 1986560
1822720 14719353 14718961 18954474 0 0 1994752
1994752 14736546 14736102 18976551 0 0 2052096
1728512 14752782 14752301 18997407 0 0 1990656
724992 14771526 14771374 19021398 0 0 921600
1835008 14786772 14786388 19041066 0 0 1986560
1716224 14804922 14804514 19064364 0 0 2039808
1101824 14819937 14819692 19083702 0 0 1253376
1781760 14835876 14835449 19104129 0 0 2035712
954368 14851188 14850939 19123830 0 0 1298432
806912 14868711 14868475 19146468 0 0 1052672
1323008 14885211 14884939 19167522 0 0 1306624
1376256 14902701 14902204 19189962 0 0 1986560
1789952 14917650 14917206 19209366 0 0 2043904
1282048 14935140 14934878 19231740 0 0 1298432
1503232 14952333 14951827 19253850 0 0 2048000
749568 14969856 14969671 19276455 0 0 1085440
937984 14984871 14984673 19295694 0 0 1155072
1564672 15003219 15002768 19319223 0 0 2023424
1568768 15019422 15018977 19340112 0 0 1941504
843776 15039420 15039221 19365852 0 0 1085440
1716224 15056514 15056066 19387764 0 0 2048000
970752 15072750 15072526 19408686 0 0 1302528
913408 15088557 15088262 19428948 0 0 1245184
811008 15107664 15107581 19453599 0 0 921600
1613824 15123636 15123195 19474026 0 0 2031616
1159168 15140235 15139931 19495278 0 0 1294336
1003520 15157692 15157395 19517751 0 0 1294336
1675264 15173631 15173134 19538277 0 0 2035712
888832 15190296 15190061 19559661 0 0 1056768
1171456 15207489 15207179 19581837 0 0 1249280
827392 15224253 15224050 19603419 0 0 1081344
2011136 15242271 15241794 19626519 0 0 1941504
1150976 15259101 15258826 19648167 0 0 1302528
1900544 15276261 15275866 19670178 0 0 2035712
1183744 15292200 15291986 19690704 0 0 1257472
1773568 15310053 15309589 19713573 0 0 1982464
1630208 15325629 15325209 19733604 0 0 1941504
917504 15343449 15343221 19756638 0 0 1085440
880640 15363942 15363734 19782840 0 0 1253376
847872 15386085 15385858 19811385 0 0 1085440
1216512 15401364 15401114 19830987 0 0 1253376
974848 15418821 15418595 19853427 0 0 1290240
1937408 15434463 15434010 19873491 0 0 2048000
1622016 15450963 15450512 19894743 0 0 2035712
1654784 15468453 15468006 19917216 0 0 2031616
790528 15485316 15485194 19938897 0 0 929792
1064960 15501552 15501307 19959753 0 0 1257472
1228800 15518679 15518435 19981863 0 0 1306624
1654784 15533991 15533534 20001531 0 0 1994752
851968 15550953 15550695 20023311 0 0 1085440
1642496 15567354 15566954 20044431 0 0 2048000
1712128 15584580 15584144 20066541 0 0 2027520
1634304 15600816 15600368 20087397 0 0 1941504
1912832 15618636 15618166 20110200 0 0 2048000
1126400 15633618 15633357 20129571 0 0 1257472
933888 15651075 15650836 20151945 0 0 1302528
1843200 15668268 15667807 20174022 0 0 2031616
