1257472 5280 5114 7128 0 0 1212416
1073152 49533 49258 64515 0 0 1216512
991232 96789 96565 125829 0 0 1220608
1216512 137346 137123 178431 0 0 1216512
1802240 178827 178381 232287 0 0 1957888
1855488 225786 225326 293205 0 0 1859584
1114112 267861 267597 347754 0 0 1175552
1187840 309936 309685 402435 0 0 1224704
1040384 355014 354804 460977 0 0 1224704
1273856 402831 402589 523050 0 0 1220608
1859584 444048 443631 576444 0 0 1863680
1691648 490941 490538 637395 0 0 1888256
909312 537999 537794 698412 0 0 1052672
1052672 582351 582191 755964 0 0 1220608
1187840 626340 626086 813120 0 0 1175552
978944 675015 674837 876348 0 0 1171456
1191936 715935 715696 929346 0 0 1224704
1597440 757977 757580 983895 0 0 1908736
1105920 805530 805326 1045671 0 0 1220608
1032192 847440 847236 1099989 0 0 1040384
1626112 889779 889278 1154835 0 0 1908736
1155072 938157 937960 1217700 0 0 1175552
1290240 979044 978810 1270731 0 0 1175552
880640 1021185 1020854 1325346 0 0 1220608
1085440 1064679 1064513 1381941 0 0 1220608
757760 1111044 1110897 1442199 0 0 880640
868352 1156254 1156020 1500741 0 0 1052672
1740800 1198230 1197797 1555224 0 0 1966080
1249280 1243638 1243416 1614129 0 0 1179648
995328 1285482 1285190 1668348 0 0 1175552
1249280 1329735 1329476 1725999 0 0 1130496
1044480 1377156 1376959 1787412 0 0 1204224
1040384 1419858 1419626 1842753 0 0 1216512
1138688 1459821 1459617 1894662 0 0 1216512
1851392 1505823 1505390 1954359 0 0 1904640
1126400 1539978 1539742 1998942 0 0 1286144
1220608 1582350 1582052 2053689 0 0 1204224
1294336 1631718 1631407 2117445 0 0 1302528
1204224 1683726 1683461 2184831 0 0 1298432
1753088 1726659 1726270 2240403 0 0 1994752
1396736 1772430 1772072 2299539 0 0 1220608
1798144 1816221 1815802 2356200 0 0 1982464
958464 1857669 1857379 2409693 0 0 1298432
1646592 1902153 1901714 2467080 0 0 2048000
1081344 1947924 1947645 2526051 0 0 1302528
1122304 1988415 1988194 2578257 0 0 1257472
1236992 2028939 2028719 2630496 0 0 1257472
860160 2075898 2075741 2691084 0 0 958464
929792 2116719 2116472 2743620 0 0 1302528
1675264 2159421 2158964 2798664 0 0 1990656
811008 2206710 2206478 2859780 0 0 1085440
1118208 2248356 2248155 2913438 0 0 1302528
1089536 2292312 2292010 2970000 0 0 1261568
1273856 2337984 2337715 3028905 0 0 1302528
1159168 2377980 2377661 3080484 0 0 1298432
1257472 2418768 2418486 3133053 0 0 1302528
1007616 2464737 2464552 3192354 0 0 1212416
1642496 2508957 2508522 3249312 0 0 1945600
1032192 2549514 2549242 3301650 0 0 1261568
1040384 2591853 2591636 3356232 0 0 1306624
1306624 2637327 2637008 3414741 0 0 1257472
1785856 2679930 2679498 3469785 0 0 1945600
1208320 2719893 2719601 3521232 0 0 1257472
1208320 2766786 2766565 3581787 0 0 1253376
999424 2809290 2809025 3636600 0 0 1257472
1245184 2850606 2850345 3689796 0 0 1306624
1093632 2897862 2897637 3750714 0 0 1302528
1200128 2941092 2940872 3806517 0 0 1273856
1286144 2983497 2983222 3861132 0 0 1302528
1155072 3029499 3029326 3920466 0 0 1306624
1228800 3064050 3063831 3965445 0 0 1257472
1236992 3106158 3105886 4019829 0 0 1302528
1204224 3151269 3151025 4078074 0 0 1310720
1728512 3193971 3193493 4133250 0 0 1945600
1667072 3234264 3233726 4185225 0 0 1990656
1167360 3276504 3276304 4239972 0 0 1208320
1142784 3322935 3322685 4299834 0 0 1306624
1835008 3364020 3363618 4352931 0 0 1941504
1134592 3405468 3405267 4406391 0 0 1306624
1228800 3454209 3453982 4469289 0 0 1306624
1122304 3499584 3499348 4527831 0 0 1261568
991232 3541032 3540785 4581291 0 0 1298432
1339392 3587925 3587697 4641714 0 0 1306624
1081344 3629373 3629129 4695174 0 0 1261568
1822720 3669864 3669441 4747446 0 0 1990656
798720 3718407 3718203 4810080 0 0 1142784
1175552 3759426 3759216 4862946 0 0 1302528
1568768 3801171 3800729 4916769 0 0 1986560
1191936 3847503 3847188 4976532 0 0 1310720
1224704 3889479 3889234 5030685 0 0 1294336
1286144 3930300 3930068 5083353 0 0 1261568
1220608 3973563 3973344 5139123 0 0 1306624
1175552 4017783 4017497 5196081 0 0 1306624
1425408 4059396 4059220 5249937 0 0 1302528
1044480 4100844 4100665 5303397 0 0 1306624
1273856 4146615 4146298 5362269 0 0 1306624
1142784 4189515 4189245 5417676 0 0 1261568
1179648 4232184 4231933 5472687 0 0 1261568
1081344 4278516 4278249 5532417 0 0 1302528
1134592 4318710 4318431 5584260 0 0 1306624
1937408 4360422 4359975 5638149 0 0 1994752
1835008 4406424 4405997 5697417 0 0 2027520
933888 4448466 4448171 5751636 0 0 1208320
1122304 4491036 4490800 5806647 0 0 1236992
847872 4537368 4537225 5866410 0 0 925696
1056768 4570335 4570084 5909376 0 0 1298432
1146880 4613301 4613058 5964882 0 0 1306624
913408 4658973 4658755 6023985 0 0 1257472
1232896 4703490 4703227 6081438 0 0 1306624
1888256 4746126 4745673 6136581 0 0 1990656
1175552 4787871 4787649 6190536 0 0 1310720
1257472 4834797 4834503 6251256 0 0 1277952
1318912 4876212 4875998 6304782 0 0 1302528
1011712 4917924 4917632 6358803 0 0 1257472
1798144 4964190 4963737 6418698 0 0 1986560
1814528 5005902 5005488 6472686 0 0 2039808
1695744 5048208 5047802 6527433 0 0 1994752
1224704 5094210 5093913 6586866 0 0 1261568
1216512 5134932 5134752 6639732 0 0 1261568
1056768 5177040 5176779 6694017 0 0 1253376
1769472 5223306 5222926 6753945 0 0 1945600
1085440 5267724 5267518 6811464 0 0 1298432
819200 5310393 5310197 6866706 0 0 987136
1228800 5354217 5353918 6923334 0 0 1261568
1163264 5399262 5398956 6981711 0 0 1257472
1196032 5441271 5441013 7035996 0 0 1257472
1183744 5481762 5481540 7088400 0 0 1306624
1261568 5531691 5531443 7153080 0 0 1302528
1863680 5576472 5576013 7210929 0 0 2043904
811008 5619669 5619520 7266831 0 0 925696
1990656 5667156 5666783 7328310 0 0 1945600
1224704 5708868 5708637 7382232 0 0 1257472
1122304 5748732 5748485 7433811 0 0 1298432
1155072 5796912 5796639 7496115 0 0 1310720
1155072 5838921 5838649 7550466 0 0 1302528
983040 5881590 5881397 7605807 0 0 1105920
1363968 5929341 5929103 7667550 0 0 1306624
1331200 5971944 5971735 7722627 0 0 1253376
1015808 6011841 6011571 7774305 0 0 1302528
1290240 6056886 6056638 7832583 0 0 1257472
1073152 6094143 6093918 7881126 0 0 1232896
1118208 6136119 6135933 7935444 0 0 1306624
1691648 6176676 6176237 7987881 0 0 1994752
1155072 6223272 6223066 8048205 0 0 1306624
1859584 6265941 6265476 8103348 0 0 1994752
1060864 6309171 6308934 8159283 0 0 1302528
1126400 6356427 6356127 8220333 0 0 1302528
1204224 6398370 6398133 8274750 0 0 1257472
1798144 6441468 6441052 8330685 0 0 2052096
1798144 6489549 6489098 8392890 0 0 1949696
1052672 6529380 6529233 8444667 0 0 1089536
1372160 6571851 6571572 8499678 0 0 1306624
917504 6619140 6618830 8560959 0 0 1236992
1191936 6659697 6659449 8613528 0 0 1253376
1118208 6699759 6699530 8665470 0 0 1261568
1277952 6744441 6744233 8723418 0 0 1257472
1253376 6788496 6788276 8780508 0 0 1306624
1282048 6831066 6830826 8835618 0 0 1302528
1380352 6872976 6872690 8890002 0 0 1257472
1011712 6918582 6918326 8949105 0 0 1298432
1073152 6960789 6960564 9003852 0 0 1306624
843776 7001511 7001347 9056751 0 0 962560
1830912 7047117 7046644 9115722 0 0 1978368
1867776 7089621 7089168 9170832 0 0 1990656
1830912 7132455 7132027 9226404 0 0 2052096
1228800 7179249 7178953 9287124 0 0 1310720
1179648 7219674 7219465 9339528 0 0 1257472
1183744 7262244 7261971 9394671 0 0 1261568
1748992 7308378 7308003 9454467 0 0 1949696
1101824 7349760 7349471 9508125 0 0 1302528
1925120 7392924 7392466 9564027 0 0 1945600
1142784 7438497 7438216 9623130 0 0 1257472
1232896 7479516 7479217 9676293 0 0 1257472
1191936 7520172 7519991 9729027 0 0 1257472
1175552 7560663 7560404 9781464 0 0 1257472
819200 7604421 7604242 9838455 0 0 1007616
1683456 7639929 7639497 9884193 0 0 1990656
1171456 7680420 7680131 9936333 0 0 1540096
1159168 7727973 7727667 9997416 0 0 1261568
1073152 7770477 7770214 10051998 0 0 1257472
1146880 7812354 7812110 10105854 0 0 1261568
1159168 7860006 7859769 10167135 0 0 1302528
1204224 7902807 7902577 10222179 0 0 1302528
983040 7943463 7943186 10274451 0 0 1261568
1863680 7990158 7989757 10334544 0 0 1994752
1073152 8032365 8032135 10388796 0 0 1302528
1163264 8073615 8073394 10441827 0 0 1257472
1101824 8118825 8118563 10499940 0 0 1310720
1249280 8162550 8162248 10556139 0 0 1306624
1273856 8204097 8203758 10609599 0 0 1310720
1249280 8247129 8246914 10664973 0 0 1302528
1290240 8293857 8293657 10725099 0 0 1261568
1683456 8335734 8335277 10778922 0 0 2035712
1241088 8377611 8377361 10832712 0 0 1257472
1105920 8423151 8422818 10891287 0 0 1261568
958464 8465886 8465652 10946298 0 0 1261568
1097728 8507466 8507192 10999725 0 0 1232896
1761280 8556042 8555548 11062194 0 0 2007040
1183744 8599074 8598848 11117634 0 0 1302528
1048576 8641248 8641025 11171853 0 0 1261568
1216512 8688603 8688411 11232771 0 0 1306624
1007616 8730711 8730471 11286957 0 0 1290240
1093632 8771730 8771427 11339658 0 0 1306624
1052672 8815719 8815439 11396220 0 0 1261568
1818624 8858817 8858352 11451594 0 0 2039808
1712128 8899407 8898986 11503866 0 0 2043904
1306624 8941911 8941674 11558382 0 0 1261568
1122304 8988342 8988083 11618178 0 0 1298432
1277952 9028041 9027796 11669196 0 0 1306624
1044480 9067773 9067540 11720313 0 0 1306624
1069056 9115458 9115214 11781627 0 0 1302528
901120 9149712 9149475 11826144 0 0 1302528
1839104 9192183 9191788 11880792 0 0 1949696
1826816 9238317 9237868 11940324 0 0 2011136
1576960 9280194 9279698 11994312 0 0 2035712
974848 9321708 9321453 12047904 0 0 1306624
962560 9369690 9369444 12109713 0 0 1298432
1142784 9411468 9411278 12163701 0 0 1302528
1843200 9453015 9452603 12217260 0 0 1994752
970752 9500700 9500413 12278706 0 0 1298432
1998848 9544359 9543942 12335037 0 0 2043904
1130496 9585609 9585345 12388233 0 0 1302528
917504 9626463 9626231 12441000 0 0 1306624
1019904 9674478 9674210 12502809 0 0 1261568
1097728 9716883 9716604 12557622 0 0 1261568
1064960 9757539 9757284 12609960 0 0 1257472
1052672 9804531 9804317 12670647 0 0 1310720
1818624 9847926 9847454 12726549 0 0 1986560
1654784 9890727 9890287 12781626 0 0 2048000
925696 9937389 9937137 12841950 0 0 1302528
1019904 9978375 9978099 12894684 0 0 1306624
1146880 10019823 10019649 12948243 0 0 1249280
1724416 10067805 10067431 13010085 0 0 1949696
1028096 10114533 10114303 13070310 0 0 1302528
1245184 10154628 10154368 13121955 0 0 1310720
913408 10200333 10200142 13181091 0 0 1302528
1134592 10242540 10242259 13235475 0 0 1302528
1060864 10284648 10284391 13289793 0 0 1257472
1146880 10328670 10328417 13346487 0 0 1298432
1093632 10372956 10372690 13403544 0 0 1310720
1806336 10416318 10415894 13459545 0 0 2035712
1105920 10460571 10460370 13516668 0 0 1298432
1769472 10507629 10507248 13577223 0 0 2039808
962560 10557096 10556894 13641111 0 0 1310720
1675264 10602042 10601622 13699026 0 0 1957888
1032192 10649331 10649101 13760109 0 0 1306624
1232896 10681473 10681255 13801854 0 0 1257472
1036288 10724010 10723710 13856403 0 0 1261568
1179648 10771563 10771304 13917717 0 0 1310720
1716224 10815222 10814774 13973916 0 0 1896448
1294336 10856142 10855923 14026584 0 0 1302528
1163264 10900989 10900815 14084334 0 0 1298432
1093632 10943196 10942902 14138553 0 0 1302528
1290240 10985271 10985012 14192805 0 0 1286144
1118208 11028006 11027768 14247816 0 0 1261568
954368 11073579 11073370 14306523 0 0 1085440
1077248 11116578 11116317 14361765 0 0 1310720
1228800 11157498 11157225 14414400 0 0 1257472
1163264 11203665 11203389 14473734 0 0 1302528
1003520 11245773 11245519 14528019 0 0 1261568
925696 11287023 11286722 14581017 0 0 1302528
1114112 11334939 11334690 14642694 0 0 1257472
1142784 11377179 11376939 14697177 0 0 1327104
1724416 11418033 11417627 14749581 0 0 2031616
1564672 11464695 11464292 14809674 0 0 1650688
774144 11507463 11507294 14864685 0 0 872448
909312 11550561 11550351 14920092 0 0 1298432
1048576 11598510 11598295 14981802 0 0 1302528
1146880 11640717 11640430 15036054 0 0 1302528
1744896 11684640 11684213 15092616 0 0 2039808
1179648 11728926 11728640 15149574 0 0 1302528
1155072 11775159 11774944 15209139 0 0 1290240
1044480 11816871 11816670 15262731 0 0 1302528
1253376 11857857 11857590 15315333 0 0 1306624
1232896 11902341 11902095 15372753 0 0 1302528
819200 11944680 11944438 15427269 0 0 1261568
1323008 11985468 11985193 15479640 0 0 1298432
1220608 12032493 12032217 15540195 0 0 1302528
1171456 12073710 12073483 15593193 0 0 1302528
1228800 12113739 12113521 15644673 0 0 1302528
1228800 12159840 12159602 15704040 0 0 1306624
1179648 12192873 12192669 15746874 0 0 1306624
1691648 12236400 12235950 15803106 0 0 1949696
1183744 12282633 12282405 15862836 0 0 1306624
1937408 12324642 12324211 15917121 0 0 1994752
1425408 12366321 12366087 15970911 0 0 1302528
1093632 12409188 12408970 16026318 0 0 1257472
1224704 12453573 12453363 16083738 0 0 1306624
1015808 12496209 12495988 16138683 0 0 1302528
1175552 12536106 12535857 16190196 0 0 1302528
1667072 12584880 12584430 16253028 0 0 1896448
1802240 12625074 12624642 16304970 0 0 2043904
1155072 12664971 12664798 16356549 0 0 1138688
1359872 12714042 12713795 16419579 0 0 1302528
925696 12754533 12754365 16472016 0 0 1032192
1265664 12794661 12794439 16523760 0 0 1257472
1187840 12841587 12841360 16584282 0 0 1310720
1150976 12883002 12882751 16637709 0 0 1302528
1282048 12923823 12923537 16690344 0 0 1306624
1912832 12971310 12970867 16751691 0 0 2056192
1056768 13010580 13010370 16802313 0 0 1298432
1146880 13050477 13050255 16853760 0 0 1302528
1236992 13093773 13093490 16909662 0 0 1306624
1044480 13135815 13135521 16963815 0 0 1257472
1630208 13176867 13176434 17016879 0 0 2043904
1306624 13217721 13217428 17069547 0 0 1253376
1249280 13264647 13264366 17130036 0 0 1306624
1302528 13307250 13306976 17185047 0 0 1306624
1150976 13349028 13348725 17238936 0 0 1261568
1077248 13395558 13395343 17299062 0 0 1306624
1187840 13438227 13437924 17354073 0 0 1261568
1921024 13479015 13478576 17406675 0 0 1994752
1159168 13524390 13524136 17465283 0 0 1261568
1048576 13566465 13566240 17519634 0 0 1036288
1806336 13608441 13607975 17573655 0 0 1998848
1126400 13654443 13654214 17632989 0 0 1306624
1134592 13693746 13693529 17683743 0 0 1306624
1110016 13727010 13726797 17727072 0 0 1257472
733184 13772517 13772368 17785812 0 0 929792
966656 13817463 13817178 17843892 0 0 1085440
1556480 13859340 13859006 17897913 0 0 1646592
1204224 13900623 13900332 17951241 0 0 1257472
1269760 13947021 13946777 18011169 0 0 1306624
983040 13988766 13988546 18065058 0 0 1302528
1216512 14029587 14029417 18117759 0 0 1306624
1126400 14077173 14076935 18179139 0 0 1310720
1916928 14118621 14118181 18232599 0 0 1994752
860160 14159838 14159585 18285762 0 0 1085440
1175552 14206698 14206412 18346185 0 0 1302528
1339392 14247849 14247610 18399183 0 0 1310720
1269760 14288340 14288114 18451521 0 0 1249280
1335296 14335926 14335675 18512736 0 0 1306624
1003520 14377044 14376814 18565833 0 0 1257472
1097728 14418525 14418179 18619194 0 0 1261568
933888 14462382 14462225 18675756 0 0 925696
1552384 14505909 14505460 18731889 0 0 1667072
966656 14548281 14548118 18786603 0 0 1310720
1417216 14592204 14591966 18843132 0 0 1261568
1105920 14637909 14637679 18902103 0 0 1306624
1269760 14680248 14680048 18956718 0 0 1261568
1843200 14721729 14721294 19010178 0 0 1994752
782336 14769546 14769369 19071888 0 0 925696
2105344 14811324 14810856 19125777 0 0 1957888
1093632 14852739 14852499 19179204 0 0 1257472
1228800 14899665 14899440 19239627 0 0 1249280
831488 14942763 14942514 19295199 0 0 1073152
1130496 14984376 14984117 19348890 0 0 1310720
1277952 15031005 15030788 19409049 0 0 1314816
790528 15073773 15073559 19464159 0 0 1089536
1757184 15114231 15113797 19516332 0 0 2043904
1339392 15159309 15159026 19574478 0 0 1257472
1155072 15203463 15203276 19631436 0 0 1261568
1159168 15237453 15237153 19675557 0 0 1306624
1105920 15280815 15280539 19731525 0 0 1302528
1159168 15326091 15325832 19789968 0 0 1150976
1404928 15367143 15366742 19842999 0 0 2035712
1232896 15409020 15408736 19896954 0 0 1302528
2080768 15455418 15454958 19956849 0 0 2002944
1253376 15496965 15496717 20010441 0 0 1277952
1130496 15537522 15537312 20062845 0 0 1306624
1134592 15585174 15584860 20124126 0 0 1310720
1851392 15626952 15626505 20177982 0 0 1945600
1646592 15667476 15667045 20230221 0 0 2031616
1822720 15715392 15714957 20291964 0 0 2035712
1667072 15756246 15755848 20344599 0 0 1945600
1130496 15796869 15796587 20396805 0 0 1298432
1187840 15842310 15842057 20455380 0 0 1310720
1101824 15885936 15885648 20511579 0 0 1257472
1830912 15927384 15926965 20565006 0 0 1949696
999424 15969492 15969277 20619258 0 0 1257472
1019904 16013745 16013479 20676249 0 0 1286144
1220608 16054896 16054673 20729247 0 0 1298432
1200128 16095486 16095247 20781585 0 0 1306624
1208320 16143435 16143160 20843229 0 0 1302528
745472 16183695 16183561 20895171 0 0 950272
1024000 16225770 16225511 20949324 0 0 1298432
1024000 16273785 16273511 21011232 0 0 1204224
1265664 16314573 16314305 21063702 0 0 1306624
1028096 16353942 16353700 21114357 0 0 1306624
1093632 16403376 16403106 21178047 0 0 1306624
1957888 16447299 16446815 21234576 0 0 1994752
1241088 16489407 16489117 21288861 0 0 1306624
1748992 16535739 16535326 21348657 0 0 2048000
1826816 16577187 16576791 21402051 0 0 2035712
999424 16617216 16616937 21453531 0 0 1302528
1163264 16660479 16660252 21509334 0 0 1302528
1122304 16705656 16705428 21567447 0 0 1257472
1871872 16747995 16747595 21622029 0 0 2019328
1232896 16781556 16781288 21665457 0 0 1298432
1286144 16827459 16827251 21724494 0 0 1298432
1777664 16870095 16869680 21779274 0 0 1949696
991232 16912797 16912613 21834153 0 0 1085440
1114112 16960581 16960312 21895467 0 0 1257472
987136 17001963 17001686 21948597 0 0 1302528
970752 17045787 17045571 22004994 0 0 1261568
1064960 17092350 17092120 22064856 0 0 1257472
942080 17134722 17134400 22119174 0 0 1261568
1769472 17176005 17175600 22172403 0 0 1994752
1040384 17222601 17222336 22232298 0 0 1306624
1245184 17266062 17265864 22288266 0 0 1298432
851968 17307741 17307540 22341825 0 0 1298432
1036288 17351235 17351006 22397793 0 0 1302528
1490944 17396280 17395852 22455609 0 0 2007040
1093632 17438883 17438661 22510389 0 0 1298432
1003520 17479638 17479337 22562859 0 0 1302528
1110016 17525640 17525356 22621896 0 0 1302528
1110016 17567286 17567053 22675488 0 0 1306624
966656 17610186 17609903 22730664 0 0 1257472
1036288 17655528 17655260 22788942 0 0 1298432
1617920 17697438 17697032 22842864 0 0 2052096
1748992 17738820 17738417 22896060 0 0 1994752
921600 17786307 17786050 22957110 0 0 1314816
962560 17827062 17826815 23009547 0 0 1298432
1581056 17868114 17867709 23062314 0 0 1937408
974848 17915007 17914807 23122539 0 0 1302528
1089536 17958237 17957977 23178144 0 0 1306624
1007616 18001104 18000846 23233254 0 0 1286144
827392 18045324 18045104 23290245 0 0 1200128
946176 18089148 18088937 23346576 0 0 1286144
1716224 18132543 18132100 23402247 0 0 2060288
1044480 18175179 18174949 23457060 0 0 1257472
1785856 18222930 18222518 23518473 0 0 1998848
1073152 18263421 18263126 23570547 0 0 1306624
1052672 18296883 18296639 23613975 0 0 1298432
1114112 18345657 18345435 23676609 0 0 1261568
1892352 18389481 18389000 23732940 0 0 2002944
1847296 18432084 18431672 23787720 0 0 1998848
1773568 18479274 18478817 23848407 0 0 1945600
962560 18521943 18521667 23903187 0 0 1298432
1105920 18565767 18565481 23959419 0 0 1306624
1044480 18612924 18612689 24020139 0 0 1302528
839680 18654999 18654735 24074292 0 0 1089536
913408 18695985 18695792 24127026 0 0 1048576
1101824 18740304 18740001 24183951 0 0 1302528
974848 18785547 18785355 24242295 0 0 1306624
1200128 18829635 18829433 24299022 0 0 1261568
1093632 18874086 18873824 24356145 0 0 1302528
970752 18920583 18920322 24416040 0 0 1306624
929792 18962262 18961965 24469632 0 0 1306624
1028096 19004799 19004557 24524313 0 0 1302528
1515520 19053111 19052713 24586584 0 0 2048000
1093632 19096638 19096384 24642585 0 0 1302528
1073152 19139175 19138940 24697332 0 0 1310720
1019904 19185705 19185507 24757227 0 0 1302528
1101824 19227384 19227135 24810786 0 0 1306624
1110016 19269921 19269662 24865500 0 0 1302528
1163264 19317969 19317702 24927375 0 0 1306624
950272 19358724 19358483 24979845 0 0 1306624
1232896 19400634 19400407 25033767 0 0 1306624
1200128 19455117 19454924 25103892 0 0 1257472
1265664 19499205 19498889 25160586 0 0 1257472
1032192 19542072 19541793 25215762 0 0 1306624
1064960 19584345 19584105 25270080 0 0 1302528
1728512 19630875 19630419 25329975 0 0 2039808
1695744 19672818 19672338 25383897 0 0 1998848
1982464 19712847 19712401 25435476 0 0 1945600
1654784 19759410 19758962 25495371 0 0 1990656
966656 19806567 19806304 25556058 0 0 1204224
1691648 19839369 19838946 25598595 0 0 1994752
991232 19885866 19885582 25658391 0 0 1302528
1196032 19927149 19926861 25711389 0 0 1302528
1986560 19968663 19968264 25764849 0 0 2052096
1187840 20016084 20015843 25825734 0 0 1306624
1224704 20060700 20060479 25883088 0 0 1306624
1282048 20101422 20101137 25935360 0 0 1310720
1032192 20145444 20145126 25991922 0 0 1298432
1093632 20190951 20190711 26050497 0 0 1257472
1875968 20233356 20232988 26105112 0 0 1990656
1110016 20275200 20275011 26158968 0 0 1306624
1085440 20320476 20320241 26217147 0 0 1257472
1134592 20361726 20361485 26270145 0 0 1245184
970752 20404527 20404276 26325156 0 0 1257472
1335296 20451882 20451632 26386074 0 0 1310720
1605632 20493132 20492728 26439072 0 0 1990656
1064960 20535900 20535684 26494116 0 0 1302528
1732608 20584509 20584057 26556618 0 0 1990656
1830912 20626056 20625608 26610045 0 0 1994752
1052672 20667372 20667125 26663274 0 0 1249280
925696 20714397 20714127 26723598 0 0 1306624
1007616 20755614 20755328 26776662 0 0 1306624
1089536 20797755 20797571 26830815 0 0 1306624
1101824 20844285 20844009 26890578 0 0 1064960
1236992 20887614 20887402 26946348 0 0 1314816
1703936 20928567 20928136 26999016 0 0 1990656
1089536 20970411 20970231 27052806 0 0 1306624
1847296 21015951 21015535 27111348 0 0 1949696
1024000 21057861 21057566 27165171 0 0 1257472
1032192 21099705 21099387 27219093 0 0 1302528
991232 21146268 21145994 27279021 0 0 1306624
1527808 21189234 21188757 27334164 0 0 1949696
1327104 21231111 21230830 27388020 0 0 1257472
1777664 21276585 21276117 27446529 0 0 1945600
1138688 21318165 21317900 27500022 0 0 1302528
1736704 21352749 21352311 27544869 0 0 1945600
1454080 21399048 21398752 27604764 0 0 1306624
1212416 21440496 21440176 27658389 0 0 1306624
831488 21482175 21481973 27712476 0 0 942080
1183744 21528111 21527893 27771843 0 0 1306624
1323008 21571044 21570779 27827349 0 0 1306624
1142784 21612492 21612265 27880908 0 0 1257472
1163264 21655689 21655457 27936909 0 0 1302528
1269760 21700734 21700519 27995187 0 0 1302528
1310720 21743073 21742822 28049835 0 0 1306624
1183744 21782937 21782658 28101513 0 0 1302528
1728512 21829170 21828761 28161342 0 0 2035712
1155072 21870552 21870318 28214934 0 0 1249280
1155072 21912891 21912671 28269681 0 0 1261568
1228800 21961335 21961120 28332447 0 0 1302528
1863680 22003047 22002574 28386402 0 0 1945600
1208320 22045782 22045455 28441743 0 0 1249280
1363968 22092543 22092246 28502199 0 0 1306624
802816 22134585 22134435 28556583 0 0 925696
1617920 22176858 22176429 28611330 0 0 1990656
1347584 22221639 22221350 28669245 0 0 1257472
1253376 22263285 22263063 28723233 0 0 1302528
1167360 22305954 22305706 28778310 0 0 1306624
929792 22348887 22348755 28833915 0 0 925696
1126400 22395516 22395288 28894107 0 0 1302528
1941504 22438119 22437656 28949283 0 0 2043904
1302528 22479204 22478974 29002479 0 0 1257472
1310720 22525206 22524975 29061978 0 0 1269760
1110016 22567182 22566981 29116296 0 0 1257472
1175552 22608630 22608333 29169921 0 0 1302528
1794048 22654896 22654520 29229717 0 0 1949696
1191936 22697268 22696966 29284563 0 0 1245184
864256 22738980 22738787 29338650 0 0 1089536
1994752 22786104 22785650 29399502 0 0 2035712
995328 22829070 22828778 29455107 0 0 1302528
1204224 22870749 22870521 29509062 0 0 1306624
