1179648 6237 5936 8349 0 0 1171456
1171456 62799 62620 81972 0 0 1220608
1187840 116721 116512 152097 0 0 1216512
962560 170610 170438 222222 0 0 1220608
1032192 224862 224600 292743 0 0 1175552
1241088 279048 278838 363264 0 0 1175552
1171456 332937 332697 433389 0 0 1216512
1191936 386529 386310 503052 0 0 1216512
1101824 440418 440224 573177 0 0 1216512
1409024 494340 494045 643269 0 0 1220608
1150976 548196 548002 713394 0 0 1220608
1081344 602151 601871 783486 0 0 1220608
1134592 655974 655796 853611 0 0 1220608
1110016 709599 709385 923373 0 0 1224704
1200128 763488 763223 993498 0 0 1216512
1028096 817377 817111 1063656 0 0 1187840
1073152 871266 871029 1133715 0 0 1216512
1310720 925188 924927 1203906 0 0 1216512
1044480 979044 978859 1273998 0 0 1224704
1245184 1032636 1032419 1343727 0 0 1220608
1007616 1086822 1086625 1414215 0 0 1175552
1232896 1140711 1140502 1484373 0 0 1171456
1052672 1194930 1194718 1554828 0 0 1216512
1134592 1249149 1248869 1625316 0 0 1171456
1081344 1303038 1302782 1695441 0 0 1216512
1024000 1356927 1356673 1765599 0 0 1175552
1163264 1410849 1410592 1835691 0 0 1220608
1884160 1465002 1464560 1906278 0 0 1888256
897024 1514700 1514539 1971090 0 0 921600
1294336 1562286 1562050 2032932 0 0 1306624
1282048 1616142 1615877 2102826 0 0 1310720
1110016 1670361 1670137 2173149 0 0 1261568
1171456 1724547 1724309 2243439 0 0 1257472
1265664 1778502 1778220 2313366 0 0 1310720
1015808 1832424 1832161 2383194 0 0 1302528
1183744 1886346 1886106 2452923 0 0 1310720
1277952 1940631 1940375 2523048 0 0 1302528
1138688 1994883 1994628 2593173 0 0 1306624
1052672 2049102 2048873 2663298 0 0 1302528
1323008 2103090 2102808 2733060 0 0 1306624
1142784 2157606 2157357 2803548 0 0 1257472
1167360 2211858 2211602 2873640 0 0 1261568
1163264 2265780 2265572 2943369 0 0 1310720
1228800 2320065 2319795 3013494 0 0 1306624
1015808 2374020 2373753 3083256 0 0 1261568
974848 2428272 2427974 3153315 0 0 1261568
1343488 2482194 2481950 3223110 0 0 1261568
1175552 2536413 2536215 3293202 0 0 1257472
1200128 2590698 2590435 3363294 0 0 1298432
1179648 2645247 2644987 3433848 0 0 1277952
1269760 2699532 2699297 3503973 0 0 1306624
1290240 2753487 2753189 3573636 0 0 1261568
1220608 2808267 2807995 3644553 0 0 1306624
1200128 2862255 2861995 3714249 0 0 1302528
1785856 2916507 2916123 3784374 0 0 1945600
978944 2970792 2970564 3854466 0 0 1306624
991232 3025077 3024752 3924690 0 0 1302528
1056768 3068439 3068123 3981153 0 0 1261568
1196032 3122361 3122108 4051047 0 0 1302528
1134592 3176646 3176394 4121337 0 0 1257472
1146880 3230931 3230673 4191693 0 0 1302528
1155072 3285513 3285263 4262379 0 0 1302528
1056768 3339699 3339472 4332669 0 0 1257472
1093632 3394017 3393790 4402794 0 0 1261568
1216512 3447906 3447698 4472523 0 0 1261568
1187840 3501828 3501624 4542318 0 0 1306624
1155072 3556377 3556165 4612806 0 0 1306624
1155072 3610233 3610057 4682535 0 0 1257472
1093632 3664518 3664327 4752660 0 0 1257472
1167360 3718770 3718492 4822851 0 0 1302528
1155072 3772659 3772394 4892514 0 0 1310720
1245184 3827208 3826991 4963002 0 0 1302528
1556480 3881427 3880990 5033094 0 0 2043904
1126400 3935679 3935408 5103252 0 0 1302528
1273856 3989898 3989660 5173377 0 0 1257472
929792 4044150 4043904 5243469 0 0 1302528
1007616 4098336 4098128 5313693 0 0 1257472
1093632 4152588 4152316 5383785 0 0 1257472
1097728 4206840 4206541 5453976 0 0 1302528
1376256 4260696 4260391 5523672 0 0 1306624
1122304 4314981 4314707 5593797 0 0 1261568
1265664 4369134 4368922 5663889 0 0 1257472
1241088 4423122 4422829 5733684 0 0 1257472
1196032 4477275 4477081 5803776 0 0 1306624
1228800 4531527 4531307 5873901 0 0 1306624
1351680 4574922 4574602 5930298 0 0 1306624
1314816 4629141 4628907 6000588 0 0 1261568
1359872 4683327 4683098 6070911 0 0 1302528
1171456 4737579 4737342 6141201 0 0 1302528
1200128 4791633 4791382 6211392 0 0 1433600
1200128 4845786 4845469 6281385 0 0 1302528
999424 4899972 4899713 6351708 0 0 1257472
1241088 4954092 4953919 6421998 0 0 1298432
1150976 5008608 5008374 6492684 0 0 1261568
954368 5062530 5062297 6562611 0 0 1298432
1134592 5116683 5116492 6632901 0 0 1261568
1282048 5170671 5170338 6702795 0 0 1261568
1200128 5224824 5224562 6773118 0 0 1257472
1118208 5278680 5278459 6843012 0 0 1306624
1253376 5333196 5332909 6913731 0 0 1302528
1191936 5387382 5387171 6984054 0 0 1306624
1224704 5441601 5441346 7054311 0 0 1302528
1323008 5495490 5495229 7124205 0 0 1302528
1261568 5549676 5549384 7194561 0 0 1257472
1110016 5604159 5603874 7265214 0 0 1261568
1273856 5658675 5658423 7335900 0 0 1310720
1093632 5712828 5712567 7406190 0 0 1302528
1122304 5768499 5768254 7478493 0 0 1302528
1208320 5822751 5822508 7548849 0 0 1306624
1236992 5876706 5876394 7618710 0 0 1306624
1605632 5930826 5930544 7689000 0 0 1306624
991232 5985309 5985113 7759686 0 0 1298432
1150976 6039165 6038961 7829580 0 0 1261568
1105920 6084639 6084402 7888650 0 0 991232
1130496 6136152 6135898 7955640 0 0 1257472
1347584 6190371 6190083 8025996 0 0 1257472
1089536 6244557 6244347 8096286 0 0 1261568
1228800 6298512 6298192 8166180 0 0 1261568
1269760 6352665 6352423 8236470 0 0 1302528
1175552 6406884 6406540 8306793 0 0 1261568
1302528 6460608 6460380 8376654 0 0 1265664
1122304 6514695 6514453 8446911 0 0 1302528
946176 6568749 6568534 8517234 0 0 1261568
1368064 6622869 6622651 8587557 0 0 1265664
1363968 6676956 6676675 8657847 0 0 1261568
1331200 6731109 6730805 8728104 0 0 1261568
1302528 6784833 6784589 8798031 0 0 1302528
1118208 6838986 6838722 8868387 0 0 1257472
1110016 6892710 6892515 8938248 0 0 1298432
1269760 6946500 6946259 9008175 0 0 1306624
1720320 7000851 7000451 9078861 0 0 1994752
1310720 7055037 7054753 9149184 0 0 1257472
1236992 7109091 7108852 9219441 0 0 1306624
1228800 7163508 7163213 9290094 0 0 1261568
1110016 7217628 7217297 9360450 0 0 1261568
1097728 7272276 7272076 9431499 0 0 1257472
1978368 7326693 7326212 9502218 0 0 2048000
1236992 7380780 7380540 9572508 0 0 1261568
1826816 7434834 7434364 9642765 0 0 1949696
1167360 7488657 7488458 9712659 0 0 1302528
1277952 7543668 7543424 9784137 0 0 1306624
1318912 7597524 7597210 9854064 0 0 1306624
1216512 7640919 7640687 9910494 0 0 1257472
1060864 7695336 7695096 9980619 0 0 1257472
1200128 7749423 7749182 10050315 0 0 1302528
1220608 7803543 7803277 10120044 0 0 1261568
1048576 7857894 7857694 10190136 0 0 1310720
1007616 7912344 7912040 10260228 0 0 1306624
978944 7966464 7966178 10329957 0 0 1306624
1069056 8020782 8020574 10400049 0 0 1302528
1048576 8074902 8074682 10469778 0 0 1253376
1232896 8129319 8129051 10539903 0 0 1310720
1241088 8183736 8183495 10610061 0 0 1257472
1150976 8237823 8237590 10679790 0 0 1286144
1171456 8292504 8292206 10750311 0 0 1261568
1142784 8346888 8346694 10820436 0 0 1302528
1187840 8401008 8400779 10890132 0 0 1298432
1191936 8455359 8455187 10960290 0 0 1310720
1179648 8509842 8509507 11030382 0 0 1306624
1126400 8564457 8564255 11100903 0 0 1306624
962560 8618874 8618635 11171028 0 0 1306624
1122304 8672961 8672730 11240790 0 0 1257472
1200128 8727345 8727078 11310882 0 0 1310720
1638400 8781696 8781302 11381007 0 0 1945600
1040384 8835882 8835601 11450736 0 0 1261568
1101824 8889903 8889741 11520498 0 0 1306624
1085440 8944023 8943775 11590227 0 0 1310720
1085440 8998407 8998114 11660253 0 0 1208320
929792 9052494 9052287 11729982 0 0 1302528
692224 9106878 9106653 11800140 0 0 925696
1110016 9150702 9150418 11856966 0 0 1257472
1265664 9205053 9204811 11927289 0 0 1290240
958464 9259041 9258877 11997216 0 0 1298432
1007616 9313755 9313534 12067902 0 0 1261568
1126400 9367842 9367604 12137862 0 0 1204224
1110016 9422193 9421970 12208119 0 0 1257472
999424 9476313 9476064 12278046 0 0 1302528
1236992 9530334 9530100 12347973 0 0 1302528
958464 9584718 9584426 12418296 0 0 1306624
1273856 9638772 9638510 12488190 0 0 1306624
1089536 9693156 9692929 12558513 0 0 1306624
1052672 9747540 9747312 12628836 0 0 1302528
1191936 9801561 9801363 12698763 0 0 1261568
1208320 9855945 9855673 12769053 0 0 1302528
974848 9910362 9910093 12839343 0 0 1306624
1130496 9964713 9964442 12909732 0 0 1310720
1044480 10019064 10018877 12979956 0 0 1306624
1183744 10073745 10073509 13050675 0 0 1306624
1208320 10127832 10127496 13120536 0 0 1302528
1069056 10182183 10181903 13190859 0 0 1306624
1142784 10236633 10236374 13261347 0 0 1249280
1232896 10290852 10290661 13331406 0 0 1302528
1093632 10345302 10345008 13401762 0 0 1261568
839680 10399653 10399390 13472019 0 0 1302528
1101824 10453707 10453475 13541946 0 0 1306624
1208320 10508421 10508177 13612632 0 0 1306624
1150976 10562475 10562260 13682526 0 0 1261568
1093632 10616859 10616625 13752849 0 0 1261568
856064 10660254 10660099 13809114 0 0 1003520
1130496 10714704 10714374 13879404 0 0 1224704
1736704 10769550 10769179 13950354 0 0 1994752
1327104 10823571 10823419 14020083 0 0 1257472
1150976 10878219 10877998 14090604 0 0 1261568
1150976 10932339 10932047 14160267 0 0 1302528
1200128 10986360 10986073 14230062 0 0 1298432
1060864 11040678 11040463 14300121 0 0 1261568
1081344 11095392 11095144 14370609 0 0 1302528
1224704 11149743 11149503 14440800 0 0 1298432
1081344 11204358 11204207 14511288 0 0 1298432
1110016 11258511 11258237 14581017 0 0 1306624
1630208 11312796 11312374 14651175 0 0 1949696
1138688 11366586 11366302 14720508 0 0 1306624
1724416 11420937 11420490 14790501 0 0 2007040
1163264 11475288 11475077 14860626 0 0 1298432
1126400 11529639 11529400 14930883 0 0 1257472
1204224 11583759 11583421 15000546 0 0 1306624
1261568 11638044 11637805 15070671 0 0 1306624
1003520 11692461 11692144 15140796 0 0 1261568
1118208 11746812 11746529 15210921 0 0 1261568
1179648 11800833 11800582 15280617 0 0 1310720
1036288 11854920 11854637 15350412 0 0 1310720
1171456 11909601 11909291 15420900 0 0 1208320
1064960 11963589 11963404 15490629 0 0 1310720
1245184 12018303 12018068 15561150 0 0 1306624
929792 12073017 12072692 15631704 0 0 1302528
962560 12127335 12127056 15701763 0 0 1253376
1060864 12181686 12181405 15771855 0 0 1257472
1277952 12224982 12224723 15828252 0 0 1257472
1204224 12278805 12278575 15897981 0 0 1310720
1273856 12332958 12332709 15968106 0 0 1257472
1122304 12387111 12386866 16038198 0 0 1261568
1085440 12441561 12441356 16108653 0 0 1216512
1200128 12495417 12495197 16178448 0 0 1298432
1220608 12549339 12549120 16248177 0 0 1302528
1163264 12603228 12602973 16317840 0 0 1306624
1306624 12657447 12657217 16387932 0 0 1306624
1826816 12711666 12711227 16458024 0 0 1994752
1212416 12765588 12765339 16527786 0 0 1257472
1290240 12819807 12819570 16597911 0 0 1302528
1114112 12873663 12873441 16667640 0 0 1306624
1110016 12927849 12927621 16737699 0 0 1298432
1146880 12982068 12981845 16807857 0 0 1310720
1298432 13036023 13035736 16877553 0 0 1257472
1232896 13090242 13090001 16947678 0 0 1302528
1114112 13144428 13144151 17017803 0 0 1298432
1200128 13198614 13198410 17087862 0 0 1261568
1064960 13252866 13252600 17157987 0 0 1306624
1167360 13306458 13306198 17227353 0 0 1298432
1212416 13360776 13360484 17297511 0 0 1257472
1167360 13414632 13414376 17367240 0 0 1302528
1179648 13468818 13468607 17437398 0 0 1306624
1187840 13523004 13522725 17507457 0 0 1257472
1241088 13577190 13577004 17577615 0 0 1306624
1224704 13631442 13631180 17647740 0 0 1306624
1142784 13685661 13685352 17717931 0 0 1306624
1269760 13729056 13728741 17774394 0 0 1310720
892928 13783341 13783140 17844651 0 0 925696
999424 13837527 13837325 17914941 0 0 1302528
1232896 13892175 13891857 17985594 0 0 1302528
1150976 13946790 13946541 18056313 0 0 1306624
1290240 14001075 14000844 18126570 0 0 1306624
1191936 14055987 14055713 18197619 0 0 1306624
1331200 14110140 14109919 18267645 0 0 1257472
1134592 14164425 14164188 18337836 0 0 1302528
1863680 14218347 14217909 18407499 0 0 1986560
1191936 14272566 14272409 18477591 0 0 1257472
1114112 14326851 14326562 18547749 0 0 1257472
1138688 14381070 14380831 18617841 0 0 1302528
1355776 14434992 14434729 18687570 0 0 1306624
983040 14489277 14489011 18757695 0 0 1257472
1228800 14543793 14543527 18828216 0 0 1306624
917504 14598012 14597784 18898308 0 0 1257472
1155072 14652297 14652049 18968367 0 0 1302528
1232896 14706516 14706236 19038525 0 0 1306624
1175552 14760768 14760519 19108617 0 0 1302528
1241088 14814624 14814386 19178346 0 0 1257472
1204224 14868909 14868655 19248471 0 0 1298432
1134592 14923458 14923254 19318992 0 0 1257472
1236992 14977347 14977159 19388655 0 0 1306624
1843200 15031665 15031246 19458780 0 0 2039808
1134592 15085587 15085357 19528509 0 0 1298432
1118208 15139542 15139236 19598172 0 0 1306624
1265664 15194091 15193770 19668726 0 0 1306624
884736 15237717 15237487 19725552 0 0 1302528
1241088 15292035 15291835 19795842 0 0 1310720
1077248 15346749 15346474 19866528 0 0 1257472
1044480 15401100 15400846 19936818 0 0 1306624
1871872 15455715 15455368 20007438 0 0 2052096
1024000 15510198 15509961 20078025 0 0 1257472
1212416 15564417 15564154 20148018 0 0 1310720
1069056 15619032 15618777 20218539 0 0 1261568
1187840 15672987 15672800 20288334 0 0 1261568
1142784 15728856 15728617 20360307 0 0 1302528
1224704 15783504 15783265 20430828 0 0 1257472
962560 15837789 15837484 20501019 0 0 1298432
1261568 15892074 15891825 20571144 0 0 1306624
1200128 15946029 15945816 20640840 0 0 1302528
1052672 16000380 16000059 20710965 0 0 1306624
1073152 16054995 16054688 20781453 0 0 1261568
1269760 16109577 16109377 20852007 0 0 1302528
1159168 16163829 16163635 20922099 0 0 1261568
1236992 16218180 16217920 20992224 0 0 1261568
1110016 16272498 16272199 21062415 0 0 1302528
1167360 16326783 16326478 21132540 0 0 1306624
1142784 16381101 16380843 21202599 0 0 1302528
1232896 16435353 16435117 21272625 0 0 1298432
1093632 16489638 16489433 21342816 0 0 1298432
1208320 16543956 16543724 21412974 0 0 1306624
1036288 16598241 16598052 21483033 0 0 1302528
1052672 16652559 16652353 21553125 0 0 1302528
1269760 16706877 16706623 21623184 0 0 1310720
1110016 16759380 16759179 21691197 0 0 1003520
1003520 16804887 16804559 21749937 0 0 1257472
1204224 16860921 16860710 21822207 0 0 1306624
1142784 16915800 16915595 21892959 0 0 1306624
1044480 16970151 16969869 21962853 0 0 1302528
1105920 17024667 17024454 22033110 0 0 1306624
1101824 17078952 17078684 22103103 0 0 1257472
1130496 17133798 17133571 22173723 0 0 1306624
1007616 17188083 17187822 22243617 0 0 1306624
987136 17242599 17242350 22313940 0 0 1302528
1069056 17297115 17296874 22384197 0 0 1310720
999424 17351697 17351428 22454520 0 0 1306624
962560 17405883 17405625 22524447 0 0 1306624
1097728 17460432 17460228 22594770 0 0 1261568
1208320 17515014 17514748 22665027 0 0 1257472
1003520 17569530 17569296 22735350 0 0 1302528
970752 17623782 17623502 22805211 0 0 1261568
1155072 17678298 17678015 22875534 0 0 1257472
1101824 17732814 17732606 22945791 0 0 1261568
1220608 17787099 17786828 23015718 0 0 1298432
1011712 17841648 17841367 23086074 0 0 1306624
1306624 17896164 17895912 23156331 0 0 1306624
909312 17950416 17950166 23226291 0 0 1261568
1036288 18004932 18004717 23296581 0 0 1306624
1323008 18059481 18059231 23366904 0 0 1302528
577536 18113799 18113597 23436897 0 0 1085440
892928 18168282 18167996 23507121 0 0 1302528
1056768 18222798 18222577 23577378 0 0 1306624
1286144 18277677 18277451 23648031 0 0 1302528
1093632 18320973 18320756 23704197 0 0 1261568
1892352 18375819 18375379 23774883 0 0 1945600
1863680 18430434 18430024 23845239 0 0 1945600
1097728 18485016 18484714 23915430 0 0 1261568
1167360 18539532 18539299 23985753 0 0 1294336
1040384 18594081 18593849 24056010 0 0 1306624
978944 18648300 18648019 24125904 0 0 1294336
1064960 18702486 18702235 24195831 0 0 1306624
1146880 18756936 18756750 24266055 0 0 1294336
1052672 18811155 18810885 24335982 0 0 1306624
856064 18865671 18865367 24406305 0 0 1306624
1126400 18919857 18919567 24476199 0 0 1310720
1007616 18974307 18974125 24546489 0 0 1306624
929792 19028790 19028604 24616779 0 0 1306624
1064960 19083306 19083060 24687069 0 0 1290240
1187840 19137822 19137597 24757359 0 0 1257472
1167360 19192305 19192085 24827682 0 0 1257472
860160 19246821 19246578 24897939 0 0 1257472
811008 19301304 19301033 24968262 0 0 1306624
1216512 19355193 19354944 25037727 0 0 1261568
1208320 19409643 19409419 25108083 0 0 1306624
819200 19464159 19463893 25178340 0 0 1298432
1208320 19518642 19518404 25248663 0 0 1298432
1290240 19573092 19572839 25318920 0 0 1306624
1048576 19627905 19627638 25389573 0 0 1306624
1011712 19682718 19682499 25460358 0 0 1310720
1138688 19736937 19736660 25530252 0 0 1257472
1089536 19791387 19791163 25600542 0 0 1302528
1159168 19834947 19834743 25657071 0 0 1306624
1200128 19889397 19889133 25727130 0 0 1302528
921600 19943748 19943487 25797255 0 0 1257472
1150976 19997835 19997639 25866951 0 0 1253376
1351680 20052549 20052335 25937472 0 0 1306624
1036288 20106669 20106409 26007201 0 0 1257472
1372160 20160921 20160685 26077227 0 0 1548288
1097728 20215140 20214914 26147022 0 0 1302528
884736 20269227 20269004 26216751 0 0 1298432
1093632 20323611 20323407 26286810 0 0 1306624
1130496 20377764 20377462 26356605 0 0 1257472
1069056 20432115 20431883 26426730 0 0 1306624
1310720 20486532 20486282 26496855 0 0 1310720
1167360 20541180 20540972 26567376 0 0 1298432
1093632 20595333 20595024 26637105 0 0 1306624
1146880 20649651 20649387 26707197 0 0 1245184
1789952 20703771 20703355 26776926 0 0 1978368
1208320 20757891 20757664 26846688 0 0 1261568
1122304 20812539 20812313 26917209 0 0 1261568
1142784 20866593 20866394 26986905 0 0 1302528
1032192 20921043 20920772 27057030 0 0 1306624
1236992 20975493 20975161 27127155 0 0 1306624
1093632 21029514 21029292 27196917 0 0 1302528
1028096 21083898 21083669 27267042 0 0 1261568
929792 21137985 21137689 27336771 0 0 1261568
1101824 21192402 21192148 27406896 0 0 1204224
1220608 21246456 21246272 27476625 0 0 1302528
1036288 21300840 21300630 27546684 0 0 1306624
860160 21351000 21350877 27611595 0 0 991232
1396736 21398223 21398026 27673074 0 0 1290240
1159168 21452145 21451872 27742968 0 0 1294336
1282048 21506694 21506409 27813555 0 0 1294336
1261568 21560583 21560328 27883482 0 0 1257472
1212416 21614802 21614535 27953838 0 0 1257472
1077248 21668658 21668411 28023699 0 0 1257472
1269760 21722844 21722586 28093989 0 0 1302528
1138688 21777327 21777123 28164708 0 0 1302528
950272 21831315 21830952 28234569 0 0 1302528
1146880 21885435 21885211 28304859 0 0 1257472
1314816 21939951 21939707 28375611 0 0 1306624
1187840 21993840 21993558 28445439 0 0 1306624
1249280 22048323 22048018 28516125 0 0 1302528
1286144 22102542 22102287 28586448 0 0 1306624
1159168 22156398 22156161 28656342 0 0 1302528
1204224 22210584 22210350 28726632 0 0 1302528
1077248 22264440 22264196 28796559 0 0 1302528
1114112 22318692 22318413 28866816 0 0 1310720
1212416 22372581 22372298 28936776 0 0 1306624
1310720 22426833 22426555 29007000 0 0 1261568
1658880 22480953 22480525 29077323 0 0 1949696
1179648 22534908 22534628 29147184 0 0 1306624
1241088 22589028 22588824 29217573 0 0 1306624
1847296 22643214 22642830 29287830 0 0 1949696
1077248 22697466 22697170 29358120 0 0 1302528
1130496 22751289 22751066 29428014 0 0 1306624
1085440 22805838 22805513 29498733 0 0 1306624
1200128 22859694 22859445 29568660 0 0 1306624
