1830912 4422 3959 5940 0 0 1966080
1114112 41613 41419 54318 0 0 1212416
1921024 73722 73344 95931 0 0 1961984
1798144 108273 107839 140712 0 0 1945600
860160 146454 146289 190377 0 0 1040384
1171456 177045 176710 229911 0 0 1171456
1044480 209649 209435 272349 0 0 1167360
1847296 248391 248026 322641 0 0 1921024
1724416 281721 281311 365805 0 0 1875968
1720320 312873 312485 406296 0 0 1949696
1884160 351945 351535 456951 0 0 1949696
1253376 382536 382272 496749 0 0 1216512
1773568 414018 413594 537570 0 0 1904640
1781760 450945 450527 585519 0 0 1900544
1978368 481866 481435 625581 0 0 1961984
1740800 513315 512891 666435 0 0 1863680
1740800 549054 548623 712800 0 0 1884160
802816 583011 582827 757020 0 0 1044480
1662976 615912 615506 799623 0 0 1851392
1191936 648021 647790 841335 0 0 1118208
1122304 684354 684149 888459 0 0 1212416
1843200 717948 717542 932052 0 0 1806336
1847296 748836 748456 972180 0 0 1904640
1896448 788238 787785 1023264 0 0 1941504
1761280 820578 820193 1065240 0 0 1945600
1757184 853017 852543 1107249 0 0 1859584
974848 891429 891235 1157178 0 0 1216512
1310720 922944 922652 1198032 0 0 1167360
1662976 955053 954616 1239678 0 0 1949696
1708032 994422 994009 1290729 0 0 1945600
1708032 1026795 1026376 1332837 0 0 1904640
1753088 1058871 1058449 1374450 0 0 1961984
1036288 1094907 1094653 1421211 0 0 1212416
1728512 1128831 1128422 1465134 0 0 1855488
1064960 1160280 1160130 1506054 0 0 1171456
1183744 1193280 1193125 1548888 0 0 1212416
1232896 1229943 1229715 1596441 0 0 1212416
1060864 1263570 1263297 1640067 0 0 1167360
1851392 1295019 1294594 1680954 0 0 1949696
1724416 1334718 1334314 1732368 0 0 1945600
1171456 1367124 1366905 1774476 0 0 1216512
1183744 1400355 1400145 1817640 0 0 1212416
1077248 1438305 1437985 1866711 0 0 1220608
897024 1470084 1469938 1908225 0 0 999424
1085440 1502457 1502168 1950102 0 0 1171456
876544 1533939 1533648 1991286 0 0 1081344
1150976 1566147 1565865 2032899 0 0 1257472
1155072 1598091 1597845 2074248 0 0 1257472
1122304 1633731 1633499 2120316 0 0 1298432
1703936 1665345 1664940 2161368 0 0 2035712
1269760 1698510 1698134 2204169 0 0 1753088
1069056 1732401 1732129 2247960 0 0 1302528
1077248 1768602 1768346 2294820 0 0 1302528
925696 1800975 1800758 2336730 0 0 1081344
966656 1832325 1832066 2377122 0 0 1298432
1175552 1871892 1871644 2428140 0 0 1302528
1859584 1904760 1904347 2470611 0 0 1966080
937984 1936440 1936238 2511432 0 0 1257472
1105920 1973334 1973104 2559051 0 0 1306624
868352 2006070 2005795 2601225 0 0 1085440
1593344 2036430 2036002 2640330 0 0 1990656
999424 2074611 2074312 2689467 0 0 1302528
1347584 2107479 2107188 2731872 0 0 1302528
1654784 2137905 2137574 2771175 0 0 2007040
1695744 2174832 2174343 2818728 0 0 1961984
1654784 2209581 2209132 2863542 0 0 1945600
2080768 2240931 2240512 2904000 0 0 2035712
1011712 2275383 2275128 2948319 0 0 1298432
1204224 2312244 2312028 2995905 0 0 1298432
974848 2343627 2343454 3036363 0 0 1302528
1085440 2376264 2376024 3078471 0 0 1298432
1126400 2415567 2415358 3129093 0 0 1294336
1757184 2446719 2446228 3169221 0 0 1990656
974848 2480445 2480237 3212847 0 0 1302528
1044480 2522223 2521946 3266571 0 0 1298432
1318912 2553309 2553071 3306732 0 0 1257472
962560 2584725 2584442 3347157 0 0 1298432
1757184 2624325 2623921 3398241 0 0 2027520
1130496 2655477 2655205 3438468 0 0 1085440
786432 2688609 2688458 3481137 0 0 921600
765952 2725503 2725351 3528822 0 0 1052672
1216512 2759592 2759406 3572712 0 0 1302528
925696 2791635 2791352 3613995 0 0 1261568
978944 2825460 2825127 3657588 0 0 1302528
999424 2862948 2862624 3705933 0 0 1302528
1777664 2895189 2894782 3747513 0 0 1986560
1839104 2927199 2926796 3788763 0 0 1986560
1617920 2965941 2965495 3838692 0 0 1986560
1839104 2998578 2998131 3880767 0 0 1941504
925696 3031743 3031522 3923601 0 0 1253376
1277952 3061707 3061506 3962607 0 0 1302528
974848 3094377 3094127 4004781 0 0 1302528
1732608 3127872 3127444 4048110 0 0 2002944
835584 3166581 3166420 4098171 0 0 921600
1167360 3197964 3197732 4138662 0 0 1269760
974848 3229050 3228843 4178856 0 0 1298432
958464 3267462 3267237 4228488 0 0 1302528
913408 3303432 3303217 4275018 0 0 1294336
1052672 3337092 3336854 4318512 0 0 1196032
1064960 3371709 3371517 4363095 0 0 1298432
946176 3406491 3406336 4408107 0 0 1081344
1650688 3439326 3438911 4450380 0 0 2031616
1286144 3472260 3472007 4492818 0 0 1302528
1130496 3513048 3512838 4545486 0 0 1257472
1261568 3544794 3544541 4586340 0 0 1290240
1253376 3577365 3577079 4628382 0 0 1302528
1077248 3616404 3616184 4678806 0 0 1081344
1921024 3647985 3647602 4719495 0 0 2048000
966656 3681876 3681704 4763352 0 0 1196032
1130496 3723225 3723034 4816581 0 0 1302528
1855488 3756126 3755727 4859052 0 0 2056192
1097728 3788862 3788576 4901226 0 0 1171456
1585152 3827175 3826719 4950561 0 0 2031616
1667072 3859746 3859301 4992636 0 0 1986560
1064960 3892746 3892512 5035305 0 0 1306624
1183744 3927363 3927121 5079888 0 0 1298432
1011712 3962409 3962116 5125065 0 0 1257472
1216512 3997686 3997520 5170572 0 0 1257472
1007616 4029993 4029772 5212284 0 0 1302528
864256 4069032 4068756 5262576 0 0 1294336
839680 4102494 4102347 5305806 0 0 921600
1626112 4135989 4135563 5348970 0 0 1990656
995328 4174995 4174760 5399295 0 0 1294336
1368064 4208226 4207964 5442129 0 0 1306624
1056768 4241391 4241165 5484930 0 0 1302528
1036288 4283994 4283766 5539875 0 0 1253376
1687552 4318743 4318257 5584722 0 0 1941504
1703936 4351314 4350962 5626764 0 0 1781760
1130496 4388868 4388555 5675076 0 0 1302528
970752 4422297 4422068 5718240 0 0 1298432
1011712 4454934 4454664 5760348 0 0 1302528
1175552 4489287 4489056 5804766 0 0 1257472
1105920 4527369 4527123 5853870 0 0 1302528
856064 4561524 4561298 5898024 0 0 1003520
1929216 4588386 4587953 5932971 0 0 1990656
749568 4626765 4626581 5982669 0 0 921600
1036288 4663956 4663674 6030717 0 0 1302528
1167360 4706823 4706641 6086322 0 0 1294336
1163264 4745598 4745331 6136284 0 0 1298432
1605632 4778136 4777764 6178392 0 0 1986560
1622016 4810146 4809712 6219774 0 0 1986560
1806336 4839153 4838742 6257691 0 0 2048000
1114112 4870569 4870304 6298281 0 0 1298432
847872 4903833 4903543 6341181 0 0 1253376
1019904 4941585 4941357 6390087 0 0 1298432
1171456 4973925 4973686 6431865 0 0 1257472
1855488 5008707 5008230 6476745 0 0 1994752
1064960 5045799 5045565 6524760 0 0 1257472
745472 5081868 5081655 6571257 0 0 921600
1200128 5115066 5114794 6614223 0 0 1245184
1196032 5162223 5162046 6675306 0 0 1302528
1048576 5214561 5214330 6743022 0 0 1298432
1757184 5248056 5247610 6786318 0 0 1937408
1798144 5279934 5279538 6827700 0 0 2031616
1777664 5318610 5318187 6877761 0 0 1994752
1093632 5351775 5351547 6920760 0 0 1298432
1249280 5384082 5383817 6962505 0 0 1306624
1138688 5425761 5425488 7016394 0 0 1253376
1183744 5458596 5458329 7058931 0 0 1204224
1875968 5490507 5490056 7100346 0 0 2039808
1269760 5529150 5528893 7150308 0 0 1302528
1544192 5560401 5560037 7190799 0 0 1699840
1789952 5593896 5593482 7234260 0 0 1945600
1183744 5631384 5631156 7282671 0 0 1298432
1716224 5665737 5665265 7327221 0 0 2027520
720896 5697450 5697240 7368207 0 0 921600
1122304 5730813 5730612 7411536 0 0 1302528
1249280 5770677 5770499 7463115 0 0 1302528
1814528 5803578 5803073 7505685 0 0 2031616
1740800 5836083 5835639 7547859 0 0 1941504
847872 5874495 5874249 7597524 0 0 1056768
1077248 5906010 5905821 7638411 0 0 1298432
1212416 5937096 5936880 7678572 0 0 1306624
1310720 5975442 5975201 7728303 0 0 1306624
1605632 6008013 6007552 7770477 0 0 1974272
811008 6039957 6039783 7811892 0 0 999424
1110016 6080712 6080400 7864560 0 0 1253376
1286144 6113844 6113604 7907526 0 0 1257472
1024000 6147240 6147076 7950855 0 0 1257472
1085440 6182286 6181977 7996098 0 0 1253376
1175552 6216936 6216682 8040978 0 0 1298432
1900544 6248847 6248422 8082360 0 0 2035712
1843200 6280824 6280431 8123709 0 0 2031616
815104 6317949 6317823 8171790 0 0 921600
1069056 6349332 6349069 8212380 0 0 1298432
1089536 6374808 6374568 8245545 0 0 1253376
1097728 6413616 6413331 8295573 0 0 1253376
901120 6446088 6445958 8337516 0 0 1134592
1863680 6477537 6477106 8377842 0 0 2056192
1720320 6519117 6518677 8431467 0 0 2052096
937984 6550599 6550369 8472057 0 0 1302528
1708032 6584292 6583787 8515386 0 0 1941504
1216512 6624255 6624038 8567031 0 0 1298432
782336 6659466 6659162 8612241 0 0 1294336
983040 6690618 6690425 8652435 0 0 1302528
1097728 6729162 6728939 8702067 0 0 1294336
1658880 6763746 6763263 8746584 0 0 1990656
1040384 6796449 6796208 8788725 0 0 1257472
1114112 6831033 6830767 8833209 0 0 1253376
1077248 6869148 6868949 8882478 0 0 1298432
962560 6900729 6900474 8923002 0 0 1298432
1740800 6932838 6932350 8964384 0 0 1986560
1024000 6970722 6970525 9013224 0 0 1306624
1589248 7002831 7002404 9054639 0 0 1986560
1638400 7034346 7033932 9095229 0 0 1945600
1191936 7073286 7073014 9145455 0 0 1302528
1163264 7105263 7105045 9186639 0 0 1298432
942080 7137405 7137095 9227988 0 0 1298432
1912832 7175256 7174821 9276828 0 0 2039808
827392 7207332 7207112 9318210 0 0 1302528
864256 7240497 7240223 9360879 0 0 1085440
884736 7278612 7278371 9410049 0 0 1298432
1163264 7312305 7312029 9453312 0 0 1302528
1105920 7344678 7344474 9495057 0 0 1306624
1019904 7377084 7376836 9536802 0 0 1302528
1073152 7414374 7414169 9584916 0 0 1257472
1527808 7448298 7447896 9628608 0 0 2031616
532480 7480143 7479992 9669594 0 0 921600
1900544 7525089 7524640 9727476 0 0 1994752
991232 7558089 7557846 9769980 0 0 1298432
1265664 7589868 7589607 9810966 0 0 1298432
1187840 7628115 7627848 9860235 0 0 1298432
638976 7660884 7660725 9902442 0 0 921600
1757184 7694445 7694051 9945738 0 0 2027520
847872 7733385 7733112 9995832 0 0 954368
1241088 7766946 7766704 10039095 0 0 1290240
1101824 7799946 7799727 10081599 0 0 1302528
1200128 7836939 7836735 10129251 0 0 1253376
1122304 7871325 7871079 10173603 0 0 1085440
1683456 7897593 7897115 10207692 0 0 2043904
1708032 7930890 7930415 10250658 0 0 1986560
1941504 7968477 7967968 10299102 0 0 2035712
1007616 7999365 7999090 10338966 0 0 1302528
1073152 8031705 8031495 10380678 0 0 1302528
1261568 8070546 8070287 10430673 0 0 1298432
1110016 8103546 8103305 10473243 0 0 1294336
1150976 8135589 8135367 10514625 0 0 1294336
610304 8174463 8174256 10564653 0 0 978944
1171456 8206539 8206279 10605969 0 0 1294336
1073152 8238681 8238436 10647351 0 0 1302528
1064960 8276598 8276305 10696191 0 0 1302528
1601536 8310225 8309821 10739553 0 0 1982464
892928 8342796 8342528 10781463 0 0 1069056
892928 8380746 8380524 10830336 0 0 1085440
1642496 8412789 8412327 10871487 0 0 1978368
1179648 8445195 8444996 10913265 0 0 1302528
1830912 8479482 8479035 10957386 0 0 2043904
1159168 8518389 8518135 11007414 0 0 1306624
1040384 8550795 8550544 11049192 0 0 1302528
933888 8584785 8584547 11092917 0 0 1257472
1097728 8621811 8621548 11140536 0 0 1298432
1458176 8654283 8653821 11182314 0 0 1986560
1626112 8686656 8686218 11224059 0 0 2056192
1679360 8725827 8725397 11274450 0 0 1990656
946176 8758299 8757993 11316294 0 0 1298432
1056768 8791299 8791095 11358765 0 0 1298432
1245184 8829315 8829069 11407605 0 0 1294336
1667072 8862612 8862164 11450538 0 0 1929216
1658880 8895051 8894565 11492250 0 0 2035712
1150976 8932077 8931900 11539968 0 0 1253376
1212416 8964846 8964651 11582142 0 0 1253376
991232 8997912 8997675 11624679 0 0 1302528
1224704 9032793 9032511 11669592 0 0 1294336
1208320 9067344 9067160 11714043 0 0 1302528
1716224 9099552 9099039 11755392 0 0 1990656
692224 9133509 9133293 11799249 0 0 1048576
1650688 9171426 9171001 11847990 0 0 1994752
1081344 9204525 9204266 11890494 0 0 1302528
1007616 9235743 9235486 11930688 0 0 1294336
991232 9274584 9274313 11980749 0 0 1257472
929792 9306198 9305969 12021471 0 0 1122304
1015808 9338835 9338553 12063414 0 0 1302528
1654784 9377115 9376670 12112683 0 0 1986560
831488 9408597 9408460 12153471 0 0 999424
995328 9435624 9435349 12188418 0 0 1302528
892928 9475059 9474817 12239238 0 0 1302528
1748992 9506871 9506417 12280125 0 0 2035712
1110016 9545976 9545782 12330648 0 0 1302528
1110016 9582078 9581863 12377112 0 0 1302528
823296 9617058 9616835 12422190 0 0 1077248
970752 9647517 9647289 12461427 0 0 1228800
1085440 9679362 9679084 12502413 0 0 1298432
1155072 9717180 9717006 12551253 0 0 1306624
1040384 9749322 9749134 12592668 0 0 1298432
1601536 9782949 9782590 12635898 0 0 1810432
937984 9821328 9821079 12685365 0 0 1130496
1155072 9852084 9851847 12724998 0 0 1253376
1187840 9885084 9884914 12767568 0 0 1302528
909312 9923694 9923454 12817167 0 0 1298432
1024000 9956760 9956409 12859770 0 0 1253376
909312 9982566 9982312 12893430 0 0 1085440
1015808 10021935 10021661 12944085 0 0 1253376
942080 10053780 10053551 12985137 0 0 1081344
733184 10087704 10087445 13028895 0 0 1081344
1404928 10130670 10130220 13084302 0 0 1941504
1273856 10164924 10164668 13128357 0 0 1302528
1576960 10194855 10194437 13167000 0 0 2002944
1015808 10226964 10226631 13208349 0 0 1302528
888832 10264485 10264412 13256826 0 0 921600
1089536 10295406 10295193 13296756 0 0 1200128
1765376 10328274 10327859 13339128 0 0 2002944
1019904 10365828 10365537 13387572 0 0 1302528
1093632 10397244 10396992 13428129 0 0 1306624
1847296 10429914 10429462 13470270 0 0 2035712
1904640 10467105 10466700 13518384 0 0 2035712
1568768 10498488 10498116 13558941 0 0 1986560
1822720 10530267 10529779 13599927 0 0 2027520
958464 10568085 10567849 13648800 0 0 1290240
974848 10601019 10600821 13691304 0 0 1298432
1724416 10635834 10635418 13736217 0 0 1986560
1175552 10672101 10671912 13783077 0 0 1216512
1032192 10704936 10704676 13825482 0 0 1081344
1617920 10737771 10737300 13867821 0 0 1941504
1802240 10771629 10771197 13911546 0 0 2035712
1495040 10808820 10808554 13959627 0 0 1298432
1646592 10839609 10839190 13999392 0 0 1941504
1363968 10872279 10871981 14041533 0 0 1253376
1744896 10913760 10913347 14095059 0 0 1986560
1191936 10948839 10948628 14140401 0 0 1302528
806912 10981773 10981647 14182938 0 0 921600
765952 11020614 11020435 14233065 0 0 929792
1650688 11054439 11053930 14276658 0 0 2052096
1060864 11087076 11086839 14318832 0 0 1257472
1073152 11125224 11124932 14368035 0 0 1302528
1851392 11161821 11161378 14415324 0 0 1990656
1175552 11194293 11194044 14457267 0 0 1236992
1200128 11230758 11230592 14504391 0 0 1257472
1105920 11265540 11265358 14549271 0 0 1257472
950272 11299431 11299146 14592996 0 0 1298432
1249280 11333256 11332996 14636721 0 0 1298432
983040 11371701 11371455 14686353 0 0 1302528
1572864 11406120 11405755 14730837 0 0 1982464
1622016 11437932 11437456 14771823 0 0 1986560
1638400 11475387 11474998 14820300 0 0 1982464
905216 11501853 11501655 14854752 0 0 1126400
999424 11535084 11534893 14897421 0 0 1302528
1007616 11574486 11574297 14948043 0 0 1306624
991232 11608773 11608487 14992065 0 0 1302528
1810432 11640288 11639821 15032523 0 0 1941504
1679360 11679030 11678610 15082518 0 0 1998848
1040384 11711238 11710994 15123867 0 0 1085440
962560 11743974 11743690 15165942 0 0 1085440
974848 11786709 11786390 15220788 0 0 1298432
1028096 11829741 11829525 15276195 0 0 1253376
1044480 11861520 11861289 15317049 0 0 1298432
1015808 11894025 11893790 15358926 0 0 1249280
901120 11931843 11931684 15407535 0 0 1069056
1048576 11964777 11964561 15449874 0 0 1302528
888832 11995005 11994746 15488814 0 0 1306624
1605632 12035034 12034595 15540195 0 0 1941504
1032192 12067440 12067220 15581874 0 0 1302528
962560 12099285 12099078 15622926 0 0 1081344
1658880 12135882 12135430 15669852 0 0 2035712
1052672 12168882 12168650 15712323 0 0 1257472
1150976 12200958 12200705 15753639 0 0 1298432
1150976 12239469 12239198 15803172 0 0 1298432
1687552 12271743 12271396 15844752 0 0 1994752
1040384 12303291 12303042 15885243 0 0 1302528
1052672 12339690 12339435 15932070 0 0 1302528
966656 12372030 12371907 15973848 0 0 1077248
1064960 12404205 12404013 16015098 0 0 1134592
1814528 12439218 12438831 16060110 0 0 2027520
1810432 12477102 12476737 16108818 0 0 1945600
1073152 12510135 12509912 16151256 0 0 1298432
1757184 12541254 12540854 16191318 0 0 2031616
1851392 12576696 12576330 16236924 0 0 1986560
716800 12608244 12608107 16277415 0 0 921600
712704 12641244 12641076 16319919 0 0 999424
1667072 12678204 12677765 16367340 0 0 1986560
1052672 12711501 12711238 16410207 0 0 1302528
1171456 12742587 12742409 16450335 0 0 1302528
950272 12781461 12781220 16500198 0 0 1298432
1617920 12813207 12812800 16541019 0 0 1941504
1708032 12846174 12845769 16583523 0 0 2027520
872448 12881715 12881527 16629261 0 0 1081344
1658880 12915903 12915428 16673085 0 0 2035712
933888 12947979 12947765 16714269 0 0 1302528
987136 12982464 12982280 16758720 0 0 1302528
819200 13014903 13014789 16800564 0 0 1007616
946176 13045956 13045665 16840824 0 0 1085440
1486848 13077900 13077480 16882008 0 0 2043904
1155072 13115520 13115266 16930419 0 0 1298432
1069056 13146969 13146718 16971042 0 0 1302528
1404928 13178121 13177666 17011236 0 0 1929216
1069056 13216038 13215762 17060076 0 0 1302528
1736704 13248048 13247607 17101425 0 0 1990656
1069056 13279563 13279277 17142015 0 0 1298432
1101824 13317183 13316934 17190525 0 0 1306624
1761280 13348665 13348196 17231049 0 0 2031616
1036288 13380378 13380179 17272068 0 0 1298432
1613824 13417338 13416894 17319654 0 0 2043904
1413120 13450701 13450188 17362620 0 0 1990656
1208320 13481556 13481302 17402418 0 0 1302528
1863680 13515744 13515343 17446473 0 0 2027520
827392 13551615 13551398 17492772 0 0 1056768
888832 13583031 13582755 17533230 0 0 1273856
1069056 13617318 13616967 17577318 0 0 1298432
1282048 13654212 13653974 17624970 0 0 1257472
1261568 13687509 13687249 17667936 0 0 1306624
1794048 13721169 13720706 17711265 0 0 1998848
1028096 13758393 13758182 17759313 0 0 1294336
1019904 13790271 13790052 17800464 0 0 1323008
942080 13822644 13822318 17842077 0 0 1298432
1089536 13861122 13860853 17891709 0 0 1302528
1122304 13893825 13893574 17933784 0 0 1302528
1667072 13927749 13927316 17977542 0 0 2027520
847872 13963917 13963717 18024237 0 0 1060864
1777664 13996191 13995765 18065817 0 0 1990656
1003520 14028036 14027838 18106869 0 0 1138688
1716224 14063082 14062629 18152013 0 0 2039808
970752 14098887 14098630 18198114 0 0 1302528
1003520 14131260 14131031 18239892 0 0 1302528
1048576 14164227 14164025 18282429 0 0 1298432
1064960 14201220 14200965 18330048 0 0 1302528
1093632 14234616 14234386 18373179 0 0 1134592
815104 14265471 14265271 18412977 0 0 1081344
1642496 14300517 14300136 18458121 0 0 1982464
991232 14332362 14332074 18499074 0 0 1294336
1028096 14363811 14363525 18539598 0 0 1302528
1105920 14402289 14402083 18589230 0 0 1257472
978944 14441130 14440866 18639291 0 0 1298432
1228800 14497692 14497390 18712188 0 0 1306624
1159168 14543562 14543346 18771720 0 0 1257472
1585152 14581776 14581330 18820857 0 0 1990656
1036288 14614182 14613992 18862470 0 0 1298432
901120 14650284 14650011 18908868 0 0 1298432
1159168 14686386 14686123 18955167 0 0 1257472
1597440 14718462 14718012 18996417 0 0 1941504
1146880 14751132 14750919 19038558 0 0 1253376
917504 14788455 14788311 19086408 0 0 983040
835584 14820003 14819769 19127097 0 0 1077248
1105920 14853267 14852982 19169733 0 0 1298432
1105920 14892999 14892715 19220784 0 0 1306624
819200 14929365 14929088 19267578 0 0 1298432
1056768 14964246 14963999 19312359 0 0 1298432
1785856 15001866 15001402 19360638 0 0 2031616
770048 15035493 15035316 19404099 0 0 1081344
1101824 15066480 15066196 19443864 0 0 1286144
1376256 15105387 15105013 19493826 0 0 1650688
1105920 15137595 15137329 19535175 0 0 1302528
1044480 15170529 15170312 19577613 0 0 1253376
1040384 15206037 15205804 19623186 0 0 1294336
1585152 15239334 15238933 19666020 0 0 1994752
884736 15272433 15272230 19708590 0 0 1085440
1789952 15307809 15307381 19753998 0 0 1990656
987136 15344538 15344291 19801188 0 0 1298432
1163264 15376581 15376322 19842438 0 0 1294336
860160 15409944 15409709 19885206 0 0 1302528
1564672 15449973 15449568 19936719 0 0 2048000
1613824 15483303 15482875 19979553 0 0 2031616
1105920 15517062 15516845 20022882 0 0 1085440
1683456 15556662 15556269 20073801 0 0 2031616
1118208 15590355 15590105 20117064 0 0 1294336
1110016 15624873 15624634 20161482 0 0 1277952
1609728 15663714 15663257 20211378 0 0 2027520
884736 15695790 15695694 20252661 0 0 983040
1859584 15729714 15729273 20296320 0 0 1945600
1753088 15766113 15765677 20342949 0 0 1945600
962560 15800103 15799812 20386575 0 0 1298432
1220608 15833697 15833468 20429838 0 0 1257472
1015808 15868248 15867997 20474223 0 0 1298432
1007616 15905802 15905595 20522535 0 0 1298432
966656 15939462 15939217 20565765 0 0 1294336
1564672 15979458 15979060 20617245 0 0 2031616
798720 16018596 16018459 20667603 0 0 966656
1003520 16051398 16051032 20709579 0 0 1298432
1691648 16078293 16077843 20744658 0 0 1937408
1142784 16117794 16117534 20795313 0 0 1298432
1888256 16149672 16149196 20836167 0 0 2031616
647168 16182507 16182244 20878440 0 0 1081344
1937408 16220952 16220554 20927676 0 0 2052096
974848 16253259 16253027 20969190 0 0 1257472
880640 16283751 16283605 21008328 0 0 921600
1118208 16318698 16318455 21053142 0 0 1302528
1019904 16353909 16353642 21098319 0 0 1253376
1024000 16386051 16385765 21139569 0 0 1306624
929792 16419678 16419437 21182766 0 0 1306624
1699840 16459740 16459344 21234279 0 0 2039808
1716224 16491255 16490771 21274737 0 0 1941504
1904640 16522143 16521728 21314403 0 0 1982464
933888 16560258 16559942 21363408 0 0 1253376
839680 16592202 16591876 21404460 0 0 1257472
1196032 16623387 16623099 21444456 0 0 1253376
1028096 16663185 16662957 21495573 0 0 1298432
1687552 16697076 16696731 21539199 0 0 2023424
1642496 16729548 16729065 21580911 0 0 1990656
1728512 16768389 16767923 21630708 0 0 1945600
958464 16801092 16800860 21672816 0 0 1298432
995328 16833564 16833312 21714528 0 0 1257472
954368 16872735 16872456 21764787 0 0 1298432
1224704 16907847 16907647 21809997 0 0 1298432
1740800 16941177 16940710 21852831 0 0 1990656
1036288 16975827 16975500 21897249 0 0 1298432
892928 17014899 17014783 21947541 0 0 921600
1011712 17045820 17045552 21987273 0 0 1302528
1175552 17079447 17079200 22030470 0 0 1298432
1146880 17118354 17118080 22080432 0 0 1302528
1028096 17149836 17149582 22120824 0 0 1302528
1523712 17184354 17183929 22165242 0 0 2031616
1720320 17221974 17221607 22213554 0 0 2011136
1716224 17254974 17254612 22255992 0 0 2035712
1458176 17288997 17288568 22299618 0 0 1966080
1036288 17328168 17327901 22349910 0 0 1302528
1765376 17360541 17360137 22391589 0 0 2035712
1224704 17394201 17393977 22434753 0 0 1306624
1003520 17431821 17431581 22483131 0 0 1302528
1683456 17464524 17464139 22525173 0 0 2035712
913408 17497392 17497158 22567380 0 0 1081344
958464 17530029 17529686 22609257 0 0 1302528
1105920 17566395 17566159 22655985 0 0 1257472
970752 17598504 17598195 22697334 0 0 1298432
921600 17624079 17623826 22730598 0 0 1200128
794624 17662524 17662380 22780296 0 0 1081344
1548288 17695458 17695028 22822569 0 0 2031616
843776 17728227 17728054 22864941 0 0 1081344
1245184 17767695 17767409 22915629 0 0 1306624
1200128 17801190 17800849 22958826 0 0 1536000
1163264 17833398 17833222 23000340 0 0 1298432
942080 17870523 17870317 23048157 0 0 1130496
1777664 17904084 17903613 23091255 0 0 1990656
933888 17934378 17934154 23130327 0 0 1085440
1163264 17972493 17972271 23179299 0 0 1298432
1110016 18007374 18007116 23224146 0 0 1306624
995328 18040638 18040401 23266914 0 0 1302528
786432 18077268 18076993 23314071 0 0 1294336
1085440 18114888 18114615 23362383 0 0 1212416
1257472 18149076 18148882 23406372 0 0 1298432
733184 18181878 18181686 23448579 0 0 1130496
1302528 18220455 18220207 23498244 0 0 1445888
1191936 18253323 18253041 23540418 0 0 1306624
1757184 18285069 18284627 23581239 0 0 1966080
1150976 18324240 18323977 23631498 0 0 1298432
1470464 18356613 18356150 23673210 0 0 1941504
770048 18389910 18389742 23716143 0 0 983040
1626112 18429609 18429125 23767194 0 0 2035712
856064 18463203 18462914 23810358 0 0 1249280
1769472 18495279 18494884 23851608 0 0 1941504
905216 18535011 18534784 23902692 0 0 1298432
999424 18570486 18570246 23948265 0 0 1253376
1634304 18603816 18603322 23991132 0 0 2048000
937984 18641667 18641363 24039807 0 0 1298432
774144 18677769 18677550 24086271 0 0 987136
868352 18710472 18710321 24128313 0 0 1040384
1069056 18744891 18744695 24172599 0 0 1302528
1159168 18782511 18782278 24220911 0 0 1298432
1073152 18815841 18815575 24263745 0 0 1306624
851968 18850656 18850399 24308493 0 0 1298432
905216 18890487 18890221 24359874 0 0 1306624
1912832 18936522 18936102 24418977 0 0 2048000
1556480 18969456 18969053 24461382 0 0 1986560
851968 19007472 19007288 24510255 0 0 921600
1081344 19039482 19039235 24551439 0 0 1253376
1028096 19071525 19071342 24592656 0 0 1298432
1052672 19112808 19112519 24645720 0 0 1298432
1699840 19139472 19139010 24680370 0 0 1998848
995328 19172274 19172011 24722742 0 0 1298432
1232896 19208310 19208004 24769041 0 0 1253376
1560576 19243653 19243279 24814614 0 0 1642496
966656 19275300 19275061 24855336 0 0 1253376
1114112 19312920 19312642 24903747 0 0 1298432
1855488 19352025 19351603 24954138 0 0 2048000
1748992 19386906 19386466 24999051 0 0 2043904
823296 19418487 19418283 25039806 0 0 1085440
1630208 19455447 19454995 25087260 0 0 2048000
1044480 19490229 19490038 25132206 0 0 1306624
1187840 19523328 19523081 25174743 0 0 1298432
901120 19562763 19562533 25225563 0 0 1306624
1830912 19595466 19595020 25267737 0 0 2031616
851968 19627014 19626806 25308393 0 0 1081344
946176 19664667 19664459 25356870 0 0 1085440
1183744 19696941 19696757 25398483 0 0 1294336
1204224 19730337 19730094 25441416 0 0 1302528
1101824 19766142 19765863 25487517 0 0 1290240
1724416 19802178 19801730 25533948 0 0 1990656
1667072 19834254 19833901 25575264 0 0 1945600
1355776 19868442 19868105 25619319 0 0 1683456
1773568 19905864 19905434 25667499 0 0 2035712
917504 19937346 19937107 25708122 0 0 1302528
1200128 19970115 19969828 25750263 0 0 1294336
1519616 20010441 20010027 25802238 0 0 1986560
1855488 20043144 20042737 25844412 0 0 1990656
1900544 20074692 20074247 25884969 0 0 1990656
1875968 20115018 20114599 25937010 0 0 1990656
663552 20148117 20147897 25979580 0 0 974848
1056768 20181711 20181449 26022810 0 0 1298432
1036288 20221839 20221535 26074389 0 0 1253376
1019904 20254509 20254262 26116563 0 0 1306624
1744896 20287245 20286819 26158737 0 0 1916928
966656 20323908 20323688 26206026 0 0 1302528
1605632 20360274 20359875 26252886 0 0 1990656
921600 20392383 20392174 26294268 0 0 1298432
929792 20426967 20426790 26338818 0 0 954368
1036288 20464884 20464622 26387559 0 0 1294336
1273856 20498181 20498007 26430525 0 0 1298432
905216 20532468 20532239 26474613 0 0 1249280
1691648 20571012 20570597 26524212 0 0 1990656
1597440 20604045 20603607 26566749 0 0 1994752
1478656 20636682 20636395 26608824 0 0 1667072
