cache	rss	rss_huge	shmem	mapped_file	dirty	writeback	pgpgin	pgpgout	pgfault	pgmajfault	inactive_anon	active_anon	inactive_file	active_file	unevictable	hierarchical_memory_limit	total_cache	total_rss	total_rss_huge	total_shmem	total_mapped_file	total_dirty	total_writeback	total_pgpgin	total_pgpgout	total_pgfault	total_pgmajfault	total_inactive_anon	total_active_anon	total_inactive_file	total_active_file	total_unevictable	
0	741376	0	0	0	0	0	1848	1639	2640	0	0	1044480	20480	0	0	20971520	0	741376	0	0	0	0	0	1848	1639	2640	0	0	1044480	20480	0	0	
0	1892352	0	0	0	0	0	4818	4396	6006	0	0	2043904	20480	0	0	20971520	0	1892352	0	0	0	0	0	4818	4396	6006	0	0	2043904	20480	0	0	
0	1851392	0	0	0	0	0	8316	7926	10197	0	0	2039808	0	0	0	20971520	0	1851392	0	0	0	0	0	8316	7926	10197	0	0	2039808	0	0	0	
0	2686976	0	0	0	0	0	11352	10776	13827	0	0	2772992	20480	0	0	20971520	0	2686976	0	0	0	0	0	11352	10776	13827	0	0	2772992	20480	0	0	
0	688128	0	0	0	0	0	13893	13783	16797	0	0	835584	20480	0	0	20971520	0	688128	0	0	0	0	0	13893	13783	16797	0	0	835584	20480	0	0	
0	2519040	0	0	0	0	0	17424	16804	20889	0	0	2772992	0	0	0	20971520	0	2519040	0	0	0	0	0	17424	16804	20889	0	0	2772992	0	0	0	
0	1929216	0	0	0	0	0	20922	20562	25080	0	0	2035712	0	0	0	20971520	0	1929216	0	0	0	0	0	20922	20562	25080	0	0	2035712	0	0	0	
0	1921024	0	0	0	0	0	24486	24077	29271	0	0	2043904	20480	0	0	20971520	0	1921024	0	0	0	0	0	24486	24077	29271	0	0	2043904	20480	0	0	
0	2445312	0	0	0	0	0	27984	27411	33396	0	0	2764800	0	0	0	20971520	0	2445312	0	0	0	0	0	27984	27411	33396	0	0	2764800	0	0	0	
0	835584	0	0	0	0	0	30591	30385	36564	0	0	1085440	20480	0	0	20971520	0	835584	0	0	0	0	0	30591	30385	36564	0	0	1085440	20480	0	0	
0	1822720	0	0	0	0	0	34056	33599	40557	0	0	2043904	20480	0	0	20971520	0	1822720	0	0	0	0	0	34056	33599	40557	0	0	2043904	20480	0	0	
0	1327104	0	0	0	0	0	37752	37448	45045	0	0	1523712	20480	0	0	20971520	0	1327104	0	0	0	0	0	37752	37448	45045	0	0	1523712	20480	0	0	
0	2617344	0	0	0	0	0	40557	39997	48345	0	0	2768896	0	0	0	20971520	0	2617344	0	0	0	0	0	40557	39997	48345	0	0	2768896	0	0	0	
0	2605056	0	0	0	0	0	43593	43028	51909	0	0	2768896	20480	0	0	20971520	0	2605056	0	0	0	0	0	43593	43028	51909	0	0	2768896	20480	0	0	
0	2441216	0	0	0	0	0	47157	46516	56100	0	0	2727936	0	0	0	20971520	0	2441216	0	0	0	0	0	47157	46516	56100	0	0	2727936	0	0	0	
0	1839104	0	0	0	0	0	50655	50255	60291	0	0	2035712	0	0	0	20971520	0	1839104	0	0	0	0	0	50655	50255	60291	0	0	2035712	0	0	0	
0	1839104	0	0	0	0	0	53658	53249	63822	0	0	2039808	20480	0	0	20971520	0	1839104	0	0	0	0	0	53658	53249	63822	0	0	2039808	20480	0	0	
0	1765376	0	0	0	0	0	57255	56818	67947	0	0	2035712	0	0	0	20971520	0	1765376	0	0	0	0	0	57255	56818	67947	0	0	2035712	0	0	0	
0	1892352	0	0	0	0	0	59763	59303	71016	0	0	2039808	20480	0	0	20971520	0	1892352	0	0	0	0	0	59763	59303	71016	0	0	2039808	20480	0	0	
0	2457600	0	0	0	0	0	62733	62161	74547	0	0	2768896	20480	0	0	20971520	0	2457600	0	0	0	0	0	62733	62161	74547	0	0	2768896	20480	0	0	
0	2420736	0	0	0	0	0	65769	65169	78111	0	0	2764800	20480	0	0	20971520	0	2420736	0	0	0	0	0	65769	65169	78111	0	0	2764800	20480	0	0	
0	1859584	0	0	0	0	0	67782	67403	80487	0	0	2031616	0	0	0	20971520	0	1859584	0	0	0	0	0	67782	67403	80487	0	0	2031616	0	0	0	
0	2351104	0	0	0	0	0	71280	70705	84744	0	0	2768896	20480	0	0	20971520	0	2351104	0	0	0	0	0	71280	70705	84744	0	0	2768896	20480	0	0	
0	2199552	0	0	0	0	0	74778	74246	88737	0	0	2379776	0	0	0	20971520	0	2199552	0	0	0	0	0	74778	74246	88737	0	0	2379776	0	0	0	
0	1912832	0	0	0	0	0	77352	76965	91806	0	0	2043904	20480	0	0	20971520	0	1912832	0	0	0	0	0	77352	76965	91806	0	0	2043904	20480	0	0	
0	2482176	0	0	0	0	0	80355	79780	95403	0	0	2772992	0	0	0	20971520	0	2482176	0	0	0	0	0	80355	79780	95403	0	0	2772992	0	0	0	
0	811008	0	0	0	0	0	82995	82797	98538	0	0	1056768	20480	0	0	20971520	0	811008	0	0	0	0	0	82995	82797	98538	0	0	1056768	20480	0	0	
0	1744896	0	0	0	0	0	86427	86010	102564	0	0	2039808	0	0	0	20971520	0	1744896	0	0	0	0	0	86427	86010	102564	0	0	2039808	0	0	0	
0	1769472	0	0	0	0	0	89463	89028	106128	0	0	2039808	20480	0	0	20971520	0	1769472	0	0	0	0	0	89463	89028	106128	0	0	2039808	20480	0	0	
0	1835008	0	0	0	0	0	92433	92033	109725	0	0	2043904	20480	0	0	20971520	0	1835008	0	0	0	0	0	92433	92033	109725	0	0	2043904	20480	0	0	
0	1798144	0	0	0	0	0	95964	95608	113916	0	0	2035712	0	0	0	20971520	0	1798144	0	0	0	0	0	95964	95608	113916	0	0	2035712	0	0	0	
0	1916928	0	0	0	0	0	99561	99105	118074	0	0	2043904	20480	0	0	20971520	0	1916928	0	0	0	0	0	99561	99105	118074	0	0	2043904	20480	0	0	
0	2580480	0	0	0	0	0	102564	101928	121704	0	0	2764800	20480	0	0	20971520	0	2580480	0	0	0	0	0	102564	101928	121704	0	0	2764800	20480	0	0	
0	1957888	0	0	0	0	0	105567	105179	125169	0	0	2035712	0	0	0	20971520	0	1957888	0	0	0	0	0	105567	105179	125169	0	0	2035712	0	0	0	
0	2609152	0	0	0	0	0	108108	107482	128205	0	0	2772992	0	0	0	20971520	0	2609152	0	0	0	0	0	108108	107482	128205	0	0	2772992	0	0	0	
0	1462272	0	0	0	0	0	110847	110505	131505	0	0	1642496	20480	0	0	20971520	0	1462272	0	0	0	0	0	110847	110505	131505	0	0	1642496	20480	0	0	
0	1867776	0	0	0	0	0	113685	113232	134739	0	0	2035712	0	0	0	20971520	0	1867776	0	0	0	0	0	113685	113232	134739	0	0	2035712	0	0	0	
0	1507328	0	0	0	0	0	116424	116036	138039	0	0	1708032	20480	0	0	20971520	0	1507328	0	0	0	0	0	116424	116036	138039	0	0	1708032	20480	0	0	
0	1867776	0	0	0	0	0	119757	119294	141900	0	0	2039808	20480	0	0	20971520	0	1867776	0	0	0	0	0	119757	119294	141900	0	0	2039808	20480	0	0	
0	1781760	0	0	0	0	0	123189	122806	146058	0	0	1986560	0	0	0	20971520	0	1781760	0	0	0	0	0	123189	122806	146058	0	0	1986560	0	0	0	
0	1851392	0	0	0	0	0	126060	125640	149457	0	0	1978368	20480	0	0	20971520	0	1851392	0	0	0	0	0	126060	125640	149457	0	0	1978368	20480	0	0	
0	2490368	0	0	0	0	0	128700	128136	152625	0	0	2772992	0	0	0	20971520	0	2490368	0	0	0	0	0	128700	128136	152625	0	0	2772992	0	0	0	
0	1900544	0	0	0	0	0	132231	131851	156849	0	0	2031616	0	0	0	20971520	0	1900544	0	0	0	0	0	132231	131851	156849	0	0	2031616	0	0	0	
0	2469888	0	0	0	0	0	135267	134678	160380	0	0	2719744	0	0	0	20971520	0	2469888	0	0	0	0	0	135267	134678	160380	0	0	2719744	0	0	0	
0	1523712	0	0	0	0	0	138006	137730	163647	0	0	1560576	20480	0	0	20971520	0	1523712	0	0	0	0	0	138006	137730	163647	0	0	1560576	20480	0	0	
0	1826816	0	0	0	0	0	141306	140947	167541	0	0	2043904	20480	0	0	20971520	0	1826816	0	0	0	0	0	141306	140947	167541	0	0	2043904	20480	0	0	
0	2510848	0	0	0	0	0	144903	144245	171699	0	0	2789376	0	0	0	20971520	0	2510848	0	0	0	0	0	144903	144245	171699	0	0	2789376	0	0	0	
0	1843200	0	0	0	0	0	147873	147468	175263	0	0	2031616	20480	0	0	20971520	0	1843200	0	0	0	0	0	147873	147468	175263	0	0	2031616	20480	0	0	
0	2506752	0	0	0	0	0	151404	150794	179421	0	0	2732032	0	0	0	20971520	0	2506752	0	0	0	0	0	151404	150794	179421	0	0	2732032	0	0	0	
0	2523136	0	0	0	0	0	154473	153804	183018	0	0	2777088	0	0	0	20971520	0	2523136	0	0	0	0	0	154473	153804	183018	0	0	2777088	0	0	0	
0	1232896	0	0	0	0	0	157146	156822	186318	0	0	1462272	20480	0	0	20971520	0	1232896	0	0	0	0	0	157146	156822	186318	0	0	1462272	20480	0	0	
0	1810432	0	0	0	0	0	159951	159567	189585	0	0	2039808	0	0	0	20971520	0	1810432	0	0	0	0	0	159951	159567	189585	0	0	2039808	0	0	0	
0	2543616	0	0	0	0	0	162987	162409	193182	0	0	2740224	20480	0	0	20971520	0	2543616	0	0	0	0	0	162987	162409	193182	0	0	2740224	20480	0	0	
0	1937408	0	0	0	0	0	165990	165645	196713	0	0	2043904	20480	0	0	20971520	0	1937408	0	0	0	0	0	165990	165645	196713	0	0	2043904	20480	0	0	
0	1925120	0	0	0	0	0	169554	169135	200871	0	0	2048000	20480	0	0	20971520	0	1925120	0	0	0	0	0	169554	169135	200871	0	0	2048000	20480	0	0	
0	2531328	0	0	0	0	0	172524	171934	204468	0	0	2772992	0	0	0	20971520	0	2531328	0	0	0	0	0	172524	171934	204468	0	0	2772992	0	0	0	
0	1773568	0	0	0	0	0	174570	174175	206910	0	0	2043904	20480	0	0	20971520	0	1773568	0	0	0	0	0	174570	174175	206910	0	0	2043904	20480	0	0	
0	1777664	0	0	0	0	0	178629	178208	211662	0	0	2039808	20480	0	0	20971520	0	1777664	0	0	0	0	0	178629	178208	211662	0	0	2039808	20480	0	0	
0	1875968	0	0	0	0	0	181665	181242	215259	0	0	2043904	20480	0	0	20971520	0	1875968	0	0	0	0	0	181665	181242	215259	0	0	2043904	20480	0	0	
0	1986560	0	0	0	0	0	185229	184749	219351	0	0	2043904	20480	0	0	20971520	0	1986560	0	0	0	0	0	185229	184749	219351	0	0	2043904	20480	0	0	
0	1933312	0	0	0	0	0	188694	188316	223542	0	0	2043904	0	0	0	20971520	0	1933312	0	0	0	0	0	188694	188316	223542	0	0	2043904	0	0	0	
0	1888256	0	0	0	0	0	192225	191801	227766	0	0	2043904	20480	0	0	20971520	0	1888256	0	0	0	0	0	192225	191801	227766	0	0	2043904	20480	0	0	
0	1892352	0	0	0	0	0	195756	195310	231924	0	0	2039808	20480	0	0	20971520	0	1892352	0	0	0	0	0	195756	195310	231924	0	0	2039808	20480	0	0	
0	1794048	0	0	0	0	0	198825	198355	235488	0	0	2048000	20480	0	0	20971520	0	1794048	0	0	0	0	0	198825	198355	235488	0	0	2048000	20480	0	0	
0	1941504	0	0	0	0	0	201795	201394	239052	0	0	2039808	20480	0	0	20971520	0	1941504	0	0	0	0	0	201795	201394	239052	0	0	2039808	20480	0	0	
0	1867776	0	0	0	0	0	204303	203892	242022	0	0	2043904	20480	0	0	20971520	0	1867776	0	0	0	0	0	204303	203892	242022	0	0	2043904	20480	0	0	
0	1941504	0	0	0	0	0	207867	207411	246213	0	0	2039808	0	0	0	20971520	0	1941504	0	0	0	0	0	207867	207411	246213	0	0	2039808	0	0	0	
0	1908736	0	0	0	0	0	210276	209956	249150	0	0	2039808	20480	0	0	20971520	0	1908736	0	0	0	0	0	210276	209956	249150	0	0	2039808	20480	0	0	
0	1785856	0	0	0	0	0	212322	211942	251559	0	0	2043904	20480	0	0	20971520	0	1785856	0	0	0	0	0	212322	211942	251559	0	0	2043904	20480	0	0	
0	1724416	0	0	0	0	0	216150	215836	256212	0	0	1978368	20480	0	0	20971520	0	1724416	0	0	0	0	0	216150	215836	256212	0	0	1978368	20480	0	0	
0	2375680	0	0	0	0	0	219945	219313	260568	0	0	2764800	0	0	0	20971520	0	2375680	0	0	0	0	0	219945	219313	260568	0	0	2764800	0	0	0	
0	2592768	0	0	0	0	0	222486	221830	263505	0	0	2789376	0	0	0	20971520	0	2592768	0	0	0	0	0	222486	221830	263505	0	0	2789376	0	0	0	
0	1753088	0	0	0	0	0	225984	225578	267696	0	0	2035712	0	0	0	20971520	0	1753088	0	0	0	0	0	225984	225578	267696	0	0	2035712	0	0	0	
0	2482176	0	0	0	0	0	229053	228389	271260	0	0	2768896	0	0	0	20971520	0	2482176	0	0	0	0	0	229053	228389	271260	0	0	2768896	0	0	0	
0	1912832	0	0	0	0	0	231528	231111	274197	0	0	2035712	20480	0	0	20971520	0	1912832	0	0	0	0	0	231528	231111	274197	0	0	2035712	20480	0	0	
0	729088	0	0	0	0	0	234564	234388	277926	0	0	1003520	20480	0	0	20971520	0	729088	0	0	0	0	0	234564	234388	277926	0	0	1003520	20480	0	0	
0	1871872	0	0	0	0	0	237072	236616	280698	0	0	2043904	0	0	0	20971520	0	1871872	0	0	0	0	0	237072	236616	280698	0	0	2043904	0	0	0	
0	1925120	0	0	0	0	0	240603	240198	284922	0	0	2039808	0	0	0	20971520	0	1925120	0	0	0	0	0	240603	240198	284922	0	0	2039808	0	0	0	
0	2342912	0	0	0	0	0	245124	244482	290301	0	0	2764800	20480	0	0	20971520	0	2342912	0	0	0	0	0	245124	244482	290301	0	0	2764800	20480	0	0	
0	2457600	0	0	0	0	0	248160	247495	293865	0	0	2772992	0	0	0	20971520	0	2457600	0	0	0	0	0	248160	247495	293865	0	0	2772992	0	0	0	
0	1708032	0	0	0	0	0	250404	250055	296637	0	0	1871872	20480	0	0	20971520	0	1708032	0	0	0	0	0	250404	250055	296637	0	0	1871872	20480	0	0	
0	1916928	0	0	0	0	0	253143	252773	299805	0	0	2035712	0	0	0	20971520	0	1916928	0	0	0	0	0	253143	252773	299805	0	0	2035712	0	0	0	
0	1253376	0	0	0	0	0	256344	256082	303633	0	0	1335296	20480	0	0	20971520	0	1253376	0	0	0	0	0	256344	256082	303633	0	0	1335296	20480	0	0	
0	1933312	0	0	0	0	0	259050	258619	306768	0	0	2064384	20480	0	0	20971520	0	1933312	0	0	0	0	0	259050	258619	306768	0	0	2064384	20480	0	0	
0	1970176	0	0	0	0	0	261756	261332	310035	0	0	2035712	0	0	0	20971520	0	1970176	0	0	0	0	0	261756	261332	310035	0	0	2035712	0	0	0	
0	2289664	0	0	0	0	0	266178	265670	315216	0	0	2387968	0	0	0	20971520	0	2289664	0	0	0	0	0	266178	265670	315216	0	0	2387968	0	0	0	
0	2240512	0	0	0	0	0	269775	269329	319473	0	0	2306048	0	0	0	20971520	0	2240512	0	0	0	0	0	269775	269329	319473	0	0	2306048	0	0	0	
0	1138688	0	0	0	0	0	273438	273226	323829	0	0	1216512	20480	0	0	20971520	0	1138688	0	0	0	0	0	273438	273226	323829	0	0	1216512	20480	0	0	
0	2482176	0	0	0	0	0	275847	275251	326634	0	0	2768896	0	0	0	20971520	0	2482176	0	0	0	0	0	275847	275251	326634	0	0	2768896	0	0	0	
0	2486272	0	0	0	0	0	278817	278293	330231	0	0	2777088	0	0	0	20971520	0	2486272	0	0	0	0	0	278817	278293	330231	0	0	2777088	0	0	0	
0	1880064	0	0	0	0	0	281886	281474	333762	0	0	2035712	0	0	0	20971520	0	1880064	0	0	0	0	0	281886	281474	333762	0	0	2035712	0	0	0	
0	1826816	0	0	0	0	0	284427	284016	336798	0	0	2035712	0	0	0	20971520	0	1826816	0	0	0	0	0	284427	284016	336798	0	0	2035712	0	0	0	
0	1552384	0	0	0	0	0	287166	286788	340098	0	0	1859584	20480	0	0	20971520	0	1552384	0	0	0	0	0	287166	286788	340098	0	0	1859584	20480	0	0	
0	2641920	0	0	0	0	0	290928	290321	344454	0	0	2719744	0	0	0	20971520	0	2641920	0	0	0	0	0	290928	290321	344454	0	0	2719744	0	0	0	
0	2510848	0	0	0	0	0	293964	293354	348051	0	0	2772992	0	0	0	20971520	0	2510848	0	0	0	0	0	293964	293354	348051	0	0	2772992	0	0	0	
0	1912832	0	0	0	0	0	296010	295602	350493	0	0	2039808	20480	0	0	20971520	0	1912832	0	0	0	0	0	296010	295602	350493	0	0	2039808	20480	0	0	
0	2625536	0	0	0	0	0	298980	298384	354057	0	0	2777088	0	0	0	20971520	0	2625536	0	0	0	0	0	298980	298384	354057	0	0	2777088	0	0	0	
0	2412544	0	0	0	0	0	301521	300886	357027	0	0	2768896	0	0	0	20971520	0	2412544	0	0	0	0	0	301521	300886	357027	0	0	2768896	0	0	0	
0	704512	0	0	0	0	0	303600	303429	359568	0	0	995328	20480	0	0	20971520	0	704512	0	0	0	0	0	303600	303429	359568	0	0	995328	20480	0	0	
0	1748992	0	0	0	0	0	306372	305945	362802	0	0	1998848	0	0	0	20971520	0	1748992	0	0	0	0	0	306372	305945	362802	0	0	1998848	0	0	0	
0	1966080	0	0	0	0	0	309606	309171	366564	0	0	2048000	20480	0	0	20971520	0	1966080	0	0	0	0	0	309606	309171	366564	0	0	2048000	20480	0	0	
0	2457600	0	0	0	0	0	314094	313523	371910	0	0	2723840	0	0	0	20971520	0	2457600	0	0	0	0	0	314094	313523	371910	0	0	2723840	0	0	0	
0	868352	0	0	0	0	0	317757	317513	376299	0	0	1052672	20480	0	0	20971520	0	868352	0	0	0	0	0	317757	317513	376299	0	0	1052672	20480	0	0	
0	1888256	0	0	0	0	0	321189	320763	380292	0	0	2031616	0	0	0	20971520	0	1888256	0	0	0	0	0	321189	320763	380292	0	0	2031616	0	0	0	
0	2535424	0	0	0	0	0	323631	323083	383196	0	0	2772992	0	0	0	20971520	0	2535424	0	0	0	0	0	323631	323083	383196	0	0	2772992	0	0	0	
0	2654208	0	0	0	0	0	326172	325622	386199	0	0	2772992	0	0	0	20971520	0	2654208	0	0	0	0	0	326172	325622	386199	0	0	2772992	0	0	0	
0	1794048	0	0	0	0	0	328713	328315	389202	0	0	2039808	0	0	0	20971520	0	1794048	0	0	0	0	0	328713	328315	389202	0	0	2039808	0	0	0	
0	2519040	0	0	0	0	0	331716	331147	392799	0	0	2768896	0	0	0	20971520	0	2519040	0	0	0	0	0	331716	331147	392799	0	0	2768896	0	0	0	
0	1380352	0	0	0	0	0	334422	334168	396033	0	0	1531904	20480	0	0	20971520	0	1380352	0	0	0	0	0	334422	334168	396033	0	0	1531904	20480	0	0	
0	2555904	0	0	0	0	0	338745	338234	401148	0	0	2768896	0	0	0	20971520	0	2555904	0	0	0	0	0	338745	338234	401148	0	0	2768896	0	0	0	
0	811008	0	0	0	0	0	342441	342226	405471	0	0	1048576	20480	0	0	20971520	0	811008	0	0	0	0	0	342441	342226	405471	0	0	1048576	20480	0	0	
0	663552	0	0	0	0	0	345444	345236	409002	0	0	970752	20480	0	0	20971520	0	663552	0	0	0	0	0	345444	345236	409002	0	0	970752	20480	0	0	
0	1724416	0	0	0	0	0	348348	347927	412467	0	0	2039808	20480	0	0	20971520	0	1724416	0	0	0	0	0	348348	347927	412467	0	0	2039808	20480	0	0	
0	2400256	0	0	0	0	0	351384	350882	415998	0	0	2514944	0	0	0	20971520	0	2400256	0	0	0	0	0	351384	350882	415998	0	0	2514944	0	0	0	
0	1232896	0	0	0	0	0	354024	353804	419232	0	0	1323008	20480	0	0	20971520	0	1232896	0	0	0	0	0	354024	353804	419232	0	0	1323008	20480	0	0	
0	1937408	0	0	0	0	0	357984	357555	423753	0	0	2039808	20480	0	0	20971520	0	1937408	0	0	0	0	0	357984	357555	423753	0	0	2039808	20480	0	0	
0	1855488	0	0	0	0	0	361482	361030	427977	0	0	2043904	20480	0	0	20971520	0	1855488	0	0	0	0	0	361482	361030	427977	0	0	2043904	20480	0	0	
0	897024	0	0	0	0	0	365079	364879	432366	0	0	1081344	20480	0	0	20971520	0	897024	0	0	0	0	0	365079	364879	432366	0	0	1081344	20480	0	0	
0	1806336	0	0	0	0	0	369072	368589	436887	0	0	2039808	0	0	0	20971520	0	1806336	0	0	0	0	0	369072	368589	436887	0	0	2039808	0	0	0	
0	2371584	0	0	0	0	0	371547	370938	439857	0	0	2764800	0	0	0	20971520	0	2371584	0	0	0	0	0	371547	370938	439857	0	0	2764800	0	0	0	
0	2514944	0	0	0	0	0	374055	373457	442794	0	0	2772992	0	0	0	20971520	0	2514944	0	0	0	0	0	374055	373457	442794	0	0	2772992	0	0	0	
0	1908736	0	0	0	0	0	377124	376654	446424	0	0	2048000	20480	0	0	20971520	0	1908736	0	0	0	0	0	377124	376654	446424	0	0	2048000	20480	0	0	
0	1961984	0	0	0	0	0	379632	379170	449394	0	0	2043904	20480	0	0	20971520	0	1961984	0	0	0	0	0	379632	379170	449394	0	0	2043904	20480	0	0	
0	1253376	0	0	0	0	0	382272	382006	452595	0	0	1282048	20480	0	0	20971520	0	1253376	0	0	0	0	0	382272	382006	452595	0	0	1282048	20480	0	0	
0	2539520	0	0	0	0	0	385638	385044	456588	0	0	2805760	0	0	0	20971520	0	2539520	0	0	0	0	0	385638	385044	456588	0	0	2805760	0	0	0	
0	1990656	0	0	0	0	0	389169	388786	460713	0	0	2039808	20480	0	0	20971520	0	1990656	0	0	0	0	0	389169	388786	460713	0	0	2039808	20480	0	0	
0	2002944	0	0	0	0	0	392205	391799	464277	0	0	2027520	0	0	0	20971520	0	2002944	0	0	0	0	0	392205	391799	464277	0	0	2027520	0	0	0	
0	2023424	0	0	0	135168	0	395241	394809	467874	0	0	2048000	20480	0	0	20971520	0	2023424	0	0	0	135168	0	395241	394809	467874	0	0	2048000	20480	0	0	
0	1757184	0	0	0	135168	0	398739	398322	472098	0	0	2031616	0	0	0	20971520	0	1757184	0	0	0	135168	0	398739	398322	472098	0	0	2031616	0	0	0	
0	2555904	0	0	0	135168	0	401775	401167	475563	0	0	2768896	20480	0	0	20971520	0	2555904	0	0	0	135168	0	401775	401167	475563	0	0	2768896	20480	0	0	
0	1912832	0	0	0	135168	0	404811	404394	479160	0	0	2043904	20480	0	0	20971520	0	1912832	0	0	0	135168	0	404811	404394	479160	0	0	2043904	20480	0	0	
0	2654208	0	0	0	135168	0	408309	407741	483417	0	0	2768896	20480	0	0	20971520	0	2654208	0	0	0	135168	0	408309	407741	483417	0	0	2768896	20480	0	0	
0	626688	0	0	0	135168	0	411411	411229	487179	0	0	1015808	20480	0	0	20971520	0	626688	0	0	0	135168	0	411411	411229	487179	0	0	1015808	20480	0	0	
0	1884160	0	0	0	135168	0	415338	414962	491733	0	0	2035712	20480	0	0	20971520	0	1884160	0	0	0	135168	0	415338	414962	491733	0	0	2035712	20480	0	0	
0	2584576	0	0	0	135168	0	418407	417777	495297	0	0	2772992	20480	0	0	20971520	0	2584576	0	0	0	135168	0	418407	417777	495297	0	0	2772992	20480	0	0	
0	1835008	0	0	0	135168	0	421377	420982	498894	0	0	2039808	20480	0	0	20971520	0	1835008	0	0	0	135168	0	421377	420982	498894	0	0	2039808	20480	0	0	
0	630784	0	0	0	135168	0	421443	421276	499092	0	0	921600	24576	0	0	20971520	0	630784	0	0	0	135168	0	421443	421276	499092	0	0	921600	24576	0	0	
0	2727936	0	0	0	135168	0	424545	423910	502953	0	0	2904064	4096	0	0	20971520	0	2727936	0	0	0	135168	0	424545	423910	502953	0	0	2904064	4096	0	0	
0	1945600	0	0	0	135168	0	427548	427146	506517	0	0	2134016	24576	0	0	20971520	0	1945600	0	0	0	135168	0	427548	427146	506517	0	0	2134016	24576	0	0	
0	1949696	0	0	0	135168	0	430419	429972	509883	0	0	2076672	24576	0	0	20971520	0	1949696	0	0	0	135168	0	430419	429972	509883	0	0	2076672	24576	0	0	
0	921600	0	0	0	135168	0	433752	433554	513843	0	0	1085440	24576	0	0	20971520	0	921600	0	0	0	135168	0	433752	433554	513843	0	0	1085440	24576	0	0	
0	876544	0	0	0	135168	0	436788	436571	517440	0	0	1138688	24576	0	0	20971520	0	876544	0	0	0	135168	0	436788	436571	517440	0	0	1138688	24576	0	0	
0	1875968	0	0	0	135168	0	440517	440061	521829	0	0	2060288	24576	0	0	20971520	0	1875968	0	0	0	135168	0	440517	440061	521829	0	0	2060288	24576	0	0	
0	2449408	0	0	0	135168	0	443223	442627	525030	0	0	2859008	4096	0	0	20971520	0	2449408	0	0	0	135168	0	443223	442627	525030	0	0	2859008	4096	0	0	
0	2617344	0	0	0	135168	0	445764	445145	528000	0	0	2859008	4096	0	0	20971520	0	2617344	0	0	0	135168	0	445764	445145	528000	0	0	2859008	4096	0	0	
0	2068480	0	0	0	135168	0	448800	448381	531498	0	0	2129920	4096	0	0	20971520	0	2068480	0	0	0	135168	0	448800	448381	531498	0	0	2129920	4096	0	0	
0	1998848	0	0	0	135168	0	451836	451417	535128	0	0	2125824	4096	0	0	20971520	0	1998848	0	0	0	135168	0	451836	451417	535128	0	0	2125824	4096	0	0	
0	1343488	0	0	0	135168	0	455070	454757	538923	0	0	1593344	24576	0	0	20971520	0	1343488	0	0	0	135168	0	455070	454757	538923	0	0	1593344	24576	0	0	
0	1912832	0	0	0	135168	0	459195	458756	543906	0	0	2064384	4096	0	0	20971520	0	1912832	0	0	0	135168	0	459195	458756	543906	0	0	2064384	4096	0	0	
0	2015232	0	0	0	135168	0	462990	462520	548229	0	0	2129920	4096	0	0	20971520	0	2015232	0	0	0	135168	0	462990	462520	548229	0	0	2129920	4096	0	0	
0	1757184	0	0	0	135168	0	465498	464999	551232	0	0	2129920	24576	0	0	20971520	0	1757184	0	0	0	135168	0	465498	464999	551232	0	0	2129920	24576	0	0	
0	655360	0	0	0	135168	0	468534	468360	554829	0	0	983040	24576	0	0	20971520	0	655360	0	0	0	135168	0	468534	468360	554829	0	0	983040	24576	0	0	
0	1847296	0	0	0	135168	0	471570	471051	558360	0	0	2129920	24576	0	0	20971520	0	1847296	0	0	0	135168	0	471570	471051	558360	0	0	2129920	24576	0	0	
0	2629632	0	0	0	135168	0	474606	473933	561957	0	0	2879488	24576	0	0	20971520	0	2629632	0	0	0	135168	0	474606	473933	561957	0	0	2879488	24576	0	0	
0	2682880	0	0	0	135168	0	477609	476933	565521	0	0	2879488	4096	0	0	20971520	0	2682880	0	0	0	135168	0	477609	476933	565521	0	0	2879488	4096	0	0	
0	1929216	0	0	0	135168	0	480612	480187	569151	0	0	2129920	24576	0	0	20971520	0	1929216	0	0	0	135168	0	480612	480187	569151	0	0	2129920	24576	0	0	
0	2564096	0	0	0	135168	0	484638	484018	573837	0	0	2863104	4096	0	0	20971520	0	2564096	0	0	0	135168	0	484638	484018	573837	0	0	2863104	4096	0	0	
0	2695168	0	0	0	135168	0	488730	488065	578589	0	0	2859008	4096	0	0	20971520	0	2695168	0	0	0	135168	0	488730	488065	578589	0	0	2859008	4096	0	0	
0	2752512	0	0	0	135168	0	491238	490604	581658	0	0	2859008	24576	0	0	20971520	0	2752512	0	0	0	135168	0	491238	490604	581658	0	0	2859008	24576	0	0	
0	1335296	0	0	0	135168	0	493944	493635	584925	0	0	1601536	24576	0	0	20971520	0	1335296	0	0	0	135168	0	493944	493635	584925	0	0	1601536	24576	0	0	
0	1888256	0	0	0	135168	0	497772	497374	589347	0	0	2134016	4096	0	0	20971520	0	1888256	0	0	0	135168	0	497772	497374	589347	0	0	2134016	4096	0	0	
0	2646016	0	0	0	135168	0	500775	500213	592911	0	0	2863104	4096	0	0	20971520	0	2646016	0	0	0	135168	0	500775	500213	592911	0	0	2863104	4096	0	0	
0	2498560	0	0	0	135168	0	503877	503217	596541	0	0	2863104	4096	0	0	20971520	0	2498560	0	0	0	135168	0	503877	503217	596541	0	0	2863104	4096	0	0	
0	1892352	0	0	0	135168	0	506385	505944	599478	0	0	2134016	24576	0	0	20971520	0	1892352	0	0	0	135168	0	506385	505944	599478	0	0	2134016	24576	0	0	
0	2756608	0	0	0	135168	0	511401	510767	605418	0	0	2854912	24576	0	0	20971520	0	2756608	0	0	0	135168	0	511401	510767	605418	0	0	2854912	24576	0	0	
0	921600	0	0	0	135168	0	511467	511277	605649	0	0	1007616	24576	0	0	20971520	0	921600	0	0	0	135168	0	511467	511277	605649	0	0	1007616	24576	0	0	
0	1818624	0	0	0	135168	0	514041	513621	608883	0	0	2125824	4096	0	0	20971520	0	1818624	0	0	0	135168	0	514041	513621	608883	0	0	2125824	4096	0	0	
0	786432	0	0	0	135168	0	516549	516455	611919	0	0	991232	24576	0	0	20971520	0	786432	0	0	0	135168	0	516549	516455	611919	0	0	991232	24576	0	0	
0	2678784	0	0	0	135168	0	519618	518975	615417	0	0	2867200	4096	0	0	20971520	0	2678784	0	0	0	135168	0	519618	518975	615417	0	0	2867200	4096	0	0	
0	839680	0	0	0	135168	0	522819	522532	619245	0	0	1257472	24576	0	0	20971520	0	839680	0	0	0	135168	0	522819	522532	619245	0	0	1257472	24576	0	0	
0	864256	0	0	0	135168	0	523248	523060	619872	0	0	1003520	24576	0	0	20971520	0	864256	0	0	0	135168	0	523248	523060	619872	0	0	1003520	24576	0	0	
0	2088960	0	0	0	135168	0	526779	526362	624294	0	0	2134016	24576	0	0	20971520	0	2088960	0	0	0	135168	0	526779	526362	624294	0	0	2134016	24576	0	0	
0	2097152	0	0	0	135168	0	531366	530913	629673	0	0	2129920	24576	0	0	20971520	0	2097152	0	0	0	135168	0	531366	530913	629673	0	0	2129920	24576	0	0	
0	2007040	0	0	0	135168	0	534864	534484	633864	0	0	2105344	4096	0	0	20971520	0	2007040	0	0	0	135168	0	534864	534484	633864	0	0	2105344	4096	0	0	
0	1949696	0	0	0	135168	0	537966	537489	637395	0	0	2121728	4096	0	0	20971520	0	1949696	0	0	0	135168	0	537966	537489	637395	0	0	2121728	4096	0	0	
0	770048	0	0	0	135168	0	538956	538834	638814	0	0	1007616	24576	0	0	20971520	0	770048	0	0	0	135168	0	538956	538834	638814	0	0	1007616	24576	0	0	
0	2416640	0	0	0	135168	0	542091	541430	642675	0	0	2863104	4096	0	0	20971520	0	2416640	0	0	0	135168	0	542091	541430	642675	0	0	2863104	4096	0	0	
0	2494464	0	0	0	135168	0	545127	544477	646206	0	0	2859008	4096	0	0	20971520	0	2494464	0	0	0	135168	0	545127	544477	646206	0	0	2859008	4096	0	0	
0	1998848	0	0	0	135168	0	547668	547256	649209	0	0	2138112	24576	0	0	20971520	0	1998848	0	0	0	135168	0	547668	547256	649209	0	0	2138112	24576	0	0	
0	1945600	0	0	0	135168	0	551694	551267	654027	0	0	2138112	24576	0	0	20971520	0	1945600	0	0	0	135168	0	551694	551267	654027	0	0	2138112	24576	0	0	
0	2609152	0	0	0	135168	0	555291	554568	658086	0	0	2879488	4096	0	0	20971520	0	2609152	0	0	0	135168	0	555291	554568	658086	0	0	2879488	4096	0	0	
0	1937408	0	0	0	135168	0	557766	557366	661155	0	0	2134016	24576	0	0	20971520	0	1937408	0	0	0	135168	0	557766	557366	661155	0	0	2134016	24576	0	0	
0	2367488	0	0	0	135168	0	561792	561223	665907	0	0	2863104	4096	0	0	20971520	0	2367488	0	0	0	135168	0	561792	561223	665907	0	0	2863104	4096	0	0	
0	1810432	0	0	0	135168	0	564399	563931	668844	0	0	2121728	24576	0	0	20971520	0	1810432	0	0	0	135168	0	564399	563931	668844	0	0	2121728	24576	0	0	
0	2453504	0	0	0	135168	0	566940	566270	671880	0	0	2859008	4096	0	0	20971520	0	2453504	0	0	0	135168	0	566940	566270	671880	0	0	2859008	4096	0	0	
0	815104	0	0	0	135168	0	570471	570318	676137	0	0	1007616	24576	0	0	20971520	0	815104	0	0	0	135168	0	570471	570318	676137	0	0	1007616	24576	0	0	
0	1916928	0	0	0	135168	0	574002	573547	680229	0	0	2134016	24576	0	0	20971520	0	1916928	0	0	0	135168	0	574002	573547	680229	0	0	2134016	24576	0	0	
0	1933312	0	0	0	135168	0	578556	578141	685608	0	0	2134016	24576	0	0	20971520	0	1933312	0	0	0	135168	0	578556	578141	685608	0	0	2134016	24576	0	0	
0	1847296	0	0	0	135168	0	584166	583700	692109	0	0	2125824	4096	0	0	20971520	0	1847296	0	0	0	135168	0	584166	583700	692109	0	0	2125824	4096	0	0	
0	2703360	0	0	0	135168	0	588687	588075	697488	0	0	2895872	4096	0	0	20971520	0	2703360	0	0	0	135168	0	588687	588075	697488	0	0	2895872	4096	0	0	
0	2752512	0	0	0	135168	0	591756	591143	701019	0	0	2883584	4096	0	0	20971520	0	2752512	0	0	0	135168	0	591756	591143	701019	0	0	2883584	4096	0	0	
0	724992	0	0	0	135168	0	593769	593620	703428	0	0	925696	24576	0	0	20971520	0	724992	0	0	0	135168	0	593769	593620	703428	0	0	925696	24576	0	0	
0	2416640	0	0	0	135168	0	596739	596171	707058	0	0	2859008	4096	0	0	20971520	0	2416640	0	0	0	135168	0	596739	596171	707058	0	0	2859008	4096	0	0	
0	942080	0	0	0	135168	0	599412	599212	710160	0	0	1142784	24576	0	0	20971520	0	942080	0	0	0	135168	0	599412	599212	710160	0	0	1142784	24576	0	0	
0	2613248	0	0	0	135168	0	602877	602256	714153	0	0	2813952	4096	0	0	20971520	0	2613248	0	0	0	135168	0	602877	602256	714153	0	0	2813952	4096	0	0	
0	1908736	0	0	0	135168	0	605946	605499	717717	0	0	2129920	24576	0	0	20971520	0	1908736	0	0	0	135168	0	605946	605499	717717	0	0	2129920	24576	0	0	
0	1875968	0	0	0	135168	0	610005	609568	722502	0	0	2129920	24576	0	0	20971520	0	1875968	0	0	0	135168	0	610005	609568	722502	0	0	2129920	24576	0	0	
0	2232320	0	0	0	135168	0	613998	613409	727221	0	0	2555904	4096	0	0	20971520	0	2232320	0	0	0	135168	0	613998	613409	727221	0	0	2555904	4096	0	0	
0	1929216	0	0	0	135168	0	617067	616655	730917	0	0	2125824	24576	0	0	20971520	0	1929216	0	0	0	135168	0	617067	616655	730917	0	0	2125824	24576	0	0	
0	815104	0	0	0	135168	0	619674	619515	733986	0	0	1138688	24576	0	0	20971520	0	815104	0	0	0	135168	0	619674	619515	733986	0	0	1138688	24576	0	0	
0	2494464	0	0	0	135168	0	623172	622519	738012	0	0	2875392	24576	0	0	20971520	0	2494464	0	0	0	135168	0	623172	622519	738012	0	0	2875392	24576	0	0	
0	1863680	0	0	0	135168	0	626703	626271	742137	0	0	2121728	4096	0	0	20971520	0	1863680	0	0	0	135168	0	626703	626271	742137	0	0	2121728	4096	0	0	
0	2043904	0	0	0	135168	0	629739	629299	745734	0	0	2129920	4096	0	0	20971520	0	2043904	0	0	0	135168	0	629739	629299	745734	0	0	2129920	4096	0	0	
0	1990656	0	0	0	135168	0	633270	632867	749925	0	0	2129920	24576	0	0	20971520	0	1990656	0	0	0	135168	0	633270	632867	749925	0	0	2129920	24576	0	0	
0	1847296	0	0	0	135168	0	637857	637366	755271	0	0	2134016	24576	0	0	20971520	0	1847296	0	0	0	135168	0	637857	637366	755271	0	0	2134016	24576	0	0	
0	856064	0	0	0	135168	0	641949	641787	760221	0	0	1089536	24576	0	0	20971520	0	856064	0	0	0	135168	0	641949	641787	760221	0	0	1089536	24576	0	0	
0	2617344	0	0	0	135168	0	645942	645325	764841	0	0	2854912	24576	0	0	20971520	0	2617344	0	0	0	135168	0	645942	645325	764841	0	0	2854912	24576	0	0	
0	1990656	0	0	0	135168	0	649011	648571	768405	0	0	2134016	4096	0	0	20971520	0	1990656	0	0	0	135168	0	649011	648571	768405	0	0	2134016	4096	0	0	
0	2560000	0	0	0	135168	0	651519	650905	771375	0	0	2863104	4096	0	0	20971520	0	2560000	0	0	0	135168	0	651519	650905	771375	0	0	2863104	4096	0	0	
0	1966080	0	0	0	135168	0	654621	654150	774972	0	0	2129920	24576	0	0	20971520	0	1966080	0	0	0	135168	0	654621	654150	774972	0	0	2129920	24576	0	0	
0	2457600	0	0	0	135168	0	658152	657487	779163	0	0	2846720	4096	0	0	20971520	0	2457600	0	0	0	135168	0	658152	657487	779163	0	0	2846720	4096	0	0	
0	1982464	0	0	0	135168	0	661155	660749	782694	0	0	2121728	4096	0	0	20971520	0	1982464	0	0	0	135168	0	661155	660749	782694	0	0	2121728	4096	0	0	
0	2650112	0	0	0	135168	0	665676	665128	788040	0	0	2859008	4096	0	0	20971520	0	2650112	0	0	0	135168	0	665676	665128	788040	0	0	2859008	4096	0	0	
0	2048000	0	0	0	135168	0	668745	668336	791637	0	0	2129920	4096	0	0	20971520	0	2048000	0	0	0	135168	0	668745	668336	791637	0	0	2129920	4096	0	0	
0	2486272	0	0	0	135168	0	671814	671185	795234	0	0	2813952	24576	0	0	20971520	0	2486272	0	0	0	135168	0	671814	671185	795234	0	0	2813952	24576	0	0	
0	2015232	0	0	0	135168	0	674355	673935	798237	0	0	2134016	24576	0	0	20971520	0	2015232	0	0	0	135168	0	674355	673935	798237	0	0	2134016	24576	0	0	
0	1540096	0	0	0	135168	0	677622	677243	802065	0	0	1798144	24576	0	0	20971520	0	1540096	0	0	0	135168	0	677622	677243	802065	0	0	1798144	24576	0	0	
0	2269184	0	0	0	135168	0	680295	679815	805233	0	0	2506752	4096	0	0	20971520	0	2269184	0	0	0	135168	0	680295	679815	805233	0	0	2506752	4096	0	0	
0	1921024	0	0	0	135168	0	682935	682518	808335	0	0	2134016	24576	0	0	20971520	0	1921024	0	0	0	135168	0	682935	682518	808335	0	0	2134016	24576	0	0	
0	1896448	0	0	0	135168	0	688545	688119	814869	0	0	2129920	4096	0	0	20971520	0	1896448	0	0	0	135168	0	688545	688119	814869	0	0	2129920	4096	0	0	
0	2494464	0	0	0	135168	0	692604	691945	819687	0	0	2859008	4096	0	0	20971520	0	2494464	0	0	0	135168	0	692604	691945	819687	0	0	2859008	4096	0	0	
0	802816	0	0	0	135168	0	695673	695489	823317	0	0	1085440	24576	0	0	20971520	0	802816	0	0	0	135168	0	695673	695489	823317	0	0	1085440	24576	0	0	
0	2490368	0	0	0	135168	0	699171	698550	827343	0	0	2850816	4096	0	0	20971520	0	2490368	0	0	0	135168	0	699171	698550	827343	0	0	2850816	4096	0	0	
0	2457600	0	0	0	135168	0	702207	701593	830907	0	0	2863104	24576	0	0	20971520	0	2457600	0	0	0	135168	0	702207	701593	830907	0	0	2863104	24576	0	0	
0	2596864	0	0	0	135168	0	704715	704110	833943	0	0	2859008	4096	0	0	20971520	0	2596864	0	0	0	135168	0	704715	704110	833943	0	0	2859008	4096	0	0	
0	1826816	0	0	0	135168	0	707619	707145	837342	0	0	2093056	4096	0	0	20971520	0	1826816	0	0	0	135168	0	707619	707145	837342	0	0	2093056	4096	0	0	
0	2568192	0	0	0	135168	0	710820	710184	841071	0	0	2867200	24576	0	0	20971520	0	2568192	0	0	0	135168	0	710820	710184	841071	0	0	2867200	24576	0	0	
0	2351104	0	0	0	135168	0	714351	713709	845229	0	0	2867200	24576	0	0	20971520	0	2351104	0	0	0	135168	0	714351	713709	845229	0	0	2867200	24576	0	0	
0	2605056	0	0	0	135168	0	718938	718302	850641	0	0	2863104	4096	0	0	20971520	0	2605056	0	0	0	135168	0	718938	718302	850641	0	0	2863104	4096	0	0	
0	1781760	0	0	0	135168	0	721809	721340	854007	0	0	2084864	4096	0	0	20971520	0	1781760	0	0	0	135168	0	721809	721340	854007	0	0	2084864	4096	0	0	
0	2502656	0	0	0	135168	0	724977	724391	857769	0	0	2863104	24576	0	0	20971520	0	2502656	0	0	0	135168	0	724977	724391	857769	0	0	2863104	24576	0	0	
0	2551808	0	0	0	135168	0	728046	727456	861333	0	0	2854912	4096	0	0	20971520	0	2551808	0	0	0	135168	0	728046	727456	861333	0	0	2854912	4096	0	0	
0	1929216	0	0	0	135168	0	730554	730177	864336	0	0	2129920	4096	0	0	20971520	0	1929216	0	0	0	135168	0	730554	730177	864336	0	0	2129920	4096	0	0	
0	2613248	0	0	0	135168	0	734085	733526	868461	0	0	2859008	4096	0	0	20971520	0	2613248	0	0	0	135168	0	734085	733526	868461	0	0	2859008	4096	0	0	
0	2494464	0	0	0	135168	0	737220	736517	872058	0	0	2850816	4096	0	0	20971520	0	2494464	0	0	0	135168	0	737220	736517	872058	0	0	2850816	4096	0	0	
0	2629632	0	0	0	135168	0	741246	740614	876777	0	0	2813952	4096	0	0	20971520	0	2629632	0	0	0	135168	0	741246	740614	876777	0	0	2813952	4096	0	0	
0	2613248	0	0	0	135168	0	744249	743647	880440	0	0	2863104	4096	0	0	20971520	0	2613248	0	0	0	135168	0	744249	743647	880440	0	0	2863104	4096	0	0	
0	2007040	0	0	0	135168	0	746856	746381	883377	0	0	2134016	24576	0	0	20971520	0	2007040	0	0	0	135168	0	746856	746381	883377	0	0	2134016	24576	0	0	
0	2531328	0	0	0	135168	0	749826	749216	886941	0	0	2854912	4096	0	0	20971520	0	2531328	0	0	0	135168	0	749826	749216	886941	0	0	2854912	4096	0	0	
0	1912832	0	0	0	135168	0	752367	751971	889944	0	0	2134016	24576	0	0	20971520	0	1912832	0	0	0	135168	0	752367	751971	889944	0	0	2134016	24576	0	0	
0	835584	0	0	0	135168	0	754941	754789	892947	0	0	925696	24576	0	0	20971520	0	835584	0	0	0	135168	0	754941	754789	892947	0	0	925696	24576	0	0	
0	2596864	0	0	0	135168	0	757977	757304	896478	0	0	2867200	4096	0	0	20971520	0	2596864	0	0	0	135168	0	757977	757304	896478	0	0	2867200	4096	0	0	
0	937984	0	0	0	135168	0	761079	760872	900207	0	0	1085440	24576	0	0	20971520	0	937984	0	0	0	135168	0	761079	760872	900207	0	0	1085440	24576	0	0	
0	2547712	0	0	0	135168	0	765567	764956	905421	0	0	2863104	4096	0	0	20971520	0	2547712	0	0	0	135168	0	765567	764956	905421	0	0	2863104	4096	0	0	
0	1941504	0	0	0	135168	0	768603	768156	909051	0	0	2125824	4096	0	0	20971520	0	1941504	0	0	0	135168	0	768603	768156	909051	0	0	2125824	4096	0	0	
0	2498560	0	0	0	135168	0	772167	771537	913176	0	0	2859008	24576	0	0	20971520	0	2498560	0	0	0	135168	0	772167	771537	913176	0	0	2859008	24576	0	0	
0	2498560	0	0	0	135168	0	774642	774077	916146	0	0	2863104	4096	0	0	20971520	0	2498560	0	0	0	135168	0	774642	774077	916146	0	0	2863104	4096	0	0	
0	2674688	0	0	0	135168	0	777711	777108	919776	0	0	2859008	4096	0	0	20971520	0	2674688	0	0	0	135168	0	777711	777108	919776	0	0	2859008	4096	0	0	
0	1839104	0	0	0	135168	0	780285	779858	922779	0	0	2125824	4096	0	0	20971520	0	1839104	0	0	0	135168	0	780285	779858	922779	0	0	2125824	4096	0	0	
0	1945600	0	0	0	135168	0	783255	782879	926277	0	0	2129920	24576	0	0	20971520	0	1945600	0	0	0	135168	0	783255	782879	926277	0	0	2129920	24576	0	0	
0	2068480	0	0	0	135168	0	787347	786911	931029	0	0	2129920	4096	0	0	20971520	0	2068480	0	0	0	135168	0	787347	786911	931029	0	0	2129920	4096	0	0	
0	745472	0	0	0	135168	0	789459	789267	933735	0	0	1007616	24576	0	0	20971520	0	745472	0	0	0	135168	0	789459	789267	933735	0	0	1007616	24576	0	0	
0	1937408	0	0	0	135168	0	790977	790564	935748	0	0	2129920	24576	0	0	20971520	0	1937408	0	0	0	135168	0	790977	790564	935748	0	0	2129920	24576	0	0	
0	798720	0	0	0	135168	0	794112	793876	939510	0	0	1126400	24576	0	0	20971520	0	798720	0	0	0	135168	0	794112	793876	939510	0	0	1126400	24576	0	0	
0	1544192	0	0	0	135168	0	796818	796424	942612	0	0	1781760	24576	0	0	20971520	0	1544192	0	0	0	135168	0	796818	796424	942612	0	0	1781760	24576	0	0	
0	1564672	0	0	0	135168	0	799359	798949	945615	0	0	1761280	24576	0	0	20971520	0	1564672	0	0	0	135168	0	799359	798949	945615	0	0	1761280	24576	0	0	
0	2686976	0	0	0	135168	0	802626	802004	949443	0	0	2863104	4096	0	0	20971520	0	2686976	0	0	0	135168	0	802626	802004	949443	0	0	2863104	4096	0	0	
0	1318912	0	0	0	135168	0	804870	804590	952116	0	0	1622016	24576	0	0	20971520	0	1318912	0	0	0	135168	0	804870	804590	952116	0	0	1622016	24576	0	0	
0	2424832	0	0	0	135168	0	807708	807110	955416	0	0	2859008	24576	0	0	20971520	0	2424832	0	0	0	135168	0	807708	807110	955416	0	0	2859008	24576	0	0	
0	2551808	0	0	0	135168	0	811767	811146	960234	0	0	2854912	4096	0	0	20971520	0	2551808	0	0	0	135168	0	811767	811146	960234	0	0	2854912	4096	0	0	
0	2572288	0	0	0	135168	0	814836	814190	963765	0	0	2859008	4096	0	0	20971520	0	2572288	0	0	0	135168	0	814836	814190	963765	0	0	2859008	4096	0	0	
0	2375680	0	0	0	135168	0	817905	817217	967362	0	0	2863104	4096	0	0	20971520	0	2375680	0	0	0	135168	0	817905	817217	967362	0	0	2863104	4096	0	0	
0	2502656	0	0	0	135168	0	820875	820285	970959	0	0	2863104	24576	0	0	20971520	0	2502656	0	0	0	135168	0	820875	820285	970959	0	0	2863104	24576	0	0	
0	1142784	0	0	0	135168	0	823581	823308	974127	0	0	1384448	24576	0	0	20971520	0	1142784	0	0	0	135168	0	823581	823308	974127	0	0	1384448	24576	0	0	
0	868352	0	0	0	135168	0	826551	826359	977691	0	0	1134592	24576	0	0	20971520	0	868352	0	0	0	135168	0	826551	826359	977691	0	0	1134592	24576	0	0	
0	1896448	0	0	0	135168	0	830016	829561	981717	0	0	2125824	4096	0	0	20971520	0	1896448	0	0	0	135168	0	830016	829561	981717	0	0	2125824	4096	0	0	
0	2416640	0	0	0	135168	0	833085	832437	985248	0	0	2867200	4096	0	0	20971520	0	2416640	0	0	0	135168	0	833085	832437	985248	0	0	2867200	4096	0	0	
0	2588672	0	0	0	135168	0	836154	835428	988878	0	0	2863104	4096	0	0	20971520	0	2588672	0	0	0	135168	0	836154	835428	988878	0	0	2863104	4096	0	0	
0	1851392	0	0	0	135168	0	838959	838515	992244	0	0	2064384	24576	0	0	20971520	0	1851392	0	0	0	135168	0	838959	838515	992244	0	0	2064384	24576	0	0	
0	1056768	0	0	0	135168	0	841269	841059	995049	0	0	1187840	24576	0	0	20971520	0	1056768	0	0	0	135168	0	841269	841059	995049	0	0	1187840	24576	0	0	
0	1839104	0	0	0	135168	0	844734	844262	998976	0	0	2134016	24576	0	0	20971520	0	1839104	0	0	0	135168	0	844734	844262	998976	0	0	2134016	24576	0	0	
0	753664	0	0	0	135168	0	847869	847674	1002738	0	0	1089536	24576	0	0	20971520	0	753664	0	0	0	135168	0	847869	847674	1002738	0	0	1089536	24576	0	0	
0	1925120	0	0	0	135168	0	850839	850370	1006170	0	0	2134016	24576	0	0	20971520	0	1925120	0	0	0	135168	0	850839	850370	1006170	0	0	2134016	24576	0	0	
0	2560000	0	0	0	135168	0	854337	853711	1010328	0	0	2859008	24576	0	0	20971520	0	2560000	0	0	0	135168	0	854337	853711	1010328	0	0	2859008	24576	0	0	
0	1880064	0	0	0	135168	0	856944	856458	1013364	0	0	2129920	4096	0	0	20971520	0	1880064	0	0	0	135168	0	856944	856458	1013364	0	0	2129920	4096	0	0	
0	610304	0	0	0	135168	0	858000	857759	1014783	0	0	1003520	24576	0	0	20971520	0	610304	0	0	0	135168	0	858000	857759	1014783	0	0	1003520	24576	0	0	
0	2064384	0	0	0	135168	0	860046	859594	1017357	0	0	2134016	24576	0	0	20971520	0	2064384	0	0	0	135168	0	860046	859594	1017357	0	0	2134016	24576	0	0	
0	1667072	0	0	0	135168	0	863379	862944	1021383	0	0	1949696	24576	0	0	20971520	0	1667072	0	0	0	135168	0	863379	862944	1021383	0	0	1949696	24576	0	0	
0	1052672	0	0	0	135168	0	866283	865944	1024815	0	0	1507328	24576	0	0	20971520	0	1052672	0	0	0	135168	0	866283	865944	1024815	0	0	1507328	24576	0	0	
0	1986560	0	0	0	135168	0	869154	868738	1028181	0	0	2134016	24576	0	0	20971520	0	1986560	0	0	0	135168	0	869154	868738	1028181	0	0	2134016	24576	0	0	
0	2625536	0	0	0	135168	0	872751	872113	1032306	0	0	2879488	4096	0	0	20971520	0	2625536	0	0	0	135168	0	872751	872113	1032306	0	0	2879488	4096	0	0	
0	1847296	0	0	0	135168	0	875754	875284	1035870	0	0	2129920	4096	0	0	20971520	0	1847296	0	0	0	135168	0	875754	875284	1035870	0	0	2129920	4096	0	0	
0	2543616	0	0	0	135168	0	879285	878674	1040061	0	0	2859008	4096	0	0	20971520	0	2543616	0	0	0	135168	0	879285	878674	1040061	0	0	2859008	4096	0	0	
0	1929216	0	0	0	135168	0	883311	882882	1044846	0	0	2129920	4096	0	0	20971520	0	1929216	0	0	0	135168	0	883311	882882	1044846	0	0	2129920	4096	0	0	
0	991232	0	0	0	135168	0	886446	886238	1048575	0	0	1138688	24576	0	0	20971520	0	991232	0	0	0	135168	0	886446	886238	1048575	0	0	1138688	24576	0	0	
0	1507328	0	0	0	135168	0	889680	889255	1052304	0	0	1773568	24576	0	0	20971520	0	1507328	0	0	0	135168	0	889680	889255	1052304	0	0	1773568	24576	0	0	
0	1871872	0	0	0	135168	0	893442	893049	1056759	0	0	2121728	4096	0	0	20971520	0	1871872	0	0	0	135168	0	893442	893049	1056759	0	0	2121728	4096	0	0	
0	1867776	0	0	0	135168	0	896016	895578	1059795	0	0	2129920	4096	0	0	20971520	0	1867776	0	0	0	135168	0	896016	895578	1059795	0	0	2129920	4096	0	0	
0	1220608	0	0	0	135168	0	898722	898408	1063029	0	0	1519616	24576	0	0	20971520	0	1220608	0	0	0	135168	0	898722	898408	1063029	0	0	1519616	24576	0	0	
0	1736704	0	0	0	135168	0	902022	901586	1066923	0	0	2121728	4096	0	0	20971520	0	1736704	0	0	0	135168	0	902022	901586	1066923	0	0	2121728	4096	0	0	
0	2621440	0	0	0	135168	0	905124	904480	1070520	0	0	2871296	4096	0	0	20971520	0	2621440	0	0	0	135168	0	905124	904480	1070520	0	0	2871296	4096	0	0	
0	2564096	0	0	0	135168	0	908127	907534	1074150	0	0	2883584	4096	0	0	20971520	0	2564096	0	0	0	135168	0	908127	907534	1074150	0	0	2883584	4096	0	0	
0	1974272	0	0	0	135168	0	911724	911288	1078275	0	0	2129920	4096	0	0	20971520	0	1974272	0	0	0	135168	0	911724	911288	1078275	0	0	2129920	4096	0	0	
0	2355200	0	0	0	135168	0	914727	914097	1081872	0	0	2867200	24576	0	0	20971520	0	2355200	0	0	0	135168	0	914727	914097	1081872	0	0	2867200	24576	0	0	
0	860160	0	0	0	135168	0	915783	915612	1083291	0	0	1007616	24576	0	0	20971520	0	860160	0	0	0	135168	0	915783	915612	1083291	0	0	1007616	24576	0	0	
0	1867776	0	0	0	135168	0	918357	917944	1086525	0	0	2138112	24576	0	0	20971520	0	1867776	0	0	0	135168	0	918357	917944	1086525	0	0	2138112	24576	0	0	
0	1716224	0	0	0	135168	0	921195	920767	1089858	0	0	2097152	4096	0	0	20971520	0	1716224	0	0	0	135168	0	921195	920767	1089858	0	0	2097152	4096	0	0	
0	2650112	0	0	0	135168	0	924396	923791	1093653	0	0	2863104	24576	0	0	20971520	0	2650112	0	0	0	135168	0	924396	923791	1093653	0	0	2863104	24576	0	0	
0	2551808	0	0	0	135168	0	927960	927343	1097844	0	0	2818048	4096	0	0	20971520	0	2551808	0	0	0	135168	0	927960	927343	1097844	0	0	2818048	4096	0	0	
0	753664	0	0	0	135168	0	930006	929913	1100484	0	0	1007616	24576	0	0	20971520	0	753664	0	0	0	135168	0	930006	929913	1100484	0	0	1007616	24576	0	0	
0	2699264	0	0	0	135168	0	931656	930987	1102563	0	0	2875392	4096	0	0	20971520	0	2699264	0	0	0	135168	0	931656	930987	1102563	0	0	2875392	4096	0	0	
0	2482176	0	0	0	135168	0	934692	934043	1106061	0	0	2863104	4096	0	0	20971520	0	2482176	0	0	0	135168	0	934692	934043	1106061	0	0	2863104	4096	0	0	
0	1576960	0	0	0	135168	0	937398	937085	1109394	0	0	1667072	24576	0	0	20971520	0	1576960	0	0	0	135168	0	937398	937085	1109394	0	0	1667072	24576	0	0	
0	876544	0	0	0	135168	0	940269	940123	1112793	0	0	1060864	24576	0	0	20971520	0	876544	0	0	0	135168	0	940269	940123	1112793	0	0	1060864	24576	0	0	
0	1810432	0	0	0	135168	0	943272	942839	1116258	0	0	2125824	4096	0	0	20971520	0	1810432	0	0	0	135168	0	943272	942839	1116258	0	0	2125824	4096	0	0	
0	2629632	0	0	0	135168	0	946836	946166	1120449	0	0	2867200	4096	0	0	20971520	0	2629632	0	0	0	135168	0	946836	946166	1120449	0	0	2867200	4096	0	0	
0	663552	0	0	0	135168	0	948849	948711	1122990	0	0	1007616	24576	0	0	20971520	0	663552	0	0	0	135168	0	948849	948711	1122990	0	0	1007616	24576	0	0	
0	2031616	0	0	0	135168	0	949938	949502	1124475	0	0	2125824	4096	0	0	20971520	0	2031616	0	0	0	135168	0	949938	949502	1124475	0	0	2125824	4096	0	0	
0	2048000	0	0	0	135168	0	952974	952556	1128039	0	0	2138112	24576	0	0	20971520	0	2048000	0	0	0	135168	0	952974	952556	1128039	0	0	2138112	24576	0	0	
0	2498560	0	0	0	135168	0	956505	955919	1132230	0	0	2859008	4096	0	0	20971520	0	2498560	0	0	0	135168	0	956505	955919	1132230	0	0	2859008	4096	0	0	
0	1335296	0	0	0	135168	0	960234	959943	1136685	0	0	1605632	24576	0	0	20971520	0	1335296	0	0	0	135168	0	960234	959943	1136685	0	0	1605632	24576	0	0	
0	1835008	0	0	0	135168	0	963105	962697	1140018	0	0	2125824	24576	0	0	20971520	0	1835008	0	0	0	135168	0	963105	962697	1140018	0	0	2125824	24576	0	0	
0	1773568	0	0	0	135168	0	965943	965542	1143417	0	0	2064384	4096	0	0	20971520	0	1773568	0	0	0	135168	0	965943	965542	1143417	0	0	2064384	4096	0	0	
0	1462272	0	0	0	135168	0	968946	968562	1146849	0	0	1802240	24576	0	0	20971520	0	1462272	0	0	0	135168	0	968946	968562	1146849	0	0	1802240	24576	0	0	
0	2625536	0	0	0	135168	0	972213	971610	1150743	0	0	2813952	24576	0	0	20971520	0	2625536	0	0	0	135168	0	972213	971610	1150743	0	0	2813952	24576	0	0	
0	2478080	0	0	0	135168	0	974754	974171	1153746	0	0	2818048	4096	0	0	20971520	0	2478080	0	0	0	135168	0	974754	974171	1153746	0	0	2818048	4096	0	0	
0	2314240	0	0	0	135168	0	977757	977213	1157178	0	0	2465792	4096	0	0	20971520	0	2314240	0	0	0	135168	0	977757	977213	1157178	0	0	2465792	4096	0	0	
0	1531904	0	0	0	135168	0	980595	980240	1160643	0	0	1753088	24576	0	0	20971520	0	1531904	0	0	0	135168	0	980595	980240	1160643	0	0	1753088	24576	0	0	
0	2691072	0	0	0	135168	0	983367	982758	1163910	0	0	2863104	4096	0	0	20971520	0	2691072	0	0	0	135168	0	983367	982758	1163910	0	0	2863104	4096	0	0	
0	1875968	0	0	0	135168	0	986436	985984	1167474	0	0	2138112	24576	0	0	20971520	0	1875968	0	0	0	135168	0	986436	985984	1167474	0	0	2138112	24576	0	0	
0	2748416	0	0	0	135168	0	989439	988829	1171071	0	0	2867200	24576	0	0	20971520	0	2748416	0	0	0	135168	0	989439	988829	1171071	0	0	2867200	24576	0	0	
0	2617344	0	0	0	135168	0	993003	992413	1175229	0	0	2859008	4096	0	0	20971520	0	2617344	0	0	0	135168	0	993003	992413	1175229	0	0	2859008	4096	0	0	
0	1814528	0	0	0	135168	0	997623	997162	1180608	0	0	2129920	4096	0	0	20971520	0	1814528	0	0	0	135168	0	997623	997162	1180608	0	0	2129920	4096	0	0	
0	2650112	0	0	0	135168	0	1000659	1000022	1184238	0	0	2883584	4096	0	0	20971520	0	2650112	0	0	0	135168	0	1000659	1000022	1184238	0	0	2883584	4096	0	0	
0	1933312	0	0	0	135168	0	1004157	1003761	1188396	0	0	2125824	24576	0	0	20971520	0	1933312	0	0	0	135168	0	1004157	1003761	1188396	0	0	2125824	24576	0	0	
0	2686976	0	0	0	135168	0	1007721	1007100	1192554	0	0	2859008	4096	0	0	20971520	0	2686976	0	0	0	135168	0	1007721	1007100	1192554	0	0	2859008	4096	0	0	
0	2002944	0	0	0	135168	0	1010262	1009835	1195557	0	0	2134016	24576	0	0	20971520	0	2002944	0	0	0	135168	0	1010262	1009835	1195557	0	0	2134016	24576	0	0	
0	2494464	0	0	0	135168	0	1013298	1012680	1199121	0	0	2863104	4096	0	0	20971520	0	2494464	0	0	0	135168	0	1013298	1012680	1199121	0	0	2863104	4096	0	0	
0	2617344	0	0	0	135168	0	1016334	1015744	1202685	0	0	2854912	4096	0	0	20971520	0	2617344	0	0	0	135168	0	1016334	1015744	1202685	0	0	2854912	4096	0	0	
0	1982464	0	0	0	135168	0	1019931	1019469	1206942	0	0	2125824	24576	0	0	20971520	0	1982464	0	0	0	135168	0	1019931	1019469	1206942	0	0	2125824	24576	0	0	
0	1921024	0	0	0	135168	0	1023957	1023493	1211661	0	0	2129920	4096	0	0	20971520	0	1921024	0	0	0	135168	0	1023957	1023493	1211661	0	0	2129920	4096	0	0	
0	1966080	0	0	0	135168	0	1026498	1026056	1214664	0	0	2129920	24576	0	0	20971520	0	1966080	0	0	0	135168	0	1026498	1026056	1214664	0	0	2129920	24576	0	0	
0	1060864	0	0	0	135168	0	1029699	1029440	1218459	0	0	1388544	24576	0	0	20971520	0	1060864	0	0	0	135168	0	1029699	1029440	1218459	0	0	1388544	24576	0	0	
0	1937408	0	0	0	135168	0	1032570	1032145	1221792	0	0	2129920	24576	0	0	20971520	0	1937408	0	0	0	135168	0	1032570	1032145	1221792	0	0	2129920	24576	0	0	
0	2613248	0	0	0	135168	0	1035573	1034991	1225356	0	0	2863104	4096	0	0	20971520	0	2613248	0	0	0	135168	0	1035573	1034991	1225356	0	0	2863104	4096	0	0	
0	2682880	0	0	0	135168	0	1038609	1038003	1228920	0	0	2867200	24576	0	0	20971520	0	2682880	0	0	0	135168	0	1038609	1038003	1228920	0	0	2867200	24576	0	0	
0	1884160	0	0	0	135168	0	1041645	1041259	1232550	0	0	2129920	4096	0	0	20971520	0	1884160	0	0	0	135168	0	1041645	1041259	1232550	0	0	2129920	4096	0	0	
0	2703360	0	0	0	135168	0	1045704	1045054	1237302	0	0	2863104	24576	0	0	20971520	0	2703360	0	0	0	135168	0	1045704	1045054	1237302	0	0	2863104	24576	0	0	
0	1806336	0	0	0	135168	0	1049829	1049359	1242120	0	0	2134016	24576	0	0	20971520	0	1806336	0	0	0	135168	0	1049829	1049359	1242120	0	0	2134016	24576	0	0	
0	1925120	0	0	0	135168	0	1053327	1052899	1246311	0	0	2129920	4096	0	0	20971520	0	1925120	0	0	0	135168	0	1053327	1052899	1246311	0	0	2129920	4096	0	0	
0	2072576	0	0	0	135168	0	1056363	1055972	1249842	0	0	2125824	4096	0	0	20971520	0	2072576	0	0	0	135168	0	1056363	1055972	1249842	0	0	2125824	4096	0	0	
0	1191936	0	0	0	135168	0	1059564	1059303	1253637	0	0	1388544	24576	0	0	20971520	0	1191936	0	0	0	135168	0	1059564	1059303	1253637	0	0	1388544	24576	0	0	
0	1994752	0	0	0	135168	0	1062501	1061995	1257003	0	0	2125824	4096	0	0	20971520	0	1994752	0	0	0	135168	0	1062501	1061995	1257003	0	0	2125824	4096	0	0	
0	2752512	0	0	0	135168	0	1065537	1064835	1260567	0	0	2854912	4096	0	0	20971520	0	2752512	0	0	0	135168	0	1065537	1064835	1260567	0	0	2854912	4096	0	0	
0	1044480	0	0	0	135168	0	1068177	1067906	1263801	0	0	1261568	24576	0	0	20971520	0	1044480	0	0	0	135168	0	1068177	1067906	1263801	0	0	1261568	24576	0	0	
0	1896448	0	0	0	135168	0	1071609	1071110	1267794	0	0	2129920	24576	0	0	20971520	0	1896448	0	0	0	135168	0	1071609	1071110	1267794	0	0	2129920	24576	0	0	
0	2011136	0	0	0	135168	0	1075107	1074712	1271985	0	0	2129920	24576	0	0	20971520	0	2011136	0	0	0	135168	0	1075107	1074712	1271985	0	0	2129920	24576	0	0	
110592	1957888	0	0	0	135168	0	1078143	1077684	1275516	0	0	2134016	24576	0	0	20971520	110592	1957888	0	0	0	135168	0	1078143	1077684	1275516	0	0	2134016	24576	0	0	
110592	2523136	0	0	0	135168	0	1081212	1080590	1279146	0	0	2879488	4096	0	0	20971520	110592	2523136	0	0	0	135168	0	1081212	1080590	1279146	0	0	2879488	4096	0	0	
110592	1839104	0	0	0	135168	0	1084281	1083826	1282743	0	0	2129920	24576	0	0	20971520	110592	1839104	0	0	0	135168	0	1084281	1083826	1282743	0	0	2129920	24576	0	0	
110592	2678784	0	0	0	135168	0	1087317	1086685	1286274	0	0	2871296	4096	0	0	20971520	110592	2678784	0	0	0	135168	0	1087317	1086685	1286274	0	0	2871296	4096	0	0	
110592	1077248	0	0	0	135168	0	1089957	1089713	1289508	0	0	1421312	24576	0	0	20971520	110592	1077248	0	0	0	135168	0	1089957	1089713	1289508	0	0	1421312	24576	0	0	
110592	2633728	0	0	0	135168	0	1093884	1093235	1294095	0	0	2879488	4096	0	0	20971520	110592	2633728	0	0	0	135168	0	1093884	1093235	1294095	0	0	2879488	4096	0	0	
110592	2523136	0	0	0	135168	0	1096953	1096294	1297593	0	0	2867200	24576	0	0	20971520	110592	2523136	0	0	0	135168	0	1096953	1096294	1297593	0	0	2867200	24576	0	0	
110592	2646016	0	0	0	135168	0	1100451	1099801	1301784	0	0	2859008	24576	0	0	20971520	110592	2646016	0	0	0	135168	0	1100451	1099801	1301784	0	0	2859008	24576	0	0	
110592	2560000	0	0	0	135168	0	1103058	1102356	1304787	0	0	2859008	4096	0	0	20971520	110592	2560000	0	0	0	135168	0	1103058	1102356	1304787	0	0	2859008	4096	0	0	
110592	1875968	0	0	0	135168	0	1105566	1105068	1307757	0	0	2138112	24576	0	0	20971520	110592	1875968	0	0	0	135168	0	1105566	1105068	1307757	0	0	2138112	24576	0	0	
110592	770048	0	0	0	135168	0	1108107	1107937	1310892	0	0	1085440	24576	0	0	20971520	110592	770048	0	0	0	135168	0	1108107	1107937	1310892	0	0	1085440	24576	0	0	
110592	2015232	0	0	0	135168	0	1111110	1110659	1314324	0	0	2125824	4096	0	0	20971520	110592	2015232	0	0	0	135168	0	1111110	1110659	1314324	0	0	2125824	4096	0	0	
110592	1462272	0	0	0	135168	0	1113849	1113522	1317657	0	0	1761280	24576	0	0	20971520	110592	1462272	0	0	0	135168	0	1113849	1113522	1317657	0	0	1761280	24576	0	0	
110592	2756608	0	0	0	135168	0	1116654	1116054	1320924	0	0	2899968	4096	0	0	20971520	110592	2756608	0	0	0	135168	0	1116654	1116054	1320924	0	0	2899968	4096	0	0	
110592	1929216	0	0	0	135168	0	1120185	1119787	1325049	0	0	2134016	24576	0	0	20971520	110592	1929216	0	0	0	135168	0	1120185	1119787	1325049	0	0	2134016	24576	0	0	
110592	1531904	0	0	0	135168	0	1123023	1122616	1328382	0	0	1855488	24576	0	0	20971520	110592	1531904	0	0	0	135168	0	1123023	1122616	1328382	0	0	1855488	24576	0	0	
110592	2560000	0	0	0	135168	0	1125762	1125142	1331682	0	0	2854912	4096	0	0	20971520	110592	2560000	0	0	0	135168	0	1125762	1125142	1331682	0	0	2854912	4096	0	0	
110592	1904640	0	0	0	135168	0	1128369	1127878	1334619	0	0	2129920	4096	0	0	20971520	110592	1904640	0	0	0	135168	0	1128369	1127878	1334619	0	0	2129920	4096	0	0	
110592	2486272	0	0	0	135168	0	1131405	1130752	1338183	0	0	2871296	4096	0	0	20971520	110592	2486272	0	0	0	135168	0	1131405	1130752	1338183	0	0	2871296	4096	0	0	
110592	770048	0	0	0	135168	0	1133946	1133758	1341186	0	0	987136	24576	0	0	20971520	110592	770048	0	0	0	135168	0	1133946	1133758	1341186	0	0	987136	24576	0	0	
110592	1961984	0	0	0	135168	0	1137444	1137021	1345377	0	0	2121728	4096	0	0	20971520	110592	1961984	0	0	0	135168	0	1137444	1137021	1345377	0	0	2121728	4096	0	0	
110592	2707456	0	0	0	135168	0	1141470	1140835	1350129	0	0	2895872	4096	0	0	20971520	110592	2707456	0	0	0	135168	0	1141470	1140835	1350129	0	0	2895872	4096	0	0	
110592	2695168	0	0	0	135168	0	1145595	1144922	1354914	0	0	2867200	4096	0	0	20971520	110592	2695168	0	0	0	135168	0	1145595	1144922	1354914	0	0	2867200	4096	0	0	
110592	2621440	0	0	0	135168	0	1149093	1148494	1359072	0	0	2830336	4096	0	0	20971520	110592	2621440	0	0	0	135168	0	1149093	1148494	1359072	0	0	2830336	4096	0	0	
110592	1482752	0	0	0	135168	0	1151403	1151021	1361844	0	0	1814528	24576	0	0	20971520	110592	1482752	0	0	0	135168	0	1151403	1151021	1361844	0	0	1814528	24576	0	0	
110592	1617920	0	0	0	135168	0	1154439	1154042	1365408	0	0	1814528	24576	0	0	20971520	110592	1617920	0	0	0	135168	0	1154439	1154042	1365408	0	0	1814528	24576	0	0	
110592	1900544	0	0	0	135168	0	1157706	1157273	1369236	0	0	2129920	4096	0	0	20971520	110592	1900544	0	0	0	135168	0	1157706	1157273	1369236	0	0	2129920	4096	0	0	
110592	2596864	0	0	0	135168	0	1160775	1160145	1372767	0	0	2859008	4096	0	0	20971520	110592	2596864	0	0	0	135168	0	1160775	1160145	1372767	0	0	2859008	4096	0	0	
110592	2535424	0	0	0	135168	0	1163250	1162618	1375770	0	0	2859008	4096	0	0	20971520	110592	2535424	0	0	0	135168	0	1163250	1162618	1375770	0	0	2859008	4096	0	0	
110592	1843200	0	0	0	135168	0	1167342	1166918	1380588	0	0	2134016	4096	0	0	20971520	110592	1843200	0	0	0	135168	0	1167342	1166918	1380588	0	0	2134016	4096	0	0	
110592	1536000	0	0	0	135168	0	1170576	1170237	1384482	0	0	1626112	24576	0	0	20971520	110592	1536000	0	0	0	135168	0	1170576	1170237	1384482	0	0	1626112	24576	0	0	
110592	2670592	0	0	0	135168	0	1173909	1173314	1388310	0	0	2863104	4096	0	0	20971520	110592	2670592	0	0	0	135168	0	1173909	1173314	1388310	0	0	2863104	4096	0	0	
110592	1929216	0	0	0	135168	0	1176945	1176525	1391940	0	0	2129920	24576	0	0	20971520	110592	1929216	0	0	0	135168	0	1176945	1176525	1391940	0	0	2129920	24576	0	0	
110592	782336	0	0	0	135168	0	1179519	1179355	1394943	0	0	987136	24576	0	0	20971520	110592	782336	0	0	0	135168	0	1179519	1179355	1394943	0	0	987136	24576	0	0	
110592	1933312	0	0	0	135168	0	1183050	1182614	1399002	0	0	2129920	24576	0	0	20971520	110592	1933312	0	0	0	135168	0	1183050	1182614	1399002	0	0	2129920	24576	0	0	
110592	2007040	0	0	0	135168	0	1186086	1185648	1402698	0	0	2134016	4096	0	0	20971520	110592	2007040	0	0	0	135168	0	1186086	1185648	1402698	0	0	2134016	4096	0	0	
110592	1908736	0	0	0	135168	0	1189650	1189229	1406856	0	0	2129920	4096	0	0	20971520	110592	1908736	0	0	0	135168	0	1189650	1189229	1406856	0	0	2129920	4096	0	0	
110592	2539520	0	0	0	135168	0	1192653	1192050	1410486	0	0	2875392	24576	0	0	20971520	110592	2539520	0	0	0	135168	0	1192653	1192050	1410486	0	0	2875392	24576	0	0	
110592	2555904	0	0	0	135168	0	1196250	1195594	1414644	0	0	2863104	24576	0	0	20971520	110592	2555904	0	0	0	135168	0	1196250	1195594	1414644	0	0	2863104	24576	0	0	
110592	1732608	0	0	0	135168	0	1198626	1198160	1417383	0	0	2093056	4096	0	0	20971520	110592	1732608	0	0	0	135168	0	1198626	1198160	1417383	0	0	2093056	4096	0	0	
110592	2621440	0	0	0	135168	0	1201794	1201156	1421178	0	0	2850816	4096	0	0	20971520	110592	2621440	0	0	0	135168	0	1201794	1201156	1421178	0	0	2850816	4096	0	0	
110592	1929216	0	0	0	135168	0	1204830	1204409	1424775	0	0	2134016	4096	0	0	20971520	110592	1929216	0	0	0	135168	0	1204830	1204409	1424775	0	0	2134016	4096	0	0	
110592	1228800	0	0	0	135168	0	1207074	1206747	1427415	0	0	1605632	24576	0	0	20971520	110592	1228800	0	0	0	135168	0	1207074	1206747	1427415	0	0	1605632	24576	0	0	
110592	1622016	0	0	0	135168	0	1209648	1209288	1430484	0	0	1855488	24576	0	0	20971520	110592	1622016	0	0	0	135168	0	1209648	1209288	1430484	0	0	1855488	24576	0	0	
110592	1925120	0	0	0	135168	0	1212486	1212012	1433751	0	0	2121728	4096	0	0	20971520	110592	1925120	0	0	0	135168	0	1212486	1212012	1433751	0	0	2121728	4096	0	0	
110592	1986560	0	0	0	135168	0	1216512	1216080	1438503	0	0	2121728	4096	0	0	20971520	110592	1986560	0	0	0	135168	0	1216512	1216080	1438503	0	0	2121728	4096	0	0	
110592	2555904	0	0	0	135168	0	1220538	1219955	1443255	0	0	2875392	4096	0	0	20971520	110592	2555904	0	0	0	135168	0	1220538	1219955	1443255	0	0	2875392	4096	0	0	
110592	745472	0	0	0	135168	0	1223640	1223495	1446885	0	0	925696	24576	0	0	20971520	110592	745472	0	0	0	135168	0	1223640	1223495	1446885	0	0	925696	24576	0	0	
110592	987136	0	0	0	135168	0	1226709	1226539	1450581	0	0	1085440	24576	0	0	20971520	110592	987136	0	0	0	135168	0	1226709	1226539	1450581	0	0	1085440	24576	0	0	
110592	2621440	0	0	0	135168	0	1229646	1229048	1454013	0	0	2859008	4096	0	0	20971520	110592	2621440	0	0	0	135168	0	1229646	1229048	1454013	0	0	2859008	4096	0	0	
110592	1810432	0	0	0	135168	0	1233243	1232843	1458204	0	0	2125824	4096	0	0	20971520	110592	1810432	0	0	0	135168	0	1233243	1232843	1458204	0	0	2125824	4096	0	0	
110592	1986560	0	0	0	135168	0	1236312	1235851	1461801	0	0	2129920	4096	0	0	20971520	110592	1986560	0	0	0	135168	0	1236312	1235851	1461801	0	0	2129920	4096	0	0	
110592	1773568	0	0	0	135168	0	1239843	1239343	1465959	0	0	2134016	24576	0	0	20971520	110592	1773568	0	0	0	135168	0	1239843	1239343	1465959	0	0	2134016	24576	0	0	
110592	2609152	0	0	0	135168	0	1243374	1242718	1470117	0	0	2867200	4096	0	0	20971520	110592	2609152	0	0	0	135168	0	1243374	1242718	1470117	0	0	2867200	4096	0	0	
110592	2760704	0	0	0	135168	0	1246905	1246270	1474308	0	0	2875392	4096	0	0	20971520	110592	2760704	0	0	0	135168	0	1246905	1246270	1474308	0	0	2875392	4096	0	0	
110592	1974272	0	0	0	135168	0	1248951	1248551	1476684	0	0	2125824	24576	0	0	20971520	110592	1974272	0	0	0	135168	0	1248951	1248551	1476684	0	0	2125824	24576	0	0	
110592	2056192	0	0	0	135168	0	1252515	1252070	1480842	0	0	2125824	4096	0	0	20971520	110592	2056192	0	0	0	135168	0	1252515	1252070	1480842	0	0	2125824	4096	0	0	
110592	2494464	0	0	0	135168	0	1255485	1254920	1484472	0	0	2846720	4096	0	0	20971520	110592	2494464	0	0	0	135168	0	1255485	1254920	1484472	0	0	2846720	4096	0	0	
110592	2682880	0	0	0	135168	0	1258587	1257960	1488036	0	0	2867200	24576	0	0	20971520	110592	2682880	0	0	0	135168	0	1258587	1257960	1488036	0	0	2867200	24576	0	0	
110592	950272	0	0	0	135168	0	1261161	1260964	1491171	0	0	1085440	24576	0	0	20971520	110592	950272	0	0	0	135168	0	1261161	1260964	1491171	0	0	1085440	24576	0	0	
110592	2015232	0	0	0	135168	0	1264659	1264204	1495197	0	0	2129920	4096	0	0	20971520	110592	2015232	0	0	0	135168	0	1264659	1264204	1495197	0	0	2129920	4096	0	0	
110592	2498560	0	0	0	135168	0	1268718	1268101	1499949	0	0	2863104	24576	0	0	20971520	110592	2498560	0	0	0	135168	0	1268718	1268101	1499949	0	0	2863104	24576	0	0	
110592	2064384	0	0	0	135168	0	1272810	1272345	1504734	0	0	2125824	4096	0	0	20971520	110592	2064384	0	0	0	135168	0	1272810	1272345	1504734	0	0	2125824	4096	0	0	
110592	2686976	0	0	0	135168	0	1275780	1275192	1508232	0	0	2879488	4096	0	0	20971520	110592	2686976	0	0	0	135168	0	1275780	1275192	1508232	0	0	2879488	4096	0	0	
110592	1859584	0	0	0	135168	0	1278816	1278410	1511895	0	0	2129920	24576	0	0	20971520	110592	1859584	0	0	0	135168	0	1278816	1278410	1511895	0	0	2129920	24576	0	0	
110592	1990656	0	0	0	135168	0	1281918	1281463	1515492	0	0	2121728	4096	0	0	20971520	110592	1990656	0	0	0	135168	0	1281918	1281463	1515492	0	0	2121728	4096	0	0	
110592	1908736	0	0	0	135168	0	1285449	1285011	1519683	0	0	2134016	24576	0	0	20971520	110592	1908736	0	0	0	135168	0	1285449	1285011	1519683	0	0	2134016	24576	0	0	
110592	2658304	0	0	0	135168	0	1288947	1288368	1523841	0	0	2883584	4096	0	0	20971520	110592	2658304	0	0	0	135168	0	1288947	1288368	1523841	0	0	2883584	4096	0	0	
110592	1925120	0	0	0	135168	0	1292511	1292071	1527999	0	0	2088960	4096	0	0	20971520	110592	1925120	0	0	0	135168	0	1292511	1292071	1527999	0	0	2088960	4096	0	0	
110592	2625536	0	0	0	135168	0	1296042	1295455	1532157	0	0	2863104	4096	0	0	20971520	110592	2625536	0	0	0	135168	0	1296042	1295455	1532157	0	0	2863104	4096	0	0	
110592	1458176	0	0	0	135168	0	1298781	1298501	1535424	0	0	1703936	24576	0	0	20971520	110592	1458176	0	0	0	135168	0	1298781	1298501	1535424	0	0	1703936	24576	0	0	
110592	2007040	0	0	0	135168	0	1301157	1300726	1538130	0	0	2138112	24576	0	0	20971520	110592	2007040	0	0	0	135168	0	1301157	1300726	1538130	0	0	2138112	24576	0	0	
110592	1990656	0	0	0	135168	0	1304226	1303759	1541727	0	0	2134016	24576	0	0	20971520	110592	1990656	0	0	0	135168	0	1304226	1303759	1541727	0	0	2134016	24576	0	0	
110592	1167360	0	0	0	135168	0	1307394	1307113	1545588	0	0	1478656	24576	0	0	20971520	110592	1167360	0	0	0	135168	0	1307394	1307113	1545588	0	0	1478656	24576	0	0	
110592	2691072	0	0	0	135168	0	1310727	1310157	1549515	0	0	2863104	4096	0	0	20971520	110592	2691072	0	0	0	135168	0	1310727	1310157	1549515	0	0	2863104	4096	0	0	
110592	2646016	0	0	0	135168	0	1313796	1313172	1553112	0	0	2867200	4096	0	0	20971520	110592	2646016	0	0	0	135168	0	1313796	1313172	1553112	0	0	2867200	4096	0	0	
110592	1536000	0	0	0	135168	0	1316634	1316222	1556412	0	0	1830912	24576	0	0	20971520	110592	1536000	0	0	0	135168	0	1316634	1316222	1556412	0	0	1830912	24576	0	0	
110592	1875968	0	0	0	135168	0	1319901	1319486	1560207	0	0	2129920	24576	0	0	20971520	110592	1875968	0	0	0	135168	0	1319901	1319486	1560207	0	0	2129920	24576	0	0	
110592	2301952	0	0	0	135168	0	1323960	1323274	1565025	0	0	2863104	24576	0	0	20971520	110592	2301952	0	0	0	135168	0	1323960	1323274	1565025	0	0	2863104	24576	0	0	
110592	1957888	0	0	0	135168	0	1327293	1326863	1568952	0	0	2088960	4096	0	0	20971520	110592	1957888	0	0	0	135168	0	1327293	1326863	1568952	0	0	2088960	4096	0	0	
110592	2662400	0	0	0	135168	0	1330527	1329919	1572780	0	0	2859008	4096	0	0	20971520	110592	2662400	0	0	0	135168	0	1330527	1329919	1572780	0	0	2859008	4096	0	0	
110592	2007040	0	0	0	135168	0	1333134	1332651	1575783	0	0	2125824	4096	0	0	20971520	110592	2007040	0	0	0	135168	0	1333134	1332651	1575783	0	0	2125824	4096	0	0	
110592	1880064	0	0	0	135168	0	1335873	1335503	1579116	0	0	2097152	24576	0	0	20971520	110592	1880064	0	0	0	135168	0	1335873	1335503	1579116	0	0	2097152	24576	0	0	
110592	1933312	0	0	0	135168	0	1338678	1338190	1582350	0	0	2129920	24576	0	0	20971520	110592	1933312	0	0	0	135168	0	1338678	1338190	1582350	0	0	2129920	24576	0	0	
110592	1875968	0	0	0	135168	0	1341714	1341215	1585881	0	0	2129920	24576	0	0	20971520	110592	1875968	0	0	0	135168	0	1341714	1341215	1585881	0	0	2129920	24576	0	0	
110592	1925120	0	0	0	135168	0	1344750	1344285	1589478	0	0	2129920	24576	0	0	20971520	110592	1925120	0	0	0	135168	0	1344750	1344285	1589478	0	0	2129920	24576	0	0	
110592	2420736	0	0	0	135168	0	1347720	1347220	1593042	0	0	2613248	4096	0	0	20971520	110592	2420736	0	0	0	135168	0	1347720	1347220	1593042	0	0	2613248	4096	0	0	
110592	2555904	0	0	0	135168	0	1349799	1349175	1595451	0	0	2818048	4096	0	0	20971520	110592	2555904	0	0	0	135168	0	1349799	1349175	1595451	0	0	2818048	4096	0	0	
110592	1310720	0	0	0	135168	0	1352472	1352208	1598718	0	0	1519616	24576	0	0	20971520	110592	1310720	0	0	0	135168	0	1352472	1352208	1598718	0	0	1523712	24576	0	0	
110592	1933312	0	0	0	135168	0	1355871	1355443	1602579	0	0	2129920	4096	0	0	20971520	110592	1933312	0	0	0	135168	0	1355871	1355443	1602579	0	0	2129920	4096	0	0	
110592	2555904	0	0	0	135168	0	1358907	1358255	1606176	0	0	2867200	4096	0	0	20971520	110592	2555904	0	0	0	135168	0	1358907	1358255	1606176	0	0	2867200	4096	0	0	
110592	1839104	0	0	0	135168	0	1361481	1361014	1609179	0	0	2129920	24576	0	0	20971520	110592	1839104	0	0	0	135168	0	1361481	1361014	1609179	0	0	2129920	24576	0	0	
110592	2576384	0	0	0	135168	0	1365474	1364874	1613964	0	0	2818048	4096	0	0	20971520	110592	2576384	0	0	0	135168	0	1365474	1364874	1613964	0	0	2818048	4096	0	0	
110592	1081344	0	0	0	135168	0	1369203	1368925	1618386	0	0	1392640	24576	0	0	20971520	110592	1081344	0	0	0	135168	0	1369203	1368925	1618386	0	0	1392640	24576	0	0	
110592	1273856	0	0	0	135168	0	1372734	1372461	1622577	0	0	1523712	24576	0	0	20971520	110592	1273856	0	0	0	135168	0	1372734	1372461	1622577	0	0	1523712	24576	0	0	
0	2748416	0	0	0	135168	0	1376694	1376012	1627098	0	0	2813952	24576	0	0	20971520	0	2748416	0	0	0	135168	0	1376694	1376012	1627098	0	0	2813952	24576	0	0	
0	2621440	0	0	0	135168	0	1379136	1378580	1630035	0	0	2859008	4096	0	0	20971520	0	2621440	0	0	0	135168	0	1379136	1378580	1630035	0	0	2859008	4096	0	0	
0	1798144	0	0	0	135168	0	1381545	1381079	1632840	0	0	2121728	24576	0	0	20971520	0	1798144	0	0	0	135168	0	1381545	1381079	1632840	0	0	2121728	24576	0	0	
0	1695744	0	0	0	135168	0	1384548	1384126	1636371	0	0	1826816	24576	0	0	20971520	0	1695744	0	0	0	135168	0	1384548	1384126	1636371	0	0	1826816	24576	0	0	
0	2625536	0	0	0	135168	0	1387749	1387167	1640232	0	0	2875392	4096	0	0	20971520	0	2625536	0	0	0	135168	0	1387749	1387167	1640232	0	0	2875392	4096	0	0	
0	1613824	0	0	0	135168	0	1391082	1390741	1644126	0	0	1908736	24576	0	0	20971520	0	1613824	0	0	0	135168	0	1391082	1390741	1644126	0	0	1908736	24576	0	0	
0	1490944	0	0	0	135168	0	1394613	1394213	1648284	0	0	1802240	24576	0	0	20971520	0	1490944	0	0	0	135168	0	1394613	1394213	1648284	0	0	1802240	24576	0	0	
0	1949696	0	0	0	135168	0	1397946	1397513	1652211	0	0	2134016	24576	0	0	20971520	0	1949696	0	0	0	135168	0	1397946	1397513	1652211	0	0	2134016	24576	0	0	
0	2699264	0	0	0	135168	0	1400454	1399870	1655115	0	0	2822144	4096	0	0	20971520	0	2699264	0	0	0	135168	0	1400454	1399870	1655115	0	0	2822144	4096	0	0	
0	1593344	0	0	0	135168	0	1402797	1402351	1657920	0	0	2068480	4096	0	0	20971520	0	1593344	0	0	0	135168	0	1402797	1402351	1657920	0	0	2068480	4096	0	0	
0	1130496	0	0	0	135168	0	1405239	1404901	1660791	0	0	1646592	24576	0	0	20971520	0	1130496	0	0	0	135168	0	1405239	1404901	1660791	0	0	1646592	24576	0	0	
0	2555904	0	0	0	135168	0	1408572	1407978	1664685	0	0	2863104	4096	0	0	20971520	0	2555904	0	0	0	135168	0	1408572	1407978	1664685	0	0	2863104	4096	0	0	
0	1208320	0	0	0	135168	0	1411278	1411023	1667985	0	0	1486848	24576	0	0	20971520	0	1208320	0	0	0	135168	0	1411278	1411023	1667985	0	0	1486848	24576	0	0	
0	1925120	0	0	0	135168	0	1415172	1414776	1672473	0	0	2138112	24576	0	0	20971520	0	1925120	0	0	0	135168	0	1415172	1414776	1672473	0	0	2138112	24576	0	0	
0	2502656	0	0	0	135168	0	1419726	1419121	1677885	0	0	2867200	4096	0	0	20971520	0	2502656	0	0	0	135168	0	1419726	1419121	1677885	0	0	2867200	4096	0	0	
0	2387968	0	0	0	135168	0	1422762	1422118	1681449	0	0	2859008	4096	0	0	20971520	0	2387968	0	0	0	135168	0	1422762	1422118	1681449	0	0	2859008	4096	0	0	
0	1929216	0	0	0	135168	0	1425336	1424899	1684386	0	0	2129920	24576	0	0	20971520	0	1929216	0	0	0	135168	0	1425336	1424899	1684386	0	0	2129920	24576	0	0	
0	1740800	0	0	0	135168	0	1428867	1428406	1688544	0	0	2125824	4096	0	0	20971520	0	1740800	0	0	0	135168	0	1428867	1428406	1688544	0	0	2125824	4096	0	0	
0	868352	0	0	0	135168	0	1431474	1431292	1691745	0	0	1126400	24576	0	0	20971520	0	868352	0	0	0	135168	0	1431474	1431292	1691745	0	0	1126400	24576	0	0	
0	1667072	0	0	0	135168	0	1434675	1434297	1695507	0	0	1859584	24576	0	0	20971520	0	1667072	0	0	0	135168	0	1434675	1434297	1695507	0	0	1859584	24576	0	0	
0	2576384	0	0	0	135168	0	1437975	1437333	1699302	0	0	2813952	4096	0	0	20971520	0	2576384	0	0	0	135168	0	1437975	1437333	1699302	0	0	2813952	4096	0	0	
0	2260992	0	0	0	135168	0	1441407	1440874	1703394	0	0	2465792	24576	0	0	20971520	0	2260992	0	0	0	135168	0	1441407	1440874	1703394	0	0	2465792	24576	0	0	
0	1875968	0	0	0	135168	0	1444080	1443675	1706430	0	0	2129920	24576	0	0	20971520	0	1875968	0	0	0	135168	0	1444080	1443675	1706430	0	0	2129920	24576	0	0	
0	1929216	0	0	0	135168	0	1447116	1446687	1710027	0	0	2125824	4096	0	0	20971520	0	1929216	0	0	0	135168	0	1447116	1446687	1710027	0	0	2125824	4096	0	0	
0	2461696	0	0	0	135168	0	1449657	1449007	1712997	0	0	2863104	4096	0	0	20971520	0	2461696	0	0	0	135168	0	1449657	1449007	1712997	0	0	2863104	4096	0	0	
0	2572288	0	0	0	135168	0	1452132	1451547	1716000	0	0	2867200	4096	0	0	20971520	0	2572288	0	0	0	135168	0	1452132	1451547	1716000	0	0	2867200	4096	0	0	
0	2048000	0	0	0	135168	0	1455234	1454786	1719630	0	0	2125824	4096	0	0	20971520	0	2048000	0	0	0	135168	0	1455234	1454786	1719630	0	0	2125824	4096	0	0	
0	2527232	0	0	0	135168	0	1458699	1458126	1723755	0	0	2854912	4096	0	0	20971520	0	2527232	0	0	0	135168	0	1458699	1458126	1723755	0	0	2854912	4096	0	0	
0	1277952	0	0	0	135168	0	1461966	1461678	1727649	0	0	1626112	24576	0	0	20971520	0	1277952	0	0	0	135168	0	1461966	1461678	1727649	0	0	1626112	24576	0	0	
0	1953792	0	0	0	135168	0	1466388	1465910	1732731	0	0	2138112	24576	0	0	20971520	0	1953792	0	0	0	135168	0	1466388	1465910	1732731	0	0	2138112	24576	0	0	
0	1945600	0	0	0	135168	0	1469919	1469456	1736889	0	0	2125824	24576	0	0	20971520	0	1945600	0	0	0	135168	0	1469919	1469456	1736889	0	0	2125824	24576	0	0	
0	1916928	0	0	0	135168	0	1472427	1472031	1739892	0	0	2134016	24576	0	0	20971520	0	1916928	0	0	0	135168	0	1472427	1472031	1739892	0	0	2134016	24576	0	0	
0	1822720	0	0	0	135168	0	1475991	1475527	1744116	0	0	2117632	4096	0	0	20971520	0	1822720	0	0	0	135168	0	1475991	1475527	1744116	0	0	2117632	4096	0	0	
0	2572288	0	0	0	135168	0	1479027	1478387	1747713	0	0	2879488	4096	0	0	20971520	0	2572288	0	0	0	135168	0	1479027	1478387	1747713	0	0	2879488	4096	0	0	
0	2473984	0	0	0	135168	0	1481535	1480916	1750617	0	0	2863104	4096	0	0	20971520	0	2473984	0	0	0	135168	0	1481535	1480916	1750617	0	0	2863104	4096	0	0	
0	2519040	0	0	0	135168	0	1484637	1483930	1754247	0	0	2818048	24576	0	0	20971520	0	2519040	0	0	0	135168	0	1484637	1483930	1754247	0	0	2818048	24576	0	0	
0	2609152	0	0	0	135168	0	1487640	1487006	1757844	0	0	2887680	4096	0	0	20971520	0	2609152	0	0	0	135168	0	1487640	1487006	1757844	0	0	2887680	4096	0	0	
0	2506752	0	0	0	135168	0	1491204	1490545	1762002	0	0	2863104	24576	0	0	20971520	0	2506752	0	0	0	135168	0	1491204	1490545	1762002	0	0	2863104	24576	0	0	
0	917504	0	0	0	135168	0	1494306	1494125	1765731	0	0	1081344	24576	0	0	20971520	0	917504	0	0	0	135168	0	1494306	1494125	1765731	0	0	1081344	24576	0	0	
0	1945600	0	0	0	135168	0	1496748	1496296	1768569	0	0	2134016	24576	0	0	20971520	0	1945600	0	0	0	135168	0	1496748	1496296	1768569	0	0	2134016	24576	0	0	
0	2543616	0	0	0	135168	0	1499751	1499152	1772166	0	0	2863104	4096	0	0	20971520	0	2543616	0	0	0	135168	0	1499751	1499152	1772166	0	0	2863104	4096	0	0	
0	1884160	0	0	0	135168	0	1503348	1502925	1776324	0	0	2125824	4096	0	0	20971520	0	1884160	0	0	0	135168	0	1503348	1502925	1776324	0	0	2125824	4096	0	0	
0	1212416	0	0	0	135168	0	1506582	1506213	1780152	0	0	1429504	24576	0	0	20971520	0	1212416	0	0	0	135168	0	1506582	1506213	1780152	0	0	1429504	24576	0	0	
0	2674688	0	0	0	135168	0	1509915	1509306	1784046	0	0	2863104	24576	0	0	20971520	0	2674688	0	0	0	135168	0	1509915	1509306	1784046	0	0	2863104	24576	0	0	
0	2682880	0	0	0	135168	0	1513479	1512807	1788270	0	0	2871296	4096	0	0	20971520	0	2682880	0	0	0	135168	0	1513479	1512807	1788270	0	0	2871296	4096	0	0	
0	1945600	0	0	0	135168	0	1517538	1517100	1793022	0	0	2134016	24576	0	0	20971520	0	1945600	0	0	0	135168	0	1517538	1517100	1793022	0	0	2134016	24576	0	0	
0	2367488	0	0	0	135168	0	1521036	1520397	1797213	0	0	2863104	4096	0	0	20971520	0	2367488	0	0	0	135168	0	1521036	1520397	1797213	0	0	2863104	4096	0	0	
0	2457600	0	0	0	135168	0	1523544	1522959	1800150	0	0	2859008	4096	0	0	20971520	0	2457600	0	0	0	135168	0	1523544	1522959	1800150	0	0	2859008	4096	0	0	
0	2564096	0	0	0	135168	0	1526118	1525496	1803186	0	0	2859008	4096	0	0	20971520	0	2564096	0	0	0	135168	0	1526118	1525496	1803186	0	0	2859008	4096	0	0	
0	2236416	0	0	0	135168	0	1528593	1528034	1806057	0	0	2527232	4096	0	0	20971520	0	2236416	0	0	0	135168	0	1528593	1528034	1806057	0	0	2527232	4096	0	0	
0	2543616	0	0	0	135168	0	1531695	1531067	1809753	0	0	2859008	4096	0	0	20971520	0	2543616	0	0	0	135168	0	1531695	1531067	1809753	0	0	2859008	4096	0	0	
0	1265664	0	0	0	135168	0	1533939	1533642	1812393	0	0	1552384	24576	0	0	20971520	0	1265664	0	0	0	135168	0	1533939	1533642	1812393	0	0	1552384	24576	0	0	
0	1998848	0	0	0	135168	0	1537239	1536876	1816320	0	0	2138112	24576	0	0	20971520	0	1998848	0	0	0	135168	0	1537239	1536876	1816320	0	0	2138112	24576	0	0	
0	671744	0	0	0	135168	0	1538823	1538666	1818300	0	0	995328	24576	0	0	20971520	0	671744	0	0	0	135168	0	1538823	1538666	1818300	0	0	995328	24576	0	0	
