1101824 3201 2959 4389 0 0 1224704
942080 33264 33059 43593 0 0 1044480
1753088 60687 60282 79200 0 0 1945600
1724416 86394 86052 112728 0 0 1945600
1040384 113223 112973 147609 0 0 1159168
1052672 141603 141337 184404 0 0 1171456
1626112 166386 165982 216711 0 0 1908736
1269760 204798 204630 266706 0 0 1216512
1036288 244233 243956 317889 0 0 1175552
667648 269973 269827 351516 0 0 999424
1347584 297858 297542 387849 0 0 999424
1843200 330792 330347 430551 0 0 1949696
1183744 357753 357514 465663 0 0 1216512
1163264 384615 384446 500709 0 0 1216512
1875968 415206 414816 540507 0 0 1966080
1146880 441573 441357 574860 0 0 1175552
819200 465828 465699 606342 0 0 839680
1601536 495165 494760 644523 0 0 1908736
815104 523677 523568 681714 0 0 974848
1658880 548526 548101 713856 0 0 1875968
1716224 576642 576230 750552 0 0 1900544
1912832 604164 603813 786357 0 0 1916928
1032192 627924 627690 817311 0 0 1114112
921600 655677 655575 853380 0 0 839680
1794048 685971 685558 892749 0 0 1904640
1003520 710160 709930 924297 0 0 1216512
1187840 734976 734771 956538 0 0 1175552
1892352 764412 763963 994785 0 0 1859584
1904640 789162 788794 1027026 0 0 1904640
671744 813186 813008 1058211 0 0 839680
1748992 844305 843857 1098735 0 0 1908736
1753088 872520 872069 1135398 0 0 1949696
1142784 895785 895544 1165725 0 0 1212416
1232896 922746 922491 1200804 0 0 1220608
1130496 951225 950966 1237797 0 0 1171456
1110016 974820 974566 1268520 0 0 1220608
1892352 1004091 1003759 1306701 0 0 1949696
1814528 1036002 1035522 1348083 0 0 1863680
1703936 1059894 1059422 1379235 0 0 1949696
1118208 1088670 1088406 1416657 0 0 1171456
1056768 1118337 1118103 1455267 0 0 1216512
1798144 1142229 1141833 1486353 0 0 1859584
1155072 1168266 1168074 1520211 0 0 1167360
1044480 1203510 1203324 1566081 0 0 999424
1024000 1229184 1229054 1599576 0 0 1003520
2019328 1254264 1253831 1632081 0 0 1953792
1060864 1285449 1285230 1672671 0 0 1216512
1318912 1311816 1311573 1706991 0 0 1171456
1794048 1338711 1338343 1741971 0 0 1908736
1007616 1367223 1367013 1779063 0 0 1179648
790528 1395603 1395475 1816089 0 0 839680
1323008 1424082 1423892 1853082 0 0 1220608
929792 1462659 1462461 1903275 0 0 958464
806912 1492920 1492740 1942677 0 0 1064960
647168 1514667 1514498 1971090 0 0 925696
1138688 1548888 1548617 2015574 0 0 1302528
1777664 1579017 1578622 2054646 0 0 2043904
1556480 1604922 1604468 2088273 0 0 1949696
2035712 1632576 1632138 2124177 0 0 2027520
1667072 1664619 1664186 2165625 0 0 2035712
1851392 1690491 1690081 2199120 0 0 1949696
1044480 1718244 1717964 2235123 0 0 1306624
1241088 1747152 1746886 2272644 0 0 1261568
1204224 1775169 1774923 2308977 0 0 1306624
1253376 1800942 1800574 2342340 0 0 1253376
724992 1830312 1830144 2380422 0 0 925696
921600 1860243 1860026 2419230 0 0 1085440
950272 1885785 1885480 2452098 0 0 1306624
1253376 1914693 1914460 2489553 0 0 1306624
1638400 1943997 1943504 2527371 0 0 2048000
1662976 1970727 1970322 2562021 0 0 1957888
1073152 1999173 1999007 2598816 0 0 1089536
1871872 2030193 2029743 2638779 0 0 2035712
1679360 2057319 2056871 2673891 0 0 1949696
1802240 2097843 2097422 2726229 0 0 1986560
1101824 2129523 2129303 2767248 0 0 1302528
1175552 2159718 2159509 2806221 0 0 1306624
1011712 2186481 2186283 2840937 0 0 1306624
1105920 2217996 2217824 2881659 0 0 1204224
917504 2261853 2261660 2938221 0 0 925696
1187840 2288088 2287784 2972112 0 0 1310720
1216512 2315742 2315564 3007950 0 0 1306624
1314816 2352273 2352053 3055239 0 0 1261568
1019904 2375571 2375345 3085335 0 0 1200128
1818624 2402532 2402145 3120150 0 0 1998848
1142784 2434938 2434669 3161994 0 0 1306624
1024000 2458467 2458237 3192519 0 0 1302528
868352 2485890 2485677 3227961 0 0 1122304
1748992 2516910 2516431 3267990 0 0 1949696
1282048 2556510 2556263 3319206 0 0 1261568
1220608 2583966 2583742 3354582 0 0 1302528
1228800 2616537 2616329 3396756 0 0 1306624
2002944 2641221 2640751 3428700 0 0 1990656
1818624 2675310 2674925 3472821 0 0 2019328
1650688 2706726 2706301 3513411 0 0 1945600
966656 2731740 2731484 3545652 0 0 1302528
1036288 2756655 2756473 3577992 0 0 1302528
1216512 2787510 2787281 3617790 0 0 1310720
987136 2817408 2817139 3656334 0 0 1314816
1806336 2842983 2842553 3689400 0 0 2031616
1863680 2871891 2871488 3726855 0 0 1990656
1966080 2903604 2903189 3767841 0 0 2043904
1191936 2929575 2929297 3801237 0 0 1294336
1232896 2960265 2960074 3841068 0 0 1310720
1781760 2989899 2989435 3879315 0 0 2035712
1421312 3015441 3015239 3912381 0 0 1302528
794624 3038376 3038162 3942114 0 0 1007616
876544 3066195 3066049 3978480 0 0 1089536
1851392 3089658 3089185 4008774 0 0 1970176
1282048 3115530 3115269 4042335 0 0 1261568
974848 3145131 3144831 4080615 0 0 1257472
974848 3172587 3172426 4116387 0 0 1249280
1236992 3197535 3197274 4148562 0 0 1306624
1003520 3226344 3226052 4185951 0 0 1257472
1740800 3255450 3255005 4223604 0 0 2031616
1859584 3282312 3281849 4258419 0 0 2019328
1064960 3308811 3308575 4292772 0 0 1257472
1953792 3338973 3338531 4331877 0 0 2035712
1085440 3366033 3365852 4366923 0 0 1306624
978944 3394446 3394270 4403685 0 0 1052672
1785856 3423915 3423554 4441734 0 0 2052096
684032 3451437 3451251 4477374 0 0 1040384
1142784 3479454 3479223 4513476 0 0 1302528
1187840 3510804 3510583 4554099 0 0 1302528
1175552 3536346 3536125 4587165 0 0 1298432
1183744 3561657 3561465 4619868 0 0 1306624
1220608 3592776 3592457 4660029 0 0 1306624
1052672 3620826 3620634 4696461 0 0 1085440
1744896 3646962 3646450 4730187 0 0 2043904
1880064 3678972 3678490 4771470 0 0 2043904
1044480 3708507 3708299 4809750 0 0 925696
1003520 3733158 3732913 4841661 0 0 1290240
1044480 3762660 3762459 4879842 0 0 1257472
1011712 3801633 3801422 4930332 0 0 1261568
847872 3829716 3829520 4966599 0 0 925696
1019904 3858756 3858517 5004186 0 0 1089536
1818624 3890865 3890433 5045733 0 0 2035712
1609728 3915846 3915378 5078040 0 0 1990656
1073152 3945414 3945207 5116287 0 0 1298432
1900544 3976203 3975771 5156052 0 0 2048000
1826816 4000260 3999771 5187204 0 0 2039808
1138688 4027320 4027075 5222283 0 0 1310720
1871872 4062993 4062507 5268351 0 0 2048000
1982464 4097181 4096722 5312472 0 0 2056192
974848 4137705 4137489 5365074 0 0 1146880
1372160 4180935 4180643 5420844 0 0 1302528
1196032 4227168 4226957 5480706 0 0 1310720
1019904 4275645 4275379 5543340 0 0 1306624
1036288 4312539 4312275 5591025 0 0 1249280
1208320 4351545 4351281 5641416 0 0 1302528
1916928 4387713 4387343 5688276 0 0 1990656
1142784 4427412 4427224 5739690 0 0 1040384
1789952 4466352 4465908 5789949 0 0 1990656
1794048 4502553 4502073 5836809 0 0 2039808
1974272 4540635 4540233 5886045 0 0 1994752
1044480 4573932 4573703 5929473 0 0 1261568
1110016 4613862 4613639 5981283 0 0 1306624
1339392 4649469 4649262 6027516 0 0 1306624
1257472 4692435 4692201 6083220 0 0 1257472
2039808 4729626 4729189 6131400 0 0 1949696
1851392 4766223 4765754 6178755 0 0 2035712
1859584 4805493 4805069 6229707 0 0 1921024
1224704 4844235 4843922 6279834 0 0 1302528
966656 4881030 4880809 6327651 0 0 1302528
1081344 4920267 4920016 6378636 0 0 1306624
1945600 4962309 4961820 6433119 0 0 1949696
1232896 5002569 5002301 6485226 0 0 1302528
1126400 5040882 5040588 6534990 0 0 1306624
1130496 5082132 5081851 6588549 0 0 1245184
1761280 5118861 5118373 6636102 0 0 1994752
1224704 5155986 5155766 6684315 0 0 1302528
1863680 5195520 5195134 6735630 0 0 1994752
1916928 5233635 5233140 6784998 0 0 2052096
1179648 5269836 5269572 6832056 0 0 1261568
1241088 5310987 5310759 6885318 0 0 1310720
1269760 5345340 5345119 6929934 0 0 1298432
1093632 5380980 5380734 6976167 0 0 1261568
1847296 5431536 5431086 7041771 0 0 2052096
1863680 5461368 5460948 7080414 0 0 1994752
1249280 5486943 5486644 7113546 0 0 1302528
1835008 5513673 5513269 7148361 0 0 1990656
1626112 5541690 5541289 7184694 0 0 2011136
1945600 5566341 5565965 7216605 0 0 2039808
1945600 5595018 5594547 7253796 0 0 1994752
987136 5629800 5629570 7298940 0 0 1085440
2203648 5671743 5671298 7353291 0 0 2015232
1294336 5719527 5719244 7415331 0 0 1261568
1245184 5770710 5770450 7481661 0 0 1306624
1204224 5817900 5817581 7542876 0 0 1306624
1183744 5864430 5864217 7603266 0 0 1306624
1134592 5913765 5913550 7667286 0 0 1306624
1118208 5960988 5960721 7728435 0 0 1306624
1187840 6010026 6009762 7792092 0 0 1302528
950272 6061176 6060994 7858587 0 0 1155072
995328 6097839 6097635 7906470 0 0 1089536
1183744 6144039 6143807 7966299 0 0 1257472
1634304 6187566 6187099 8022828 0 0 1945600
1093632 6237231 6236979 8087145 0 0 1253376
1114112 6285312 6285061 8149614 0 0 1306624
1183744 6335274 6335002 8214393 0 0 1306624
987136 6383652 6383432 8277159 0 0 1257472
1167360 6430479 6430233 8337978 0 0 1257472
1351680 6475788 6475522 8396817 0 0 1257472
1736704 6524661 6524279 8460375 0 0 2056192
925696 6568848 6568559 8517795 0 0 1085440
1925120 6615477 6615121 8578416 0 0 1945600
1130496 6662040 6661801 8638839 0 0 1306624
1212416 6708207 6707967 8698833 0 0 1306624
1191936 6756585 6756329 8761665 0 0 1302528
1142784 6806910 6806758 8827170 0 0 1302528
1122304 6855915 6855666 8890794 0 0 1306624
1155072 6901620 6901369 8950260 0 0 1318912
1142784 6946731 6946565 9008868 0 0 1310720
1830912 6996066 6995585 9072822 0 0 1990656
1761280 7037613 7037196 9126942 0 0 1716224
1990656 7086288 7085848 9190137 0 0 2052096
1282048 7133676 7133444 9251781 0 0 1261568
1175552 7176213 7175997 9307089 0 0 1306624
1208320 7222446 7222222 9367116 0 0 1302528
1196032 7268943 7268624 9427572 0 0 1306624
1277952 7309368 7309106 9480108 0 0 1306624
1900544 7356690 7356305 9541719 0 0 1953792
1105920 7404144 7403926 9603264 0 0 1310720
1814528 7450014 7449610 9662961 0 0 1990656
1929216 7488327 7487871 9712692 0 0 2035712
1064960 7535715 7535479 9774336 0 0 1306624
1302528 7583169 7582907 9835947 0 0 1306624
1056768 7620987 7620807 9885315 0 0 1294336
1150976 7669893 7669705 9948345 0 0 1310720
1040384 7718535 7718415 10011144 0 0 1138688
921600 7759818 7759648 10064340 0 0 1134592
1294336 7805589 7805423 10123212 0 0 1257472
1601536 7851426 7851049 10182249 0 0 2035712
1589248 7894260 7893821 10237458 0 0 1990656
1921024 7940394 7939988 10296924 0 0 2039808
823296 7987518 7987342 10357743 0 0 1085440
1249280 8036325 8036133 10420608 0 0 1261568
974848 8083416 8083164 10481295 0 0 1257472
1216512 8130144 8129929 10541586 0 0 1306624
1654784 8172912 8172510 10596663 0 0 1994752
1798144 8218749 8218331 10655799 0 0 1994752
888832 8267985 8267858 10719291 0 0 925696
1839104 8316264 8315820 10781529 0 0 1994752
815104 8364576 8364432 10843767 0 0 925696
1544192 8413746 8413298 10907160 0 0 1945600
1122304 8464137 8463910 10972137 0 0 1302528
880640 8507796 8507518 11028468 0 0 1257472
1069056 8555118 8554930 11089485 0 0 1302528
1028096 8603463 8603189 11151756 0 0 1306624
1183744 8649894 8649660 11211618 0 0 1310720
1286144 8695104 8694781 11269929 0 0 1306624
942080 8741238 8740942 11329428 0 0 1302528
1048576 8784864 8784676 11385759 0 0 1306624
1003520 8828391 8828144 11441826 0 0 1089536
1216512 8872611 8872376 11498784 0 0 1302528
1572864 8913201 8912785 11551188 0 0 1994752
1921024 8951745 8951286 11600820 0 0 2035712
1024000 8994480 8994253 11655963 0 0 1302528
1089536 9033915 9033683 11706750 0 0 1261568
901120 9071667 9071385 11755326 0 0 1085440
1867776 9109716 9109327 11804430 0 0 2039808
1716224 9140637 9140249 11844723 0 0 1957888
1712128 9177927 9177548 11892903 0 0 1986560
1462272 9214590 9214193 11940291 0 0 1945600
983040 9258876 9258638 11997579 0 0 1302528
1077248 9304383 9304146 12056418 0 0 1298432
1077248 9351111 9350908 12116775 0 0 1306624
819200 9397938 9397758 12177429 0 0 1048576
1789952 9443709 9443263 12236499 0 0 1957888
1089536 9488985 9488765 12295041 0 0 1089536
1245184 9535020 9534811 12354507 0 0 1306624
675840 9579273 9579163 12411762 0 0 925696
1118208 9625506 9625199 12471459 0 0 1257472
1056768 9672168 9671945 12531816 0 0 1298432
1675264 9716784 9716338 12589500 0 0 1990656
1241088 9756516 9756207 12640881 0 0 1306624
1150976 9798888 9798735 12695760 0 0 1261568
1085440 9844758 9844548 12754995 0 0 1298432
827392 9880101 9879816 12801030 0 0 1138688
1310720 9925509 9925239 12859704 0 0 1261568
1433600 9972633 9972346 12920523 0 0 1310720
1040384 10016358 10016114 12977019 0 0 1306624
1597440 10064307 10063893 13038993 0 0 1994752
1372160 10112289 10112102 13101033 0 0 1261568
1273856 10159116 10158837 13161456 0 0 1302528
819200 10204953 10204745 13220658 0 0 1089536
983040 10255245 10254975 13285503 0 0 1261568
1159168 10299498 10299313 13342626 0 0 1306624
1142784 10345632 10345411 13402125 0 0 1257472
1757184 10396287 10395913 13467498 0 0 2035712
1671168 10444896 10444452 13530165 0 0 2039808
1142784 10487367 10487093 13584945 0 0 1294336
937984 10534689 10534433 13645995 0 0 1310720
1028096 10581351 10581121 13706220 0 0 1310720
1515520 10627749 10627363 13766049 0 0 2039808
1118208 10672992 10672747 13824393 0 0 1310720
1716224 10715133 10714687 13878810 0 0 1929216
864256 10758528 10758398 13934910 0 0 1138688
786432 10803738 10803561 13993122 0 0 1040384
958464 10850664 10850493 14053677 0 0 1261568
1257472 10896798 10896603 14113209 0 0 1306624
1765376 10940754 10940342 14169936 0 0 1990656
1200128 10984479 10984203 14226267 0 0 1261568
1105920 11028072 11027879 14282565 0 0 1306624
1056768 11071137 11070879 14338170 0 0 1298432
1241088 11116710 11116397 14396844 0 0 1306624
1675264 11163339 11162942 14457168 0 0 1994752
1867776 11211882 11211502 14519736 0 0 1949696
1925120 11259831 11259406 14581677 0 0 2043904
999424 11305701 11305468 14640813 0 0 1310720
770048 11350548 11350300 14698662 0 0 1302528
1011712 11385825 11385526 14744466 0 0 1310720
1511424 11432157 11431874 14804427 0 0 1638400
962560 11471229 11470963 14854851 0 0 1163264
851968 11516208 11515899 14912931 0 0 1204224
1732608 11565873 11565488 14977050 0 0 2039808
716800 11611875 11611622 15036516 0 0 1085440
1056768 11659197 11658951 15097599 0 0 1306624
1048576 11707806 11707611 15160365 0 0 1257472
1048576 11750310 11750064 15215244 0 0 1302528
950272 11788821 11788550 15264975 0 0 1306624
1175552 11831358 11831107 15319953 0 0 1302528
1032192 11867724 11867467 15366945 0 0 1302528
1712128 11903463 11903034 15413145 0 0 2023424
1249280 11947782 11947587 15470367 0 0 1306624
1183744 11993421 11993125 15529272 0 0 1249280
1036288 12038763 12038460 15587880 0 0 1339392
983040 12087273 12087026 15650481 0 0 1306624
1183744 12132219 12131990 15708528 0 0 1310720
1138688 12173799 12173569 15762219 0 0 1306624
954368 12217920 12217711 15819210 0 0 1089536
1802240 12265242 12264822 15880293 0 0 1945600
1859584 12308109 12307581 15935568 0 0 2035712
1028096 12352428 12352140 15992790 0 0 1302528
1052672 12399783 12399541 16054071 0 0 1286144
1732608 12444135 12443706 16111326 0 0 1990656
724992 12490335 12490162 16170957 0 0 925696
1601536 12538614 12538151 16233327 0 0 1949696
1105920 12584451 12584240 16292628 0 0 1257472
1183744 12631014 12630705 16352655 0 0 1302528
983040 12677445 12677216 16412682 0 0 1310720
1040384 12725460 12725211 16474722 0 0 1306624
1921024 12772287 12771833 16535112 0 0 1994752
1818624 12819642 12819230 16596327 0 0 2039808
905216 12866106 12865954 16656420 0 0 983040
688128 12903759 12903612 16705194 0 0 1003520
1908736 12949002 12948549 16763901 0 0 2052096
1228800 12992925 12992639 16820760 0 0 1302528
1241088 13039290 13039038 16880787 0 0 1261568
1048576 13082883 13082634 16937316 0 0 1306624
1249280 13129281 13128987 16997343 0 0 1302528
1069056 13176834 13176599 17058822 0 0 1265664
1081344 13222902 13222671 17118519 0 0 1302528
1802240 13271412 13270947 17181252 0 0 1949696
1785856 13312893 13312411 17235042 0 0 1945600
1200128 13355298 13355041 17289954 0 0 1302528
1114112 13401465 13401146 17349783 0 0 1204224
1892352 13444365 13443903 17405256 0 0 1998848
1056768 13489146 13488925 17463336 0 0 1306624
1171456 13532112 13531903 17518974 0 0 1249280
1159168 13581843 13581616 17583357 0 0 1257472
1130496 13626426 13626158 17641041 0 0 1265664
1228800 13672692 13672434 17701002 0 0 1302528
1646592 13718760 13718301 17760666 0 0 2031616
1056768 13765521 13765277 17821221 0 0 1085440
1122304 13813932 13813678 17883888 0 0 1261568
888832 13862376 13862107 17946654 0 0 1257472
1146880 13903560 13903346 18000015 0 0 1310720
1089536 13949298 13949084 18059283 0 0 1257472
1085440 13993188 13992987 18116109 0 0 1298432
1216512 14034207 14033968 18169239 0 0 1200128
929792 14071926 14071760 18218178 0 0 1089536
1077248 14114265 14114095 18272958 0 0 925696
765952 14154789 14154682 18325395 0 0 921600
1081344 14193861 14193617 18375984 0 0 1261568
1228800 14242998 14242736 18439575 0 0 1302528
1146880 14292333 14292110 18503562 0 0 1306624
1236992 14329557 14329350 18551709 0 0 1306624
1200128 14368860 14368644 18602661 0 0 1306624
1761280 14411562 14411124 18657903 0 0 1994752
1798144 14445288 14444784 18701826 0 0 1990656
1855488 14489937 14489524 18759543 0 0 1945600
1339392 14532804 14532530 18814818 0 0 1310720
794624 14575605 14575465 18870126 0 0 925696
1212416 14615997 14615758 18922266 0 0 1310720
1101824 14663451 14663169 18983514 0 0 1261568
1064960 14709948 14709716 19043508 0 0 1294336
1839104 14751825 14751405 19097562 0 0 1945600
999424 14793240 14792927 19151055 0 0 1085440
933888 14831091 14830861 19200060 0 0 1085440
880640 14867688 14867569 19247448 0 0 1089536
1155072 14908608 14908427 19300215 0 0 1302528
978944 14952894 14952720 19357437 0 0 1257472
1163264 14996355 14996074 19413570 0 0 1306624
946176 15037935 15037728 19467294 0 0 1310720
995328 15084399 15084092 19527387 0 0 1306624
1826816 15127464 15127093 19583025 0 0 2060288
954368 15170100 15169908 19638102 0 0 1085440
1146880 15217125 15216883 19698789 0 0 1261568
1982464 15260520 15260017 19754889 0 0 2039808
798720 15300285 15300120 19806369 0 0 1089536
1028096 15348201 15347987 19868244 0 0 1257472
1122304 15394698 15394431 19928238 0 0 1306624
1667072 15439578 15439144 19986318 0 0 2035712
1040384 15488517 15488271 20049513 0 0 1306624
1110016 15534321 15534130 20108715 0 0 1257472
1966080 15579267 15578856 20166795 0 0 1994752
999424 15617448 15617261 20216163 0 0 1261568
1093632 15665496 15665252 20278170 0 0 1302528
1052672 15708264 15708041 20333412 0 0 1257472
1097728 15755949 15755722 20395056 0 0 1257472
1335296 15806076 15805847 20459802 0 0 1310720
1794048 15852837 15852442 20520291 0 0 1990656
1073152 15899664 15899350 20580714 0 0 1257472
1892352 15945798 15945363 20640279 0 0 1986560
1904640 15979194 15978714 20683839 0 0 1990656
1667072 16021962 16021494 20739081 0 0 2043904
1007616 16064829 16064602 20794554 0 0 1085440
1810432 16106937 16106534 20848872 0 0 1990656
987136 16143897 16143723 20896689 0 0 1302528
1224704 16192209 16192008 20959125 0 0 1257472
856064 16235043 16234928 21014334 0 0 925696
655360 16280880 16280715 21073668 0 0 983040
1613824 16326783 16326325 21132903 0 0 1990656
1175552 16373511 16373228 21193260 0 0 1298432
925696 16414596 16414351 21246390 0 0 1040384
1490944 16456407 16455947 21300246 0 0 1949696
1093632 16504752 16504463 21362682 0 0 1294336
1241088 16549104 16548832 21420003 0 0 1257472
1187840 16595238 16594986 21479634 0 0 1306624
1101824 16643220 16642966 21541608 0 0 1298432
1060864 16687242 16687004 21598434 0 0 1310720
1654784 16734003 16733573 21658824 0 0 1941504
1871872 16780467 16780057 21718851 0 0 1949696
1503232 16824159 16823761 21775314 0 0 1990656
1015808 16868544 16868303 21832602 0 0 1298432
1269760 16917483 16917223 21895797 0 0 1302528
1216512 16966059 16965827 21958596 0 0 1257472
1392640 17012721 17012419 22018920 0 0 1634304
1097728 17057799 17057553 22077066 0 0 1261568
847872 17103372 17103085 22135872 0 0 1302528
1843200 17140629 17140201 22184118 0 0 1994752
901120 17181384 17181193 22236753 0 0 1060864
1724416 17229993 17229542 22299420 0 0 1990656
1495040 17275533 17275246 22358259 0 0 1302528
1093632 17316783 17316565 22411587 0 0 1310720
1003520 17358990 17358737 22466070 0 0 1261568
1155072 17400570 17400298 22519761 0 0 1302528
1163264 17448651 17448390 22581768 0 0 1302528
630784 17486238 17486036 22630575 0 0 1007616
1654784 17523924 17523483 22679382 0 0 1949696
1851392 17560290 17559826 22726440 0 0 2052096
1032192 17603982 17603765 22782870 0 0 1306624
851968 17648103 17647945 22839894 0 0 1138688
1097728 17685360 17685149 22887942 0 0 1257472
1306624 17727204 17727003 22942062 0 0 1257472
991232 17766111 17765830 22992189 0 0 1306624
1863680 17805843 17805396 23043537 0 0 1990656
1622016 17848314 17847934 23098383 0 0 2035712
581632 17896956 17896804 23161314 0 0 978944
1085440 17940978 17940689 23218041 0 0 1265664
1560576 17986815 17986384 23277342 0 0 2039808
692224 18034203 18034064 23338557 0 0 917504
1028096 18074892 18074611 23391060 0 0 1302528
1163264 18122874 18122619 23453133 0 0 1306624
1658880 18169932 18169495 23513952 0 0 2039808
1929216 18216990 18216577 23574804 0 0 2052096
1916928 18256128 18255684 23625360 0 0 2035712
1589248 18303186 18302765 23686179 0 0 2039808
1105920 18352422 18352218 23749704 0 0 1302528
1761280 18400998 18400591 23812536 0 0 1986560
1232896 18449970 18449684 23875698 0 0 1302528
1089536 18495807 18495565 23934999 0 0 1277952
1085440 18538938 18538665 23990637 0 0 1306624
987136 18577746 18577480 24040830 0 0 1261568
1052672 18626289 18626065 24103662 0 0 1261568
770048 18668265 18668025 24157815 0 0 1089536
913408 18714729 18714493 24217908 0 0 1146880
2015232 18758982 18758482 24274998 0 0 1998848
1990656 18802674 18802275 24331494 0 0 1994752
1130496 18847653 18847391 24389574 0 0 1302528
970752 18895008 18894785 24450756 0 0 1302528
1024000 18941175 18940877 24510420 0 0 1302528
1167360 18988233 18987934 24571239 0 0 1261568
1130496 19028328 19028097 24623445 0 0 1257472
1671168 19074759 19074331 24683307 0 0 2056192
1683456 19121223 19120756 24743202 0 0 2015232
1597440 19166070 19165684 24801051 0 0 1986560
864256 19212633 19212372 24861111 0 0 1085440
1134592 19253124 19252843 24913350 0 0 1257472
733184 19299324 19299033 24972948 0 0 1040384
987136 19343181 19342926 25029543 0 0 1302528
1064960 19385289 19385074 25083894 0 0 1236992
1019904 19433634 19433385 25146330 0 0 1191936
1179648 19478679 19478467 25204410 0 0 1261568
1724416 19522404 19521949 25260774 0 0 2035712
1830912 19565667 19565307 25316709 0 0 1949696
1003520 19612428 19612223 25376934 0 0 1261568
987136 19652688 19652480 25428975 0 0 1257472
1802240 19696083 19695663 25484910 0 0 1986560
1073152 19742250 19741967 25544343 0 0 1306624
1093632 19784952 19784699 25599519 0 0 1302528
970752 19826499 19826183 25653144 0 0 1261568
1851392 19870455 19869980 25709805 0 0 1949696
1810432 19913487 19913017 25765410 0 0 2060288
1126400 19957542 19957281 25822302 0 0 1204224
1077248 20002983 20002741 25880943 0 0 1085440
1335296 20051625 20051293 25943709 0 0 1593344
1736704 20090466 20090079 25993935 0 0 2002944
1204224 20135379 20135150 26051784 0 0 1261568
1142784 20178081 20177861 26106894 0 0 1310720
1605632 20222664 20222246 26164446 0 0 1990656
1753088 20265102 20264661 26219094 0 0 2039808
1953792 20312688 20312250 26280606 0 0 2052096
1949696 20353311 20352881 26332878 0 0 1994752
1224704 20395716 20395474 26387757 0 0 1257472
1191936 20442444 20442165 26448015 0 0 1290240
1011712 20493099 20492850 26513487 0 0 1261568
1146880 20531610 20531311 26563086 0 0 1298432
839680 20565534 20565274 26607306 0 0 1302528
1781760 20603418 20602951 26656311 0 0 2039808
1687552 20639124 20638649 26702478 0 0 2039808
802816 20676447 20676130 26750889 0 0 1052672
905216 20716443 20716227 26802600 0 0 1028096
1142784 20759739 20759482 26858601 0 0 1310720
1331200 20805543 20805264 26917803 0 0 1302528
1073152 20845539 20845260 26969547 0 0 1310720
1257472 20883060 20882802 27018057 0 0 1310720
1691648 20919426 20918956 27065049 0 0 2039808
1122304 20957574 20957332 27114483 0 0 1302528
765952 20993346 20993171 27160716 0 0 925696
1175552 21029316 21029085 27207279 0 0 1306624
1028096 21067827 21067555 27257010 0 0 1290240
1101824 21102345 21102080 27301659 0 0 1298432
1134592 21141417 21141223 27352215 0 0 1257472
1060864 21178674 21178456 27400395 0 0 1306624
1982464 21209199 21208737 27439929 0 0 1949696
1490944 21238503 21238082 27477714 0 0 1708032
1159168 21272427 21272177 27521670 0 0 1302528
1196032 21305460 21305330 27564471 0 0 1142784
1064960 21334500 21334236 27601860 0 0 1298432
1671168 21367731 21367293 27644892 0 0 1945600
1765376 21399543 21399076 27685911 0 0 2035712
950272 21425448 21425287 27719505 0 0 925696
1245184 21456930 21456652 27760194 0 0 1310720
1097728 21489996 21489715 27803028 0 0 1306624
1740800 21520422 21519889 27842298 0 0 1986560
1814528 21552498 21552032 27883779 0 0 1994752
1245184 21587049 21586765 27928362 0 0 1306624
872448 21613713 21613391 27962913 0 0 1085440
1769472 21647175 21646759 28006143 0 0 1949696
1794048 21687171 21686747 28057854 0 0 1994752
827392 21719247 21719110 28099401 0 0 925696
1646592 21746373 21745964 28134513 0 0 1949696
901120 21789240 21789009 28189953 0 0 1138688
1093632 21821547 21821295 28231698 0 0 1298432
1843200 21849300 21848825 28267668 0 0 2056192
884736 21884181 21883874 28312647 0 0 1302528
1748992 21915597 21915093 28353336 0 0 1945600
790528 21946155 21945908 28393002 0 0 1089536
1675264 21974766 21974373 28429962 0 0 2056192
1294336 22003542 22003279 28467120 0 0 1306624
1245184 22035321 22035058 28508205 0 0 1257472
909312 22068321 22068080 28551039 0 0 1003520
