1052672 3234 2995 4389 0 0 1220608
1785856 31647 31192 41316 0 0 1912832
1183744 64647 64402 84150 0 0 1224704
1155072 95832 95604 124641 0 0 1224704
1851392 120945 120523 157212 0 0 1953792
1978368 149721 149289 194502 0 0 1970176
1744896 179652 179234 233376 0 0 1908736
1249280 206184 205869 267927 0 0 1511424
1155072 234795 234565 304953 0 0 1224704
1163264 266277 266086 345840 0 0 1220608
1036288 292380 292119 379599 0 0 1224704
1208320 322344 322053 418539 0 0 1175552
1069056 353793 353578 459426 0 0 1216512
1089536 381975 381754 495924 0 0 1224704
1904640 407418 406971 528957 0 0 1921024
1892352 435567 435140 565488 0 0 1925120
1036288 465267 465018 603999 0 0 1224704
1257472 491568 491345 638187 0 0 1220608
1691648 520674 520225 675873 0 0 1912832
1028096 551826 551632 716430 0 0 1228800
1888256 578160 577798 750585 0 0 1974272
1687552 606936 606541 787875 0 0 1957888
1003520 636603 636430 826386 0 0 1220608
1146880 663861 663659 861795 0 0 1175552
1187840 691977 691823 898359 0 0 1224704
1216512 723855 723621 939609 0 0 1220608
1224704 752268 752071 976470 0 0 1224704
1765376 778074 777643 1009899 0 0 1912832
1048576 813582 813311 1056099 0 0 1118208
1867776 841005 840542 1091673 0 0 1912832
1691648 866151 865729 1124211 0 0 1912832
1024000 897996 897688 1165461 0 0 1212416
1150976 927036 926786 1203246 0 0 1220608
1851392 953040 952688 1237071 0 0 1978368
1904640 980859 980513 1273107 0 0 1912832
1052672 1010559 1010368 1311651 0 0 1179648
835584 1036662 1036445 1345509 0 0 888832
1712128 1065405 1064941 1382733 0 0 1908736
1159168 1094709 1094515 1420848 0 0 1179648
1855488 1121109 1120682 1455069 0 0 1912832
1789952 1146222 1145806 1487640 0 0 1912832
999424 1176846 1176549 1527273 0 0 1224704
1777664 1203114 1202711 1561494 0 0 1908736
1175552 1228854 1228653 1594923 0 0 1228800
1687552 1258851 1258439 1633764 0 0 1949696
1126400 1285185 1284919 1668018 0 0 1224704
1064960 1309704 1309475 1699863 0 0 1175552
1232896 1339998 1339752 1739100 0 0 1220608
1761280 1369005 1368653 1776852 0 0 1912832
1757184 1394217 1393775 1809489 0 0 1953792
954368 1431870 1431634 1858329 0 0 1224704
1667072 1462329 1461900 1897797 0 0 1912832
987136 1486485 1486275 1929279 0 0 1179648
815104 1514700 1514564 1965975 0 0 925696
1146880 1545852 1545647 2006466 0 0 1261568
2068480 1569315 1568871 2036727 0 0 1998848
1093632 1597299 1597098 2072994 0 0 1310720
835584 1628121 1628003 2112792 0 0 966656
1830912 1653399 1652972 2145429 0 0 1994752
1069056 1678677 1678421 2178198 0 0 1310720
1028096 1715505 1715290 2225817 0 0 1261568
1503232 1744446 1744170 2263239 0 0 1265664
1011712 1787346 1787086 2318778 0 0 1310720
1167360 1844073 1843752 2391972 0 0 1310720
1925120 1885455 1885000 2445366 0 0 2048000
2052096 1908654 1908177 2475231 0 0 2039808
1298432 1935483 1935178 2509815 0 0 1310720
1245184 1964655 1964496 2547567 0 0 1314816
1122304 1987590 1987336 2577069 0 0 1261568
1773568 2015871 2015470 2613534 0 0 2039808
1605632 2043954 2043505 2649702 0 0 1994752
1728512 2068902 2068506 2681976 0 0 1994752
1122304 2097117 2096866 2718375 0 0 1306624
987136 2126652 2126406 2756424 0 0 1310720
1265664 2152128 2151882 2789259 0 0 1261568
1384448 2178363 2178050 2823018 0 0 1314816
1077248 2208294 2208031 2861694 0 0 1089536
835584 2234430 2234229 2895354 0 0 929792
999424 2261028 2260813 2929674 0 0 1093632
753664 2291223 2290982 2968515 0 0 1134592
1847296 2318877 2318399 3004155 0 0 1949696
970752 2344485 2344221 3037089 0 0 1212416
950272 2373426 2373158 3074478 0 0 1265664
1753088 2402664 2402225 3112164 0 0 2048000
1835008 2428206 2427834 3145197 0 0 1998848
925696 2457873 2457662 3183345 0 0 983040
2039808 2487408 2486963 3221460 0 0 2043904
1982464 2512125 2511629 3253272 0 0 2007040
1134592 2541033 2540845 3290628 0 0 1306624
1798144 2570931 2570510 3329073 0 0 2052096
1949696 2597100 2596736 3362898 0 0 1998848
794624 2624028 2623809 3397548 0 0 929792
1433600 2655510 2655217 3438204 0 0 1318912
1003520 2683164 2682866 3473745 0 0 1261568
1126400 2707155 2706961 3504765 0 0 1306624
1417216 2737614 2737236 3543936 0 0 1658880
1945600 2764212 2763746 3578256 0 0 2039808
1814528 2789490 2789052 3610860 0 0 2039808
1884160 2817771 2817381 3647424 0 0 1998848
1609728 2847867 2847517 3686232 0 0 1744896
1675264 2872947 2872541 3718473 0 0 1998848
1130496 2900073 2899844 3753453 0 0 1306624
1200128 2930268 2930016 3792393 0 0 1314816
1908736 2955513 2955103 3824964 0 0 1998848
1130496 2984190 2983919 3861924 0 0 1306624
1200128 3015144 3014856 3901821 0 0 1310720
835584 3038508 3038340 3932049 0 0 1007616
1658880 3062301 3061827 3963003 0 0 1945600
1183744 3092133 3091931 4001646 0 0 1314816
1835008 3118071 3117629 4035141 0 0 1953792
1773568 3144306 3143876 4068999 0 0 1941504
1122304 3174138 3173907 4107609 0 0 1310720
1753088 3203772 3203290 4145856 0 0 2039808
700416 3230040 3229788 4179879 0 0 1060864
1118208 3259839 3259534 4218291 0 0 1261568
1216512 3293334 3293100 4261620 0 0 1310720
1089536 3318975 3318768 4294719 0 0 1261568
1888256 3349467 3349003 4334088 0 0 1998848
1224704 3380289 3380098 4373919 0 0 1142784
790528 3405897 3405642 4406952 0 0 1089536
1069056 3435102 3434798 4444506 0 0 1265664
1847296 3467277 3466894 4486152 0 0 1953792
937984 3493512 3493351 4520010 0 0 880640
1216512 3519087 3518864 4552944 0 0 1306624
1261568 3551757 3551447 4595052 0 0 1257472
1249280 3576837 3576485 4627392 0 0 1089536
905216 3603831 3603676 4662339 0 0 1093632
892928 3636468 3636260 4704381 0 0 1064960
1507328 3664749 3664287 4740780 0 0 1953792
1253376 3690027 3689771 4773351 0 0 1265664
1875968 3719232 3718828 4811136 0 0 2011136
1961984 3749427 3748954 4850010 0 0 1953792
1724416 3776850 3776373 4885353 0 0 2043904
1830912 3808497 3808118 4926207 0 0 2035712
1810432 3839583 3839152 4966335 0 0 1945600
1720320 3866379 3865990 5000919 0 0 2048000
1220608 3896574 3896302 5039859 0 0 1302528
1290240 3927627 3927353 5079921 0 0 1306624
1781760 3954093 3953679 5114076 0 0 1998848
1282048 3982473 3982208 5150607 0 0 1306624
856064 4013229 4013057 5190339 0 0 933888
1048576 4037880 4037666 5222151 0 0 1261568
1228800 4065039 4064766 5257131 0 0 1310720
1732608 4097313 4096888 5298744 0 0 1945600
1298432 4133283 4133007 5345175 0 0 1306624
1683456 4159122 4158699 5378505 0 0 1990656
1720320 4187766 4187306 5415432 0 0 1937408
1740800 4218819 4218398 5455527 0 0 1998848
1523712 4246803 4246401 5491530 0 0 1761280
1232896 4274919 4274607 5527797 0 0 1261568
1200128 4305708 4305398 5567529 0 0 1314816
1236992 4333692 4333402 5603664 0 0 1306624
1892352 4361742 4361249 5639799 0 0 1994752
1740800 4392168 4391701 5679069 0 0 1998848
1032192 4417248 4417010 5711508 0 0 1093632
1118208 4444869 4444618 5747115 0 0 1269760
1855488 4476813 4476402 5788299 0 0 1921024
1167360 4503345 4503056 5822553 0 0 1306624
1937408 4529844 4529437 5856675 0 0 1998848
1052672 4561194 4560977 5897265 0 0 1310720
1904640 4582611 4582197 5925249 0 0 2048000
1171456 4608351 4608085 5958546 0 0 1093632
1126400 4639338 4639047 5998542 0 0 1314816
1904640 4669500 4668987 6037482 0 0 1949696
1748992 4696857 4696443 6073023 0 0 1998848
1769472 4725204 4724747 6109653 0 0 1998848
1822720 4765992 4765640 6162420 0 0 1953792
1069056 4799949 4799677 6206343 0 0 1089536
1683456 4831200 4830767 6246768 0 0 1994752
1245184 4862913 4862675 6287754 0 0 1265664
1224704 4888521 4888210 6320820 0 0 1310720
1785856 4917099 4916676 6357846 0 0 1994752
1122304 4965807 4965581 6420876 0 0 1257472
1167360 5003889 5003618 6470145 0 0 1310720
1810432 5037318 5036925 6513441 0 0 1953792
1695744 5073882 5073441 6560697 0 0 2048000
1089536 5102526 5102227 6597723 0 0 1261568
1179648 5129289 5129042 6632439 0 0 1302528
1122304 5162487 5162187 6675306 0 0 1310720
1122304 5192946 5192669 6714774 0 0 1306624
1933312 5220270 5219877 6750183 0 0 2056192
1007616 5250168 5249999 6788892 0 0 1060864
966656 5284290 5284094 6833079 0 0 1089536
1150976 5310657 5310492 6867234 0 0 1261568
1859584 5340555 5340070 6905778 0 0 1949696
1138688 5372202 5371946 6946797 0 0 1306624
1138688 5409360 5409081 6994812 0 0 1261568
1318912 5452227 5451933 7050318 0 0 1306624
978944 5493906 5493704 7104339 0 0 1261568
1818624 5527104 5526698 7147338 0 0 1953792
1236992 5566077 5565883 7197729 0 0 1302528
1945600 5611749 5611334 7256799 0 0 1998848
1781760 5647983 5647538 7303692 0 0 1994752
1232896 5681412 5681234 7346955 0 0 1310720
1060864 5719857 5719545 7396587 0 0 1310720
1208320 5763945 5763728 7453710 0 0 1310720
1892352 5806020 5805553 7508127 0 0 2048000
1286144 5852880 5852644 7568781 0 0 1314816
1093632 5895813 5895592 7624386 0 0 1310720
1388544 5938086 5937844 7679067 0 0 1265664
1794048 5976498 5976047 7728699 0 0 1949696
643072 6015537 6015341 7779222 0 0 1007616
995328 6048933 6048678 7822452 0 0 1302528
774144 6084276 6084103 7868388 0 0 1011712
1093632 6123018 6122789 7918614 0 0 1310720
1003520 6156612 6156417 7962174 0 0 1093632
1736704 6197928 6197525 8015502 0 0 1998848
1101824 6244854 6244583 8076222 0 0 1314816
1953792 6289635 6289130 8134137 0 0 1994752
1744896 6335901 6335461 8193999 0 0 1998848
1888256 6381573 6381162 8253036 0 0 2043904
1175552 6427212 6427029 8312139 0 0 1261568
1273856 6469815 6469514 8367315 0 0 1261568
1220608 6515652 6515350 8426781 0 0 1306624
1114112 6557529 6557303 8481132 0 0 1265664
991232 6598680 6598496 8534526 0 0 1069056
987136 6638478 6638262 8586138 0 0 1089536
1179648 6676164 6675910 8635011 0 0 1142784
1925120 6706128 6705739 8673753 0 0 1994752
1196032 6738996 6738749 8716323 0 0 1302528
1441792 6771765 6771561 8758827 0 0 1306624
1228800 6801300 6801035 8797041 0 0 1310720
1093632 6835653 6835412 8841690 0 0 1130496
1126400 6873603 6873337 8890794 0 0 1265664
1175552 6909474 6909176 8937258 0 0 1265664
1032192 6945015 6944813 8983557 0 0 1089536
1110016 6984813 6984506 9034971 0 0 1265664
1404928 7023390 7023124 9085032 0 0 1314816
1228800 7060416 7060232 9133146 0 0 1306624
1261568 7098135 7097918 9181953 0 0 1310720
1744896 7133742 7133277 9228054 0 0 1953792
1892352 7172319 7171883 9278082 0 0 2002944
1761280 7213569 7213221 9331641 0 0 1998848
1093632 7255017 7254822 9385365 0 0 1093632
1126400 7292637 7292398 9434073 0 0 1306624
1052672 7333689 7333442 9487236 0 0 1261568
1179648 7375566 7375376 9541587 0 0 1310720
1036288 7412988 7412723 9590064 0 0 1310720
880640 7451895 7451673 9640587 0 0 966656
1941504 7494432 7493979 9695631 0 0 2011136
1810432 7531788 7531319 9744075 0 0 2043904
1335296 7568517 7568292 9791793 0 0 1306624
815104 7604421 7604289 9838389 0 0 1007616
1122304 7639302 7639060 9883500 0 0 1261568
1150976 7674348 7674001 9928512 0 0 1224704
1744896 7710516 7710106 9975009 0 0 1994752
1540096 7750611 7750166 10026456 0 0 2039808
839680 7786053 7785870 10072095 0 0 929792
1040384 7824597 7824330 10121562 0 0 1306624
1036288 7862217 7861935 10169940 0 0 1310720
1236992 7898253 7898002 10216272 0 0 1310720
1040384 7934619 7934362 10263066 0 0 1310720
1773568 7975242 7974827 10315338 0 0 2060288
970752 8007978 8007739 10357380 0 0 1306624
1769472 8052561 8052118 10414701 0 0 1949696
667648 8096583 8096411 10471362 0 0 1007616
827392 8140935 8140715 10528353 0 0 1056768
880640 8176047 8175886 10573629 0 0 1093632
1064960 8218188 8217937 10627716 0 0 1310720
1417216 8249373 8249088 10667778 0 0 1306624
1699840 8283594 8283135 10711800 0 0 2039808
913408 8316297 8316117 10753908 0 0 1007616
1118208 8355072 8354836 10803738 0 0 1261568
1196032 8394144 8393970 10854030 0 0 1306624
1085440 8430543 8430308 10900824 0 0 1265664
1073152 8468427 8468194 10949466 0 0 1310720
1187840 8504496 8504291 10995897 0 0 1310720
1343488 8536572 8536360 11037147 0 0 1265664
909312 8577855 8577576 11090211 0 0 1314816
1077248 8611845 8611557 11133837 0 0 1310720
1748992 8646594 8646139 11178618 0 0 1953792
1736704 8681673 8681285 11223795 0 0 2068480
1662976 8712033 8711520 11262735 0 0 1998848
1892352 8737344 8736886 11295306 0 0 2043904
1822720 8767275 8766870 11333850 0 0 1945600
929792 8805489 8805222 11382921 0 0 1310720
1060864 8832978 8832791 11418297 0 0 1261568
1191936 8865384 8865172 11459976 0 0 1310720
1867776 8900529 8900125 11505186 0 0 2043904
1163264 8929569 8929300 11542476 0 0 1302528
1167360 8964681 8964461 11587719 0 0 1306624
1642496 8999463 8999041 11632467 0 0 1994752
1052672 9026094 9025830 11666688 0 0 1302528
1081344 9054210 9053876 11702823 0 0 1306624
1855488 9086583 9086139 11744502 0 0 2043904
1798144 9117438 9116956 11784135 0 0 2035712
888832 9144135 9143970 11819016 0 0 1142784
962560 9176145 9175901 11860167 0 0 1314816
1019904 9201522 9201258 11892936 0 0 1306624
1146880 9234852 9234559 11935803 0 0 1261568
1114112 9269040 9268822 11979924 0 0 1306624
1187840 9302964 9302726 12023682 0 0 1265664
1003520 9333918 9333688 12063579 0 0 1040384
1724416 9367116 9366663 12106347 0 0 1953792
1036288 9404802 9404523 12155022 0 0 1089536
1691648 9432522 9432092 12190695 0 0 2007040
1957888 9472518 9472116 12242340 0 0 1998848
995328 9515022 9514723 12297054 0 0 1306624
1363968 9549210 9548933 12341109 0 0 1306624
1032192 9586170 9585839 12388860 0 0 1261568
1040384 9621975 9621721 12435093 0 0 1126400
1916928 9654546 9654165 12477135 0 0 2023424
839680 9688503 9688355 12520992 0 0 1138688
1658880 9723846 9723425 12566598 0 0 1953792
1916928 9761169 9760729 12614580 0 0 1994752
1548288 9798459 9797997 12662628 0 0 1998848
1929216 9828654 9828248 12701667 0 0 2060288
1028096 9861060 9860759 12743445 0 0 1314816
1130496 9897426 9897206 12790272 0 0 1310720
1720320 9938346 9937905 12843039 0 0 1953792
1019904 9979035 9978871 12895608 0 0 1093632
1085440 10014147 10013916 12940917 0 0 1089536
1191936 10048005 10047714 12984510 0 0 1265664
1683456 10085559 10085116 13032954 0 0 1953792
1011712 10118295 10118016 13075161 0 0 1265664
999424 10155519 10155262 13123176 0 0 1302528
1073152 10197990 10197702 13177956 0 0 1310720
909312 10232508 10232339 13222539 0 0 987136
1134592 10276134 10275911 13278804 0 0 1314816
1662976 10317714 10317273 13332396 0 0 2052096
1691648 10353189 10352634 13378101 0 0 1994752
1155072 10390116 10389865 13425720 0 0 1261568
1056768 10431333 10431142 13478916 0 0 1261568
999424 10460439 10460228 13516536 0 0 1142784
1015808 10495452 10495222 13561614 0 0 1306624
618496 10535811 10535659 13613721 0 0 1003520
1294336 10577292 10577114 13667214 0 0 1257472
1728512 10615836 10615397 13716846 0 0 1990656
1335296 10651245 10651007 13762518 0 0 1265664
1601536 10679097 10678700 13798752 0 0 2039808
1167360 10710579 10710332 13839243 0 0 1306624
1171456 10750575 10750327 13890690 0 0 1310720
950272 10789350 10789042 13940619 0 0 1306624
1695744 10824429 10823962 13985730 0 0 2052096
1843200 10858947 10858494 14030181 0 0 2043904
925696 10897128 10896816 14079318 0 0 1310720
1052672 10935540 10935358 14128818 0 0 1261568
1236992 10971246 10971055 14174820 0 0 1253376
1130496 11011902 11011661 14227059 0 0 1310720
1724416 11048235 11047847 14273787 0 0 2035712
835584 11083380 11083240 14319030 0 0 929792
1044480 11120043 11119821 14366319 0 0 1150976
1236992 11151129 11150909 14406249 0 0 1261568
970752 11189046 11188780 14454957 0 0 1306624
1249280 11228712 11228484 14506008 0 0 1310720
1105920 11267784 11267583 14556366 0 0 1306624
1843200 11310255 11309832 14610948 0 0 2015232
1118208 11347842 11347614 14659326 0 0 1257472
1949696 11384142 11383732 14706087 0 0 2043904
1875968 11418297 11417870 14750109 0 0 1953792
1376256 11453772 11453481 14795616 0 0 1310720
1777664 11491293 11490885 14843928 0 0 1900544
876544 11526108 11525879 14888709 0 0 1253376
1871872 11566170 11565698 14940222 0 0 1949696
1077248 11603064 11602821 14987775 0 0 1310720
1675264 11632665 11632277 15025923 0 0 2043904
1622016 11658933 11658522 15059715 0 0 2011136
1781760 11692230 11691782 15102516 0 0 2048000
991232 11725626 11725363 15145515 0 0 1134592
1048576 11759418 11759168 15188976 0 0 1310720
1265664 11795454 11795165 15235242 0 0 1253376
1097728 11835681 11835491 15287151 0 0 1261568
1126400 11874258 11873996 15336684 0 0 1261568
1753088 11915145 11914692 15389319 0 0 1994752
1740800 11955438 11955010 15441195 0 0 2043904
1445888 11993850 11993450 15490662 0 0 1748992
835584 12037377 12037145 15546696 0 0 1089536
1056768 12070212 12070030 15588903 0 0 1261568
991232 12107535 12107293 15636885 0 0 1265664
1048576 12140799 12140584 15679686 0 0 1310720
1908736 12184194 12183726 15735489 0 0 2035712
1691648 12214983 12214563 15775617 0 0 1953792
1105920 12252405 12252135 15824028 0 0 1265664
995328 12293556 12293323 15877224 0 0 1089536
1761280 12330582 12330163 15924942 0 0 1998848
905216 12369621 12369354 15975366 0 0 1060864
1355776 12406680 12406401 16023216 0 0 1261568
835584 12448623 12448454 16077468 0 0 974848
929792 12483867 12483654 16123074 0 0 1265664
1216512 12517692 12517463 16166667 0 0 1253376
983040 12556764 12556534 16217124 0 0 1044480
843776 12582339 12582144 16250124 0 0 1142784
1200128 12610554 12610350 16286457 0 0 1314816
1273856 12646227 12646014 16332426 0 0 1306624
1093632 12678468 12678294 16374105 0 0 1306624
1077248 12711732 12711543 16416972 0 0 929792
1171456 12742719 12742536 16457034 0 0 1302528
843776 12770571 12770370 16492938 0 0 1093632
2019328 12795783 12795307 16525344 0 0 2048000
1249280 12829278 12829038 16568541 0 0 1306624
1150976 12858549 12858276 16606293 0 0 1306624
1732608 12889272 12888817 16645959 0 0 1994752
1257472 12920622 12920386 16686450 0 0 1310720
1114112 12955074 12954818 16730901 0 0 1261568
790528 12984279 12984158 16768620 0 0 929792
1667072 13018401 13017954 16812642 0 0 2043904
1765376 13052457 13052068 16856598 0 0 2043904
557056 13083048 13082828 16896033 0 0 1003520
1765376 13116180 13115729 16938735 0 0 1994752
1179648 13153965 13153711 16987443 0 0 1306624
1052672 13184127 13183859 17026383 0 0 1306624
933888 13217325 13217187 17069415 0 0 1089536
1187840 13250787 13250559 17112447 0 0 1302528
1961984 13283127 13282621 17154093 0 0 2011136
1179648 13313355 13313103 17193264 0 0 1380352
1261568 13350348 13350109 17240949 0 0 1310720
1855488 13381137 13380663 17280615 0 0 1994752
1056768 13405953 13405669 17312724 0 0 1249280
1744896 13436280 13435802 17351763 0 0 1998848
786432 13467993 13467820 17392749 0 0 1040384
1822720 13503864 13503420 17439015 0 0 2039808
2019328 13540098 13539726 17485776 0 0 2043904
1073152 13569039 13568860 17523066 0 0 1310720
983040 13597947 13597756 17560422 0 0 1302528
1224704 13635105 13634904 17608305 0 0 1314816
917504 13672395 13672141 17656419 0 0 1089536
851968 13709190 13708975 17704071 0 0 1007616
876544 13741959 13741740 17746575 0 0 1089536
1888256 13781229 13780742 17797263 0 0 2056192
1683456 13805220 13804851 17828283 0 0 1667072
1298432 13841586 13841334 17875242 0 0 1310720
978944 13878843 13878606 17923356 0 0 1261568
1134592 13914813 13914624 17969820 0 0 1306624
1687552 13939893 13939409 18002028 0 0 1900544
1703936 13966920 13966512 18037107 0 0 1712128
1921024 13997808 13997352 18076938 0 0 2056192
1167360 14021601 14021324 18107661 0 0 1306624
966656 14048760 14048471 18142641 0 0 1261568
1232896 14079780 14079531 18182703 0 0 1265664
2031616 14106906 14106416 18217650 0 0 2056192
1884160 14135847 14135403 18254973 0 0 2002944
1056768 14165778 14165589 18293649 0 0 1089536
1216512 14191023 14190775 18326121 0 0 1310720
1335296 14218776 14218463 18361860 0 0 1261568
1789952 14250423 14250009 18402714 0 0 2002944
1171456 14275734 14275470 18435417 0 0 1314816
978944 14301903 14301743 18469209 0 0 929792
966656 14333352 14333144 18509799 0 0 1093632
1531904 14359125 14358751 18543063 0 0 2039808
1933312 14383908 14383461 18574842 0 0 1949696
1114112 14411331 14411106 18610284 0 0 1277952
1269760 14441823 14441518 18649554 0 0 1314816
1863680 14465814 14465428 18680607 0 0 2015232
1286144 14493633 14493351 18716346 0 0 1310720
1888256 14522871 14522372 18754098 0 0 1908736
1007616 14547291 14547105 18785745 0 0 1089536
1064960 14574945 14574726 18821286 0 0 1306624
1851392 14604513 14604097 18859434 0 0 1953792
1024000 14629164 14628972 18891246 0 0 1306624
1454080 14657544 14657293 18927810 0 0 1257472
1220608 14688894 14688650 18968268 0 0 1310720
921600 14713677 14713490 19000080 0 0 929792
704512 14738295 14738130 19031991 0 0 950272
1761280 14769711 14769252 19072383 0 0 2039808
1155072 14800500 14800199 19112049 0 0 1310720
1212416 14825745 14825528 19144752 0 0 1302528
1134592 14851980 14851725 19178445 0 0 1310720
1110016 14885508 14885247 19221675 0 0 1306624
1638400 14910720 14910357 19254213 0 0 1712128
2109440 14936097 14935607 19286916 0 0 2043904
1921024 14963850 14963404 19322655 0 0 1998848
1126400 15000381 15000097 19369878 0 0 1265664
1171456 15028068 15027875 19405650 0 0 1261568
1945600 15057966 15057506 19444062 0 0 2023424
1757184 15083871 15083461 19477458 0 0 2060288
1024000 15110073 15109790 19511283 0 0 1302528
1986560 15143568 15143131 19554513 0 0 1978368
1769472 15171618 15171133 19590648 0 0 1998848
1859584 15196599 15196159 19622889 0 0 1953792
1495040 15226662 15226319 19661697 0 0 1609728
1216512 15251214 15250994 19693740 0 0 1314816
1110016 15281475 15281175 19732713 0 0 1302528
983040 15316554 15316307 19778022 0 0 1265664
1224704 15354966 15354728 19827621 0 0 1318912
1695744 15391266 15390889 19874514 0 0 1994752
1753088 15426411 15426005 19919790 0 0 2052096
946176 15464658 15464428 19969224 0 0 1146880
1208320 15491190 15490913 20003379 0 0 1286144
1343488 15523200 15522911 20044695 0 0 1306624
1839104 15555804 15555377 20086803 0 0 1949696
1859584 15584151 15583719 20123301 0 0 2043904
798720 15615072 15614844 20163165 0 0 1060864
688128 15648864 15648712 20206593 0 0 929792
1814528 15680610 15680167 20247480 0 0 1953792
1155072 15711993 15711768 20287971 0 0 1306624
1351680 15744366 15744042 20329617 0 0 1310720
1650688 15774495 15774108 20368491 0 0 2056192
1241088 15802875 15802641 20405022 0 0 1310720
1912832 15834951 15834515 20446272 0 0 1953792
1196032 15867291 15867034 20487951 0 0 1257472
1843200 15893823 15893385 20522172 0 0 1998848
983040 15928341 15928190 20566557 0 0 937984
1150976 15960615 15960381 20608203 0 0 1261568
1138688 15989325 15989102 20645097 0 0 1314816
1024000 16022226 16022027 20687568 0 0 1306624
937984 16055259 16054954 20730006 0 0 1314816
1077248 16091493 16091294 20776734 0 0 1310720
716800 16141917 16141687 20841612 0 0 876544
860160 16180890 16180760 20892003 0 0 1093632
978944 16221513 16221257 20944275 0 0 1093632
1179648 16263522 16263259 20998329 0 0 1265664
1150976 16300449 16300183 21045849 0 0 1265664
1863680 16334637 16334199 21089838 0 0 1937408
1003520 16370013 16369725 21135477 0 0 1306624
917504 16403343 16403092 21178476 0 0 1040384
1622016 16435914 16435460 21220353 0 0 1982464
913408 16465845 16465631 21258996 0 0 1138688
1654784 16498713 16498279 21301269 0 0 1994752
966656 16531680 16531397 21343707 0 0 1265664
1028096 16560984 16560726 21381459 0 0 1265664
1134592 16592796 16592566 21422445 0 0 1323008
1699840 16626852 16626398 21466302 0 0 2052096
1716224 16658862 16658449 21507552 0 0 1990656
1044480 16687803 16687649 21544875 0 0 1261568
1110016 16719549 16719322 21585762 0 0 1310720
905216 16748259 16747980 21622689 0 0 1310720
1781760 16774329 16773875 21656547 0 0 1994752
802816 16810200 16809978 21702714 0 0 1310720
1839104 16843002 16842623 21744822 0 0 2048000
1216512 16871448 16871089 21781353 0 0 1597440
1146880 16904052 16903763 21823197 0 0 1314816
843776 16942398 16942245 21872598 0 0 1093632
999424 16973352 16973085 21912198 0 0 1306624
1150976 17007078 17006791 21955560 0 0 1261568
1646592 17042256 17041885 22000902 0 0 2039808
1671168 17071461 17070932 22038291 0 0 1994752
1110016 17103009 17102754 22078881 0 0 1318912
1708032 17139177 17138752 22125345 0 0 1994752
1101824 17174058 17173843 22170225 0 0 1261568
1642496 17209335 17208869 22215501 0 0 1998848
1445888 17243622 17243186 22259655 0 0 1994752
1765376 17270286 17269891 22293909 0 0 1994752
1933312 17301240 17300781 22333674 0 0 2043904
1060864 17338035 17337732 22380996 0 0 1265664
1552384 17368659 17368213 22420365 0 0 1994752
1150976 17398392 17398081 22458579 0 0 1261568
1155072 17434230 17433989 22504713 0 0 1306624
1138688 17474061 17473788 22555896 0 0 1306624
1155072 17519997 17519701 22614933 0 0 1310720
1810432 17559201 17558723 22665390 0 0 2043904
1748992 17598405 17597906 22715814 0 0 2060288
1593344 17634870 17634420 22762641 0 0 2039808
1228800 17667771 17667538 22805013 0 0 1298432
827392 17705028 17704777 22852863 0 0 1265664
978944 17736939 17736789 22893981 0 0 1130496
1036288 17767233 17766977 22932855 0 0 1310720
1617920 17805513 17805115 22982157 0 0 2011136
970752 17835345 17835155 23020503 0 0 1089536
958464 17867784 17867528 23062050 0 0 1261568
1228800 17909463 17909150 23115708 0 0 1306624
1150976 17946159 17945921 23162964 0 0 1310720
1007616 17984802 17984571 23212596 0 0 1257472
974848 18023412 18023191 23262228 0 0 1306624
1699840 18054960 18054522 23302752 0 0 1998848
1060864 18084132 18083943 23340372 0 0 1142784
565248 18122082 18121898 23389146 0 0 921600
1073152 18165840 18165673 23445477 0 0 1265664
1810432 18202371 18201915 23492304 0 0 1990656
909312 18239133 18238883 23539560 0 0 1314816
1212416 18274377 18274122 23584869 0 0 1261568
811008 18298929 18298695 23616846 0 0 1261568
1720320 18342456 18342092 23672781 0 0 2048000
999424 18380208 18380005 23721225 0 0 929792
1163264 18412086 18411799 23762145 0 0 1310720
729088 18442974 18442876 23802042 0 0 929792
1937408 18479769 18479337 23849232 0 0 1978368
1302528 18510129 18509852 23888238 0 0 1261568
1032192 18545076 18544810 23933151 0 0 1306624
1585152 18583092 18582584 23981958 0 0 2043904
1843200 18616719 18616238 24025287 0 0 1998848
1699840 18646749 18646291 24063930 0 0 2039808
1101824 18672456 18672256 24097062 0 0 1306624
1200128 18703113 18702841 24136398 0 0 1265664
1200128 18730635 18730390 24171840 0 0 1265664
1679360 18761226 18760769 24211275 0 0 2043904
1040384 18792477 18792219 24251469 0 0 1306624
1118208 18819999 18819767 24286977 0 0 1310720
876544 18848478 18848341 24323574 0 0 929792
1097728 18879399 18879185 24363405 0 0 1265664
1572864 18906921 18906542 24398880 0 0 2035712
1118208 18932958 18932720 24432309 0 0 1314816
1703936 18964440 18964069 24472899 0 0 1998848
1847296 18991467 18990996 24507582 0 0 1994752
1044480 19016613 19016343 24539955 0 0 1060864
1228800 19046907 19046635 24578829 0 0 1306624
1097728 19079643 19079388 24621036 0 0 1306624
1208320 19109310 19109092 24659217 0 0 1298432
851968 19145445 19145194 24705747 0 0 1245184
974848 19173957 19173711 24742476 0 0 1089536
1040384 19198707 19198474 24774288 0 0 1310720
1114112 19225965 19225799 24809466 0 0 1093632
1159168 19254741 19254471 24846360 0 0 1310720
1052672 19278600 19278344 24877182 0 0 1310720
1134592 19306815 19306570 24913416 0 0 1310720
1224704 19335261 19334980 24950046 0 0 1265664
1884160 19361265 19360839 24983475 0 0 2015232
897024 19388853 19388711 25019049 0 0 978944
1138688 19419444 19419240 25058352 0 0 1306624
1200128 19444260 19443973 25090230 0 0 1261568
1875968 19470231 19469814 25123659 0 0 1994752
1191936 19499073 19498802 25160718 0 0 1265664
1794048 19528740 19528309 25198932 0 0 2060288
1773568 19552896 19552454 25230018 0 0 1945600
942080 19582233 19582000 25267803 0 0 1306624
1220608 19612560 19612334 25306842 0 0 1261568
1675264 19638267 19637829 25339941 0 0 2039808
1638400 19664898 19664492 25374162 0 0 1994752
1044480 19693971 19693728 25411584 0 0 1306624
1761280 19718193 19717711 25442736 0 0 2043904
970752 19744560 19744257 25476627 0 0 1261568
1036288 19774623 19774399 25515402 0 0 1204224
1101824 19799010 19798801 25546752 0 0 1302528
876544 19822044 19821851 25576485 0 0 1007616
999424 19846497 19846343 25608297 0 0 1089536
1691648 19870917 19870494 25639548 0 0 2039808
1191936 19896294 19896091 25672152 0 0 1265664
1867776 19924080 19923655 25707924 0 0 1994752
1695744 19950711 19950309 25742112 0 0 1953792
1085440 19974537 19974324 25772736 0 0 1306624
1179648 20002686 20002437 25808871 0 0 1310720
692224 20029614 20029378 25843488 0 0 929792
1871872 20056443 20056020 25878039 0 0 2052096
1732608 20087298 20086882 25917738 0 0 2064384
1802240 20116338 20115880 25955094 0 0 1949696
1101824 20140230 20139950 25985718 0 0 1257472
1859584 20167059 20166670 26020269 0 0 1953792
1675264 20193030 20192628 26053665 0 0 2035712
1122304 20216922 20216751 26084454 0 0 1089536
995328 20241672 20241524 26116299 0 0 1089536
933888 20269161 20268969 26151543 0 0 905216
1286144 20292987 20292729 26182068 0 0 1310720
1093632 20318067 20317788 26214375 0 0 1306624
1146880 20346876 20346568 26251533 0 0 1335296
815104 20372187 20371929 26284071 0 0 1093632
1818624 20396838 20396390 26315751 0 0 2056192
745472 20423436 20423271 26349906 0 0 929792
1921024 20450298 20449875 26384424 0 0 1966080
991232 20474256 20474004 26415312 0 0 1331200
1626112 20499204 20498721 26447289 0 0 2052096
1097728 20528178 20527990 26484678 0 0 1310720
1720320 20551113 20550660 26514048 0 0 1998848
1626112 20580417 20579951 26551833 0 0 1982464
1314816 20610216 20609912 26590146 0 0 1273856
925696 20634834 20634605 26621826 0 0 1265664
1089536 20664798 20664477 26660304 0 0 1261568
2076672 20693772 20693366 26697660 0 0 2060288
1740800 20719776 20719331 26730990 0 0 1994752
1089536 20745153 20745020 26763726 0 0 1003520
1683456 20771388 20770941 26797452 0 0 1949696
1228800 20796435 20796175 26829660 0 0 1261568
1327104 20820327 20819977 26860350 0 0 1310720
1859584 20847156 20846717 26894835 0 0 2043904
880640 20875041 20874801 26930772 0 0 1093632
1642496 20900385 20899841 26963244 0 0 2035712
1699840 20928765 20928342 26999775 0 0 2043904
1806336 20956914 20956440 27035877 0 0 1953792
1245184 20979750 20979522 27065412 0 0 1306624
1679360 21006348 21005848 27099567 0 0 1949696
1167360 21034167 21033950 27135306 0 0 1306624
1875968 21058290 21057870 27166359 0 0 1949696
1372160 21083238 21082923 27198534 0 0 1695744
1802240 21112707 21112287 27236286 0 0 2002944
1056768 21136797 21136543 27267438 0 0 1302528
1163264 21161547 21161330 27299184 0 0 1261568
1105920 21191181 21190955 27337299 0 0 1253376
749568 21215601 21215503 27368715 0 0 929792
1183744 21241374 21241145 27401979 0 0 1306624
1015808 21277674 21277507 27448674 0 0 1093632
1187840 21302985 21302755 27481080 0 0 1261568
1097728 21327438 21327211 27512562 0 0 1261568
1138688 21352584 21352267 27545199 0 0 1306624
1638400 21380502 21380076 27581433 0 0 2043904
1503232 21404229 21403892 27612123 0 0 1757184
1118208 21433269 21433035 27649578 0 0 1282048
2002944 21461253 21460808 27685845 0 0 2056192
1200128 21486498 21486271 27718548 0 0 1265664
2035712 21516957 21516502 27757917 0 0 2048000
1921024 21546492 21546085 27796098 0 0 1994752
1929216 21570780 21570407 27827613 0 0 2043904
1863680 21596652 21596264 27861108 0 0 1998848
1794048 21625329 21624866 27898200 0 0 2002944
1294336 21650310 21650075 27930507 0 0 1269760
978944 21673740 21673445 27960900 0 0 1306624
1884160 21701163 21700696 27996342 0 0 1998848
2007040 21728190 21727797 28031355 0 0 2039808
1593344 21751587 21751206 28061682 0 0 1708032
884736 21777591 21777415 28095276 0 0 929792
1155072 21807357 21807155 28133853 0 0 1298432
1904640 21829929 21829471 28162959 0 0 2064384
1220608 21859167 21858882 28200777 0 0 1310720
1048576 21886524 21886316 28236219 0 0 1302528
1032192 21910350 21910163 28267074 0 0 1089536
1093632 21937773 21937604 28302615 0 0 1048576
1748992 21966912 21966441 28340202 0 0 1990656
1073152 21989715 21989525 28369836 0 0 1314816
1363968 22015026 22014747 28402506 0 0 1265664
1863680 22044858 22044417 28441083 0 0 2035712
1712128 22068585 22068159 28471806 0 0 1945600
1728512 22091718 22091311 28501770 0 0 2048000
1900544 22120626 22120221 28539192 0 0 2043904
1363968 22145343 22145082 28571070 0 0 1265664
1126400 22169103 22168816 28601760 0 0 1306624
1777664 22195866 22195439 28636443 0 0 2052096
1200128 22222332 22222065 28670763 0 0 1257472
995328 22246092 22245878 28701486 0 0 929792
1576960 22274604 22274267 28738413 0 0 1687552
921600 22302753 22302560 28774845 0 0 1048576
1847296 22327074 22326627 28806228 0 0 1998848
983040 22352979 22352647 28839657 0 0 1306624
1236992 22379148 22378853 28873515 0 0 1265664
962560 22403799 22403556 28905459 0 0 1310720
835584 22429374 22429166 28938723 0 0 1089536
1822720 22457688 22457247 28975122 0 0 1994752
1150976 22482636 22482360 29007528 0 0 1314816
1224704 22505769 22505546 29037426 0 0 1314816
1224704 22535304 22535066 29075640 0 0 1265664
1941504 22562397 22561920 29110686 0 0 1998848
1867776 22586124 22585712 29141442 0 0 1982464
1003520 22613943 22613736 29177478 0 0 1040384
987136 22641564 22641372 29213349 0 0 1085440
1167360 22665555 22665368 29244270 0 0 1306624
1347584 22693968 22693626 29280900 0 0 1216512
1925120 22720698 22720262 29315550 0 0 2052096
1798144 22743831 22743387 29345448 0 0 2011136
1748992 22771188 22770824 29380956 0 0 1998848
1859584 22798017 22797542 29415606 0 0 2002944
1638400 22821777 22821341 29446362 0 0 2015232
1110016 22847649 22847450 29479857 0 0 1261568
860160 22872069 22871895 29511603 0 0 1011712
