cache	rss	rss_huge	shmem	mapped_file	dirty	writeback	pgpgin	pgpgout	pgfault	pgmajfault	inactive_anon	active_anon	inactive_file	active_file	unevictable	hierarchical_memory_limit	total_cache	total_rss	total_rss_huge	total_shmem	total_mapped_file	total_dirty	total_writeback	total_pgpgin	total_pgpgout	total_pgfault	total_pgmajfault	total_inactive_anon	total_active_anon	total_inactive_file	total_active_file	total_unevictable	
0	2375680	0	0	0	0	0	5841	5207	7194	0	0	2727936	0	0	0	15728640	0	2375680	0	0	0	0	0	5841	5207	7194	0	0	2727936	0	0	0	
0	1921024	0	0	0	0	0	15411	14973	18480	0	0	2043904	0	0	0	15728640	0	1921024	0	0	0	0	0	15411	14973	18480	0	0	2043904	0	0	0	
0	1847296	0	0	0	0	0	28017	27602	33330	0	0	1994752	0	0	0	15728640	0	1847296	0	0	0	0	0	28017	27602	33330	0	0	1994752	0	0	0	
0	2740224	0	0	0	0	0	39600	38987	46992	0	0	2797568	0	0	0	15728640	0	2740224	0	0	0	0	0	39600	38987	46992	0	0	2797568	0	0	0	
0	1859584	0	0	0	0	0	50160	49719	59433	0	0	2039808	0	0	0	15728640	0	1859584	0	0	0	0	0	50160	49719	59433	0	0	2039808	0	0	0	
0	2531328	0	0	0	0	0	60720	60121	71907	0	0	2727936	0	0	0	15728640	0	2531328	0	0	0	0	0	60720	60121	71907	0	0	2727936	0	0	0	
0	1892352	0	0	0	0	0	70818	70426	83787	0	0	2043904	20480	0	0	15728640	0	1892352	0	0	0	0	0	70818	70426	83787	0	0	2043904	20480	0	0	
0	1859584	0	0	0	0	0	81411	80986	96228	0	0	2043904	0	0	0	15728640	0	1859584	0	0	0	0	0	81411	80986	96228	0	0	2043904	0	0	0	
0	1855488	0	0	0	0	0	91773	91334	108537	0	0	1994752	0	0	0	15728640	0	1855488	0	0	0	0	0	91773	91334	108537	0	0	1994752	0	0	0	
0	1900544	0	0	0	0	0	102036	101628	120648	0	0	2043904	20480	0	0	15728640	0	1900544	0	0	0	0	0	102036	101628	120648	0	0	2043904	20480	0	0	
0	1810432	0	0	0	0	0	114114	113731	134871	0	0	2015232	0	0	0	15728640	0	1810432	0	0	0	0	0	114114	113731	134871	0	0	2015232	0	0	0	
0	1794048	0	0	0	0	0	123717	123304	146157	0	0	2043904	0	0	0	15728640	0	1794048	0	0	0	0	0	123717	123304	146157	0	0	2043904	0	0	0	
0	1982464	0	0	0	0	0	135300	134833	159786	0	0	2039808	0	0	0	15728640	0	1982464	0	0	0	0	0	135300	134833	159786	0	0	2039808	0	0	0	
0	847872	0	0	0	0	0	145926	145783	172425	0	0	974848	20480	0	0	15728640	0	847872	0	0	0	0	0	145926	145783	172425	0	0	974848	20480	0	0	
0	1937408	0	0	0	0	0	156420	156045	184767	0	0	2035712	0	0	0	15728640	0	1937408	0	0	0	0	0	156420	156045	184767	0	0	2035712	0	0	0	
0	1818624	0	0	0	0	0	167013	166606	197274	0	0	2039808	0	0	0	15728640	0	1818624	0	0	0	0	0	167013	166606	197274	0	0	2039808	0	0	0	
0	700416	0	0	0	0	0	176682	176458	208725	0	0	999424	20480	0	0	15728640	0	700416	0	0	0	0	0	176682	176458	208725	0	0	999424	20480	0	0	
0	1933312	0	0	0	0	0	186153	185752	219846	0	0	2039808	0	0	0	15728640	0	1933312	0	0	0	0	0	186153	185752	219846	0	0	2039808	0	0	0	
0	1789952	0	0	0	0	0	198066	197647	233904	0	0	1982464	0	0	0	15728640	0	1789952	0	0	0	0	0	198066	197647	233904	0	0	1982464	0	0	0	
0	1933312	0	0	0	0	0	210309	209975	248325	0	0	2048000	20480	0	0	15728640	0	1933312	0	0	0	0	0	210309	209975	248325	0	0	2048000	20480	0	0	
0	1617920	0	0	0	0	0	221133	220784	261063	0	0	1654784	20480	0	0	15728640	0	1617920	0	0	0	0	0	221133	220784	261063	0	0	1654784	20480	0	0	
0	1839104	0	0	0	0	0	230505	230050	272085	0	0	2039808	0	0	0	15728640	0	1839104	0	0	0	0	0	230505	230050	272085	0	0	2039808	0	0	0	
0	1449984	0	0	0	0	0	241791	241478	285450	0	0	1576960	20480	0	0	15728640	0	1449984	0	0	0	0	0	241791	241478	285450	0	0	1576960	20480	0	0	
0	1904640	0	0	0	0	0	252120	251742	297627	0	0	2043904	20480	0	0	15728640	0	1904640	0	0	0	0	0	252120	251742	297627	0	0	2043904	20480	0	0	
0	1712128	0	0	0	0	0	262251	261780	309540	0	0	2039808	0	0	0	15728640	0	1712128	0	0	0	0	0	262251	261780	309540	0	0	2039808	0	0	0	
0	2551808	0	0	0	0	0	273801	273182	323169	0	0	2785280	0	0	0	15728640	0	2551808	0	0	0	0	0	273801	273182	323169	0	0	2785280	0	0	0	
0	1314816	0	0	0	0	0	286110	285752	337689	0	0	1470464	20480	0	0	15728640	0	1314816	0	0	0	0	0	286110	285752	337689	0	0	1470464	20480	0	0	
0	2502656	0	0	0	0	0	297990	297391	351648	0	0	2781184	20480	0	0	15728640	0	2502656	0	0	0	0	0	297990	297391	351648	0	0	2781184	20480	0	0	
0	1847296	0	0	0	0	0	305844	305449	360987	0	0	1990656	0	0	0	15728640	0	1847296	0	0	0	0	0	305844	305449	360987	0	0	1990656	0	0	0	
0	663552	0	0	0	0	0	316668	316517	373659	0	0	839680	20480	0	0	15728640	0	663552	0	0	0	0	0	316668	316517	373659	0	0	839680	20480	0	0	
0	1785856	0	0	0	0	0	325974	325577	384780	0	0	1990656	0	0	0	15728640	0	1785856	0	0	0	0	0	325974	325577	384780	0	0	1990656	0	0	0	
0	2686976	0	0	0	0	0	336732	336198	397452	0	0	2772992	0	0	0	15728640	0	2686976	0	0	0	0	0	336732	336198	397452	0	0	2772992	0	0	0	
0	1830912	0	0	0	0	0	347391	346929	409926	0	0	2043904	0	0	0	15728640	0	1830912	0	0	0	0	0	347391	346929	409926	0	0	2043904	0	0	0	
0	1527808	0	0	0	0	0	358446	357998	422928	0	0	2039808	0	0	0	15728640	0	1527808	0	0	0	0	0	358446	357998	422928	0	0	2039808	0	0	0	
0	1925120	0	0	0	0	0	371547	371114	438405	0	0	2048000	20480	0	0	15728640	0	1925120	0	0	0	0	0	371547	371114	438405	0	0	2048000	20480	0	0	
0	1892352	0	0	0	0	0	383658	383246	452628	0	0	2043904	0	0	0	15728640	0	1892352	0	0	0	0	0	383658	383246	452628	0	0	2043904	0	0	0	
0	1789952	0	0	0	0	0	394548	394114	465531	0	0	2064384	20480	0	0	15728640	0	1789952	0	0	0	0	0	394548	394114	465531	0	0	2064384	20480	0	0	
0	1822720	0	0	0	0	0	402303	401822	474672	0	0	2048000	20480	0	0	15728640	0	1822720	0	0	0	0	0	402303	401822	474672	0	0	2048000	20480	0	0	
0	1818624	0	0	0	0	0	414678	414227	489291	0	0	2068480	0	0	0	15728640	0	1818624	0	0	0	0	0	414678	414227	489291	0	0	2068480	0	0	0	
0	741376	0	0	0	0	0	416922	416776	492129	0	0	921600	24576	0	0	15728640	0	741376	0	0	0	0	0	416922	416776	492129	0	0	921600	24576	0	0	
0	1949696	0	0	0	0	0	429099	428639	506583	0	0	2138112	4096	0	0	15728640	0	1949696	0	0	0	0	0	429099	428639	506583	0	0	2138112	4096	0	0	
0	2043904	0	0	0	0	0	442266	441787	522027	0	0	2138112	24576	0	0	15728640	0	2043904	0	0	0	0	0	442266	441787	522027	0	0	2138112	24576	0	0	
0	1871872	0	0	0	0	0	456852	456444	539220	0	0	2129920	4096	0	0	15728640	0	1871872	0	0	0	0	0	456852	456444	539220	0	0	2129920	4096	0	0	
0	1884160	0	0	0	0	0	466785	466342	550968	0	0	2117632	24576	0	0	15728640	0	1884160	0	0	0	0	0	466785	466342	550968	0	0	2117632	24576	0	0	
0	2543616	0	0	0	0	0	474045	473404	559416	0	0	2867200	4096	0	0	15728640	0	2543616	0	0	0	0	0	474045	473404	559416	0	0	2867200	4096	0	0	
0	1855488	0	0	0	0	0	481602	481183	568359	0	0	2134016	4096	0	0	15728640	0	1855488	0	0	0	0	0	481602	481183	568359	0	0	2134016	4096	0	0	
0	2572288	0	0	0	0	0	490215	489609	578457	0	0	2871296	4096	0	0	15728640	0	2572288	0	0	0	0	0	490215	489609	578457	0	0	2871296	4096	0	0	
0	1941504	0	0	0	0	0	497805	497369	587367	0	0	2138112	24576	0	0	15728640	0	1941504	0	0	0	0	0	497805	497369	587367	0	0	2138112	24576	0	0	
0	1949696	0	0	0	0	0	505395	504964	596244	0	0	2125824	4096	0	0	15728640	0	1949696	0	0	0	0	0	505395	504964	596244	0	0	2125824	4096	0	0	
0	1331200	0	0	0	0	0	515658	515378	608388	0	0	1429504	24576	0	0	15728640	0	1331200	0	0	0	0	0	515658	515378	608388	0	0	1429504	24576	0	0	
0	2551808	0	0	0	0	0	527142	526481	621819	0	0	2863104	4096	0	0	15728640	0	2551808	0	0	0	0	0	527142	526481	621819	0	0	2863104	4096	0	0	
0	1929216	0	0	0	0	0	538758	538312	635481	0	0	2138112	4096	0	0	15728640	0	1929216	0	0	0	0	0	538758	538312	635481	0	0	2138112	4096	0	0	
0	1916928	0	0	0	0	0	546810	546371	645018	0	0	2125824	4096	0	0	15728640	0	1916928	0	0	0	0	0	546810	546371	645018	0	0	2125824	4096	0	0	
0	1212416	0	0	0	0	0	555060	554799	654687	0	0	1470464	24576	0	0	15728640	0	1212416	0	0	0	0	0	555060	554799	654687	0	0	1470464	24576	0	0	
0	1916928	0	0	0	0	0	562485	561977	663366	0	0	2129920	4096	0	0	15728640	0	1916928	0	0	0	0	0	562485	561977	663366	0	0	2129920	4096	0	0	
0	2564096	0	0	0	0	0	570042	569431	672309	0	0	2863104	24576	0	0	15728640	0	2564096	0	0	0	0	0	570042	569431	672309	0	0	2863104	24576	0	0	
0	2785280	0	0	0	0	0	576642	576002	680031	0	0	2887680	4096	0	0	15728640	0	2785280	0	0	0	0	0	576642	576002	680031	0	0	2887680	4096	0	0	
0	1912832	0	0	0	0	0	586212	585788	691350	0	0	2138112	24576	0	0	15728640	0	1912832	0	0	0	0	0	586212	585788	691350	0	0	2138112	24576	0	0	
0	1953792	0	0	0	0	0	597333	596879	704352	0	0	2105344	4096	0	0	15728640	0	1953792	0	0	0	0	0	597333	596879	704352	0	0	2105344	4096	0	0	
0	2023424	0	0	0	0	0	605385	604999	713856	0	0	2142208	24576	0	0	15728640	0	2023424	0	0	0	0	0	605385	604999	713856	0	0	2142208	24576	0	0	
0	1953792	0	0	0	0	0	613536	613072	723360	0	0	2138112	24576	0	0	15728640	0	1953792	0	0	0	0	0	613536	613072	723360	0	0	2138112	24576	0	0	
0	1896448	0	0	0	0	0	621060	620628	732270	0	0	2134016	4096	0	0	15728640	0	1896448	0	0	0	0	0	621060	620628	732270	0	0	2134016	4096	0	0	
0	1900544	0	0	0	0	0	630432	630063	743325	0	0	2068480	24576	0	0	15728640	0	1900544	0	0	0	0	0	630432	630063	743325	0	0	2068480	24576	0	0	
0	2789376	0	0	0	0	0	637758	637125	751938	0	0	2863104	4096	0	0	15728640	0	2789376	0	0	0	0	0	637758	637125	751938	0	0	2863104	4096	0	0	
0	1900544	0	0	0	0	0	646305	645900	761970	0	0	2134016	4096	0	0	15728640	0	1900544	0	0	0	0	0	646305	645900	761970	0	0	2134016	4096	0	0	
0	1933312	0	0	0	0	0	654984	654506	772068	0	0	2129920	4096	0	0	15728640	0	1933312	0	0	0	0	0	654984	654506	772068	0	0	2129920	4096	0	0	
0	2646016	0	0	0	0	0	665544	664882	784575	0	0	2867200	4096	0	0	15728640	0	2646016	0	0	0	0	0	665544	664882	784575	0	0	2867200	4096	0	0	
0	1929216	0	0	0	0	0	672639	672135	792891	0	0	2129920	4096	0	0	15728640	0	1929216	0	0	0	0	0	672639	672135	792891	0	0	2129920	4096	0	0	
0	1904640	0	0	0	0	0	679173	678749	800613	0	0	2080768	4096	0	0	15728640	0	1904640	0	0	0	0	0	679173	678749	800613	0	0	2080768	4096	0	0	
0	1953792	0	0	0	0	0	686697	686303	809490	0	0	2134016	24576	0	0	15728640	0	1953792	0	0	0	0	0	686697	686303	809490	0	0	2134016	24576	0	0	
0	2076672	0	0	0	0	0	693792	693432	817839	0	0	2138112	4096	0	0	15728640	0	2076672	0	0	0	0	0	693792	693432	817839	0	0	2138112	4096	0	0	
0	1908736	0	0	0	0	0	700887	700471	826122	0	0	2134016	4096	0	0	15728640	0	1908736	0	0	0	0	0	700887	700471	826122	0	0	2134016	4096	0	0	
0	2646016	0	0	0	0	0	708015	707325	834438	0	0	2863104	4096	0	0	15728640	0	2646016	0	0	0	0	0	708015	707325	834438	0	0	2863104	4096	0	0	
0	2560000	0	0	0	0	0	719103	718464	847506	0	0	2834432	4096	0	0	15728640	0	2560000	0	0	0	0	0	719103	718464	847506	0	0	2834432	4096	0	0	
0	2043904	0	0	0	0	0	728178	727723	858165	0	0	2076672	4096	0	0	15728640	0	2043904	0	0	0	0	0	728178	727723	858165	0	0	2076672	4096	0	0	
0	2760704	0	0	0	0	0	736758	736160	868329	0	0	2867200	4096	0	0	15728640	0	2760704	0	0	0	0	0	736758	736160	868329	0	0	2867200	4096	0	0	
0	860160	0	0	0	0	0	742929	742717	875589	0	0	1089536	24576	0	0	15728640	0	860160	0	0	0	0	0	742929	742717	875589	0	0	1089536	24576	0	0	
0	2637824	0	0	0	0	0	750849	750266	884928	0	0	2871296	4096	0	0	15728640	0	2637824	0	0	0	0	0	750849	750266	884928	0	0	2871296	4096	0	0	
0	2650112	0	0	0	0	0	757977	757377	893277	0	0	2867200	24576	0	0	15728640	0	2650112	0	0	0	0	0	757977	757377	893277	0	0	2867200	24576	0	0	
0	2506752	0	0	0	0	0	764544	763919	901032	0	0	2863104	24576	0	0	15728640	0	2506752	0	0	0	0	0	764544	763919	901032	0	0	2863104	24576	0	0	
0	1953792	0	0	0	0	0	771639	771234	909282	0	0	2134016	4096	0	0	15728640	0	1953792	0	0	0	0	0	771639	771234	909282	0	0	2134016	4096	0	0	
0	2629632	0	0	0	0	0	781770	781094	921228	0	0	2867200	24576	0	0	15728640	0	2629632	0	0	0	0	0	781770	781094	921228	0	0	2867200	24576	0	0	
0	1081344	0	0	0	0	0	789921	789677	930864	0	0	1138688	24576	0	0	15728640	0	1081344	0	0	0	0	0	789921	789677	930864	0	0	1138688	24576	0	0	
0	1908736	0	0	0	0	0	796917	796423	938949	0	0	2125824	4096	0	0	15728640	0	1908736	0	0	0	0	0	796917	796423	938949	0	0	2125824	4096	0	0	
0	2658304	0	0	0	0	0	803979	803329	947298	0	0	2863104	24576	0	0	15728640	0	2658304	0	0	0	0	0	803979	803329	947298	0	0	2863104	24576	0	0	
0	1949696	0	0	0	0	0	810546	810114	955020	0	0	2134016	24576	0	0	15728640	0	1949696	0	0	0	0	0	810546	810114	955020	0	0	2134016	24576	0	0	
0	2011136	0	0	0	0	0	818664	818202	964524	0	0	2084864	4096	0	0	15728640	0	2011136	0	0	0	0	0	818664	818202	964524	0	0	2084864	4096	0	0	
0	2691072	0	0	0	0	0	826188	825541	973434	0	0	2826240	24576	0	0	15728640	0	2691072	0	0	0	0	0	826188	825541	973434	0	0	2826240	24576	0	0	
0	1904640	0	0	0	0	0	832788	832336	981156	0	0	2138112	24576	0	0	15728640	0	1904640	0	0	0	0	0	832788	832336	981156	0	0	2138112	24576	0	0	
0	1867776	0	0	0	0	0	842325	841926	992475	0	0	2134016	4096	0	0	15728640	0	1867776	0	0	0	0	0	842325	841926	992475	0	0	2134016	4096	0	0	
0	1937408	0	0	0	0	0	851994	851539	1003761	0	0	2134016	4096	0	0	15728640	0	1937408	0	0	0	0	0	851994	851539	1003761	0	0	2134016	4096	0	0	
0	1531904	0	0	0	0	0	858726	858438	1011747	0	0	1642496	24576	0	0	15728640	0	1531904	0	0	0	0	0	858726	858438	1011747	0	0	1642496	24576	0	0	
0	1839104	0	0	0	0	0	865590	865169	1019766	0	0	2134016	4096	0	0	15728640	0	1839104	0	0	0	0	0	865590	865169	1019766	0	0	2134016	4096	0	0	
0	2064384	0	0	0	0	0	872190	871753	1027488	0	0	2129920	4096	0	0	15728640	0	2064384	0	0	0	0	0	872190	871753	1027488	0	0	2129920	4096	0	0	
0	2060288	0	0	0	0	0	879285	878842	1035771	0	0	2138112	24576	0	0	15728640	0	2060288	0	0	0	0	0	879285	878842	1035771	0	0	2138112	24576	0	0	
0	2625536	0	0	0	0	0	885852	885177	1043559	0	0	2818048	4096	0	0	15728640	0	2625536	0	0	0	0	0	885852	885177	1043559	0	0	2818048	4096	0	0	
0	1929216	0	0	0	0	0	892881	892439	1051842	0	0	2129920	4096	0	0	15728640	0	1929216	0	0	0	0	0	892881	892439	1051842	0	0	2129920	4096	0	0	
0	1953792	0	0	0	0	0	902484	902043	1063194	0	0	2134016	4096	0	0	15728640	0	1953792	0	0	0	0	0	902484	902043	1063194	0	0	2134016	4096	0	0	
0	2027520	0	0	0	0	0	911592	911129	1073853	0	0	2142208	24576	0	0	15728640	0	2027520	0	0	0	0	0	911592	911129	1073853	0	0	2142208	24576	0	0	
0	1974272	0	0	0	0	0	918126	917727	1081575	0	0	2134016	4096	0	0	15728640	0	1974272	0	0	0	0	0	918126	917727	1081575	0	0	2134016	4096	0	0	
0	1978368	0	0	0	0	0	925254	924775	1089891	0	0	2084864	4096	0	0	15728640	0	1978368	0	0	0	0	0	925254	924775	1089891	0	0	2084864	4096	0	0	
0	1908736	0	0	0	0	0	932316	931888	1098174	0	0	2134016	24576	0	0	15728640	0	1908736	0	0	0	0	0	932316	931888	1098174	0	0	2134016	24576	0	0	
0	2011136	0	0	0	0	0	939840	939434	1107084	0	0	2129920	4096	0	0	15728640	0	2011136	0	0	0	0	0	939840	939434	1107084	0	0	2129920	4096	0	0	
0	1531904	0	0	0	0	0	947166	946807	1115697	0	0	1716224	24576	0	0	15728640	0	1531904	0	0	0	0	0	947166	946807	1115697	0	0	1716224	24576	0	0	
0	1982464	0	0	0	0	0	953997	953578	1123650	0	0	2125824	4096	0	0	15728640	0	1982464	0	0	0	0	0	953997	953578	1123650	0	0	2125824	4096	0	0	
0	1908736	0	0	0	0	0	963600	963158	1135002	0	0	2134016	4096	0	0	15728640	0	1908736	0	0	0	0	0	963600	963158	1135002	0	0	2134016	4096	0	0	
0	1720320	0	0	0	0	0	971982	971509	1144869	0	0	2031616	4096	0	0	15728640	0	1720320	0	0	0	0	0	971982	971509	1144869	0	0	2031616	4096	0	0	
0	2007040	0	0	0	0	0	978747	978309	1152657	0	0	2134016	24576	0	0	15728640	0	2007040	0	0	0	0	0	978747	978309	1152657	0	0	2134016	24576	0	0	
0	2007040	0	0	0	0	0	986304	985887	1161666	0	0	2129920	4096	0	0	15728640	0	2007040	0	0	0	0	0	986304	985887	1161666	0	0	2129920	4096	0	0	
0	2068480	0	0	0	0	0	993861	993472	1170543	0	0	2129920	4096	0	0	15728640	0	2068480	0	0	0	0	0	993861	993472	1170543	0	0	2129920	4096	0	0	
0	2760704	0	0	0	0	0	1000428	999842	1178232	0	0	2863104	4096	0	0	15728640	0	2760704	0	0	0	0	0	1000428	999842	1178232	0	0	2863104	4096	0	0	
0	2019328	0	0	0	0	0	1006995	1006553	1185954	0	0	2134016	4096	0	0	15728640	0	2019328	0	0	0	0	0	1006995	1006553	1185954	0	0	2134016	4096	0	0	
0	2031616	0	0	0	0	0	1015575	1015143	1196085	0	0	2138112	4096	0	0	15728640	0	2031616	0	0	0	0	0	1015575	1015143	1196085	0	0	2138112	4096	0	0	
0	1966080	0	0	0	0	0	1023132	1022734	1204896	0	0	2138112	24576	0	0	15728640	0	1966080	0	0	0	0	0	1023132	1022734	1204896	0	0	2138112	24576	0	0	
0	827392	0	0	0	0	0	1031283	1031123	1214433	0	0	888832	24576	0	0	15728640	0	827392	0	0	0	0	0	1031283	1031123	1214433	0	0	888832	24576	0	0	
0	2015232	0	0	0	0	0	1038807	1038368	1223277	0	0	2134016	4096	0	0	15728640	0	2015232	0	0	0	0	0	1038807	1038368	1223277	0	0	2134016	4096	0	0	
0	2678784	0	0	0	0	0	1045374	1044695	1231032	0	0	2883584	4096	0	0	15728640	0	2678784	0	0	0	0	0	1045374	1044695	1231032	0	0	2883584	4096	0	0	
0	1454080	0	0	0	0	0	1052634	1052308	1239579	0	0	1560576	24576	0	0	15728640	0	1454080	0	0	0	0	0	1052634	1052308	1239579	0	0	1560576	24576	0	0	
0	1900544	0	0	0	0	0	1060554	1060079	1248786	0	0	2129920	4096	0	0	15728640	0	1900544	0	0	0	0	0	1060554	1060079	1248786	0	0	2129920	4096	0	0	
0	1953792	0	0	0	0	0	1067088	1066646	1256442	0	0	2129920	4096	0	0	15728640	0	1953792	0	0	0	0	0	1067088	1066646	1256442	0	0	2129920	4096	0	0	
0	1933312	0	0	0	0	0	1075173	1074714	1266012	0	0	2138112	24576	0	0	15728640	0	1933312	0	0	0	0	0	1075173	1074714	1266012	0	0	2138112	24576	0	0	
0	1904640	0	0	0	0	0	1084281	1083802	1276638	0	0	2129920	4096	0	0	15728640	0	1904640	0	0	0	0	0	1084281	1083802	1276638	0	0	2129920	4096	0	0	
0	970752	0	0	0	0	0	1091904	1091730	1285680	0	0	1146880	24576	0	0	15728640	0	970752	0	0	0	0	0	1091904	1091730	1285680	0	0	1146880	24576	0	0	
0	2101248	0	0	0	0	0	1098933	1098434	1293897	0	0	2134016	24576	0	0	15728640	0	2101248	0	0	0	0	0	1098933	1098434	1293897	0	0	2134016	24576	0	0	
0	1908736	0	0	0	0	0	1106457	1106038	1302807	0	0	2101248	4096	0	0	15728640	0	1908736	0	0	0	0	0	1106457	1106038	1302807	0	0	2101248	4096	0	0	
0	2023424	0	0	0	0	0	1113024	1112569	1310463	0	0	2138112	4096	0	0	15728640	0	2023424	0	0	0	0	0	1113024	1112569	1310463	0	0	2138112	4096	0	0	
0	1994752	0	0	0	0	0	1120119	1119651	1318746	0	0	2138112	24576	0	0	15728640	0	1994752	0	0	0	0	0	1120119	1119651	1318746	0	0	2138112	24576	0	0	
0	1921024	0	0	0	0	0	1126653	1126205	1326468	0	0	2134016	4096	0	0	15728640	0	1921024	0	0	0	0	0	1126653	1126205	1326468	0	0	2134016	4096	0	0	
0	1933312	0	0	0	0	0	1135728	1135307	1337127	0	0	2129920	4096	0	0	15728640	0	1933312	0	0	0	0	0	1135728	1135307	1337127	0	0	2129920	4096	0	0	
0	962560	0	0	0	0	0	1143879	1143691	1346763	0	0	1150976	24576	0	0	15728640	0	962560	0	0	0	0	0	1143879	1143691	1346763	0	0	1150976	24576	0	0	
0	2019328	0	0	0	0	0	1151436	1150949	1355508	0	0	2138112	24576	0	0	15728640	0	2019328	0	0	0	0	0	1151436	1150949	1355508	0	0	2138112	24576	0	0	
0	1810432	0	0	0	0	0	1158498	1158005	1363791	0	0	2129920	4096	0	0	15728640	0	1810432	0	0	0	0	0	1158498	1158005	1363791	0	0	2129920	4096	0	0	
0	2056192	0	0	0	0	0	1166022	1165593	1372734	0	0	2129920	4096	0	0	15728640	0	2056192	0	0	0	0	0	1166022	1165593	1372734	0	0	2129920	4096	0	0	
0	2048000	0	0	0	0	0	1172622	1172143	1380456	0	0	2138112	24576	0	0	15728640	0	2048000	0	0	0	0	0	1172622	1172143	1380456	0	0	2138112	24576	0	0	
0	1941504	0	0	0	0	0	1180146	1179728	1389300	0	0	2084864	4096	0	0	15728640	0	1941504	0	0	0	0	0	1180146	1179728	1389300	0	0	2084864	4096	0	0	
0	2527232	0	0	0	0	0	1187274	1186584	1397616	0	0	2854912	24576	0	0	15728640	0	2527232	0	0	0	0	0	1187274	1186584	1397616	0	0	2854912	24576	0	0	
0	2019328	0	0	0	0	0	1195788	1195393	1407681	0	0	2134016	24576	0	0	15728640	0	2019328	0	0	0	0	0	1195788	1195393	1407681	0	0	2134016	24576	0	0	
0	1925120	0	0	0	0	0	1205886	1205434	1419561	0	0	2138112	4096	0	0	15728640	0	1925120	0	0	0	0	0	1205886	1205434	1419561	0	0	2138112	4096	0	0	
0	1961984	0	0	0	0	0	1212981	1212546	1427811	0	0	2129920	4096	0	0	15728640	0	1961984	0	0	0	0	0	1212981	1212546	1427811	0	0	2129920	4096	0	0	
0	880640	0	0	0	0	0	1219614	1219437	1435698	0	0	1093632	24576	0	0	15728640	0	880640	0	0	0	0	0	1219614	1219437	1435698	0	0	1093632	24576	0	0	
0	1888256	0	0	0	0	0	1226577	1226143	1443816	0	0	2109440	4096	0	0	15728640	0	1888256	0	0	0	0	0	1226577	1226143	1443816	0	0	2109440	4096	0	0	
0	1900544	0	0	0	0	0	1233243	1232755	1451571	0	0	2134016	4096	0	0	15728640	0	1900544	0	0	0	0	0	1233243	1232755	1451571	0	0	2134016	4096	0	0	
0	2584576	0	0	0	0	0	1240272	1239592	1459887	0	0	2818048	4096	0	0	15728640	0	2584576	0	0	0	0	0	1240272	1239592	1459887	0	0	2818048	4096	0	0	
0	1990656	0	0	0	0	0	1248258	1247881	1469292	0	0	2125824	4096	0	0	15728640	0	1990656	0	0	0	0	0	1248258	1247881	1469292	0	0	2125824	4096	0	0	
0	2043904	0	0	0	0	0	1257960	1257460	1480578	0	0	2142208	24576	0	0	15728640	0	2043904	0	0	0	0	0	1257960	1257460	1480578	0	0	2142208	24576	0	0	
0	913408	0	0	0	0	0	1267101	1266850	1491435	0	0	1093632	24576	0	0	15728640	0	913408	0	0	0	0	0	1267101	1266850	1491435	0	0	1093632	24576	0	0	
0	1052672	0	0	0	0	0	1274658	1274452	1500378	0	0	1150976	24576	0	0	15728640	0	1052672	0	0	0	0	0	1274658	1274452	1500378	0	0	1150976	24576	0	0	
0	1974272	0	0	0	0	0	1282677	1282208	1509684	0	0	2125824	4096	0	0	15728640	0	1974272	0	0	0	0	0	1282677	1282208	1509684	0	0	2125824	4096	0	0	
0	2621440	0	0	0	0	0	1289772	1289083	1517967	0	0	2863104	4096	0	0	15728640	0	2621440	0	0	0	0	0	1289772	1289083	1517967	0	0	2863104	4096	0	0	
0	2785280	0	0	0	0	0	1296273	1295658	1525623	0	0	2818048	4096	0	0	15728640	0	2785280	0	0	0	0	0	1296273	1295658	1525623	0	0	2818048	4096	0	0	
0	1970176	0	0	0	0	0	1303863	1303434	1534599	0	0	2134016	4096	0	0	15728640	0	1970176	0	0	0	0	0	1303863	1303434	1534599	0	0	2134016	4096	0	0	
0	2056192	0	0	0	0	0	1310430	1309980	1542321	0	0	2138112	4096	0	0	15728640	0	2056192	0	0	0	0	0	1310430	1309980	1542321	0	0	2138112	4096	0	0	
0	2056192	0	0	0	0	0	1319505	1319081	1552980	0	0	2138112	24576	0	0	15728640	0	2056192	0	0	0	0	0	1319505	1319081	1552980	0	0	2138112	24576	0	0	
0	876544	0	0	0	0	0	1321584	1321372	1555587	0	0	1011712	24576	0	0	15728640	0	876544	0	0	0	0	0	1321584	1321372	1555587	0	0	1011712	24576	0	0	
0	1933312	0	0	0	0	0	1327161	1326753	1562385	0	0	2134016	4096	0	0	15728640	0	1933312	0	0	0	0	0	1327161	1326753	1562385	0	0	2134016	4096	0	0	
0	1941504	0	0	0	0	0	1333761	1333319	1570107	0	0	2134016	24576	0	0	15728640	0	1941504	0	0	0	0	0	1333761	1333319	1570107	0	0	2134016	24576	0	0	
0	1953792	0	0	0	0	0	1340856	1340415	1578456	0	0	2134016	4096	0	0	15728640	0	1953792	0	0	0	0	0	1340856	1340415	1578456	0	0	2134016	4096	0	0	
0	2600960	0	0	0	0	0	1347885	1347242	1586772	0	0	2867200	4096	0	0	15728640	0	2600960	0	0	0	0	0	1347885	1347242	1586772	0	0	2867200	4096	0	0	
0	1982464	0	0	0	0	0	1354452	1354050	1594560	0	0	2134016	24576	0	0	15728640	0	1982464	0	0	0	0	0	1354452	1354050	1594560	0	0	2134016	24576	0	0	
0	1925120	0	0	0	0	0	1362042	1361652	1603470	0	0	2134016	4096	0	0	15728640	0	1925120	0	0	0	0	0	1362042	1361652	1603470	0	0	2134016	4096	0	0	
0	2686976	0	0	0	0	0	1371678	1371049	1614723	0	0	2822144	4096	0	0	15728640	0	2686976	0	0	0	0	0	1371678	1371049	1614723	0	0	2822144	4096	0	0	
0	2506752	0	0	0	0	0	1380786	1380137	1625415	0	0	2863104	24576	0	0	15728640	0	2506752	0	0	0	0	0	1380786	1380137	1625415	0	0	2863104	24576	0	0	
0	999424	0	0	0	0	0	1387980	1387694	1633995	0	0	1376256	24576	0	0	15728640	0	999424	0	0	0	0	0	1387980	1387694	1633995	0	0	1376256	24576	0	0	
0	2011136	0	0	0	0	0	1395471	1394993	1642707	0	0	2134016	4096	0	0	15728640	0	2011136	0	0	0	0	0	1395471	1394993	1642707	0	0	2134016	4096	0	0	
0	1929216	0	0	0	0	0	1402038	1401564	1650462	0	0	2134016	24576	0	0	15728640	0	1929216	0	0	0	0	0	1402038	1401564	1650462	0	0	2134016	24576	0	0	
0	1175552	0	0	0	0	0	1409232	1408929	1658976	0	0	1433600	24576	0	0	15728640	0	1175552	0	0	0	0	0	1409232	1408929	1658976	0	0	1433600	24576	0	0	
0	1871872	0	0	0	0	0	1416162	1415684	1667127	0	0	2134016	4096	0	0	15728640	0	1871872	0	0	0	0	0	1416162	1415684	1667127	0	0	2134016	4096	0	0	
0	1941504	0	0	0	0	0	1423719	1423307	1676004	0	0	2125824	4096	0	0	15728640	0	1941504	0	0	0	0	0	1423719	1423307	1676004	0	0	2125824	4096	0	0	
0	2506752	0	0	0	0	0	1432860	1432196	1686696	0	0	2867200	4096	0	0	15728640	0	2506752	0	0	0	0	0	1432860	1432196	1686696	0	0	2867200	4096	0	0	
0	2007040	0	0	0	0	0	1441440	1440983	1696827	0	0	2129920	4096	0	0	15728640	0	2007040	0	0	0	0	0	1441440	1440983	1696827	0	0	2129920	4096	0	0	
0	2007040	0	0	0	0	0	1448502	1448067	1705176	0	0	2121728	4096	0	0	15728640	0	2007040	0	0	0	0	0	1448502	1448067	1705176	0	0	2121728	4096	0	0	
0	2437120	0	0	0	0	0	1455069	1454435	1712832	0	0	2867200	4096	0	0	15728640	0	2437120	0	0	0	0	0	1455069	1454435	1712832	0	0	2867200	4096	0	0	
0	733184	0	0	0	0	0	1461669	1461545	1720620	0	0	999424	24576	0	0	15728640	0	733184	0	0	0	0	0	1461669	1461545	1720620	0	0	999424	24576	0	0	
0	1912832	0	0	0	0	0	1469226	1468815	1729563	0	0	2121728	4096	0	0	15728640	0	1912832	0	0	0	0	0	1469226	1468815	1729563	0	0	2121728	4096	0	0	
0	1929216	0	0	0	0	0	1476321	1475907	1737846	0	0	2134016	4096	0	0	15728640	0	1929216	0	0	0	0	0	1476321	1475907	1737846	0	0	2134016	4096	0	0	
0	1880064	0	0	0	0	0	1483680	1483269	1746624	0	0	2088960	4096	0	0	15728640	0	1880064	0	0	0	0	0	1483680	1483269	1746624	0	0	2088960	4096	0	0	
0	2048000	0	0	0	0	0	1492953	1492574	1757514	0	0	2134016	4096	0	0	15728640	0	2048000	0	0	0	0	0	1492953	1492574	1757514	0	0	2134016	4096	0	0	
0	1949696	0	0	0	0	0	1500609	1500188	1766490	0	0	2129920	4096	0	0	15728640	0	1949696	0	0	0	0	0	1500609	1500188	1766490	0	0	2129920	4096	0	0	
0	1875968	0	0	0	0	0	1507638	1507222	1774773	0	0	2142208	24576	0	0	15728640	0	1875968	0	0	0	0	0	1507638	1507222	1774773	0	0	2142208	24576	0	0	
0	1949696	0	0	0	0	0	1514238	1513803	1782528	0	0	2125824	4096	0	0	15728640	0	1949696	0	0	0	0	0	1514238	1513803	1782528	0	0	2125824	4096	0	0	
0	2605056	0	0	0	0	0	1520805	1520163	1790217	0	0	2854912	4096	0	0	15728640	0	2605056	0	0	0	0	0	1520805	1520163	1790217	0	0	2854912	4096	0	0	
0	1843200	0	0	0	0	0	1526844	1526471	1797378	0	0	2134016	24576	0	0	15728640	0	1843200	0	0	0	0	0	1526844	1526471	1797378	0	0	2134016	24576	0	0	
0	2662400	0	0	0	0	0	1534467	1533855	1806354	0	0	2867200	4096	0	0	15728640	0	2662400	0	0	0	0	0	1534467	1533855	1806354	0	0	2867200	4096	0	0	
0	1822720	0	0	0	0	0	1542585	1542076	1815825	0	0	2129920	4096	0	0	15728640	0	1822720	0	0	0	0	0	1542585	1542076	1815825	0	0	2129920	4096	0	0	
0	925696	0	0	0	0	0	1551231	1551025	1826154	0	0	1142784	24576	0	0	15728640	0	925696	0	0	0	0	0	1551231	1551025	1826154	0	0	1142784	24576	0	0	
0	2772992	0	0	0	0	0	1560735	1560128	1837242	0	0	2883584	4096	0	0	15728640	0	2772992	0	0	0	0	0	1560735	1560128	1837242	0	0	2883584	4096	0	0	
0	1888256	0	0	0	0	0	1566312	1565875	1843809	0	0	2138112	4096	0	0	15728640	0	1888256	0	0	0	0	0	1566312	1565875	1843809	0	0	2138112	4096	0	0	
0	1536000	0	0	0	0	0	1573671	1573291	1852488	0	0	1814528	24576	0	0	15728640	0	1536000	0	0	0	0	0	1573671	1573291	1852488	0	0	1814528	24576	0	0	
0	2641920	0	0	0	0	0	1582020	1581361	1862223	0	0	2867200	4096	0	0	15728640	0	2641920	0	0	0	0	0	1582020	1581361	1862223	0	0	2867200	4096	0	0	
0	1929216	0	0	0	0	0	1589082	1588624	1870539	0	0	2125824	4096	0	0	15728640	0	1929216	0	0	0	0	0	1589082	1588624	1870539	0	0	2125824	4096	0	0	
0	1896448	0	0	0	0	0	1597002	1596533	1879878	0	0	2084864	4096	0	0	15728640	0	1896448	0	0	0	0	0	1597002	1596533	1879878	0	0	2084864	4096	0	0	
0	1945600	0	0	0	0	0	1605780	1605317	1890207	0	0	2142208	24576	0	0	15728640	0	1945600	0	0	0	0	0	1605780	1605317	1890207	0	0	2142208	24576	0	0	
0	1728512	0	0	0	0	0	1615878	1615435	1902120	0	0	2134016	4096	0	0	15728640	0	1728512	0	0	0	0	0	1615878	1615435	1902120	0	0	2134016	4096	0	0	
0	2584576	0	0	0	0	0	1622973	1622298	1910403	0	0	2871296	4096	0	0	15728640	0	2584576	0	0	0	0	0	1622973	1622298	1910403	0	0	2871296	4096	0	0	
0	1961984	0	0	0	0	0	1629540	1629084	1918191	0	0	2142208	24576	0	0	15728640	0	1961984	0	0	0	0	0	1629540	1629084	1918191	0	0	2142208	24576	0	0	
0	2056192	0	0	0	0	0	1636635	1636160	1926573	0	0	2125824	4096	0	0	15728640	0	2056192	0	0	0	0	0	1636635	1636160	1926573	0	0	2125824	4096	0	0	
0	765952	0	0	0	0	0	1643169	1643022	1934229	0	0	987136	24576	0	0	15728640	0	765952	0	0	0	0	0	1643169	1643022	1934229	0	0	987136	24576	0	0	
0	1937408	0	0	0	0	0	1650759	1650314	1943139	0	0	2142208	24576	0	0	15728640	0	1937408	0	0	0	0	0	1650759	1650314	1943139	0	0	2142208	24576	0	0	
0	1892352	0	0	0	0	0	1657788	1657378	1951488	0	0	2134016	4096	0	0	15728640	0	1892352	0	0	0	0	0	1657788	1657378	1951488	0	0	2134016	4096	0	0	
0	1957888	0	0	0	0	0	1666467	1666019	1961619	0	0	2129920	4096	0	0	15728640	0	1957888	0	0	0	0	0	1666467	1666019	1961619	0	0	2129920	4096	0	0	
118784	1875968	0	0	0	0	0	1675839	1675399	1972707	0	0	2121728	24576	0	0	15728640	118784	1875968	0	0	0	0	0	1675839	1675399	1972707	0	0	2121728	24576	0	0	
118784	897024	0	0	0	0	0	1684155	1684012	1982541	0	0	1060864	24576	0	0	15728640	118784	897024	0	0	0	0	0	1684155	1684012	1982541	0	0	1060864	24576	0	0	
118784	1888256	0	0	0	0	0	1692207	1691771	1991946	0	0	2129920	4096	0	0	15728640	118784	1888256	0	0	0	0	0	1692207	1691771	1991946	0	0	2129920	4096	0	0	
118784	1769472	0	0	0	0	0	1699599	1699142	2000691	0	0	2072576	4096	0	0	15728640	118784	1769472	0	0	0	0	0	1699599	1699142	2000691	0	0	2072576	4096	0	0	
118784	1892352	0	0	0	0	0	1706397	1705912	2008611	0	0	2134016	4096	0	0	15728640	118784	1892352	0	0	0	0	0	1706397	1705912	2008611	0	0	2134016	4096	0	0	
118784	2088960	0	0	0	0	0	1712931	1712494	2016333	0	0	2125824	4096	0	0	15728640	118784	2088960	0	0	0	0	0	1712931	1712494	2016333	0	0	2125824	4096	0	0	
118784	1974272	0	0	0	0	0	1720026	1719593	2024715	0	0	2138112	24576	0	0	15728640	118784	1974272	0	0	0	0	0	1720026	1719593	2024715	0	0	2138112	24576	0	0	
118784	1945600	0	0	0	0	0	1729068	1728650	2035407	0	0	2134016	24576	0	0	15728640	118784	1945600	0	0	0	0	0	1729068	1728650	2035407	0	0	2134016	24576	0	0	
118784	1949696	0	0	0	0	0	1738242	1737799	2046132	0	0	2134016	4096	0	0	15728640	118784	1949696	0	0	0	0	0	1738242	1737799	2046132	0	0	2134016	4096	0	0	
118784	1908736	0	0	0	0	0	1744809	1744377	2053821	0	0	2134016	4096	0	0	15728640	118784	1908736	0	0	0	0	0	1744809	1744377	2053821	0	0	2134016	4096	0	0	
118784	1474560	0	0	0	0	0	1751574	1751221	2061873	0	0	1687552	24576	0	0	15728640	118784	1474560	0	0	0	0	0	1751574	1751221	2061873	0	0	1687552	24576	0	0	
118784	1830912	0	0	0	0	0	1759428	1759047	2071080	0	0	2134016	4096	0	0	15728640	118784	1830912	0	0	0	0	0	1759428	1759047	2071080	0	0	2134016	4096	0	0	
118784	2641920	0	0	0	0	0	1766490	1765889	2079363	0	0	2863104	4096	0	0	15728640	118784	2641920	0	0	0	0	0	1766490	1765889	2079363	0	0	2863104	4096	0	0	
118784	2510848	0	0	0	0	0	1772067	1771480	2085963	0	0	2871296	4096	0	0	15728640	118784	2510848	0	0	0	0	0	1772067	1771480	2085963	0	0	2871296	4096	0	0	
118784	2011136	0	0	0	0	0	1779162	1778750	2094279	0	0	2125824	4096	0	0	15728640	118784	2011136	0	0	0	0	0	1779162	1778750	2094279	0	0	2125824	4096	0	0	
118784	1953792	0	0	0	0	0	1787742	1787325	2104410	0	0	2134016	4096	0	0	15728640	118784	1953792	0	0	0	0	0	1787742	1787325	2104410	0	0	2134016	4096	0	0	
118784	2625536	0	0	0	0	0	1797873	1797248	2116290	0	0	2859008	4096	0	0	15728640	118784	2625536	0	0	0	0	0	1797873	1797248	2116290	0	0	2859008	4096	0	0	
118784	1925120	0	0	0	0	0	1805463	1805008	2125233	0	0	2129920	4096	0	0	15728640	118784	1925120	0	0	0	0	0	1805463	1805008	2125233	0	0	2129920	4096	0	0	
118784	2002944	0	0	0	0	0	1813053	1812594	2134176	0	0	2134016	4096	0	0	15728640	118784	2002944	0	0	0	0	0	1813053	1812594	2134176	0	0	2134016	4096	0	0	
118784	1830912	0	0	0	0	0	1820610	1820219	2143086	0	0	2138112	24576	0	0	15728640	118784	1830912	0	0	0	0	0	1820610	1820219	2143086	0	0	2138112	24576	0	0	
118784	704512	0	0	0	0	0	1823679	1823563	2146848	0	0	1007616	24576	0	0	15728640	118784	704512	0	0	0	0	0	1823679	1823563	2146848	0	0	1007616	24576	0	0	
118784	2564096	0	0	0	0	0	1827309	1826625	2151303	0	0	2822144	4096	0	0	15728640	118784	2564096	0	0	0	0	0	1827309	1826625	2151303	0	0	2822144	4096	0	0	
118784	2494464	0	0	0	0	0	1834404	1833678	2159586	0	0	2863104	4096	0	0	15728640	118784	2494464	0	0	0	0	0	1834404	1833678	2159586	0	0	2863104	4096	0	0	
118784	2658304	0	0	0	0	0	1842423	1841799	2169057	0	0	2818048	4096	0	0	15728640	118784	2658304	0	0	0	0	0	1842423	1841799	2169057	0	0	2818048	4096	0	0	
118784	1896448	0	0	0	0	0	1851531	1851117	2179716	0	0	2129920	4096	0	0	15728640	118784	1896448	0	0	0	0	0	1851531	1851117	2179716	0	0	2129920	4096	0	0	
118784	798720	0	0	0	0	0	1852587	1852420	2181135	0	0	995328	24576	0	0	15728640	118784	798720	0	0	0	0	0	1852587	1852420	2181135	0	0	995328	24576	0	0	
118784	1155072	0	0	0	0	0	1858890	1858603	2188791	0	0	1294336	24576	0	0	15728640	118784	1155072	0	0	0	0	0	1858890	1858603	2188791	0	0	1294336	24576	0	0	
118784	2613248	0	0	0	0	0	1865820	1865232	2196843	0	0	2818048	4096	0	0	15728640	118784	2613248	0	0	0	0	0	1865820	1865232	2196843	0	0	2818048	4096	0	0	
118784	921600	0	0	0	0	0	1872486	1872239	2204763	0	0	1093632	24576	0	0	15728640	118784	921600	0	0	0	0	0	1872486	1872239	2204763	0	0	1093632	24576	0	0	
118784	1941504	0	0	0	0	0	1879548	1879074	2212881	0	0	2134016	24576	0	0	15728640	118784	1941504	0	0	0	0	0	1879548	1879074	2212881	0	0	2134016	24576	0	0	
118784	1929216	0	0	0	0	0	1887633	1887187	2222418	0	0	2134016	4096	0	0	15728640	118784	1929216	0	0	0	0	0	1887633	1887187	2222418	0	0	2134016	4096	0	0	
118784	2514944	0	0	0	0	0	1897236	1896597	2233671	0	0	2822144	4096	0	0	15728640	118784	2514944	0	0	0	0	0	1897236	1896597	2233671	0	0	2822144	4096	0	0	
118784	2633728	0	0	0	0	0	1905849	1905260	2243736	0	0	2875392	4096	0	0	15728640	118784	2633728	0	0	0	0	0	1905849	1905260	2243736	0	0	2875392	4096	0	0	
118784	2015232	0	0	0	0	0	1913472	1913022	2252712	0	0	2129920	4096	0	0	15728640	118784	2015232	0	0	0	0	0	1913472	1913022	2252712	0	0	2129920	4096	0	0	
118784	1941504	0	0	0	0	0	1921095	1920682	2261589	0	0	2129920	4096	0	0	15728640	118784	1941504	0	0	0	0	0	1921095	1920682	2261589	0	0	2129920	4096	0	0	
118784	1900544	0	0	0	0	0	1928223	1927733	2269839	0	0	2134016	24576	0	0	15728640	118784	1900544	0	0	0	0	0	1928223	1927733	2269839	0	0	2134016	24576	0	0	
118784	2002944	0	0	0	0	0	1936308	1935874	2279409	0	0	2134016	4096	0	0	15728640	118784	2002944	0	0	0	0	0	1936308	1935874	2279409	0	0	2134016	4096	0	0	
118784	2580480	0	0	0	0	0	1943403	1942738	2287725	0	0	2863104	4096	0	0	15728640	118784	2580480	0	0	0	0	0	1943403	1942738	2287725	0	0	2863104	4096	0	0	
118784	2461696	0	0	0	0	0	1950960	1950362	2296635	0	0	2867200	4096	0	0	15728640	118784	2461696	0	0	0	0	0	1950960	1950362	2296635	0	0	2867200	4096	0	0	
0	1781760	0	0	0	0	0	1959606	1959175	2306766	0	0	2129920	4096	0	0	15728640	0	1781760	0	0	0	0	0	1959606	1959175	2306766	0	0	2129920	4096	0	0	
0	1990656	0	0	0	0	0	1967724	1967296	2316237	0	0	2129920	4096	0	0	15728640	0	1990656	0	0	0	0	0	1967724	1967296	2316237	0	0	2129920	4096	0	0	
0	2568192	0	0	0	0	0	1974324	1973683	2323926	0	0	2867200	4096	0	0	15728640	0	2568192	0	0	0	0	0	1974324	1973683	2323926	0	0	2867200	4096	0	0	
0	1830912	0	0	0	0	0	1981452	1981019	2332275	0	0	2134016	4096	0	0	15728640	0	1830912	0	0	0	0	0	1981452	1981019	2332275	0	0	2134016	4096	0	0	
0	1949696	0	0	0	0	0	1988514	1988094	2340558	0	0	2129920	4096	0	0	15728640	0	1949696	0	0	0	0	0	1988514	1988094	2340558	0	0	2129920	4096	0	0	
0	1937408	0	0	0	0	0	1995147	1994714	2348313	0	0	2134016	24576	0	0	15728640	0	1937408	0	0	0	0	0	1995147	1994714	2348313	0	0	2134016	24576	0	0	
0	1941504	0	0	0	0	0	2002275	2001777	2356596	0	0	2134016	4096	0	0	15728640	0	1941504	0	0	0	0	0	2002275	2001777	2356596	0	0	2134016	4096	0	0	
0	1875968	0	0	0	0	0	2009832	2009399	2365506	0	0	2134016	4096	0	0	15728640	0	1875968	0	0	0	0	0	2009832	2009399	2365506	0	0	2134016	4096	0	0	
0	2469888	0	0	0	0	0	2019435	2018814	2376858	0	0	2867200	24576	0	0	15728640	0	2469888	0	0	0	0	0	2019435	2018814	2376858	0	0	2867200	24576	0	0	
0	1982464	0	0	0	0	0	2026563	2026116	2385108	0	0	2138112	4096	0	0	15728640	0	1982464	0	0	0	0	0	2026563	2026116	2385108	0	0	2138112	4096	0	0	
0	2170880	0	0	0	0	0	2033559	2033044	2393325	0	0	2482176	24576	0	0	15728640	0	2170880	0	0	0	0	0	2033559	2033044	2393325	0	0	2482176	24576	0	0	
0	2412544	0	0	0	0	0	2040753	2040098	2401806	0	0	2879488	4096	0	0	15728640	0	2412544	0	0	0	0	0	2040753	2040098	2401806	0	0	2879488	4096	0	0	
0	2285568	0	0	0	0	0	2047254	2046741	2409363	0	0	2457600	4096	0	0	15728640	0	2285568	0	0	0	0	0	2047254	2046741	2409363	0	0	2457600	4096	0	0	
0	2691072	0	0	0	0	0	2054415	2053835	2417745	0	0	2904064	4096	0	0	15728640	0	2691072	0	0	0	0	0	2054415	2053835	2417745	0	0	2904064	4096	0	0	
0	1880064	0	0	0	0	0	2061048	2060614	2425500	0	0	2138112	24576	0	0	15728640	0	1880064	0	0	0	0	0	2061048	2060614	2425500	0	0	2138112	24576	0	0	
0	2719744	0	0	0	0	0	2069661	2069027	2435598	0	0	2867200	4096	0	0	15728640	0	2719744	0	0	0	0	0	2069661	2069027	2435598	0	0	2867200	4096	0	0	
0	1900544	0	0	0	0	0	2079165	2078666	2446686	0	0	2166784	24576	0	0	15728640	0	1900544	0	0	0	0	0	2079165	2078666	2446686	0	0	2166784	24576	0	0	
0	2056192	0	0	0	0	0	2086392	2085994	2455233	0	0	2142208	24576	0	0	15728640	0	2056192	0	0	0	0	0	2086392	2085994	2455233	0	0	2142208	24576	0	0	
0	1888256	0	0	0	0	0	2093487	2093074	2463483	0	0	2134016	4096	0	0	15728640	0	1888256	0	0	0	0	0	2093487	2093074	2463483	0	0	2134016	4096	0	0	
0	2007040	0	0	0	0	0	2100054	2099657	2471238	0	0	2138112	24576	0	0	15728640	0	2007040	0	0	0	0	0	2100054	2099657	2471238	0	0	2138112	24576	0	0	
0	2695168	0	0	0	0	0	2107182	2106538	2479554	0	0	2838528	4096	0	0	15728640	0	2695168	0	0	0	0	0	2107182	2106538	2479554	0	0	2838528	4096	0	0	
0	2535424	0	0	0	0	0	2114772	2114136	2488464	0	0	2822144	4096	0	0	15728640	0	2535424	0	0	0	0	0	2114772	2114136	2488464	0	0	2822144	4096	0	0	
0	2506752	0	0	0	0	0	2121933	2121290	2496714	0	0	2867200	24576	0	0	15728640	0	2506752	0	0	0	0	0	2121933	2121290	2496714	0	0	2867200	24576	0	0	
0	2527232	0	0	0	0	0	2130546	2129929	2506878	0	0	2879488	24576	0	0	15728640	0	2527232	0	0	0	0	0	2130546	2129929	2506878	0	0	2879488	24576	0	0	
0	1941504	0	0	0	0	0	2139687	2139220	2517570	0	0	2134016	4096	0	0	15728640	0	1941504	0	0	0	0	0	2139687	2139220	2517570	0	0	2134016	4096	0	0	
0	1990656	0	0	0	0	0	2147772	2147361	2527041	0	0	2134016	4096	0	0	15728640	0	1990656	0	0	0	0	0	2147772	2147361	2527041	0	0	2134016	4096	0	0	
0	737280	0	0	0	0	0	2151369	2151203	2531463	0	0	1011712	24576	0	0	15728640	0	737280	0	0	0	0	0	2151369	2151203	2531463	0	0	1011712	24576	0	0	
0	2617344	0	0	0	0	0	2155461	2154824	2536446	0	0	2813952	4096	0	0	15728640	0	2617344	0	0	0	0	0	2155461	2154824	2536446	0	0	2813952	4096	0	0	
0	1880064	0	0	0	0	0	2162556	2162094	2544795	0	0	2129920	4096	0	0	15728640	0	1880064	0	0	0	0	0	2162556	2162094	2544795	0	0	2129920	4096	0	0	
0	2498560	0	0	0	0	0	2169651	2168993	2553144	0	0	2867200	4096	0	0	15728640	0	2498560	0	0	0	0	0	2169651	2168993	2553144	0	0	2867200	4096	0	0	
0	1961984	0	0	0	0	0	2176779	2176364	2561394	0	0	2134016	4096	0	0	15728640	0	1961984	0	0	0	0	0	2176779	2176364	2561394	0	0	2134016	4096	0	0	
0	1830912	0	0	0	0	0	2186712	2186248	2573109	0	0	2072576	24576	0	0	15728640	0	1830912	0	0	0	0	0	2186712	2186248	2573109	0	0	2072576	24576	0	0	
0	1007616	0	0	0	0	0	2195094	2194898	2583075	0	0	1265664	24576	0	0	15728640	0	1007616	0	0	0	0	0	2195094	2194898	2583075	0	0	1265664	24576	0	0	
0	2510848	0	0	0	0	0	2201562	2200978	2590599	0	0	2867200	4096	0	0	15728640	0	2510848	0	0	0	0	0	2201562	2200978	2590599	0	0	2867200	4096	0	0	
0	1884160	0	0	0	0	0	2209152	2208783	2599476	0	0	2134016	4096	0	0	15728640	0	1884160	0	0	0	0	0	2209152	2208783	2599476	0	0	2134016	4096	0	0	
0	2629632	0	0	0	0	0	2216841	2216214	2608419	0	0	2859008	4096	0	0	15728640	0	2629632	0	0	0	0	0	2216841	2216214	2608419	0	0	2859008	4096	0	0	
0	1961984	0	0	0	0	0	2223441	2222971	2616207	0	0	2138112	24576	0	0	15728640	0	1961984	0	0	0	0	0	2223441	2222971	2616207	0	0	2138112	24576	0	0	
0	1888256	0	0	0	0	0	2230503	2230096	2624523	0	0	2129920	4096	0	0	15728640	0	1888256	0	0	0	0	0	2230503	2230096	2624523	0	0	2129920	4096	0	0	
0	1937408	0	0	0	0	0	2237565	2237186	2632773	0	0	2129920	24576	0	0	15728640	0	1937408	0	0	0	0	0	2237565	2237186	2632773	0	0	2129920	24576	0	0	
0	790528	0	0	0	0	0	2242218	2242041	2638350	0	0	991232	24576	0	0	15728640	0	790528	0	0	0	0	0	2242218	2242041	2638350	0	0	991232	24576	0	0	
0	1937408	0	0	0	0	0	2248290	2247860	2645775	0	0	2129920	4096	0	0	15728640	0	1937408	0	0	0	0	0	2248290	2247860	2645775	0	0	2129920	4096	0	0	
0	2674688	0	0	0	0	0	2255451	2254846	2654124	0	0	2867200	4096	0	0	15728640	0	2674688	0	0	0	0	0	2255451	2254846	2654124	0	0	2867200	4096	0	0	
0	2625536	0	0	0	0	0	2262546	2261932	2662473	0	0	2863104	4096	0	0	15728640	0	2625536	0	0	0	0	0	2262546	2261932	2662473	0	0	2863104	4096	0	0	
0	2027520	0	0	0	0	0	2269608	2269203	2670756	0	0	2113536	4096	0	0	15728640	0	2027520	0	0	0	0	0	2269608	2269203	2670756	0	0	2113536	4096	0	0	
0	2658304	0	0	0	0	0	2277297	2276655	2679666	0	0	2867200	24576	0	0	15728640	0	2658304	0	0	0	0	0	2277297	2276655	2679666	0	0	2867200	24576	0	0	
0	2531328	0	0	0	0	0	2283831	2283184	2687454	0	0	2826240	4096	0	0	15728640	0	2531328	0	0	0	0	0	2283831	2283184	2687454	0	0	2826240	4096	0	0	
0	1966080	0	0	0	0	0	2292015	2291531	2696958	0	0	2129920	4096	0	0	15728640	0	1966080	0	0	0	0	0	2292015	2291531	2696958	0	0	2129920	4096	0	0	
0	1998848	0	0	0	0	0	2300628	2300193	2707122	0	0	2138112	4096	0	0	15728640	0	1998848	0	0	0	0	0	2300628	2300193	2707122	0	0	2138112	4096	0	0	
0	2699264	0	0	0	0	0	2310231	2309623	2718309	0	0	2871296	4096	0	0	15728640	0	2699264	0	0	0	0	0	2310231	2309623	2718309	0	0	2871296	4096	0	0	
0	2641920	0	0	0	0	0	2317359	2316698	2726691	0	0	2818048	4096	0	0	15728640	0	2641920	0	0	0	0	0	2317359	2316698	2726691	0	0	2818048	4096	0	0	
0	2007040	0	0	0	0	0	2324487	2324062	2735007	0	0	2134016	4096	0	0	15728640	0	2007040	0	0	0	0	0	2324487	2324062	2735007	0	0	2134016	4096	0	0	
0	2609152	0	0	0	0	0	2331516	2330929	2743323	0	0	2883584	4096	0	0	15728640	0	2609152	0	0	0	0	0	2331516	2330929	2743323	0	0	2883584	4096	0	0	
0	1986560	0	0	0	0	0	2338182	2337753	2751078	0	0	2138112	24576	0	0	15728640	0	1986560	0	0	0	0	0	2338182	2337753	2751078	0	0	2138112	24576	0	0	
0	1814528	0	0	0	0	0	2346300	2345834	2760549	0	0	2129920	4096	0	0	15728640	0	1814528	0	0	0	0	0	2346300	2345834	2760549	0	0	2129920	4096	0	0	
0	1019904	0	0	0	0	0	2353956	2353783	2769723	0	0	1093632	24576	0	0	15728640	0	1019904	0	0	0	0	0	2353956	2353783	2769723	0	0	1093632	24576	0	0	
0	1671168	0	0	0	0	0	2364285	2363950	2781768	0	0	1835008	24576	0	0	15728640	0	1671168	0	0	0	0	0	2364285	2363950	2781768	0	0	1835008	24576	0	0	
0	1740800	0	0	0	0	0	2373690	2373260	2792724	0	0	2129920	4096	0	0	15728640	0	1740800	0	0	0	0	0	2373690	2373260	2792724	0	0	2129920	4096	0	0	
0	827392	0	0	0	0	0	2380455	2380136	2800710	0	0	1372160	24576	0	0	15728640	0	827392	0	0	0	0	0	2380455	2380136	2800710	0	0	1372160	24576	0	0	
0	2666496	0	0	0	0	0	2387385	2386757	2808762	0	0	2813952	4096	0	0	15728640	0	2666496	0	0	0	0	0	2387385	2386757	2808762	0	0	2813952	4096	0	0	
0	2547712	0	0	0	0	0	2394051	2393381	2816484	0	0	2859008	4096	0	0	15728640	0	2547712	0	0	0	0	0	2394051	2393381	2816484	0	0	2859008	4096	0	0	
0	1966080	0	0	0	0	0	2401080	2400642	2824866	0	0	2134016	24576	0	0	15728640	0	1966080	0	0	0	0	0	2401080	2400642	2824866	0	0	2134016	24576	0	0	
0	2564096	0	0	0	0	0	2409165	2408600	2834304	0	0	2777088	4096	0	0	15728640	0	2564096	0	0	0	0	0	2409165	2408600	2834304	0	0	2777088	4096	0	0	
0	2637824	0	0	0	0	0	2417349	2416710	2843841	0	0	2842624	4096	0	0	15728640	0	2637824	0	0	0	0	0	2417349	2416710	2843841	0	0	2842624	4096	0	0	
0	1933312	0	0	0	0	0	2427018	2426566	2855193	0	0	2134016	24576	0	0	15728640	0	1933312	0	0	0	0	0	2427018	2426566	2855193	0	0	2134016	24576	0	0	
0	1912832	0	0	0	0	0	2436654	2436199	2866479	0	0	2125824	4096	0	0	15728640	0	1912832	0	0	0	0	0	2436654	2436199	2866479	0	0	2125824	4096	0	0	
0	1929216	0	0	0	0	0	2444739	2444330	2876016	0	0	2125824	4096	0	0	15728640	0	1929216	0	0	0	0	0	2444739	2444330	2876016	0	0	2125824	4096	0	0	
0	1929216	0	0	0	0	0	2451372	2450898	2883804	0	0	2138112	24576	0	0	15728640	0	1929216	0	0	0	0	0	2451372	2450898	2883804	0	0	2138112	24576	0	0	
0	1355776	0	0	0	0	0	2459127	2458850	2892945	0	0	1552384	24576	0	0	15728640	0	1355776	0	0	0	0	0	2459127	2458850	2892945	0	0	1552384	24576	0	0	
0	1941504	0	0	0	0	0	2467575	2467190	2902812	0	0	2129920	4096	0	0	15728640	0	1941504	0	0	0	0	0	2467575	2467190	2902812	0	0	2129920	4096	0	0	
0	696320	0	0	0	0	0	2474769	2474558	2911293	0	0	1093632	24576	0	0	15728640	0	696320	0	0	0	0	0	2474769	2474558	2911293	0	0	1093632	24576	0	0	
0	1941504	0	0	0	0	0	2483283	2482917	2921226	0	0	2138112	24576	0	0	15728640	0	1941504	0	0	0	0	0	2483283	2482917	2921226	0	0	2138112	24576	0	0	
0	864256	0	0	0	0	0	2492457	2492326	2931885	0	0	929792	24576	0	0	15728640	0	864256	0	0	0	0	0	2492457	2492326	2931885	0	0	929792	24576	0	0	
0	1998848	0	0	0	0	0	2501037	2500682	2942016	0	0	2134016	4096	0	0	15728640	0	1998848	0	0	0	0	0	2501037	2500682	2942016	0	0	2134016	4096	0	0	
0	2011136	0	0	0	0	0	2508231	2507785	2950398	0	0	2138112	24576	0	0	15728640	0	2011136	0	0	0	0	0	2508231	2507785	2950398	0	0	2138112	24576	0	0	
0	1896448	0	0	0	0	0	2515821	2515325	2959308	0	0	2134016	24576	0	0	15728640	0	1896448	0	0	0	0	0	2515821	2515325	2959308	0	0	2134016	24576	0	0	
0	876544	0	0	0	0	0	2524500	2524293	2969571	0	0	1056768	24576	0	0	15728640	0	876544	0	0	0	0	0	2524500	2524293	2969571	0	0	1056768	24576	0	0	
0	786432	0	0	0	0	0	2531661	2531383	2977887	0	0	1130496	24576	0	0	15728640	0	786432	0	0	0	0	0	2531661	2531383	2977887	0	0	1130496	24576	0	0	
0	1835008	0	0	0	0	0	2539185	2538743	2986698	0	0	2134016	4096	0	0	15728640	0	1835008	0	0	0	0	0	2539185	2538743	2986698	0	0	2134016	4096	0	0	
0	2547712	0	0	0	0	0	2547237	2546646	2996169	0	0	2867200	4096	0	0	15728640	0	2547712	0	0	0	0	0	2547237	2546646	2996169	0	0	2867200	4096	0	0	
0	2064384	0	0	0	0	0	2556477	2555948	3006894	0	0	2134016	24576	0	0	15728640	0	2064384	0	0	0	0	0	2556477	2555948	3006894	0	0	2134016	24576	0	0	
0	1941504	0	0	0	0	0	2564562	2564076	3016431	0	0	2125824	4096	0	0	15728640	0	1941504	0	0	0	0	0	2564562	2564076	3016431	0	0	2125824	4096	0	0	
0	1814528	0	0	0	0	0	2571426	2571034	3024582	0	0	2072576	24576	0	0	15728640	0	1814528	0	0	0	0	0	2571426	2571034	3024582	0	0	2072576	24576	0	0	
0	1941504	0	0	0	0	0	2578224	2577799	3032502	0	0	2134016	24576	0	0	15728640	0	1941504	0	0	0	0	0	2578224	2577799	3032502	0	0	2134016	24576	0	0	
0	2007040	0	0	0	0	0	2586375	2585893	3042006	0	0	2129920	4096	0	0	15728640	0	2007040	0	0	0	0	0	2586375	2585893	3042006	0	0	2129920	4096	0	0	
0	1937408	0	0	0	0	0	2593437	2593035	3050322	0	0	2134016	4096	0	0	15728640	0	1937408	0	0	0	0	0	2593437	2593035	3050322	0	0	2134016	4096	0	0	
0	1884160	0	0	0	0	0	2600829	2600439	3059067	0	0	2088960	4096	0	0	15728640	0	1884160	0	0	0	0	0	2600829	2600439	3059067	0	0	2088960	4096	0	0	
0	1994752	0	0	0	0	0	2609706	2609243	3069363	0	0	2134016	24576	0	0	15728640	0	1994752	0	0	0	0	0	2609706	2609243	3069363	0	0	2134016	24576	0	0	
0	1994752	0	0	0	0	0	2620860	2620445	3082431	0	0	2125824	4096	0	0	15728640	0	1994752	0	0	0	0	0	2620860	2620445	3082431	0	0	2125824	4096	0	0	
0	2600960	0	0	0	0	0	2629011	2628307	3092001	0	0	2854912	4096	0	0	15728640	0	2600960	0	0	0	0	0	2629011	2628307	3092001	0	0	2854912	4096	0	0	
0	2019328	0	0	0	0	0	2636601	2636120	3100944	0	0	2138112	24576	0	0	15728640	0	2019328	0	0	0	0	0	2636601	2636120	3100944	0	0	2138112	24576	0	0	
0	2048000	0	0	0	0	0	2643663	2643221	3109227	0	0	2129920	4096	0	0	15728640	0	2048000	0	0	0	0	0	2643663	2643221	3109227	0	0	2129920	4096	0	0	
0	1859584	0	0	0	0	0	2650263	2649855	3116982	0	0	2138112	24576	0	0	15728640	0	1859584	0	0	0	0	0	2650263	2649855	3116982	0	0	2138112	24576	0	0	
0	2506752	0	0	0	0	0	2658909	2658272	3127080	0	0	2871296	4096	0	0	15728640	0	2506752	0	0	0	0	0	2658909	2658272	3127080	0	0	2871296	4096	0	0	
0	1998848	0	0	0	0	0	2666004	2665618	3135429	0	0	2134016	4096	0	0	15728640	0	1998848	0	0	0	0	0	2666004	2665618	3135429	0	0	2134016	4096	0	0	
0	2560000	0	0	0	0	0	2675178	2674539	3146121	0	0	2863104	4096	0	0	15728640	0	2560000	0	0	0	0	0	2675178	2674539	3146121	0	0	2863104	4096	0	0	
0	2420736	0	0	0	0	0	2683296	2682663	3155592	0	0	2863104	4096	0	0	15728640	0	2420736	0	0	0	0	0	2683296	2682663	3155592	0	0	2863104	4096	0	0	
0	1953792	0	0	0	0	0	2690919	2690463	3164568	0	0	2134016	4096	0	0	15728640	0	1953792	0	0	0	0	0	2690919	2690463	3164568	0	0	2134016	4096	0	0	
0	1974272	0	0	0	0	0	2696991	2696567	3171696	0	0	2129920	4096	0	0	15728640	0	1974272	0	0	0	0	0	2696991	2696567	3171696	0	0	2129920	4096	0	0	
0	1851392	0	0	0	0	0	2704086	2703664	3180045	0	0	2138112	24576	0	0	15728640	0	1851392	0	0	0	0	0	2704086	2703664	3180045	0	0	2138112	24576	0	0	
0	1990656	0	0	0	0	0	2712732	2712319	3190143	0	0	2125824	4096	0	0	15728640	0	1990656	0	0	0	0	0	2712732	2712319	3190143	0	0	2125824	4096	0	0	
0	2506752	0	0	0	0	0	2720322	2719653	3199053	0	0	2863104	24576	0	0	15728640	0	2506752	0	0	0	0	0	2720322	2719653	3199053	0	0	2863104	24576	0	0	
0	2453504	0	0	0	0	0	2726394	2725791	3206148	0	0	2830336	4096	0	0	15728640	0	2453504	0	0	0	0	0	2726394	2725791	3206148	0	0	2830336	4096	0	0	
0	2494464	0	0	0	0	0	2737086	2736443	3218721	0	0	2818048	4096	0	0	15728640	0	2494464	0	0	0	0	0	2737086	2736443	3218721	0	0	2818048	4096	0	0	
0	2637824	0	0	0	0	0	2747217	2746595	3230535	0	0	2854912	24576	0	0	15728640	0	2637824	0	0	0	0	0	2747217	2746595	3230535	0	0	2854912	24576	0	0	
0	1941504	0	0	0	0	0	2753883	2753426	3238257	0	0	2129920	24576	0	0	15728640	0	1941504	0	0	0	0	0	2753883	2753426	3238257	0	0	2129920	24576	0	0	
0	1974272	0	0	0	0	0	2762430	2762027	3248454	0	0	2138112	4096	0	0	15728640	0	1974272	0	0	0	0	0	2762430	2762027	3248454	0	0	2138112	4096	0	0	
0	1847296	0	0	0	0	0	2770053	2769658	3257331	0	0	2138112	4096	0	0	15728640	0	1847296	0	0	0	0	0	2770053	2769658	3257331	0	0	2138112	4096	0	0	
0	2035712	0	0	0	0	0	2777181	2776766	3265713	0	0	2138112	24576	0	0	15728640	0	2035712	0	0	0	0	0	2777181	2776766	3265713	0	0	2138112	24576	0	0	
0	1961984	0	0	0	0	0	2784342	2783882	3274029	0	0	2138112	4096	0	0	15728640	0	1961984	0	0	0	0	0	2784342	2783882	3274029	0	0	2138112	4096	0	0	
0	2011136	0	0	0	0	0	2791899	2791470	3282906	0	0	2134016	4096	0	0	15728640	0	2011136	0	0	0	0	0	2791899	2791470	3282906	0	0	2134016	4096	0	0	
0	1789952	0	0	0	0	0	2801535	2801134	3294225	0	0	2134016	24576	0	0	15728640	0	1789952	0	0	0	0	0	2801535	2801134	3294225	0	0	2134016	24576	0	0	
0	1884160	0	0	0	0	0	2810973	2810552	3305379	0	0	2129920	4096	0	0	15728640	0	1884160	0	0	0	0	0	2810973	2810552	3305379	0	0	2129920	4096	0	0	
0	1990656	0	0	0	0	0	2818266	2817821	3313860	0	0	2129920	4096	0	0	15728640	0	1990656	0	0	0	0	0	2818266	2817821	3313860	0	0	2129920	4096	0	0	
0	1966080	0	0	0	0	0	2823843	2823410	3320394	0	0	2138112	24576	0	0	15728640	0	1966080	0	0	0	0	0	2823843	2823410	3320394	0	0	2138112	24576	0	0	
0	2555904	0	0	0	0	0	2830476	2829838	3328149	0	0	2822144	4096	0	0	15728640	0	2555904	0	0	0	0	0	2830476	2829838	3328149	0	0	2822144	4096	0	0	
0	1540096	0	0	0	0	0	2836845	2836468	3335673	0	0	1986560	24576	0	0	15728640	0	1540096	0	0	0	0	0	2836845	2836468	3335673	0	0	1986560	24576	0	0	
0	1953792	0	0	0	0	0	2843676	2843268	3343626	0	0	2134016	24576	0	0	15728640	0	1953792	0	0	0	0	0	2843676	2843268	3343626	0	0	2134016	24576	0	0	
0	1994752	0	0	0	0	0	2850804	2850349	3351975	0	0	2134016	24576	0	0	15728640	0	1994752	0	0	0	0	0	2850804	2850349	3351975	0	0	2134016	24576	0	0	
0	1859584	0	0	0	0	0	2859945	2859482	3362634	0	0	2134016	4096	0	0	15728640	0	1859584	0	0	0	0	0	2859945	2859482	3362634	0	0	2134016	4096	0	0	
0	1929216	0	0	0	0	0	2869053	2868647	3373359	0	0	2134016	4096	0	0	15728640	0	1929216	0	0	0	0	0	2869053	2868647	3373359	0	0	2134016	4096	0	0	
0	2215936	0	0	0	0	0	2877105	2876540	3382797	0	0	2539520	24576	0	0	15728640	0	2215936	0	0	0	0	0	2877105	2876540	3382797	0	0	2539520	24576	0	0	
0	1986560	0	0	0	0	0	2884761	2884388	3391773	0	0	2129920	4096	0	0	15728640	0	1986560	0	0	0	0	0	2884761	2884388	3391773	0	0	2129920	4096	0	0	
0	1003520	0	0	0	0	0	2891988	2891790	3400287	0	0	1150976	24576	0	0	15728640	0	1003520	0	0	0	0	0	2891988	2891790	3400287	0	0	1150976	24576	0	0	
0	1757184	0	0	0	0	0	2900007	2899603	3409659	0	0	2125824	4096	0	0	15728640	0	1757184	0	0	0	0	0	2900007	2899603	3409659	0	0	2125824	4096	0	0	
0	1867776	0	0	0	0	0	2907168	2906726	3417975	0	0	2138112	4096	0	0	15728640	0	1867776	0	0	0	0	0	2907168	2906726	3417975	0	0	2138112	4096	0	0	
0	1896448	0	0	0	0	0	2914560	2914083	3426753	0	0	2093056	4096	0	0	15728640	0	1896448	0	0	0	0	0	2914560	2914083	3426753	0	0	2093056	4096	0	0	
0	2625536	0	0	0	0	0	2922810	2922230	3436455	0	0	2867200	24576	0	0	15728640	0	2625536	0	0	0	0	0	2922810	2922230	3436455	0	0	2867200	24576	0	0	
0	2621440	0	0	0	0	0	2930994	2930351	3445893	0	0	2867200	4096	0	0	15728640	0	2621440	0	0	0	0	0	2930994	2930351	3445893	0	0	2867200	4096	0	0	
0	847872	0	0	0	0	0	2932545	2932395	3447939	0	0	1011712	24576	0	0	15728640	0	847872	0	0	0	0	0	2932545	2932395	3447939	0	0	1011712	24576	0	0	
0	2514944	0	0	0	0	0	2938221	2937558	3454770	0	0	2867200	4096	0	0	15728640	0	2514944	0	0	0	0	0	2938221	2937558	3454770	0	0	2867200	4096	0	0	
0	2707456	0	0	0	0	0	2945316	2944634	3463086	0	0	2871296	4096	0	0	15728640	0	2707456	0	0	0	0	0	2945316	2944634	3463086	0	0	2871296	4096	0	0	
0	2760704	0	0	0	0	0	2952444	2951761	3471402	0	0	2867200	4096	0	0	15728640	0	2760704	0	0	0	0	0	2952444	2951761	3471402	0	0	2867200	4096	0	0	
0	1728512	0	0	0	0	0	2959011	2958572	3479157	0	0	2129920	4096	0	0	15728640	0	1728512	0	0	0	0	0	2959011	2958572	3479157	0	0	2129920	4096	0	0	
0	2543616	0	0	0	0	0	2967063	2966539	3488628	0	0	2859008	4096	0	0	15728640	0	2543616	0	0	0	0	0	2967063	2966539	3488628	0	0	2859008	4096	0	0	
0	2564096	0	0	0	0	0	2976765	2976145	3499947	0	0	2879488	4096	0	0	15728640	0	2564096	0	0	0	0	0	2976765	2976145	3499947	0	0	2879488	4096	0	0	
0	2379776	0	0	0	0	0	2984850	2984242	3509484	0	0	2822144	4096	0	0	15728640	0	2379776	0	0	0	0	0	2984850	2984242	3509484	0	0	2822144	4096	0	0	
0	1957888	0	0	0	0	0	2991483	2991071	3517239	0	0	2138112	4096	0	0	15728640	0	1957888	0	0	0	0	0	2991483	2991071	3517239	0	0	2138112	4096	0	0	
0	1056768	0	0	0	0	0	2998182	2998002	3525093	0	0	1089536	24576	0	0	15728640	0	1056768	0	0	0	0	0	2998182	2998002	3525093	0	0	1089536	24576	0	0	
0	2478080	0	0	0	0	0	3009798	3009123	3538656	0	0	2830336	4096	0	0	15728640	0	2478080	0	0	0	0	0	3009798	3009123	3538656	0	0	2830336	4096	0	0	
0	2572288	0	0	0	0	0	3016365	3015713	3546378	0	0	2871296	4096	0	0	15728640	0	2572288	0	0	0	0	0	3016365	3015713	3546378	0	0	2871296	4096	0	0	
0	1871872	0	0	0	0	0	3022305	3021835	3553341	0	0	2072576	4096	0	0	15728640	0	1871872	0	0	0	0	0	3022305	3021835	3553341	0	0	2072576	4096	0	0	
0	839680	0	0	0	0	0	3031149	3031000	3563769	0	0	1060864	24576	0	0	15728640	0	839680	0	0	0	0	0	3031149	3031000	3563769	0	0	1060864	24576	0	0	
0	1929216	0	0	0	0	0	3040752	3040308	3574956	0	0	2134016	4096	0	0	15728640	0	1929216	0	0	0	0	0	3040752	3040308	3574956	0	0	2134016	4096	0	0	
0	2011136	0	0	0	0	0	3048375	3047946	3583833	0	0	2138112	24576	0	0	15728640	0	2011136	0	0	0	0	0	3048375	3047946	3583833	0	0	2138112	24576	0	0	
0	1896448	0	0	0	0	0	3055998	3055546	3592776	0	0	2138112	24576	0	0	15728640	0	1896448	0	0	0	0	0	3055998	3055546	3592776	0	0	2138112	24576	0	0	
0	1990656	0	0	0	0	0	3063060	3062638	3601092	0	0	2134016	4096	0	0	15728640	0	1990656	0	0	0	0	0	3063060	3062638	3601092	0	0	2134016	4096	0	0	
0	1867776	0	0	0	0	0	3070683	3070280	3610068	0	0	2134016	24576	0	0	15728640	0	1867776	0	0	0	0	0	3070683	3070280	3610068	0	0	2134016	24576	0	0	
0	1896448	0	0	0	0	0	3077811	3077380	3618384	0	0	2138112	24576	0	0	15728640	0	1896448	0	0	0	0	0	3077811	3077380	3618384	0	0	2138112	24576	0	0	
0	1941504	0	0	0	0	0	3084972	3084478	3626667	0	0	2117632	4096	0	0	15728640	0	1941504	0	0	0	0	0	3084972	3084478	3626667	0	0	2117632	4096	0	0	
0	2555904	0	0	0	0	0	3094575	3093927	3638019	0	0	2863104	4096	0	0	15728640	0	2555904	0	0	0	0	0	3094575	3093927	3638019	0	0	2863104	4096	0	0	
0	2748416	0	0	0	0	0	3105267	3104578	3650526	0	0	2859008	4096	0	0	15728640	0	2748416	0	0	0	0	0	3105267	3104578	3650526	0	0	2859008	4096	0	0	
0	1916928	0	0	0	0	0	3112890	3112459	3659436	0	0	2129920	4096	0	0	15728640	0	1916928	0	0	0	0	0	3112890	3112459	3659436	0	0	2129920	4096	0	0	
0	1892352	0	0	0	0	0	3119952	3119499	3667785	0	0	2142208	24576	0	0	15728640	0	1892352	0	0	0	0	0	3119952	3119499	3667785	0	0	2142208	24576	0	0	
102400	1880064	0	0	0	0	0	3127575	3127144	3676695	0	0	2134016	24576	0	0	15728640	102400	1880064	0	0	0	0	0	3127575	3127144	3676695	0	0	2134016	24576	0	0	
102400	1482752	0	0	0	0	0	3134373	3134074	3684681	0	0	1548288	24576	0	0	15728640	102400	1482752	0	0	0	0	0	3134373	3134074	3684681	0	0	1548288	24576	0	0	
102400	1990656	0	0	0	0	0	3142788	3142383	3694482	0	0	2134016	4096	0	0	15728640	102400	1990656	0	0	0	0	0	3142788	3142383	3694482	0	0	2134016	4096	0	0	
102400	2478080	0	0	0	0	0	3150939	3150308	3704052	0	0	2867200	24576	0	0	15728640	102400	2478080	0	0	0	0	0	3150939	3150308	3704052	0	0	2867200	24576	0	0	
102400	1990656	0	0	0	0	0	3160641	3160165	3715338	0	0	2142208	24576	0	0	15728640	102400	1990656	0	0	0	0	0	3160641	3160165	3715338	0	0	2142208	24576	0	0	
102400	2793472	0	0	0	0	0	3171234	3170573	3727845	0	0	2899968	4096	0	0	15728640	102400	2793472	0	0	0	0	0	3171234	3170573	3727845	0	0	2899968	4096	0	0	
102400	1871872	0	0	0	0	0	3177900	3177430	3735633	0	0	2134016	4096	0	0	15728640	102400	1871872	0	0	0	0	0	3177900	3177430	3735633	0	0	2134016	4096	0	0	
102400	2002944	0	0	0	0	0	3184962	3184515	3743982	0	0	2125824	24576	0	0	15728640	102400	2002944	0	0	0	0	0	3184962	3184515	3743982	0	0	2125824	24576	0	0	
102400	1806336	0	0	0	0	0	3193080	3192628	3753420	0	0	2129920	4096	0	0	15728640	102400	1806336	0	0	0	0	0	3193080	3192628	3753420	0	0	2129920	4096	0	0	
102400	2502656	0	0	0	0	0	3200208	3199574	3761736	0	0	2871296	4096	0	0	15728640	102400	2502656	0	0	0	0	0	3200208	3199574	3761736	0	0	2871296	4096	0	0	
102400	2633728	0	0	0	0	0	3208293	3207718	3771306	0	0	2867200	4096	0	0	15728640	102400	2633728	0	0	0	0	0	3208293	3207718	3771306	0	0	2867200	4096	0	0	
102400	1839104	0	0	0	0	0	3215454	3215008	3779589	0	0	2138112	4096	0	0	15728640	102400	1839104	0	0	0	0	0	3215454	3215008	3779589	0	0	2138112	4096	0	0	
102400	1798144	0	0	0	0	0	3224397	3223920	3790116	0	0	2080768	4096	0	0	15728640	102400	1798144	0	0	0	0	0	3224397	3223920	3790116	0	0	2080768	4096	0	0	
102400	2617344	0	0	0	0	0	3233703	3233102	3801072	0	0	2883584	4096	0	0	15728640	102400	2617344	0	0	0	0	0	3233703	3233102	3801072	0	0	2883584	4096	0	0	
102400	2617344	0	0	0	0	0	3241887	3241203	3810543	0	0	2867200	4096	0	0	15728640	102400	2617344	0	0	0	0	0	3241887	3241203	3810543	0	0	2867200	4096	0	0	
102400	1863680	0	0	0	0	0	3250038	3249565	3820113	0	0	2117632	4096	0	0	15728640	102400	1863680	0	0	0	0	0	3250038	3249565	3820113	0	0	2117632	4096	0	0	
102400	2572288	0	0	0	0	0	3258090	3257516	3829584	0	0	2867200	4096	0	0	15728640	102400	2572288	0	0	0	0	0	3258090	3257516	3829584	0	0	2867200	4096	0	0	
102400	1765376	0	0	0	0	0	3266241	3265768	3839088	0	0	2129920	4096	0	0	15728640	102400	1765376	0	0	0	0	0	3266241	3265768	3839088	0	0	2129920	4096	0	0	
102400	2707456	0	0	0	0	0	3272808	3272238	3846810	0	0	2883584	4096	0	0	15728640	102400	2707456	0	0	0	0	0	3272808	3272238	3846810	0	0	2883584	4096	0	0	
102400	2560000	0	0	0	0	0	3281487	3280798	3856974	0	0	2867200	4096	0	0	15728640	102400	2560000	0	0	0	0	0	3281487	3280798	3856974	0	0	2867200	4096	0	0	
102400	2011136	0	0	0	0	0	3291123	3290714	3868326	0	0	2134016	24576	0	0	15728640	102400	2011136	0	0	0	0	0	3291123	3290714	3868326	0	0	2134016	24576	0	0	
102400	2002944	0	0	0	0	0	3301287	3300867	3880173	0	0	2129920	4096	0	0	15728640	102400	2002944	0	0	0	0	0	3301287	3300867	3880173	0	0	2129920	4096	0	0	
102400	811008	0	0	0	0	0	3307953	3307760	3888027	0	0	1085440	24576	0	0	15728640	102400	811008	0	0	0	0	0	3307953	3307760	3888027	0	0	1085440	24576	0	0	
102400	2502656	0	0	0	0	0	3316005	3315367	3897432	0	0	2863104	4096	0	0	15728640	102400	2502656	0	0	0	0	0	3316005	3315367	3897432	0	0	2863104	4096	0	0	
102400	1941504	0	0	0	0	0	3322638	3322161	3905121	0	0	2134016	4096	0	0	15728640	102400	1941504	0	0	0	0	0	3322638	3322161	3905121	0	0	2134016	4096	0	0	
102400	2433024	0	0	0	0	0	3330228	3329564	3914031	0	0	2863104	4096	0	0	15728640	102400	2433024	0	0	0	0	0	3330228	3329564	3914031	0	0	2863104	4096	0	0	
102400	1925120	0	0	0	0	0	3336828	3336407	3921819	0	0	2125824	24576	0	0	15728640	102400	1925120	0	0	0	0	0	3336828	3336407	3921819	0	0	2125824	24576	0	0	
102400	1921024	0	0	0	0	0	3345540	3345018	3931950	0	0	2129920	4096	0	0	15728640	102400	1921024	0	0	0	0	0	3345540	3345018	3931950	0	0	2129920	4096	0	0	
102400	1998848	0	0	0	0	0	3354549	3354185	3942675	0	0	2125824	4096	0	0	15728640	102400	1998848	0	0	0	0	0	3354549	3354185	3942675	0	0	2125824	4096	0	0	
102400	1863680	0	0	0	0	0	3362238	3361749	3951585	0	0	2134016	24576	0	0	15728640	102400	1863680	0	0	0	0	0	3362238	3361749	3951585	0	0	2134016	24576	0	0	
102400	1601536	0	0	0	0	0	3369036	3368685	3959604	0	0	1724416	24576	0	0	15728640	102400	1601536	0	0	0	0	0	3369036	3368685	3959604	0	0	1724416	24576	0	0	
237568	2551808	0	0	0	0	0	3376395	3375783	3968184	0	0	2867200	4096	0	0	15728640	237568	2551808	0	0	0	0	0	3376395	3375783	3968184	0	0	2867200	4096	0	0	
237568	2551808	0	0	0	0	0	3383523	3382885	3976533	0	0	2867200	4096	0	0	15728640	237568	2551808	0	0	0	0	0	3383523	3382885	3976533	0	0	2867200	4096	0	0	
237568	1953792	0	0	0	0	0	3390651	3390221	3984816	0	0	2129920	4096	0	0	15728640	237568	1953792	0	0	0	0	0	3390651	3390221	3984816	0	0	2129920	4096	0	0	
237568	2355200	0	0	0	0	0	3398109	3397641	3993693	0	0	2482176	4096	0	0	15728640	237568	2355200	0	0	0	0	0	3398109	3397641	3993693	0	0	2482176	4096	0	0	
237568	737280	0	0	0	0	0	3401838	3401679	3998115	0	0	1011712	24576	0	0	15728640	237568	737280	0	0	0	0	0	3401838	3401679	3998115	0	0	1011712	24576	0	0	
237568	1892352	0	0	0	0	0	3404973	3404485	4002009	0	0	2134016	24576	0	0	15728640	237568	1892352	0	0	0	0	0	3404973	3404485	4002009	0	0	2134016	24576	0	0	
237568	2486272	0	0	0	0	0	3414543	3413955	4013295	0	0	2863104	4096	0	0	15728640	237568	2486272	0	0	0	0	0	3414543	3413955	4013295	0	0	2863104	4096	0	0	
237568	1536000	0	0	0	0	0	3421407	3420994	4021380	0	0	1724416	24576	0	0	15728640	237568	1536000	0	0	0	0	0	3421407	3420994	4021380	0	0	1724416	24576	0	0	
237568	2609152	0	0	0	0	0	3427677	3427081	4028739	0	0	2859008	24576	0	0	15728640	237568	2609152	0	0	0	0	0	3427677	3427081	4028739	0	0	2859008	24576	0	0	
102400	1822720	0	0	0	0	0	3434343	3433923	4036461	0	0	2134016	4096	0	0	15728640	102400	1822720	0	0	0	0	0	3434343	3433923	4036461	0	0	2134016	4096	0	0	
102400	2703360	0	0	0	0	0	3441438	3440780	4044810	0	0	2875392	4096	0	0	15728640	102400	2703360	0	0	0	0	0	3441438	3440780	4044810	0	0	2875392	4096	0	0	
102400	1929216	0	0	0	0	0	3448533	3448079	4053126	0	0	2138112	24576	0	0	15728640	102400	1929216	0	0	0	0	0	3448533	3448079	4053126	0	0	2138112	24576	0	0	
102400	1814528	0	0	0	0	0	3455562	3455163	4061442	0	0	2129920	4096	0	0	15728640	102400	1814528	0	0	0	0	0	3455562	3455163	4061442	0	0	2129920	4096	0	0	
102400	1888256	0	0	0	0	0	3463218	3462797	4070385	0	0	2129920	4096	0	0	15728640	102400	1888256	0	0	0	0	0	3463218	3462797	4070385	0	0	2129920	4096	0	0	
102400	684032	0	0	0	0	0	3463251	3463091	4070583	0	0	1007616	24576	0	0	15728640	102400	684032	0	0	0	0	0	3463251	3463091	4070583	0	0	1007616	24576	0	0	
102400	1810432	0	0	0	0	0	3471171	3470805	4080186	0	0	2072576	4096	0	0	15728640	102400	1810432	0	0	0	0	0	3471171	3470805	4080186	0	0	2072576	4096	0	0	
102400	1978368	0	0	0	0	0	3479025	3478593	4089261	0	0	2117632	4096	0	0	15728640	102400	1978368	0	0	0	0	0	3479025	3478593	4089261	0	0	2117632	4096	0	0	
102400	1970176	0	0	0	0	0	3486120	3485715	4097643	0	0	2138112	24576	0	0	15728640	102400	1970176	0	0	0	0	0	3486120	3485715	4097643	0	0	2138112	24576	0	0	
102400	2039808	0	0	0	0	0	3494238	3493800	4107213	0	0	2129920	24576	0	0	15728640	102400	2039808	0	0	0	0	0	3494238	3493800	4107213	0	0	2129920	24576	0	0	
102400	2437120	0	0	0	0	0	3501795	3501181	4116123	0	0	2863104	4096	0	0	15728640	102400	2437120	0	0	0	0	0	3501795	3501181	4116123	0	0	2863104	4096	0	0	
102400	2551808	0	0	0	0	0	3509946	3509290	4125627	0	0	2879488	4096	0	0	15728640	102400	2551808	0	0	0	0	0	3509946	3509290	4125627	0	0	2879488	4096	0	0	
102400	2150400	0	0	0	0	0	3518955	3518464	4136154	0	0	2351104	4096	0	0	15728640	102400	2150400	0	0	0	0	0	3518955	3518464	4136154	0	0	2351104	4096	0	0	
102400	1781760	0	0	0	0	0	3527502	3527029	4146252	0	0	2138112	24576	0	0	15728640	102400	1781760	0	0	0	0	0	3527502	3527029	4146252	0	0	2138112	24576	0	0	
102400	1888256	0	0	0	0	0	3533244	3532824	4152984	0	0	2138112	24576	0	0	15728640	102400	1888256	0	0	0	0	0	3533244	3532824	4152984	0	0	2138112	24576	0	0	
102400	1351680	0	0	0	0	0	3540504	3540199	4161597	0	0	1548288	24576	0	0	15728640	102400	1351680	0	0	0	0	0	3540504	3540199	4161597	0	0	1548288	24576	0	0	
102400	1810432	0	0	0	0	0	3547434	3546990	4169682	0	0	2129920	4096	0	0	15728640	102400	1810432	0	0	0	0	0	3547434	3546990	4169682	0	0	2129920	4096	0	0	
102400	1904640	0	0	0	0	0	3554529	3554072	4177965	0	0	2134016	4096	0	0	15728640	102400	1904640	0	0	0	0	0	3554529	3554072	4177965	0	0	2134016	4096	0	0	
102400	2428928	0	0	0	0	0	3561657	3560979	4186281	0	0	2863104	4096	0	0	15728640	102400	2428928	0	0	0	0	0	3561657	3560979	4186281	0	0	2863104	4096	0	0	
102400	2600960	0	0	0	0	0	3570732	3570124	4196973	0	0	2818048	4096	0	0	15728640	102400	2600960	0	0	0	0	0	3570732	3570124	4196973	0	0	2818048	4096	0	0	
102400	2572288	0	0	0	0	0	3579906	3579259	4207698	0	0	2879488	4096	0	0	15728640	102400	2572288	0	0	0	0	0	3579906	3579259	4207698	0	0	2879488	4096	0	0	
102400	1961984	0	0	0	0	0	3586440	3586047	4215486	0	0	2129920	24576	0	0	15728640	102400	1961984	0	0	0	0	0	3586440	3586047	4215486	0	0	2129920	24576	0	0	
102400	1806336	0	0	0	0	0	3594624	3594157	4224957	0	0	2125824	4096	0	0	15728640	102400	1806336	0	0	0	0	0	3594624	3594157	4224957	0	0	2125824	4096	0	0	
102400	2007040	0	0	0	0	0	3603204	3602783	4235088	0	0	2129920	4096	0	0	15728640	102400	2007040	0	0	0	0	0	3603204	3602783	4235088	0	0	2129920	4096	0	0	
102400	2662400	0	0	0	0	0	3610761	3610160	4243965	0	0	2867200	24576	0	0	15728640	102400	2662400	0	0	0	0	0	3610761	3610160	4243965	0	0	2867200	24576	0	0	
102400	2064384	0	0	0	0	0	3617394	3616945	4251720	0	0	2134016	4096	0	0	15728640	102400	2064384	0	0	0	0	0	3617394	3616945	4251720	0	0	2134016	4096	0	0	
102400	1937408	0	0	0	0	0	3624984	3624570	4260696	0	0	2129920	4096	0	0	15728640	102400	1937408	0	0	0	0	0	3624984	3624570	4260696	0	0	2129920	4096	0	0	
102400	1998848	0	0	0	0	0	3634620	3634178	4272015	0	0	2138112	24576	0	0	15728640	102400	1998848	0	0	0	0	0	3634620	3634178	4272015	0	0	2138112	24576	0	0	
102400	1888256	0	0	0	0	0	3644256	3643786	4283235	0	0	2138112	24576	0	0	15728640	102400	1888256	0	0	0	0	0	3644256	3643786	4283235	0	0	2138112	24576	0	0	
102400	1835008	0	0	0	0	0	3650889	3650425	4290957	0	0	2129920	4096	0	0	15728640	102400	1835008	0	0	0	0	0	3650889	3650425	4290957	0	0	2129920	4096	0	0	
102400	2519040	0	0	0	0	0	3659436	3658812	4301121	0	0	2863104	24576	0	0	15728640	102400	2519040	0	0	0	0	0	3659436	3658812	4301121	0	0	2863104	24576	0	0	
102400	1945600	0	0	0	0	0	3666564	3666124	4309437	0	0	2142208	24576	0	0	15728640	102400	1945600	0	0	0	0	0	3666564	3666124	4309437	0	0	2142208	24576	0	0	
102400	1986560	0	0	0	0	0	3673659	3673238	4317786	0	0	2129920	4096	0	0	15728640	102400	1986560	0	0	0	0	0	3673659	3673238	4317786	0	0	2129920	4096	0	0	
102400	2498560	0	0	0	0	0	3680226	3679630	4325508	0	0	2846720	4096	0	0	15728640	102400	2498560	0	0	0	0	0	3680226	3679630	4325508	0	0	2846720	4096	0	0	
102400	2576384	0	0	0	0	0	3687321	3686692	4333791	0	0	2863104	4096	0	0	15728640	102400	2576384	0	0	0	0	0	3687321	3686692	4333791	0	0	2863104	4096	0	0	
102400	1884160	0	0	0	0	0	3697485	3696997	4345704	0	0	2129920	4096	0	0	15728640	102400	1884160	0	0	0	0	0	3697485	3696997	4345704	0	0	2129920	4096	0	0	
0	2621440	0	0	0	0	0	3707055	3706464	4357023	0	0	2867200	4096	0	0	15728640	0	2621440	0	0	0	0	0	3707055	3706464	4357023	0	0	2867200	4096	0	0	
0	1875968	0	0	0	0	0	3714744	3714278	4365933	0	0	2125824	24576	0	0	15728640	0	1875968	0	0	0	0	0	3714744	3714278	4365933	0	0	2125824	24576	0	0	
0	1921024	0	0	0	0	0	3723291	3722849	4376064	0	0	2129920	4096	0	0	15728640	0	1921024	0	0	0	0	0	3723291	3722849	4376064	0	0	2129920	4096	0	0	
0	2641920	0	0	0	0	0	3729891	3729216	4383819	0	0	2863104	4096	0	0	15728640	0	2641920	0	0	0	0	0	3729891	3729216	4383819	0	0	2863104	4096	0	0	
0	1826816	0	0	0	0	0	3736293	3735817	4391343	0	0	2088960	4096	0	0	15728640	0	1826816	0	0	0	0	0	3736293	3735817	4391343	0	0	2088960	4096	0	0	
0	1814528	0	0	0	0	0	3743553	3743168	4399824	0	0	2129920	4096	0	0	15728640	0	1814528	0	0	0	0	0	3743553	3743168	4399824	0	0	2129920	4096	0	0	
0	1884160	0	0	0	0	0	3752232	3751742	4409955	0	0	2134016	4096	0	0	15728640	0	1884160	0	0	0	0	0	3752232	3751742	4409955	0	0	2134016	4096	0	0	
0	2564096	0	0	0	0	0	3761835	3761198	4421274	0	0	2813952	4096	0	0	15728640	0	2564096	0	0	0	0	0	3761835	3761198	4421274	0	0	2813952	4096	0	0	
0	2002944	0	0	0	0	0	3771735	3771324	4432989	0	0	2072576	24576	0	0	15728640	0	2002944	0	0	0	0	0	3771735	3771324	4432989	0	0	2072576	24576	0	0	
0	1941504	0	0	0	0	0	3778533	3778148	4440876	0	0	2129920	4096	0	0	15728640	0	1941504	0	0	0	0	0	3778533	3778148	4440876	0	0	2129920	4096	0	0	
0	2453504	0	0	0	0	0	3786651	3786070	4450446	0	0	2867200	24576	0	0	15728640	0	2453504	0	0	0	0	0	3786651	3786070	4450446	0	0	2867200	24576	0	0	
0	2060288	0	0	0	0	0	3794307	3793867	4459356	0	0	2129920	4096	0	0	15728640	0	2060288	0	0	0	0	0	3794307	3793867	4459356	0	0	2129920	4096	0	0	
0	2691072	0	0	0	0	0	3802359	3801727	4468860	0	0	2859008	4096	0	0	15728640	0	2691072	0	0	0	0	0	3802359	3801727	4468860	0	0	2859008	4096	0	0	
0	942080	0	0	0	0	0	3808563	3808345	4476120	0	0	1142784	24576	0	0	15728640	0	942080	0	0	0	0	0	3808563	3808345	4476120	0	0	1142784	24576	0	0	
0	2555904	0	0	0	0	0	3817110	3816448	4486119	0	0	2867200	4096	0	0	15728640	0	2555904	0	0	0	0	0	3817110	3816448	4486119	0	0	2867200	4096	0	0	
0	2039808	0	0	0	0	0	3826680	3826273	4497372	0	0	2134016	4096	0	0	15728640	0	2039808	0	0	0	0	0	3826680	3826273	4497372	0	0	2134016	4096	0	0	
0	2551808	0	0	0	0	0	3835326	3834678	4507536	0	0	2863104	4096	0	0	15728640	0	2551808	0	0	0	0	0	3835326	3834678	4507536	0	0	2863104	4096	0	0	
0	1933312	0	0	0	0	0	3842949	3842475	4516413	0	0	2138112	24576	0	0	15728640	0	1933312	0	0	0	0	0	3842949	3842475	4516413	0	0	2138112	24576	0	0	
0	1888256	0	0	0	0	0	3850011	3849609	4524762	0	0	2129920	4096	0	0	15728640	0	1888256	0	0	0	0	0	3850011	3849609	4524762	0	0	2129920	4096	0	0	
0	704512	0	0	0	0	0	3857172	3856963	4533210	0	0	1064960	24576	0	0	15728640	0	704512	0	0	0	0	0	3857172	3856963	4533210	0	0	1064960	24576	0	0	
0	2125824	0	0	0	0	0	3864234	3863786	4541427	0	0	2134016	24576	0	0	15728640	0	2125824	0	0	0	0	0	3864234	3863786	4541427	0	0	2134016	24576	0	0	
0	2605056	0	0	0	0	0	3871791	3871184	4550337	0	0	2879488	4096	0	0	15728640	0	2605056	0	0	0	0	0	3871791	3871184	4550337	0	0	2879488	4096	0	0	
0	2023424	0	0	0	0	0	3878424	3877980	4558092	0	0	2138112	24576	0	0	15728640	0	2023424	0	0	0	0	0	3878424	3877980	4558092	0	0	2138112	24576	0	0	
0	1961984	0	0	0	0	0	3887994	3887640	4569345	0	0	2134016	24576	0	0	15728640	0	1961984	0	0	0	0	0	3887994	3887640	4569345	0	0	2138112	24576	0	0	
0	1974272	0	0	0	0	0	3896706	3896210	4579542	0	0	2129920	4096	0	0	15728640	0	1974272	0	0	0	0	0	3896706	3896210	4579542	0	0	2129920	4096	0	0	
0	1966080	0	0	0	0	0	3903702	3903277	4587825	0	0	2129920	4096	0	0	15728640	0	1966080	0	0	0	0	0	3903702	3903277	4587825	0	0	2129920	4096	0	0	
0	1957888	0	0	0	0	0	3911358	3910920	4596702	0	0	2142208	24576	0	0	15728640	0	1957888	0	0	0	0	0	3911358	3910920	4596702	0	0	2142208	24576	0	0	
0	2002944	0	0	0	0	0	3918453	3918003	4605117	0	0	2138112	4096	0	0	15728640	0	2002944	0	0	0	0	0	3918453	3918003	4605117	0	0	2138112	4096	0	0	
0	2695168	0	0	0	0	0	3926076	3925424	4614027	0	0	2879488	4096	0	0	15728640	0	2695168	0	0	0	0	0	3926076	3925424	4614027	0	0	2879488	4096	0	0	
0	1716224	0	0	0	0	0	3932610	3932230	4621749	0	0	2138112	24576	0	0	15728640	0	1716224	0	0	0	0	0	3932610	3932230	4621749	0	0	2138112	24576	0	0	
0	1908736	0	0	0	0	0	3942312	3941859	4633002	0	0	2125824	4096	0	0	15728640	0	1908736	0	0	0	0	0	3942312	3941859	4633002	0	0	2125824	4096	0	0	
0	1941504	0	0	0	0	0	3950859	3950435	4643166	0	0	2129920	4096	0	0	15728640	0	1941504	0	0	0	0	0	3950859	3950435	4643166	0	0	2129920	4096	0	0	
0	2662400	0	0	0	0	0	3959010	3958363	4652670	0	0	2818048	4096	0	0	15728640	0	2662400	0	0	0	0	0	3959010	3958363	4652670	0	0	2818048	4096	0	0	
0	1892352	0	0	0	0	0	3967095	3966695	4662108	0	0	2134016	4096	0	0	15728640	0	1892352	0	0	0	0	0	3967095	3966695	4662108	0	0	2134016	4096	0	0	
0	1871872	0	0	0	0	0	3974190	3973758	4670523	0	0	2125824	4096	0	0	15728640	0	1871872	0	0	0	0	0	3974190	3973758	4670523	0	0	2125824	4096	0	0	
0	1953792	0	0	0	0	0	3981318	3980889	4678806	0	0	2138112	24576	0	0	15728640	0	1953792	0	0	0	0	0	3981318	3980889	4678806	0	0	2138112	24576	0	0	
0	1884160	0	0	0	0	0	3988380	3987929	4687155	0	0	2138112	24576	0	0	15728640	0	1884160	0	0	0	0	0	3988380	3987929	4687155	0	0	2138112	24576	0	0	
0	2564096	0	0	0	0	0	3995508	3994861	4695438	0	0	2859008	4096	0	0	15728640	0	2564096	0	0	0	0	0	3995508	3994861	4695438	0	0	2859008	4096	0	0	
0	1835008	0	0	0	0	0	4003032	4002647	4704447	0	0	2138112	24576	0	0	15728640	0	1835008	0	0	0	0	0	4003032	4002647	4704447	0	0	2138112	24576	0	0	
0	1994752	0	0	0	0	0	4012734	4012232	4715634	0	0	2129920	4096	0	0	15728640	0	1994752	0	0	0	0	0	4012734	4012232	4715634	0	0	2129920	4096	0	0	
0	1986560	0	0	0	0	0	4020258	4019886	4724676	0	0	2129920	4096	0	0	15728640	0	1986560	0	0	0	0	0	4020258	4019886	4724676	0	0	2129920	4096	0	0	
0	1892352	0	0	0	0	0	4027881	4027458	4733553	0	0	2134016	24576	0	0	15728640	0	1892352	0	0	0	0	0	4027881	4027458	4733553	0	0	2134016	24576	0	0	
0	1966080	0	0	0	0	0	4034976	4034562	4741902	0	0	2134016	4096	0	0	15728640	0	1966080	0	0	0	0	0	4034976	4034562	4741902	0	0	2134016	4096	0	0	
0	1617920	0	0	0	0	0	4042863	4042462	4751109	0	0	1798144	24576	0	0	15728640	0	1617920	0	0	0	0	0	4042863	4042462	4751109	0	0	1798144	24576	0	0	
0	1888256	0	0	0	0	0	4049661	4049277	4759128	0	0	2134016	24576	0	0	15728640	0	1888256	0	0	0	0	0	4049661	4049277	4759128	0	0	2134016	24576	0	0	
0	974848	0	0	0	0	0	4056327	4056137	4767048	0	0	1089536	24576	0	0	15728640	0	974848	0	0	0	0	0	4056327	4056137	4767048	0	0	1089536	24576	0	0	
0	2510848	0	0	0	0	0	4066359	4065755	4778763	0	0	2871296	24576	0	0	15728640	0	2510848	0	0	0	0	0	4066359	4065755	4778763	0	0	2871296	24576	0	0	
0	1933312	0	0	0	0	0	4073982	4073572	4787706	0	0	2134016	24576	0	0	15728640	0	1933312	0	0	0	0	0	4073982	4073572	4787706	0	0	2134016	24576	0	0	
0	1892352	0	0	0	0	0	4081968	4081511	4797012	0	0	2035712	4096	0	0	15728640	0	1892352	0	0	0	0	0	4081968	4081511	4797012	0	0	2035712	4096	0	0	
0	1888256	0	0	0	0	0	4089228	4088777	4805559	0	0	2134016	4096	0	0	15728640	0	1888256	0	0	0	0	0	4089228	4088777	4805559	0	0	2134016	4096	0	0	
0	2224128	0	0	0	0	0	4096686	4096163	4814403	0	0	2572288	24576	0	0	15728640	0	2224128	0	0	0	0	0	4096686	4096163	4814403	0	0	2572288	24576	0	0	
0	1994752	0	0	0	0	0	4103385	4102907	4822191	0	0	2138112	24576	0	0	15728640	0	1994752	0	0	0	0	0	4103385	4102907	4822191	0	0	2138112	24576	0	0	
0	1929216	0	0	0	0	0	4110447	4110027	4830507	0	0	2129920	4096	0	0	15728640	0	1929216	0	0	0	0	0	4110447	4110027	4830507	0	0	2129920	4096	0	0	
0	1748992	0	0	0	0	0	4116882	4116403	4838097	0	0	2162688	24576	0	0	15728640	0	1748992	0	0	0	0	0	4116882	4116403	4838097	0	0	2162688	24576	0	0	
0	1990656	0	0	0	0	0	4126188	4125720	4848954	0	0	2138112	24576	0	0	15728640	0	1990656	0	0	0	0	0	4126188	4125720	4848954	0	0	2138112	24576	0	0	
0	1941504	0	0	0	0	0	4135329	4134848	4859712	0	0	2125824	4096	0	0	15728640	0	1941504	0	0	0	0	0	4135329	4134848	4859712	0	0	2125824	4096	0	0	
0	1896448	0	0	0	135168	0	4141896	4141425	4867434	0	0	2138112	24576	0	0	15728640	0	1896448	0	0	0	135168	0	4141896	4141425	4867434	0	0	2138112	24576	0	0	
0	2555904	0	0	0	135168	0	4149948	4149356	4876938	0	0	2867200	4096	0	0	15728640	0	2555904	0	0	0	135168	0	4149948	4149356	4876938	0	0	2867200	4096	0	0	
0	1990656	0	0	0	135168	0	4158099	4157663	4886442	0	0	2125824	4096	0	0	15728640	0	1990656	0	0	0	135168	0	4158099	4157663	4886442	0	0	2125824	4096	0	0	
0	2756608	0	0	0	135168	0	4165656	4165051	4895352	0	0	2891776	4096	0	0	15728640	0	2756608	0	0	0	135168	0	4165656	4165051	4895352	0	0	2891776	4096	0	0	
0	2678784	0	0	0	135168	0	4172784	4172153	4903668	0	0	2863104	4096	0	0	15728640	0	2678784	0	0	0	135168	0	4172784	4172153	4903668	0	0	2863104	4096	0	0	
0	1810432	0	0	0	135168	0	4180374	4179904	4912611	0	0	2138112	4096	0	0	15728640	0	1810432	0	0	0	135168	0	4180374	4179904	4912611	0	0	2138112	4096	0	0	
0	2641920	0	0	0	135168	0	4190505	4189849	4924524	0	0	2863104	24576	0	0	15728640	0	2641920	0	0	0	135168	0	4190505	4189849	4924524	0	0	2863104	24576	0	0	
0	2564096	0	0	0	135168	0	4198590	4197966	4934061	0	0	2863104	4096	0	0	15728640	0	2564096	0	0	0	135168	0	4198590	4197966	4934061	0	0	2863104	4096	0	0	
0	1966080	0	0	0	135168	0	4205190	4204749	4941783	0	0	2142208	24576	0	0	15728640	0	1966080	0	0	0	135168	0	4205190	4204749	4941783	0	0	2142208	24576	0	0	
0	1994752	0	0	0	135168	0	4212252	4211866	4950099	0	0	2134016	24576	0	0	15728640	0	1994752	0	0	0	135168	0	4212252	4211866	4950099	0	0	2134016	24576	0	0	
0	1859584	0	0	0	135168	0	4219743	4219216	4958910	0	0	2170880	4096	0	0	15728640	0	1859584	0	0	0	135168	0	4219743	4219216	4958910	0	0	2170880	4096	0	0	
0	2510848	0	0	0	135168	0	4227498	4226853	4967952	0	0	2863104	4096	0	0	15728640	0	2510848	0	0	0	135168	0	4227498	4226853	4967952	0	0	2863104	4096	0	0	
0	1941504	0	0	0	135168	0	4235088	4234646	4976895	0	0	2129920	24576	0	0	15728640	0	1941504	0	0	0	135168	0	4235088	4234646	4976895	0	0	2129920	24576	0	0	
0	1810432	0	0	0	135168	0	4243008	4242562	4986234	0	0	2072576	4096	0	0	15728640	0	1810432	0	0	0	135168	0	4243008	4242562	4986234	0	0	2072576	4096	0	0	
0	1933312	0	0	0	135168	0	4252314	4251843	4997124	0	0	2138112	24576	0	0	15728640	0	1933312	0	0	0	135168	0	4252314	4251843	4997124	0	0	2138112	24576	0	0	
0	1921024	0	0	0	135168	0	4260927	4260477	5007222	0	0	2134016	24576	0	0	15728640	0	1921024	0	0	0	135168	0	4260927	4260477	5007222	0	0	2134016	24576	0	0	
0	770048	0	0	0	135168	0	4260993	4260772	5007453	0	0	995328	24576	0	0	15728640	0	770048	0	0	0	135168	0	4260993	4260772	5007453	0	0	995328	24576	0	0	
