1130496 5610 5397 7590 0 0 1220608
1032192 62271 62012 81213 0 0 1212416
1069056 116160 115942 151404 0 0 1175552
1114112 170082 169801 221496 0 0 1171456
1159168 223608 223413 291258 0 0 1220608
1282048 277464 277293 361284 0 0 1220608
1150976 331155 330890 431013 0 0 1175552
1200128 385011 384834 501171 0 0 1175552
974848 438900 438659 571230 0 0 1220608
1097728 492492 492279 640992 0 0 1171456
1093632 546678 546496 711447 0 0 1220608
1232896 600930 600689 781968 0 0 1212416
1191936 654489 654246 851763 0 0 1220608
1110016 708015 707866 921459 0 0 1183744
1130496 761640 761435 991122 0 0 1216512
1052672 815562 815356 1061313 0 0 1216512
1093632 869187 868942 1131042 0 0 1220608
1077248 923340 923096 1201497 0 0 1216512
872448 976998 976816 1271325 0 0 839680
1802240 1030821 1030440 1341450 0 0 1921024
1159168 1084446 1084242 1411179 0 0 1216512
1183744 1138335 1138078 1481271 0 0 1175552
1282048 1191960 1191678 1551033 0 0 1171456
1265664 1245849 1245641 1621125 0 0 1175552
1130496 1299738 1299535 1691250 0 0 1171456
1105920 1353330 1353163 1760979 0 0 1175552
1138688 1406922 1406746 1830741 0 0 1171456
1122304 1460811 1460574 1900899 0 0 1171456
1241088 1514403 1514182 1970562 0 0 1220608
1191936 1557798 1557557 2027091 0 0 1257472
1187840 1611753 1611461 2097051 0 0 1257472
1245184 1665972 1665725 2167374 0 0 1290240
1282048 1720158 1719910 2237697 0 0 1273856
1380352 1774410 1774174 2307987 0 0 1257472
1105920 1828299 1828043 2377815 0 0 1261568
1019904 1882254 1882021 2447544 0 0 1310720
1114112 1936473 1936272 2517735 0 0 1306624
1073152 1990725 1990477 2587827 0 0 1261568
1789952 2045010 2044576 2657952 0 0 2002944
987136 2099229 2098971 2728044 0 0 1302528
1085440 2153514 2153273 2798202 0 0 1257472
1384448 2207535 2207229 2867865 0 0 1310720
1167360 2261457 2261171 2937660 0 0 1310720
1089536 2315676 2315413 3007752 0 0 1261568
1073152 2369961 2369710 3077910 0 0 1302528
1015808 2424180 2423934 3148002 0 0 1298432
1163264 2478102 2477880 3217764 0 0 1306624
1634304 2532420 2531972 3287922 0 0 1945600
1175552 2586408 2586078 3357651 0 0 1302528
1196032 2640594 2640358 3427710 0 0 1306624
1216512 2694846 2694606 3497835 0 0 1249280
995328 2748834 2748551 3567564 0 0 1257472
1081344 2803053 2802789 3637689 0 0 1302528
1220608 2857305 2857044 3707814 0 0 1302528
1187840 2911590 2911299 3777972 0 0 1302528
1175552 2966073 2965852 3848460 0 0 1302528
1331200 3020391 3020124 3918651 0 0 1306624
1286144 3063720 3063459 3975114 0 0 1261568
1204224 3117675 3117453 4045008 0 0 1310720
1314816 3171993 3171688 4115331 0 0 1257472
905216 3225915 3225656 4185192 0 0 1208320
1097728 3280167 3279977 4255482 0 0 1261568
1134592 3334485 3334201 4325772 0 0 1257472
1277952 3388407 3388180 4395600 0 0 1253376
1191936 3442956 3442686 4466055 0 0 1306624
1089536 3497142 3496860 4536279 0 0 1257472
1122304 3551394 3551129 4606371 0 0 1257472
1134592 3605580 3605357 4676529 0 0 1249280
1265664 3659832 3659569 4746621 0 0 1306624
1073152 3714018 3713806 4816746 0 0 1265664
1191936 3768006 3767772 4886508 0 0 1310720
1163264 3822225 3821930 4956633 0 0 1306624
1134592 3876147 3875897 5026362 0 0 1302528
1048576 3930696 3930449 5096916 0 0 1306624
1126400 3984915 3984686 5167008 0 0 1306624
1216512 4039431 4039201 5237595 0 0 1306624
1171456 4093386 4093083 5307324 0 0 1261568
1101824 4147572 4147300 5377350 0 0 1306624
1146880 4201791 4201560 5447475 0 0 1302528
978944 4256307 4256067 5518095 0 0 1306624
983040 4310592 4310335 5588220 0 0 1306624
1126400 4364745 4364530 5658312 0 0 1306624
1241088 4418667 4418420 5727975 0 0 1306624
1249280 4472919 4472658 5798100 0 0 1302528
1310720 4527171 4526894 5868192 0 0 1261568
1253376 4570863 4570546 5925084 0 0 1310720
1339392 4625049 4624780 5995341 0 0 1257472
1196032 4679268 4679068 6065631 0 0 1302528
1277952 4733520 4733250 6135921 0 0 1261568
1138688 4787442 4787180 6205914 0 0 1306624
1171456 4841694 4841456 6276171 0 0 1306624
1187840 4895583 4895368 6346065 0 0 1306624
1163264 4949802 4949555 6416355 0 0 1257472
1130496 5003988 5003740 6486711 0 0 1306624
1187840 5058141 5057942 6557001 0 0 1294336
1155072 5112360 5112075 6627225 0 0 1249280
1404928 5166546 5166297 6697548 0 0 1261568
1187840 5220765 5220497 6767805 0 0 1302528
1163264 5274918 5274637 6838062 0 0 1257472
1294336 5329104 5328841 6908352 0 0 1302528
1187840 5383323 5383036 6978708 0 0 1306624
1126400 5437773 5437512 7049328 0 0 1302528
1216512 5491959 5491689 7119618 0 0 1257472
1421312 5546343 5546041 7190271 0 0 1658880
1130496 5600397 5600082 7260198 0 0 1261568
1081344 5654847 5654608 7330884 0 0 1302528
1142784 5709033 5708828 7401240 0 0 1302528
1224704 5763285 5763029 7471563 0 0 1302528
983040 5817702 5817512 7542282 0 0 1257472
1261568 5871624 5871428 7612077 0 0 1261568
1257472 5925843 5925562 7682400 0 0 1298432
1089536 5979765 5979442 7752327 0 0 1306624
991232 6033588 6033386 7822221 0 0 1298432
901120 6084804 6084625 7888815 0 0 991232
1134592 6131136 6130870 7949073 0 0 1306624
1318912 6185355 6185108 8019330 0 0 1310720
860160 6239904 6239625 8090082 0 0 1261568
1093632 6294090 6293842 8160306 0 0 1306624
1253376 6348309 6347992 8230695 0 0 1257472
1122304 6402132 6401908 8300556 0 0 1245184
1179648 6456285 6456008 8370879 0 0 1294336
1744896 6512121 6511714 8443545 0 0 1945600
1056768 6565944 6565691 8513439 0 0 1306624
1249280 6620031 6619759 8583696 0 0 1261568
1134592 6673788 6673586 8653623 0 0 1282048
1261568 6728205 6727975 8724342 0 0 1306624
1105920 6781995 6781761 8794203 0 0 1306624
1228800 6835818 6835529 8864163 0 0 1257472
1306624 6889905 6889571 8934420 0 0 1257472
1073152 6943596 6943410 9004380 0 0 1298432
1257472 6997518 6997284 9074505 0 0 1241088
1085440 7051539 7051301 9144564 0 0 1310720
1392640 7105626 7105309 9214821 0 0 1261568
1257472 7159416 7159210 9284748 0 0 1306624
1236992 7213800 7213570 9355368 0 0 1261568
1273856 7267920 7267672 9425724 0 0 1306624
1359872 7321974 7321732 9496014 0 0 1302528
1544192 7375764 7375505 9565941 0 0 1306624
1318912 7429917 7429617 9636231 0 0 1306624
1224704 7483674 7483398 9706125 0 0 1302528
1179648 7537728 7537494 9776415 0 0 1257472
1048576 7591914 7591563 9846738 0 0 1261568
1146880 7634979 7634715 9902805 0 0 1306624
937984 7689066 7688783 9972501 0 0 1306624
1175552 7743450 7743219 10042593 0 0 1261568
1081344 7797933 7797629 10112718 0 0 1261568
1028096 7852284 7852077 10182810 0 0 1302528
815104 7906371 7906082 10252572 0 0 1306624
1040384 7960854 7960641 10322895 0 0 1200128
831488 8015271 8015013 10392921 0 0 1085440
1150976 8070150 8069948 10463706 0 0 1257472
999424 8124534 8124354 10533798 0 0 1298432
1040384 8179017 8178713 10603923 0 0 1261568
864256 8233401 8233087 10674048 0 0 1306624
1126400 8288049 8287820 10744602 0 0 1302528
937984 8342466 8342184 10814661 0 0 1290240
1122304 8396850 8396567 10884819 0 0 1261568
1294336 8451003 8450684 10954581 0 0 1302528
1032192 8505321 8505094 11024607 0 0 1257472
1212416 8559375 8559166 11094402 0 0 1261568
983040 8613825 8613523 11164527 0 0 1261568
1093632 8667813 8667632 11234157 0 0 1257472
1245184 8721966 8721720 11303985 0 0 1306624
1286144 8776317 8776073 11374143 0 0 1306624
1036288 8830470 8830165 11443806 0 0 1257472
1056768 8884854 8884545 11513931 0 0 1302528
921600 8939172 8938944 11584089 0 0 1261568
823296 8993391 8993128 11653950 0 0 1089536
1064960 9047676 9047415 11723943 0 0 1261568
1171456 9101730 9101521 11793672 0 0 1261568
1200128 9145521 9145265 11850498 0 0 1306624
1163264 9199608 9199385 11920392 0 0 1261568
1163264 9254058 9253810 11990682 0 0 1261568
1036288 9308343 9308177 12061005 0 0 1298432
1212416 9362760 9362485 12131328 0 0 1306624
1048576 9417144 9416917 12201585 0 0 1302528
1146880 9471528 9471263 12271908 0 0 1302528
1105920 9525648 9525376 12341835 0 0 1310720
1118208 9580329 9580050 12412488 0 0 1261568
1085440 9634350 9634087 12482481 0 0 1257472
1081344 9688734 9688467 12552705 0 0 1273856
1044480 9742788 9742539 12622500 0 0 1302528
1064960 9797139 9796915 12692922 0 0 1306624
1159168 9851490 9851287 12763146 0 0 1306624
983040 9905907 9905670 12833436 0 0 1310720
1155072 9960258 9960048 12903792 0 0 1310720
1175552 10014312 10014048 12973686 0 0 1306624
1130496 10068696 10068477 13043943 0 0 1302528
1118208 10123080 10122839 13114233 0 0 1302528
1146880 10177431 10177238 13184556 0 0 1302528
1187840 10231518 10231255 13254417 0 0 1306624
1249280 10285935 10285635 13324707 0 0 1310720
1019904 10339923 10339725 13394601 0 0 1253376
1077248 10394043 10393789 13464495 0 0 1298432
1097728 10448361 10448132 13534818 0 0 1261568
1187840 10502745 10502459 13605108 0 0 1306624
1064960 10557129 10556883 13675398 0 0 1302528
1155072 10611810 10611536 13746084 0 0 1310720
823296 10660353 10660183 13809081 0 0 1003520
1216512 10709589 10709295 13872771 0 0 1302528
1953792 10763940 10763400 13942896 0 0 2052096
1163264 10818258 10818048 14013054 0 0 1306624
1159168 10872642 10872405 14083245 0 0 1306624
1138688 10926960 10926726 14153304 0 0 1261568
1200128 10981311 10981074 14223495 0 0 1298432
1249280 11035695 11035453 14293521 0 0 1306624
1060864 11090046 11089794 14363613 0 0 1257472
1220608 11144067 11143852 14433375 0 0 1310720
1159168 11198451 11198195 14503467 0 0 1245184
1212416 11252505 11252232 14573163 0 0 1306624
1245184 11306559 11306291 14642925 0 0 1302528
958464 11360943 11360699 14713017 0 0 1257472
1171456 11415261 11415021 14783175 0 0 1261568
1200128 11469909 11469639 14853696 0 0 1257472
1163264 11524293 11524075 14923854 0 0 1261568
983040 11578611 11578374 14993913 0 0 1298432
1138688 11632698 11632455 15063675 0 0 1208320
1335296 11687082 11686842 15133767 0 0 1306624
1155072 11741763 11741540 15204288 0 0 1245184
1142784 11795784 11795532 15274017 0 0 1306624
1126400 11850498 11850241 15344472 0 0 1298432
954368 11904882 11904599 15414663 0 0 1257472
1323008 11958936 11958680 15484326 0 0 1257472
1032192 12013287 12013030 15554484 0 0 1261568
1089536 12067671 12067339 15624510 0 0 1257472
1110016 12122286 12122023 15695064 0 0 1294336
1159168 12176406 12176128 15764826 0 0 1306624
1314816 12219702 12219451 15821223 0 0 1261568
1138688 12274449 12274250 15892140 0 0 1257472
950272 12328635 12328396 15962265 0 0 1261568
1073152 12382755 12382530 16032390 0 0 1257472
1191936 12436644 12436399 16102119 0 0 1306624
1216512 12491061 12490855 16172607 0 0 1286144
1232896 12544983 12544721 16242336 0 0 1261568
1101824 12599202 12598931 16312428 0 0 1257472
1093632 12653091 12652827 16382157 0 0 1302528
1081344 12707343 12707025 16452315 0 0 1302528
1269760 12761199 12761010 16522077 0 0 1257472
1298432 12815088 12814867 16591773 0 0 1302528
1196032 12869340 12869114 16661931 0 0 1306624
1200128 12923262 12922977 16731594 0 0 1306624
1257472 12977217 12976929 16801323 0 0 1302528
1273856 13031370 13031155 16871415 0 0 1306624
1077248 13085589 13085336 16941639 0 0 1257472
1183744 13139511 13139250 17011335 0 0 1306624
1421312 13193664 13193471 17081493 0 0 1306624
1155072 13247949 13247611 17151519 0 0 1306624
1236992 13302102 13301867 17221677 0 0 1302528
1146880 13356288 13356066 17291835 0 0 1257472
1204224 13410540 13410240 17361927 0 0 1306624
1232896 13464396 13464171 17431656 0 0 1257472
1228800 13518648 13518402 17501715 0 0 1306624
1073152 13572867 13572621 17571906 0 0 1302528
1232896 13627053 13626770 17641998 0 0 1298432
983040 13682460 13682257 17713674 0 0 1306624
1187840 13726152 13725941 17770533 0 0 1306624
1077248 13780404 13780169 17840823 0 0 1302528
1183744 13834755 13834463 17911047 0 0 1257472
1134592 13889007 13888768 17981370 0 0 1306624
1306624 13942962 13942776 18051264 0 0 1257472
1126400 13997280 13997079 18121554 0 0 1257472
1323008 14051565 14051360 18191745 0 0 1261568
1097728 14105784 14105509 18261837 0 0 1249280
1191936 14160036 14159804 18331995 0 0 1257472
1077248 14214024 14213684 18401691 0 0 1302528
1114112 14268210 14267953 18471783 0 0 1310720
1261568 14322462 14322194 18541908 0 0 1306624
1093632 14376648 14376450 18612033 0 0 1306624
1224704 14430438 14430164 18681597 0 0 1257472
1155072 14484624 14484355 18751524 0 0 1257472
942080 14538513 14538253 18821220 0 0 1261568
1249280 14593095 14592825 18891708 0 0 1257472
1191936 14647017 14646766 18961437 0 0 1261568
1150976 14701236 14701005 19031496 0 0 1261568
1183744 14755488 14755219 19101687 0 0 1261568
1261568 14809410 14809170 19171416 0 0 1306624
1196032 14863662 14863459 19241607 0 0 1306624
1134592 14917914 14917703 19311666 0 0 1257472
1036288 14971836 14971590 19381461 0 0 1298432
1093632 15026121 15025874 19451487 0 0 1306624
1126400 15080307 15080110 19521579 0 0 1306624
1163264 15134592 15134296 19591770 0 0 1302528
1368064 15188547 15188271 19661466 0 0 1310720
811008 15233988 15233822 19720371 0 0 999424
1044480 15286293 15286015 19788120 0 0 1302528
1150976 15340578 15340342 19858443 0 0 1306624
995328 15394929 15394743 19928667 0 0 1306624
1171456 15449346 15449060 19999023 0 0 1302528
1122304 15503664 15503377 20069280 0 0 1302528
970752 15557685 15557549 20139306 0 0 1032192
880640 15611739 15611543 20208936 0 0 962560
962560 15665991 15665762 20278962 0 0 1302528
925696 15720276 15720042 20349054 0 0 1302528
1196032 15774264 15774016 20418816 0 0 1310720
1081344 15828318 15828014 20488512 0 0 1306624
1236992 15882867 15882636 20559000 0 0 1253376
1150976 15936888 15936577 20628696 0 0 1306624
1286144 15991173 15990910 20698821 0 0 1306624
1175552 16045161 16044942 20768550 0 0 1310720
1032192 16099446 16099212 20838642 0 0 1261568
1163264 16153797 16153550 20908767 0 0 1306624
1277952 16208082 16207826 20978958 0 0 1310720
1134592 16262400 16262189 21049050 0 0 1306624
1032192 16317015 16316763 21119538 0 0 1302528
856064 16371003 16370788 21189300 0 0 925696
1314816 16425882 16425598 21260184 0 0 1310720
1179648 16480431 16480222 21330672 0 0 1257472
1204224 16534749 16534524 21400797 0 0 1257472
1044480 16589397 16589153 21471318 0 0 1302528
1220608 16643748 16643409 21541410 0 0 1261568
909312 16698000 16697745 21611568 0 0 1302528
1015808 16752285 16751991 21681627 0 0 1310720
1011712 16796175 16795922 21738552 0 0 1306624
1773568 16850724 16850287 21808842 0 0 1949696
1224704 16905306 16905105 21879198 0 0 1302528
1183744 16959921 16959679 21949521 0 0 1306624
1048576 17014800 17014573 22020174 0 0 1306624
1056768 17069679 17069428 22090893 0 0 1302528
937984 17124261 17123946 22161183 0 0 1306624
1363968 17178810 17178492 22231539 0 0 1306624
1073152 17233293 17233068 22301796 0 0 1257472
1134592 17287875 17287635 22372086 0 0 1257472
905216 17342391 17342147 22442376 0 0 1302528
1118208 17396940 17396602 22512666 0 0 1257472
987136 17451258 17451032 22582758 0 0 1081344
1036288 17506005 17505777 22653345 0 0 1306624
1847296 17561115 17560767 22724361 0 0 1994752
974848 17616951 17616734 22796268 0 0 1253376
1155072 17671434 17671234 22866591 0 0 1257472
1060864 17725983 17725788 22936815 0 0 1306624
1101824 17780202 17779978 23006709 0 0 1302528
1138688 17834718 17834513 23077065 0 0 1306624
1232896 17889234 17889017 23147256 0 0 1302528
1089536 17943783 17943540 23217546 0 0 1302528
1044480 17998068 17997739 23287440 0 0 1302528
966656 18052254 18051997 23357367 0 0 1257472
892928 18106803 18106546 23427690 0 0 1306624
950272 18161319 18161065 23498013 0 0 1298432
1036288 18215835 18215601 23568270 0 0 1302528
966656 18270384 18270156 23638626 0 0 1302528
1032192 18313713 18313464 23694726 0 0 1257472
1376256 18368196 18367892 23764917 0 0 1490944
1175552 18422547 18422319 23834976 0 0 1302528
1089536 18476832 18476535 23904870 0 0 1261568
1142784 18531381 18531110 23975193 0 0 1306624
1028096 18585633 18585411 24045120 0 0 1302528
1134592 18640149 18639903 24115344 0 0 1302528
1298432 18694665 18694390 24185733 0 0 1310720
1011712 18749181 18748934 24256056 0 0 1306624
1228800 18803631 18803397 24326412 0 0 1302528
1077248 18857850 18857603 24396273 0 0 1302528
1163264 18912333 18912031 24466563 0 0 1306624
1138688 18966783 18966532 24536820 0 0 1302528
921600 19021266 19021031 24607110 0 0 1302528
1232896 19075518 19075239 24677070 0 0 1302528
1015808 19130265 19130014 24747756 0 0 1302528
1224704 19184715 19184546 24818046 0 0 1302528
1921024 19238934 19238539 24887907 0 0 2052096
1040384 19294077 19293798 24959022 0 0 1261568
958464 19348560 19348276 25029345 0 0 1294336
1122304 19402713 19402517 25099305 0 0 1306624
1191936 19457559 19457342 25169925 0 0 1306624
1753088 19512075 19511595 25240248 0 0 1949696
1118208 19566261 19566021 25310142 0 0 1306624
1282048 19620711 19620506 25380366 0 0 1306624
1077248 19675227 19674985 25450689 0 0 1310720
716800 19729743 19729614 25521177 0 0 1056768
880640 19784226 19784019 25591269 0 0 1306624
1011712 19828116 19827798 25648260 0 0 1302528
1081344 19882533 19882261 25718418 0 0 1302528
1110016 19936620 19936379 25788081 0 0 1257472
917504 19990674 19990402 25857777 0 0 1306624
1138688 20045091 20044856 25927968 0 0 1302528
1478656 20099145 20098767 25997631 0 0 1658880
1077248 20153265 20153010 26067459 0 0 1310720
872448 20207715 20207377 26137584 0 0 1302528
1273856 20261736 20261488 26207280 0 0 1306624
1118208 20316087 20315873 26277438 0 0 1306624
1122304 20370504 20370315 26347497 0 0 1302528
1294336 20424921 20424680 26417589 0 0 1302528
999424 20479635 20479363 26488176 0 0 1261568
1060864 20534052 20533816 26558301 0 0 1302528
1175552 20588139 20587865 26628030 0 0 1257472
1077248 20642853 20642589 26698584 0 0 1306624
1028096 20697171 20696976 26768676 0 0 1306624
1011712 20751588 20751366 26838834 0 0 1298432
1118208 20806236 20806095 26909355 0 0 1261568
1327104 20860686 20860428 26979480 0 0 1302528
1155072 20914773 20914559 27049242 0 0 1306624
1024000 20969190 20968903 27119301 0 0 1261568
1118208 21023277 21022927 27189030 0 0 1257472
1089536 21077628 21077421 27259122 0 0 1232896
1179648 21131748 21131473 27328884 0 0 1298432
1224704 21186066 21185919 27398976 0 0 1257472
1052672 21240483 21240237 27469068 0 0 1310720
1638400 21294867 21294426 27539226 0 0 1949696
978944 21348921 21348773 27608988 0 0 1302528
1232896 21392316 21392050 27665484 0 0 1257472
1232896 21446535 21446314 27735840 0 0 1257472
1064960 21500424 21500130 27805701 0 0 1306624
1110016 21554544 21554376 27876024 0 0 1261568
1286144 21608796 21608520 27946347 0 0 1302528
1228800 21662685 21662464 28016208 0 0 1253376
1327104 21716871 21716635 28086564 0 0 1302528
1085440 21770760 21770492 28156491 0 0 1261568
1007616 21824979 21824699 28226748 0 0 1306624
1171456 21879165 21878922 28297038 0 0 1306624
1105920 21933054 21932813 28366932 0 0 1261568
1175552 21987537 21987278 28437618 0 0 1253376
1380352 22041459 22041228 28507545 0 0 1302528
1081344 22095645 22095407 28577835 0 0 1302528
1093632 22149534 22149219 28647729 0 0 1310720
1204224 22203654 22203437 28717986 0 0 1306624
1105920 22257576 22257325 28787946 0 0 1257472
1470464 22311663 22311387 28858170 0 0 1531904
1269760 22365684 22365456 28928163 0 0 1310720
1093632 22419870 22419642 28998519 0 0 1306624
1105920 22473726 22473507 29068446 0 0 1257472
937984 22528275 22527996 29139066 0 0 1241088
1773568 22582461 22581986 29209323 0 0 1998848
1298432 22636317 22636092 29279316 0 0 1306624
1171456 22690569 22690297 29349606 0 0 1310720
1056768 22744986 22744838 29420292 0 0 1257472
1056768 22799238 22799024 29490681 0 0 1302528
1191936 22853127 22852910 29560509 0 0 1306624
