1126400 5643 5398 7557 0 0 1220608
1081344 62832 62634 81873 0 0 1220608
1695744 117381 116927 152592 0 0 1863680
1187840 170049 169821 220935 0 0 1216512
1036288 225192 224907 292446 0 0 1175552
880640 281259 281019 365310 0 0 1003520
1769472 336270 335821 436689 0 0 1908736
1093632 391413 391159 508200 0 0 1216512
1134592 447117 446864 580536 0 0 1171456
1359872 501270 500995 650859 0 0 1437696
1142784 554004 553698 719202 0 0 1171456
1810432 607464 607024 788733 0 0 1576960
1028096 660231 660019 857175 0 0 1126400
1171456 714417 714174 927465 0 0 1212416
1101824 767745 767523 996600 0 0 1175552
1306624 822558 822231 1067715 0 0 1122304
1171456 877041 876765 1138500 0 0 1220608
1044480 932085 931870 1209945 0 0 1220608
1208320 986568 986340 1280631 0 0 1175552
1081344 1039302 1039063 1349073 0 0 1220608
1294336 1093224 1092971 1419000 0 0 1220608
1306624 1149522 1149267 1492062 0 0 1175552
1134592 1205523 1205280 1564695 0 0 1220608
1003520 1261821 1261605 1637823 0 0 1220608
1093632 1317855 1317624 1710555 0 0 1216512
1003520 1374483 1374240 1784013 0 0 1171456
1208320 1430814 1430520 1857042 0 0 1216512
1015808 1487376 1487156 1930566 0 0 1163264
1110016 1532355 1532181 1989240 0 0 1298432
1167360 1588455 1588154 2061708 0 0 1257472
1126400 1644753 1644560 2134572 0 0 1302528
1069056 1701150 1700893 2207436 0 0 1298432
1105920 1756557 1756305 2279079 0 0 1302528
1794048 1812591 1812170 2351613 0 0 1978368
1126400 1868955 1868713 2424312 0 0 1306624
1159168 1925319 1925106 2496978 0 0 1302528
1499136 1982079 1981635 2570007 0 0 1986560
995328 2038113 2037889 2642409 0 0 1257472
1003520 2092695 2092469 2712666 0 0 1257472
1318912 2147838 2147649 2783913 0 0 1257472
1204224 2202750 2202465 2854632 0 0 1306624
1822720 2258454 2258005 2926539 0 0 1949696
1028096 2314587 2314350 2998875 0 0 1261568
1216512 2369466 2369249 3069561 0 0 1302528
1871872 2426127 2425722 3142590 0 0 1945600
1056768 2481336 2481019 3213771 0 0 1257472
1179648 2534334 2534121 3282114 0 0 1306624
1765376 2588289 2587814 3351678 0 0 1949696
1159168 2642805 2642590 3422067 0 0 1306624
1110016 2696199 2695924 3490773 0 0 1302528
1163264 2751969 2751692 3562680 0 0 1310720
1122304 2806221 2805987 3632706 0 0 1261568
1126400 2859846 2859598 3701841 0 0 1306624
1044480 2914989 2914768 3772956 0 0 1302528
1011712 2971683 2971431 3846018 0 0 1261568
1363968 3028311 3027905 3919047 0 0 1949696
1257472 3073521 3073310 3977787 0 0 1302528
1089536 3130248 3130063 4051080 0 0 1302528
1048576 3186381 3186139 4123581 0 0 1302528
1204224 3242778 3242520 4196478 0 0 1261568
921600 3299769 3299510 4270167 0 0 1302528
1097728 3355803 3355588 4342569 0 0 1257472
1241088 3412464 3412307 4415697 0 0 1302528
1118208 3469752 3469554 4489518 0 0 1302528
880640 3525786 3525589 4561788 0 0 1302528
1208320 3580632 3580389 4632540 0 0 1261568
962560 3636369 3636104 4704414 0 0 1257472
1298432 3691479 3691264 4775496 0 0 1261568
1155072 3746655 3746463 4846644 0 0 1306624
978944 3803646 3803497 4920333 0 0 1085440
1863680 3859944 3859533 4992801 0 0 2052096
1167360 3915153 3914862 5064015 0 0 1261568
1101824 3970560 3970315 5135460 0 0 1302528
937984 4027551 4027329 5208984 0 0 1306624
1011712 4083849 4083640 5281683 0 0 1298432
1159168 4140543 4140284 5354778 0 0 1257472
1073152 4195950 4195716 5426322 0 0 1249280
1196032 4252017 4251812 5498625 0 0 1261568
1052672 4306896 4306676 5569344 0 0 1261568
1781760 4363260 4362792 5642010 0 0 1990656
1085440 4418634 4418370 5713587 0 0 1306624
1134592 4473777 4473588 5784669 0 0 1298432
1150976 4530141 4529927 5857368 0 0 1306624
1138688 4574724 4574460 5915250 0 0 1261568
1077248 4629900 4629633 5986596 0 0 1302528
1134592 4685967 4685675 6059097 0 0 1261568
1114112 4742595 4742362 6132324 0 0 1302528
991232 4798992 4798729 6205221 0 0 1253376
1179648 4854696 4854486 6277227 0 0 1306624
1167360 4911060 4910835 6350124 0 0 1310720
1224704 4965807 4965574 6420975 0 0 1257472
1028096 5019432 5019158 6490374 0 0 1302528
1208320 5075400 5075203 6562842 0 0 1257472
1200128 5130873 5130606 6634584 0 0 1306624
1036288 5185950 5185665 6705864 0 0 1261568
1245184 5239806 5239567 6775560 0 0 1306624
1294336 5295510 5295302 6847632 0 0 1310720
1196032 5351874 5351647 6920562 0 0 1294336
1105920 5408205 5407950 6993393 0 0 1298432
999424 5463942 5463670 7065531 0 0 1302528
1720320 5520174 5519781 7138362 0 0 1990656
970752 5575647 5575398 7210071 0 0 1298432
1556480 5631945 5631543 7283001 0 0 1945600
1134592 5687682 5687404 7355073 0 0 1261568
1052672 5744013 5743674 7427970 0 0 1306624
1085440 5799420 5799132 7499646 0 0 1261568
1015808 5854794 5854532 7571355 0 0 1257472
1122304 5909904 5909600 7642701 0 0 1310720
1003520 5963232 5962921 7711605 0 0 1306624
1183744 6018870 6018656 7783611 0 0 1302528
1028096 6074541 6074345 7855749 0 0 1306624
1085440 6119388 6119201 7914126 0 0 1302528
970752 6174861 6174586 7985769 0 0 1306624
974848 6230004 6229697 8057082 0 0 1261568
1056768 6285741 6285430 8129187 0 0 1261568
1318912 6341148 6340899 8200962 0 0 1261568
1171456 6397182 6396921 8273364 0 0 1302528
1105920 6453348 6453137 8346294 0 0 1302528
1265664 6508986 6508694 8418399 0 0 1306624
1216512 6564888 6564649 8490834 0 0 1306624
1245184 6621120 6620858 8563698 0 0 1306624
1232896 6677352 6677107 8636595 0 0 1310720
1155072 6733254 6732972 8709096 0 0 1302528
1069056 6787671 6787392 8779617 0 0 1310720
1290240 6843210 6842972 8851722 0 0 1302528
1101824 6898287 6897999 8923002 0 0 1306624
1191936 6954156 6953922 8995503 0 0 1208320
1179648 7009761 7009517 9067575 0 0 1310720
1712128 7064442 7064074 9138525 0 0 2048000
1105920 7119783 7119558 9210300 0 0 1261568
1167360 7175388 7175179 9282273 0 0 1310720
1081344 7231653 7231385 9355170 0 0 1257472
1183744 7287819 7287624 9428034 0 0 1306624
1056768 7343787 7343558 9500502 0 0 1298432
1048576 7399095 7398835 9572211 0 0 1298432
995328 7453809 7453534 9643095 0 0 1298432
1265664 7509414 7509199 9715200 0 0 1261568
1282048 7564986 7564713 9787272 0 0 1306624
950272 7609503 7609256 9845220 0 0 1290240
970752 7665174 7664854 9916764 0 0 1257472
1110016 7722627 7722383 9990585 0 0 1298432
1085440 7779453 7779257 10063680 0 0 1261568
937984 7836312 7836079 10136742 0 0 1261568
1232896 7893435 7893229 10210200 0 0 1257472
1163264 7950294 7950074 10283295 0 0 1298432
1089536 8007120 8006857 10356423 0 0 1253376
1101824 8063352 8063078 10428627 0 0 1257472
1028096 8119551 8119326 10500963 0 0 1302528
1036288 8176080 8175852 10573662 0 0 1257472
950272 8232576 8232314 10646394 0 0 1257472
991232 8289402 8289214 10719423 0 0 1257472
987136 8345667 8345418 10791726 0 0 1302528
937984 8402460 8402169 10864887 0 0 1302528
1069056 8457471 8457273 10935573 0 0 1310720
925696 8513736 8513509 11007876 0 0 1306624
1052672 8570232 8570011 11080608 0 0 1302528
1097728 8625540 8625325 11151723 0 0 1306624
1110016 8680815 8680589 11222871 0 0 1302528
1007616 8736453 8736188 11294316 0 0 1306624
671744 8791200 8790946 11364738 0 0 925696
1687552 8846739 8846300 11436183 0 0 1961984
1007616 8903037 8902757 11508519 0 0 1302528
1069056 8959203 8958982 11580822 0 0 1261568
995328 9014544 9014309 11651937 0 0 1302528
1216512 9070413 9070186 11723844 0 0 1261568
1265664 9126381 9126073 11795718 0 0 1310720
1150976 9171393 9171108 11854062 0 0 1298432
1646592 9226668 9226214 11925408 0 0 1949696
1925120 9282504 9282121 11997414 0 0 1990656
978944 9338175 9337875 12069156 0 0 1306624
933888 9393120 9392892 12140139 0 0 1306624
1024000 9448164 9447907 12211023 0 0 1306624
1208320 9503967 9503790 12283062 0 0 1302528
933888 9559341 9559076 12354375 0 0 1257472
1036288 9615210 9614965 12426480 0 0 1298432
1077248 9670815 9670543 12498189 0 0 1306624
933888 9724836 9724612 12567885 0 0 1306624
1011712 9780771 9780491 12640023 0 0 1261568
1146880 9836343 9836111 12711699 0 0 1306624
1163264 9891948 9891674 12783441 0 0 1261568
1130496 9947487 9947298 12855084 0 0 1261568
1196032 10003125 10002849 12926760 0 0 1302528
1064960 10058763 10058492 12998469 0 0 1310720
1142784 10115226 10115022 13071366 0 0 1306624
1101824 10171128 10170875 13143438 0 0 1310720
983040 10225512 10225265 13213563 0 0 1257472
1085440 10281117 10280888 13285338 0 0 1306624
1277952 10336953 10336740 13357344 0 0 1257472
1110016 10391337 10391098 13427502 0 0 1302528
966656 10446975 10446695 13499178 0 0 1306624
1085440 10503405 10503203 13572108 0 0 1306624
1081344 10558713 10558486 13643388 0 0 1261568
978944 10614648 10614327 13715460 0 0 1306624
712704 10659858 10659646 13773969 0 0 1007616
1048576 10715166 10714919 13845414 0 0 1261568
1007616 10770441 10770146 13916529 0 0 1306624
1040384 10825980 10825760 13988007 0 0 1302528
1093632 10883103 10882879 14061465 0 0 1257472
1163264 10939302 10939018 14133768 0 0 1298432
1097728 10994841 10994555 14205312 0 0 1310720
1638400 11050743 11050310 14277219 0 0 1945600
1187840 11107272 11107024 14349852 0 0 1310720
1040384 11162481 11162277 14420967 0 0 1302528
1298432 11218713 11218430 14493303 0 0 1261568
966656 11274549 11274339 14565144 0 0 1306624
1138688 11330187 11329921 14636688 0 0 1306624
1089536 11386089 11385827 14708562 0 0 1306624
897024 11441925 11441729 14780535 0 0 1302528
1093632 11497860 11497608 14852409 0 0 1302528
966656 11553498 11553255 14923854 0 0 1302528
1110016 11609037 11608819 14995398 0 0 1302528
1138688 11664609 11664391 15066909 0 0 1306624
966656 11720181 11719911 15138420 0 0 1302528
1347584 11776149 11775818 15210294 0 0 1306624
1089536 11832018 11831741 15282300 0 0 1302528
970752 11888514 11888245 15354966 0 0 1257472
1028096 11945010 11944702 15427599 0 0 1302528
1110016 12000582 12000367 15499143 0 0 1208320
1105920 12056154 12055937 15570654 0 0 1302528
1110016 12112683 12112422 15643320 0 0 1302528
1155072 12168255 12167968 15714831 0 0 1261568
1159168 12212211 12211973 15771888 0 0 1257472
1040384 12267222 12267040 15843036 0 0 1257472
1007616 12322662 12322382 15914547 0 0 1302528
1040384 12378069 12377838 15986190 0 0 1142784
1204224 12433971 12433676 16058295 0 0 1302528
1224704 12489906 12489689 16130664 0 0 1310720
1044480 12545709 12545412 16202538 0 0 1261568
1155072 12601677 12601490 16274841 0 0 1261568
1146880 12657777 12657483 16347144 0 0 1253376
1286144 12712887 12712595 16418259 0 0 1302528
1146880 12768657 12768364 16490199 0 0 1306624
1019904 12824955 12824687 16562898 0 0 1257472
1179648 12880725 12880454 16634805 0 0 1306624
970752 12936066 12935862 16706283 0 0 1261568
1105920 12991803 12991572 16778223 0 0 1306624
1003520 13046022 13045818 16848117 0 0 1302528
1208320 13100604 13100314 16918440 0 0 1310720
872448 13155978 13155776 16989951 0 0 1249280
1974272 13212012 13211594 17062221 0 0 1945600
1134592 13267452 13267234 17133765 0 0 1306624
897024 13323222 13322966 17205606 0 0 1306624
1052672 13378662 13378408 17277183 0 0 1306624
1048576 13433508 13433225 17347935 0 0 1294336
1101824 13488915 13488639 17419446 0 0 1302528
1167360 13544652 13544423 17491353 0 0 1306624
1024000 13600059 13599825 17562831 0 0 1298432
954368 13655202 13654989 17634012 0 0 1253376
909312 13709454 13709305 17704137 0 0 1007616
1105920 13755885 13755671 17764329 0 0 1306624
1204224 13811358 13811204 17835972 0 0 1306624
1093632 13867227 13867010 17908077 0 0 1261568
1126400 13922733 13922547 17979753 0 0 1253376
1196032 13978569 13978331 18051924 0 0 1257472
1118208 14035296 14035027 18125118 0 0 1306624
1224704 14091066 14090874 18197025 0 0 1306624
983040 14146539 14146314 18268569 0 0 1310720
942080 14202309 14202106 18340443 0 0 1257472
1953792 14258112 14257636 18412383 0 0 2052096
1130496 14313519 14313282 18483960 0 0 1306624
1150976 14368332 14368209 18554646 0 0 1310720
933888 14424531 14424245 18626949 0 0 1261568
897024 14479938 14479728 18698460 0 0 1257472
1056768 14535675 14535495 18770367 0 0 1298432
1142784 14591874 14591547 18842637 0 0 1310720
1044480 14647842 14647653 18914973 0 0 1302528
794624 14703711 14703539 18986979 0 0 1060864
1085440 14759679 14759474 19059117 0 0 1298432
1159168 14814624 14814331 19129869 0 0 1310720
970752 14869371 14869151 19200555 0 0 1261568
1048576 14925504 14925270 19272924 0 0 1261568
1060864 14979756 14979533 19342851 0 0 1261568
1126400 15034635 15034339 19413504 0 0 1306624
1277952 15088821 15088550 19483497 0 0 1257472
1118208 15143700 15143415 19554249 0 0 1302528
1253376 15198513 15198257 19624902 0 0 1306624
1196032 15242205 15241949 19681629 0 0 1306624
1048576 15297480 15297226 19752909 0 0 1302528
1007616 15352128 15351877 19823463 0 0 1302528
1597440 15408294 15407835 19895931 0 0 1945600
1196032 15463569 15463337 19967244 0 0 1298432
1204224 15518844 15518590 20038590 0 0 1261568
987136 15573492 15573259 20109012 0 0 1306624
925696 15629031 15628772 20180523 0 0 1306624
1081344 15683613 15683405 20250846 0 0 1257472
942080 15738525 15738278 20321598 0 0 1261568
1236992 15794361 15794099 20393472 0 0 1302528
1130496 15851121 15850881 20466567 0 0 1306624
1032192 15906957 15906677 20538441 0 0 1306624
962560 15962463 15962207 20609985 0 0 1306624
950272 16019157 16018940 20683080 0 0 1298432
1064960 16074201 16073843 20753799 0 0 1294336
1286144 16128750 16128465 20824089 0 0 1306624
1200128 16184256 16184008 20895633 0 0 1306624
1159168 16240026 16239793 20967540 0 0 1302528
1114112 16295268 16294997 21038622 0 0 1306624
1126400 16351071 16350830 21110562 0 0 1306624
1114112 16407567 16407295 21183261 0 0 1261568
1142784 16463964 16463663 21255927 0 0 1302528
1187840 16520394 16520144 21328692 0 0 1257472
815104 16575603 16575488 21399840 0 0 929792
1302528 16631703 16631496 21472077 0 0 1306624
1024000 16687539 16687270 21543951 0 0 1310720
1056768 16743342 16743068 21615792 0 0 1306624
1339392 16788123 16787950 21673740 0 0 1302528
999424 16843068 16842813 21744261 0 0 1310720
1110016 16898871 16898616 21815970 0 0 1306624
1769472 16955565 16955158 21888900 0 0 1990656
1089536 17011401 17011169 21960642 0 0 1261568
1028096 17067501 17067261 22032648 0 0 1261568
1785856 17123535 17123101 22104753 0 0 1990656
1171456 17178678 17178472 22175670 0 0 1302528
1085440 17234811 17234540 22247808 0 0 1310720
1069056 17290878 17290586 22319880 0 0 1286144
1204224 17346252 17346045 22391127 0 0 1302528
995328 17402055 17401801 22462836 0 0 1306624
1159168 17457198 17456945 22533753 0 0 1306624
991232 17512770 17512515 22605297 0 0 1294336
1728512 17569662 17569198 22678326 0 0 1949696
1040384 17625135 17624900 22749639 0 0 1302528
987136 17680872 17680635 22821315 0 0 1269760
1085440 17737269 17736988 22893783 0 0 1306624
1748992 17792973 17792573 22965525 0 0 2002944
1085440 17848446 17848198 23036838 0 0 1306624
1159168 17904810 17904554 23109306 0 0 1306624
1265664 17961273 17960998 23181807 0 0 1302528
1069056 18017010 18016727 23253450 0 0 1302528
1175552 18071823 18071550 23323938 0 0 1261568
1167360 18128154 18127977 23396439 0 0 1257472
1187840 18183627 18183404 23467785 0 0 1302528
1236992 18239727 18239508 23539890 0 0 1310720
897024 18291504 18291313 23606682 0 0 995328
839680 18338760 18338479 23667600 0 0 1302528
856064 18394596 18394348 23739276 0 0 1310720
995328 18451554 18451394 23812602 0 0 1245184
1695744 18507687 18507294 23884641 0 0 1990656
1110016 18564414 18564185 23957505 0 0 1261568
1228800 18620250 18619954 24029181 0 0 1261568
1658880 18675624 18675169 24100527 0 0 1990656
1101824 18730470 18730159 24171048 0 0 1302528
1126400 18786801 18786502 24243549 0 0 1302528
1064960 18841845 18841578 24314433 0 0 1302528
954368 18897615 18897299 24386109 0 0 1310720
1437696 18952263 18951917 24456531 0 0 1658880
1056768 19008066 19007841 24528306 0 0 1257472
1716224 19063506 19063042 24599586 0 0 2002944
1384448 19119837 19119561 24672087 0 0 1302528
933888 19176795 19176521 24745413 0 0 1298432
888832 19233753 19233462 24818607 0 0 1302528
860160 19290942 19290718 24892329 0 0 1257472
1716224 19347603 19347219 24965193 0 0 1945600
1183744 19403901 19403695 25037694 0 0 1310720
1110016 19459374 19459077 25109007 0 0 1306624
1036288 19515375 19515181 25181112 0 0 1257472
1118208 19570452 19570267 25251963 0 0 1306624
1110016 19625958 19625715 25323309 0 0 1302528
1040384 19681596 19681391 25395018 0 0 1261568
1077248 19737366 19737091 25466727 0 0 1306624
1220608 19793070 19792831 25538403 0 0 1257472
1744896 19837785 19837388 25596318 0 0 1974272
1114112 19893720 19893547 25668159 0 0 1261568
1187840 19948467 19948198 25738515 0 0 1310720
978944 20004138 20003883 25810026 0 0 1302528
774144 20059479 20059329 25881273 0 0 937984
1081344 20114787 20114561 25952289 0 0 1302528
1691648 20170095 20169588 26023371 0 0 1998848
1024000 20226030 20225780 26095278 0 0 1261568
1081344 20281668 20281426 26166822 0 0 1261568
1110016 20337570 20337338 26238729 0 0 1298432
1130496 20392581 20392305 26309481 0 0 1261568
1015808 20447922 20447618 26380596 0 0 1306624
1118208 20503131 20502929 26451744 0 0 1310720
1122304 20559066 20558845 26523651 0 0 1306624
905216 20615298 20615052 26595954 0 0 1306624
933888 20670375 20670101 26666673 0 0 1306624
1142784 20724693 20724486 26736666 0 0 1257472
1458176 20780232 20779893 26808078 0 0 1658880
1122304 20834979 20834752 26878500 0 0 1253376
1019904 20890353 20890064 26949648 0 0 1261568
1028096 20945991 20945762 27021159 0 0 1306624
1224704 21001596 21001361 27092703 0 0 1310720
1044480 21056904 21056669 27163818 0 0 1302528
1028096 21112839 21112571 27235692 0 0 1310720
999424 21168444 21168215 27307236 0 0 1306624
1064960 21223752 21223487 27378384 0 0 1249280
1101824 21279060 21278796 27449532 0 0 1298432
970752 21333972 21333803 27520251 0 0 1310720
1220608 21377994 21377756 27577407 0 0 1306624
1142784 21433731 21433518 27649479 0 0 1306624
1183744 21489435 21489207 27721584 0 0 1257472
1236992 21544842 21544642 27793227 0 0 1298432
1847296 21600282 21599836 27865002 0 0 1994752
1175552 21656052 21655719 27937107 0 0 1298432
1110016 21710865 21710569 28007991 0 0 1298432
1101824 21765579 21765372 28078908 0 0 1261568
1126400 21821349 21821104 28151112 0 0 1306624
983040 21875865 21875589 28221501 0 0 1306624
1167360 21930315 21930090 28291989 0 0 1261568
1376256 21985788 21985428 28363731 0 0 1257472
942080 22041228 22041022 28435539 0 0 1056768
1093632 22096239 22095986 28506720 0 0 1261568
991232 22152273 22152002 28579155 0 0 1306624
1118208 22207119 22206814 28650039 0 0 1294336
1220608 22263384 22263165 28723002 0 0 1306624
1007616 22320309 22320095 28796625 0 0 1302528
1163264 22376376 22376113 28869192 0 0 1257472
954368 22431849 22431661 28941066 0 0 1257472
1122304 22486563 22486329 29011719 0 0 1306624
1220608 22542861 22542631 29084616 0 0 1261568
1036288 22597938 22597759 29155896 0 0 1257472
1048576 22651827 22651618 29225658 0 0 1257472
1609728 22706343 22705947 29296113 0 0 1949696
1089536 22760298 22759953 29365875 0 0 1302528
1011712 22813791 22813574 29435208 0 0 1261568
1007616 22867977 22867774 29505267 0 0 1257472
