1175552 6237 5995 8316 0 0 1220608
1576960 63822 63357 82797 0 0 1908736
1273856 118899 118691 154143 0 0 1216512
1036288 173415 173169 224697 0 0 1220608
1077248 227667 227340 294888 0 0 1175552
983040 281193 280989 364188 0 0 1171456
1060864 335049 334816 433917 0 0 1171456
1404928 388971 388699 503712 0 0 1212416
1150976 442596 442329 573045 0 0 1171456
1101824 496485 496193 642807 0 0 1175552
1310720 550638 550372 712965 0 0 1212416
917504 604461 604268 782694 0 0 1212416
1236992 658086 657894 852060 0 0 1220608
1069056 711975 711780 921855 0 0 1224704
1191936 765831 765637 991584 0 0 1220608
1175552 819753 819551 1061346 0 0 1175552
1024000 873312 873087 1130712 0 0 1216512
1212416 927234 927015 1200474 0 0 1216512
1060864 981156 980952 1270203 0 0 1191936
1314816 1035078 1034738 1339965 0 0 1220608
1114112 1089033 1088733 1409694 0 0 1224704
1089536 1142262 1141974 1478631 0 0 1220608
1224704 1196184 1195980 1548492 0 0 1212416
1163264 1250073 1249829 1618221 0 0 1212416
1298432 1303896 1303572 1687917 0 0 1536000
1220608 1357587 1357372 1757382 0 0 1171456
1011712 1410915 1410659 1826385 0 0 1216512
1167360 1464474 1464268 1895718 0 0 1179648
864256 1514799 1514643 1961091 0 0 925696
1196032 1561758 1561516 2021778 0 0 1257472
1171456 1615977 1615732 2091705 0 0 1302528
1200128 1669866 1669620 2161236 0 0 1302528
987136 1723788 1723570 2230767 0 0 1257472
1048576 1778007 1777813 2300793 0 0 1257472
1232896 1832523 1832318 2371050 0 0 1306624
1277952 1887402 1887179 2441538 0 0 1306624
1019904 1942875 1942631 2512917 0 0 1302528
1089536 1998942 1998736 2585121 0 0 1302528
1003520 2055702 2055487 2657985 0 0 1302528
1134592 2113320 2113042 2732037 0 0 1257472
1069056 2170575 2170319 2805693 0 0 1302528
1716224 2227896 2227428 2879382 0 0 2039808
884736 2284623 2284318 2952345 0 0 1302528
1069056 2340624 2340388 3024417 0 0 1310720
1052672 2397351 2397087 3097248 0 0 1310720
1159168 2453748 2453505 3169815 0 0 1298432
1781760 2509155 2508716 3241095 0 0 1949696
1015808 2563143 2562888 3310527 0 0 1277952
1073152 2617362 2617131 3380223 0 0 1302528
925696 2671284 2671043 3449655 0 0 1306624
1175552 2725569 2725335 3519384 0 0 1257472
1019904 2779821 2779608 3589146 0 0 1257472
1159168 2833776 2833530 3658578 0 0 1257472
1155072 2887995 2887755 3728340 0 0 1310720
1843200 2942544 2942164 3798564 0 0 1949696
1040384 2996532 2996296 3867930 0 0 1257472
1695744 3040191 3039753 3924426 0 0 1949696
1208320 3094146 3093916 3993990 0 0 1298432
1036288 3148728 3148495 4064346 0 0 1306624
1064960 3202716 3202441 4133844 0 0 1302528
1224704 3257298 3257006 4204299 0 0 1306624
1269760 3311220 3310953 4273797 0 0 1306624
974848 3365472 3365248 4343658 0 0 1302528
1171456 3419625 3419454 4413387 0 0 1302528
1142784 3473877 3473657 4483248 0 0 1302528
1228800 3528723 3528495 4553736 0 0 1261568
1130496 3582645 3582376 4623069 0 0 1298432
929792 3638085 3637840 4694481 0 0 1306624
1028096 3692337 3692065 4764243 0 0 1302528
1105920 3746589 3746300 4834038 0 0 1261568
991232 3800742 3800477 4903767 0 0 1302528
1159168 3854961 3854762 4973562 0 0 1298432
1093632 3909180 3908942 5043291 0 0 1261568
1101824 3963465 3963194 5113086 0 0 1245184
1048576 4017354 4017125 5182485 0 0 1306624
1830912 4071903 4071470 5252610 0 0 1945600
1196032 4126386 4126186 5322834 0 0 1306624
1204224 4180605 4180415 5392596 0 0 1302528
1015808 4235121 4234931 5462721 0 0 1302528
970752 4289703 4289452 5532912 0 0 1306624
1200128 4343889 4343637 5602641 0 0 1302528
1335296 4397844 4397593 5671941 0 0 1310720
892928 4452063 4451761 5741802 0 0 1302528
1236992 4505952 4505659 5811069 0 0 1310720
1269760 4560171 4559974 5880897 0 0 1306624
1105920 4603533 4603277 5937129 0 0 1310720
1073152 4657752 4657489 6007089 0 0 1298432
1089536 4711740 4711437 6076620 0 0 1298432
1163264 4766553 4766339 6147339 0 0 1310720
905216 4823181 4822968 6220434 0 0 1306624
909312 4878984 4878723 6292407 0 0 1310720
1159168 4934127 4933795 6363456 0 0 1302528
1081344 4988247 4988014 6433416 0 0 1257472
1851392 5042730 5042331 6503739 0 0 1945600
1187840 5096652 5096417 6573270 0 0 1302528
1527808 5151069 5150701 6643593 0 0 1548288
1191936 5205024 5204815 6713190 0 0 1306624
1069056 5259276 5259019 6783150 0 0 1306624
1159168 5313165 5312874 6852747 0 0 1261568
1187840 5367648 5367378 6923037 0 0 1310720
1122304 5421834 5421559 6993030 0 0 1261568
978944 5476053 5475748 7062957 0 0 1302528
1163264 5530173 5529974 7132917 0 0 1302528
1110016 5584392 5584141 7202844 0 0 1306624
1179648 5638941 5638664 7273200 0 0 1298432
1118208 5693160 5692875 7343160 0 0 1306624
1032192 5747280 5747048 7413087 0 0 1257472
1064960 5801532 5801243 7483047 0 0 1306624
1417216 5855388 5855187 7552611 0 0 1302528
1081344 5909838 5909600 7622901 0 0 1277952
942080 5964024 5963770 7692828 0 0 1261568
1421312 6019728 6019299 7764669 0 0 1896448
991232 6073947 6073717 7834662 0 0 1257472
1183744 6117276 6117052 7890960 0 0 1298432
1773568 6171462 6171047 7960920 0 0 1949696
966656 6226011 6225770 8031210 0 0 1298432
1105920 6280197 6279966 8101170 0 0 1310720
1122304 6335043 6334823 8171955 0 0 1306624
937984 6390153 6389944 8243037 0 0 1302528
925696 6444009 6443660 8312634 0 0 1257472
913408 6498030 6497735 8382561 0 0 1257472
1269760 6552150 6551838 8452521 0 0 1306624
1867776 6606468 6606051 8522811 0 0 1945600
966656 6662370 6662174 8595147 0 0 1261568
1290240 6716820 6716557 8665470 0 0 1302528
1236992 6771204 6770938 8735826 0 0 1261568
1175552 6825621 6825376 8806149 0 0 1306624
1101824 6880038 6879759 8876505 0 0 1306624
1212416 6933762 6933549 8946069 0 0 1261568
1191936 6987882 6987589 9015996 0 0 1302528
1073152 7042266 7042024 9086253 0 0 1302528
987136 7096320 7096085 9156246 0 0 1306624
1196032 7150440 7150194 9226206 0 0 1306624
1142784 7204560 7204295 9296166 0 0 1298432
1224704 7258350 7258125 9365697 0 0 1298432
1236992 7312074 7311829 9435228 0 0 1257472
884736 7366194 7365919 9505155 0 0 1253376
1814528 7420578 7420189 9575511 0 0 1945600
1359872 7474632 7474395 9645471 0 0 1298432
1183744 7529379 7529152 9716190 0 0 1302528
1200128 7583532 7583234 9786117 0 0 1261568
1048576 7626894 7626605 9842349 0 0 1294336
1019904 7681278 7681018 9912111 0 0 1298432
888832 7735728 7735409 9981906 0 0 1257472
1245184 7790112 7789863 10051635 0 0 1302528
929792 7844529 7844244 10121364 0 0 1298432
1204224 7898616 7898354 10190829 0 0 1257472
921600 7953033 7952825 10260525 0 0 1306624
1159168 8007417 8007160 10330254 0 0 1302528
659456 8061801 8061657 10400016 0 0 925696
1036288 8116185 8115955 10469844 0 0 1298432
958464 8170602 8170357 10539573 0 0 1253376
1110016 8224986 8224723 10609368 0 0 1261568
892928 8279370 8279101 10679064 0 0 1306624
663552 8333490 8333314 10748397 0 0 983040
1056768 8387841 8387584 10818159 0 0 1306624
1126400 8442225 8441952 10887888 0 0 1261568
888832 8496576 8496339 10957716 0 0 1310720
1032192 8550960 8550759 11027478 0 0 1302528
1032192 8605377 8605150 11097207 0 0 1257472
1572864 8660355 8659945 11167761 0 0 1949696
1261568 8715993 8715756 11239107 0 0 1261568
954368 8770410 8770137 11308902 0 0 1261568
1077248 8824794 8824522 11378631 0 0 1302528
1048576 8878551 8878355 11447667 0 0 1261568
1183744 8933298 8932982 11517759 0 0 1302528
1503232 8987913 8987536 11587917 0 0 1949696
1130496 9042066 9041827 11657250 0 0 1310720
1212416 9096153 9095869 11726682 0 0 1310720
1159168 9139251 9139073 11782485 0 0 1306624
1196032 9193635 9193463 11852379 0 0 1306624
1036288 9248019 9247804 11922306 0 0 1257472
1007616 9302469 9302150 11992233 0 0 1302528
933888 9356853 9356508 12062259 0 0 1298432
1339392 9411171 9410896 12132120 0 0 1306624
1040384 9465225 9464996 12201750 0 0 1261568
1159168 9519246 9519042 12271215 0 0 1306624
880640 9573663 9573437 12341142 0 0 1306624
1187840 9627981 9627768 12411102 0 0 1298432
1015808 9682398 9682168 12481062 0 0 1302528
978944 9736716 9736505 12550956 0 0 1277952
1040384 9790737 9790548 12620553 0 0 1306624
917504 9844890 9844603 12690018 0 0 1306624
1040384 9899241 9898999 12759978 0 0 1306624
995328 9953592 9953390 12829938 0 0 1306624
970752 10008273 10008020 12900195 0 0 1310720
937984 10062063 10061810 12969363 0 0 1306624
1052672 10116414 10116174 13039257 0 0 1257472
1232896 10170468 10170182 13108854 0 0 1306624
913408 10224819 10224506 13178781 0 0 1249280
1044480 10278906 10278663 13248378 0 0 1306624
1200128 10333290 10333027 13318305 0 0 1261568
1044480 10387575 10387356 13388265 0 0 1257472
1929216 10441926 10441538 13458192 0 0 1990656
1167360 10496046 10495780 13527690 0 0 1306624
1060864 10551618 10551407 13599234 0 0 1306624
1191936 10605375 10605176 13668369 0 0 1261568
962560 10659462 10659207 13737933 0 0 1298432
1126400 10703814 10703622 13795254 0 0 1310720
1081344 10758495 10758222 13865445 0 0 1310720
1089536 10813143 10812878 13935603 0 0 1306624
1724416 10867461 10867060 14005365 0 0 1990656
1015808 10921515 10921261 14074764 0 0 1257472
1236992 10975866 10975651 14144493 0 0 1310720
942080 11030250 11029928 14214321 0 0 1261568
1048576 11084601 11084353 14284083 0 0 1306624
913408 11138919 11138693 14353812 0 0 1302528
1200128 11192973 11192713 14423211 0 0 1261568
1073152 11247324 11246986 14492841 0 0 1257472
868352 11301774 11301527 14562834 0 0 1146880
1495040 11355927 11355562 14632398 0 0 1662976
843776 11409453 11409335 14701005 0 0 925696
1171456 11463540 11463270 14770437 0 0 1306624
1069056 11517627 11517334 14839770 0 0 1261568
1060864 11571978 11571732 14909565 0 0 1306624
1163264 11626626 11626355 14979789 0 0 1257472
1028096 11681274 11681021 15049914 0 0 1261568
1196032 11735658 11735440 15119709 0 0 1273856
1290240 11790603 11790375 15190230 0 0 1306624
1126400 11845251 11844956 15260454 0 0 1302528
1052672 11901153 11900930 15332196 0 0 1261568
1228800 11955537 11955254 15401958 0 0 1306624
1032192 12010218 12009941 15472149 0 0 1302528
1052672 12064569 12064309 15541878 0 0 1257472
1175552 12118260 12118064 15610815 0 0 1310720
937984 12172644 12172410 15680643 0 0 1306624
1060864 12215973 12215745 15736677 0 0 1298432
1167360 12270093 12269893 15806472 0 0 1310720
1699840 12324312 12323833 15876201 0 0 1990656
1163264 12378069 12377847 15945600 0 0 1257472
1007616 12431331 12431086 16014207 0 0 1249280
1179648 12485220 12484969 16083540 0 0 1261568
1200128 12539406 12539102 16153269 0 0 1302528
1871872 12593889 12593471 16223427 0 0 2007040
1847296 12647811 12647378 16292760 0 0 1933312
1261568 12701436 12701145 16361829 0 0 1261568
958464 12755622 12755338 16431525 0 0 1306624
860160 12809841 12809576 16501320 0 0 1298432
1134592 12864060 12863783 16571115 0 0 1306624
1101824 12918246 12917988 16640844 0 0 1306624
1089536 12972168 12971878 16710210 0 0 1261568
897024 13026354 13026105 16780038 0 0 1257472
1142784 13080507 13080350 16849734 0 0 1261568
1118208 13134759 13134542 16919496 0 0 1310720
1191936 13189077 13188752 16989258 0 0 1253376
1302528 13243197 13242985 17059020 0 0 1298432
1089536 13297449 13297197 17128782 0 0 1310720
1138688 13351338 13351023 17198148 0 0 1302528
1384448 13405524 13405211 17267976 0 0 1310720
1216512 13459743 13459476 17337738 0 0 1306624
1191936 13513896 13513659 17407467 0 0 1298432
1261568 13567851 13567607 17476866 0 0 1306624
1142784 13622004 13621822 17546595 0 0 1257472
1146880 13675959 13675654 17615928 0 0 1310720
1044480 13719321 13719056 17672094 0 0 1261568
1150976 13773309 13773054 17741691 0 0 1261568
1048576 13827594 13827362 17811618 0 0 1302528
1134592 13881582 13881379 17881182 0 0 1302528
954368 13935570 13935374 17950746 0 0 1298432
991232 13989855 13989653 18020640 0 0 1298432
1138688 14043843 14043591 18090072 0 0 1298432
1048576 14097765 14097494 18159405 0 0 1257472
1024000 14152017 14151777 18229266 0 0 1302528
974848 14206401 14206146 18299226 0 0 1257472
1118208 14260554 14260302 18368724 0 0 1261568
1126400 14314443 14314214 18438123 0 0 1257472
929792 14368728 14368436 18507885 0 0 1306624
1126400 14422947 14422719 18577647 0 0 1257472
1200128 14476869 14476650 18647079 0 0 1306624
1093632 14531055 14530846 18716874 0 0 1306624
1191936 14585307 14585114 18786603 0 0 1261568
835584 14639328 14639044 18855969 0 0 1306624
1093632 14693514 14693296 18925764 0 0 1306624
974848 14747535 14747374 18995196 0 0 1060864
1048576 14801688 14801453 19064859 0 0 1306624
1118208 14855676 14855425 19134258 0 0 1302528
1142784 14909268 14909027 19203261 0 0 1261568
1712128 14963454 14963033 19272990 0 0 1945600
1007616 15017442 15017201 19342389 0 0 1257472
1101824 15071727 15071368 19412184 0 0 1261568
1818624 15125913 15125445 19481913 0 0 1949696
1273856 15179901 15179612 19551279 0 0 1310720
712704 15233526 15233334 19620480 0 0 991232
1159168 15276591 15276357 19676151 0 0 1257472
991232 15330678 15330384 19745682 0 0 1306624
1097728 15385029 15384706 19815642 0 0 1302528
974848 15439380 15439090 19885569 0 0 1261568
1048576 15493335 15493112 19955100 0 0 1257472
1114112 15547752 15547464 20024994 0 0 1306624
1241088 15602037 15601809 20094756 0 0 1306624
933888 15655992 15655762 20164122 0 0 1253376
1187840 15710376 15710082 20233917 0 0 1261568
1785856 15764628 15764231 20303613 0 0 1945600
1101824 15818979 15818722 20373474 0 0 1302528
1089536 15872868 15872709 20442840 0 0 1306624
1073152 15927219 15926980 20512569 0 0 1261568
1073152 15981207 15980973 20581968 0 0 1302528
1929216 16035822 16035343 20652093 0 0 1990656
1175552 16089546 16089302 20721096 0 0 1306624
966656 16143534 16143300 20790462 0 0 1302528
1146880 16197819 16197596 20860224 0 0 1306624
991232 16251510 16251312 20929194 0 0 1261568
1667072 16305828 16305410 20998890 0 0 1994752
1191936 16359816 16359505 21068355 0 0 1302528
1744896 16413804 16413356 21137655 0 0 2056192
1032192 16467759 16467552 21207021 0 0 1298432
974848 16522077 16521852 21276816 0 0 1261568
1691648 16577583 16577197 21348096 0 0 1945600
1118208 16631604 16631353 21417561 0 0 1306624
1056768 16685625 16685338 21486927 0 0 1306624
1880064 16740174 16739793 21557052 0 0 1990656
970752 16783701 16783547 21613251 0 0 1294336
1060864 16838382 16838125 21683211 0 0 1306624
962560 16892601 16892359 21752742 0 0 1298432
1028096 16947216 16946955 21822669 0 0 1257472
950272 17001765 17001529 21892629 0 0 1257472
1040384 17055786 17055497 21961764 0 0 1302528
1191936 17110236 17110049 22031724 0 0 1298432
1097728 17164851 17164535 22101717 0 0 1310720
1224704 17219367 17219141 22171710 0 0 1306624
1036288 17274213 17273953 22242033 0 0 1302528
1179648 17328762 17328469 22311927 0 0 1302528
843776 17383245 17382967 22381920 0 0 1261568
1536000 17437794 17437362 22451814 0 0 1949696
1060864 17492046 17491817 22521378 0 0 1306624
884736 17546595 17546321 22591338 0 0 1261568
909312 17601474 17601181 22661661 0 0 1306624
1171456 17655660 17655440 22731225 0 0 1298432
1052672 17710143 17709920 22801218 0 0 1261568
954368 17764395 17764156 22870683 0 0 1257472
1236992 17818680 17818382 22940181 0 0 1306624
1052672 17873196 17872959 23010141 0 0 1302528
1486848 17927679 17927444 23080134 0 0 1306624
1212416 17982294 17982026 23150061 0 0 1236992
1011712 18036744 18036542 23219955 0 0 1306624
860160 18091359 18091042 23289948 0 0 1310720
1175552 18145611 18145265 23359479 0 0 1302528
962560 18199764 18199527 23429043 0 0 1261568
1052672 18254313 18254109 23498937 0 0 1306624
1097728 18298005 18297716 23555202 0 0 1306624
1159168 18352191 18351957 23624766 0 0 1302528
1146880 18406806 18406548 23694759 0 0 1306624
1089536 18461355 18461079 23764686 0 0 1306624
950272 18515937 18515632 23834580 0 0 1302528
1089536 18570519 18570266 23904507 0 0 1261568
1224704 18624705 18624502 23974071 0 0 1294336
1167360 18679221 18678981 24044031 0 0 1302528
1101824 18733737 18733465 24113925 0 0 1302528
909312 18788220 18787963 24183885 0 0 1302528
1118208 18843330 18843095 24254604 0 0 1298432
1040384 18897813 18897547 24324597 0 0 1257472
974848 18952296 18952056 24394491 0 0 1261568
1261568 19006845 19006594 24464418 0 0 1302528
1056768 19061625 19061387 24534840 0 0 1257472
880640 19116405 19116130 24605097 0 0 1261568
1179648 19170888 19170667 24675024 0 0 1302528
1077248 19225107 19224858 24744621 0 0 1302528
1069056 19278963 19278682 24813756 0 0 1306624
651264 19333215 19333012 24883353 0 0 991232
1077248 19387632 19387361 24953280 0 0 1306624
1130496 19442148 19441887 25023174 0 0 1253376
950272 19496334 19496092 25092771 0 0 1310720
1040384 19550850 19550560 25162632 0 0 1302528
1015808 19605036 19604791 25232196 0 0 1298432
1064960 19659486 19659288 25302189 0 0 1298432
806912 19714035 19713759 25372083 0 0 1261568
1200128 19768815 19768558 25442373 0 0 1306624
798720 19822737 19822529 25511772 0 0 995328
987136 19868343 19868084 25570479 0 0 1261568
991232 19922430 19922190 25639779 0 0 1306624
1146880 19976814 19976579 25709574 0 0 1310720
991232 20031264 20031051 25779303 0 0 1257472
1777664 20085747 20085285 25849065 0 0 1949696
901120 20139801 20139575 25918497 0 0 1306624
1003520 20194152 20193959 25988259 0 0 1310720
1093632 20248272 20248014 26057559 0 0 1298432
1069056 20302656 20302383 26127387 0 0 1302528
1093632 20356743 20356415 26196753 0 0 1302528
1114112 20412348 20412057 26268033 0 0 1302528
1069056 20468283 20468022 26339775 0 0 1294336
1662976 20525769 20525300 26413530 0 0 1949696
1085440 20581968 20581682 26485668 0 0 1302528
1122304 20639421 20639163 26559357 0 0 1306624
1019904 20696247 20695999 26632254 0 0 1302528
1130496 20753733 20753454 26705910 0 0 1302528
1036288 20808645 20808442 26776398 0 0 1306624
1036288 20863689 20863380 26847018 0 0 1261568
1155072 20919261 20919059 26918331 0 0 1306624
1093632 20973975 20973768 26988456 0 0 1257472
1032192 21029349 21029068 27059406 0 0 1257472
983040 21085515 21085273 27131511 0 0 1306624
925696 21142968 21142737 27205167 0 0 1257472
1126400 21198870 21198626 27276909 0 0 1302528
970752 21256059 21255831 27350202 0 0 1294336
1146880 21312522 21312342 27422736 0 0 1298432
1048576 21357831 21357626 27481245 0 0 1298432
1081344 21413601 21413374 27553152 0 0 1261568
806912 21468513 21468201 27624003 0 0 1007616
1064960 21522567 21522348 27693732 0 0 1306624
1900544 21577644 21577259 27764880 0 0 1945600
1040384 21632424 21632236 27835698 0 0 1310720
1142784 21687534 21687355 27906747 0 0 1261568
929792 21743304 21743036 27978654 0 0 1257472
1044480 21798414 21798124 28049835 0 0 1257472
1425408 21853194 21852940 28120521 0 0 1257472
1302528 21908337 21908031 28191636 0 0 1261568
1802240 21963975 21963603 28263510 0 0 1912832
1277952 22019745 22019535 28335417 0 0 1310720
1232896 22076637 22076386 28408941 0 0 1302528
1114112 22134255 22133969 28483191 0 0 1306624
905216 22191807 22191500 28557408 0 0 1282048
1646592 22248930 22248536 28631328 0 0 1945600
1736704 22305294 22304816 28703994 0 0 2007040
1155072 22361922 22361685 28777122 0 0 1249280
1122304 22417989 22417738 28849326 0 0 1306624
1155072 22473990 22473709 28921695 0 0 1306624
1683456 22529430 22528931 28993206 0 0 2043904
1228800 22585662 22585498 29065872 0 0 1306624
1069056 22643841 22643660 29140980 0 0 1302528
1855488 22699578 22699140 29212854 0 0 1998848
983040 22755018 22754777 29284431 0 0 1298432
1085440 22810722 22810466 29356305 0 0 1298432
1593344 22866426 22865990 29428179 0 0 1949696
