1761280 6204 5789 8316 0 0 1929216
1433600 64977 64738 84546 0 0 1171456
1134592 120087 119844 156024 0 0 1220608
1105920 175164 174918 227568 0 0 1212416
1138688 230010 229781 298749 0 0 1216512
1150976 285120 284851 370227 0 0 1175552
1171456 340527 340295 442035 0 0 1224704
1064960 397452 397216 515922 0 0 1216512
1110016 452529 452364 587466 0 0 1171456
1286144 508266 508030 659802 0 0 1175552
1089536 563673 563412 731709 0 0 1167360
1105920 619410 619167 803913 0 0 1171456
1220608 675081 674854 876216 0 0 1212416
991232 730191 729927 947727 0 0 1171456
937984 785004 784753 1018809 0 0 1220608
1253376 839421 839213 1089561 0 0 1175552
1122304 894300 894037 1160676 0 0 1126400
1105920 949410 949137 1232220 0 0 1220608
1224704 1004124 1003928 1303302 0 0 1224704
1187840 1059894 1059636 1375638 0 0 1216512
1097728 1115004 1114791 1447182 0 0 1220608
1032192 1170411 1170162 1519056 0 0 1171456
1044480 1226115 1225918 1591326 0 0 1175552
1150976 1280994 1280663 1662408 0 0 1171456
1134592 1335873 1335624 1733754 0 0 1118208
1155072 1391115 1390951 1805463 0 0 1220608
1048576 1446555 1446333 1877436 0 0 1220608
1216512 1502226 1502033 1949673 0 0 1220608
1073152 1546710 1546536 2007621 0 0 1302528
1134592 1602546 1602279 2079693 0 0 1261568
1064960 1657623 1657420 2151039 0 0 1306624
765952 1713756 1713526 2223606 0 0 1060864
1298432 1769460 1769197 2295579 0 0 1298432
876544 1824834 1824536 2367222 0 0 1306624
1003520 1881033 1880734 2439558 0 0 1298432
958464 1936407 1936148 2511036 0 0 1306624
978944 1991253 1991033 2581788 0 0 1298432
905216 2046396 2046194 2652903 0 0 1306624
1212416 2101836 2101647 2724348 0 0 1306624
1196032 2157342 2157113 2795925 0 0 1261568
1581056 2213112 2212619 2867799 0 0 1990656
1593344 2267991 2267558 2938485 0 0 1990656
1601536 2324058 2323608 3010821 0 0 1941504
585728 2379498 2379378 3082332 0 0 925696
1101824 2435268 2435013 3154239 0 0 1302528
802816 2490741 2490506 3225750 0 0 1257472
1114112 2546280 2546040 3297228 0 0 1302528
970752 2602050 2601778 3369168 0 0 1306624
909312 2656599 2656338 3439491 0 0 1257472
1114112 2712105 2711844 3511002 0 0 1306624
1224704 2769360 2769152 3584823 0 0 1302528
1155072 2825130 2824891 3656796 0 0 1302528
1163264 2879415 2879199 3726756 0 0 1261568
1011712 2935515 2935250 3799092 0 0 1306624
1007616 2991318 2991044 3870999 0 0 1306624
610304 3038574 3038351 3932082 0 0 999424
983040 3091044 3090805 4000128 0 0 1298432
1064960 3147177 3146915 4072563 0 0 1261568
1093632 3203112 3202784 4144899 0 0 1429504
1150976 3259641 3259412 4217895 0 0 1306624
1114112 3316071 3315810 4290759 0 0 1306624
1003520 3371280 3370975 4362006 0 0 1257472
1110016 3426687 3426430 4433517 0 0 1310720
1134592 3483018 3482786 4506183 0 0 1298432
1122304 3537567 3537278 4576539 0 0 1306624
1232896 3592974 3592741 4648083 0 0 1306624
1159168 3648117 3647863 4719165 0 0 1302528
1024000 3704184 3703949 4791468 0 0 1257472
1093632 3760515 3760300 4864101 0 0 1257472
995328 3815658 3815441 4935216 0 0 1306624
1069056 3871395 3871178 5007090 0 0 1261568
1019904 3927132 3926916 5079030 0 0 1306624
1191936 3982308 3982037 5150112 0 0 1257472
1097728 4037715 4037503 5221656 0 0 1310720
1048576 4093485 4093252 5293596 0 0 1257472
1171456 4149288 4148977 5365470 0 0 1302528
1118208 4204695 4204464 5436915 0 0 1261568
1122304 4260168 4259865 5508492 0 0 1310720
1114112 4315278 4315022 5579574 0 0 1265664
1032192 4370685 4370438 5651052 0 0 1306624
819200 4426158 4425875 5722596 0 0 1257472
1081344 4481004 4480706 5793348 0 0 1306624
1748992 4536081 4535707 5864463 0 0 1982464
1204224 4579509 4579198 5920728 0 0 1310720
1032192 4633695 4633419 5990853 0 0 1298432
1019904 4687650 4687402 6060582 0 0 1261568
1097728 4741935 4741631 6130707 0 0 1257472
1290240 4795824 4795549 6200469 0 0 1306624
1048576 4851000 4850694 6271848 0 0 1294336
1105920 4905120 4904942 6341940 0 0 1257472
1175552 4959042 4958779 6411603 0 0 1306624
1167360 5013228 5013020 6481728 0 0 1306624
1114112 5068041 5067822 6552645 0 0 1298432
1167360 5121963 5121697 6622374 0 0 1257472
835584 5176083 5175849 6692499 0 0 1282048
1265664 5230038 5229758 6762261 0 0 1302528
1105920 5284191 5283942 6832287 0 0 1261568
1212416 5338113 5337772 6902016 0 0 1306624
1040384 5392299 5392088 6972108 0 0 1257472
1150976 5446155 5445953 7041771 0 0 1302528
1331200 5500374 5500144 7111863 0 0 1257472
1175552 5554230 5554058 7181625 0 0 1306624
1236992 5608218 5607845 7251288 0 0 1302528
1196032 5662008 5661770 7321050 0 0 1306624
974848 5716161 5715943 7391142 0 0 1302528
1286144 5769786 5769540 7460508 0 0 1306624
1216512 5823708 5823411 7530270 0 0 1306624
995328 5878191 5877919 7600791 0 0 1306624
1048576 5932410 5932181 7670817 0 0 1306624
970752 5987190 5986964 7741767 0 0 1257472
1134592 6042003 6041790 7812717 0 0 1306624
1110016 6085398 6085139 7869081 0 0 1310720
1126400 6139254 6139009 7938777 0 0 1257472
1032192 6193440 6193246 8008935 0 0 1277952
1077248 6247098 6246862 8078301 0 0 1257472
1286144 6301284 6301050 8148426 0 0 1302528
954368 6355173 6354948 8218122 0 0 1302528
1204224 6409326 6409112 8288247 0 0 1261568
1290240 6463116 6462855 8357877 0 0 1257472
1114112 6517269 6517006 8428101 0 0 1306624
1245184 6571059 6570738 8497731 0 0 1306624
1019904 6625113 6624853 8567889 0 0 1257472
999424 6678936 6678630 8637552 0 0 1257472
983040 6732957 6732713 8707710 0 0 1302528
1200128 6787077 6786825 8777835 0 0 1306624
1110016 6841494 6841216 8848422 0 0 1257472
1167360 6895515 6895297 8918481 0 0 1257472
1196032 6949305 6949110 8988243 0 0 1261568
1155072 7003161 7002856 9057939 0 0 1261568
1097728 7057215 7056950 9128031 0 0 1261568
1204224 7111137 7110880 9197991 0 0 1318912
1302528 7165719 7165411 9268710 0 0 1306624
1298432 7220697 7220454 9339990 0 0 1306624
1208320 7278183 7277851 9414471 0 0 1310720
1146880 7333788 7333554 9486576 0 0 1310720
1130496 7388832 7388540 9557889 0 0 1306624
1052672 7443744 7443511 9629169 0 0 1302528
1044480 7499382 7499174 9701307 0 0 1302528
1101824 7554690 7554436 9772983 0 0 1261568
815104 7604883 7604701 9838092 0 0 1003520
1085440 7654713 7654494 9902409 0 0 1261568
1138688 7710021 7709823 9973524 0 0 1306624
1142784 7765725 7765444 10045101 0 0 1306624
839680 7820406 7820187 10115391 0 0 1257472
970752 7875483 7875200 10186044 0 0 1306624
1069056 7930461 7930239 10256796 0 0 1298432
868352 7985472 7985216 10327482 0 0 1257472
1220608 8040483 8040214 10398234 0 0 1298432
1855488 8095725 8095321 10469316 0 0 1986560
1044480 8150472 8150234 10539639 0 0 1257472
1859584 8205186 8204752 10609929 0 0 2007040
831488 8259240 8259043 10679559 0 0 1310720
1306624 8313657 8313381 10749486 0 0 1302528
1867776 8368965 8368491 10820634 0 0 2007040
978944 8423316 8423139 10890561 0 0 1294336
1089536 8478063 8477740 10960851 0 0 1306624
1163264 8532447 8532191 11030844 0 0 1257472
1024000 8588052 8587796 11102388 0 0 1306624
1708032 8642733 8642324 11172678 0 0 1945600
847872 8697150 8696923 11242638 0 0 1298432
1228800 8751864 8751620 11313027 0 0 1261568
1101824 8806248 8806016 11382921 0 0 1257472
1703936 8860335 8859877 11452452 0 0 2011136
1626112 8914686 8914243 11522412 0 0 2015232
1187840 8969103 8968855 11592306 0 0 1261568
1327104 9023520 9023174 11662266 0 0 1261568
1028096 9077871 9077672 11732193 0 0 1306624
765952 9132915 9132749 11803143 0 0 995328
1036288 9176673 9176409 11859705 0 0 1257472
1757184 9231321 9230879 11930193 0 0 1945600
946176 9285111 9284871 11999526 0 0 1306624
1183744 9339528 9339279 12069684 0 0 1306624
958464 9394176 9393872 12140205 0 0 1306624
1515520 9448824 9448394 12210693 0 0 1945600
1990656 9503208 9502721 12280818 0 0 1945600
1097728 9558219 9557960 12351801 0 0 1253376
1138688 9612537 9612305 12421893 0 0 1302528
1064960 9667251 9666972 12492447 0 0 1298432
901120 9721965 9721647 12562935 0 0 1302528
978944 9776613 9776332 12633456 0 0 1257472
991232 9830964 9830736 12703548 0 0 1257472
1470464 9885315 9884884 12773640 0 0 1945600
1167360 9940623 9940403 12844953 0 0 1306624
1069056 9995007 9994750 12915045 0 0 1306624
1396736 10049391 10049122 12985203 0 0 1261568
1032192 10103709 10103519 13055328 0 0 1261568
929792 10158423 10158135 13125882 0 0 1302528
1269760 10212477 10212255 13195545 0 0 1302528
933888 10267158 10266938 13266033 0 0 1306624
1073152 10321542 10321239 13336158 0 0 1257472
1146880 10375926 10375658 13406283 0 0 1310720
1159168 10430013 10429757 13476012 0 0 1261568
1114112 10484331 10484104 13546170 0 0 1310720
987136 10538055 10537922 13615437 0 0 1302528
1097728 10592802 10592560 13685991 0 0 1302528
888832 10647153 10646924 13756149 0 0 1261568
1056768 10690614 10690378 13812447 0 0 1257472
1032192 10745262 10745016 13882770 0 0 1306624
1576960 10799316 10798914 13952334 0 0 1941504
995328 10854261 10854039 14023086 0 0 1257472
974848 10910064 10909907 14094927 0 0 1306624
958464 10964514 10964244 14164887 0 0 1306624
958464 11018898 11018598 14234847 0 0 1294336
1134592 11073216 11072966 14304774 0 0 1306624
1085440 11127303 11126991 14374338 0 0 1306624
1040384 11181621 11181349 14444232 0 0 1257472
1167360 11235906 11235703 14514192 0 0 1306624
1314816 11290323 11290062 14584152 0 0 1257472
1093632 11344674 11344391 14654079 0 0 1302528
1048576 11399025 11398806 14724039 0 0 1257472
1040384 11453376 11453116 14793966 0 0 1261568
1159168 11507397 11507226 14863530 0 0 1257472
1007616 11561748 11561550 14933457 0 0 1257472
978944 11615868 11615588 15002922 0 0 1302528
880640 11669592 11669357 15072156 0 0 1306624
1024000 11724009 11723696 15142116 0 0 1302528
1187840 11778294 11778108 15212043 0 0 1261568
1040384 11831886 11831596 15280980 0 0 1249280
958464 11886699 11886464 15351534 0 0 1302528
1032192 11941050 11940802 15421395 0 0 1310720
1097728 11995764 11995476 15491784 0 0 1261568
946176 12053118 12052879 15565638 0 0 1306624
1142784 12107469 12107217 15635598 0 0 1310720
1265664 12161787 12161568 15705492 0 0 1302528
1658880 12205446 12205021 15762186 0 0 1990656
1740800 12259632 12259262 15832146 0 0 1949696
1093632 12313752 12313571 15902106 0 0 1261568
1155072 12367938 12367711 15972033 0 0 1302528
1097728 12422124 12421830 16041993 0 0 1257472
1204224 12475914 12475705 16111491 0 0 1306624
1069056 12530133 12529895 16181418 0 0 1306624
880640 12584319 12584075 16251378 0 0 1298432
1118208 12638241 12638019 16320942 0 0 1261568
1183744 12692163 12691947 16390473 0 0 1261568
1122304 12746283 12746104 16460433 0 0 1261568
1183744 12800271 12800024 16530030 0 0 1302528
1040384 12854160 12853888 16599528 0 0 1294336
1024000 12908082 12907811 16669125 0 0 1306624
1007616 12962268 12962021 16739052 0 0 1261568
1179648 13016520 13016218 16808979 0 0 1306624
1069056 13070706 13070463 16878939 0 0 1306624
1261568 13124826 13124676 16948866 0 0 1310720
1122304 13178814 13178581 17018430 0 0 1306624
1236992 13233033 13232793 17088291 0 0 1204224
1236992 13286955 13286753 17157855 0 0 1310720
1191936 13341438 13341256 17228145 0 0 1253376
1007616 13395657 13395464 17298138 0 0 1306624
1167360 13449579 13449361 17367636 0 0 1302528
1122304 13503798 13503554 17437596 0 0 1257472
1175552 13558248 13558047 17507919 0 0 1306624
1175552 13612797 13612563 17578209 0 0 1306624
1191936 13666719 13666440 17647806 0 0 1306624
1515520 13710081 13709826 17704038 0 0 1306624
1040384 13764366 13764066 17774229 0 0 1261568
1015808 13818651 13818381 17844321 0 0 1257472
1118208 13872936 13872712 17914479 0 0 1286144
1617920 13926891 13926498 17984175 0 0 1953792
1753088 13981209 13980790 18054366 0 0 1994752
1048576 14035164 14034958 18123963 0 0 1306624
950272 14089746 14089528 18194352 0 0 1302528
991232 14143602 14143402 18263916 0 0 1310720
2019328 14198217 14197749 18334239 0 0 1945600
1134592 14254548 14254300 18406872 0 0 1306624
913408 14308767 14308533 18476832 0 0 1302528
1708032 14363052 14362538 18546759 0 0 1925120
901120 14416941 14416619 18616356 0 0 1306624
1216512 14471259 14470913 18686250 0 0 1257472
1265664 14525445 14525207 18756177 0 0 1306624
1228800 14579664 14579441 18826137 0 0 1306624
1269760 14633619 14633392 18895635 0 0 1298432
1101824 14688135 14687932 18965991 0 0 1298432
1150976 14742057 14741777 19035489 0 0 1257472
1101824 14796012 14795738 19105086 0 0 1261568
1794048 14850231 14849791 19174980 0 0 1949696
716800 14903922 14903756 19244247 0 0 999424
1159168 14958141 14957896 19314108 0 0 1306624
1064960 15012426 15012133 19384035 0 0 1302528
1212416 15066579 15066387 19453995 0 0 1302528
1060864 15120897 15120628 19523988 0 0 1257472
1249280 15174786 15174530 19593486 0 0 1298432
1286144 15228807 15228511 19663017 0 0 1302528
1056768 15271872 15271635 19719018 0 0 1261568
1015808 15325959 15325633 19788714 0 0 1306624
1056768 15380277 15380073 19858938 0 0 1306624
1753088 15434562 15434191 19928997 0 0 1945600
1028096 15488583 15488406 19998726 0 0 1257472
1011712 15542340 15542125 20067993 0 0 1269760
909312 15596328 15596085 20137590 0 0 1261568
1077248 15650349 15650113 20207121 0 0 1306624
811008 15704667 15704393 20277114 0 0 1302528
1236992 15758952 15758673 20347041 0 0 1261568
1036288 15812973 15812720 20416506 0 0 1302528
913408 15867522 15867316 20486829 0 0 1257472
1007616 15921543 15921288 20556360 0 0 1261568
1044480 15975795 15975570 20626320 0 0 1298432
1015808 16029849 16029594 20695884 0 0 1306624
962560 16084167 16083857 20765778 0 0 1302528
1085440 16140234 16140046 20838081 0 0 1306624
921600 16196037 16195827 20909988 0 0 1302528
1003520 16251906 16251685 20981895 0 0 1261568
1044480 16306521 16306293 21052218 0 0 1310720
1097728 16360839 16360586 21122178 0 0 1310720
1159168 16415454 16415234 21192534 0 0 1261568
909312 16469739 16469526 21262461 0 0 1302528
1105920 16523793 16523530 21332025 0 0 1306624
1007616 16578078 16577799 21401985 0 0 1306624
1953792 16632693 16632284 21472275 0 0 2007040
860160 16686384 16686222 21541542 0 0 1056768
847872 16740636 16740377 21611337 0 0 1261568
1155072 16784196 16783953 21667734 0 0 1306624
1126400 16839075 16838799 21738189 0 0 1302528
1171456 16893657 16893381 21808347 0 0 1298432
950272 16948206 16947942 21878472 0 0 1294336
1093632 17002458 17002209 21948135 0 0 1306624
1024000 17056908 17056594 22018161 0 0 1531904
1032192 17111259 17110986 22088055 0 0 1302528
962560 17165775 17165565 22158114 0 0 1302528
1085440 17220357 17220148 22228239 0 0 1261568
1171456 17275203 17274997 22298760 0 0 1306624
1667072 17329983 17329609 22369347 0 0 1998848
962560 17384598 17384352 22439439 0 0 1306624
929792 17439180 17438890 22509531 0 0 1306624
1089536 17493696 17493410 22579623 0 0 1261568
1101824 17548212 17547949 22649715 0 0 1306624
974848 17602761 17602502 22719873 0 0 1241088
1220608 17657277 17657067 22789965 0 0 1302528
1142784 17712123 17711903 22860420 0 0 1302528
978944 17766639 17766421 22930578 0 0 1261568
1126400 17821485 17821240 23001132 0 0 1302528
1052672 17876397 17876095 23071587 0 0 1306624
1105920 17930913 17930698 23141778 0 0 1310720
1114112 17985132 17984875 23211474 0 0 1306624
1036288 18039648 18039417 23281599 0 0 1261568
929792 18094593 18094420 23352252 0 0 1081344
1048576 18149076 18148864 23422245 0 0 1302528
1695744 18203625 18203165 23492403 0 0 1994752
1122304 18258207 18257875 23562528 0 0 1241088
1101824 18301734 18301499 23618892 0 0 1302528
1122304 18356382 18356039 23689050 0 0 1306624
1646592 18410535 18410157 23758680 0 0 1708032
1638400 18465150 18464748 23828871 0 0 1994752
643072 18519105 18518932 23898237 0 0 925696
1130496 18573621 18573402 23968263 0 0 1261568
1249280 18627543 18627322 24037629 0 0 1306624
1163264 18682059 18681824 24107754 0 0 1306624
978944 18736278 18736002 24177516 0 0 1306624
1671168 18790431 18789995 24247245 0 0 2052096
1073152 18844617 18844416 24317007 0 0 1306624
1634304 18899166 18898698 24387066 0 0 1912832
1228800 18953319 18953077 24456762 0 0 1302528
626688 19007241 19007057 24526260 0 0 1052672
880640 19061691 19061449 24596286 0 0 1306624
1003520 19115877 19115619 24665982 0 0 1302528
933888 19170063 19169748 24735645 0 0 1277952
1114112 19224546 19224299 24805737 0 0 1273856
1171456 19278765 19278517 24875532 0 0 1306624
970752 19333512 19333263 24946086 0 0 1306624
1921024 19387995 19387548 25016112 0 0 1937408
1183744 19442214 19441978 25085907 0 0 1257472
831488 19496829 19496586 25156197 0 0 1236992
897024 19551213 19550981 25226091 0 0 1306624
978944 19605399 19605165 25295886 0 0 1306624
1204224 19659882 19659622 25365912 0 0 1257472
966656 19714101 19713838 25435674 0 0 1261568
978944 19768584 19768376 25505865 0 0 1257472
823296 19822836 19822652 25575759 0 0 995328
1163264 19866561 19866331 25632222 0 0 1253376
983040 19920648 19920425 25701753 0 0 1257472
1085440 19974801 19974536 25771284 0 0 1302528
1396736 20029185 20028753 25841211 0 0 1990656
827392 20083305 20083053 25910775 0 0 1298432
1060864 20137755 20137492 25980702 0 0 1257472
1568768 20191710 20191337 26050200 0 0 1658880
1105920 20246127 20245949 26120226 0 0 1261568
884736 20300577 20300346 26190153 0 0 1261568
991232 20354961 20354701 26260179 0 0 1310720
1089536 20409345 20409120 26329974 0 0 1257472
987136 20463432 20463210 26399637 0 0 1302528
790528 20517519 20517265 26469168 0 0 1261568
1110016 20571573 20571391 26538699 0 0 1310720
1163264 20625990 20625767 26608692 0 0 1306624
1024000 20680638 20680448 26679015 0 0 1310720
1101824 20735352 20735158 26749338 0 0 1253376
1097728 20789736 20789499 26819298 0 0 1302528
1204224 20843922 20843629 26888862 0 0 1257472
1724416 20898207 20897841 26958789 0 0 1949696
1163264 20952360 20952105 27028386 0 0 1261568
1769472 21006744 21006338 27098280 0 0 1949696
729088 21060600 21060386 27167613 0 0 1069056
970752 21116139 21115921 27238926 0 0 1302528
1093632 21170556 21170240 27308886 0 0 1306624
1114112 21224610 21224406 27378450 0 0 1253376
921600 21279357 21279040 27448806 0 0 1261568
757760 21333345 21333146 27518337 0 0 1306624
1105920 21376773 21376521 27574734 0 0 1302528
1093632 21430926 21430724 27644793 0 0 1306624
1056768 21485178 21484905 27714918 0 0 1298432
1187840 21539364 21539127 27785043 0 0 1257472
1196032 21593583 21593324 27855168 0 0 1257472
958464 21647769 21647504 27925326 0 0 1298432
1093632 21701625 21701415 27995055 0 0 1306624
1273856 21755712 21755391 28065015 0 0 1536000
1224704 21809997 21809803 28135272 0 0 1286144
1085440 21864216 21863950 28205331 0 0 1261568
1044480 21918435 21918178 28275456 0 0 1257472
1167360 21974040 21973833 28347594 0 0 1249280
1130496 22028622 22028389 28418082 0 0 1298432
1097728 22082841 22082583 28488207 0 0 1310720
1007616 22137324 22137091 28558695 0 0 1302528
1224704 22191246 22190999 28628490 0 0 1302528
974848 22245432 22245146 28698582 0 0 1310720
1183744 22299618 22299384 28768740 0 0 1298432
1163264 22353804 22353602 28838799 0 0 1257472
1187840 22407726 22407467 28908561 0 0 1253376
1179648 22461945 22461690 28978686 0 0 1261568
1171456 22515801 22515549 29048316 0 0 1306624
1032192 22570053 22569740 29118474 0 0 1298432
1241088 22624206 22623925 29188566 0 0 1302528
1089536 22678062 22677854 29258394 0 0 1306624
1032192 22732248 22731994 29328552 0 0 1261568
995328 22785807 22785590 29397819 0 0 1261568
1056768 22840059 22839758 29467944 0 0 1257472
