1224704 4422 4232 6006 0 0 1212416
1044480 44088 43825 57750 0 0 1212416
1097728 79200 78937 103587 0 0 1171456
1134592 109791 109562 143418 0 0 1171456
1667072 144639 144198 188925 0 0 1814528
1126400 180972 180735 236313 0 0 1175552
786432 214302 214114 279906 0 0 1048576
1191936 246939 246701 322344 0 0 1212416
1093632 286638 286384 374121 0 0 1167360
1179648 318945 318721 416361 0 0 1167360
1146880 352275 352058 459789 0 0 1212416
1093632 390753 390510 509949 0 0 1171456
1896448 422202 421759 551001 0 0 1888256
1925120 457050 456597 596442 0 0 1945600
1015808 494868 494606 645777 0 0 1216512
786432 526185 525926 686697 0 0 1216512
1110016 559977 559769 730719 0 0 1212416
1282048 598917 598556 781506 0 0 1540096
749568 631158 631008 823614 0 0 876544
897024 664719 664570 867603 0 0 995328
1892352 700128 699692 913572 0 0 1851392
1101824 736164 735956 960564 0 0 1171456
1142784 770088 769827 1004817 0 0 1212416
1146880 800943 800679 1045077 0 0 1171456
1093632 838431 838274 1094016 0 0 1212416
1138688 871794 871561 1137510 0 0 1216512
1851392 904200 903770 1179717 0 0 1945600
1703936 942645 942230 1229910 0 0 1916928
1802240 976536 976131 1274130 0 0 1961984
1134592 1007754 1007498 1314852 0 0 1220608
1044480 1045869 1045692 1364616 0 0 1216512
1187840 1080717 1080509 1410024 0 0 1216512
1667072 1111605 1111170 1450284 0 0 1859584
1716224 1149192 1148696 1499322 0 0 1933312
1925120 1182126 1181710 1542354 0 0 1929216
1097728 1213971 1213716 1583802 0 0 1220608
1171456 1246938 1246674 1626834 0 0 1167360
1179648 1284162 1283945 1675410 0 0 1212416
1224704 1316238 1316015 1717287 0 0 1167360
1835008 1346862 1346390 1757184 0 0 1949696
1175552 1385571 1385313 1807773 0 0 1220608
1785856 1416228 1415735 1847637 0 0 1945600
1200128 1447677 1447404 1888755 0 0 1216512
1122304 1488498 1488304 1942050 0 0 1167360
897024 1514634 1514456 1976205 0 0 921600
823296 1548591 1548285 2020557 0 0 999424
1875968 1588026 1587641 2071839 0 0 1986560
1179648 1620993 1620756 2114838 0 0 1085440
1445888 1654719 1654286 2158596 0 0 1986560
1077248 1694088 1693763 2209647 0 0 1253376
1257472 1726890 1726690 2252448 0 0 1302528
1855488 1757976 1757557 2292840 0 0 2048000
1404928 1792659 1792413 2337885 0 0 1257472
1081344 1828167 1827881 2384052 0 0 1081344
1896448 1862190 1861721 2428074 0 0 2035712
1064960 1896246 1896046 2472360 0 0 1253376
1384448 1934394 1934110 2521695 0 0 1257472
1204224 1966437 1966190 2563143 0 0 1257472
1216512 1999305 1999029 2605845 0 0 1302528
806912 2036496 2036372 2653992 0 0 921600
1343488 2069133 2068843 2696232 0 0 1298432
1282048 2103552 2103258 2740881 0 0 1253376
958464 2142888 2142627 2791866 0 0 1298432
1236992 2175459 2175247 2834073 0 0 1306624
983040 2208360 2208184 2876742 0 0 1298432
1912832 2247993 2247552 2928090 0 0 1990656
1167360 2279772 2279572 2969274 0 0 1085440
1835008 2313795 2313400 3013362 0 0 1990656
1064960 2349501 2349258 3059496 0 0 1261568
1298432 2383293 2383030 3103386 0 0 1253376
1101824 2416227 2415966 3146022 0 0 1257472
1331200 2449755 2449479 3189483 0 0 1298432
1646592 2488200 2487696 3239247 0 0 1990656
761856 2520738 2520580 3281421 0 0 921600
1888256 2555784 2555322 3326895 0 0 2043904
1945600 2593569 2593144 3375801 0 0 1925120
1277952 2625546 2625337 3417348 0 0 1302528
1220608 2658183 2657962 3459489 0 0 1265664
1933312 2696562 2696171 3509286 0 0 2043904
1142784 2729793 2729553 3552450 0 0 1253376
1859584 2761506 2761047 3593436 0 0 2035712
1126400 2798565 2798262 3641451 0 0 1355776
1056768 2832522 2832282 3685506 0 0 1302528
1204224 2865753 2865496 3728505 0 0 1302528
1036288 2900502 2900253 3773517 0 0 1298432
1224704 2937066 2936813 3820938 0 0 1253376
1642496 2969076 2968648 3862320 0 0 1937408
1081344 3002307 3002014 3905418 0 0 1298432
872448 3038310 3038076 3952212 0 0 999424
835584 3066987 3066783 3989733 0 0 1298432
1073152 3099624 3099340 4032138 0 0 1302528
1257472 3138630 3138439 4082694 0 0 1302528
1077248 3171861 3171602 4125891 0 0 1306624
1650688 3204135 3203755 4167834 0 0 1990656
1044480 3240831 3240685 4215552 0 0 1085440
1155072 3272511 3272260 4256571 0 0 1245184
1212416 3303597 3303334 4296930 0 0 1302528
1413120 3346860 3346629 4353195 0 0 1298432
1245184 3378804 3378546 4394610 0 0 1257472
1814528 3410847 3410342 4436157 0 0 1986560
1216512 3448269 3448074 4484733 0 0 1298432
733184 3483678 3483512 4530504 0 0 921600
1294336 3514698 3514428 4570797 0 0 1298432
1314816 3548853 3548552 4614951 0 0 1253376
1036288 3587199 3586964 4664715 0 0 1302528
1183744 3619506 3619266 4706592 0 0 1302528
1122304 3651186 3650903 4747743 0 0 1306624
1667072 3688608 3688185 4796286 0 0 1961984
909312 3721311 3721122 4838658 0 0 1081344
798720 3754410 3754234 4881558 0 0 970752
1867776 3793053 3792661 4931751 0 0 2023424
1331200 3825063 3824800 4973265 0 0 1306624
1040384 3857337 3857109 5015175 0 0 1253376
1142784 3893868 3893676 5062530 0 0 1298432
1179648 3926208 3925942 5104407 0 0 1302528
1626112 3959076 3958703 5147010 0 0 1945600
1224704 3996267 3995981 5195223 0 0 1302528
1208320 4031280 4031058 5240631 0 0 1253376
1208320 4062366 4062112 5280891 0 0 1261568
1146880 4096818 4096506 5325573 0 0 1298432
1163264 4132689 4132485 5372202 0 0 1306624
1187840 4166547 4166320 5415960 0 0 1261568
1044480 4199217 4198984 5458332 0 0 1036288
1024000 4238157 4237971 5508921 0 0 1081344
1179648 4270992 4270744 5551425 0 0 1253376
1187840 4303893 4303641 5594094 0 0 1306624
1945600 4341051 4340586 5642241 0 0 1994752
1077248 4373325 4373028 5684118 0 0 1298432
1974272 4406226 4405754 5726754 0 0 2035712
1904640 4443681 4443191 5775330 0 0 1994752
1892352 4477836 4477399 5819550 0 0 1990656
1044480 4509219 4508911 5860272 0 0 1302528
1277952 4544496 4544260 5906043 0 0 1294336
1150976 4573470 4573306 5944125 0 0 1302528
1236992 4606965 4606607 5987454 0 0 1200128
1740800 4639074 4638595 6029199 0 0 1978368
1896448 4675902 4675493 6077115 0 0 2052096
1187840 4707549 4707350 6118332 0 0 1257472
1191936 4740516 4740255 6161034 0 0 1257472
1286144 4779489 4779252 6211722 0 0 1257472
802816 4812720 4812554 6254886 0 0 921600
1024000 4846974 4846702 6299436 0 0 1257472
1093632 4887432 4887247 6352005 0 0 1081344
1064960 4920597 4920440 6395202 0 0 1085440
1175552 4953168 4952905 6437442 0 0 1269760
1298432 4992999 4992787 6489318 0 0 1253376
1110016 5025867 5025648 6532020 0 0 1294336
1044480 5057217 5057020 6572808 0 0 1302528
1896448 5094969 5094582 6621879 0 0 1986560
1744896 5131236 5130746 6669036 0 0 2035712
802816 5163543 5163319 6711045 0 0 966656
1654784 5199051 5198674 6757278 0 0 2039808
1269760 5238123 5237824 6807966 0 0 1253376
1179648 5271618 5271338 6851493 0 0 1298432
1339392 5305707 5305441 6895911 0 0 1302528
1167360 5345901 5345644 6948150 0 0 1302528
1024000 5379330 5379110 6991710 0 0 1298432
1048576 5412528 5412290 7034841 0 0 1257472
811008 5449719 5449569 7083318 0 0 1003520
1855488 5482257 5481842 7125525 0 0 2031616
1114112 5516016 5515799 7169514 0 0 1298432
1978368 5553768 5553405 7218618 0 0 2048000
1003520 5585184 5584885 7259373 0 0 1302528
1122304 5617722 5617525 7301712 0 0 1298432
1040384 5656101 5655838 7351641 0 0 1298432
1769472 5689266 5688845 7394772 0 0 2031616
1941504 5721573 5721116 7436715 0 0 2048000
1904640 5755695 5755250 7481100 0 0 1986560
1888256 5793084 5792657 7529841 0 0 2048000
913408 5826282 5825982 7573005 0 0 1236992
1236992 5858556 5858346 7614981 0 0 1306624
1142784 5895714 5895454 7663260 0 0 1257472
1130496 5938977 5938685 7719492 0 0 1257472
1187840 5975772 5975580 7767375 0 0 1257472
1941504 6014778 6014295 7818129 0 0 2039808
1351680 6048471 6048287 7862019 0 0 1294336
1245184 6081372 6081152 7904820 0 0 1298432
1224704 6114108 6113758 7947621 0 0 1245184
946176 6146316 6146068 7989597 0 0 1298432
1191936 6178920 6178654 8032002 0 0 1253376
1679360 6217563 6217136 8082261 0 0 2035712
876544 6251124 6250933 8125920 0 0 999424
1290240 6283398 6283151 8167764 0 0 1298432
1437696 6316860 6316590 8211357 0 0 1302528
1761280 6352236 6351761 8257293 0 0 2056192
909312 6383652 6383487 8298246 0 0 1081344
1900544 6415827 6415389 8339958 0 0 1986560
1048576 6454470 6454246 8390448 0 0 1081344
1294336 6485490 6485227 8430906 0 0 1253376
1220608 6516675 6516413 8471430 0 0 1298432
1245184 6555912 6555630 8522481 0 0 1302528
1024000 6588054 6587834 8564457 0 0 1253376
1236992 6619965 6619705 8606004 0 0 1298432
1363968 6659169 6658961 8657154 0 0 1302528
966656 6691476 6691249 8699262 0 0 1044480
1835008 6725103 6724680 8743086 0 0 2035712
1196032 6762162 6761947 8791365 0 0 1298432
1245184 6795591 6795352 8834892 0 0 1302528
1257472 6830835 6830589 8880861 0 0 1306624
1150976 6867366 6867079 8928348 0 0 1249280
970752 6904161 6903965 8976396 0 0 1126400
929792 6935742 6935502 9017613 0 0 1085440
1896448 6965442 6965008 9056190 0 0 1986560
1163264 7004910 7004728 9107736 0 0 1302528
1187840 7038438 7038163 9151263 0 0 1286144
1306624 7071240 7070983 9193998 0 0 1306624
1835008 7109520 7109065 9243894 0 0 1949696
1847296 7139880 7139417 9283527 0 0 2035712
1019904 7171296 7171054 9324414 0 0 1085440
999424 7210500 7210291 9375564 0 0 1302528
1916928 7242312 7241872 9416913 0 0 2035712
1679360 7283958 7283465 9471099 0 0 1933312
1294336 7319730 7319509 9517860 0 0 1253376
1200128 7351311 7351108 9558978 0 0 1220608
2011136 7383519 7383038 9600921 0 0 2023424
1961984 7419159 7418689 9647286 0 0 1957888
1744896 7454634 7454260 9693585 0 0 1859584
1224704 7487469 7487225 9736386 0 0 1257472
1232896 7520007 7519739 9778758 0 0 1302528
1232896 7554327 7554123 9823506 0 0 1298432
1073152 7586535 7586278 9865449 0 0 1306624
1183744 7612506 7612194 9899538 0 0 1302528
679936 7649532 7649300 9947487 0 0 1081344
1757184 7683093 7682667 9990717 0 0 1941504
1003520 7716720 7716479 10034244 0 0 1298432
1142784 7754010 7753802 10082391 0 0 1257472
700416 7787637 7787539 10125885 0 0 921600
983040 7820373 7820118 10168092 0 0 1298432
835584 7857102 7856915 10215645 0 0 1085440
1654784 7890069 7889583 10258182 0 0 2035712
925696 7922112 7921876 10299630 0 0 1306624
1093632 7956366 7956082 10343817 0 0 1298432
913408 7990290 7990030 10387641 0 0 1253376
1052672 8023620 8023354 10430739 0 0 1298432
1548288 8056917 8056426 10473771 0 0 1941504
1687552 8095362 8094925 10523502 0 0 1982464
1597440 8128065 8127629 10565808 0 0 1986560
1056768 8160174 8159933 10607289 0 0 1253376
1011712 8198685 8198442 10657053 0 0 1257472
1126400 8231355 8231122 10699260 0 0 1298432
892928 8264058 8263838 10741566 0 0 1298432
745472 8303163 8303013 10792188 0 0 921600
1597440 8336163 8335694 10834659 0 0 1945600
716800 8367744 8367525 10875546 0 0 1052672
1593344 8406684 8406301 10925904 0 0 1814528
1134592 8441235 8441064 10970586 0 0 1298432
1122304 8473047 8472779 11011605 0 0 1306624
1515520 8509083 8508604 11058201 0 0 1945600
991232 8543700 8543518 11103015 0 0 1081344
1224704 8576634 8576418 11145486 0 0 1302528
999424 8609337 8609057 11187759 0 0 1298432
778240 8647881 8647700 11237589 0 0 974848
966656 8680881 8680557 11280159 0 0 1253376
1110016 8715036 8714809 11324412 0 0 1298432
1138688 8753283 8753014 11373813 0 0 1298432
1019904 8785623 8785362 11415723 0 0 1298432
901120 8817171 8816935 11456511 0 0 1081344
1159168 8855583 8855335 11506110 0 0 1257472
1150976 8886075 8885920 11545578 0 0 1298432
1048576 8919174 8918854 11588181 0 0 1306624
1298432 8956761 8956456 11636823 0 0 1556480
1650688 8988441 8988060 11677875 0 0 1990656
901120 9019461 9019218 11717904 0 0 1085440
1196032 9056322 9056102 11765490 0 0 1302528
753664 9090312 9090147 11809578 0 0 1138688
1032192 9124500 9124226 11853600 0 0 1302528
1196032 9151758 9151513 11889339 0 0 1302528
1040384 9189345 9189106 11937981 0 0 1302528
1085440 9221124 9220853 11979165 0 0 1294336
1863680 9252837 9252456 12020382 0 0 1990656
1839104 9292536 9292164 12071829 0 0 1990656
1327104 9324975 9324707 12113772 0 0 1302528
978944 9356424 9356191 12154593 0 0 1302528
1118208 9392823 9392537 12201783 0 0 1302528
1241088 9424305 9424008 12242571 0 0 1302528
1527808 9456612 9456142 12284481 0 0 2031616
1232896 9495420 9495197 12334773 0 0 1257472
1699840 9528354 9527962 12377508 0 0 1990656
1150976 9562311 9562097 12421497 0 0 1298432
1159168 9600492 9600289 12470997 0 0 1253376
1265664 9634416 9634153 12514887 0 0 1294336
1142784 9666789 9666552 12556896 0 0 1253376
970752 9700053 9699816 12600093 0 0 1257472
1671168 9736122 9735688 12646788 0 0 2048000
1638400 9769089 9768614 12689556 0 0 1986560
868352 9801792 9801554 12731961 0 0 1302528
1671168 9840600 9840175 12782187 0 0 2031616
1056768 9874194 9873909 12825780 0 0 1257472
1114112 9905940 9905666 12866931 0 0 1298432
1527808 9945903 9945547 12918708 0 0 1699840
1789952 9978342 9977867 12960717 0 0 1990656
974848 10009791 10009595 13001604 0 0 958464
782336 10047345 10047169 13050246 0 0 921600
1052672 10080906 10080679 13093806 0 0 1294336
983040 10113015 10112742 13135386 0 0 1302528
1142784 10150833 10150669 13184457 0 0 1302528
1691648 10185681 10185240 13229601 0 0 1945600
1908736 10216503 10216107 13269564 0 0 1990656
1703936 10251747 10251257 13315137 0 0 1990656
753664 10290456 10290319 13365396 0 0 921600
856064 10322598 10322414 13406976 0 0 921600
962560 10355202 10354977 13449348 0 0 1253376
1069056 10394010 10393764 13499640 0 0 1257472
937984 10425855 10425649 13540956 0 0 1081344
946176 10456347 10456197 13580589 0 0 1130496
1777664 10494132 10493784 13629495 0 0 1941504
1089536 10526538 10526308 13671471 0 0 1302528
1032192 10558614 10558361 13712985 0 0 1257472
1159168 10597389 10597162 13763343 0 0 1253376
1101824 10629498 10629284 13804890 0 0 1298432
839680 10659462 10659321 13843896 0 0 999424
1691648 10694970 10694509 13889964 0 0 2048000
1880064 10727640 10727151 13932237 0 0 1986560
970752 10760541 10760297 13974939 0 0 1253376
1212416 10795059 10794813 14019522 0 0 1298432
1908736 10830468 10830061 14065326 0 0 2035712
2064384 10862511 10862078 14106873 0 0 1990656
1187840 10895181 10895005 14149080 0 0 1224704
987136 10932174 10931998 14197062 0 0 1118208
1822720 10964811 10964346 14239137 0 0 2035712
1073152 10999164 10998883 14283588 0 0 1257472
1867776 11037147 11036771 14332725 0 0 1990656
1404928 11071038 11070826 14376582 0 0 1298432
1069056 11103741 11103501 14418789 0 0 1298432
1089536 11140668 11140406 14466573 0 0 1298432
1675264 11175549 11175106 14511651 0 0 2031616
1048576 11207592 11207358 14553165 0 0 1302528
1318912 11246895 11246560 14604051 0 0 1470464
1155072 11280291 11280074 14647182 0 0 1298432
1204224 11313588 11313337 14690247 0 0 1298432
1044480 11348370 11348170 14735292 0 0 1302528
1069056 11384241 11383947 14781591 0 0 1056768
790528 11418396 11418149 14825877 0 0 1081344
1282048 11450406 11450103 14867193 0 0 1253376
995328 11489478 11489229 14917683 0 0 1257472
1273856 11523072 11522849 14961111 0 0 1245184
1032192 11556666 11556398 15004638 0 0 1298432
1335296 11594814 11594578 15053940 0 0 1298432
921600 11627286 11627057 15095982 0 0 1085440
966656 11659890 11659730 15138222 0 0 1077248
1875968 11698335 11697889 15187854 0 0 1986560
1155072 11730081 11729854 15228906 0 0 1306624
2011136 11762751 11762282 15271113 0 0 1998848
991232 11799744 11799482 15318930 0 0 1294336
1748992 11833272 11832825 15362391 0 0 1994752
704512 11865117 11864860 15403509 0 0 995328
1720320 11900724 11900365 15449676 0 0 2031616
1142784 11935242 11935003 15494259 0 0 1302528
1241088 11967681 11967410 15536136 0 0 1253376
1110016 12001539 12001316 15579927 0 0 1298432
897024 12040281 12040101 15630120 0 0 1298432
897024 12072093 12071954 15671139 0 0 921600
1847296 12108129 12107709 15717834 0 0 2035712
1671168 12152712 12152256 15775452 0 0 1990656
851968 12186339 12186154 15819144 0 0 987136
1044480 12215643 12215361 15857259 0 0 1298432
1744896 12253032 12252583 15905868 0 0 2048000
942080 12286230 12286028 15948999 0 0 1069056
1794048 12318735 12318293 15991173 0 0 1986560
2048000 12356784 12356323 16040541 0 0 1990656
1855488 12389025 12388543 16082352 0 0 2035712
1212416 12421893 12421645 16125021 0 0 1298432
1257472 12459645 12459390 16174059 0 0 1298432
1257472 12494889 12494645 16219797 0 0 1302528
1609728 12528054 12527691 16262796 0 0 1753088
1122304 12562836 12562564 16307940 0 0 1253376
901120 12600093 12599867 16356252 0 0 1118208
1122304 12638934 12638697 16406643 0 0 1298432
1294336 12671868 12671578 16449345 0 0 1286144
983040 12709917 12709679 16498680 0 0 1253376
1703936 12743148 12742665 16541712 0 0 1990656
1191936 12776610 12776381 16585173 0 0 1257472
1990656 12814626 12814207 16634508 0 0 2048000
1040384 12849474 12849252 16679751 0 0 1085440
1286144 12881385 12881090 16721034 0 0 1306624
1155072 12918180 12918005 16768818 0 0 1298432
1163264 12951114 12950863 16811487 0 0 1306624
1810432 12984906 12984517 16855311 0 0 1990656
1880064 13034868 13034432 16920090 0 0 1982464
962560 13070343 13070047 16966026 0 0 1085440
1220608 13101594 13101350 17006484 0 0 1232896
1847296 13135122 13134645 17049978 0 0 1945600
1413120 13170102 13169845 17095419 0 0 1253376
1040384 13200528 13200330 17134920 0 0 1257472
1781760 13233726 13233319 17177985 0 0 1986560
856064 13274316 13274123 17230587 0 0 1081344
978944 13306260 13306050 17272068 0 0 1085440
1736704 13338204 13337681 17313351 0 0 1941504
1044480 13375956 13375696 17362389 0 0 1302528
1232896 13408263 13408013 17404200 0 0 1298432
1228800 13439910 13439648 17445252 0 0 1302528
1961984 13478619 13478091 17495445 0 0 2048000
978944 13511190 13510946 17537685 0 0 1253376
942080 13541385 13541226 17576856 0 0 921600
1183744 13577883 13577640 17624145 0 0 1294336
1138688 13612269 13612029 17668794 0 0 1306624
1159168 13645170 13644901 17711364 0 0 1253376
1093632 13679919 13679716 17756409 0 0 1302528
1368064 13709850 13709575 17795613 0 0 1302528
970752 13742223 13741970 17837754 0 0 1085440
831488 13773936 13773752 17878905 0 0 1085440
1064960 13809576 13809308 17925072 0 0 1306624
1138688 13841883 13841672 17967015 0 0 1298432
950272 13872705 13872459 18007044 0 0 1302528
1081344 13911183 13910896 18056940 0 0 1306624
1810432 13944381 13943926 18100104 0 0 1941504
1765376 13976688 13976289 18142014 0 0 1990656
995328 14014572 14014428 18191349 0 0 1085440
1179648 14047176 14046868 18233391 0 0 1298432
2072576 14085819 14085408 18283551 0 0 2035712
1171456 14123670 14123376 18332589 0 0 1253376
1286144 14155614 14155359 18374070 0 0 1302528
987136 14187657 14187384 18415518 0 0 1253376
1216512 14220525 14220306 18458055 0 0 1302528
1150976 14255274 14255052 18503100 0 0 1253376
1204224 14287878 14287622 18545373 0 0 1306624
1994752 14320779 14320263 18588009 0 0 1970176
1155072 14359488 14359167 18638169 0 0 1302528
1228800 14391465 14391235 18679683 0 0 1306624
1802240 14424960 14424533 18723111 0 0 2048000
1056768 14463669 14463454 18773271 0 0 1302528
1118208 14495811 14495506 18814917 0 0 1081344
1122304 14529240 14529034 18858345 0 0 1077248
1503232 14568411 14568036 18909066 0 0 1703936
1159168 14601411 14601163 18951801 0 0 1294336
1155072 14633388 14633170 18993249 0 0 1298432
1200128 14668797 14668494 19039053 0 0 1306624
1974272 14700741 14700283 19080501 0 0 1941504
1777664 14732157 14731670 19121190 0 0 1986560
1122304 14759679 14759428 19157325 0 0 1302528
1908736 14794197 14793746 19202073 0 0 2064384
1220608 14825679 14825431 19242894 0 0 1257472
1089536 14858613 14858354 19285629 0 0 1253376
1294336 14897982 14897717 19336746 0 0 1253376
1019904 14930388 14930110 19378689 0 0 1306624
1024000 14962695 14962497 19420731 0 0 1298432
1245184 15001140 15000716 19470462 0 0 1581056
946176 15034569 15034358 19513890 0 0 1085440
1339392 15066480 15066282 19555239 0 0 1249280
1241088 15104034 15103754 19603815 0 0 1298432
1785856 15136671 15136270 19646055 0 0 1888256
1900544 15167757 15167383 19686381 0 0 2019328
1683456 15205278 15204854 19734924 0 0 2048000
872448 15238938 15238733 19778550 0 0 946176
1007616 15271641 15271391 19820889 0 0 1261568
1867776 15307479 15307015 19867287 0 0 1941504
1163264 15342591 15342360 19912728 0 0 1257472
1163264 15375558 15375283 19955364 0 0 1306624
1019904 15406644 15406399 19995690 0 0 1253376
1089536 15445716 15445606 20046279 0 0 921600
1110016 15479244 15479042 20089707 0 0 1298432
1130496 15511617 15511306 20131617 0 0 1306624
1187840 15552141 15551940 20184087 0 0 1302528
999424 15584481 15584316 20225997 0 0 1302528
1056768 15616854 15616672 20267874 0 0 1298432
1073152 15655893 15655708 20318430 0 0 1302528
1105920 15687639 15687418 20359449 0 0 1257472
1003520 15719451 15719181 20400600 0 0 987136
925696 15756972 15756774 20449275 0 0 1085440
1249280 15789807 15789597 20491746 0 0 1257472
1044480 15822213 15821919 20533590 0 0 1298432
1732608 15856632 15856214 20578206 0 0 2043904
1826816 15892041 15891555 20624043 0 0 1945600
1949696 15923754 15923262 20665029 0 0 1953792
1716224 15954840 15954421 20705421 0 0 1949696
1802240 15989919 15989484 20750796 0 0 1986560
1126400 16022589 16022390 20793003 0 0 1298432
1155072 16056150 16055889 20836464 0 0 1298432
1277952 16093935 16093684 20885403 0 0 1302528
1097728 16126605 16126381 20927676 0 0 1257472
1945600 16158912 16158485 20969487 0 0 1990656
991232 16197093 16196927 21019053 0 0 1081344
1769472 16228179 16227723 21059181 0 0 1990656
987136 16260816 16260571 21101454 0 0 1298432
1142784 16292958 16292734 21143463 0 0 1306624
1785856 16326552 16326063 21187023 0 0 1990656
1687552 16358298 16357884 21228207 0 0 1990656
1748992 16394928 16394535 21275727 0 0 1941504
880640 16431393 16431093 21322950 0 0 1085440
1028096 16462413 16462149 21363177 0 0 1298432
1163264 16496040 16495724 21406836 0 0 1302528
1110016 16534155 16533970 21456270 0 0 1306624
1110016 16567749 16567532 21499830 0 0 1257472
1200128 16599759 16599538 21541443 0 0 1290240
958464 16638039 16637781 21591009 0 0 1134592
1966080 16668531 16668087 21630477 0 0 2048000
978944 16700640 16700439 21672156 0 0 1200128
1142784 16741824 16741552 21725484 0 0 1298432
1134592 16773273 16772994 21766239 0 0 1257472
1204224 16805019 16804761 21807456 0 0 1298432
1867776 16843728 16843332 21857715 0 0 2048000
1826816 16875837 16875412 21899328 0 0 2039808
950272 16907055 16906847 21939819 0 0 983040
974848 16945170 16944964 21989187 0 0 1298432
1183744 16978500 16978244 22032285 0 0 1302528
647168 17009982 17009829 22073205 0 0 937984
1474560 17044038 17043711 22117392 0 0 1654784
1810432 17081361 17080949 22165737 0 0 2048000
761856 17112513 17112358 22206162 0 0 978944
1056768 17146404 17146133 22250085 0 0 1298432
1040384 17183661 17183437 22298397 0 0 1294336
1134592 17215110 17214895 22339152 0 0 1241088
1257472 17248737 17248501 22382712 0 0 1302528
1724416 17286621 17286166 22431816 0 0 1990656
999424 17319621 17319416 22474716 0 0 1056768
1597440 17352126 17351808 22516824 0 0 1753088
1081344 17391660 17391411 22568007 0 0 1302528
954368 17424330 17424062 22610379 0 0 1257472
1302528 17456637 17456407 22652355 0 0 1306624
1708032 17493234 17492885 22699875 0 0 1945600
1073152 17526894 17526635 22743402 0 0 1253376
778240 17559333 17559100 22785477 0 0 1081344
1085440 17592861 17592505 22828938 0 0 1302528
1179648 17627643 17627422 22874049 0 0 1306624
1155072 17659752 17659500 22915695 0 0 1257472
1069056 17691795 17691535 22957209 0 0 1253376
2035712 17729679 17729222 23006313 0 0 2015232
778240 17762712 17762488 23049180 0 0 1052672
925696 17790201 17789999 23084853 0 0 999424
999424 17825775 17825534 23131053 0 0 1302528
1122304 17859171 17858862 23174283 0 0 1257472
1069056 17890719 17890437 23214972 0 0 1298432
1105920 17929230 17929042 23264901 0 0 1257472
659456 17962362 17962171 23307669 0 0 921600
1851392 17994504 17994033 23349216 0 0 1990656
1781760 18032157 18031783 23397924 0 0 1986560
1077248 18065553 18065378 23441121 0 0 1298432
1167360 18095946 18095678 23480292 0 0 1257472
1241088 18128979 18128729 23523126 0 0 1302528
1163264 18166368 18166088 23571339 0 0 1298432
1011712 18198510 18198283 23613117 0 0 1081344
1769472 18232434 18231976 23656875 0 0 1945600
1712128 18272166 18271750 23708322 0 0 2031616
1105920 18304374 18304070 23749902 0 0 1253376
1048576 18336153 18335885 23791053 0 0 1294336
1818624 18372519 18372064 23838177 0 0 1998848
1630208 18405915 18405502 23881308 0 0 2039808
1638400 18439245 18438810 23924505 0 0 1994752
1007616 18478449 18478203 23975226 0 0 1310720
1114112 18510888 18510658 24017103 0 0 1298432
1683456 18544482 18544105 24060663 0 0 1966080
1146880 18582531 18582223 24109833 0 0 1286144
1064960 18616191 18615935 24153360 0 0 1302528
1077248 18647970 18647731 24194577 0 0 1306624
1155072 18682818 18682672 24239688 0 0 1298432
1880064 18720504 18720040 24288363 0 0 1941504
765952 18753933 18753741 24331758 0 0 1130496
983040 18785976 18785772 24373107 0 0 1253376
1724416 18824916 18824414 24423333 0 0 1945600
1150976 18858213 18858020 24466464 0 0 1294336
1642496 18890355 18889938 24508077 0 0 1937408
1097728 18928932 18928713 24558006 0 0 1294336
1753088 18960480 18960041 24598827 0 0 1990656
974848 18993282 18993089 24641298 0 0 1077248
1642496 19032123 19031677 24691491 0 0 2035712
1208320 19064232 19063990 24733005 0 0 1302528
1241088 19096638 19096449 24775014 0 0 1306624
1011712 19134621 19134354 24824085 0 0 1294336
1691648 19169766 19169358 24869658 0 0 2035712
888832 19204119 19203884 24914076 0 0 1052672
1781760 19238340 19237921 24958362 0 0 2039808
962560 19273551 19273322 25003902 0 0 1302528
1048576 19307838 19307623 25048188 0 0 1253376
1134592 19335789 19335587 25084686 0 0 1294336
958464 19377105 19376917 25138014 0 0 1290240
1077248 19409610 19409405 25179825 0 0 1257472
1613824 19442115 19441645 25221735 0 0 1941504
1748992 19481352 19480875 25272258 0 0 2031616
1847296 19515342 19514908 25316148 0 0 1945600
1171456 19550256 19550000 25361127 0 0 1302528
1015808 19591968 19591692 25414884 0 0 1298432
1064960 19632393 19632182 25466991 0 0 1257472
1368064 19666086 19665854 25510452 0 0 1257472
1900544 19705290 19704825 25560942 0 0 1986560
1318912 19737135 19736891 25602027 0 0 1306624
1015808 19769277 19768998 25643475 0 0 1298432
1236992 19805082 19804849 25689708 0 0 1257472
1093632 19843428 19843195 25739076 0 0 1298432
1089536 19875900 19875636 25780854 0 0 1298432
651264 19910550 19910373 25825503 0 0 978944
1671168 19951206 19950805 25878039 0 0 2048000
1724416 19984239 19983842 25920675 0 0 2052096
1585152 20018559 20018134 25964928 0 0 1945600
1077248 20059017 20058727 26017035 0 0 1253376
1277952 20104227 20103879 26075379 0 0 1654784
724992 20137062 20136907 26117751 0 0 970752
1646592 20177520 20177059 26169858 0 0 1990656
958464 20209365 20209111 26210844 0 0 1253376
1675264 20242398 20241978 26253546 0 0 1982464
1314816 20280678 20280479 26302947 0 0 1298432
1097728 20313513 20313246 26345154 0 0 1257472
1105920 20345688 20345414 26386668 0 0 1298432
1019904 20382120 20381867 26433693 0 0 1302528
884736 20418321 20418103 26480256 0 0 937984
839680 20450166 20449972 26521440 0 0 1052672
1105920 20482902 20482656 26563614 0 0 1257472
1097728 20520819 20520584 26612553 0 0 1302528
1064960 20552994 20552775 26653968 0 0 1298432
1101824 20584872 20584540 26695086 0 0 1302528
860160 20623779 20623494 26745180 0 0 1257472
884736 20655690 20655470 26786463 0 0 1134592
1716224 20687799 20687328 26827746 0 0 1986560
1032192 20726442 20726237 26877708 0 0 1081344
1630208 20757594 20757123 26917770 0 0 2043904
1101824 20791023 20790718 26960835 0 0 1306624
1101824 20828313 20828144 27009048 0 0 1253376
1253376 20855076 20854855 27043863 0 0 1302528
1785856 20887449 20886929 27085839 0 0 2048000
827392 20923221 20922993 27132336 0 0 1134592
1617920 20957013 20956618 27176127 0 0 1990656
823296 20988231 20987986 27216717 0 0 1052672
1171456 21021462 21021156 27259683 0 0 1257472
1073152 21058125 21057789 27307203 0 0 1253376
1748992 21089805 21089406 27348354 0 0 1986560
1363968 21124257 21123995 27393168 0 0 1253376
1658880 21162735 21162252 27442998 0 0 1978368
1777664 21194481 21194065 27484149 0 0 2048000
1257472 21227085 21226853 27526620 0 0 1302528
1085440 21264375 21264092 27574866 0 0 1298432
1798144 21296088 21295657 27616083 0 0 2043904
1798144 21328395 21327974 27658125 0 0 1990656
1789952 21363111 21362689 27703170 0 0 1953792
1716224 21393306 21392915 27742374 0 0 1982464
1159168 21425118 21424847 27783591 0 0 1298432
1163264 21460725 21460535 27829923 0 0 1298432
1105920 21493131 21492842 27871899 0 0 1204224
1372160 21526032 21525779 27914601 0 0 1302528
1232896 21558966 21558700 27957336 0 0 1302528
1781760 21593748 21593279 28002513 0 0 1990656
1536000 21626682 21626345 28045248 0 0 1564672
1708032 21659286 21658880 28087620 0 0 1990656
1761280 21696246 21695770 28135536 0 0 2002944
1003520 21728586 21728326 28177545 0 0 1298432
1155072 21760596 21760360 28219125 0 0 1298432
1785856 21796929 21796442 28266150 0 0 1982464
1798144 21828312 21827824 28307004 0 0 2031616
1183744 21861609 21861335 28350135 0 0 1257472
1949696 21897216 21896820 28396467 0 0 1945600
1236992 21928962 21928759 28437651 0 0 1302528
1093632 21961632 21961361 28480023 0 0 1294336
1015808 21999714 21999449 28529457 0 0 1298432
1163264 22033869 22033623 28573809 0 0 1261568
1167360 22067529 22067346 28617468 0 0 1081344
897024 22100199 22099982 28659873 0 0 1105920
851968 22135938 22135654 28706172 0 0 1081344
1052672 22168179 22167894 28748049 0 0 1298432
1224704 22201641 22201380 28791510 0 0 1302528
1245184 22242231 22241982 28844211 0 0 1253376
1196032 22275792 22275548 28887771 0 0 1298432
1724416 22308462 22307964 28930143 0 0 1986560
1867776 22345950 22345473 28978851 0 0 1941504
876544 22377696 22377529 29020266 0 0 1003520
