1269760 3135 2641 4059 0 0 1212416
1671168 27555 26909 35904 0 0 1912832
1810432 59895 59196 77880 0 0 1945600
995328 81246 80828 105765 0 0 1204224
1179648 105996 105552 138006 0 0 1212416
1089536 128370 127813 167079 0 0 1212416
1413120 151569 151068 197307 0 0 1478656
761856 173943 173582 226413 0 0 876544
770048 196581 196215 255882 0 0 831488
1183744 221958 221435 288948 0 0 1163264
1048576 246378 245868 320727 0 0 1204224
753664 265056 264710 345147 0 0 831488
1163264 288948 288417 376101 0 0 1208320
806912 310695 310294 404580 0 0 995328
1515520 332046 331393 432300 0 0 1900544
811008 355674 355270 463056 0 0 962560
1069056 374649 374127 487707 0 0 1167360
1069056 397551 397063 517605 0 0 1212416
1110016 420486 420000 547470 0 0 1208320
1032192 441012 440558 574101 0 0 1175552
692224 464013 463583 603999 0 0 876544
708608 484803 484390 631125 0 0 831488
806912 501105 500701 652542 0 0 917504
1236992 522951 522524 681186 0 0 1294336
1257472 543972 543543 708576 0 0 1249280
1228800 566907 566452 738276 0 0 1302528
1986560 589050 588382 767019 0 0 1990656
1933312 612975 612287 798171 0 0 2031616
1802240 641718 641106 835560 0 0 2031616
839680 677622 677121 882189 0 0 995328
1830912 698775 698064 909612 0 0 1990656
2060288 724284 723558 942744 0 0 2052096
1912832 744249 743567 968814 0 0 2031616
1986560 776127 775431 1010097 0 0 2048000
937984 802461 802044 1044384 0 0 921600
1011712 817938 817486 1064547 0 0 1081344
1552384 835659 835026 1087515 0 0 1753088
1024000 852093 851688 1108965 0 0 1081344
1900544 869649 868945 1131603 0 0 2002944
1875968 888690 888027 1156386 0 0 2035712
794624 903870 903458 1176021 0 0 970752
1671168 922317 921638 1199946 0 0 2031616
1212416 938982 938463 1221594 0 0 1298432
1187840 953238 952736 1240074 0 0 1298432
1142784 971388 970877 1263636 0 0 1302528
942080 989637 989162 1287363 0 0 1081344
1658880 1005312 1004612 1307592 0 0 2048000
897024 1022637 1022137 1330131 0 0 1138688
774144 1034814 1034400 1346235 0 0 921600
839680 1053294 1052759 1370259 0 0 1294336
1040384 1072104 1071636 1394679 0 0 1302528
1359872 1087614 1087050 1414842 0 0 1306624
1335296 1105797 1105225 1438404 0 0 1302528
790528 1122792 1122367 1460514 0 0 921600
1560576 1140645 1139985 1483713 0 0 2031616
1019904 1158630 1158183 1507110 0 0 1085440
1089536 1174998 1174480 1528263 0 0 1302528
1085440 1191960 1191450 1550307 0 0 1298432
1097728 1208955 1208442 1572384 0 0 1302528
1912832 1223805 1223118 1591656 0 0 2052096
2035712 1242615 1241899 1616076 0 0 1994752
1941504 1259049 1258314 1637361 0 0 2052096
1572864 1277232 1276524 1661055 0 0 2035712
1683456 1297197 1296559 1687026 0 0 2048000
946176 1311222 1310680 1705176 0 0 1257472
1216512 1329339 1328880 1728837 0 0 1294336
983040 1347984 1347460 1752960 0 0 1249280
1855488 1362735 1362027 1772001 0 0 2048000
1298432 1382403 1381912 1797576 0 0 1306624
1060864 1399167 1398649 1819356 0 0 1142784
1769472 1415403 1414741 1840377 0 0 2031616
999424 1433421 1432911 1863741 0 0 1241088
872448 1448469 1447974 1883244 0 0 1245184
913408 1467609 1467178 1908126 0 0 1081344
1724416 1488135 1487476 1934625 0 0 1986560
1003520 1503084 1502647 1954062 0 0 1085440
1187840 1520904 1520394 1977096 0 0 1302528
1220608 1538493 1537975 1999932 0 0 1298432
1044480 1553739 1553210 2019765 0 0 1339392
1130496 1572120 1571597 2043492 0 0 1294336
1228800 1588158 1587658 2064315 0 0 1294336
970752 1605813 1605332 2087250 0 0 1126400
1191936 1623006 1622535 2109492 0 0 1257472
1650688 1637559 1636911 2128269 0 0 2035712
1814528 1655115 1654438 2151105 0 0 1986560
1937408 1672440 1671757 2173578 0 0 1990656
794624 1689171 1688680 2195358 0 0 1081344
815104 1707354 1706891 2218920 0 0 1138688
1122304 1723359 1722842 2239545 0 0 1302528
1196032 1738836 1738338 2259609 0 0 1306624
1097728 1758174 1757658 2284755 0 0 1302528
913408 1773420 1772954 2304555 0 0 1085440
1720320 1791240 1790516 2327589 0 0 1945600
684032 1809093 1808699 2350821 0 0 921600
901120 1824900 1824442 2371380 0 0 1085440
1769472 1842720 1842071 2394414 0 0 2035712
1126400 1858197 1857703 2414445 0 0 1302528
1093632 1875225 1874727 2436621 0 0 1245184
1163264 1893639 1893107 2460414 0 0 1253376
1728512 1907829 1907136 2478894 0 0 2052096
1032192 1926771 1926230 2503413 0 0 1085440
831488 1943997 1943498 2525754 0 0 1085440
937984 1959474 1959001 2545851 0 0 1298432
1642496 1978185 1977521 2569974 0 0 2031616
1511424 1994520 1993846 2591193 0 0 1945600
1716224 2011779 2011123 2613633 0 0 2031616
1736704 2029104 2028454 2636007 0 0 2031616
1208320 2043195 2042667 2654289 0 0 1318912
1130496 2062467 2061932 2679237 0 0 1298432
1261568 2079660 2079155 2701644 0 0 1257472
1249280 2095764 2095290 2722401 0 0 1302528
1015808 2115795 2115272 2748372 0 0 1294336
1769472 2131536 2130832 2768799 0 0 2035712
1716224 2149389 2148711 2791932 0 0 1990656
1699840 2169123 2168430 2817507 0 0 2052096
1056768 2183973 2183479 2836812 0 0 1302528
1150976 2202156 2201691 2860374 0 0 1302528
1163264 2218821 2218324 2881989 0 0 1302528
1794048 2234859 2234188 2902845 0 0 2052096
1064960 2252580 2252109 2925780 0 0 1245184
798720 2268585 2268090 2946504 0 0 974848
1044480 2285844 2285352 2968812 0 0 921600
921600 2305875 2305385 2994882 0 0 1085440
888832 2327061 2326609 3022470 0 0 1122304
1728512 2345178 2344484 3045867 0 0 2035712
1814528 2362734 2362058 3068637 0 0 2031616
1896448 2378244 2377496 3088668 0 0 2035712
1060864 2397978 2397524 3114408 0 0 1245184
1748992 2414280 2413611 3135462 0 0 1986560
1077248 2431539 2431069 3157836 0 0 1257472
1822720 2448204 2447538 3179451 0 0 1990656
1515520 2462460 2461763 3197964 0 0 2031616
1802240 2478630 2477942 3219216 0 0 2035712
811008 2494800 2494361 3240105 0 0 921600
1728512 2511201 2510499 3261390 0 0 2027520
933888 2528823 2528288 3284226 0 0 1298432
770048 2544663 2544265 3304686 0 0 921600
1773568 2560437 2559784 3325212 0 0 1986560
1622016 2578125 2577410 3348048 0 0 1982464
1921024 2592051 2591432 3366132 0 0 2048000
929792 2609805 2609323 3389133 0 0 1085440
876544 2628120 2627612 3412794 0 0 1130496
1794048 2642310 2641606 3431142 0 0 2052096
1376256 2659338 2658851 3453219 0 0 1306624
1191936 2676399 2675838 3475296 0 0 1249280
1835008 2693064 2692406 3496911 0 0 1986560
1703936 2710455 2709707 3519351 0 0 2031616
1765376 2726229 2725474 3539844 0 0 2031616
1032192 2745039 2744601 3564264 0 0 1302528
1867776 2762463 2761729 3586737 0 0 1994752
1875968 2777610 2776951 3606405 0 0 2031616
1134592 2794605 2794178 3628515 0 0 1298432
1830912 2811996 2811294 3650988 0 0 2048000
1843200 2831070 2830447 3675738 0 0 2035712
1118208 2848428 2847930 3698244 0 0 1302528
1204224 2864103 2863568 3718539 0 0 1368064
1732608 2883375 2882655 3743520 0 0 1990656
1933312 2901888 2901226 3767577 0 0 2027520
1822720 2918652 2917937 3789192 0 0 2031616
888832 2935647 2935238 3811269 0 0 921600
843776 2951223 2950739 3831531 0 0 1150976
1712128 2967822 2967167 3853047 0 0 2035712
1126400 2986401 2985868 3877071 0 0 1294336
1097728 3001647 3001144 3896805 0 0 1306624
1052672 3019335 3018852 3919839 0 0 1200128
1265664 3043227 3042790 3950793 0 0 1257472
1220608 3060387 3059843 3972969 0 0 1081344
1363968 3079626 3079063 3997983 0 0 1748992
1671168 3097281 3096656 4020918 0 0 1941504
1290240 3113121 3112604 4041411 0 0 1306624
1548288 3130479 3129820 4063851 0 0 1986560
2015232 3146550 3145823 4084740 0 0 2035712
1617920 3164535 3163847 4107972 0 0 1990656
1097728 3182586 3181988 4131369 0 0 1122304
1880064 3197337 3196642 4150509 0 0 1986560
843776 3215025 3214600 4173477 0 0 1056768
1675264 3231393 3230693 4194663 0 0 1990656
1011712 3247761 3247295 4215915 0 0 1302528
1970176 3264228 3263537 4237200 0 0 2052096
974848 3279474 3279034 4257033 0 0 1056768
942080 3297426 3296939 4280298 0 0 1130496
1236992 3315279 3314780 4303398 0 0 1257472
1077248 3329832 3329374 4322274 0 0 1298432
1884160 3347784 3347034 4345572 0 0 1990656
1179648 3364218 3363713 4366824 0 0 1257472
1843200 3381213 3380544 4388934 0 0 1986560
913408 3398571 3398184 4411341 0 0 921600
1667072 3412860 3412192 4429854 0 0 1986560
1839104 3432297 3431604 4455000 0 0 1986560
1298432 3451734 3451241 4480278 0 0 1298432
1044480 3466023 3465495 4498758 0 0 1294336
966656 3485823 3485375 4524531 0 0 1052672
872448 3502818 3502376 4546410 0 0 921600
1777664 3518592 3517896 4566969 0 0 1990656
1228800 3537468 3536930 4591422 0 0 1310720
1261568 3551988 3551513 4610265 0 0 1290240
1245184 3568422 3567948 4631550 0 0 1302528
1892352 3588156 3587493 4657191 0 0 1990656
1740800 3602115 3601458 4675308 0 0 1990656
1024000 3620826 3620283 4699464 0 0 1302528
851968 3637458 3637013 4721013 0 0 929792
1810432 3653496 3652854 4741869 0 0 1990656
1196032 3670227 3669752 4763484 0 0 1306624
1306624 3686958 3686477 4785132 0 0 1253376
1187840 3703920 3703491 4807209 0 0 1298432
2080768 3722466 3721783 4831266 0 0 1994752
1859584 3738009 3737296 4851297 0 0 1990656
1773568 3755598 3754965 4874166 0 0 2048000
1032192 3772329 3771850 4895847 0 0 1302528
1368064 3789720 3789169 4918386 0 0 1306624
1843200 3808200 3807558 4942377 0 0 2039808
1691648 3822522 3821785 4960890 0 0 1990656
1814528 3841101 3840393 4984947 0 0 2048000
798720 3858459 3858006 5007453 0 0 991232
1769472 3871428 3870713 5024349 0 0 1998848
1781760 3889677 3888968 5047911 0 0 2035712
1224704 3906375 3905913 5069625 0 0 1302528
1888256 3922479 3921759 5090481 0 0 2031616
974848 3940530 3940051 5113944 0 0 1241088
1892352 3954984 3954316 5132655 0 0 2002944
1773568 3972309 3971661 5155062 0 0 2035712
1794048 3991515 3990825 5179911 0 0 1986560
1089536 4003791 4003243 5196147 0 0 1302528
1814528 4022997 4022299 5220996 0 0 2043904
684032 4040685 4040227 5243766 0 0 921600
962560 4057185 4056752 5265249 0 0 1241088
1781760 4075467 4074743 5288646 0 0 1990656
1585152 4091208 4090580 5309205 0 0 2027520
1155072 4108665 4108122 5331711 0 0 1298432
1011712 4127871 4127385 5356461 0 0 1298432
1794048 4142754 4142148 5375799 0 0 2031616
987136 4160805 4160403 5399196 0 0 1130496
1175552 4177833 4177364 5421108 0 0 1302528
1093632 4193970 4193521 5441931 0 0 1306624
1642496 4212879 4212187 5466384 0 0 1941504
1499136 4228455 4227778 5486481 0 0 2031616
1286144 4246143 4245612 5509317 0 0 1306624
1077248 4264458 4263904 5532945 0 0 1302528
913408 4279968 4279446 5552976 0 0 1298432
708608 4299174 4298763 5577858 0 0 921600
1110016 4316103 4315526 5599737 0 0 1241088
1110016 4330887 4330360 5618844 0 0 1302528
1589248 4350357 4349626 5644023 0 0 1986560
1593344 4366791 4366089 5665275 0 0 2052096
1552384 4384149 4383470 5687715 0 0 2023424
1662976 4402431 4401784 5711376 0 0 2031616
974848 4416324 4415774 5729295 0 0 1257472
1748992 4432890 4432266 5750778 0 0 2039808
1273856 4452723 4452139 5776419 0 0 1298432
1069056 4467936 4467488 5796087 0 0 1298432
782336 4485657 4485262 5819121 0 0 999424
950272 4499451 4499048 5837139 0 0 921600
1687552 4516512 4515821 5859150 0 0 2031616
1101824 4533936 4533411 5881590 0 0 1298432
1069056 4550436 4550017 5903073 0 0 1081344
1187840 4569609 4569045 5927691 0 0 1253376
1126400 4587825 4587359 5951352 0 0 1298432
1929216 4604985 4604257 5973429 0 0 2052096
1708032 4623234 4622544 5997024 0 0 2027520
1683456 4639404 4638684 6017913 0 0 2035712
987136 4657389 4656868 6041178 0 0 1253376
1675264 4676562 4675930 6065994 0 0 1945600
901120 4693161 4692698 6087510 0 0 1241088
1822720 4712532 4711889 6112524 0 0 2035712
983040 4730055 4729572 6135129 0 0 1118208
1695744 4745763 4745104 6155424 0 0 2035712
1667072 4765332 4764674 6180603 0 0 2027520
1028096 4782129 4781701 6202482 0 0 1085440
1097728 4800444 4799895 6225945 0 0 1302528
991232 4819089 4818598 6250200 0 0 1245184
1859584 4834533 4833865 6270099 0 0 2035712
708608 4854069 4853620 6295377 0 0 1056768
1220608 4872615 4872061 6319302 0 0 1564672
1175552 4888521 4887923 6339795 0 0 1302528
1150976 4908255 4907765 6365370 0 0 1302528
1814528 4925316 4924656 6387480 0 0 1990656
1998848 4941189 4940470 6407940 0 0 2039808
1777664 4960692 4959983 6433152 0 0 2048000
684032 4976235 4975847 6453216 0 0 921600
827392 4999401 4999030 6483147 0 0 921600
892928 5021709 5021199 6511923 0 0 1302528
1814528 5037483 5036852 6532416 0 0 2048000
1642496 5056689 5056016 6557199 0 0 1990656
1454080 5074971 5074313 6580860 0 0 2035712
835584 5091273 5090713 6601947 0 0 1105920
1642496 5109126 5108398 6624948 0 0 1937408
946176 5124768 5124314 6645309 0 0 1245184
1163264 5143578 5143066 6669498 0 0 1302528
1105920 5162784 5162205 6694281 0 0 1298432
1167360 5179713 5179123 6716193 0 0 1425408
1941504 5198424 5197734 6740382 0 0 2031616
1650688 5212713 5212046 6758895 0 0 2035712
1732608 5231028 5230380 6782556 0 0 2031616
1888256 5249574 5248905 6806547 0 0 2035712
1892352 5263929 5263258 6825060 0 0 2043904
937984 5284059 5283498 6851064 0 0 1302528
1662976 5301714 5301030 6873933 0 0 2031616
1347584 5317158 5316564 6893931 0 0 1716224
1724416 5336760 5336098 6919209 0 0 2035712
1273856 5353854 5353279 6941286 0 0 1294336
1703936 5371245 5370479 6963726 0 0 2031616
970752 5390781 5390307 6989070 0 0 1085440
1748992 5405334 5404663 7007814 0 0 1990656
745472 5423055 5422616 7030749 0 0 933888
1699840 5444010 5443312 7057809 0 0 1990656
1486848 5458926 5458247 7077147 0 0 1941504
1527808 5477505 5476966 7101204 0 0 1748992
978944 5494665 5494119 7123248 0 0 1302528
1536000 5511066 5510357 7144500 0 0 2035712
1118208 5529117 5528731 7167963 0 0 1142784
778240 5544594 5544193 7187829 0 0 921600
1380352 5562414 5561809 7210995 0 0 1531904
1146880 5580531 5580015 7234359 0 0 1302528
974848 5596371 5595915 7254819 0 0 1294336
1839104 5614983 5614250 7278876 0 0 2035712
1867776 5631417 5630743 7300128 0 0 2039808
1421312 5649006 5648457 7322931 0 0 1613824
1830912 5667684 5666971 7347021 0 0 2031616
1056768 5683260 5682708 7367118 0 0 1253376
757760 5701245 5700765 7390416 0 0 999424
2015232 5719824 5719123 7414374 0 0 1990656
1761280 5734080 5733439 7432887 0 0 2035712
1605632 5753352 5752631 7457670 0 0 2039808
1802240 5772492 5771893 7482453 0 0 1990656
1015808 5789949 5789460 7504992 0 0 1310720
1830912 5810046 5809365 7530963 0 0 1990656
1183744 5825589 5825096 7551060 0 0 1302528
1236992 5843607 5843042 7574325 0 0 1302528
1892352 5863308 5862670 7599900 0 0 1982464
790528 5885682 5885242 7628808 0 0 1097728
704512 5905152 5904692 7653954 0 0 1052672
790528 5923137 5922706 7677120 0 0 921600
843776 5940495 5939925 7699494 0 0 1302528
1597440 5959965 5959259 7724706 0 0 2043904
983040 5974914 5974415 7743978 0 0 1302528
1118208 5991447 5990973 7765494 0 0 1298432
688128 6009729 6009203 7789155 0 0 1003520
921600 6022896 6022443 7806447 0 0 1052672
1843200 6041079 6040402 7829976 0 0 2031616
929792 6059922 6059409 7854396 0 0 1302528
1560576 6077973 6077219 7877628 0 0 2035712
1654784 6096486 6095814 7901652 0 0 2043904
720896 6112326 6111961 7922178 0 0 921600
507904 6131532 6131118 7946961 0 0 921600
876544 6149319 6148830 7969962 0 0 1085440
1843200 6167799 6167087 7993755 0 0 2052096
1024000 6183705 6183215 8014743 0 0 1200128
987136 6201162 6200703 8037381 0 0 1085440
978944 6217596 6217151 8058666 0 0 1085440
798720 6235878 6235406 8082393 0 0 1146880
1048576 6252510 6252052 8103810 0 0 1302528
1703936 6271683 6270984 8128659 0 0 1986560
1327104 6290295 6289759 8152683 0 0 1302528
1871872 6305805 6305128 8172813 0 0 2035712
872448 6324087 6323651 8196606 0 0 1052672
1769472 6342006 6341365 8219607 0 0 2035712
937984 6358506 6358004 8241057 0 0 1048576
1667072 6377349 6376634 8265378 0 0 2039808
1712128 6393222 6392489 8285805 0 0 1941504
1880064 6411438 6410767 8309466 0 0 1986560
1220608 6429126 6428623 8332368 0 0 1257472
790528 6444636 6444206 8352399 0 0 921600
1843200 6463149 6462522 8376522 0 0 2043904
851968 6480573 6480158 8399094 0 0 1024000
1544192 6498195 6497480 8421798 0 0 1990656
991232 6516477 6515933 8445360 0 0 1298432
1028096 6534198 6533717 8468493 0 0 1126400
1867776 6551457 6550769 8490735 0 0 1990656
831488 6569376 6569006 8513934 0 0 921600
1499136 6585546 6584824 8534856 0 0 2031616
1835008 6605280 6604566 8560431 0 0 2031616
1282048 6622011 6621500 8582079 0 0 1302528
1327104 6638478 6637978 8603397 0 0 1253376
1028096 6656463 6656019 8626827 0 0 1081344
1769472 6671610 6670948 8646330 0 0 2039808
1748992 6688638 6687966 8668341 0 0 1986560
1089536 6707547 6707137 8692926 0 0 1085440
1122304 6722397 6721938 8712033 0 0 1257472
1122304 6740943 6740510 8736123 0 0 1298432
1056768 6758037 6757495 8758134 0 0 1253376
1810432 6774141 6773425 8779023 0 0 1986560
1990656 6791169 6790505 8801100 0 0 2035712
1155072 6807669 6807137 8822418 0 0 1302528
897024 6824763 6824229 8844627 0 0 1085440
1675264 6843474 6842792 8868816 0 0 2043904
1298432 6858720 6858213 8888583 0 0 1306624
1884160 6877266 6876579 8912640 0 0 2007040
1773568 6896769 6896060 8937819 0 0 2031616
1851392 6909969 6909222 8955210 0 0 2048000
1769472 6926106 6925364 8976132 0 0 2031616
704512 6942309 6941916 8997021 0 0 921600
1150976 6959964 6959501 9019890 0 0 1302528
1703936 6977949 6977303 9043089 0 0 2052096
872448 6992733 6992204 9062262 0 0 1302528
1712128 7009992 7009317 9084438 0 0 1990656
1105920 7027383 7026899 9107010 0 0 1302528
1716224 7042926 7042249 9127041 0 0 2027520
1581056 7061208 7060535 9150603 0 0 2002944
1024000 7076817 7076297 9170799 0 0 1253376
1720320 7093911 7093227 9192810 0 0 2052096
1019904 7112523 7112050 9216834 0 0 1298432
1671168 7127736 7127070 9236535 0 0 2031616
729088 7146711 7146268 9260988 0 0 921600
1060864 7162980 7162487 9281976 0 0 1138688
1175552 7177830 7177349 9301182 0 0 1253376
1781760 7196409 7195735 9325206 0 0 2056192
831488 7213305 7212792 9347019 0 0 1130496
1118208 7230036 7229557 9368733 0 0 1245184
1523712 7247592 7246914 9391272 0 0 1748992
1224704 7263201 7262704 9411534 0 0 1298432
1093632 7280295 7279852 9433578 0 0 1294336
1040384 7298610 7298140 9457173 0 0 1253376
1073152 7313262 7312794 9476115 0 0 1298432
1056768 7331874 7331419 9500139 0 0 1298432
753664 7349661 7349158 9523173 0 0 1081344
888832 7367019 7366582 9545547 0 0 995328
892928 7385895 7385451 9569868 0 0 921600
999424 7402659 7402147 9591549 0 0 1253376
1421312 7420248 7419604 9614286 0 0 1703936
1363968 7437441 7436886 9636429 0 0 1302528
1798144 7453578 7452901 9657285 0 0 2031616
1703936 7472157 7471504 9681276 0 0 1982464
733184 7487502 7487016 9701175 0 0 1130496
1118208 7503936 7503403 9722229 0 0 1294336
999424 7522053 7521576 9745692 0 0 1200128
1654784 7535616 7534994 9763248 0 0 2027520
843776 7554063 7553607 9787074 0 0 1085440
942080 7573467 7573139 9812088 0 0 921600
1114112 7589043 7588560 9832119 0 0 1294336
1646592 7608018 7607315 9856605 0 0 1990656
1064960 7624155 7623681 9877461 0 0 1294336
1736704 7640292 7639651 9898251 0 0 1757184
1581056 7658640 7657956 9922011 0 0 2031616
921600 7674183 7673785 9942108 0 0 921600
1667072 7692729 7692141 9966066 0 0 1986560
1556480 7711704 7710958 9990486 0 0 1941504
1830912 7727841 7727138 10011408 0 0 1986560
921600 7745892 7745395 10034607 0 0 1257472
1769472 7762953 7762256 10056684 0 0 1941504
1638400 7780608 7779955 10079520 0 0 1953792
1728512 7798956 7798256 10103181 0 0 1982464
1642496 7814169 7813538 10122849 0 0 2002944
1851392 7831560 7830860 10145322 0 0 2048000
1122304 7849248 7848820 10168158 0 0 1298432
1318912 7864461 7863789 10187859 0 0 1646592
1441792 7883700 7883127 10212708 0 0 1785856
1601536 7900530 7899879 10234356 0 0 2035712
1126400 7917030 7916533 10255674 0 0 1294336
1478656 7935939 7935227 10280127 0 0 1945600
1073152 7951185 7950687 10299828 0 0 1298432
1769472 7968906 7968209 10322664 0 0 1990656
888832 7985439 7984995 10344048 0 0 1081344
1835008 8001213 8000518 10364409 0 0 2056192
1105920 8019561 8019061 10388037 0 0 1306624
974848 8037282 8036746 10410906 0 0 1253376
1724416 8053683 8052989 10432125 0 0 1990656
1028096 8070777 8070326 10454235 0 0 1302528
1626112 8086419 8085630 10474233 0 0 2031616
962560 8103744 8103330 10496772 0 0 921600
1798144 8122686 8121960 10521126 0 0 2035712
786432 8137338 8136798 10540101 0 0 1302528
1069056 8155290 8154806 10563366 0 0 1302528
1052672 8173341 8172785 10586598 0 0 1294336
1679360 8190105 8189426 10608180 0 0 2039808
847872 8206902 8206514 10630059 0 0 1085440
1765376 8222742 8222053 10650387 0 0 2035712
1175552 8239836 8239343 10672464 0 0 1253376
1851392 8257161 8256517 10694838 0 0 1994752
978944 8272506 8271984 10714539 0 0 1302528
933888 8290260 8289751 10737672 0 0 1261568
1605632 8308476 8307754 10761102 0 0 1986560
1695744 8325537 8324879 10783179 0 0 2048000
1875968 8342961 8342229 10805619 0 0 2048000
1007616 8357943 8357426 10824924 0 0 1302528
1564672 8375631 8374874 10847760 0 0 2035712
856064 8392692 8392320 10869837 0 0 978944
1757184 8407674 8406978 10889142 0 0 2035712
1028096 8428134 8427687 10915674 0 0 1081344
1781760 8443116 8442391 10935309 0 0 1990656
1130496 8458989 8458426 10955802 0 0 1306624
1568768 8477898 8477182 10980156 0 0 1990656
1736704 8493375 8492763 11000253 0 0 1986560
1654784 8509611 8508872 11021109 0 0 1990656
790528 8528223 8527836 11045199 0 0 974848
700416 8541885 8541518 11062920 0 0 921600
1830912 8559573 8558860 11085756 0 0 1986560
1069056 8577921 8577383 11109417 0 0 1302528
970752 8594751 8594293 11131230 0 0 1085440
1560576 8617224 8616565 11160204 0 0 1990656
942080 8632536 8632097 11180070 0 0 1085440
1490944 8649762 8649098 11202246 0 0 1585152
929792 8668143 8667632 11226039 0 0 1298432
2101248 8684016 8683276 11246499 0 0 2031616
1753088 8701077 8700377 11268609 0 0 2007040
1675264 8717247 8716583 11289465 0 0 2048000
770048 8734374 8733959 11311542 0 0 978944
987136 8751204 8750743 11333322 0 0 1241088
1089536 8766615 8766150 11353089 0 0 1302528
1159168 8784303 8783850 11375925 0 0 1298432
1650688 8801694 8800971 11398299 0 0 2035712
1007616 8815488 8815052 11416152 0 0 1052672
1052672 8833209 8832653 11438988 0 0 1290240
1835008 8851062 8850384 11461956 0 0 2027520
790528 8866374 8865897 11481855 0 0 1200128
888832 8885283 8884796 11506077 0 0 1056768
925696 8901057 8900546 11526405 0 0 1294336
1855488 8918481 8917758 11548812 0 0 2048000
1613824 8936994 8936244 11572770 0 0 2035712
1859584 8951052 8950341 11590854 0 0 2007040
1806336 8968707 8968030 11613657 0 0 1994752
724992 8987055 8986480 11637219 0 0 1257472
1789952 9003456 9002788 11658471 0 0 2031616
1048576 9022101 9021601 11682462 0 0 1298432
1806336 9039393 9038766 11704770 0 0 1986560
1822720 9056487 9055758 11726814 0 0 2035712
802816 9076056 9075584 11751993 0 0 921600
1241088 9091500 9091058 11772024 0 0 1302528
1732608 9109782 9109090 11795586 0 0 2031616
1634304 9128097 9127422 11819181 0 0 2007040
1003520 9144927 9144429 11840862 0 0 1081344
1388544 9163770 9163128 11865117 0 0 1785856
1536000 9179016 9178234 11884785 0 0 2035712
1273856 9197199 9196585 11908281 0 0 1646592
1851392 9215877 9215179 11932371 0 0 2031616
1167360 9235083 9234548 11957121 0 0 1302528
1224704 9255510 9255003 11983455 0 0 1298432
1732608 9273396 9272792 12006621 0 0 2035712
1851392 9288345 9287662 12025860 0 0 1994752
1884160 9307881 9307198 12051072 0 0 1990656
1064960 9325008 9324477 12073050 0 0 1302528
1056768 9341706 9341240 12094632 0 0 1294336
983040 9360021 9359511 12118260 0 0 1298432
1064960 9376422 9375956 12139512 0 0 1302528
933888 9394836 9394370 12163173 0 0 1085440
1171456 9416649 9416192 12191322 0 0 1306624
1683456 9435261 9434630 12215280 0 0 1990656
1622016 9454203 9453516 12239700 0 0 2035712
1019904 9470340 9469851 12260523 0 0 1294336
1142784 9488292 9487795 12283656 0 0 1302528
999424 9507333 9506872 12308208 0 0 1085440
1556480 9521853 9521179 12326886 0 0 1986560
884736 9541389 9540991 12352263 0 0 1142784
2076672 9559011 9558348 12374802 0 0 1990656
1306624 9574092 9573577 12394371 0 0 1306624
1925120 9592836 9592139 12418428 0 0 2048000
1216512 9607488 9607044 12437370 0 0 1306624
1388544 9623955 9623352 12458556 0 0 1564672
1880064 9642237 9641545 12482052 0 0 2035712
1945600 9657450 9656824 12501720 0 0 2068480
1777664 9675732 9675046 12525348 0 0 1990656
1515520 9694047 9693328 12548943 0 0 1986560
1744896 9708666 9707993 12567819 0 0 2039808
1642496 9726948 9726296 12591348 0 0 2035712
1048576 9744042 9743560 12613359 0 0 1302528
958464 9760509 9759988 12634611 0 0 1302528
815104 9779121 9778690 12658569 0 0 921600
1789952 9794664 9793954 12678633 0 0 2060288
1159168 9812913 9812453 12702162 0 0 1298432
925696 9831162 9830671 12725724 0 0 1302528
1220608 9847332 9846881 12746481 0 0 1302528
1622016 9865977 9865254 12770472 0 0 2035712
1904640 9882345 9881689 12791724 0 0 2027520
872448 9900165 9899658 12814659 0 0 999424
1839104 9913629 9912874 12832314 0 0 2035712
1687552 9927885 9927217 12850827 0 0 1994752
1159168 9947058 9946555 12875610 0 0 1298432
1048576 9963888 9963398 12897522 0 0 1241088
1855488 9978408 9977683 12916233 0 0 1937408
1806336 9996657 9995970 12939828 0 0 2052096
1474560 10012431 10011787 12960321 0 0 2031616
1765376 10028568 10027876 12981177 0 0 2031616
921600 10046916 10046446 13005036 0 0 1081344
1056768 10061469 10060994 13023747 0 0 1257472
1212416 10077606 10077085 13044603 0 0 1306624
1134592 10097109 10096561 13069848 0 0 1261568
1765376 10113180 10112501 13090737 0 0 2031616
1171456 10132056 10131606 13115124 0 0 1306624
991232 10149414 10148928 13137597 0 0 1302528
1130496 10165386 10164830 13158255 0 0 1245184
1032192 10184130 10183601 13182444 0 0 1298432
1589248 10199244 10198659 13202112 0 0 1941504
1781760 10216701 10215957 13224618 0 0 1986560
1163264 10233894 10233330 13246926 0 0 1634304
835584 10251615 10251104 13269927 0 0 1257472
1032192 10271415 10270894 13295502 0 0 1302528
1814528 10287222 10286544 13316061 0 0 1990656
1605632 10302963 10302298 13336488 0 0 1986560
1208320 10318836 10318296 13357014 0 0 1302528
901120 10333158 10332748 13375626 0 0 1081344
1536000 10351638 10350956 13399518 0 0 2035712
1302528 10367643 10367070 13420341 0 0 1654784
974848 10382658 10382150 13439745 0 0 1298432
1609728 10401171 10400437 13463703 0 0 1986560
892928 10417968 10417522 13485615 0 0 1134592
999424 10433181 10432719 13505316 0 0 1314816
1835008 10451034 10450357 13528383 0 0 2031616
942080 10465125 10464626 13546665 0 0 1134592
995328 10482417 10481991 13569105 0 0 1134592
1044480 10500600 10500093 13592634 0 0 1306624
1011712 10514262 10513755 13610322 0 0 1294336
1191936 10531653 10531102 13632828 0 0 1306624
1822720 10548351 10547653 13654443 0 0 2043904
1613824 10564125 10563455 13674936 0 0 2043904
1089536 10582110 10581595 13698135 0 0 1306624
1830912 10598247 10597497 13719057 0 0 1990656
1069056 10614615 10614059 13740276 0 0 1298432
1634304 10631940 10631243 13762749 0 0 2035712
1110016 10645932 10645415 13780899 0 0 1310720
692224 10662630 10662227 13802580 0 0 921600
1662976 10679361 10678600 13824195 0 0 1986560
1646592 10695465 10694776 13845084 0 0 2031616
921600 10712823 10712254 13867557 0 0 1253376
1773568 10727706 10727024 13886862 0 0 2048000
1036288 10745295 10744822 13909764 0 0 1302528
1839104 10762356 10761693 13931775 0 0 2035712
958464 10777272 10776791 13951080 0 0 1306624
1859584 10795818 10795142 13975104 0 0 1986560
1204224 10813143 10812617 13997577 0 0 1298432
974848 10829478 10829068 14018895 0 0 1294336
1794048 10847496 10846781 14042061 0 0 2031616
1748992 10863864 10863203 14063346 0 0 2035712
1794048 10881816 10881154 14086578 0 0 1990656
1654784 10899801 10899076 14109810 0 0 1966080
1163264 10914354 10913837 14128752 0 0 1298432
880640 10932603 10932100 14152413 0 0 1294336
1286144 10954449 10953960 14180793 0 0 1298432
1953792 10970619 10969884 14201583 0 0 1990656
1871872 10991244 10990600 14228379 0 0 2027520
1183744 11006457 11005971 14248146 0 0 1302528
1818624 11024376 11023702 14271378 0 0 1941504
909312 11042427 11041977 14294742 0 0 1081344
1040384 11056947 11056430 14313486 0 0 1253376
1630208 11075163 11074476 14337081 0 0 1986560
823296 11091927 11091496 14358960 0 0 1081344
1839104 11105622 11104924 14376516 0 0 2052096
782336 11121726 11121309 14397405 0 0 921600
1785856 11137830 11137108 14418327 0 0 1941504
1662976 11154495 11153834 14439942 0 0 2035712
1798144 11172777 11172100 14463537 0 0 2031616
962560 11195085 11194552 14492511 0 0 1081344
991232 11213631 11213146 14516535 0 0 1245184
1019904 11230824 11230386 14538810 0 0 1298432
1138688 11247885 11247339 14560821 0 0 1257472
1007616 11269797 11269278 14589201 0 0 1302528
987136 11285901 11285354 14610090 0 0 1302528
831488 11303886 11303397 14633454 0 0 1085440
1658880 11321442 11320777 14656125 0 0 2048000
868352 11336028 11335656 14675067 0 0 983040
1593344 11355498 11354782 14700246 0 0 2031616
1163264 11371536 11371113 14721135 0 0 1298432
790528 11386551 11386086 14740638 0 0 1085440
1511424 11407110 11406468 14767170 0 0 1699840
1728512 11423214 11422533 14788191 0 0 2035712
1589248 11436711 11436055 14805978 0 0 2035712
1249280 11455752 11455194 14830596 0 0 1302528
1118208 11470503 11470027 14849703 0 0 1294336
1232896 11490270 11489838 14875278 0 0 1306624
1638400 11509443 11508747 14900094 0 0 1986560
1986560 11525877 11525206 14921379 0 0 2056192
1781760 11545017 11544340 14946162 0 0 2064384
729088 11562408 11562040 14968701 0 0 970752
1040384 11580360 11579882 14991867 0 0 1302528
1581056 11600160 11599404 15017442 0 0 2052096
1843200 11617221 11616495 15039585 0 0 1994752
884736 11635536 11635043 15063378 0 0 1265664
1585152 11653059 11652435 15086016 0 0 2031616
999424 11668074 11667632 15105486 0 0 1134592
1892352 11685663 11684946 15128124 0 0 2035712
1904640 11701734 11701088 15149079 0 0 2052096
851968 11719521 11719024 15172047 0 0 1134592
958464 11738067 11737626 15196104 0 0 1085440
1130496 11752719 11752188 15215112 0 0 1310720
1728512 11771760 11771052 15239664 0 0 1990656
1118208 11791527 11791039 15265239 0 0 1302528
1110016 11806113 11805620 15284181 0 0 1302528
1753088 11826837 11826169 15310977 0 0 1986560
860160 11842116 11841648 15330810 0 0 1085440
1925120 11859969 11859271 15353910 0 0 1990656
1798144 11879175 11878472 15378726 0 0 1990656
1642496 11894949 11894274 15399219 0 0 1945600
937984 11915211 11914690 15425421 0 0 1150976
1056768 11934483 11934009 15450435 0 0 1294336
1568768 11949366 11948758 15469608 0 0 1646592
1859584 11968638 11967884 15494457 0 0 2027520
835584 11984775 11984340 15515610 0 0 1081344
974848 12001572 12001045 15537258 0 0 1134592
1077248 12020316 12019809 15561480 0 0 1302528
1105920 12036453 12035954 15582402 0 0 1302528
1642496 12054966 12054313 15606393 0 0 2027520
1572864 12075756 12075013 15633156 0 0 2035712
978944 12090606 12090112 15652560 0 0 1257472
1638400 12109779 12109036 15677343 0 0 2007040
1912832 12128622 12127951 15701763 0 0 2043904
872448 12144825 12144364 15722784 0 0 1077248
1638400 12164196 12163548 15747831 0 0 1941504
1228800 12180069 12179519 15768390 0 0 1306624
1802240 12197394 12196706 15790764 0 0 2035712
1622016 12215346 12214634 15813996 0 0 2031616
1773568 12229998 12229308 15832905 0 0 2048000
974848 12247686 12247151 15855939 0 0 1134592
1581056 12263988 12263315 15876993 0 0 1945600
1146880 12280752 12280229 15898674 0 0 1257472
1150976 12299034 12298627 15922500 0 0 1138688
819200 12313422 12312900 15941046 0 0 1245184
1748992 12332463 12331780 15965697 0 0 1990656
1728512 12350415 12349656 15988896 0 0 1986560
1798144 12364968 12364378 16007805 0 0 2031616
1286144 12383745 12383125 16032060 0 0 1433600
1093632 12399420 12398916 16052355 0 0 1204224
880640 12416316 12415784 16074168 0 0 1081344
1224704 12434862 12434357 16098324 0 0 1486848
1978368 12449910 12449270 16117695 0 0 2060288
1601536 12466080 12465337 16138584 0 0 2035712
1228800 12484626 12484132 16162674 0 0 1302528
1290240 12499245 12498736 16181550 0 0 1302528
1171456 12518055 12517585 16205970 0 0 1294336
1835008 12535413 12534748 16228410 0 0 2035712
1835008 12551187 12550581 16248903 0 0 2052096
843776 12571977 12571551 16275732 0 0 921600
995328 12587817 12587370 16296324 0 0 1081344
782336 12606990 12606544 16321107 0 0 1007616
1724416 12625470 12624772 16344999 0 0 2039808
991232 12641871 12641431 16366317 0 0 1298432
1118208 12661506 12661024 16391727 0 0 1302528
1736704 12678468 12677768 16413573 0 0 1994752
1974272 12694869 12694149 16434759 0 0 1990656
1605632 12713745 12713033 16459278 0 0 1982464
1646592 12730740 12730086 16481256 0 0 2043904
974848 12750243 12749776 16506534 0 0 1253376
1110016 12769416 12768940 16531317 0 0 1298432
1040384 12784662 12784111 16551051 0 0 1298432
1171456 12803505 12803022 16575438 0 0 1253376
1204224 12821259 12820770 16598472 0 0 1302528
1658880 12838188 12837494 16620318 0 0 2035712
1417216 12854325 12853756 16641603 0 0 1699840
1687552 12869670 12869015 16661370 0 0 1986560
1593344 12888579 12887909 16685856 0 0 2035712
1032192 12907554 12907027 16710276 0 0 1302528
1028096 12924384 12923923 16732089 0 0 1081344
827392 12945108 12944669 16758951 0 0 1085440
843776 12967680 12967222 16788057 0 0 1081344
1081344 12986787 12986353 16812741 0 0 1298432
1597440 13005432 13004738 16836699 0 0 1990656
884736 13021338 13020949 16857258 0 0 921600
1679360 13038102 13037431 16878873 0 0 2048000
1654784 13056714 13056022 16902897 0 0 1986560
1740800 13074402 13073629 16925733 0 0 2031616
1585152 13091496 13090769 16947810 0 0 2035712
1695744 13110999 13110352 16973088 0 0 2048000
1081344 13126542 13126115 16993119 0 0 1298432
1802240 13144923 13144200 17016714 0 0 1990656
1687552 13161357 13160675 17037999 0 0 2035712
749568 13178451 13178080 17060175 0 0 995328
827392 13195281 13194869 17081757 0 0 921600
1785856 13211682 13211048 17102976 0 0 2035712
1744896 13228479 13227780 17124657 0 0 2031616
1720320 13245210 13244525 17146305 0 0 2052096
1785856 13262964 13262267 17169141 0 0 2035712
1667072 13280025 13279346 17191218 0 0 2031616
892928 13294710 13294244 17210193 0 0 983040
1724416 13312992 13312266 17233788 0 0 2035712
1818624 13329459 13328766 17255106 0 0 2052096
1036288 13343814 13343303 17273619 0 0 1298432
1155072 13361799 13361297 17296818 0 0 1253376
1204224 13378563 13378071 17318466 0 0 1302528
819200 13393875 13393430 17338266 0 0 962560
1712128 13412751 13412074 17362653 0 0 2048000
995328 13427997 13427512 17382321 0 0 1298432
1650688 13443837 13443163 17402847 0 0 2031616
1732608 13457697 13456979 17421063 0 0 2031616
1687552 13471425 13470660 17438751 0 0 2056192
1658880 13489344 13488703 17461983 0 0 2056192
1499136 13508220 13507564 17486469 0 0 2048000
692224 13520364 13519826 17502540 0 0 1200128
1794048 13538778 13538163 17526300 0 0 2043904
1150976 13555872 13555422 17548443 0 0 1302528
1581056 13572273 13571616 17569662 0 0 2007040
983040 13590093 13589572 17592729 0 0 1335296
1896448 13604514 13603921 17611374 0 0 2031616
1585152 13621839 13621215 17633748 0 0 1753088
1019904 13639263 13638763 17656353 0 0 1302528
1302528 13654839 13654323 17676417 0 0 1306624
962560 13672527 13672042 17699253 0 0 1302528
1294336 13688334 13687861 17719746 0 0 1302528
1212416 13706286 13705825 17743011 0 0 1306624
1011712 13725228 13724776 17767563 0 0 1081344
1056768 13738824 13738359 17785185 0 0 1294336
1708032 13757700 13757047 17809572 0 0 2031616
1134592 13775322 13774871 17832408 0 0 1302528
1744896 13790634 13789892 17852142 0 0 2031616
966656 13809510 13808971 17876562 0 0 1298432
1712128 13824987 13824309 17896659 0 0 2035712
757760 13842147 13841649 17918835 0 0 1101824
806912 13861287 13860847 17943519 0 0 966656
1835008 13876434 13875761 17963154 0 0 1945600
1839104 13893726 13893105 17985660 0 0 2031616
1642496 13911414 13910771 18008463 0 0 2048000
1724416 13926066 13925362 18027372 0 0 2056192
1114112 13945305 13944856 18052419 0 0 1277952
1703936 13962531 13961898 18074694 0 0 2039808
1208320 13980516 13980017 18097959 0 0 1294336
1671168 13999095 13998373 18121917 0 0 1986560
1658880 14014605 14013907 18141981 0 0 2035712
1740800 14033151 14032490 18166005 0 0 2052096
1736704 14052027 14051350 18190458 0 0 2027520
1597440 14068461 14067785 18211710 0 0 2031616
1163264 14086710 14086233 18235338 0 0 1302528
1069056 14104365 14103860 18258207 0 0 1294336
1769472 14122053 14121285 18281043 0 0 2035712
1150976 14139345 14138849 18303483 0 0 1306624
1708032 14154261 14153577 18322788 0 0 2031616
1785856 14171982 14171228 18345657 0 0 2043904
1073152 14189373 14188882 18368262 0 0 1085440
1724416 14204487 14203828 18387831 0 0 1945600
897024 14221812 14221348 18410271 0 0 1298432
966656 14236761 14236283 18429543 0 0 1245184
1732608 14253822 14253128 18451653 0 0 2007040
1466368 14272995 14272272 18476436 0 0 1990656
1261568 14288538 14288017 18496764 0 0 1200128
942080 14307117 14306678 18520557 0 0 921600
1646592 14326224 14325553 18545373 0 0 2031616
1179648 14341206 14340687 18564711 0 0 1302528
1097728 14358828 14358338 18587547 0 0 1298432
1986560 14376450 14375779 18610383 0 0 1986560
1843200 14392917 14392169 18631635 0 0 1945600
962560 14411232 14410740 18655362 0 0 1134592
749568 14427600 14427200 18676548 0 0 921600
1085440 14446410 14445951 18700935 0 0 1302528
1822720 14464428 14463703 18724233 0 0 1990656
1773568 14479278 14478647 18743538 0 0 1998848
1585152 14497197 14496637 18766704 0 0 1769472
1245184 14513730 14513247 18788055 0 0 1310720
876544 14531451 14531012 18810990 0 0 999424
901120 14549403 14548970 18834321 0 0 1048576
880640 14564220 14563712 18853461 0 0 1298432
1122304 14581281 14580791 18875505 0 0 1253376
962560 14597451 14597015 18896493 0 0 1081344
1933312 14613258 14612606 18916854 0 0 2007040
847872 14631903 14631418 18941010 0 0 1081344
1404928 14648172 14647543 18962031 0 0 1613824
1802240 14663715 14663077 18982227 0 0 1986560
880640 14681733 14681158 19005492 0 0 1253376
1830912 14696022 14695325 19023972 0 0 1994752
1732608 14712159 14711431 19044861 0 0 2031616
1179648 14730408 14729885 19068489 0 0 1306624
692224 14745654 14745186 19088223 0 0 921600
1429504 14763210 14762545 19110960 0 0 1634304
1163264 14779644 14779179 19132278 0 0 1298432
815104 14794956 14794507 19152078 0 0 1003520
1937408 14812215 14811602 19174419 0 0 1941504
774144 14828715 14828314 19195737 0 0 921600
1748992 14845116 14844429 19216890 0 0 2031616
1880064 14862144 14861464 19239033 0 0 1982464
1175552 14877687 14877161 19259097 0 0 1302528
1077248 14895441 14894956 19282131 0 0 1081344
864256 14913294 14912929 19305264 0 0 942080
1765376 14929134 14928381 19325625 0 0 2035712
1843200 14946129 14945487 19347735 0 0 2056192
659456 14962926 14962552 19369449 0 0 929792
1183744 14981142 14980689 19393011 0 0 1298432
1773568 14999061 14998442 19416309 0 0 2072576
839680 15014637 15014215 19436340 0 0 978944
847872 15032622 15032216 19459836 0 0 987136
