cache	rss	rss_huge	shmem	mapped_file	dirty	writeback	pgpgin	pgpgout	pgfault	pgmajfault	inactive_anon	active_anon	inactive_file	active_file	unevictable	hierarchical_memory_limit	total_cache	total_rss	total_rss_huge	total_shmem	total_mapped_file	total_dirty	total_writeback	total_pgpgin	total_pgpgout	total_pgfault	total_pgmajfault	total_inactive_anon	total_active_anon	total_inactive_file	total_active_file	total_unevictable	
0	1658880	0	0	0	0	0	4257	3891	5445	0	0	2043904	0	0	0	12582912	0	1658880	0	0	0	0	0	4257	3891	5445	0	0	2043904	0	0	0	
0	520192	0	0	0	0	0	13002	12937	15906	0	184320	557056	24576	0	0	12582912	0	520192	0	0	0	0	0	13002	12937	15906	0	184320	557056	24576	0	0	
0	1196032	0	0	0	0	0	13233	13022	16434	0	184320	1130496	24576	0	0	12582912	0	1196032	0	0	0	0	0	13233	13022	16434	0	184320	1130496	24576	0	0	
0	1003520	0	0	0	0	0	21450	21216	26103	0	233472	1032192	24576	0	0	12582912	0	1003520	0	0	0	0	0	21450	21216	26103	0	233472	1032192	24576	0	0	
0	1351680	0	0	0	0	0	29799	29552	36003	0	200704	1290240	4096	0	0	12582912	0	1351680	0	0	0	0	0	29799	29552	36003	0	200704	1290240	4096	0	0	
0	974848	0	0	0	0	0	37653	37460	45375	0	200704	1024000	24576	0	0	12582912	0	974848	0	0	0	0	0	37653	37460	45375	0	200704	1024000	24576	0	0	
0	1269760	0	0	0	0	0	46530	46260	55869	0	200704	1298432	24576	0	0	12582912	0	1269760	0	0	0	0	0	46530	46260	55869	0	200704	1298432	24576	0	0	
0	1024000	0	0	0	0	0	54648	54424	65571	0	1040384	258048	0	0	0	12582912	0	1024000	0	0	0	0	0	54648	54424	65571	0	1040384	258048	0	0	0	
0	1929216	0	0	0	0	0	63228	62821	75867	0	0	2080768	0	0	0	12582912	0	1929216	0	0	0	0	0	63228	62821	75867	0	0	2080768	0	0	0	
0	1134592	0	0	0	0	0	71445	71145	85503	0	0	1376256	20480	0	0	12582912	0	1134592	0	0	0	0	0	71445	71145	85503	0	0	1376256	20480	0	0	
0	1933312	0	0	0	0	0	79497	79028	95172	0	0	2125824	0	0	0	12582912	0	1933312	0	0	0	0	0	79497	79028	95172	0	0	2125824	0	0	0	
0	1261568	0	0	0	0	0	86526	86345	103587	0	0	1380352	20480	0	0	12582912	0	1261568	0	0	0	0	0	86526	86345	103587	0	0	1380352	20480	0	0	
0	1236992	0	0	0	0	0	92499	92220	110781	33	61440	1220608	0	0	0	12582912	0	1236992	0	0	0	0	0	92499	92220	110781	33	61440	1220608	0	0	0	
0	1155072	0	0	0	0	0	98802	98529	118206	33	16384	1359872	20480	0	0	12582912	0	1155072	0	0	0	0	0	98802	98529	118206	33	16384	1359872	20480	0	0	
0	1236992	0	0	0	0	0	105369	105175	126192	33	0	1380352	20480	0	0	12582912	0	1236992	0	0	0	0	0	105369	105175	126192	33	0	1380352	20480	0	0	
0	1273856	0	0	0	0	0	113058	112763	135201	33	0	1376256	20480	0	0	12582912	0	1273856	0	0	0	0	0	113058	112763	135201	33	0	1376256	20480	0	0	
0	1138688	0	0	0	0	0	120153	119885	143649	33	0	1380352	20480	0	0	12582912	0	1138688	0	0	0	0	0	120153	119885	143649	33	0	1380352	20480	0	0	
0	2023424	0	0	0	0	0	127743	127273	152856	33	53248	2052096	0	0	0	12582912	0	2023424	0	0	0	0	0	127743	127273	152856	33	53248	2052096	0	0	0	
0	1519616	0	0	0	0	0	135498	135190	162525	99	32768	1380352	20480	0	0	12582912	0	1519616	0	0	0	0	0	135498	135190	162525	99	32768	1380352	20480	0	0	
0	1363968	0	0	0	0	0	142263	142018	171105	264	36864	1392640	20480	0	0	12582912	0	1363968	0	0	0	0	0	142263	142018	171105	264	36864	1392640	20480	0	0	
0	970752	0	0	0	0	0	143781	143583	172920	297	811008	339968	0	0	0	12582912	0	970752	0	0	0	0	0	143781	143583	172920	297	811008	339968	0	0	0	
0	1220608	0	0	0	0	0	148962	148682	179322	363	49152	1331200	20480	0	0	12582912	0	1220608	0	0	0	0	0	148962	148682	179322	363	49152	1331200	20480	0	0	
0	1200128	0	0	0	0	0	156057	155792	187803	363	49152	1331200	20480	0	0	12582912	0	1200128	0	0	0	0	0	156057	155792	187803	363	49152	1331200	20480	0	0	
0	1179648	0	0	0	0	0	162657	162396	195591	363	49152	1331200	20480	0	0	12582912	0	1179648	0	0	0	0	0	162657	162396	195591	363	49152	1331200	20480	0	0	
0	1310720	0	0	0	0	0	168795	168485	203247	462	53248	1339392	20480	0	0	12582912	0	1310720	0	0	0	0	0	168795	168485	203247	462	53248	1339392	20480	0	0	
0	1310720	0	0	0	0	0	175890	175618	211695	462	53248	1335296	20480	0	0	12582912	0	1310720	0	0	0	0	0	175890	175618	211695	462	53248	1335296	20480	0	0	
0	1347584	0	0	0	0	0	182490	182214	219549	462	53248	1331200	20480	0	0	12582912	0	1347584	0	0	0	0	0	182490	182214	219549	462	53248	1331200	20480	0	0	
0	1191936	0	0	0	0	0	188034	187792	226215	462	53248	1335296	20480	0	0	12582912	0	1191936	0	0	0	0	0	188034	187792	226215	462	53248	1335296	20480	0	0	
0	1150976	0	0	0	0	0	194106	193880	233343	462	53248	1335296	20480	0	0	12582912	0	1150976	0	0	0	0	0	194106	193880	233343	462	53248	1335296	20480	0	0	
0	1163264	0	0	0	0	0	200673	200430	241197	462	53248	1331200	0	0	0	12582912	0	1163264	0	0	0	0	0	200673	200430	241197	462	53248	1331200	0	0	0	
0	1101824	0	0	0	0	0	206745	206490	248424	462	53248	1335296	0	0	0	12582912	0	1101824	0	0	0	0	0	206745	206490	248424	462	53248	1335296	0	0	0	
0	1241088	0	0	0	0	0	212883	212603	255618	462	53248	1331200	20480	0	0	12582912	0	1241088	0	0	0	0	0	212883	212603	255618	462	53248	1331200	20480	0	0	
0	1191936	0	0	0	0	0	219252	218981	263274	462	53248	1290240	0	0	0	12582912	0	1191936	0	0	0	0	0	219252	218981	263274	462	53248	1290240	0	0	0	
0	1818624	0	0	0	0	0	226083	225553	271293	462	53248	2084864	0	0	0	12582912	0	1818624	0	0	0	0	0	226083	225553	271293	462	53248	2084864	0	0	0	
0	1970176	0	0	0	0	0	232650	232112	279081	462	53248	2068480	0	0	0	12582912	0	1970176	0	0	0	0	0	232650	232112	279081	462	53248	2068480	0	0	0	
0	1650688	0	0	0	0	0	239184	238761	287001	462	53248	2023424	0	0	0	12582912	0	1650688	0	0	0	0	0	239184	238761	287001	462	53248	2023424	0	0	0	
0	1703936	0	0	0	0	0	246246	245856	295383	462	53248	2068480	0	0	0	12582912	0	1703936	0	0	0	0	0	246246	245856	295383	462	53248	2068480	0	0	0	
0	1904640	0	0	0	0	0	252021	251543	303336	528	0	2101248	0	0	0	12582912	0	1904640	0	0	0	0	0	252021	251543	303336	528	0	2101248	0	0	0	
0	1327104	0	0	0	0	0	258555	258339	311124	528	0	1400832	20480	0	0	12582912	0	1327104	0	0	0	0	0	258555	258339	311124	528	0	1400832	20480	0	0	
0	405504	0	0	0	0	0	264792	264684	318615	528	0	700416	20480	0	0	12582912	0	405504	0	0	0	0	0	264792	264684	318615	528	0	700416	20480	0	0	
0	2080768	0	0	0	0	0	271722	271278	326832	528	0	2129920	0	0	0	12582912	0	2080768	0	0	0	0	0	271722	271278	326832	528	0	2129920	0	0	0	
0	1249280	0	0	0	0	0	277827	277555	334026	528	0	1409024	20480	0	0	12582912	0	1249280	0	0	0	0	0	277827	277555	334026	528	0	1409024	20480	0	0	
0	991232	0	0	0	0	0	284361	284184	342012	528	892928	327680	20480	0	0	12582912	0	991232	0	0	0	0	0	284361	284184	342012	528	892928	327680	20480	0	0	
0	1028096	0	0	0	0	0	291324	291107	350394	561	28672	1306624	20480	0	0	12582912	0	1028096	0	0	0	0	0	291324	291107	350394	561	28672	1306624	20480	0	0	
0	1036288	0	0	0	0	0	297561	297278	358050	726	24576	1191936	20480	0	0	12582912	0	1036288	0	0	0	0	0	297561	297278	358050	726	24576	1191936	20480	0	0	
0	1191936	0	0	0	0	0	303369	303072	364914	726	24576	1359872	20480	0	0	12582912	0	1191936	0	0	0	0	0	303369	303072	364914	726	24576	1359872	20480	0	0	
0	1298432	0	0	0	0	0	309936	309702	372735	726	24576	1355776	20480	0	0	12582912	0	1298432	0	0	0	0	0	309936	309702	372735	726	24576	1355776	20480	0	0	
0	1859584	0	0	0	0	0	317031	316612	381183	726	24576	2084864	20480	0	0	12582912	0	1859584	0	0	0	0	0	317031	316612	381183	726	24576	2084864	20480	0	0	
0	1294336	0	0	0	0	0	322575	322328	387783	726	24576	1363968	20480	0	0	12582912	0	1294336	0	0	0	0	0	322575	322328	387783	726	24576	1363968	20480	0	0	
0	507904	0	0	0	0	0	325776	325674	391776	759	77824	626688	24576	0	0	12582912	0	507904	0	0	0	0	0	325776	325674	391776	759	77824	626688	24576	0	0	
0	1552384	0	0	0	0	0	329373	329087	396330	792	405504	1290240	4096	0	0	12582912	0	1552384	0	0	0	0	0	329373	329087	396330	792	405504	1290240	4096	0	0	
0	1814528	0	0	0	0	0	333531	333041	401511	792	53248	2084864	0	0	0	12582912	0	1814528	0	0	0	0	0	333531	333041	401511	792	53248	2084864	0	0	0	
0	1916928	0	0	0	0	0	340692	340203	410157	792	1015808	888832	0	0	0	12582912	0	1916928	0	0	0	0	0	340692	340203	410157	792	1015808	888832	0	0	0	
0	512000	0	0	0	0	0	343365	343286	413853	891	8192	696320	24576	0	0	12582912	0	512000	0	0	0	0	0	343365	343286	413853	891	8192	696320	24576	0	0	
0	1564672	0	0	0	0	0	347127	346689	418374	924	425984	1351680	24576	0	0	12582912	0	1564672	0	0	0	0	0	347127	346689	418374	924	425984	1351680	24576	0	0	
0	548864	0	0	0	0	0	348645	348505	420486	957	118784	671744	24576	0	0	12582912	0	548864	0	0	0	0	0	348645	348505	420486	957	118784	671744	24576	0	0	
0	1339392	0	0	0	0	0	354453	354178	428340	1122	4096	1400832	0	0	0	12582912	0	1339392	0	0	0	0	0	354453	354178	428340	1122	4096	1400832	0	0	0	
0	1310720	0	0	0	0	0	361020	360771	436128	1122	4096	1413120	20480	0	0	12582912	0	1310720	0	0	0	0	0	361020	360771	436128	1122	4096	1413120	20480	0	0	
0	1097728	0	0	0	0	0	367686	367393	443982	1122	4096	1413120	20480	0	0	12582912	0	1097728	0	0	0	0	0	367686	367393	443982	1122	4096	1413120	20480	0	0	
0	1814528	0	0	0	0	0	374715	374300	452397	1122	4096	2142208	0	0	0	12582912	0	1814528	0	0	0	0	0	374715	374300	452397	1122	4096	2142208	0	0	0	
0	1757184	0	0	0	0	0	380853	380397	460020	1122	815104	1220608	0	0	0	12582912	0	1757184	0	0	0	0	0	380853	380397	460020	1122	815104	1220608	0	0	0	
0	1179648	0	0	0	0	0	388542	388286	470019	1221	16384	1449984	20480	0	0	12582912	0	1179648	0	0	0	0	0	388542	388286	470019	1221	16384	1449984	20480	0	0	
135168	1282048	0	0	0	0	0	396297	395937	479292	1287	57344	1310720	0	0	0	12582912	135168	1282048	0	0	0	0	0	396297	395937	479292	1287	57344	1310720	0	0	0	
0	1925120	0	0	0	0	0	403458	403053	488367	1386	24576	2093056	0	0	0	12582912	0	1925120	0	0	0	0	0	403458	403053	488367	1386	24576	2093056	0	0	0	
0	1433600	0	0	0	0	0	411180	410935	497574	1452	8192	1368064	20480	0	0	12582912	0	1433600	0	0	0	0	0	411180	410935	497574	1452	8192	1368064	20480	0	0	
0	1982464	0	0	0	0	0	419430	418984	508068	1518	49152	2105344	20480	0	0	12582912	0	1982464	0	0	0	0	0	419430	418984	508068	1518	49152	2105344	20480	0	0	
0	1970176	0	0	0	0	0	427251	426735	517968	1683	49152	2076672	0	0	0	12582912	0	1970176	0	0	0	0	0	427251	426735	517968	1683	49152	2076672	0	0	0	
0	1130496	0	0	0	0	0	435534	435164	527868	1848	49152	1323008	20480	0	0	12582912	0	1130496	0	0	0	0	0	435534	435164	527868	1848	49152	1323008	20480	0	0	
0	1732608	0	0	0	0	0	443619	443141	537834	1848	16384	2097152	0	0	0	12582912	0	1732608	0	0	0	0	0	443619	443141	537834	1848	16384	2097152	0	0	0	
0	1077248	0	0	0	0	0	451737	451537	547668	1848	778240	413696	20480	0	0	12582912	0	1077248	0	0	0	0	0	451737	451537	547668	1848	778240	413696	20480	0	0	
0	1236992	0	0	0	0	0	459525	459255	557898	1881	1007616	200704	0	0	0	12582912	0	1236992	0	0	0	0	0	459525	459255	557898	1881	1007616	200704	0	0	0	
0	1130496	0	0	0	0	0	466950	466760	567204	1980	4096	1335296	0	0	0	12582912	0	1130496	0	0	0	0	0	466950	466760	567204	1980	4096	1335296	0	0	0	
0	1249280	0	0	0	0	0	475332	475098	577005	1980	4096	1376256	0	0	0	12582912	0	1249280	0	0	0	0	0	475332	475098	577005	1980	4096	1376256	0	0	0	
0	1400832	0	0	0	0	0	482064	481787	585387	2112	57344	1355776	0	0	0	12582912	0	1400832	0	0	0	0	0	482064	481787	585387	2112	57344	1355776	0	0	0	
0	1273856	0	0	0	0	0	488664	488374	593208	2112	40960	1372160	20480	0	0	12582912	0	1273856	0	0	0	0	0	488664	488374	593208	2112	40960	1372160	20480	0	0	
0	557056	0	0	0	0	0	492393	492279	597828	2112	40960	688128	24576	0	0	12582912	0	557056	0	0	0	0	0	492393	492279	597828	2112	40960	688128	24576	0	0	
0	1630208	0	0	0	0	0	496056	495650	602283	2112	385024	1388544	24576	0	0	12582912	0	1630208	0	0	0	0	0	496056	495650	602283	2112	385024	1388544	24576	0	0	
0	40960	0	0	0	0	0	502689	502665	610203	2145	8192	167936	20480	0	0	12582912	0	40960	0	0	0	0	0	502689	502665	610203	2145	8192	167936	20480	0	0	
0	1114112	0	0	0	0	0	508761	508497	617430	2145	8192	1359872	20480	0	0	12582912	0	1114112	0	0	0	0	0	508761	508497	617430	2145	8192	1359872	20480	0	0	
0	1298432	0	0	0	0	0	515658	515383	625713	2145	12288	1474560	0	0	0	12582912	0	1298432	0	0	0	0	0	515658	515383	625713	2145	12288	1474560	0	0	0	
0	1212416	0	0	0	0	0	522951	522696	634260	2145	12288	1363968	0	0	0	12582912	0	1212416	0	0	0	0	0	522951	522696	634260	2145	12288	1363968	0	0	0	
0	1179648	0	0	0	0	0	530541	530286	643302	2145	12288	1335296	0	0	0	12582912	0	1179648	0	0	0	0	0	530541	530286	643302	2145	12288	1335296	0	0	0	
0	1241088	0	0	0	0	0	531597	531349	644457	2145	12288	1359872	0	0	0	12582912	0	1241088	0	0	0	0	0	531597	531349	644457	2145	12288	1359872	0	0	0	
0	0	0	0	0	0	0	535095	535164	648813	2145	12288	155648	20480	0	0	12582912	0	0	0	0	0	0	0	535095	535164	648813	2145	12288	155648	20480	0	0	
0	1732608	0	0	0	0	0	540177	539747	654720	2145	12288	2093056	0	0	0	12582912	0	1732608	0	0	0	0	0	540177	539747	654720	2145	12288	2093056	0	0	0	
0	1064960	0	0	0	0	0	548130	547848	664191	2145	16384	1294336	0	0	0	12582912	0	1064960	0	0	0	0	0	548130	547848	664191	2145	16384	1294336	0	0	0	
0	1236992	0	0	0	0	0	553014	552675	670164	2178	49152	1331200	20480	0	0	12582912	0	1236992	0	0	0	0	0	553014	552675	670164	2178	49152	1331200	20480	0	0	
0	1814528	0	0	0	0	0	559185	558716	677787	2310	61440	2048000	0	0	0	12582912	0	1814528	0	0	0	0	0	559185	558716	677787	2310	61440	2048000	0	0	0	
0	1269760	0	0	0	0	0	566313	566112	686334	2376	12288	1363968	0	0	0	12582912	0	1269760	0	0	0	0	0	566313	566112	686334	2376	12288	1363968	0	0	0	
0	1159168	0	0	0	0	0	570438	570143	691152	2376	12288	1368064	20480	0	0	12582912	0	1159168	0	0	0	0	0	570438	570143	691152	2376	12288	1368064	20480	0	0	
0	1286144	0	0	0	0	0	575553	575285	697389	2376	45056	1339392	20480	0	0	12582912	0	1286144	0	0	0	0	0	575553	575285	697389	2376	45056	1339392	20480	0	0	
0	2007040	0	0	0	0	0	581229	580769	704253	2541	77824	1998848	0	0	0	12582912	0	2007040	0	0	0	0	0	581229	580769	704253	2541	77824	1998848	0	0	0	
0	1961984	0	0	0	0	0	586938	586470	711744	2640	4096	2220032	0	0	0	12582912	0	1961984	0	0	0	0	0	586938	586470	711744	2640	4096	2220032	0	0	0	
0	868352	0	0	0	0	0	588522	588302	713757	2640	696320	421888	20480	0	0	12582912	0	868352	0	0	0	0	0	588522	588302	713757	2640	696320	421888	20480	0	0	
0	1130496	0	0	0	0	0	595683	595465	722436	2739	0	1376256	0	0	0	12582912	0	1130496	0	0	0	0	0	595683	595465	722436	2739	0	1376256	0	0	0	
0	1073152	0	0	0	0	0	603009	602739	731478	2904	73728	1290240	0	0	0	12582912	0	1073152	0	0	0	0	0	603009	602739	731478	2904	73728	1290240	0	0	0	
0	2015232	0	0	0	0	0	609675	609181	739530	2970	61440	2048000	20480	0	0	12582912	0	2015232	0	0	0	0	0	609675	609181	739530	2970	61440	2048000	20480	0	0	
0	1085440	0	0	0	0	0	615813	615586	746922	3003	16384	1359872	0	0	0	12582912	0	1085440	0	0	0	0	0	615813	615586	746922	3003	16384	1359872	0	0	0	
0	1175552	0	0	0	0	0	622446	622156	754776	3003	16384	1359872	0	0	0	12582912	0	1175552	0	0	0	0	0	622446	622156	754776	3003	16384	1359872	0	0	0	
0	1863680	0	0	0	0	0	628617	628254	762630	3168	61440	2043904	20480	0	0	12582912	0	1863680	0	0	0	0	0	628617	628254	762630	3168	61440	2043904	20480	0	0	
0	2170880	0	0	0	0	0	635316	634799	770649	3201	0	2105344	0	0	0	12582912	0	2170880	0	0	0	0	0	635316	634799	770649	3201	0	2105344	0	0	0	
0	1806336	0	0	0	0	0	639870	639406	776094	3201	0	2056192	0	0	0	12582912	0	1806336	0	0	0	0	0	639870	639406	776094	3201	0	2056192	0	0	0	
0	462848	0	0	0	0	0	640497	640409	776985	3267	0	704512	24576	0	0	12582912	0	462848	0	0	0	0	0	640497	640409	776985	3267	0	704512	24576	0	0	
0	1658880	0	0	0	0	0	643698	643326	780978	3267	344064	1380352	24576	0	0	12582912	0	1658880	0	0	0	0	0	643698	643326	780978	3267	344064	1380352	24576	0	0	
0	1581056	0	0	0	0	0	648219	647913	786456	3267	344064	1380352	4096	0	0	12582912	0	1581056	0	0	0	0	0	648219	647913	786456	3267	344064	1380352	4096	0	0	
0	1089536	0	0	0	0	0	652047	651813	790944	3267	344064	1085440	24576	0	0	12582912	0	1089536	0	0	0	0	0	652047	651813	790944	3267	344064	1085440	24576	0	0	
0	1708032	0	0	0	0	0	658416	657959	798534	3267	102400	2064384	4096	0	0	12582912	0	1708032	0	0	0	0	0	658416	657959	798534	3267	102400	2064384	4096	0	0	
0	1859584	0	0	0	0	0	666567	666167	808269	3333	8192	2088960	20480	0	0	12582912	0	1859584	0	0	0	0	0	666567	666167	808269	3333	8192	2088960	20480	0	0	
0	1933312	0	0	0	0	0	671154	670740	813747	3333	8192	2117632	0	0	0	12582912	0	1933312	0	0	0	0	0	671154	670740	813747	3333	8192	2117632	0	0	0	
0	1826816	0	0	0	0	0	675840	675363	819423	3366	4096	2056192	0	0	0	12582912	0	1826816	0	0	0	0	0	675840	675363	819423	3366	4096	2056192	0	0	0	
0	409600	0	0	0	0	0	680592	680474	825396	3399	45056	794624	20480	0	0	12582912	0	409600	0	0	0	0	0	680592	680474	825396	3399	45056	794624	20480	0	0	
0	1822720	0	0	0	0	0	686103	685709	832029	3498	40960	2097152	0	0	0	12582912	0	1822720	0	0	0	0	0	686103	685709	832029	3498	40960	2097152	0	0	0	
0	1216512	0	0	0	0	0	690690	690439	837441	3498	40960	1347584	20480	0	0	12582912	0	1216512	0	0	0	0	0	690690	690439	837441	3498	40960	1347584	20480	0	0	
0	1294336	0	0	0	0	0	694287	694020	841665	3498	40960	1355776	20480	0	0	12582912	0	1294336	0	0	0	0	0	694287	694020	841665	3498	40960	1355776	20480	0	0	
0	1179648	0	0	0	0	0	698280	698081	846483	3498	40960	1347584	0	0	0	12582912	0	1179648	0	0	0	0	0	698280	698081	846483	3498	40960	1347584	0	0	0	
0	1114112	0	0	0	0	0	702207	701898	851070	3498	45056	1302528	0	0	0	12582912	0	1114112	0	0	0	0	0	702207	701898	851070	3498	45056	1302528	0	0	0	
0	1110016	0	0	0	0	0	705408	705202	854898	3498	45056	1343488	20480	0	0	12582912	0	1110016	0	0	0	0	0	705408	705202	854898	3498	45056	1343488	20480	0	0	
0	1568768	0	0	0	0	0	709467	709169	859716	3498	45056	1613824	0	0	0	12582912	0	1568768	0	0	0	0	0	709467	709169	859716	3498	45056	1613824	0	0	0	
0	1257472	0	0	0	0	0	712536	712263	863313	3498	45056	1351680	20480	0	0	12582912	0	1257472	0	0	0	0	0	712536	712263	863313	3498	45056	1351680	20480	0	0	
0	1572864	0	0	0	0	0	716463	716111	868065	3498	45056	1794048	20480	0	0	12582912	0	1572864	0	0	0	0	0	716463	716111	868065	3498	45056	1794048	20480	0	0	
0	1675264	0	0	0	0	0	720687	720218	873015	3498	45056	2080768	0	0	0	12582912	0	1675264	0	0	0	0	0	720687	720218	873015	3498	45056	2080768	0	0	0	
0	1925120	0	0	0	0	0	724284	723813	877437	3564	20480	2109440	0	0	0	12582912	0	1925120	0	0	0	0	0	724284	723813	877437	3564	20480	2109440	0	0	0	
0	1703936	0	0	0	0	0	727320	726864	881100	3564	16384	2105344	0	0	0	12582912	0	1703936	0	0	0	0	0	727320	726864	881100	3564	16384	2105344	0	0	0	
0	1060864	0	0	0	0	0	730884	730618	885291	3564	12288	1363968	0	0	0	12582912	0	1060864	0	0	0	0	0	730884	730618	885291	3564	12288	1363968	0	0	0	
0	987136	0	0	0	0	0	734217	734007	889317	3564	16384	1187840	20480	0	0	12582912	0	987136	0	0	0	0	0	734217	734007	889317	3564	16384	1187840	20480	0	0	
0	1323008	0	0	0	0	0	737946	737722	893706	3564	20480	1368064	20480	0	0	12582912	0	1323008	0	0	0	0	0	737946	737722	893706	3564	20480	1368064	20480	0	0	
0	1155072	0	0	0	0	0	741576	741283	898062	3597	36864	1331200	0	0	0	12582912	0	1155072	0	0	0	0	0	741576	741283	898062	3597	36864	1331200	0	0	0	
0	1335296	0	0	0	0	0	744975	744718	902121	3597	36864	1359872	0	0	0	12582912	0	1335296	0	0	0	0	0	744975	744718	902121	3597	36864	1359872	0	0	0	
0	1228800	0	0	0	0	0	748209	747955	905916	3597	36864	1339392	20480	0	0	12582912	0	1228800	0	0	0	0	0	748209	747955	905916	3597	36864	1339392	20480	0	0	
0	1847296	0	0	0	0	0	752235	751810	910734	3597	36864	2088960	0	0	0	12582912	0	1847296	0	0	0	0	0	752235	751810	910734	3597	36864	2088960	0	0	0	
0	634880	0	0	0	0	0	755502	755357	914661	3597	36864	905216	20480	0	0	12582912	0	634880	0	0	0	0	0	755502	755357	914661	3597	36864	905216	20480	0	0	
0	315392	0	0	0	0	0	758439	758422	918126	3597	36864	294912	20480	0	0	12582912	0	315392	0	0	0	0	0	758439	758422	918126	3597	36864	294912	20480	0	0	
0	1105920	0	0	0	0	0	762432	762212	922779	3597	1024000	188416	0	0	0	12582912	0	1105920	0	0	0	0	0	762432	762212	922779	3597	1024000	188416	0	0	0	
0	1449984	0	0	0	0	0	766095	765763	927366	3630	0	1380352	20480	0	0	12582912	0	1449984	0	0	0	0	0	766095	765763	927366	3630	0	1380352	20480	0	0	
0	1060864	0	0	0	0	0	769428	769137	931392	3630	0	1318912	0	0	0	12582912	0	1060864	0	0	0	0	0	769428	769137	931392	3630	0	1318912	0	0	0	
0	1937408	0	0	0	0	0	773652	773257	936408	3630	0	2109440	0	0	0	12582912	0	1937408	0	0	0	0	0	773652	773257	936408	3630	0	2109440	0	0	0	
0	1810432	0	0	0	0	0	776754	776292	940005	3630	0	2105344	0	0	0	12582912	0	1810432	0	0	0	0	0	776754	776292	940005	3630	0	2105344	0	0	0	
0	798720	0	0	0	0	0	780582	780375	944691	3630	0	1314816	20480	0	0	12582912	0	798720	0	0	0	0	0	780582	780375	944691	3630	0	1314816	20480	0	0	
0	1040384	0	0	0	0	0	784311	784069	949080	3630	0	1372160	0	0	0	12582912	0	1040384	0	0	0	0	0	784311	784069	949080	3630	0	1372160	0	0	0	
0	2007040	0	0	0	0	0	787842	787443	953304	3630	0	2129920	0	0	0	12582912	0	2007040	0	0	0	0	0	787842	787443	953304	3630	0	2129920	0	0	0	
0	2002944	0	0	0	0	0	791472	790997	957495	3630	0	2109440	0	0	0	12582912	0	2002944	0	0	0	0	0	791472	790997	957495	3630	0	2109440	0	0	0	
0	1048576	0	0	0	0	0	794508	794239	961158	3630	0	1380352	0	0	0	12582912	0	1048576	0	0	0	0	0	794508	794239	961158	3630	0	1380352	0	0	0	
0	204800	0	0	0	0	0	798633	798641	966108	3630	0	397312	20480	0	0	12582912	0	204800	0	0	0	0	0	798633	798641	966108	3630	0	397312	20480	0	0	
0	1073152	0	0	0	0	0	803121	802901	971388	3630	0	1384448	20480	0	0	12582912	0	1073152	0	0	0	0	0	803121	802901	971388	3630	0	1384448	20480	0	0	
0	1904640	0	0	0	0	0	807675	807248	976800	3630	0	2113536	0	0	0	12582912	0	1904640	0	0	0	0	0	807675	807248	976800	3630	0	2113536	0	0	0	
0	2002944	0	0	0	0	0	811734	811335	981585	3630	0	2125824	20480	0	0	12582912	0	2002944	0	0	0	0	0	811734	811335	981585	3630	0	2125824	20480	0	0	
0	1081344	0	0	0	0	0	814836	814629	985413	3630	835584	385024	0	0	0	12582912	0	1081344	0	0	0	0	0	814836	814629	985413	3630	835584	385024	0	0	0	
0	1122304	0	0	0	0	0	819027	818717	990561	3762	28672	1347584	0	0	0	12582912	0	1122304	0	0	0	0	0	819027	818717	990561	3762	28672	1347584	0	0	0	
0	471040	0	0	0	0	0	822162	822100	994389	3762	28672	630784	20480	0	0	12582912	0	471040	0	0	0	0	0	822162	822100	994389	3762	28672	630784	20480	0	0	
0	1343488	0	0	0	0	0	825561	825332	998382	3762	28672	1351680	20480	0	0	12582912	0	1343488	0	0	0	0	0	825561	825332	998382	3762	28672	1351680	20480	0	0	
0	1777664	0	0	0	0	0	828630	828202	1002012	3762	28672	2023424	0	0	0	12582912	0	1777664	0	0	0	0	0	828630	828202	1002012	3762	28672	2023424	0	0	0	
0	1286144	0	0	0	0	0	831666	831454	1005609	3762	28672	1351680	20480	0	0	12582912	0	1286144	0	0	0	0	0	831666	831454	1005609	3762	28672	1351680	20480	0	0	
0	1105920	0	0	0	0	0	835230	834968	1009866	3762	28672	1351680	20480	0	0	12582912	0	1105920	0	0	0	0	0	835230	834968	1009866	3762	28672	1351680	20480	0	0	
0	1642496	0	0	0	0	0	839256	838919	1014651	3762	1032192	897024	0	0	0	12582912	0	1642496	0	0	0	0	0	839256	838919	1014651	3762	1032192	897024	0	0	0	
0	1298432	0	0	0	0	0	842391	842117	1018512	3762	8192	1368064	20480	0	0	12582912	0	1298432	0	0	0	0	0	842391	842117	1018512	3762	8192	1368064	20480	0	0	
0	704512	0	0	0	0	0	846648	846509	1023660	3762	8192	876544	20480	0	0	12582912	0	704512	0	0	0	0	0	846648	846509	1023660	3762	8192	876544	20480	0	0	
0	1114112	0	0	0	0	0	851301	851071	1029204	3762	8192	1298432	20480	0	0	12582912	0	1114112	0	0	0	0	0	851301	851071	1029204	3762	8192	1298432	20480	0	0	
0	1572864	0	0	0	0	0	855525	855189	1034187	3762	884736	983040	0	0	0	12582912	0	1572864	0	0	0	0	0	855525	855189	1034187	3762	884736	983040	0	0	0	
0	401408	0	0	0	0	0	856251	856192	1035243	3795	4096	696320	24576	0	0	12582912	0	401408	0	0	0	0	0	856251	856192	1035243	3795	4096	696320	24576	0	0	
0	1228800	0	0	0	0	0	860376	860141	1040358	3861	81920	1339392	0	0	0	12582912	0	1228800	0	0	0	0	0	860376	860141	1040358	3861	81920	1339392	0	0	0	
0	1241088	0	0	0	0	0	864501	864281	1045572	3894	24576	1339392	20480	0	0	12582912	0	1241088	0	0	0	0	0	864501	864281	1045572	3894	24576	1339392	20480	0	0	
0	1785856	0	0	0	0	0	868065	867588	1049730	3894	24576	2072576	0	0	0	12582912	0	1785856	0	0	0	0	0	868065	867588	1049730	3894	24576	2072576	0	0	0	
0	1847296	0	0	0	0	0	871563	871153	1053921	3894	20480	2101248	0	0	0	12582912	0	1847296	0	0	0	0	0	871563	871153	1053921	3894	20480	2101248	0	0	0	
0	1191936	0	0	0	0	0	875094	874911	1058178	3894	20480	1351680	20480	0	0	12582912	0	1191936	0	0	0	0	0	875094	874911	1058178	3894	20480	1351680	20480	0	0	
0	1273856	0	0	0	0	0	878196	877928	1061775	3894	20480	1347584	20480	0	0	12582912	0	1273856	0	0	0	0	0	878196	877928	1061775	3894	20480	1347584	20480	0	0	
0	1798144	0	0	0	0	0	882222	881821	1066626	3894	24576	2023424	0	0	0	12582912	0	1798144	0	0	0	0	0	882222	881821	1066626	3894	24576	2023424	0	0	0	
0	167936	0	0	0	0	0	885423	885378	1070553	3927	16384	368640	20480	0	0	12582912	0	167936	0	0	0	0	0	885423	885378	1070553	3927	16384	368640	20480	0	0	
0	1064960	0	0	0	0	0	888690	888445	1074414	3927	16384	1294336	20480	0	0	12582912	0	1064960	0	0	0	0	0	888690	888445	1074414	3927	16384	1294336	20480	0	0	
0	1110016	0	0	0	0	0	892419	892168	1078836	3927	16384	1355776	0	0	0	12582912	0	1110016	0	0	0	0	0	892419	892168	1078836	3927	16384	1355776	0	0	0	
0	258048	0	0	0	0	0	897105	897127	1084743	3927	8192	573440	20480	0	0	12582912	0	258048	0	0	0	0	0	897105	897127	1084743	3927	8192	573440	20480	0	0	
0	532480	0	0	0	0	0	899745	899652	1087878	3960	8192	692224	24576	0	0	12582912	0	532480	0	0	0	0	0	899745	899652	1087878	3960	8192	692224	24576	0	0	
0	1810432	0	0	0	0	0	901857	901459	1090551	3960	8192	1904640	4096	0	0	12582912	0	1810432	0	0	0	0	0	901857	901459	1090551	3960	8192	1904640	4096	0	0	
0	1146880	0	0	0	0	0	905388	905130	1095039	4059	40960	1363968	20480	0	0	12582912	0	1146880	0	0	0	0	0	905388	905130	1095039	4059	40960	1363968	20480	0	0	
0	1957888	0	0	0	0	0	908985	908578	1099362	4059	61440	2039808	0	0	0	12582912	0	1957888	0	0	0	0	0	908985	908578	1099362	4059	61440	2039808	0	0	0	
0	2068480	0	0	0	0	0	913110	912590	1104543	4092	24576	2088960	0	0	0	12582912	0	2068480	0	0	0	0	0	913110	912590	1104543	4092	24576	2088960	0	0	0	
0	765952	0	0	0	0	0	916410	916260	1108470	4092	24576	946176	20480	0	0	12582912	0	765952	0	0	0	0	0	916410	916260	1108470	4092	24576	946176	20480	0	0	
0	1163264	0	0	0	0	0	920040	919753	1112793	4092	20480	1318912	0	0	0	12582912	0	1163264	0	0	0	0	0	920040	919753	1112793	4092	20480	1318912	0	0	0	
0	1282048	0	0	0	0	0	923274	923018	1116588	4092	20480	1368064	20480	0	0	12582912	0	1282048	0	0	0	0	0	923274	923018	1116588	4092	20480	1368064	20480	0	0	
0	1949696	0	0	0	0	0	927762	927399	1121967	4092	20480	2097152	20480	0	0	12582912	0	1949696	0	0	0	0	0	927762	927399	1121967	4092	20480	2097152	20480	0	0	
0	593920	0	0	0	0	0	930897	930761	1125663	4092	622592	114688	0	0	0	12582912	0	593920	0	0	0	0	0	930897	930761	1125663	4092	622592	114688	0	0	0	
0	1372160	0	0	0	0	0	934461	934243	1130283	4191	0	1368064	0	0	0	12582912	0	1372160	0	0	0	0	0	934461	934243	1130283	4191	0	1368064	0	0	0	
0	1171456	0	0	0	0	0	938091	937831	1134474	4191	0	1372160	20480	0	0	12582912	0	1171456	0	0	0	0	0	938091	937831	1134474	4191	0	1372160	20480	0	0	
0	1769472	0	0	0	0	0	941622	941211	1138764	4257	49152	2043904	0	0	0	12582912	0	1769472	0	0	0	0	0	941622	941211	1138764	4257	49152	2043904	0	0	0	
0	1630208	0	0	0	0	0	945714	945297	1143615	4257	913408	1024000	0	0	0	12582912	0	1630208	0	0	0	0	0	945714	945297	1143615	4257	913408	1024000	0	0	0	
0	1290240	0	0	0	0	0	948816	948526	1147806	4389	53248	1314816	0	0	0	12582912	0	1290240	0	0	0	0	0	948816	948526	1147806	4389	53248	1314816	0	0	0	
0	888832	0	0	0	0	0	953403	953176	1153548	4389	659456	487424	20480	0	0	12582912	0	888832	0	0	0	0	0	953403	953176	1153548	4389	659456	487424	20480	0	0	
0	1314816	0	0	0	0	0	956967	956671	1158366	4488	32768	1601536	0	0	0	12582912	0	1314816	0	0	0	0	0	956967	956671	1158366	4488	32768	1601536	0	0	0	
0	516096	0	0	0	0	0	960894	960747	1163217	4488	24576	679936	20480	0	0	12582912	0	516096	0	0	0	0	0	960894	960747	1163217	4488	24576	679936	20480	0	0	
0	1576960	0	0	0	0	0	961851	961542	1164603	4521	765952	765952	0	0	0	12582912	0	1576960	0	0	0	0	0	961851	961542	1164603	4521	765952	765952	0	0	0	
0	1417216	0	0	0	0	0	966240	965907	1170675	4818	45056	1318912	0	0	0	12582912	0	1417216	0	0	0	0	0	966240	965907	1170675	4818	45056	1318912	0	0	0	
0	446464	0	0	0	0	0	970068	969897	1175691	4884	40960	688128	20480	0	0	12582912	0	446464	0	0	0	0	0	970068	969897	1175691	4884	40960	688128	20480	0	0	
0	1544192	0	0	0	0	0	971124	970785	1177176	4884	1093632	614400	20480	0	0	12582912	0	1544192	0	0	0	0	0	971124	970785	1177176	4884	1093632	614400	20480	0	0	
0	2297856	0	0	0	0	0	974688	974110	1181367	4884	393216	2097152	0	0	0	12582912	0	2297856	0	0	0	0	0	974688	974110	1181367	4884	393216	2097152	0	0	0	
0	1966080	0	0	0	0	0	978780	978327	1186383	4917	90112	2048000	0	0	0	12582912	0	1966080	0	0	0	0	0	978780	978327	1186383	4917	90112	2048000	0	0	0	
0	1843200	0	0	0	0	0	981816	981379	1189980	4917	90112	2048000	0	0	0	12582912	0	1843200	0	0	0	0	0	981816	981379	1189980	4917	90112	2048000	0	0	0	
0	1163264	0	0	0	0	0	985413	985141	1194303	4917	0	1376256	20480	0	0	12582912	0	1163264	0	0	0	0	0	985413	985141	1194303	4917	0	1376256	20480	0	0	
0	991232	0	0	0	0	0	989274	989002	1198923	4917	0	1331200	0	0	0	12582912	0	991232	0	0	0	0	0	989274	989002	1198923	4917	0	1331200	0	0	0	
0	1146880	0	0	0	0	0	992508	992247	1202817	4917	0	1372160	20480	0	0	12582912	0	1146880	0	0	0	0	0	992508	992247	1202817	4917	0	1372160	20480	0	0	
0	917504	0	0	0	0	0	996336	996085	1207404	4917	0	1310720	20480	0	0	12582912	0	917504	0	0	0	0	0	996336	996085	1207404	4917	0	1310720	20480	0	0	
0	1765376	0	0	0	0	0	1000560	1000137	1212453	4917	0	2097152	0	0	0	12582912	0	1765376	0	0	0	0	0	1000560	1000137	1212453	4917	0	2097152	0	0	0	
0	585728	0	0	0	0	0	1003893	1003709	1216347	4917	0	872448	20480	0	0	12582912	0	585728	0	0	0	0	0	1003893	1003709	1216347	4917	0	872448	20480	0	0	
0	1122304	0	0	0	0	0	1007160	1006950	1220241	4917	0	1363968	20480	0	0	12582912	0	1122304	0	0	0	0	0	1007160	1006950	1220241	4917	0	1363968	20480	0	0	
0	1216512	0	0	0	0	0	1010691	1010500	1224498	4917	0	1372160	0	0	0	12582912	0	1216512	0	0	0	0	0	1010691	1010500	1224498	4917	0	1372160	0	0	0	
0	1601536	0	0	0	0	0	1013661	1013334	1228029	4917	0	1769472	0	0	0	12582912	0	1601536	0	0	0	0	0	1013661	1013334	1228029	4917	0	1769472	0	0	0	
0	1273856	0	0	0	0	0	1016829	1016585	1231791	5016	61440	1310720	20480	0	0	12582912	0	1273856	0	0	0	0	0	1016829	1016585	1231791	5016	61440	1310720	20480	0	0	
0	1028096	0	0	0	0	0	1020690	1020483	1236411	5016	53248	1142784	20480	0	0	12582912	0	1028096	0	0	0	0	0	1020690	1020483	1236411	5016	53248	1142784	20480	0	0	
0	1638400	0	0	0	0	0	1023924	1023498	1240239	5016	53248	1994752	20480	0	0	12582912	0	1638400	0	0	0	0	0	1023924	1023498	1240239	5016	53248	1994752	20480	0	0	
0	1478656	0	0	0	0	0	1026960	1026673	1244034	5016	12288	1359872	20480	0	0	12582912	0	1478656	0	0	0	0	0	1026960	1026673	1244034	5016	12288	1359872	20480	0	0	
0	516096	0	0	0	0	0	1027125	1027013	1244397	5016	28672	671744	20480	0	0	12582912	0	516096	0	0	0	0	0	1027125	1027013	1244397	5016	28672	671744	20480	0	0	
0	2293760	0	0	0	0	0	1031250	1030776	1249545	5016	434176	2097152	0	0	0	12582912	0	2293760	0	0	0	0	0	1031250	1030776	1249545	5016	434176	2097152	0	0	0	
0	2383872	0	0	0	0	0	1034814	1034293	1253736	5016	434176	2093056	0	0	0	12582912	0	2383872	0	0	0	0	0	1034814	1034293	1253736	5016	434176	2093056	0	0	0	
0	1634304	0	0	0	0	0	1037817	1037565	1257366	5016	1175552	487424	0	0	0	12582912	0	1634304	0	0	0	0	0	1037817	1037565	1257366	5016	1175552	487424	0	0	0	
0	425984	0	0	0	0	0	1042041	1041997	1262481	5016	49152	557056	20480	0	0	12582912	0	425984	0	0	0	0	0	1042041	1041997	1262481	5016	49152	557056	20480	0	0	
0	1261568	0	0	0	0	0	1047420	1047124	1269147	5148	61440	1343488	0	0	0	12582912	0	1261568	0	0	0	0	0	1047420	1047124	1269147	5148	61440	1343488	0	0	0	
0	1261568	0	0	0	0	0	1051182	1050910	1273569	5148	49152	1396736	0	0	0	12582912	0	1261568	0	0	0	0	0	1051182	1050910	1273569	5148	49152	1396736	0	0	0	
0	1126400	0	0	0	0	0	1054746	1054444	1277727	5148	49152	1392640	20480	0	0	12582912	0	1126400	0	0	0	0	0	1054746	1054444	1277727	5148	49152	1392640	20480	0	0	
0	610304	0	0	0	0	0	1056891	1056800	1280499	5214	45056	729088	20480	0	0	12582912	0	610304	0	0	0	0	0	1056891	1056800	1280499	5214	45056	729088	20480	0	0	
0	1191936	0	0	0	0	0	1059498	1059249	1283931	5214	118784	1355776	0	0	0	12582912	0	1191936	0	0	0	0	0	1059498	1059249	1283931	5214	118784	1355776	0	0	0	
0	1249280	0	0	0	0	0	1064052	1063850	1289574	5214	20480	1363968	20480	0	0	12582912	0	1249280	0	0	0	0	0	1064052	1063850	1289574	5214	20480	1363968	20480	0	0	
0	1146880	0	0	0	0	0	1069695	1069443	1296405	5214	864256	409600	0	0	0	12582912	0	1146880	0	0	0	0	0	1069695	1069443	1296405	5214	864256	409600	0	0	0	
0	262144	0	0	0	0	0	1075074	1074997	1303434	5412	40960	331776	20480	0	0	12582912	0	262144	0	0	0	0	0	1075074	1074997	1303434	5412	40960	331776	20480	0	0	
0	1282048	0	0	0	0	0	1079628	1079448	1309143	5511	0	1368064	20480	0	0	12582912	0	1282048	0	0	0	0	0	1079628	1079448	1309143	5511	0	1368064	20480	0	0	
0	1650688	0	0	0	0	0	1084776	1084360	1315380	5544	53248	1998848	0	0	0	12582912	0	1650688	0	0	0	0	0	1084776	1084360	1315380	5544	53248	1998848	0	0	0	
0	1753088	0	0	0	0	0	1089429	1088919	1320825	5544	49152	2043904	20480	0	0	12582912	0	1753088	0	0	0	0	0	1089429	1088919	1320825	5544	49152	2043904	20480	0	0	
0	679936	0	0	0	0	0	1092993	1092802	1325313	5610	688128	348160	20480	0	0	12582912	0	679936	0	0	0	0	0	1092993	1092802	1325313	5610	688128	348160	20480	0	0	
0	1859584	0	0	0	0	0	1097613	1097164	1331055	5676	4096	2056192	0	0	0	12582912	0	1859584	0	0	0	0	0	1097613	1097164	1331055	5676	4096	2056192	0	0	0	
0	1732608	0	0	0	0	0	1101705	1101223	1335873	5676	4096	2109440	0	0	0	12582912	0	1732608	0	0	0	0	0	1101705	1101223	1335873	5676	4096	2109440	0	0	0	
0	1196032	0	0	0	0	0	1105236	1104952	1340130	5676	4096	1368064	20480	0	0	12582912	0	1196032	0	0	0	0	0	1105236	1104952	1340130	5676	4096	1368064	20480	0	0	
0	1777664	0	0	0	0	0	1109295	1108834	1344882	5676	4096	2052096	0	0	0	12582912	0	1777664	0	0	0	0	0	1109295	1108834	1344882	5676	4096	2052096	0	0	0	
0	1155072	0	0	0	0	0	1112298	1112067	1348578	5676	4096	1359872	0	0	0	12582912	0	1155072	0	0	0	0	0	1112298	1112067	1348578	5676	4096	1359872	0	0	0	
0	1179648	0	0	0	0	0	1116390	1116130	1353330	5676	8192	1355776	0	0	0	12582912	0	1179648	0	0	0	0	0	1116390	1116130	1353330	5676	8192	1355776	0	0	0	
0	708608	0	0	0	0	0	1119657	1119493	1357488	5742	49152	704512	20480	0	0	12582912	0	708608	0	0	0	0	0	1119657	1119493	1357488	5742	49152	704512	20480	0	0	
0	1290240	0	0	0	0	0	1124046	1123777	1362636	5742	12288	1355776	0	0	0	12582912	0	1290240	0	0	0	0	0	1124046	1123777	1362636	5742	12288	1355776	0	0	0	
0	675840	0	0	0	0	0	1127841	1127741	1367421	5775	0	761856	20480	0	0	12582912	0	675840	0	0	0	0	0	1127841	1127741	1367421	5775	0	761856	20480	0	0	
0	1724416	0	0	0	0	0	1131174	1130765	1371315	5775	0	2117632	0	0	0	12582912	0	1724416	0	0	0	0	0	1131174	1130765	1371315	5775	0	2117632	0	0	0	
0	434176	0	0	0	0	0	1134936	1134851	1376166	5808	114688	507904	20480	0	0	12582912	0	434176	0	0	0	0	0	1134936	1134851	1376166	5808	114688	507904	20480	0	0	
0	1769472	0	0	0	0	0	1138830	1138435	1380720	5808	53248	2056192	20480	0	0	12582912	0	1769472	0	0	0	0	0	1138830	1138435	1380720	5808	53248	2056192	20480	0	0	
0	1159168	0	0	0	0	0	1141932	1141674	1384317	5808	49152	1323008	0	0	0	12582912	0	1159168	0	0	0	0	0	1141932	1141674	1384317	5808	49152	1323008	0	0	0	
0	1167360	0	0	0	0	0	1146453	1146179	1389762	5808	49152	1327104	0	0	0	12582912	0	1167360	0	0	0	0	0	1146453	1146179	1389762	5808	49152	1327104	0	0	0	
0	1122304	0	0	0	0	0	1150017	1149770	1393986	5808	53248	1331200	20480	0	0	12582912	0	1122304	0	0	0	0	0	1150017	1149770	1393986	5808	53248	1331200	20480	0	0	
0	1052672	0	0	0	0	0	1153416	1153113	1398045	5808	57344	1265664	0	0	0	12582912	0	1052672	0	0	0	0	0	1153416	1153113	1398045	5808	57344	1265664	0	0	0	
0	1773568	0	0	0	0	0	1157145	1156681	1402566	5808	0	2088960	0	0	0	12582912	0	1773568	0	0	0	0	0	1157145	1156681	1402566	5808	0	2088960	0	0	0	
0	1347584	0	0	0	0	0	1160676	1160459	1406823	5808	0	1372160	0	0	0	12582912	0	1347584	0	0	0	0	0	1160676	1160459	1406823	5808	0	1372160	0	0	0	
0	1208320	0	0	0	0	0	1164240	1164021	1411014	5808	0	1384448	20480	0	0	12582912	0	1208320	0	0	0	0	0	1164240	1164021	1411014	5808	0	1384448	20480	0	0	
0	1265664	0	0	0	0	0	1167771	1167599	1415337	5874	57344	1314816	0	0	0	12582912	0	1265664	0	0	0	0	0	1167771	1167599	1415337	5874	57344	1314816	0	0	0	
98304	1134592	0	0	0	0	0	1171467	1171181	1419561	5874	57344	1323008	20480	0	0	12582912	98304	1134592	0	0	0	0	0	1171467	1171181	1419561	5874	57344	1323008	20480	0	0	
98304	1884160	0	0	0	0	0	1174932	1174462	1423752	5874	57344	2048000	0	0	0	12582912	98304	1884160	0	0	0	0	0	1174932	1174462	1423752	5874	57344	2048000	0	0	0	
98304	1658880	0	0	0	0	135168	1178925	1178529	1428504	5874	880640	761856	0	0	0	12582912	98304	1658880	0	0	0	0	135168	1178925	1178529	1428504	5874	880640	761856	0	0	0	
98304	1261568	0	0	0	0	0	1181367	1181115	1431573	5874	4096	1331200	0	0	0	12582912	98304	1261568	0	0	0	0	0	1181367	1181115	1431573	5874	4096	1331200	0	0	0	
98304	1761280	0	0	0	0	0	1186086	1185707	1437150	5874	4096	2109440	0	0	0	12582912	98304	1761280	0	0	0	0	0	1186086	1185707	1437150	5874	4096	2109440	0	0	0	
98304	1220608	0	0	0	0	0	1189617	1189420	1441407	5874	4096	1376256	0	0	0	12582912	98304	1220608	0	0	0	0	0	1189617	1189420	1441407	5874	4096	1376256	0	0	0	
98304	1675264	0	0	0	0	0	1194171	1193810	1446951	5940	73728	1748992	0	0	0	12582912	98304	1675264	0	0	0	0	0	1194171	1193810	1446951	5940	73728	1748992	0	0	0	
98304	1941504	0	0	0	0	0	1198296	1197890	1451835	5940	65536	2039808	0	0	0	12582912	98304	1941504	0	0	0	0	0	1198296	1197890	1451835	5940	65536	2039808	0	0	0	
98304	1748992	0	0	0	0	0	1201926	1201441	1456059	5940	65536	1998848	0	0	0	12582912	98304	1748992	0	0	0	0	0	1201926	1201441	1456059	5940	65536	1998848	0	0	0	
98304	1376256	0	0	0	0	0	1205028	1204777	1459986	5973	53248	1335296	20480	0	0	12582912	98304	1376256	0	0	0	0	0	1205028	1204777	1459986	5973	53248	1335296	20480	0	0	
98304	1224704	0	0	0	0	0	1208130	1207892	1463913	6039	36864	1339392	0	0	0	12582912	98304	1224704	0	0	0	0	0	1208130	1207892	1463913	6039	36864	1339392	0	0	0	
98304	856064	0	0	0	0	0	1212189	1212023	1468731	6039	999424	184320	0	0	0	12582912	98304	856064	0	0	0	0	0	1212189	1212023	1468731	6039	999424	184320	0	0	0	
98304	1724416	0	0	0	0	0	1215852	1215417	1473219	6138	8192	2048000	0	0	0	12582912	98304	1724416	0	0	0	0	0	1215852	1215417	1473219	6138	8192	2048000	0	0	0	
98304	1253376	0	0	0	0	0	1218360	1218167	1476288	6138	8192	1372160	20480	0	0	12582912	98304	1253376	0	0	0	0	0	1218360	1218167	1476288	6138	8192	1372160	20480	0	0	
98304	1236992	0	0	0	0	0	1221957	1221711	1480479	6138	8192	1363968	0	0	0	12582912	98304	1236992	0	0	0	0	0	1221957	1221711	1480479	6138	8192	1363968	0	0	0	
98304	1126400	0	0	0	0	0	1224993	1224736	1484076	6138	8192	1372160	20480	0	0	12582912	98304	1126400	0	0	0	0	0	1224993	1224736	1484076	6138	8192	1372160	20480	0	0	
98304	1802240	0	0	0	0	0	1228557	1228057	1488333	6138	8192	2097152	0	0	0	12582912	98304	1802240	0	0	0	0	0	1228557	1228057	1488333	6138	8192	2097152	0	0	0	
98304	901120	0	0	0	0	0	1232484	1232199	1493382	6270	20480	1216512	20480	0	0	12582912	98304	901120	0	0	0	0	0	1232484	1232199	1493382	6270	20480	1216512	20480	0	0	
98304	1810432	0	0	0	0	0	1235718	1235312	1497177	6270	16384	2097152	0	0	0	12582912	98304	1810432	0	0	0	0	0	1235718	1235312	1497177	6270	16384	2097152	0	0	0	
98304	1105920	0	0	0	0	0	1238259	1238003	1500213	6270	12288	1372160	20480	0	0	12582912	98304	1105920	0	0	0	0	0	1238259	1238003	1500213	6270	12288	1372160	20480	0	0	
98304	1859584	0	0	0	0	0	1242813	1242401	1505625	6270	12288	2101248	0	0	0	12582912	98304	1859584	0	0	0	0	0	1242813	1242401	1505625	6270	12288	2101248	0	0	0	
98304	1097728	0	0	0	0	0	1246905	1246664	1510476	6270	12288	1368064	20480	0	0	12582912	98304	1097728	0	0	0	0	0	1246905	1246664	1510476	6270	12288	1368064	20480	0	0	
98304	1118208	0	0	0	0	0	1251492	1251238	1515822	6270	12288	1372160	20480	0	0	12582912	98304	1118208	0	0	0	0	0	1251492	1251238	1515822	6270	12288	1372160	20480	0	0	
98304	827392	0	0	0	0	0	1258422	1258210	1524237	6270	12288	1064960	20480	0	0	12582912	98304	827392	0	0	0	0	0	1258422	1258210	1524237	6270	12288	1064960	20480	0	0	
98304	1048576	0	0	0	0	0	1263405	1263122	1530639	6369	794624	380928	20480	0	0	12582912	98304	1048576	0	0	0	0	0	1263405	1263122	1530639	6369	794624	380928	20480	0	0	
0	204800	0	0	0	0	135168	1269213	1269129	1538097	6501	102400	303104	20480	0	0	12582912	0	204800	0	0	0	0	135168	1269213	1269129	1538097	6501	102400	303104	20480	0	0	
0	1064960	0	0	0	0	135168	1276836	1276517	1547337	6633	0	1376256	0	0	0	12582912	0	1064960	0	0	0	0	135168	1276836	1276517	1547337	6633	0	1376256	0	0	0	
0	1380352	0	0	0	0	135168	1284129	1283806	1556280	6798	8192	1421312	20480	0	0	12582912	0	1380352	0	0	0	0	135168	1284129	1283806	1556280	6798	8192	1421312	20480	0	0	
0	1310720	0	0	0	0	135168	1290168	1289926	1563507	6798	8192	1421312	20480	0	0	12582912	0	1310720	0	0	0	0	135168	1290168	1289926	1563507	6798	8192	1421312	20480	0	0	
0	1421312	0	0	0	0	135168	1294293	1293983	1568424	6831	61440	1310720	0	0	0	12582912	0	1421312	0	0	0	0	135168	1294293	1293983	1568424	6831	61440	1310720	0	0	0	
0	1708032	0	0	0	0	135168	1298913	1298413	1573902	6831	0	2105344	0	0	0	12582912	0	1708032	0	0	0	0	135168	1298913	1298413	1573902	6831	0	2105344	0	0	0	
0	1716224	0	0	0	0	135168	1303434	1302991	1579380	6831	0	2105344	0	0	0	12582912	0	1716224	0	0	0	0	135168	1303434	1302991	1579380	6831	0	2105344	0	0	0	
0	1204224	0	0	0	0	135168	1307493	1307227	1584132	6831	0	1372160	20480	0	0	12582912	0	1204224	0	0	0	0	135168	1307493	1307227	1584132	6831	0	1372160	20480	0	0	
0	1740800	0	0	0	0	135168	1312113	1311676	1589841	6864	53248	2056192	0	0	0	12582912	0	1740800	0	0	0	0	135168	1312113	1311676	1589841	6864	53248	2056192	0	0	0	
0	1286144	0	0	0	0	135168	1315743	1315414	1594098	6864	49152	1335296	20480	0	0	12582912	0	1286144	0	0	0	0	135168	1315743	1315414	1594098	6864	49152	1335296	20480	0	0	
0	1859584	0	0	0	0	135168	1319208	1318760	1598289	6864	45056	2105344	0	0	0	12582912	0	1859584	0	0	0	0	135168	1319208	1318760	1598289	6864	45056	2105344	0	0	0	
0	208896	0	0	0	0	135168	1323465	1323346	1603569	6864	45056	397312	20480	0	0	12582912	0	208896	0	0	0	0	135168	1323465	1323346	1603569	6864	45056	397312	20480	0	0	
0	1863680	0	0	0	0	135168	1327920	1327451	1609113	7029	36864	2068480	0	0	0	12582912	0	1863680	0	0	0	0	135168	1327920	1327451	1609113	7029	36864	2068480	0	0	0	
0	1134592	0	0	0	0	135168	1332045	1331807	1613931	7029	36864	1339392	20480	0	0	12582912	0	1134592	0	0	0	0	135168	1332045	1331807	1613931	7029	36864	1339392	20480	0	0	
0	1196032	0	0	0	0	135168	1335114	1334849	1617561	7029	32768	1343488	20480	0	0	12582912	0	1196032	0	0	0	0	135168	1335114	1334849	1617561	7029	32768	1343488	20480	0	0	
0	1720320	0	0	0	0	135168	1339140	1338635	1622313	7029	32768	2072576	0	0	0	12582912	0	1720320	0	0	0	0	135168	1339140	1338635	1622313	7029	32768	2072576	0	0	0	
0	1077248	0	0	0	0	135168	1344222	1343902	1628979	7227	69632	1269760	0	0	0	12582912	0	1077248	0	0	0	0	135168	1344222	1343902	1628979	7227	69632	1269760	0	0	0	
0	1183744	0	0	0	0	135168	1348479	1348212	1634193	7227	0	1384448	20480	0	0	12582912	0	1183744	0	0	0	0	135168	1348479	1348212	1634193	7227	0	1384448	20480	0	0	
0	1232896	0	0	0	0	135168	1355739	1355412	1643004	7326	32768	1388544	20480	0	0	12582912	0	1232896	0	0	0	0	135168	1355739	1355412	1643004	7326	32768	1388544	20480	0	0	
0	409600	0	0	0	0	135168	1359930	1359853	1648416	7359	77824	540672	20480	0	0	12582912	0	409600	0	0	0	0	135168	1359930	1359853	1648416	7359	77824	540672	20480	0	0	
0	1249280	0	0	0	0	135168	1363824	1363580	1653003	7359	61440	1318912	20480	0	0	12582912	0	1249280	0	0	0	0	135168	1363824	1363580	1653003	7359	61440	1318912	20480	0	0	
0	1912832	0	0	0	0	135168	1367916	1367484	1657821	7359	61440	2043904	20480	0	0	12582912	0	1912832	0	0	0	0	135168	1367916	1367484	1657821	7359	61440	2043904	20480	0	0	
0	1110016	0	0	0	0	135168	1373031	1372695	1663794	7359	61440	1314816	0	0	0	12582912	0	1110016	0	0	0	0	135168	1373031	1372695	1663794	7359	61440	1314816	0	0	0	
0	1884160	0	0	0	0	135168	1377519	1377116	1669206	7359	61440	2052096	0	0	0	12582912	0	1884160	0	0	0	0	135168	1377519	1377116	1669206	7359	61440	2052096	0	0	0	
0	1130496	0	0	0	0	135168	1383129	1382859	1675872	7359	61440	1314816	20480	0	0	12582912	0	1130496	0	0	0	0	135168	1383129	1382859	1675872	7359	61440	1314816	20480	0	0	
0	331776	0	0	0	0	135168	1383327	1383153	1676235	7392	61440	643072	20480	0	0	12582912	0	331776	0	0	0	0	135168	1383327	1383153	1676235	7392	61440	643072	20480	0	0	
0	516096	0	0	0	0	135168	1388079	1388000	1682208	7425	36864	462848	20480	0	0	12582912	0	516096	0	0	0	0	135168	1388079	1388000	1682208	7425	36864	462848	20480	0	0	
0	1282048	0	0	0	0	135168	1392996	1392804	1688280	7425	0	1368064	20480	0	0	12582912	0	1282048	0	0	0	0	135168	1392996	1392804	1688280	7425	0	1368064	20480	0	0	
0	1142784	0	0	0	0	135168	1397121	1396813	1693131	7425	0	1368064	0	0	0	12582912	0	1142784	0	0	0	0	135168	1397121	1396813	1693131	7425	0	1368064	0	0	0	
0	1159168	0	0	0	0	135168	1401147	1400881	1697982	7425	0	1363968	0	0	0	12582912	0	1159168	0	0	0	0	135168	1401147	1400881	1697982	7425	0	1363968	0	0	0	
0	1130496	0	0	0	0	135168	1405734	1405445	1703361	7425	4096	1368064	20480	0	0	12582912	0	1130496	0	0	0	0	135168	1405734	1405445	1703361	7425	4096	1368064	20480	0	0	
0	2019328	0	0	0	0	135168	1409760	1409347	1709400	7491	36864	2068480	0	0	0	12582912	0	2019328	0	0	0	0	135168	1409760	1409347	1709400	7491	36864	2068480	0	0	0	
0	1114112	0	0	0	0	135168	1413720	1413422	1714020	7491	36864	1277952	0	0	0	12582912	0	1114112	0	0	0	0	135168	1413720	1413422	1714020	7491	36864	1277952	0	0	0	
0	1241088	0	0	0	0	135168	1417977	1417756	1719201	7491	32768	1343488	20480	0	0	12582912	0	1241088	0	0	0	0	135168	1417977	1417756	1719201	7491	32768	1343488	20480	0	0	
0	1380352	0	0	0	0	135168	1422630	1422297	1725108	7557	40960	1376256	20480	0	0	12582912	0	1380352	0	0	0	0	135168	1422630	1422297	1725108	7557	40960	1376256	20480	0	0	
0	1376256	0	0	0	0	135168	1427943	1427574	1732137	7755	49152	1335296	20480	0	0	12582912	0	1376256	0	0	0	0	135168	1427943	1427574	1732137	7755	49152	1335296	20480	0	0	
0	1937408	0	0	0	0	135168	1432398	1431954	1737516	7755	45056	2060288	20480	0	0	12582912	0	1937408	0	0	0	0	135168	1432398	1431954	1737516	7755	45056	2060288	20480	0	0	
0	1335296	0	0	0	0	135168	1439592	1439233	1746525	7887	20480	1748992	0	0	0	12582912	0	1335296	0	0	0	0	135168	1439592	1439233	1746525	7887	20480	1748992	0	0	0	
0	1462272	0	0	0	0	270336	1444509	1444196	1752861	8019	4096	1396736	20480	0	0	12582912	0	1462272	0	0	0	0	270336	1444509	1444196	1752861	8019	4096	1396736	20480	0	0	
0	1970176	0	0	0	0	270336	1448469	1448092	1757712	8019	4096	2138112	0	0	0	12582912	0	1970176	0	0	0	0	270336	1448469	1448092	1757712	8019	4096	2138112	0	0	0	
0	520192	0	0	0	0	270336	1451175	1451073	1761045	8019	4096	700416	20480	0	0	12582912	0	520192	0	0	0	0	270336	1451175	1451073	1761045	8019	4096	700416	20480	0	0	
0	1601536	0	0	0	0	270336	1453320	1452934	1763850	8019	401408	1376256	0	0	0	12582912	0	1601536	0	0	0	0	270336	1453320	1452934	1763850	8019	401408	1376256	0	0	0	
0	1327104	0	0	0	0	270336	1458831	1458538	1770681	8052	61440	1282048	20480	0	0	12582912	0	1327104	0	0	0	0	270336	1458831	1458538	1770681	8052	61440	1282048	20480	0	0	
0	1437696	0	0	0	0	675840	1464507	1464184	1777644	8085	774144	782336	0	0	0	12582912	0	1437696	0	0	0	0	675840	1464507	1464184	1777644	8085	774144	782336	0	0	0	
0	49152	0	0	0	0	270336	1469259	1469239	1783584	8151	12288	368640	20480	0	0	12582912	0	49152	0	0	0	0	270336	1469259	1469239	1783584	8151	12288	368640	20480	0	0	
0	1941504	0	0	0	0	270336	1473780	1473349	1788798	8151	12288	2097152	0	0	0	12582912	0	1941504	0	0	0	0	270336	1473780	1473349	1788798	8151	12288	2097152	0	0	0	
0	1974272	0	0	0	0	270336	1479489	1479025	1795662	8316	0	2113536	0	0	0	12582912	0	1974272	0	0	0	0	270336	1479489	1479025	1795662	8316	0	2113536	0	0	0	
0	389120	0	0	0	0	270336	1484406	1484302	1802163	8415	24576	679936	20480	0	0	12582912	0	389120	0	0	0	0	270336	1484406	1484302	1802163	8415	24576	679936	20480	0	0	
0	2551808	0	0	0	0	270336	1485000	1484389	1802988	8415	28672	2637824	0	0	0	12582912	0	2551808	0	0	0	0	270336	1485000	1484389	1802988	8415	28672	2637824	0	0	0	
0	1675264	0	0	0	0	270336	1489653	1489204	1809027	8613	823296	1060864	0	0	0	12582912	0	1675264	0	0	0	0	270336	1489653	1489204	1809027	8613	823296	1060864	0	0	0	
0	1118208	0	0	0	0	270336	1493316	1493008	1813482	8646	61440	1306624	20480	0	0	12582912	0	1118208	0	0	0	0	270336	1493316	1493008	1813482	8646	61440	1306624	20480	0	0	
69632	1097728	0	0	0	0	270336	1496814	1496607	1817706	8646	61440	1306624	0	0	0	12582912	69632	1097728	0	0	0	0	270336	1496814	1496607	1817706	8646	61440	1306624	0	0	0	
69632	1163264	0	0	0	0	270336	1500378	1500174	1821930	8646	57344	1310720	20480	0	0	12582912	69632	1163264	0	0	0	0	270336	1500378	1500174	1821930	8646	57344	1310720	20480	0	0	
69632	1155072	0	0	0	0	270336	1503909	1503694	1826187	8646	53248	1310720	0	0	0	12582912	69632	1155072	0	0	0	0	270336	1503909	1503694	1826187	8646	53248	1310720	0	0	0	
69632	1056768	0	0	0	0	270336	1507044	1506721	1829784	8646	57344	1314816	0	0	0	12582912	69632	1056768	0	0	0	0	270336	1507044	1506721	1829784	8646	57344	1314816	0	0	0	
69632	1196032	0	0	0	0	270336	1510608	1510287	1834173	8646	4096	1376256	20480	0	0	12582912	69632	1196032	0	0	0	0	270336	1510608	1510287	1834173	8646	4096	1376256	20480	0	0	
69632	1114112	0	0	0	0	270336	1514667	1514364	1838925	8646	4096	1359872	0	0	0	12582912	69632	1114112	0	0	0	0	270336	1514667	1514364	1838925	8646	4096	1359872	0	0	0	
69632	0	0	0	0	0	270336	1517703	1517711	1842786	8679	122880	4096	20480	0	0	12582912	69632	0	0	0	0	0	270336	1517703	1517711	1842786	8679	122880	4096	20480	0	0	
69632	1679360	0	0	0	0	270336	1521267	1520853	1847010	8679	69632	2031616	0	0	0	12582912	69632	1679360	0	0	0	0	270336	1521267	1520853	1847010	8679	69632	2031616	0	0	0	
69632	1114112	0	0	0	0	270336	1524798	1524554	1851201	8679	65536	1310720	0	0	0	12582912	69632	1114112	0	0	0	0	270336	1524798	1524554	1851201	8679	65536	1310720	0	0	0	
69632	1220608	0	0	0	0	270336	1528362	1528133	1855392	8679	61440	1314816	20480	0	0	12582912	69632	1220608	0	0	0	0	270336	1528362	1528133	1855392	8679	61440	1314816	20480	0	0	
69632	1204224	0	0	0	0	270336	1531431	1531132	1859055	8679	61440	1314816	20480	0	0	12582912	69632	1204224	0	0	0	0	270336	1531431	1531132	1859055	8679	61440	1314816	20480	0	0	
69632	1110016	0	0	0	0	270336	1535490	1535187	1863906	8679	61440	1310720	0	0	0	12582912	69632	1110016	0	0	0	0	270336	1535490	1535187	1863906	8679	61440	1310720	0	0	0	
69632	610304	0	0	0	0	270336	1536645	1536540	1865424	8679	61440	643072	20480	0	0	12582912	69632	610304	0	0	0	0	270336	1536645	1536540	1865424	8679	61440	643072	20480	0	0	
69632	581632	0	0	0	0	270336	1538856	1538681	1868361	8712	430080	540672	20480	0	0	12582912	69632	581632	0	0	0	0	270336	1538856	1538681	1868361	8712	430080	540672	20480	0	0	
69632	1658880	0	0	0	0	270336	1542288	1541929	1872354	8712	421888	1376256	0	0	0	12582912	69632	1658880	0	0	0	0	270336	1542288	1541929	1872354	8712	421888	1376256	0	0	0	
69632	1519616	0	0	0	0	270336	1545291	1544998	1876083	8778	704512	950272	0	0	0	12582912	69632	1519616	0	0	0	0	270336	1545291	1544998	1876083	8778	704512	950272	0	0	0	
69632	1392640	0	0	0	0	270336	1549449	1549184	1881198	8877	24576	1384448	20480	0	0	12582912	69632	1392640	0	0	0	0	270336	1549449	1549184	1881198	8877	24576	1384448	20480	0	0	
69632	1245184	0	0	0	0	270336	1553013	1552712	1885455	8877	24576	1380352	0	0	0	12582912	69632	1245184	0	0	0	0	270336	1553013	1552712	1885455	8877	24576	1380352	0	0	0	
69632	1916928	0	0	0	0	270336	1556544	1556045	1889613	8877	24576	2113536	0	0	0	12582912	69632	1916928	0	0	0	0	270336	1556544	1556045	1889613	8877	24576	2113536	0	0	0	
69632	1064960	0	0	0	0	270336	1559349	1559162	1893045	8877	24576	1200128	20480	0	0	12582912	69632	1064960	0	0	0	0	270336	1559349	1559162	1893045	8877	24576	1200128	20480	0	0	
69632	1077248	0	0	0	0	270336	1562418	1562197	1896642	8877	24576	1314816	0	0	0	12582912	69632	1077248	0	0	0	0	270336	1562418	1562197	1896642	8877	24576	1314816	0	0	0	
69632	1159168	0	0	0	0	270336	1565157	1564939	1900074	8877	0	1368064	20480	0	0	12582912	69632	1159168	0	0	0	0	270336	1565157	1564939	1900074	8877	0	1368064	20480	0	0	
69632	1794048	0	0	0	0	270336	1569216	1568789	1904892	8877	0	2048000	0	0	0	12582912	69632	1794048	0	0	0	0	270336	1569216	1568789	1904892	8877	0	2048000	0	0	0	
69632	1204224	0	0	0	0	270336	1572285	1571990	1908489	8877	0	1372160	20480	0	0	12582912	69632	1204224	0	0	0	0	270336	1572285	1571990	1908489	8877	0	1372160	20480	0	0	
69632	1179648	0	0	0	0	270336	1575321	1575040	1912086	8877	0	1363968	20480	0	0	12582912	69632	1179648	0	0	0	0	270336	1575321	1575040	1912086	8877	0	1363968	20480	0	0	
69632	1310720	0	0	0	0	270336	1578852	1578631	1916310	8877	0	1368064	0	0	0	12582912	69632	1310720	0	0	0	0	270336	1578852	1578631	1916310	8877	0	1368064	0	0	0	
0	1077248	0	0	0	0	270336	1581921	1581742	1920105	8877	897024	307200	20480	0	0	12582912	0	1077248	0	0	0	0	270336	1581921	1581742	1920105	8877	897024	307200	20480	0	0	
0	1200128	0	0	0	0	270336	1585023	1584763	1923801	8910	28672	1335296	20480	0	0	12582912	0	1200128	0	0	0	0	270336	1585023	1584763	1923801	8910	28672	1335296	20480	0	0	
0	1880064	0	0	0	0	270336	1588554	1588109	1927992	8910	28672	2068480	0	0	0	12582912	0	1880064	0	0	0	0	270336	1588554	1588109	1927992	8910	28672	2068480	0	0	0	
0	1208320	0	0	0	0	270336	1591095	1590845	1930995	8910	28672	1343488	20480	0	0	12582912	0	1208320	0	0	0	0	270336	1591095	1590845	1930995	8910	28672	1343488	20480	0	0	
0	1232896	0	0	0	0	270336	1594098	1593892	1934559	8910	28672	1343488	20480	0	0	12582912	0	1232896	0	0	0	0	270336	1594098	1593892	1934559	8910	28672	1343488	20480	0	0	
0	1249280	0	0	0	0	270336	1597662	1597418	1938849	8910	32768	1339392	0	0	0	12582912	0	1249280	0	0	0	0	270336	1597662	1597418	1938849	8910	32768	1339392	0	0	0	
0	2088960	0	0	0	0	270336	1601325	1600807	1943568	9009	32768	2109440	0	0	0	12582912	0	2088960	0	0	0	0	270336	1601325	1600807	1943568	9009	32768	2109440	0	0	0	
0	2048000	0	0	0	0	270336	1604361	1603958	1947429	9042	24576	2080768	0	0	0	12582912	0	2048000	0	0	0	0	270336	1604361	1603958	1947429	9042	24576	2080768	0	0	0	
0	1114112	0	0	0	0	270336	1608585	1608330	1952709	9108	16384	1363968	0	0	0	12582912	0	1114112	0	0	0	0	270336	1608585	1608330	1952709	9108	16384	1363968	0	0	0	
0	1118208	0	0	0	0	270336	1611621	1611383	1956306	9108	4096	1372160	20480	0	0	12582912	0	1118208	0	0	0	0	270336	1611621	1611383	1956306	9108	4096	1372160	20480	0	0	
0	1204224	0	0	0	0	270336	1615713	1615485	1961223	9141	81920	1290240	20480	0	0	12582912	0	1204224	0	0	0	0	270336	1615713	1615485	1961223	9141	81920	1290240	20480	0	0	
0	1064960	0	0	0	0	270336	1619112	1618853	1965282	9141	8192	1298432	0	0	0	12582912	0	1064960	0	0	0	0	270336	1619112	1618853	1965282	9141	8192	1298432	0	0	0	
0	1867776	0	0	0	0	270336	1622346	1621900	1969110	9141	872448	995328	0	0	0	12582912	0	1867776	0	0	0	0	270336	1622346	1621900	1969110	9141	872448	995328	0	0	0	
0	1839104	0	0	0	0	270336	1625448	1624992	1972938	9174	0	2101248	0	0	0	12582912	0	1839104	0	0	0	0	270336	1625448	1624992	1972938	9174	0	2101248	0	0	0	
0	1122304	0	0	0	0	270336	1629078	1628804	1977525	9240	20480	1347584	0	0	0	12582912	0	1122304	0	0	0	0	270336	1629078	1628804	1977525	9240	20480	1347584	0	0	0	
0	1175552	0	0	0	0	270336	1632609	1632363	1981749	9240	20480	1368064	20480	0	0	12582912	0	1175552	0	0	0	0	270336	1632609	1632363	1981749	9240	20480	1368064	20480	0	0	
0	1183744	0	0	0	0	270336	1635975	1635707	1985742	9240	20480	1347584	0	0	0	12582912	0	1183744	0	0	0	0	270336	1635975	1635707	1985742	9240	20480	1347584	0	0	0	
0	1757184	0	0	0	0	270336	1639737	1639237	1990362	9273	32768	2023424	0	0	0	12582912	0	1757184	0	0	0	0	270336	1639737	1639237	1990362	9273	32768	2023424	0	0	0	
0	1720320	0	0	0	0	270336	1643301	1642837	1994520	9273	32768	2027520	0	0	0	12582912	0	1720320	0	0	0	0	270336	1643301	1642837	1994520	9273	32768	2027520	0	0	0	
0	425984	0	0	0	0	270336	1646436	1646390	1998381	9273	28672	700416	20480	0	0	12582912	0	425984	0	0	0	0	270336	1646436	1646390	1998381	9273	28672	700416	20480	0	0	
0	1073152	0	0	0	0	270336	1649868	1649607	2002341	9273	28672	1351680	20480	0	0	12582912	0	1073152	0	0	0	0	270336	1649868	1649607	2002341	9273	28672	1351680	20480	0	0	
0	929792	0	0	0	0	270336	1653201	1652962	2006334	9273	28672	1167360	20480	0	0	12582912	0	929792	0	0	0	0	270336	1653201	1652962	2006334	9273	28672	1167360	20480	0	0	
0	1114112	0	0	0	0	270336	1656468	1656238	2010162	9273	28672	1347584	20480	0	0	12582912	0	1114112	0	0	0	0	270336	1656468	1656238	2010162	9273	28672	1347584	20480	0	0	
0	1896448	0	0	0	0	270336	1660560	1660143	2015310	9339	49152	2080768	0	0	0	12582912	0	1896448	0	0	0	0	270336	1660560	1660143	2015310	9339	49152	2080768	0	0	0	
0	1064960	0	0	0	0	270336	1663662	1663392	2018907	9339	40960	1343488	20480	0	0	12582912	0	1064960	0	0	0	0	270336	1663662	1663392	2018907	9339	40960	1343488	20480	0	0	
0	2101248	0	0	0	0	270336	1667754	1667290	2023956	9372	0	2109440	0	0	0	12582912	0	2101248	0	0	0	0	270336	1667754	1667290	2023956	9372	0	2109440	0	0	0	
0	1662976	0	0	0	0	270336	1671252	1670841	2028147	9372	0	1896448	20480	0	0	12582912	0	1662976	0	0	0	0	270336	1671252	1670841	2028147	9372	0	1896448	20480	0	0	
0	1138688	0	0	0	0	270336	1674354	1674104	2031942	9372	65536	1318912	20480	0	0	12582912	0	1138688	0	0	0	0	270336	1674354	1674104	2031942	9372	65536	1318912	20480	0	0	
0	1114112	0	0	0	0	270336	1677390	1677186	2035539	9372	937984	286720	0	0	0	12582912	0	1114112	0	0	0	0	270336	1677390	1677186	2035539	9372	937984	286720	0	0	0	
0	1269760	0	0	0	0	270336	1681383	1681143	2040588	9537	32768	1286144	20480	0	0	12582912	0	1269760	0	0	0	0	270336	1681383	1681143	2040588	9537	32768	1286144	20480	0	0	
61440	1150976	0	0	0	0	270336	1683891	1683689	2043690	9537	28672	1126400	20480	0	0	12582912	61440	1150976	0	0	0	0	270336	1683891	1683689	2043690	9537	28672	1126400	20480	0	0	
61440	520192	0	0	0	0	270336	1687224	1687248	2047947	9603	28672	434176	20480	0	0	12582912	61440	520192	0	0	0	0	270336	1687224	1687248	2047947	9603	28672	434176	20480	0	0	
61440	1294336	0	0	0	0	270336	1690755	1690441	2052336	9702	16384	1478656	0	0	0	12582912	61440	1294336	0	0	0	0	270336	1690755	1690441	2052336	9702	16384	1478656	0	0	0	
61440	1085440	0	0	0	0	270336	1694022	1693757	2056428	9702	4096	1372160	20480	0	0	12582912	61440	1085440	0	0	0	0	270336	1694022	1693757	2056428	9702	4096	1372160	20480	0	0	
61440	1105920	0	0	0	0	270336	1697586	1697300	2060949	9768	49152	1327104	0	0	0	12582912	61440	1105920	0	0	0	0	270336	1697586	1697300	2060949	9768	49152	1327104	0	0	0	
61440	1245184	0	0	0	0	270336	1701612	1701445	2065800	9768	45056	1331200	0	0	0	12582912	61440	1245184	0	0	0	0	270336	1701612	1701445	2065800	9768	45056	1331200	0	0	0	
61440	1859584	0	0	0	0	270336	1705209	1704768	2069958	9768	45056	2019328	0	0	0	12582912	61440	1859584	0	0	0	0	270336	1705209	1704768	2069958	9768	45056	2019328	0	0	0	
61440	368640	0	0	0	0	270336	1708377	1708324	2073852	9768	45056	487424	20480	0	0	12582912	61440	368640	0	0	0	0	270336	1708377	1708324	2073852	9768	45056	487424	20480	0	0	
61440	479232	0	0	0	0	270336	1709961	1709834	2075799	9801	45056	659456	20480	0	0	12582912	61440	479232	0	0	0	0	270336	1709961	1709834	2075799	9801	45056	659456	20480	0	0	
61440	1396736	0	0	0	0	270336	1712040	1711801	2078538	9801	147456	1323008	20480	0	0	12582912	61440	1396736	0	0	0	0	270336	1712040	1711801	2078538	9801	147456	1323008	20480	0	0	
61440	1826816	0	0	0	0	270336	1715604	1715202	2082993	9801	0	2109440	0	0	0	12582912	61440	1826816	0	0	0	0	270336	1715604	1715202	2082993	9801	0	2109440	0	0	0	
61440	1073152	0	0	0	0	270336	1719201	1718980	2087217	9801	909312	253952	0	0	0	12582912	61440	1073152	0	0	0	0	270336	1719201	1718980	2087217	9801	909312	253952	0	0	0	
61440	966656	0	0	0	0	270336	1723128	1722912	2092629	9867	40960	1355776	0	0	0	12582912	61440	966656	0	0	0	0	270336	1723128	1722912	2092629	9867	40960	1355776	0	0	0	
61440	24576	0	0	0	0	270336	1725900	1725945	2095830	9867	40960	122880	20480	0	0	12582912	61440	24576	0	0	0	0	270336	1725900	1725945	2095830	9867	40960	122880	20480	0	0	
61440	614400	0	0	0	0	270336	1729662	1729483	2100318	9867	40960	892928	20480	0	0	12582912	61440	614400	0	0	0	0	270336	1729662	1729483	2100318	9867	40960	892928	20480	0	0	
61440	1024000	0	0	0	0	270336	1733061	1732735	2104212	9867	40960	1331200	20480	0	0	12582912	61440	1024000	0	0	0	0	270336	1733061	1732735	2104212	9867	40960	1331200	20480	0	0	
61440	1789952	0	0	0	0	270336	1737054	1736602	2109063	9867	40960	2060288	20480	0	0	12582912	61440	1789952	0	0	0	0	270336	1737054	1736602	2109063	9867	40960	2060288	20480	0	0	
61440	1675264	0	0	0	0	270336	1740585	1740206	2113287	9867	1015808	983040	0	0	0	12582912	61440	1675264	0	0	0	0	270336	1740585	1740206	2113287	9867	1015808	983040	0	0	0	
61440	1306624	0	0	0	0	270336	1744413	1744117	2118897	10197	81920	1298432	20480	0	0	12582912	61440	1306624	0	0	0	0	270336	1744413	1744117	2118897	10197	81920	1298432	20480	0	0	
61440	495616	0	0	0	0	270336	1745601	1745520	2120679	10263	12288	688128	20480	0	0	12582912	61440	495616	0	0	0	0	270336	1745601	1745520	2120679	10263	12288	688128	20480	0	0	
0	2416640	0	0	0	0	270336	1748241	1747701	2124078	10263	417792	2080768	0	0	0	12582912	0	2416640	0	0	0	0	270336	1748241	1747701	2124078	10263	417792	2080768	0	0	0	
0	286720	0	0	0	0	270336	1751871	1751805	2128467	10263	282624	319488	20480	0	0	12582912	0	286720	0	0	0	0	270336	1751871	1751805	2128467	10263	282624	319488	20480	0	0	
0	561152	0	0	0	0	270336	1755468	1755315	2132724	10263	282624	434176	20480	0	0	12582912	0	561152	0	0	0	0	270336	1755468	1755315	2132724	10263	282624	434176	20480	0	0	
0	1347584	0	0	0	0	270336	1758735	1758407	2136519	10263	282624	1253376	0	0	0	12582912	0	1347584	0	0	0	0	270336	1758735	1758407	2136519	10263	282624	1253376	0	0	0	
53248	368640	0	0	0	0	270336	1761045	1760975	2139390	10263	282624	266240	20480	0	0	12582912	53248	368640	0	0	0	0	270336	1761045	1760975	2139390	10263	282624	266240	20480	0	0	
53248	1826816	0	0	0	0	270336	1764510	1764059	2143317	10263	155648	2068480	0	0	0	12582912	53248	1826816	0	0	0	0	270336	1764510	1764059	2143317	10263	155648	2068480	0	0	0	
53248	950272	0	0	0	0	270336	1767942	1767701	2147706	10329	0	1306624	20480	0	0	12582912	53248	950272	0	0	0	0	270336	1767942	1767701	2147706	10329	0	1306624	20480	0	0	
53248	1122304	0	0	0	0	270336	1770945	1770774	2151270	10329	0	1310720	0	0	0	12582912	53248	1122304	0	0	0	0	270336	1770945	1770774	2151270	10329	0	1310720	0	0	0	
53248	1220608	0	0	0	0	270336	1774641	1774323	2155824	10428	61440	1245184	0	0	0	12582912	53248	1220608	0	0	0	0	270336	1774641	1774323	2155824	10428	61440	1245184	0	0	0	
53248	929792	0	0	0	0	270336	1778172	1777940	2160081	10428	0	1306624	20480	0	0	12582912	53248	929792	0	0	0	0	270336	1778172	1777940	2160081	10428	0	1306624	20480	0	0	
53248	942080	0	0	0	0	270336	1780944	1780699	2163447	10428	839680	372736	20480	0	0	12582912	53248	942080	0	0	0	0	270336	1780944	1780699	2163447	10428	839680	372736	20480	0	0	
0	1273856	0	0	0	0	270336	1784640	1784359	2168166	10626	57344	1363968	20480	0	0	12582912	0	1273856	0	0	0	0	270336	1784640	1784359	2168166	10626	57344	1363968	20480	0	0	
0	73728	0	0	0	0	270336	1788369	1788352	2172984	10692	40960	94208	20480	0	0	12582912	0	73728	0	0	0	0	270336	1788369	1788352	2172984	10692	40960	94208	20480	0	0	
0	1241088	0	0	0	0	270336	1791966	1791703	2177538	10791	65536	1327104	20480	0	0	12582912	0	1241088	0	0	0	0	270336	1791966	1791703	2177538	10791	65536	1327104	20480	0	0	
0	1859584	0	0	0	0	270336	1795464	1795088	2181696	10791	40960	2015232	0	0	0	12582912	0	1859584	0	0	0	0	270336	1795464	1795088	2181696	10791	40960	2015232	0	0	0	
0	2027520	0	0	0	0	270336	1800216	1799725	2187405	10923	45056	2060288	20480	0	0	12582912	0	2027520	0	0	0	0	270336	1800216	1799725	2187405	10923	45056	2060288	20480	0	0	
0	1241088	0	0	0	0	270336	1806915	1806671	2195787	11055	45056	1323008	20480	0	0	12582912	0	1241088	0	0	0	0	270336	1806915	1806671	2195787	11055	45056	1323008	20480	0	0	
49152	1187840	0	0	0	0	270336	1814043	1813786	2204466	11055	0	1376256	20480	0	0	12582912	49152	1187840	0	0	0	0	270336	1814043	1813786	2204466	11055	0	1376256	20480	0	0	
49152	1007616	0	0	0	0	270336	1821270	1821039	2213475	11121	589824	610304	20480	0	0	12582912	49152	1007616	0	0	0	0	270336	1821270	1821039	2213475	11121	589824	610304	20480	0	0	
49152	598016	0	0	0	0	270336	1821402	1821255	2213904	11154	12288	782336	20480	0	0	12582912	49152	598016	0	0	0	0	270336	1821402	1821255	2213904	11154	12288	782336	20480	0	0	
49152	1187840	0	0	0	0	270336	1829487	1829196	2224959	11517	8192	1462272	20480	0	0	12582912	49152	1187840	0	0	0	0	270336	1829487	1829196	2224959	11517	8192	1462272	20480	0	0	
49152	1224704	0	0	0	0	270336	1833546	1833203	2229744	11517	8192	1454080	0	0	0	12582912	49152	1224704	0	0	0	0	270336	1833546	1833203	2229744	11517	8192	1454080	0	0	0	
49152	1077248	0	0	0	0	270336	1836846	1836602	2233770	11517	8192	1277952	20480	0	0	12582912	49152	1077248	0	0	0	0	270336	1836846	1836602	2233770	11517	8192	1277952	20480	0	0	
49152	1970176	0	0	0	0	270336	1839585	1839157	2236938	11517	8192	2183168	0	0	0	12582912	49152	1970176	0	0	0	0	270336	1839585	1839157	2236938	11517	8192	2183168	0	0	0	
49152	1130496	0	0	0	0	270336	1843182	1842959	2241459	11550	8192	1359872	0	0	0	12582912	49152	1130496	0	0	0	0	270336	1843182	1842959	2241459	11550	8192	1359872	0	0	0	
49152	1753088	0	0	0	0	270336	1846185	1845788	2245056	11550	12288	2093056	0	0	0	12582912	49152	1753088	0	0	0	0	270336	1846185	1845788	2245056	11550	12288	2093056	0	0	0	
49152	1900544	0	0	0	0	270336	1849221	1848789	2248653	11550	12288	2088960	20480	0	0	12582912	49152	1900544	0	0	0	0	270336	1849221	1848789	2248653	11550	12288	2088960	20480	0	0	
49152	1380352	0	0	0	0	270336	1852389	1852087	2252547	11583	61440	1314816	20480	0	0	12582912	49152	1380352	0	0	0	0	270336	1852389	1852087	2252547	11583	61440	1314816	20480	0	0	
49152	1253376	0	0	0	0	270336	1855425	1855187	2256210	11583	53248	1327104	20480	0	0	12582912	49152	1253376	0	0	0	0	270336	1855425	1855187	2256210	11583	53248	1327104	20480	0	0	
49152	1261568	0	0	0	0	270336	1858494	1858207	2259840	11583	53248	1318912	0	0	0	12582912	49152	1261568	0	0	0	0	270336	1858494	1858207	2259840	11583	53248	1318912	0	0	0	
49152	458752	0	0	0	0	270336	1858593	1858502	2260137	11616	94208	598016	20480	0	0	12582912	49152	458752	0	0	0	0	270336	1858593	1858502	2260137	11616	94208	598016	20480	0	0	
49152	1503232	0	0	0	0	270336	1862553	1862205	2265054	11616	344064	1327104	0	0	0	12582912	49152	1503232	0	0	0	0	270336	1862553	1862205	2265054	11616	344064	1327104	0	0	0	
49152	360448	0	0	0	0	270336	1865952	1865857	2269113	11616	57344	602112	20480	0	0	12582912	49152	360448	0	0	0	0	270336	1865952	1865857	2269113	11616	57344	602112	20480	0	0	
49152	1159168	0	0	0	0	270336	1870242	1869964	2274360	11715	49152	1335296	0	0	0	12582912	49152	1159168	0	0	0	0	270336	1870242	1869964	2274360	11715	49152	1335296	0	0	0	
49152	1843200	0	0	0	0	270336	1873509	1873045	2278617	11781	32768	2080768	0	0	0	12582912	49152	1843200	0	0	0	0	270336	1873509	1873045	2278617	11781	32768	2080768	0	0	0	
49152	1961984	0	0	0	0	270336	1876578	1876154	2282181	11781	32768	2076672	0	0	0	12582912	49152	1961984	0	0	0	0	270336	1876578	1876154	2282181	11781	32768	2076672	0	0	0	
49152	1875968	0	0	0	0	270336	1880142	1879706	2286537	11847	57344	2031616	0	0	0	12582912	49152	1875968	0	0	0	0	270336	1880142	1879706	2286537	11847	57344	2031616	0	0	0	
49152	1957888	0	0	0	0	270336	1883178	1882759	2290134	11847	28672	2072576	0	0	0	12582912	49152	1957888	0	0	0	0	270336	1883178	1882759	2290134	11847	28672	2072576	0	0	0	
49152	1105920	0	0	0	0	270336	1886082	1885841	2293566	11847	24576	1282048	0	0	0	12582912	49152	1105920	0	0	0	0	270336	1886082	1885841	2293566	11847	24576	1282048	0	0	0	
49152	1744896	0	0	0	0	270336	1889811	1889344	2297988	11847	24576	2080768	0	0	0	12582912	49152	1744896	0	0	0	0	270336	1889811	1889344	2297988	11847	24576	2080768	0	0	0	
49152	839680	0	0	0	0	270336	1892517	1892338	2301321	11847	24576	1044480	20480	0	0	12582912	49152	839680	0	0	0	0	270336	1892517	1892338	2301321	11847	24576	1044480	20480	0	0	
49152	1245184	0	0	0	0	270336	1895916	1895613	2305215	11847	24576	1347584	20480	0	0	12582912	49152	1245184	0	0	0	0	270336	1895916	1895613	2305215	11847	24576	1347584	20480	0	0	
49152	1081344	0	0	0	0	270336	1899744	1899540	2310132	11880	40960	1269760	0	0	0	12582912	49152	1081344	0	0	0	0	270336	1899744	1899540	2310132	11880	40960	1269760	0	0	0	
49152	1904640	0	0	0	0	270336	1902549	1902079	2313399	11946	4096	2097152	0	0	0	12582912	49152	1904640	0	0	0	0	270336	1902549	1902079	2313399	11946	4096	2097152	0	0	0	
49152	2207744	0	0	0	0	270336	1907697	1907271	2319966	11979	12288	2093056	0	0	0	12582912	49152	2207744	0	0	0	0	270336	1907697	1907271	2319966	11979	12288	2093056	0	0	0	
49152	1167360	0	0	0	0	270336	1911756	1911568	2324949	11979	12288	1351680	0	0	0	12582912	49152	1167360	0	0	0	0	270336	1911756	1911568	2324949	11979	12288	1351680	0	0	0	
49152	1261568	0	0	0	0	270336	1919115	1918827	2335179	12177	61440	1343488	0	0	0	12582912	49152	1261568	0	0	0	0	270336	1919115	1918827	2335179	12177	61440	1343488	0	0	0	
49152	1904640	0	0	0	0	270336	1923306	1922825	2340855	12375	20480	2162688	20480	0	0	12582912	49152	1904640	0	0	0	0	270336	1923306	1922825	2340855	12375	20480	2162688	20480	0	0	
49152	2072576	0	0	0	0	270336	1926903	1926429	2345112	12375	16384	2191360	0	0	0	12582912	49152	2072576	0	0	0	0	270336	1926903	1926429	2345112	12375	16384	2191360	0	0	0	
49152	1204224	0	0	0	0	270336	1929675	1929438	2348577	12375	16384	1388544	20480	0	0	12582912	49152	1204224	0	0	0	0	270336	1929675	1929438	2348577	12375	16384	1388544	20480	0	0	
49152	270336	0	0	0	0	270336	1932579	1932456	2351943	12375	16384	548864	20480	0	0	12582912	49152	270336	0	0	0	0	270336	1932579	1932456	2351943	12375	16384	548864	20480	0	0	
49152	1880064	0	0	0	0	270336	1936473	1936029	2356629	12375	16384	2191360	0	0	0	12582912	49152	1880064	0	0	0	0	270336	1936473	1936029	2356629	12375	16384	2191360	0	0	0	
49152	208896	0	0	0	0	270336	1939212	1939110	2359896	12375	4096	540672	20480	0	0	12582912	49152	208896	0	0	0	0	270336	1939212	1939110	2359896	12375	4096	540672	20480	0	0	
49152	1273856	0	0	0	0	270336	1942644	1942379	2363922	12375	4096	1368064	20480	0	0	12582912	49152	1273856	0	0	0	0	270336	1942644	1942379	2363922	12375	4096	1368064	20480	0	0	
49152	1007616	0	0	0	0	270336	1946571	1946331	2368872	12507	8192	1310720	0	0	0	12582912	49152	1007616	0	0	0	0	270336	1946571	1946331	2368872	12507	8192	1310720	0	0	0	
49152	1134592	0	0	0	0	270336	1949145	1948832	2372073	12507	16384	1384448	0	0	0	12582912	49152	1134592	0	0	0	0	270336	1949145	1948832	2372073	12507	16384	1384448	0	0	0	
49152	1568768	0	0	0	0	270336	1952445	1952106	2376165	12573	28672	1347584	20480	0	0	12582912	49152	1568768	0	0	0	0	270336	1952445	1952106	2376165	12573	28672	1347584	20480	0	0	
49152	729088	0	0	0	0	270336	1953072	1952930	2377122	12573	28672	675840	20480	0	0	12582912	49152	729088	0	0	0	0	270336	1953072	1952930	2377122	12573	28672	675840	20480	0	0	
49152	1765376	0	0	0	0	270336	1956174	1955786	2381016	12573	24576	1888256	20480	0	0	12582912	49152	1765376	0	0	0	0	270336	1956174	1955786	2381016	12573	24576	1888256	20480	0	0	
49152	1904640	0	0	0	0	270336	1959276	1958852	2384613	12573	20480	1896448	20480	0	0	12582912	49152	1904640	0	0	0	0	270336	1959276	1958852	2384613	12573	20480	1896448	20480	0	0	
49152	1232896	0	0	0	0	270336	1963335	1963014	2389464	12573	176128	1335296	0	0	0	12582912	49152	1232896	0	0	0	0	270336	1963335	1963014	2389464	12573	176128	1335296	0	0	0	
49152	49152	0	0	0	0	270336	1966404	1966378	2393226	12573	4096	319488	20480	0	0	12582912	49152	49152	0	0	0	0	270336	1966404	1966378	2393226	12573	4096	319488	20480	0	0	
49152	1736704	0	0	0	0	270336	1969869	1969479	2397318	12573	4096	2097152	0	0	0	12582912	49152	1736704	0	0	0	0	270336	1969869	1969479	2397318	12573	4096	2097152	0	0	0	
184320	1236992	0	0	0	0	270336	1972938	1972710	2400981	12573	4096	1318912	0	0	0	12582912	184320	1236992	0	0	0	0	270336	1972938	1972710	2400981	12573	4096	1318912	0	0	0	
184320	1294336	0	0	0	0	270336	1976469	1976198	2405205	12573	8192	1363968	20480	0	0	12582912	184320	1294336	0	0	0	0	270336	1976469	1976198	2405205	12573	8192	1363968	20480	0	0	
184320	1232896	0	0	0	0	270336	1979505	1979272	2408769	12573	8192	1363968	20480	0	0	12582912	184320	1232896	0	0	0	0	270336	1979505	1979272	2408769	12573	8192	1363968	20480	0	0	
184320	1142784	0	0	0	0	270336	1982838	1982579	2412795	12573	8192	1290240	0	0	0	12582912	184320	1142784	0	0	0	0	270336	1982838	1982579	2412795	12573	8192	1290240	0	0	0	
184320	1097728	0	0	0	0	270336	1985577	1985321	2416062	12573	8192	1368064	20480	0	0	12582912	184320	1097728	0	0	0	0	270336	1985577	1985321	2416062	12573	8192	1368064	20480	0	0	
184320	1232896	0	0	0	0	270336	1988646	1988346	2419626	12573	8192	1359872	20480	0	0	12582912	184320	1232896	0	0	0	0	270336	1988646	1988346	2419626	12573	8192	1359872	20480	0	0	
184320	1064960	0	0	0	0	270336	1992177	1991894	2423817	12573	8192	1372160	20480	0	0	12582912	184320	1064960	0	0	0	0	270336	1992177	1991894	2423817	12573	8192	1372160	20480	0	0	
184320	1032192	0	0	0	0	270336	1994718	1994459	2426820	12573	8192	1372160	20480	0	0	12582912	184320	1032192	0	0	0	0	270336	1994718	1994459	2426820	12573	8192	1372160	20480	0	0	
184320	1601536	0	0	0	0	270336	1997721	1997313	2430417	12573	8192	2093056	0	0	0	12582912	184320	1601536	0	0	0	0	270336	1997721	1997313	2430417	12573	8192	2093056	0	0	0	
184320	2232320	0	0	0	0	270336	2001318	2000850	2435103	12672	86016	2060288	0	0	0	12582912	184320	2232320	0	0	0	0	270336	2001318	2000850	2435103	12672	86016	2060288	0	0	0	
184320	188416	0	0	0	0	270336	2004453	2004447	2438865	12672	36864	352256	20480	0	0	12582912	184320	188416	0	0	0	0	270336	2004453	2004447	2438865	12672	36864	352256	20480	0	0	
184320	851968	0	0	0	0	270336	2007621	2007491	2442660	12672	36864	1093632	20480	0	0	12582912	184320	851968	0	0	0	0	270336	2007621	2007491	2442660	12672	36864	1093632	20480	0	0	
184320	1171456	0	0	0	0	270336	2010789	2010557	2446455	12738	24576	1286144	0	0	0	12582912	184320	1171456	0	0	0	0	270336	2010789	2010557	2446455	12738	24576	1286144	0	0	0	
184320	167936	0	0	0	0	270336	2013594	2013576	2449854	12738	24576	360448	20480	0	0	12582912	184320	167936	0	0	0	0	270336	2013594	2013576	2449854	12738	24576	360448	20480	0	0	
184320	1126400	0	0	0	0	270336	2016531	2016295	2453253	12738	24576	1351680	20480	0	0	12582912	184320	1126400	0	0	0	0	270336	2016531	2016295	2453253	12738	24576	1351680	20480	0	0	
184320	958464	0	0	0	0	270336	2020359	2020185	2457840	12738	24576	1163264	20480	0	0	12582912	184320	958464	0	0	0	0	270336	2020359	2020185	2457840	12738	24576	1163264	20480	0	0	
184320	1167360	0	0	0	0	270336	2023164	2022925	2461041	12738	24576	1355776	20480	0	0	12582912	184320	1167360	0	0	0	0	270336	2023164	2022925	2461041	12738	24576	1355776	20480	0	0	
184320	1757184	0	0	0	0	270336	2026167	2025742	2464902	12771	20480	2093056	0	0	0	12582912	184320	1757184	0	0	0	0	270336	2026167	2025742	2464902	12771	20480	2093056	0	0	0	
184320	307200	0	0	0	0	270336	2026332	2026226	2465265	12804	20480	684032	20480	0	0	12582912	184320	307200	0	0	0	0	270336	2026332	2026226	2465265	12804	20480	684032	20480	0	0	
184320	847872	0	0	0	0	270336	2030160	2029967	2470083	12804	286720	745472	20480	0	0	12582912	184320	847872	0	0	0	0	270336	2030160	2029967	2470083	12804	286720	745472	20480	0	0	
184320	2027520	0	0	0	0	270336	2033493	2033086	2474076	12804	20480	2076672	0	0	0	12582912	184320	2027520	0	0	0	0	270336	2033493	2033086	2474076	12804	20480	2076672	0	0	0	
184320	1839104	0	0	0	0	270336	2037717	2037223	2479290	12837	0	2105344	0	0	0	12582912	184320	1839104	0	0	0	0	270336	2037717	2037223	2479290	12837	0	2105344	0	0	0	
184320	589824	0	0	0	0	270336	2040390	2040270	2482590	12837	0	823296	20480	0	0	12582912	184320	589824	0	0	0	0	270336	2040390	2040270	2482590	12837	0	823296	20480	0	0	
184320	1187840	0	0	0	0	270336	2043888	2043641	2487045	12969	28672	1339392	0	0	0	12582912	184320	1187840	0	0	0	0	270336	2043888	2043641	2487045	12969	28672	1339392	0	0	0	
184320	1867776	0	0	0	0	270336	2047947	2047518	2491863	12969	8192	2043904	0	0	0	12582912	184320	1867776	0	0	0	0	270336	2047947	2047518	2491863	12969	8192	2043904	0	0	0	
45056	1683456	0	0	0	0	270336	2052633	2052247	2497539	13002	970752	958464	0	0	0	12582912	45056	1683456	0	0	0	0	270336	2052633	2052247	2497539	13002	970752	958464	0	0	0	
45056	434176	0	0	0	0	270336	2060421	2060340	2507472	13200	552960	196608	20480	0	0	12582912	45056	434176	0	0	0	0	270336	2060421	2060340	2507472	13200	552960	196608	20480	0	0	
45056	1708032	0	0	0	0	270336	2068077	2067623	2517570	13629	69632	1990656	0	0	0	12582912	45056	1708032	0	0	0	0	270336	2068077	2067623	2517570	13629	69632	1990656	0	0	0	
45056	1433600	0	0	0	0	270336	2075898	2075571	2527305	13794	86016	1388544	0	0	0	12582912	45056	1433600	0	0	0	0	270336	2075898	2075571	2527305	13794	86016	1388544	0	0	0	
45056	1081344	0	0	0	0	270336	2084181	2083916	2537601	13959	16384	1351680	20480	0	0	12582912	45056	1081344	0	0	0	0	270336	2084181	2083916	2537601	13959	16384	1351680	20480	0	0	
45056	1179648	0	0	0	0	270336	2091705	2091441	2547435	14289	790528	491520	0	0	0	12582912	45056	1179648	0	0	0	0	270336	2091705	2091441	2547435	14289	790528	491520	0	0	0	
45056	1806336	0	0	0	0	270336	2099922	2099462	2557731	14421	16384	2101248	0	0	0	12582912	45056	1806336	0	0	0	0	270336	2099922	2099462	2557731	14421	16384	2101248	0	0	0	
45056	901120	0	0	0	0	270336	2107281	2107048	2567070	14652	761856	344064	20480	0	0	12582912	45056	901120	0	0	0	0	270336	2107281	2107048	2567070	14652	761856	344064	20480	0	0	
0	1552384	0	0	0	0	270336	2114970	2114691	2577267	14817	737280	798720	0	0	0	12582912	0	1552384	0	0	0	0	270336	2114970	2114691	2577267	14817	737280	798720	0	0	0	
0	81920	0	0	0	0	270336	2122461	2122501	2586672	15048	90112	69632	20480	0	0	12582912	0	81920	0	0	0	0	270336	2122461	2122501	2586672	15048	90112	69632	20480	0	0	
0	1314816	0	0	0	0	270336	2130282	2130008	2597364	15444	90112	1261568	0	0	0	12582912	0	1314816	0	0	0	0	270336	2130282	2130008	2597364	15444	90112	1261568	0	0	0	
0	1159168	0	0	0	0	270336	2137311	2137024	2607462	15708	581632	737280	20480	0	0	12582912	0	1159168	0	0	0	0	270336	2137311	2137024	2607462	15708	581632	737280	20480	0	0	
0	1646592	0	0	0	0	270336	2144439	2144072	2617824	16137	16384	1490944	20480	0	0	12582912	0	1646592	0	0	0	0	270336	2144439	2144072	2617824	16137	16384	1490944	20480	0	0	
0	962560	0	0	0	0	270336	2151897	2151678	2628219	16467	974848	258048	0	0	0	12582912	0	962560	0	0	0	0	270336	2151897	2151678	2628219	16467	974848	258048	0	0	0	
0	1277952	0	0	0	0	270336	2160675	2160429	2638845	16500	12288	1368064	20480	0	0	12582912	0	1277952	0	0	0	0	270336	2160675	2160429	2638845	16500	12288	1368064	20480	0	0	
0	479232	0	0	0	0	270336	2160807	2160724	2639175	16533	57344	643072	20480	0	0	12582912	0	479232	0	0	0	0	270336	2160807	2160724	2639175	16533	57344	643072	20480	0	0	
0	1564672	0	0	0	0	270336	2170113	2169695	2650725	16599	1040384	815104	0	0	0	12582912	0	1564672	0	0	0	0	270336	2170113	2169695	2650725	16599	1040384	815104	0	0	0	
0	1830912	0	0	0	0	270336	2178429	2178066	2661351	16797	1015808	892928	0	0	0	12582912	0	1830912	0	0	0	0	270336	2178429	2178066	2661351	16797	1015808	892928	0	0	0	
0	1241088	0	0	0	0	270336	2186382	2186082	2671713	17127	94208	1323008	0	0	0	12582912	0	1241088	0	0	0	0	270336	2186382	2186082	2671713	17127	94208	1323008	0	0	0	
0	1269760	0	0	0	0	270336	2194236	2193923	2682009	17325	20480	1400832	20480	0	0	12582912	0	1269760	0	0	0	0	270336	2194236	2193923	2682009	17325	20480	1400832	20480	0	0	
0	671744	0	0	0	0	270336	2194896	2194782	2682966	17358	20480	729088	20480	0	0	12582912	0	671744	0	0	0	0	270336	2194896	2194782	2682966	17358	20480	729088	20480	0	0	
0	507904	0	0	0	0	270336	2200407	2200291	2690622	17490	16384	761856	20480	0	0	12582912	0	507904	0	0	0	0	270336	2200407	2200291	2690622	17490	16384	761856	20480	0	0	
0	1298432	0	0	0	0	270336	2203641	2203333	2694912	17556	8192	1363968	20480	0	0	12582912	0	1298432	0	0	0	0	270336	2203641	2203333	2694912	17556	8192	1363968	20480	0	0	
0	151552	0	0	0	0	270336	2211594	2211601	2705241	17919	16384	28672	20480	0	0	12582912	0	151552	0	0	0	0	270336	2211594	2211601	2705241	17919	16384	28672	20480	0	0	
0	1650688	0	0	0	0	270336	2220801	2220317	2716428	18018	16384	2084864	0	0	0	12582912	0	1650688	0	0	0	0	270336	2220801	2220317	2716428	18018	16384	2084864	0	0	0	
0	528384	0	0	0	0	270336	2226576	2226469	2723688	18051	61440	643072	20480	0	0	12582912	0	528384	0	0	0	0	270336	2226576	2226469	2723688	18051	61440	643072	20480	0	0	
0	946176	0	0	0	0	270336	2229249	2229030	2727450	18183	790528	360448	20480	0	0	12582912	0	946176	0	0	0	0	270336	2229249	2229030	2727450	18183	790528	360448	20480	0	0	
0	1130496	0	0	0	0	270336	2237994	2237677	2738703	18447	0	1273856	0	0	0	12582912	0	1130496	0	0	0	0	270336	2237994	2237677	2738703	18447	0	1273856	0	0	0	
0	1179648	0	0	0	0	270336	2246409	2246170	2749461	18579	0	1392640	0	0	0	12582912	0	1179648	0	0	0	0	270336	2246409	2246170	2749461	18579	0	1392640	0	0	0	
0	790528	0	0	0	0	270336	2252778	2252696	2758008	18711	24576	679936	20480	0	0	12582912	0	790528	0	0	0	0	270336	2252778	2252696	2758008	18711	24576	679936	20480	0	0	
0	761856	0	0	0	0	270336	2254461	2254244	2760846	18843	368640	688128	20480	0	0	12582912	0	761856	0	0	0	0	270336	2254461	2254244	2760846	18843	368640	688128	20480	0	0	
0	1277952	0	0	0	0	270336	2262447	2262112	2771010	19140	53248	1314816	0	0	0	12582912	0	1277952	0	0	0	0	270336	2262447	2262112	2771010	19140	53248	1314816	0	0	0	
0	1806336	0	0	0	0	270336	2268123	2267676	2777907	19173	65536	2035712	0	0	0	12582912	0	1806336	0	0	0	0	270336	2268123	2267676	2777907	19173	65536	2035712	0	0	0	
0	1728512	0	0	0	0	270336	2273766	2273352	2784903	19272	24576	2076672	0	0	0	12582912	0	1728512	0	0	0	0	270336	2273766	2273352	2784903	19272	24576	2076672	0	0	0	
0	1105920	0	0	0	0	270336	2277396	2277122	2789094	19272	28672	1347584	0	0	0	12582912	0	1105920	0	0	0	0	270336	2277396	2277122	2789094	19272	28672	1347584	0	0	0	
0	1249280	0	0	0	0	270336	2281488	2281199	2794374	19338	20480	1355776	20480	0	0	12582912	0	1249280	0	0	0	0	270336	2281488	2281199	2794374	19338	20480	1355776	20480	0	0	
0	1220608	0	0	0	0	270336	2287791	2287549	2802624	19536	20480	1351680	20480	0	0	12582912	0	1220608	0	0	0	0	270336	2287791	2287549	2802624	19536	20480	1351680	20480	0	0	
0	1581056	0	0	0	0	270336	2291355	2291028	2806947	19536	733184	1089536	0	0	0	12582912	0	1581056	0	0	0	0	270336	2291355	2291028	2806947	19536	733184	1089536	0	0	0	
0	28672	0	0	0	0	270336	2294028	2294044	2810511	19569	32768	352256	20480	0	0	12582912	0	28672	0	0	0	0	270336	2294028	2294044	2810511	19569	32768	352256	20480	0	0	
0	1966080	0	0	0	0	270336	2298120	2297607	2815329	19635	32768	2072576	0	0	0	12582912	0	1966080	0	0	0	0	270336	2298120	2297607	2815329	19635	32768	2072576	0	0	0	
0	684032	0	0	0	0	270336	2300859	2300664	2818695	19635	32768	868352	20480	0	0	12582912	0	684032	0	0	0	0	270336	2300859	2300664	2818695	19635	32768	868352	20480	0	0	
0	1748992	0	0	0	0	270336	2304192	2303757	2822589	19635	32768	2068480	20480	0	0	12582912	0	1748992	0	0	0	0	270336	2304192	2303757	2822589	19635	32768	2068480	20480	0	0	
0	1241088	0	0	0	0	270336	2307294	2307033	2826252	19635	32768	1343488	20480	0	0	12582912	0	1241088	0	0	0	0	270336	2307294	2307033	2826252	19635	32768	1343488	20480	0	0	
0	1736704	0	0	0	0	270336	2311320	2310962	2831004	19635	966656	950272	0	0	0	12582912	0	1736704	0	0	0	0	270336	2311320	2310962	2831004	19635	966656	950272	0	0	0	
0	1048576	0	0	0	0	270336	2314521	2314238	2835063	19668	999424	278528	20480	0	0	12582912	0	1048576	0	0	0	0	270336	2314521	2314238	2835063	19668	999424	278528	20480	0	0	
0	2039808	0	0	0	0	270336	2317557	2317055	2839122	19800	57344	2084864	0	0	0	12582912	0	2039808	0	0	0	0	270336	2317557	2317055	2839122	19800	57344	2084864	0	0	0	
0	999424	0	0	0	0	270336	2321055	2320751	2843379	19833	94208	1249280	20480	0	0	12582912	0	999424	0	0	0	0	270336	2321055	2320751	2843379	19833	94208	1249280	20480	0	0	
0	937984	0	0	0	0	270336	2323827	2323563	2846679	19833	856064	299008	20480	0	0	12582912	0	937984	0	0	0	0	270336	2323827	2323563	2846679	19833	856064	299008	20480	0	0	
0	1265664	0	0	0	0	270336	2326698	2326477	2850408	19932	57344	1273856	0	0	0	12582912	0	1265664	0	0	0	0	270336	2326698	2326477	2850408	19932	57344	1273856	0	0	0	
0	1228800	0	0	0	0	270336	2330064	2329748	2854533	19998	8192	1355776	0	0	0	12582912	0	1228800	0	0	0	0	270336	2330064	2329748	2854533	19998	8192	1355776	0	0	0	
0	1945600	0	0	0	0	270336	2333133	2332594	2858394	20031	106496	2002944	20480	0	0	12582912	0	1945600	0	0	0	0	270336	2333133	2332594	2858394	20031	106496	2002944	20480	0	0	
0	1196032	0	0	0	0	270336	2338314	2338040	2864730	20097	32768	1347584	20480	0	0	12582912	0	1196032	0	0	0	0	270336	2338314	2338040	2864730	20097	32768	1347584	20480	0	0	
0	1122304	0	0	0	0	270336	2342934	2342597	2870175	20130	32768	1351680	0	0	0	12582912	0	1122304	0	0	0	0	270336	2342934	2342597	2870175	20130	32768	1351680	0	0	0	
0	1056768	0	0	0	0	270336	2347488	2347201	2875620	20130	32768	1335296	20480	0	0	12582912	0	1056768	0	0	0	0	270336	2347488	2347201	2875620	20130	32768	1335296	20480	0	0	
0	1073152	0	0	0	0	270336	2352636	2352359	2881857	20229	40960	1339392	20480	0	0	12582912	0	1073152	0	0	0	0	270336	2352636	2352359	2881857	20229	40960	1339392	20480	0	0	
0	1142784	0	0	0	0	270336	2358345	2358051	2888886	20295	36864	1331200	0	0	0	12582912	0	1142784	0	0	0	0	270336	2358345	2358051	2888886	20295	36864	1331200	0	0	0	
0	1105920	0	0	0	0	270336	2362536	2362272	2894232	20328	598016	778240	0	0	0	12582912	0	1105920	0	0	0	0	270336	2362536	2362272	2894232	20328	598016	778240	0	0	0	
0	491520	0	0	0	0	270336	2366430	2366328	2899644	20493	12288	544768	20480	0	0	12582912	0	491520	0	0	0	0	270336	2366430	2366328	2899644	20493	12288	544768	20480	0	0	
0	1347584	0	0	0	0	270336	2371545	2371245	2905848	20559	24576	1347584	0	0	0	12582912	0	1347584	0	0	0	0	270336	2371545	2371245	2905848	20559	24576	1347584	0	0	0	
0	1105920	0	0	0	0	270336	2375571	2375328	2910633	20559	4096	1368064	0	0	0	12582912	0	1105920	0	0	0	0	270336	2375571	2375328	2910633	20559	4096	1368064	0	0	0	
0	49152	0	0	0	0	270336	2380191	2380257	2916177	20592	4096	237568	20480	0	0	12582912	0	49152	0	0	0	0	270336	2380191	2380257	2916177	20592	4096	237568	20480	0	0	
0	421888	0	0	0	0	270336	2384514	2384356	2921424	20658	61440	581632	20480	0	0	12582912	0	421888	0	0	0	0	270336	2384514	2384356	2921424	20658	61440	581632	20480	0	0	
0	790528	0	0	0	0	270336	2388210	2388040	2926044	20823	53248	897024	20480	0	0	12582912	0	790528	0	0	0	0	270336	2388210	2388040	2926044	20823	53248	897024	20480	0	0	
0	1093632	0	0	0	0	270336	2393259	2392981	2932677	20922	606208	716800	20480	0	0	12582912	0	1093632	0	0	0	0	270336	2393259	2392981	2932677	20922	606208	716800	20480	0	0	
0	1777664	0	0	0	0	270336	2399529	2399122	2940795	21120	811008	942080	0	0	0	12582912	0	1777664	0	0	0	0	270336	2399529	2399122	2940795	21120	811008	942080	0	0	0	
0	1355776	0	0	0	0	270336	2405601	2405343	2949441	21582	946176	393216	20480	0	0	12582912	0	1355776	0	0	0	0	270336	2405601	2405343	2949441	21582	946176	393216	20480	0	0	
0	1175552	0	0	0	0	270336	2408736	2408450	2953170	21615	40960	1429504	20480	0	0	12582912	0	1175552	0	0	0	0	270336	2408736	2408450	2953170	21615	40960	1429504	20480	0	0	
0	638976	0	0	0	0	270336	2408901	2408795	2953500	21615	40960	741376	20480	0	0	12582912	0	638976	0	0	0	0	270336	2408901	2408795	2953500	21615	40960	741376	20480	0	0	
0	1847296	0	0	0	0	270336	2412003	2411563	2957361	21615	40960	1953792	0	0	0	12582912	0	1847296	0	0	0	0	270336	2412003	2411563	2957361	21615	40960	1953792	0	0	0	
0	1318912	0	0	0	0	270336	2415600	2415300	2962047	21648	114688	1331200	20480	0	0	12582912	0	1318912	0	0	0	0	270336	2415600	2415300	2962047	21648	114688	1331200	20480	0	0	
0	970752	0	0	0	0	270336	2419197	2418996	2966337	21648	634880	536576	20480	0	0	12582912	0	970752	0	0	0	0	270336	2419197	2418996	2966337	21648	634880	536576	20480	0	0	
0	421888	0	0	0	0	270336	2420385	2420292	2968020	21714	32768	667648	20480	0	0	12582912	0	421888	0	0	0	0	270336	2420385	2420292	2968020	21714	32768	667648	20480	0	0	
0	589824	0	0	0	0	270336	2422596	2422474	2970957	21714	139264	651264	20480	0	0	12582912	0	589824	0	0	0	0	270336	2422596	2422474	2970957	21714	139264	651264	20480	0	0	
