cache	rss	rss_huge	shmem	mapped_file	dirty	writeback	pgpgin	pgpgout	pgfault	pgmajfault	inactive_anon	active_anon	inactive_file	active_file	unevictable	hierarchical_memory_limit	total_cache	total_rss	total_rss_huge	total_shmem	total_mapped_file	total_dirty	total_writeback	total_pgpgin	total_pgpgout	total_pgfault	total_pgmajfault	total_inactive_anon	total_active_anon	total_inactive_file	total_active_file	total_unevictable	
0	1925120	0	0	0	0	0	2310	1905	3036	0	0	2039808	20480	0	0	15728640	0	1925120	0	0	0	0	0	2310	1905	3036	0	0	2039808	20480	0	0	
0	1753088	0	0	0	0	0	5841	5389	7227	0	0	2039808	0	0	0	15728640	0	1753088	0	0	0	0	0	5841	5389	7227	0	0	2039808	0	0	0	
0	2523136	0	0	0	0	0	8877	8232	10725	0	0	2768896	0	0	0	15728640	0	2523136	0	0	0	0	0	8877	8232	10725	0	0	2768896	0	0	0	
0	1810432	0	0	0	0	0	10923	10457	13167	0	0	2043904	20480	0	0	15728640	0	1810432	0	0	0	0	0	10923	10457	13167	0	0	2043904	20480	0	0	
0	2621440	0	0	0	0	0	14883	14312	17919	0	0	2777088	0	0	0	15728640	0	2621440	0	0	0	0	0	14883	14312	17919	0	0	2777088	0	0	0	
0	2490368	0	0	0	0	0	17952	17337	21483	0	0	2781184	0	0	0	15728640	0	2490368	0	0	0	0	0	17952	17337	21483	0	0	2781184	0	0	0	
0	667648	0	0	0	0	0	18513	18328	22275	0	0	921600	24576	0	0	15728640	0	667648	0	0	0	0	0	18513	18328	22275	0	0	921600	24576	0	0	
0	2555904	0	0	0	0	0	21087	20445	25542	0	0	2863104	4096	0	0	15728640	0	2555904	0	0	0	0	0	21087	20445	25542	0	0	2863104	4096	0	0	
0	1904640	0	0	0	0	0	24420	23938	29535	0	0	2113536	24576	0	0	15728640	0	1904640	0	0	0	0	0	24420	23938	29535	0	0	2113536	24576	0	0	
0	1871872	0	0	0	0	0	27126	26708	32637	0	0	2084864	24576	0	0	15728640	0	1871872	0	0	0	0	0	27126	26708	32637	0	0	2084864	24576	0	0	
0	2506752	0	0	0	0	0	30624	30040	36861	0	0	2826240	4096	0	0	15728640	0	2506752	0	0	0	0	0	30624	30040	36861	0	0	2826240	4096	0	0	
0	2064384	0	0	0	0	0	33726	33287	40425	0	0	2129920	4096	0	0	15728640	0	2064384	0	0	0	0	0	33726	33287	40425	0	0	2129920	4096	0	0	
0	2408448	0	0	0	0	0	37752	37080	45177	0	0	2867200	4096	0	0	15728640	0	2408448	0	0	0	0	0	37752	37080	45177	0	0	2867200	4096	0	0	
0	1986560	0	0	0	0	0	41811	41377	49995	0	0	2129920	4096	0	0	15728640	0	1986560	0	0	0	0	0	41811	41377	49995	0	0	2129920	4096	0	0	
0	1896448	0	0	0	0	0	44814	44416	53526	0	0	2134016	24576	0	0	15728640	0	1896448	0	0	0	0	0	44814	44416	53526	0	0	2134016	24576	0	0	
0	2060288	0	0	0	0	0	47850	47434	57057	0	0	2129920	4096	0	0	15728640	0	2060288	0	0	0	0	0	47850	47434	57057	0	0	2129920	4096	0	0	
0	1937408	0	0	0	0	0	51744	51279	61611	0	0	2080768	4096	0	0	15728640	0	1937408	0	0	0	0	0	51744	51279	61611	0	0	2080768	4096	0	0	
0	2023424	0	0	0	0	0	54417	54012	64845	0	0	2138112	24576	0	0	15728640	0	2023424	0	0	0	0	0	54417	54012	64845	0	0	2138112	24576	0	0	
0	2605056	0	0	0	0	0	57453	56833	68376	0	0	2867200	4096	0	0	15728640	0	2605056	0	0	0	0	0	57453	56833	68376	0	0	2867200	4096	0	0	
0	1638400	0	0	0	0	0	60489	60046	71973	0	0	2134016	4096	0	0	15728640	0	1638400	0	0	0	0	0	60489	60046	71973	0	0	2134016	4096	0	0	
0	1589248	0	0	0	0	0	63327	62880	75339	0	0	2113536	4096	0	0	15728640	0	1589248	0	0	0	0	0	63327	62880	75339	0	0	2113536	4096	0	0	
0	2052096	0	0	0	0	0	66033	65597	78507	0	0	2138112	24576	0	0	15728640	0	2052096	0	0	0	0	0	66033	65597	78507	0	0	2138112	24576	0	0	
0	1880064	0	0	0	0	0	69102	68620	82038	0	0	2129920	4096	0	0	15728640	0	1880064	0	0	0	0	0	69102	68620	82038	0	0	2129920	4096	0	0	
0	2654208	0	0	0	0	0	72105	71486	85602	0	0	2863104	4096	0	0	15728640	0	2654208	0	0	0	0	0	72105	71486	85602	0	0	2863104	4096	0	0	
0	2670592	0	0	0	0	0	75174	74494	89166	0	0	2879488	4096	0	0	15728640	0	2670592	0	0	0	0	0	75174	74494	89166	0	0	2879488	4096	0	0	
0	2502656	0	0	0	0	0	78177	77550	92829	0	0	2879488	4096	0	0	15728640	0	2502656	0	0	0	0	0	78177	77550	92829	0	0	2879488	4096	0	0	
0	1409024	0	0	0	0	0	80355	80062	95469	0	0	1622016	24576	0	0	15728640	0	1409024	0	0	0	0	0	80355	80062	95469	0	0	1622016	24576	0	0	
0	2658304	0	0	0	0	0	83193	82587	98703	0	0	2887680	4096	0	0	15728640	0	2658304	0	0	0	0	0	83193	82587	98703	0	0	2887680	4096	0	0	
0	835584	0	0	0	0	0	86328	86149	102465	0	0	1142784	24576	0	0	15728640	0	835584	0	0	0	0	0	86328	86149	102465	0	0	1142784	24576	0	0	
0	2027520	0	0	0	0	0	90288	89871	107085	0	0	2134016	4096	0	0	15728640	0	2027520	0	0	0	0	0	90288	89871	107085	0	0	2134016	4096	0	0	
0	1937408	0	0	0	0	0	92829	92396	110055	0	0	2138112	24576	0	0	15728640	0	1937408	0	0	0	0	0	92829	92396	110055	0	0	2138112	24576	0	0	
0	1933312	0	0	0	0	0	96360	95897	114180	0	0	2076672	4096	0	0	15728640	0	1933312	0	0	0	0	0	96360	95897	114180	0	0	2076672	4096	0	0	
0	2412544	0	0	0	0	0	99363	98701	117777	0	0	2863104	4096	0	0	15728640	0	2412544	0	0	0	0	0	99363	98701	117777	0	0	2863104	4096	0	0	
0	1081344	0	0	0	0	0	101574	101250	120417	0	0	1466368	24576	0	0	15728640	0	1081344	0	0	0	0	0	101574	101250	120417	0	0	1466368	24576	0	0	
0	1118208	0	0	0	0	0	105105	104803	124575	0	0	1380352	24576	0	0	15728640	0	1118208	0	0	0	0	0	105105	104803	124575	0	0	1380352	24576	0	0	
0	2670592	0	0	0	0	0	108438	107832	128436	0	0	2883584	4096	0	0	15728640	0	2670592	0	0	0	0	0	108438	107832	128436	0	0	2883584	4096	0	0	
0	1957888	0	0	0	0	0	111507	111088	132033	0	0	2134016	24576	0	0	15728640	0	1957888	0	0	0	0	0	111507	111088	132033	0	0	2134016	24576	0	0	
0	1794048	0	0	0	0	0	115038	114623	136191	0	0	2134016	24576	0	0	15728640	0	1794048	0	0	0	0	0	115038	114623	136191	0	0	2134016	24576	0	0	
0	929792	0	0	0	0	0	117612	117452	139359	0	0	1093632	24576	0	0	15728640	0	929792	0	0	0	0	0	117612	117452	139359	0	0	1093632	24576	0	0	
0	2506752	0	0	0	0	0	120582	119959	142725	0	0	2863104	4096	0	0	15728640	0	2506752	0	0	0	0	0	120582	119959	142725	0	0	2863104	4096	0	0	
0	2105344	0	0	0	0	0	124014	123516	146784	0	0	2404352	24576	0	0	15728640	0	2105344	0	0	0	0	0	124014	123516	146784	0	0	2404352	24576	0	0	
0	2723840	0	0	0	0	0	127149	126516	150480	0	0	2867200	4096	0	0	15728640	0	2723840	0	0	0	0	0	127149	126516	150480	0	0	2867200	4096	0	0	
0	1818624	0	0	0	0	0	129690	129261	153483	0	0	2142208	24576	0	0	15728640	0	1818624	0	0	0	0	0	129690	129261	153483	0	0	2142208	24576	0	0	
0	1540096	0	0	0	0	0	132990	132605	157443	0	0	1851392	24576	0	0	15728640	0	1540096	0	0	0	0	0	132990	132605	157443	0	0	1851392	24576	0	0	
0	1970176	0	0	0	0	0	137280	136832	162360	0	0	2134016	4096	0	0	15728640	0	1970176	0	0	0	0	0	137280	136832	162360	0	0	2134016	4096	0	0	
0	2535424	0	0	0	0	0	140316	139684	165957	0	0	2859008	4096	0	0	15728640	0	2535424	0	0	0	0	0	140316	139684	165957	0	0	2859008	4096	0	0	
0	2007040	0	0	0	0	0	142890	142389	168960	0	0	2138112	24576	0	0	15728640	0	2007040	0	0	0	0	0	142890	142389	168960	0	0	2138112	24576	0	0	
0	1892352	0	0	0	0	0	145662	145221	172293	0	0	2093056	4096	0	0	15728640	0	1892352	0	0	0	0	0	145662	145221	172293	0	0	2093056	4096	0	0	
0	2007040	0	0	0	0	0	148896	148446	176055	0	0	2138112	24576	0	0	15728640	0	2007040	0	0	0	0	0	148896	148446	176055	0	0	2138112	24576	0	0	
0	1953792	0	0	0	0	0	151899	151488	179619	0	0	2134016	4096	0	0	15728640	0	1953792	0	0	0	0	0	151899	151488	179619	0	0	2134016	4096	0	0	
0	2273280	0	0	0	0	0	154869	154271	183150	0	0	2580480	4096	0	0	15728640	0	2273280	0	0	0	0	0	154869	154271	183150	0	0	2580480	4096	0	0	
0	2551808	0	0	0	0	0	158004	157370	186780	0	0	2867200	4096	0	0	15728640	0	2551808	0	0	0	0	0	158004	157370	186780	0	0	2867200	4096	0	0	
0	2469888	0	0	0	0	0	161502	160927	190971	0	0	2867200	4096	0	0	15728640	0	2469888	0	0	0	0	0	161502	160927	190971	0	0	2867200	4096	0	0	
0	2703360	0	0	0	0	0	164571	163956	194502	0	0	2863104	4096	0	0	15728640	0	2703360	0	0	0	0	0	164571	163956	194502	0	0	2863104	4096	0	0	
0	1847296	0	0	0	0	0	167112	166643	197472	0	0	2134016	24576	0	0	15728640	0	1847296	0	0	0	0	0	167112	166643	197472	0	0	2134016	24576	0	0	
0	1908736	0	0	0	0	0	170643	170180	201663	0	0	2134016	4096	0	0	15728640	0	1908736	0	0	0	0	0	170643	170180	201663	0	0	2134016	4096	0	0	
0	2506752	0	0	0	0	0	173646	173042	205194	0	0	2838528	4096	0	0	15728640	0	2506752	0	0	0	0	0	173646	173042	205194	0	0	2838528	4096	0	0	
0	2699264	0	0	0	0	0	176649	176060	208791	0	0	2883584	4096	0	0	15728640	0	2699264	0	0	0	0	0	176649	176060	208791	0	0	2883584	4096	0	0	
0	1982464	0	0	0	0	0	179685	179273	212355	0	0	2138112	24576	0	0	15728640	0	1982464	0	0	0	0	0	179685	179273	212355	0	0	2138112	24576	0	0	
0	2609152	0	0	0	0	0	182721	182071	215919	0	0	2879488	4096	0	0	15728640	0	2609152	0	0	0	0	0	182721	182071	215919	0	0	2879488	4096	0	0	
0	2596864	0	0	0	0	0	186813	186110	220638	0	0	2867200	24576	0	0	15728640	0	2596864	0	0	0	0	0	186813	186110	220638	0	0	2867200	24576	0	0	
0	1974272	0	0	0	0	0	189816	189411	224268	0	0	2138112	4096	0	0	15728640	0	1974272	0	0	0	0	0	189816	189411	224268	0	0	2138112	4096	0	0	
0	2662400	0	0	0	0	0	192852	192253	227865	0	0	2887680	4096	0	0	15728640	0	2662400	0	0	0	0	0	192852	192253	227865	0	0	2887680	4096	0	0	
0	2359296	0	0	0	0	0	196284	195755	231924	0	0	2523136	4096	0	0	15728640	0	2359296	0	0	0	0	0	196284	195755	231924	0	0	2523136	4096	0	0	
0	2486272	0	0	0	0	0	198891	198274	234993	0	0	2863104	24576	0	0	15728640	0	2486272	0	0	0	0	0	198891	198274	234993	0	0	2863104	24576	0	0	
0	2510848	0	0	0	0	0	201432	200777	237963	0	0	2867200	24576	0	0	15728640	0	2510848	0	0	0	0	0	201432	200777	237963	0	0	2867200	24576	0	0	
0	2596864	0	0	0	0	0	204435	203806	241560	0	0	2871296	4096	0	0	15728640	0	2596864	0	0	0	0	0	204435	203806	241560	0	0	2871296	4096	0	0	
0	1953792	0	0	0	0	0	208560	208075	246246	0	0	2129920	4096	0	0	15728640	0	1953792	0	0	0	0	0	208560	208075	246246	0	0	2129920	4096	0	0	
0	1851392	0	0	0	0	0	212619	212134	251064	0	0	2142208	24576	0	0	15728640	0	1851392	0	0	0	0	0	212619	212134	251064	0	0	2142208	24576	0	0	
0	2568192	0	0	0	0	0	215622	214972	254595	0	0	2863104	24576	0	0	15728640	0	2568192	0	0	0	0	0	215622	214972	254595	0	0	2863104	24576	0	0	
0	2654208	0	0	0	0	0	218691	217989	258192	0	0	2879488	4096	0	0	15728640	0	2654208	0	0	0	0	0	218691	217989	258192	0	0	2879488	4096	0	0	
0	1896448	0	0	0	0	0	221496	221023	261558	0	0	2105344	4096	0	0	15728640	0	1896448	0	0	0	0	0	221496	221023	261558	0	0	2105344	4096	0	0	
0	1871872	0	0	0	0	0	224664	224205	265320	0	0	2129920	4096	0	0	15728640	0	1871872	0	0	0	0	0	224664	224205	265320	0	0	2129920	4096	0	0	
0	1912832	0	0	0	0	0	228162	227761	269478	0	0	2129920	4096	0	0	15728640	0	1912832	0	0	0	0	0	228162	227761	269478	0	0	2129920	4096	0	0	
0	2052096	0	0	0	0	0	230769	230316	272481	0	0	2138112	24576	0	0	15728640	0	2052096	0	0	0	0	0	230769	230316	272481	0	0	2138112	24576	0	0	
0	1826816	0	0	0	0	0	235125	234663	277563	0	0	2097152	4096	0	0	15728640	0	1826816	0	0	0	0	0	235125	234663	277563	0	0	2097152	4096	0	0	
0	2666496	0	0	0	0	0	238293	237722	281325	0	0	2822144	4096	0	0	15728640	0	2666496	0	0	0	0	0	238293	237722	281325	0	0	2822144	4096	0	0	
0	2015232	0	0	0	0	0	241362	240946	284922	0	0	2129920	24576	0	0	15728640	0	2015232	0	0	0	0	0	241362	240946	284922	0	0	2129920	24576	0	0	
0	2519040	0	0	0	0	0	244299	243740	288519	0	0	2822144	4096	0	0	15728640	0	2519040	0	0	0	0	0	244299	243740	288519	0	0	2822144	4096	0	0	
0	2617344	0	0	0	0	0	247368	246772	292050	0	0	2871296	4096	0	0	15728640	0	2617344	0	0	0	0	0	247368	246772	292050	0	0	2871296	4096	0	0	
0	2760704	0	0	0	0	0	249942	249291	295020	0	0	2875392	4096	0	0	15728640	0	2760704	0	0	0	0	0	249942	249291	295020	0	0	2875392	4096	0	0	
0	2650112	0	0	0	0	0	252450	251849	297990	0	0	2863104	4096	0	0	15728640	0	2650112	0	0	0	0	0	252450	251849	297990	0	0	2863104	4096	0	0	
0	1937408	0	0	0	0	0	256014	255551	302148	0	0	2138112	24576	0	0	15728640	0	1937408	0	0	0	0	0	256014	255551	302148	0	0	2138112	24576	0	0	
0	1585152	0	0	0	0	0	259248	258873	306108	0	0	1916928	24576	0	0	15728640	0	1585152	0	0	0	0	0	259248	258873	306108	0	0	1916928	24576	0	0	
0	1855488	0	0	0	0	0	262350	261935	309771	0	0	2129920	4096	0	0	15728640	0	1855488	0	0	0	0	0	262350	261935	309771	0	0	2129920	4096	0	0	
0	2555904	0	0	0	0	0	265584	264942	313500	0	0	2863104	4096	0	0	15728640	0	2555904	0	0	0	0	0	265584	264942	313500	0	0	2863104	4096	0	0	
0	1941504	0	0	0	0	0	268620	268174	317031	0	0	2134016	4096	0	0	15728640	0	1941504	0	0	0	0	0	268620	268174	317031	0	0	2134016	4096	0	0	
0	2744320	0	0	0	0	0	271656	271037	320661	0	0	2859008	4096	0	0	15728640	0	2744320	0	0	0	0	0	271656	271037	320661	0	0	2859008	4096	0	0	
0	2441216	0	0	0	0	0	274692	274048	324225	0	0	2879488	4096	0	0	15728640	0	2441216	0	0	0	0	0	274692	274048	324225	0	0	2879488	4096	0	0	
0	1892352	0	0	0	0	0	277233	276784	327195	0	0	2138112	4096	0	0	15728640	0	1892352	0	0	0	0	0	277233	276784	327195	0	0	2138112	4096	0	0	
0	2682880	0	0	0	0	0	279741	279096	330198	0	0	2899968	4096	0	0	15728640	0	2682880	0	0	0	0	0	279741	279096	330198	0	0	2899968	4096	0	0	
126976	1941504	0	0	0	0	0	283800	283346	334917	0	0	2134016	4096	0	0	15728640	126976	1941504	0	0	0	0	0	283800	283346	334917	0	0	2134016	4096	0	0	
126976	2007040	0	0	0	0	0	286836	286391	338547	0	0	2134016	24576	0	0	15728640	126976	2007040	0	0	0	0	0	286836	286391	338547	0	0	2134016	24576	0	0	
126976	1126400	0	0	0	0	0	289542	289197	341715	0	0	1425408	24576	0	0	15728640	126976	1126400	0	0	0	0	0	289542	289197	341715	0	0	1425408	24576	0	0	
126976	2523136	0	0	0	0	0	292908	292261	345675	0	0	2867200	4096	0	0	15728640	126976	2523136	0	0	0	0	0	292908	292261	345675	0	0	2867200	4096	0	0	
126976	2457600	0	0	0	0	0	295416	294806	348612	0	0	2863104	4096	0	0	15728640	126976	2457600	0	0	0	0	0	295416	294806	348612	0	0	2863104	4096	0	0	
126976	2600960	0	0	0	0	0	298452	297807	352176	0	0	2863104	4096	0	0	15728640	126976	2600960	0	0	0	0	0	298452	297807	352176	0	0	2863104	4096	0	0	
126976	2572288	0	0	0	0	0	300993	300342	355146	0	0	2867200	4096	0	0	15728640	126976	2572288	0	0	0	0	0	300993	300342	355146	0	0	2867200	4096	0	0	
126976	1896448	0	0	0	0	0	304029	303566	358809	0	0	2084864	4096	0	0	15728640	126976	1896448	0	0	0	0	0	304029	303566	358809	0	0	2084864	4096	0	0	
126976	1556480	0	0	0	0	0	307263	306893	362670	0	0	1843200	24576	0	0	15728640	126976	1556480	0	0	0	0	0	307263	306893	362670	0	0	1843200	24576	0	0	
126976	1507328	0	0	0	0	0	310827	310420	366828	0	0	1847296	24576	0	0	15728640	126976	1507328	0	0	0	0	0	310827	310420	366828	0	0	1847296	24576	0	0	
126976	1830912	0	0	0	0	0	314589	314140	371250	0	0	2129920	4096	0	0	15728640	126976	1830912	0	0	0	0	0	314589	314140	371250	0	0	2129920	4096	0	0	
126976	1880064	0	0	0	0	0	317625	317200	374814	0	0	2134016	24576	0	0	15728640	126976	1880064	0	0	0	0	0	317625	317200	374814	0	0	2134016	24576	0	0	
126976	806912	0	0	0	0	0	320166	320021	377850	0	0	933888	24576	0	0	15728640	126976	806912	0	0	0	0	0	320166	320021	377850	0	0	933888	24576	0	0	
126976	1957888	0	0	0	0	0	323730	323268	381909	0	0	2138112	24576	0	0	15728640	126976	1957888	0	0	0	0	0	323730	323268	381909	0	0	2138112	24576	0	0	
126976	2002944	0	0	0	0	0	327162	326797	386133	0	0	2142208	24576	0	0	15728640	126976	2002944	0	0	0	0	0	327162	326797	386133	0	0	2142208	24576	0	0	
126976	2519040	0	0	0	0	0	330297	329603	389664	0	0	2879488	4096	0	0	15728640	126976	2519040	0	0	0	0	0	330297	329603	389664	0	0	2879488	4096	0	0	
126976	2580480	0	0	0	0	0	333828	333192	393822	0	0	2867200	4096	0	0	15728640	126976	2580480	0	0	0	0	0	333828	333192	393822	0	0	2867200	4096	0	0	
126976	2080768	0	0	0	0	0	336864	336389	397386	0	0	2142208	24576	0	0	15728640	126976	2080768	0	0	0	0	0	336864	336389	397386	0	0	2142208	24576	0	0	
126976	2027520	0	0	0	0	0	339900	339417	401016	0	0	2138112	24576	0	0	15728640	126976	2027520	0	0	0	0	0	339900	339417	401016	0	0	2138112	24576	0	0	
126976	2629632	0	0	0	0	0	343332	342786	405108	0	0	2883584	4096	0	0	15728640	126976	2629632	0	0	0	0	0	343332	342786	405108	0	0	2883584	4096	0	0	
126976	1798144	0	0	0	0	0	346236	345793	408507	0	0	2088960	4096	0	0	15728640	126976	1798144	0	0	0	0	0	346236	345793	408507	0	0	2088960	4096	0	0	
126976	2002944	0	0	0	0	0	348942	348544	411708	0	0	2138112	24576	0	0	15728640	126976	2002944	0	0	0	0	0	348942	348544	411708	0	0	2138112	24576	0	0	
126976	1929216	0	0	0	0	0	351780	351345	415008	0	0	2076672	24576	0	0	15728640	126976	1929216	0	0	0	0	0	351780	351345	415008	0	0	2076672	24576	0	0	
126976	2428928	0	0	0	0	0	355014	354355	418869	0	0	2867200	4096	0	0	15728640	126976	2428928	0	0	0	0	0	355014	354355	418869	0	0	2867200	4096	0	0	
126976	1978368	0	0	0	0	0	358578	358146	423027	0	0	2134016	4096	0	0	15728640	126976	1978368	0	0	0	0	0	358578	358146	423027	0	0	2134016	4096	0	0	
126976	2555904	0	0	0	0	0	362109	361492	427185	0	0	2867200	4096	0	0	15728640	126976	2555904	0	0	0	0	0	362109	361492	427185	0	0	2867200	4096	0	0	
126976	1826816	0	0	0	0	0	364122	363707	429528	0	0	2138112	24576	0	0	15728640	126976	1826816	0	0	0	0	0	364122	363707	429528	0	0	2138112	24576	0	0	
126976	2514944	0	0	0	0	0	367653	367037	433653	0	0	2818048	4096	0	0	15728640	126976	2514944	0	0	0	0	0	367653	367037	433653	0	0	2818048	4096	0	0	
126976	2682880	0	0	0	0	0	370623	370083	437250	0	0	2826240	24576	0	0	15728640	126976	2682880	0	0	0	0	0	370623	370083	437250	0	0	2826240	24576	0	0	
126976	1859584	0	0	0	0	0	373230	372772	440187	0	0	2134016	24576	0	0	15728640	126976	1859584	0	0	0	0	0	373230	372772	440187	0	0	2134016	24576	0	0	
126976	1658880	0	0	0	0	0	376563	376089	444180	0	0	2072576	4096	0	0	15728640	126976	1658880	0	0	0	0	0	376563	376089	444180	0	0	2072576	4096	0	0	
126976	2224128	0	0	0	0	0	380292	379754	448602	0	0	2400256	4096	0	0	15728640	126976	2224128	0	0	0	0	0	380292	379754	448602	0	0	2400256	4096	0	0	
126976	2760704	0	0	0	0	0	382800	382154	451572	0	0	2859008	4096	0	0	15728640	126976	2760704	0	0	0	0	0	382800	382154	451572	0	0	2859008	4096	0	0	
126976	1884160	0	0	0	0	0	385869	385397	455103	0	0	2129920	24576	0	0	15728640	126976	1884160	0	0	0	0	0	385869	385397	455103	0	0	2129920	24576	0	0	
126976	2449408	0	0	0	0	0	389367	388748	459261	0	0	2822144	4096	0	0	15728640	126976	2449408	0	0	0	0	0	389367	388748	459261	0	0	2822144	4096	0	0	
126976	2560000	0	0	0	0	0	392469	391811	462825	0	0	2805760	24576	0	0	15728640	126976	2560000	0	0	0	0	0	392469	391811	462825	0	0	2805760	24576	0	0	
126976	1925120	0	0	0	0	0	396957	396529	468204	0	0	2138112	24576	0	0	15728640	126976	1925120	0	0	0	0	0	396957	396529	468204	0	0	2138112	24576	0	0	
126976	2002944	0	0	0	0	0	405537	405073	478368	0	0	2134016	4096	0	0	15728640	126976	2002944	0	0	0	0	0	405537	405073	478368	0	0	2134016	4096	0	0	
126976	798720	0	0	0	0	0	410157	410004	483945	0	0	1011712	24576	0	0	15728640	126976	798720	0	0	0	0	0	410157	410004	483945	0	0	1011712	24576	0	0	
126976	843776	0	0	0	0	0	411741	411537	486189	0	0	1007616	24576	0	0	15728640	126976	843776	0	0	0	0	0	411741	411537	486189	0	0	1007616	24576	0	0	
126976	1847296	0	0	0	0	0	412797	412311	487674	0	0	2125824	4096	0	0	15728640	126976	1847296	0	0	0	0	0	412797	412311	487674	0	0	2125824	4096	0	0	
126976	2637824	0	0	0	0	0	419331	418720	495396	0	0	2871296	4096	0	0	15728640	126976	2637824	0	0	0	0	0	419331	418720	495396	0	0	2871296	4096	0	0	
126976	1892352	0	0	0	0	0	422895	422480	499521	0	0	2134016	24576	0	0	15728640	126976	1892352	0	0	0	0	0	422895	422480	499521	0	0	2134016	24576	0	0	
126976	1990656	0	0	0	0	0	426426	425995	503679	0	0	2134016	24576	0	0	15728640	126976	1990656	0	0	0	0	0	426426	425995	503679	0	0	2134016	24576	0	0	
126976	2691072	0	0	0	0	0	430914	430364	509025	0	0	2867200	24576	0	0	15728640	126976	2691072	0	0	0	0	0	430914	430364	509025	0	0	2867200	24576	0	0	
126976	884736	0	0	0	0	0	434643	434395	513348	0	0	1175552	24576	0	0	15728640	126976	884736	0	0	0	0	0	434643	434395	513348	0	0	1175552	24576	0	0	
126976	2093056	0	0	0	0	0	438570	438157	517968	0	0	2138112	24576	0	0	15728640	126976	2093056	0	0	0	0	0	438570	438157	517968	0	0	2138112	24576	0	0	
126976	2551808	0	0	0	0	0	443091	442480	523314	0	0	2863104	24576	0	0	15728640	126976	2551808	0	0	0	0	0	443091	442480	523314	0	0	2863104	24576	0	0	
126976	942080	0	0	0	0	0	446754	446536	527670	0	0	1196032	24576	0	0	15728640	126976	942080	0	0	0	0	0	446754	446536	527670	0	0	1196032	24576	0	0	
126976	2637824	0	0	0	0	0	450219	449565	531663	0	0	2859008	4096	0	0	15728640	126976	2637824	0	0	0	0	0	450219	449565	531663	0	0	2859008	4096	0	0	
126976	2605056	0	0	0	0	0	453222	452619	535227	0	0	2850816	4096	0	0	15728640	126976	2605056	0	0	0	0	0	453222	452619	535227	0	0	2850816	4096	0	0	
126976	2617344	0	0	0	0	0	456753	456157	539385	0	0	2863104	4096	0	0	15728640	126976	2617344	0	0	0	0	0	456753	456157	539385	0	0	2863104	4096	0	0	
126976	2551808	0	0	0	0	0	460350	459647	543576	0	0	2863104	24576	0	0	15728640	126976	2551808	0	0	0	0	0	460350	459647	543576	0	0	2863104	24576	0	0	
126976	1613824	0	0	0	0	0	463617	463199	547470	0	0	1835008	24576	0	0	15728640	126976	1613824	0	0	0	0	0	463617	463199	547470	0	0	1835008	24576	0	0	
126976	1941504	0	0	0	0	0	467412	466932	551859	0	0	2134016	4096	0	0	15728640	126976	1941504	0	0	0	0	0	467412	466932	551859	0	0	2134016	4096	0	0	
0	1343488	0	0	0	0	0	471042	470795	556347	0	0	1482752	24576	0	0	15728640	0	1343488	0	0	0	0	0	471042	470795	556347	0	0	1482752	24576	0	0	
0	761856	0	0	0	0	0	475530	475375	561429	0	0	987136	24576	0	0	15728640	0	761856	0	0	0	0	0	475530	475375	561429	0	0	987136	24576	0	0	
0	1871872	0	0	0	0	0	478995	478583	565587	0	0	2125824	4096	0	0	15728640	0	1871872	0	0	0	0	0	478995	478583	565587	0	0	2125824	4096	0	0	
0	942080	0	0	0	0	0	482559	482444	569811	0	0	1150976	24576	0	0	15728640	0	942080	0	0	0	0	0	482559	482444	569811	0	0	1150976	24576	0	0	
0	2355200	0	0	0	0	0	486519	485972	574398	0	0	2531328	24576	0	0	15728640	0	2355200	0	0	0	0	0	486519	485972	574398	0	0	2531328	24576	0	0	
0	2568192	0	0	0	0	0	489126	488475	577467	0	0	2863104	4096	0	0	15728640	0	2568192	0	0	0	0	0	489126	488475	577467	0	0	2863104	4096	0	0	
0	2699264	0	0	0	0	0	492162	491496	581031	0	0	2871296	4096	0	0	15728640	0	2699264	0	0	0	0	0	492162	491496	581031	0	0	2871296	4096	0	0	
0	2060288	0	0	0	0	0	495693	495293	585222	0	0	2142208	24576	0	0	15728640	0	2060288	0	0	0	0	0	495693	495293	585222	0	0	2142208	24576	0	0	
0	2576384	0	0	0	0	0	500742	500088	591096	0	0	2867200	4096	0	0	15728640	0	2576384	0	0	0	0	0	500742	500088	591096	0	0	2867200	4096	0	0	
0	1925120	0	0	0	0	0	503778	503338	594726	0	0	2142208	24576	0	0	15728640	0	1925120	0	0	0	0	0	503778	503338	594726	0	0	2142208	24576	0	0	
0	1880064	0	0	0	0	0	507375	506917	598884	0	0	2138112	24576	0	0	15728640	0	1880064	0	0	0	0	0	507375	506917	598884	0	0	2138112	24576	0	0	
0	2613248	0	0	0	0	0	511368	510744	603669	0	0	2809856	24576	0	0	15728640	0	2613248	0	0	0	0	0	511368	510744	603669	0	0	2809856	24576	0	0	
0	2367488	0	0	0	0	0	513876	513312	606606	0	0	2613248	4096	0	0	15728640	0	2367488	0	0	0	0	0	513876	513312	606606	0	0	2613248	4096	0	0	
0	2727936	0	0	0	0	0	517440	516840	610797	0	0	2859008	4096	0	0	15728640	0	2727936	0	0	0	0	0	517440	516840	610797	0	0	2859008	4096	0	0	
0	2555904	0	0	0	0	0	520938	520345	614889	0	0	2899968	4096	0	0	15728640	0	2555904	0	0	0	0	0	520938	520345	614889	0	0	2899968	4096	0	0	
0	1765376	0	0	0	0	0	524007	523594	618519	0	0	2134016	24576	0	0	15728640	0	1765376	0	0	0	0	0	524007	523594	618519	0	0	2134016	24576	0	0	
0	2625536	0	0	0	0	0	527010	526421	622050	0	0	2859008	24576	0	0	15728640	0	2625536	0	0	0	0	0	527010	526421	622050	0	0	2859008	24576	0	0	
0	2686976	0	0	0	0	0	531102	530463	626868	0	0	2867200	4096	0	0	15728640	0	2686976	0	0	0	0	0	531102	530463	626868	0	0	2867200	4096	0	0	
0	2007040	0	0	0	0	0	534138	533692	630432	0	0	2129920	4096	0	0	15728640	0	2007040	0	0	0	0	0	534138	533692	630432	0	0	2129920	4096	0	0	
0	2666496	0	0	0	0	0	537669	537012	634557	0	0	2842624	4096	0	0	15728640	0	2666496	0	0	0	0	0	537669	537012	634557	0	0	2842624	4096	0	0	
0	1949696	0	0	0	0	0	540738	540285	638121	0	0	2134016	4096	0	0	15728640	0	1949696	0	0	0	0	0	540738	540285	638121	0	0	2134016	4096	0	0	
0	2555904	0	0	0	0	0	543741	543084	641685	0	0	2863104	4096	0	0	15728640	0	2555904	0	0	0	0	0	543741	543084	641685	0	0	2863104	4096	0	0	
0	1945600	0	0	0	0	0	546777	546375	645249	0	0	2134016	24576	0	0	15728640	0	1945600	0	0	0	0	0	546777	546375	645249	0	0	2134016	24576	0	0	
0	1937408	0	0	0	0	0	550308	549888	649440	0	0	2129920	4096	0	0	15728640	0	1937408	0	0	0	0	0	550308	549888	649440	0	0	2129920	4096	0	0	
0	2666496	0	0	0	0	0	554400	553714	654225	0	0	2871296	4096	0	0	15728640	0	2666496	0	0	0	0	0	554400	553714	654225	0	0	2871296	4096	0	0	
0	2002944	0	0	0	0	0	557898	557477	658383	0	0	2129920	24576	0	0	15728640	0	2002944	0	0	0	0	0	557898	557477	658383	0	0	2129920	24576	0	0	
0	2682880	0	0	0	0	0	561924	561346	663102	0	0	2813952	4096	0	0	15728640	0	2682880	0	0	0	0	0	561924	561346	663102	0	0	2813952	4096	0	0	
0	1843200	0	0	0	0	0	564432	564046	666105	0	0	2134016	24576	0	0	15728640	0	1843200	0	0	0	0	0	564432	564046	666105	0	0	2134016	24576	0	0	
0	925696	0	0	0	0	0	566082	565902	668118	0	0	1011712	24576	0	0	15728640	0	925696	0	0	0	0	0	566082	565902	668118	0	0	1011712	24576	0	0	
118784	1986560	0	0	0	0	0	568128	567695	670791	0	0	2134016	24576	0	0	15728640	118784	1986560	0	0	0	0	0	568128	567695	670791	0	0	2134016	24576	0	0	
118784	2502656	0	0	0	0	0	571692	571009	674916	0	0	2859008	4096	0	0	15728640	118784	2502656	0	0	0	0	0	571692	571009	674916	0	0	2859008	4096	0	0	
118784	1789952	0	0	0	0	0	575190	574726	679107	0	0	2134016	24576	0	0	15728640	118784	1789952	0	0	0	0	0	575190	574726	679107	0	0	2134016	24576	0	0	
118784	1880064	0	0	0	0	0	579282	578790	683859	0	0	2134016	4096	0	0	15728640	118784	1880064	0	0	0	0	0	579282	578790	683859	0	0	2134016	4096	0	0	
118784	2551808	0	0	0	0	0	583242	582655	688611	0	0	2867200	4096	0	0	15728640	118784	2551808	0	0	0	0	0	583242	582655	688611	0	0	2867200	4096	0	0	
118784	2572288	0	0	0	0	0	586278	585682	692142	0	0	2859008	4096	0	0	15728640	118784	2572288	0	0	0	0	0	586278	585682	692142	0	0	2859008	4096	0	0	
118784	2707456	0	0	0	0	0	589413	588763	695772	0	0	2875392	4096	0	0	15728640	118784	2707456	0	0	0	0	0	589413	588763	695772	0	0	2875392	4096	0	0	
118784	1884160	0	0	0	0	0	592746	592291	699732	0	0	2072576	4096	0	0	15728640	118784	1884160	0	0	0	0	0	592746	592291	699732	0	0	2072576	4096	0	0	
118784	2650112	0	0	0	0	0	596013	595314	703560	0	0	2867200	4096	0	0	15728640	118784	2650112	0	0	0	0	0	596013	595314	703560	0	0	2867200	4096	0	0	
118784	1609728	0	0	0	0	0	599313	598908	707454	0	0	1925120	24576	0	0	15728640	118784	1609728	0	0	0	0	0	599313	598908	707454	0	0	1925120	24576	0	0	
118784	1949696	0	0	0	0	0	603570	603158	712404	0	0	2138112	24576	0	0	15728640	118784	1949696	0	0	0	0	0	603570	603158	712404	0	0	2138112	24576	0	0	
118784	2625536	0	0	0	0	0	607596	606976	717222	0	0	2859008	4096	0	0	15728640	118784	2625536	0	0	0	0	0	607596	606976	717222	0	0	2859008	4096	0	0	
118784	2691072	0	0	0	0	0	611193	610564	721479	0	0	2867200	4096	0	0	15728640	118784	2691072	0	0	0	0	0	611193	610564	721479	0	0	2867200	4096	0	0	
118784	1945600	0	0	0	0	0	614229	613763	724944	0	0	2125824	4096	0	0	15728640	118784	1945600	0	0	0	0	0	614229	613763	724944	0	0	2125824	4096	0	0	
118784	2752512	0	0	0	0	0	616737	616106	727947	0	0	2879488	4096	0	0	15728640	118784	2752512	0	0	0	0	0	616737	616106	727947	0	0	2879488	4096	0	0	
118784	2478080	0	0	0	0	0	619839	619143	731511	0	0	2867200	24576	0	0	15728640	118784	2478080	0	0	0	0	0	619839	619143	731511	0	0	2867200	24576	0	0	
118784	1994752	0	0	0	0	0	622809	622382	735108	0	0	2142208	24576	0	0	15728640	118784	1994752	0	0	0	0	0	622809	622382	735108	0	0	2142208	24576	0	0	
118784	1998848	0	0	0	0	0	626373	625946	739266	0	0	2125824	4096	0	0	15728640	118784	1998848	0	0	0	0	0	626373	625946	739266	0	0	2125824	4096	0	0	
118784	2555904	0	0	0	0	0	630960	630310	744645	0	0	2863104	24576	0	0	15728640	118784	2555904	0	0	0	0	0	630960	630310	744645	0	0	2863104	24576	0	0	
118784	1941504	0	0	0	0	0	635514	635048	749991	0	0	2125824	4096	0	0	15728640	118784	1941504	0	0	0	0	0	635514	635048	749991	0	0	2125824	4096	0	0	
118784	2633728	0	0	0	0	0	639012	638420	754215	0	0	2867200	4096	0	0	15728640	118784	2633728	0	0	0	0	0	639012	638420	754215	0	0	2867200	4096	0	0	
118784	1990656	0	0	0	0	0	642576	642116	758373	0	0	2138112	24576	0	0	15728640	118784	1990656	0	0	0	0	0	642576	642116	758373	0	0	2138112	24576	0	0	
0	2617344	0	0	0	0	0	646635	645991	763092	0	0	2871296	4096	0	0	15728640	0	2617344	0	0	0	0	0	646635	645991	763092	0	0	2871296	4096	0	0	
0	733184	0	0	0	0	0	649242	649049	766326	0	0	1011712	24576	0	0	15728640	0	733184	0	0	0	0	0	649242	649049	766326	0	0	1011712	24576	0	0	
0	1941504	0	0	0	0	0	650826	650350	768339	0	0	2142208	24576	0	0	15728640	0	1941504	0	0	0	0	0	650826	650350	768339	0	0	2142208	24576	0	0	
0	2695168	0	0	0	0	0	654852	654210	773157	0	0	2883584	4096	0	0	15728640	0	2695168	0	0	0	0	0	654852	654210	773157	0	0	2883584	4096	0	0	
0	1855488	0	0	0	0	0	658383	657966	777315	0	0	2134016	4096	0	0	15728640	0	1855488	0	0	0	0	0	658383	657966	777315	0	0	2134016	4096	0	0	
0	704512	0	0	0	0	0	658416	658262	777513	0	0	1007616	24576	0	0	15728640	0	704512	0	0	0	0	0	658416	658262	777513	0	0	1007616	24576	0	0	
0	2265088	0	0	0	0	0	661947	661382	781935	0	0	2547712	4096	0	0	15728640	0	2265088	0	0	0	0	0	661947	661382	781935	0	0	2547712	4096	0	0	
0	1462272	0	0	0	0	0	665742	665455	786489	0	0	1695744	24576	0	0	15728640	0	1462272	0	0	0	0	0	665742	665455	786489	0	0	1695744	24576	0	0	
0	1859584	0	0	0	0	0	669933	669490	791307	0	0	2105344	24576	0	0	15728640	0	1859584	0	0	0	0	0	669933	669490	791307	0	0	2105344	24576	0	0	
0	2514944	0	0	0	0	0	673662	673017	795630	0	0	2859008	24576	0	0	15728640	0	2514944	0	0	0	0	0	673662	673017	795630	0	0	2859008	24576	0	0	
0	2617344	0	0	0	0	0	678711	678086	801636	0	0	2867200	4096	0	0	15728640	0	2617344	0	0	0	0	0	678711	678086	801636	0	0	2867200	4096	0	0	
0	2023424	0	0	0	0	0	682308	681863	805761	0	0	2138112	24576	0	0	15728640	0	2023424	0	0	0	0	0	682308	681863	805761	0	0	2138112	24576	0	0	
0	1871872	0	0	0	0	0	686136	685696	810381	0	0	2093056	4096	0	0	15728640	0	1871872	0	0	0	0	0	686136	685696	810381	0	0	2093056	4096	0	0	
0	2613248	0	0	0	0	0	690855	690267	815925	0	0	2867200	4096	0	0	15728640	0	2613248	0	0	0	0	0	690855	690267	815925	0	0	2867200	4096	0	0	
0	1875968	0	0	0	0	0	693924	693521	819522	0	0	2129920	4096	0	0	15728640	0	1875968	0	0	0	0	0	693924	693521	819522	0	0	2129920	4096	0	0	
0	1970176	0	0	0	0	0	697455	697041	823713	0	0	2138112	24576	0	0	15728640	0	1970176	0	0	0	0	0	697455	697041	823713	0	0	2138112	24576	0	0	
0	2686976	0	0	0	0	0	701514	700894	828432	0	0	2863104	4096	0	0	15728640	0	2686976	0	0	0	0	0	701514	700894	828432	0	0	2863104	4096	0	0	
0	770048	0	0	0	0	0	702009	701926	829290	0	0	1007616	24576	0	0	15728640	0	770048	0	0	0	0	0	702009	701926	829290	0	0	1007616	24576	0	0	
0	2506752	0	0	0	0	0	704616	704021	832491	0	0	2867200	24576	0	0	15728640	0	2506752	0	0	0	0	0	704616	704021	832491	0	0	2867200	24576	0	0	
0	2285568	0	0	0	0	0	708180	707523	836682	0	0	2818048	24576	0	0	15728640	0	2285568	0	0	0	0	0	708180	707523	836682	0	0	2818048	24576	0	0	
0	1871872	0	0	0	0	0	711744	711327	840807	0	0	2138112	24576	0	0	15728640	0	1871872	0	0	0	0	0	711744	711327	840807	0	0	2138112	24576	0	0	
0	2498560	0	0	0	0	0	715341	714689	845031	0	0	2863104	4096	0	0	15728640	0	2498560	0	0	0	0	0	715341	714689	845031	0	0	2863104	4096	0	0	
0	1654784	0	0	0	0	0	718839	718385	849255	0	0	2134016	4096	0	0	15728640	0	1654784	0	0	0	0	0	718839	718385	849255	0	0	2134016	4096	0	0	
0	2629632	0	0	0	0	0	722898	722293	853974	0	0	2863104	4096	0	0	15728640	0	2629632	0	0	0	0	0	722898	722293	853974	0	0	2863104	4096	0	0	
0	2695168	0	0	0	0	0	726990	726286	858726	0	0	2863104	4096	0	0	15728640	0	2695168	0	0	0	0	0	726990	726286	858726	0	0	2863104	4096	0	0	
0	1765376	0	0	0	0	0	730818	730406	863247	0	0	2097152	4096	0	0	15728640	0	1765376	0	0	0	0	0	730818	730406	863247	0	0	2097152	4096	0	0	
0	1863680	0	0	0	0	0	734118	733631	867075	0	0	2134016	4096	0	0	15728640	0	1863680	0	0	0	0	0	734118	733631	867075	0	0	2134016	4096	0	0	
0	2637824	0	0	0	0	0	738177	737522	871794	0	0	2822144	4096	0	0	15728640	0	2637824	0	0	0	0	0	738177	737522	871794	0	0	2822144	4096	0	0	
0	2007040	0	0	0	0	0	742236	741765	876579	0	0	2138112	24576	0	0	15728640	0	2007040	0	0	0	0	0	742236	741765	876579	0	0	2138112	24576	0	0	
0	2043904	0	0	0	0	0	746757	746316	881958	0	0	2134016	4096	0	0	15728640	0	2043904	0	0	0	0	0	746757	746316	881958	0	0	2134016	4096	0	0	
0	2592768	0	0	0	0	0	750288	749649	886083	0	0	2809856	24576	0	0	15728640	0	2592768	0	0	0	0	0	750288	749649	886083	0	0	2809856	24576	0	0	
0	2539520	0	0	0	0	0	752796	752207	889086	0	0	2867200	24576	0	0	15728640	0	2539520	0	0	0	0	0	752796	752207	889086	0	0	2867200	24576	0	0	
0	2125824	0	0	0	0	0	756393	755955	893277	0	0	2134016	4096	0	0	15728640	0	2125824	0	0	0	0	0	756393	755955	893277	0	0	2134016	4096	0	0	
0	1585152	0	0	0	0	0	761277	760843	898986	0	0	1941504	24576	0	0	15728640	0	1585152	0	0	0	0	0	761277	760843	898986	0	0	1941504	24576	0	0	
0	2547712	0	0	0	0	0	765006	764378	903408	0	0	2867200	24576	0	0	15728640	0	2547712	0	0	0	0	0	765006	764378	903408	0	0	2867200	24576	0	0	
0	2007040	0	0	0	0	0	769098	768658	908193	0	0	2134016	4096	0	0	15728640	0	2007040	0	0	0	0	0	769098	768658	908193	0	0	2134016	4096	0	0	
0	1949696	0	0	0	0	0	774114	773708	914199	0	0	2134016	4096	0	0	15728640	0	1949696	0	0	0	0	0	774114	773708	914199	0	0	2134016	4096	0	0	
0	2510848	0	0	0	0	0	778206	777543	918885	0	0	2863104	4096	0	0	15728640	0	2510848	0	0	0	0	0	778206	777543	918885	0	0	2863104	4096	0	0	
0	1941504	0	0	0	0	0	781275	780804	922449	0	0	2129920	4096	0	0	15728640	0	1941504	0	0	0	0	0	781275	780804	922449	0	0	2129920	4096	0	0	
0	2560000	0	0	0	0	0	785796	785136	927828	0	0	2863104	4096	0	0	15728640	0	2560000	0	0	0	0	0	785796	785136	927828	0	0	2863104	4096	0	0	
0	1998848	0	0	0	0	0	789327	788916	932019	0	0	2138112	24576	0	0	15728640	0	1998848	0	0	0	0	0	789327	788916	932019	0	0	2138112	24576	0	0	
0	696320	0	0	0	0	0	792924	792806	936177	0	0	937984	24576	0	0	15728640	0	696320	0	0	0	0	0	792924	792806	936177	0	0	937984	24576	0	0	
0	1986560	0	0	0	0	0	796917	796536	940962	0	0	2134016	24576	0	0	15728640	0	1986560	0	0	0	0	0	796917	796536	940962	0	0	2134016	24576	0	0	
0	2674688	0	0	0	0	0	801009	800376	945648	0	0	2863104	4096	0	0	15728640	0	2674688	0	0	0	0	0	801009	800376	945648	0	0	2863104	4096	0	0	
0	937984	0	0	0	0	0	805167	804948	950697	0	0	1150976	24576	0	0	15728640	0	937984	0	0	0	0	0	805167	804948	950697	0	0	1150976	24576	0	0	
0	2453504	0	0	0	0	0	809589	808979	955845	0	0	2863104	4096	0	0	15728640	0	2453504	0	0	0	0	0	809589	808979	955845	0	0	2863104	4096	0	0	
0	1990656	0	0	0	0	0	812625	812271	959409	0	0	2134016	24576	0	0	15728640	0	1990656	0	0	0	0	0	812625	812271	959409	0	0	2134016	24576	0	0	
0	995328	0	0	0	0	0	816288	816089	963798	0	0	1150976	24576	0	0	15728640	0	995328	0	0	0	0	0	816288	816089	963798	0	0	1150976	24576	0	0	
0	2445312	0	0	0	0	0	820776	820107	968913	0	0	2871296	4096	0	0	15728640	0	2445312	0	0	0	0	0	820776	820107	968913	0	0	2871296	4096	0	0	
0	1859584	0	0	0	0	0	824340	823893	973137	0	0	2142208	24576	0	0	15728640	0	1859584	0	0	0	0	0	824340	823893	973137	0	0	2142208	24576	0	0	
0	1318912	0	0	0	0	0	828036	827753	977559	0	0	1490944	24576	0	0	15728640	0	1318912	0	0	0	0	0	828036	827753	977559	0	0	1490944	24576	0	0	
0	2691072	0	0	0	0	0	832986	832320	983301	0	0	2854912	4096	0	0	15728640	0	2691072	0	0	0	0	0	832986	832320	983301	0	0	2854912	4096	0	0	
0	2609152	0	0	0	0	0	836484	835864	987426	0	0	2867200	4096	0	0	15728640	0	2609152	0	0	0	0	0	836484	835864	987426	0	0	2867200	4096	0	0	
0	2605056	0	0	0	0	0	839520	838919	990957	0	0	2846720	4096	0	0	15728640	0	2605056	0	0	0	0	0	839520	838919	990957	0	0	2846720	4096	0	0	
0	2543616	0	0	0	0	0	843579	842979	995775	0	0	2867200	24576	0	0	15728640	0	2543616	0	0	0	0	0	843579	842979	995775	0	0	2867200	24576	0	0	
0	778240	0	0	0	0	0	843612	843462	996006	0	0	1007616	24576	0	0	15728640	0	778240	0	0	0	0	0	843612	843462	996006	0	0	1007616	24576	0	0	
0	2539520	0	0	0	0	0	846714	846092	999834	0	0	2859008	24576	0	0	15728640	0	2539520	0	0	0	0	0	846714	846092	999834	0	0	2859008	24576	0	0	
0	1888256	0	0	0	0	0	850245	849820	1004025	0	0	2129920	4096	0	0	15728640	0	1888256	0	0	0	0	0	850245	849820	1004025	0	0	2129920	4096	0	0	
0	2609152	0	0	0	0	0	854799	854220	1009404	0	0	2883584	4096	0	0	15728640	0	2609152	0	0	0	0	0	854799	854220	1009404	0	0	2883584	4096	0	0	
0	974848	0	0	0	0	0	859518	859278	1014882	0	0	1146880	24576	0	0	15728640	0	974848	0	0	0	0	0	859518	859278	1014882	0	0	1146880	24576	0	0	
0	1847296	0	0	0	0	0	864270	863812	1020525	0	0	2146304	24576	0	0	15728640	0	1847296	0	0	0	0	0	864270	863812	1020525	0	0	2146304	24576	0	0	
0	2056192	0	0	0	0	0	868032	867599	1024881	0	0	2134016	24576	0	0	15728640	0	2056192	0	0	0	0	0	868032	867599	1024881	0	0	2134016	24576	0	0	
0	1994752	0	0	0	0	0	871101	870655	1028511	0	0	2134016	24576	0	0	15728640	0	1994752	0	0	0	0	0	871101	870655	1028511	0	0	2134016	24576	0	0	
0	2469888	0	0	0	0	0	874632	873974	1032636	0	0	2813952	4096	0	0	15728640	0	2469888	0	0	0	0	0	874632	873974	1032636	0	0	2813952	4096	0	0	
0	1933312	0	0	0	0	0	879219	878739	1038015	0	0	2134016	4096	0	0	15728640	0	1933312	0	0	0	0	0	879219	878739	1038015	0	0	2134016	4096	0	0	
0	2560000	0	0	0	0	0	882750	882115	1042173	0	0	2871296	4096	0	0	15728640	0	2560000	0	0	0	0	0	882750	882115	1042173	0	0	2871296	4096	0	0	
0	2519040	0	0	0	0	0	886776	886122	1046925	0	0	2859008	4096	0	0	15728640	0	2519040	0	0	0	0	0	886776	886122	1046925	0	0	2859008	4096	0	0	
0	2641920	0	0	0	0	0	890307	889675	1051116	0	0	2883584	4096	0	0	15728640	0	2641920	0	0	0	0	0	890307	889675	1051116	0	0	2883584	4096	0	0	
0	1900544	0	0	0	0	0	893904	893428	1055307	0	0	2138112	24576	0	0	15728640	0	1900544	0	0	0	0	0	893904	893428	1055307	0	0	2138112	24576	0	0	
0	1998848	0	0	0	0	0	898425	898010	1060653	0	0	2134016	4096	0	0	15728640	0	1998848	0	0	0	0	0	898425	898010	1060653	0	0	2134016	4096	0	0	
0	1986560	0	0	0	0	0	902517	902059	1065405	0	0	2121728	4096	0	0	15728640	0	1986560	0	0	0	0	0	902517	902059	1065405	0	0	2121728	4096	0	0	
0	1912832	0	0	0	0	0	906576	906130	1070256	0	0	2134016	24576	0	0	15728640	0	1912832	0	0	0	0	0	906576	906130	1070256	0	0	2134016	24576	0	0	
0	1789952	0	0	0	0	0	910668	910201	1074975	0	0	2129920	4096	0	0	15728640	0	1789952	0	0	0	0	0	910668	910201	1074975	0	0	2129920	4096	0	0	
0	2543616	0	0	0	0	0	915123	914522	1080288	0	0	2863104	24576	0	0	15728640	0	2543616	0	0	0	0	0	915123	914522	1080288	0	0	2863104	24576	0	0	
0	2609152	0	0	0	0	0	918159	917599	1083918	0	0	2867200	4096	0	0	15728640	0	2609152	0	0	0	0	0	918159	917599	1083918	0	0	2867200	4096	0	0	
0	2568192	0	0	0	0	0	922284	921637	1088670	0	0	2867200	4096	0	0	15728640	0	2568192	0	0	0	0	0	922284	921637	1088670	0	0	2867200	4096	0	0	
0	2002944	0	0	0	0	0	926838	926414	1094016	0	0	2125824	4096	0	0	15728640	0	2002944	0	0	0	0	0	926838	926414	1094016	0	0	2125824	4096	0	0	
0	2686976	0	0	0	0	0	930369	929767	1098174	0	0	2871296	4096	0	0	15728640	0	2686976	0	0	0	0	0	930369	929767	1098174	0	0	2871296	4096	0	0	
0	2732032	0	0	0	0	0	933933	933328	1102365	0	0	2867200	4096	0	0	15728640	0	2732032	0	0	0	0	0	933933	933328	1102365	0	0	2867200	4096	0	0	
0	1933312	0	0	0	0	0	938487	938060	1107711	0	0	2129920	24576	0	0	15728640	0	1933312	0	0	0	0	0	938487	938060	1107711	0	0	2129920	24576	0	0	
0	2048000	0	0	0	0	0	941556	941099	1111275	0	0	2138112	24576	0	0	15728640	0	2048000	0	0	0	0	0	941556	941099	1111275	0	0	2138112	24576	0	0	
0	2113536	0	0	0	0	0	945120	944660	1115532	0	0	2142208	24576	0	0	15728640	0	2113536	0	0	0	0	0	945120	944660	1115532	0	0	2142208	24576	0	0	
0	1908736	0	0	0	0	0	948684	948211	1119657	0	0	2138112	24576	0	0	15728640	0	1908736	0	0	0	0	0	948684	948211	1119657	0	0	2138112	24576	0	0	
0	2465792	0	0	0	0	0	952182	951623	1123881	0	0	2617344	4096	0	0	15728640	0	2465792	0	0	0	0	0	952182	951623	1123881	0	0	2617344	4096	0	0	
0	2609152	0	0	0	0	0	956769	956146	1129194	0	0	2883584	4096	0	0	15728640	0	2609152	0	0	0	0	0	956769	956146	1129194	0	0	2883584	4096	0	0	
0	1937408	0	0	0	0	0	960828	960391	1133946	0	0	2125824	24576	0	0	15728640	0	1937408	0	0	0	0	0	960828	960391	1133946	0	0	2125824	24576	0	0	
0	864256	0	0	0	0	0	960861	960686	1134177	0	0	995328	24576	0	0	15728640	0	864256	0	0	0	0	0	960861	960686	1134177	0	0	995328	24576	0	0	
0	2486272	0	0	0	0	0	964458	963818	1138632	0	0	2859008	4096	0	0	15728640	0	2486272	0	0	0	0	0	964458	963818	1138632	0	0	2859008	4096	0	0	
0	1933312	0	0	0	0	0	968286	967871	1143153	0	0	2076672	24576	0	0	15728640	0	1933312	0	0	0	0	0	968286	967871	1143153	0	0	2076672	24576	0	0	
0	1753088	0	0	0	0	0	971091	970632	1146420	0	0	2129920	24576	0	0	15728640	0	1753088	0	0	0	0	0	971091	970632	1146420	0	0	2129920	24576	0	0	
0	1933312	0	0	0	0	0	974424	973972	1150380	0	0	2080768	4096	0	0	15728640	0	1933312	0	0	0	0	0	974424	973972	1150380	0	0	2080768	4096	0	0	
0	786432	0	0	0	0	0	976668	976512	1153152	0	0	1011712	24576	0	0	15728640	0	786432	0	0	0	0	0	976668	976512	1153152	0	0	1011712	24576	0	0	
