1691648 4686 4306 6336 0 0 1912832
1110016 47388 47190 61743 0 0 1212416
1888256 87681 87269 114015 0 0 1908736
983040 132594 132390 172392 0 0 962560
1093632 174570 174380 226842 0 0 1167360
1150976 215820 215555 280269 0 0 1216512
1798144 261756 261386 340032 0 0 1949696
1134592 302379 302103 392634 0 0 1216512
1855488 343596 343103 445995 0 0 1953792
987136 390225 390018 506517 0 0 1212416
995328 429264 429014 557205 0 0 1212416
1122304 469788 469623 609906 0 0 1200128
1187840 514932 514729 668481 0 0 1212416
1822720 558228 557801 724581 0 0 1904640
1232896 598191 597971 776490 0 0 1171456
1183744 642081 641872 833448 0 0 1167360
1794048 687225 686829 892023 0 0 1949696
1306624 730356 730076 948057 0 0 1400832
1167360 774477 774218 1005213 0 0 1216512
1216512 821106 820822 1065702 0 0 1183744
1683456 861663 861209 1118370 0 0 1916928
790528 903474 903305 1172589 0 0 860160
1761280 949740 949387 1232748 0 0 1945600
1802240 993135 992663 1288914 0 0 1961984
1314816 1035771 1035509 1344321 0 0 1208320
1028096 1082367 1082188 1404843 0 0 1216512
1122304 1120845 1120625 1454772 0 0 1208320
880640 1161138 1160989 1507110 0 0 860160
1077248 1206810 1206625 1566378 0 0 1216512
1028096 1251096 1250817 1623765 0 0 1212416
1794048 1291620 1291200 1676400 0 0 1904640
1081344 1333728 1333464 1731015 0 0 1216512
1142784 1379136 1378889 1789920 0 0 1167360
1110016 1421838 1421605 1845393 0 0 1208320
1970176 1463517 1463188 1899612 0 0 1859584
1085440 1510047 1509806 1959936 0 0 1167360
1703936 1544103 1543666 2004288 0 0 1945600
1028096 1586244 1585940 2058870 0 0 1265664
1183744 1633368 1633140 2119755 0 0 1253376
1114112 1676004 1675719 2174799 0 0 1298432
1167360 1716825 1716584 2227599 0 0 1241088
1052672 1764972 1764711 2289837 0 0 1302528
1183744 1806024 1805830 2343033 0 0 1253376
843776 1847571 1847288 2396625 0 0 1134592
1085440 1892022 1891760 2453880 0 0 1302528
1089536 1933767 1933545 2507736 0 0 1257472
913408 1974126 1973810 2559777 0 0 1212416
1290240 2017521 2017328 2615811 0 0 1302528
1249280 2062401 2062104 2673561 0 0 1302528
966656 2102925 2102763 2725998 0 0 1126400
909312 2142921 2142698 2777445 0 0 1081344
1712128 2190375 2189960 2838594 0 0 2035712
1224704 2231526 2231295 2891691 0 0 1298432
1216512 2275449 2275181 2948220 0 0 1302528
1236992 2323266 2323028 3009930 0 0 1257472
1200128 2364714 2364493 3063324 0 0 1257472
1032192 2406195 2405884 3116850 0 0 1253376
1282048 2453121 2452887 3177339 0 0 1298432
1798144 2494503 2494091 3230733 0 0 1982464
1069056 2535060 2534813 3283005 0 0 1257472
1105920 2581095 2580853 3342339 0 0 1257472
1970176 2624325 2623889 3398109 0 0 1990656
1372160 2667357 2667042 3453516 0 0 1302528
1323008 2712732 2712510 3512025 0 0 1302528
1703936 2757513 2757077 3569775 0 0 1990656
1884160 2800248 2799781 3624819 0 0 2027520
1277952 2842620 2842370 3679467 0 0 1302528
1232896 2890437 2890200 3741111 0 0 1257472
1302528 2931027 2930714 3793383 0 0 1306624
1794048 2973069 2972645 3847635 0 0 1990656
1122304 3020985 3020719 3909444 0 0 1056768
716800 3055437 3055297 3954192 0 0 921600
1032192 3098205 3097969 4009500 0 0 1081344
1814528 3146517 3146131 4072035 0 0 1941504
962560 3187140 3186922 4124472 0 0 1253376
1204224 3229215 3228931 4178823 0 0 1257472
1138688 3275580 3275312 4238685 0 0 1298432
1794048 3317952 3317477 4293465 0 0 2035712
1888256 3360621 3360166 4348509 0 0 1945600
1187840 3406656 3406396 4407876 0 0 1306624
1273856 3451965 3451771 4466451 0 0 1302528
1196032 3494304 3494106 4521066 0 0 1298432
1957888 3537897 3537416 4577199 0 0 1998848
1413120 3583239 3583020 4635741 0 0 1302528
1216512 3624390 3624192 4688772 0 0 1298432
1134592 3665838 3665597 4742298 0 0 1253376
1183744 3712500 3712167 4802292 0 0 1253376
1736704 3754212 3753721 4856115 0 0 1957888
1093632 3795561 3795362 4909542 0 0 1253376
1171456 3841893 3841664 4969305 0 0 1298432
1179648 3882120 3881883 5021181 0 0 1302528
1122304 3925053 3924791 5076555 0 0 1302528
991232 3971055 3970805 5135922 0 0 1302528
1814528 4012470 4012045 5189316 0 0 1986560
933888 4056063 4055815 5245581 0 0 1298432
1179648 4099953 4099663 5302110 0 0 1302528
1101824 4143744 4143519 5358639 0 0 1257472
1724416 4186644 4186258 5414112 0 0 2043904
1179648 4227828 4227599 5467143 0 0 1302528
1904640 4275315 4274920 5528490 0 0 1937408
843776 4318413 4318156 5584029 0 0 1130496
1785856 4359135 4358717 5636565 0 0 2048000
2101248 4406094 4405601 5697054 0 0 2048000
708608 4448730 4448484 5752065 0 0 921600
1150976 4491630 4491358 5807439 0 0 1302528
1069056 4539777 4539458 5869545 0 0 1302528
1888256 4572975 4572627 5912808 0 0 2031616
1810432 4613862 4613443 5965674 0 0 1990656
1146880 4660458 4660274 6025932 0 0 1245184
1818624 4704975 4704535 6083418 0 0 1937408
1310720 4746753 4746453 6137406 0 0 1257472
1241088 4792128 4791810 6196014 0 0 1302528
1310720 4837536 4837255 6254787 0 0 1253376
1179648 4881954 4881738 6312240 0 0 1302528
1691648 4923963 4923579 6366624 0 0 2039808
954368 4970955 4970760 6427443 0 0 1081344
1249280 5014746 5014474 6484038 0 0 1257472
1462272 5055996 5055653 6537498 0 0 1589248
1204224 5104836 5104556 6600561 0 0 1253376
1146880 5146812 5146566 6654978 0 0 1273856
1179648 5189415 5189235 6710154 0 0 1302528
1830912 5235120 5234693 6769191 0 0 2031616
913408 5278317 5278133 6825093 0 0 1253376
1089536 5320953 5320739 6880302 0 0 1310720
1159168 5369991 5369745 6943761 0 0 1298432
1073152 5419590 5419319 7007979 0 0 1302528
1773568 5460114 5459689 7060416 0 0 1994752
1286144 5503938 5503685 7117143 0 0 1257472
745472 5548092 5548000 7174464 0 0 1003520
1683456 5584656 5584332 7221951 0 0 2035712
1224704 5626731 5626481 7276368 0 0 1306624
1400832 5672964 5672706 7336230 0 0 1302528
1232896 5713158 5712893 7388205 0 0 1302528
1241088 5753880 5753657 7440972 0 0 1302528
1187840 5800080 5799915 7500867 0 0 1257472
999424 5843376 5843230 7557000 0 0 1036288
901120 5883867 5883668 7609371 0 0 1085440
1966080 5931552 5931091 7671114 0 0 2039808
1122304 5971614 5971487 7723023 0 0 1298432
1093632 6013689 6013404 7777440 0 0 1257472
1138688 6062034 6061797 7840107 0 0 1253376
1294336 6103416 6103181 7893666 0 0 1253376
1167360 6143841 6143581 7946037 0 0 1302528
1941504 6188556 6188034 8003919 0 0 1986560
1236992 6231126 6230845 8059095 0 0 1298432
1880064 6271551 6271174 8111433 0 0 1990656
1773568 6313296 6312788 8165487 0 0 1998848
1138688 6359430 6359208 8225283 0 0 1298432
1241088 6400845 6400572 8278809 0 0 1245184
1142784 6443382 6443154 8334018 0 0 1257472
1474560 6489615 6489356 8393946 0 0 1298432
1757184 6530997 6530564 8447439 0 0 1892352
1138688 6571719 6571512 8500305 0 0 1298432
1183744 6618315 6618023 8560563 0 0 1302528
917504 6660621 6660446 8615409 0 0 1052672
1228800 6702531 6702309 8669661 0 0 1298432
1093632 6748203 6748014 8728863 0 0 1081344
1187840 6789486 6789322 8782290 0 0 1216512
1269760 6832749 6832500 8838258 0 0 1257472
1191936 6876540 6876300 8894919 0 0 1294336
1208320 6922146 6921881 8954022 0 0 1298432
1081344 6963792 6963567 9008043 0 0 1253376
1101824 7005174 7004942 9061602 0 0 1253376
1839104 7051374 7050950 9121464 0 0 1892352
1675264 7085892 7085478 9166443 0 0 1986560
1724416 7126779 7126349 9219210 0 0 2039808
1187840 7172418 7172219 9278280 0 0 1306624
1269760 7214229 7213974 9332202 0 0 1298432
1339392 7255743 7255439 9385827 0 0 1257472
1118208 7302075 7301777 9445755 0 0 1302528
1150976 7344744 7344458 9500832 0 0 1298432
753664 7385961 7385814 9554061 0 0 921600
1105920 7434141 7433919 9616332 0 0 1302528
1216512 7477569 7477248 9672234 0 0 1257472
1110016 7518753 7518507 9725397 0 0 1302528
1052672 7564227 7563986 9784137 0 0 1302528
1261568 7609470 7609164 9842382 0 0 1306624
1650688 7648806 7648416 9893202 0 0 1990656
987136 7690947 7690672 9947586 0 0 1253376
1884160 7736124 7735702 10005864 0 0 1994752
1900544 7778562 7778162 10060611 0 0 1994752
1265664 7819515 7819247 10113378 0 0 1290240
1056768 7865022 7864789 10172151 0 0 1298432
1773568 7907460 7907011 10226865 0 0 2035712
1138688 7949568 7949336 10281249 0 0 1298432
1703936 7997814 7997341 10343454 0 0 1986560
1617920 8039229 8038915 10396980 0 0 1703936
1040384 8082096 8081836 10452156 0 0 1302528
1064960 8131266 8131024 10515615 0 0 1302528
1236992 8171856 8171549 10567986 0 0 1302528
1142784 8212479 8212206 10620423 0 0 1306624
1159168 8258217 8258036 10679427 0 0 1294336
1859584 8301909 8301469 10735791 0 0 1986560
2019328 8343159 8342698 10789020 0 0 1921024
1630208 8387115 8386678 10845714 0 0 1986560
1785856 8433480 8433061 10905543 0 0 1921024
1220608 8475720 8475409 10959960 0 0 1306624
991232 8518455 8518170 11015169 0 0 1257472
1146880 8566734 8566482 11077374 0 0 1253376
1191936 8601318 8601044 11122485 0 0 1302528
647168 8643855 8643662 11177331 0 0 1085440
1134592 8689065 8688818 11235477 0 0 1249280
1036288 8729127 8728884 11287089 0 0 1298432
983040 8771895 8771638 11342199 0 0 1302528
1101824 8819943 8819691 11403975 0 0 1298432
917504 8862447 8862162 11458788 0 0 1253376
1703936 8903730 8903277 11511984 0 0 2035712
1007616 8950194 8950013 11571846 0 0 1253376
856064 8992830 8992642 11626593 0 0 978944
1724416 9035037 9034621 11680911 0 0 2031616
958464 9077574 9077369 11735658 0 0 1253376
1073152 9121101 9120842 11791659 0 0 1257472
1691648 9163869 9163456 11846802 0 0 2035712
1748992 9204624 9204224 11899173 0 0 2031616
1384448 9252309 9251977 11960553 0 0 1642496
1105920 9298311 9298071 12019755 0 0 1257472
1769472 9347943 9347442 12083544 0 0 1945600
1146880 9397542 9397272 12147366 0 0 1306624
1036288 9440112 9439876 12202113 0 0 1306624
1019904 9481164 9480938 12254946 0 0 1253376
806912 9528585 9528345 12316029 0 0 1294336
917504 9572178 9571959 12372195 0 0 1142784
1708032 9613659 9613266 12425523 0 0 2031616
1167360 9659397 9659138 12484296 0 0 1298432
1114112 9701274 9701077 12538284 0 0 1302528
1126400 9742590 9742423 12591381 0 0 1298432
1142784 9786480 9786148 12647712 0 0 1302528
1703936 9831723 9831271 12706056 0 0 1994752
1802240 9871224 9870759 12756876 0 0 1990656
1101824 9913761 9913569 12811656 0 0 1253376
847872 9961809 9961634 12873432 0 0 1298432
1622016 10002531 10002154 12925803 0 0 1994752
1056768 10043022 10042725 12977877 0 0 1298432
1130496 10090773 10090497 13039323 0 0 1302528
1028096 10126017 10125792 13084863 0 0 1003520
1077248 10163670 10163458 13133538 0 0 1302528
1576960 10210431 10210017 13193829 0 0 2035712
1007616 10253265 10252999 13249005 0 0 1298432
876544 10295241 10295036 13303158 0 0 1081344
1810432 10341606 10341201 13362855 0 0 1998848
1044480 10382559 10382309 13415589 0 0 1298432
987136 10423215 10422985 13468059 0 0 1302528
1089536 10466610 10466361 13523994 0 0 1294336
1081344 10512480 10512187 13583097 0 0 1302528
946176 10553400 10553168 13635897 0 0 1302528
1908736 10598016 10597555 13693350 0 0 2048000
1073152 10645701 10645427 13754829 0 0 1302528
1253376 10686324 10686098 13807200 0 0 1302528
1683456 10729455 10729047 13862739 0 0 1941504
1081344 10777107 10776875 13924185 0 0 1253376
909312 10818423 10818275 13977546 0 0 1085440
1056768 10861455 10861207 14032920 0 0 1294336
917504 10908546 10908310 14093541 0 0 1302528
1101824 10951611 10951370 14149080 0 0 1298432
557056 10993455 10993286 14203101 0 0 921600
1052672 11040810 11040619 14264151 0 0 1302528
970752 11082093 11081826 14317281 0 0 1298432
1118208 11125191 11124964 14372820 0 0 1298432
1232896 11168553 11168305 14428722 0 0 1306624
1179648 11213796 11213555 14487033 0 0 1290240
1368064 11253198 11252944 14537853 0 0 1302528
1101824 11295075 11294847 14591841 0 0 1253376
770048 11340285 11340037 14650119 0 0 1298432
1089536 11382789 11382529 14704866 0 0 1298432
1835008 11425227 11424824 14759613 0 0 1990656
684032 11470569 11470271 14817891 0 0 921600
1605632 11514756 11514360 14875047 0 0 1941504
1646592 11555742 11555284 14927880 0 0 1998848
1110016 11603691 11603478 14989689 0 0 1257472
1417216 11647020 11646704 15045591 0 0 1658880
917504 11679558 11679325 15087864 0 0 1298432
1601536 11726880 11726448 15148914 0 0 2035712
1818624 11769714 11769229 15204057 0 0 2027520
1118208 11811855 11811548 15258441 0 0 1302528
1196032 11857956 11857703 15317907 0 0 1302528
765952 11902836 11902702 15375822 0 0 921600
1236992 11943492 11943249 15428193 0 0 1302528
897024 11984346 11984157 15480960 0 0 1302528
1101824 12032097 12031859 15542373 0 0 1298432
946176 12072984 12072794 15595206 0 0 1253376
741376 12114333 12114123 15648567 0 0 1056768
1814528 12161985 12161546 15709848 0 0 1953792
966656 12202905 12202651 15762681 0 0 1298432
929792 12244749 12244548 15816669 0 0 1257472
1568768 12292434 12292054 15878049 0 0 1986560
1777664 12334014 12333600 15931674 0 0 1982464
1867776 12376782 12376361 15986817 0 0 1933312
1814528 12425094 12424686 16049022 0 0 2056192
1781760 12466047 12465589 16101789 0 0 1933312
1294336 12505746 12505500 16152972 0 0 1290240
1232896 12550461 12550180 16210524 0 0 1306624
737280 12593460 12593312 16266063 0 0 966656
1150976 12634116 12633828 16318434 0 0 1302528
1011712 12676554 12676315 16373148 0 0 1298432
774144 12721533 12721363 16431228 0 0 999424
1806336 12761496 12761134 16482675 0 0 1945600
1110016 12803439 12803127 16536630 0 0 1253376
1679360 12850464 12850055 16597317 0 0 1941504
1126400 12891417 12891210 16650117 0 0 1302528
1064960 12932403 12932141 16702917 0 0 1298432
1662976 12978471 12978108 16762416 0 0 2031616
1036288 13021371 13021087 16817559 0 0 1253376
1949696 13064106 13063707 16872702 0 0 2031616
1110016 13109646 13109433 16931376 0 0 1302528
1609728 13151193 13150809 16984935 0 0 2052096
1118208 13187361 13187163 17031894 0 0 1302528
954368 13235145 13234886 17093373 0 0 1294336
995328 13278837 13278611 17149704 0 0 1302528
1318912 13321737 13321427 17204847 0 0 1298432
999424 13365495 13365208 17261211 0 0 1257472
991232 13414203 13413929 17323911 0 0 1134592
909312 13458522 13458258 17380902 0 0 1294336
995328 13500168 13499872 17434428 0 0 1302528
1085440 13547556 13547364 17495445 0 0 1298432
1581056 13589862 13589409 17549862 0 0 1990656
1835008 13633026 13632670 17605401 0 0 1998848
856064 13679688 13679484 17665428 0 0 1081344
811008 13722324 13722074 17720175 0 0 1159168
868352 13765059 13764844 17775186 0 0 1245184
1105920 13812249 13812027 17835840 0 0 1253376
1155072 13854192 13853946 17889828 0 0 1302528
1372160 13898643 13898205 17946951 0 0 2056192
1048576 13944876 13944618 18006450 0 0 1257472
1654784 13989591 13989156 18063969 0 0 2031616
1155072 14033283 14032940 18120135 0 0 1630208
1159168 14075655 14075398 18174618 0 0 1302528
888832 14124066 14123782 18236889 0 0 1294336
851968 14166900 14166663 18292032 0 0 1298432
1126400 14210097 14209855 18347571 0 0 1294336
1212416 14259663 14259463 18411393 0 0 1298432
1130496 14312067 14311829 18478746 0 0 1306624
954368 14354934 14354674 18533856 0 0 1294336
1835008 14402421 14402037 18594972 0 0 1990656
1511424 14444661 14444250 18649323 0 0 1941504
1052672 14485812 14485492 18702123 0 0 1302528
1171456 14534421 14534224 18764757 0 0 1257472
1032192 14575506 14575174 18817557 0 0 1253376
987136 14616789 14616528 18870720 0 0 1302528
1064960 14664243 14664059 18931737 0 0 1298432
1888256 14708034 14707680 18988068 0 0 2002944
1159168 14740242 14739997 19029912 0 0 1253376
1007616 14783670 14783427 19085913 0 0 1286144
778240 14830761 14830514 19146534 0 0 1298432
1187840 14874156 14873903 19202469 0 0 1257472
880640 14916627 14916394 19257282 0 0 1298432
1900544 14964939 14964503 19319520 0 0 2039808
2031616 15005859 15005388 19372320 0 0 2002944
1007616 15050211 15049956 19429476 0 0 1253376
905216 15098193 15097922 19491285 0 0 1294336
1003520 15140928 15140716 19546428 0 0 1298432
1269760 15181023 15180806 19598040 0 0 1302528
1564672 15229005 15228515 19659915 0 0 1986560
1179648 15270552 15270414 19713474 0 0 921600
1630208 15313683 15313228 19768980 0 0 1990656
983040 15360741 15360459 19829601 0 0 1253376
1839104 15403509 15403072 19884810 0 0 1941504
1019904 15444759 15444505 19937973 0 0 1294336
1224704 15489375 15489150 19995492 0 0 1253376
1171456 15533034 15532781 20051790 0 0 1257472
929792 15575637 15575383 20106768 0 0 1085440
1069056 15618999 15618812 20162604 0 0 925696
1716224 15666288 15665883 20223621 0 0 2035712
1867776 15707934 15707423 20277246 0 0 1990656
1191936 15752517 15752266 20334699 0 0 1253376
1138688 15801093 15800886 20397267 0 0 1298432
1134592 15844818 15844496 20453664 0 0 1302528
1515520 15885738 15885273 20506398 0 0 2027520
827392 15933126 15932894 20567448 0 0 1298432
1028096 15975003 15974735 20621436 0 0 1253376
1687552 16016517 16016058 20674962 0 0 1990656
1024000 16062354 16062104 20734098 0 0 1294336
1171456 16105782 16105553 20790000 0 0 1253376
1200128 16147956 16147667 20844351 0 0 1253376
1126400 16191681 16191402 20900649 0 0 1257472
966656 16235967 16235711 20957838 0 0 1306624
1761280 16269924 16269506 21002025 0 0 2048000
1056768 16312428 16312208 21056772 0 0 1306624
1724416 16360146 16359767 21118218 0 0 1990656
1171456 16402914 16402727 21173361 0 0 1306624
1679360 16444263 16443772 21226524 0 0 2035712
1761280 16490958 16490570 21286716 0 0 1974272
1708032 16533198 16532713 21341100 0 0 2035712
1044480 16576923 16576686 21397497 0 0 1306624
1093632 16624014 16623738 21458184 0 0 1298432
1171456 16666485 16666257 21512898 0 0 1306624
966656 16706877 16706563 21564873 0 0 1298432
1818624 16753275 16752863 21624801 0 0 1945600
1040384 16793997 16793771 21677172 0 0 1253376
966656 16834620 16834419 21729576 0 0 1298432
1024000 16878642 16878375 21786270 0 0 1257472
1941504 16923885 16923409 21844482 0 0 1986560
1130496 16965762 16965527 21898437 0 0 1298432
1040384 17007342 17007079 21952029 0 0 1306624
1081344 17054400 17054126 22012749 0 0 1257472
1212416 17094759 17094472 22064724 0 0 1257472
991232 17137857 17137656 22120230 0 0 1290240
1040384 17185245 17184989 22181346 0 0 1306624
1605632 17225571 17225090 22233321 0 0 2048000
950272 17266821 17266627 22286451 0 0 1257472
1155072 17312724 17312523 22345620 0 0 1253376
962560 17356482 17356230 22401951 0 0 1302528
1167360 17397732 17397470 22455114 0 0 1298432
1052672 17445087 17444895 22516230 0 0 1253376
1196032 17485479 17485269 22568205 0 0 1306624
1798144 17527092 17526659 22621764 0 0 1990656
1306624 17570817 17570554 22678128 0 0 1257472
1138688 17613618 17613416 22733304 0 0 1302528
1056768 17653977 17653744 22785279 0 0 1298432
1687552 17695524 17695148 22838871 0 0 1945600
1024000 17740437 17740241 22896819 0 0 1257472
1290240 17773899 17773634 22940247 0 0 1298432
958464 17814819 17814638 22993212 0 0 1085440
1703936 17862570 17862158 23054856 0 0 1986560
1269760 17905272 17905068 23109900 0 0 1253376
1310720 17947677 17947424 23164647 0 0 1298432
1294336 17996418 17996185 23227710 0 0 1290240
1056768 18036744 18036463 23279751 0 0 1257472
983040 18078819 18078637 23334267 0 0 1081344
1228800 18126603 18126328 23395977 0 0 1302528
929792 18167193 18167000 23448480 0 0 1052672
1253376 18207288 18207091 23500323 0 0 1306624
1372160 18253026 18252819 23559426 0 0 1298432
1085440 18302625 18302444 23623611 0 0 1253376
1228800 18344733 18344493 23677962 0 0 1306624
1253376 18386148 18385903 23731554 0 0 1298432
1732608 18432513 18432049 23791383 0 0 2039808
1118208 18473631 18473347 23844612 0 0 1294336
806912 18513528 18513355 23896158 0 0 921600
1101824 18559827 18559575 23956020 0 0 1298432
1564672 18600912 18600502 24009249 0 0 2007040
1036288 18643020 18642694 24063633 0 0 1302528
1847296 18688923 18688542 24123033 0 0 1896448
1789952 18731064 18730603 24177384 0 0 1994752
1736704 18773667 18773283 24232560 0 0 1990656
991232 18820626 18820424 24293214 0 0 1253376
1105920 18861183 18860906 24345651 0 0 1306624
1015808 18903192 18902952 24400035 0 0 1298432
1142784 18946158 18945891 24455508 0 0 1253376
1839104 18989388 18988981 24511443 0 0 1990656
1736704 19031166 19030682 24565464 0 0 2027520
880640 19073274 19073114 24619914 0 0 917504
868352 19119540 19119411 24679776 0 0 921600
1236992 19161252 19160970 24733665 0 0 1302528
1241088 19202700 19202446 24787224 0 0 1302528
1028096 19249263 19249115 24847548 0 0 1253376
1261568 19290777 19290507 24901140 0 0 1302528
1163264 19323480 19323273 24943776 0 0 1302528
1531904 19370373 19369982 25004397 0 0 1748992
1273856 19413702 19413466 25060431 0 0 1302528
1003520 19457031 19456773 25116366 0 0 1306624
1118208 19504881 19504624 25178208 0 0 1302528
1101824 19546065 19545782 25231371 0 0 1204224
1761280 19587183 19586752 25284501 0 0 1945600
1212416 19631766 19631523 25342020 0 0 1253376
1785856 19674732 19674303 25397592 0 0 1945600
1933312 19716477 19716114 25451547 0 0 1966080
1052672 19759212 19758964 25506756 0 0 1253376
1126400 19805280 19805062 25566189 0 0 1253376
1126400 19846794 19846504 25619748 0 0 1302528
983040 19887648 19887356 25672515 0 0 1302528
1257472 19934871 19934648 25733565 0 0 1302528
1683456 19977309 19976844 25788312 0 0 1982464
1773568 20017206 20016765 25839957 0 0 2035712
1200128 20064462 20064210 25901007 0 0 1302528
999424 20106273 20105974 25954929 0 0 1298432
1261568 20147160 20146864 26007729 0 0 1302528
1769472 20195901 20195490 26070759 0 0 2039808
1273856 20238306 20238018 26125506 0 0 1253376
901120 20280975 20280843 26180649 0 0 921600
1277952 20326713 20326458 26239719 0 0 1302528
1273856 20370636 20370357 26296446 0 0 1236992
1261568 20411193 20410970 26348817 0 0 1302528
1196032 20454753 20454564 26405181 0 0 1294336
1220608 20502306 20502061 26466594 0 0 1298432
1032192 20543820 20543589 26520120 0 0 1302528
1183744 20587413 20587176 26576550 0 0 1302528
1961984 20633745 20633351 26636379 0 0 2031616
1720320 20675259 20674812 26689938 0 0 2048000
1089536 20716740 20716492 26743497 0 0 1298432
1110016 20762181 20761919 26802204 0 0 1298432
1126400 20803002 20802762 26854938 0 0 1257472
1048576 20836629 20836435 26898795 0 0 1253376
1699840 20884809 20884375 26961000 0 0 2035712
1859584 20926257 20925825 27014592 0 0 2052096
1585152 20968035 20967826 27068547 0 0 1253376
1114112 21013509 21013229 27127221 0 0 1298432
1220608 21055254 21055036 27181209 0 0 1302528
1118208 21095844 21095567 27233580 0 0 1253376
1818624 21140295 21139905 27291066 0 0 1986560
1777664 21185505 21185012 27349410 0 0 1941504
860160 21227580 21227404 27403761 0 0 921600
1724416 21269292 21268925 27457683 0 0 1986560
1716224 21316020 21315550 27517974 0 0 1990656
1933312 21357732 21357317 27571995 0 0 1945600
1175552 21400137 21399882 27626808 0 0 1302528
1126400 21446469 21446216 27686637 0 0 1253376
1142784 21487059 21486798 27739041 0 0 1306624
1056768 21529134 21528884 27793458 0 0 1245184
1073152 21576126 21575864 27854046 0 0 1257472
1884160 21617838 21617379 27908034 0 0 2031616
1196032 21659649 21659366 27962022 0 0 1302528
1097728 21706311 21706009 28022313 0 0 1298432
1048576 21750498 21750253 28079436 0 0 1298432
933888 21791385 21791227 28132236 0 0 921600
1908736 21834054 21833690 28187379 0 0 1748992
1269760 21878274 21878011 28244502 0 0 1257472
1089536 21920382 21920204 28299018 0 0 1126400
1159168 21961797 21961590 28352412 0 0 1298432
999424 22007898 22007587 28411911 0 0 1306624
1126400 22049643 22049395 28465965 0 0 1253376
1134592 22089870 22089653 28517940 0 0 1257472
1130496 22137786 22137507 28579716 0 0 1298432
1552384 22180488 22180057 28634859 0 0 1986560
1736704 22222827 22222397 28689606 0 0 1802240
1884160 22271634 22271244 28752603 0 0 1986560
1785856 22314963 22314498 28808637 0 0 2031616
