1187840 3498 3294 4818 0 0 1175552
1728512 47421 47001 61743 0 0 1859584
1187840 81015 80802 105369 0 0 1212416
1646592 115236 114829 149721 0 0 1855488
1085440 148632 148422 193215 0 0 1179648
2015232 184536 184103 239778 0 0 1961984
1097728 213906 213681 277794 0 0 1175552
1040384 252945 252721 328614 0 0 1220608
991232 288387 288122 374517 0 0 1220608
1806336 329175 328799 427581 0 0 1925120
1617920 367917 367564 477774 0 0 1671168
995328 404448 404237 525228 0 0 1200128
1748992 432795 432409 561957 0 0 1900544
1990656 468831 468446 608718 0 0 1929216
1966080 498498 498065 647229 0 0 1978368
1310720 529881 529575 687951 0 0 1576960
1773568 562683 562231 730554 0 0 1929216
1708032 593901 593405 770979 0 0 1953792
1261568 625053 624811 811404 0 0 1224704
1929216 667425 667003 866448 0 0 1904640
1134592 700095 699893 908919 0 0 1204224
1904640 739761 739299 960366 0 0 1859584
1667072 780318 779910 1012968 0 0 1835008
1142784 819093 818907 1063326 0 0 1171456
1667072 853017 852574 1107315 0 0 1863680
1765376 890010 889543 1155231 0 0 1966080
962560 922152 921930 1197075 0 0 1052672
847872 963600 963447 1250898 0 0 1056768
1093632 998019 997813 1295514 0 0 1175552
1232896 1038411 1038101 1347720 0 0 1196032
1359872 1074381 1074099 1394514 0 0 1212416
1011712 1112232 1111979 1443618 0 0 1216512
954368 1146222 1146025 1487772 0 0 1032192
1200128 1186416 1186170 1539912 0 0 1220608
1798144 1222485 1221995 1586574 0 0 1859584
757760 1267035 1266868 1644423 0 0 888832
1724416 1306932 1306529 1696299 0 0 1908736
1187840 1345707 1345423 1746558 0 0 1216512
2023424 1382040 1381567 1793715 0 0 1941504
1028096 1420188 1419913 1843182 0 0 1212416
1871872 1453485 1453008 1886412 0 0 1904640
1781760 1494669 1494253 1939806 0 0 1953792
1785856 1522686 1522224 1976469 0 0 1990656
2011136 1561923 1561479 2027322 0 0 2039808
1695744 1595451 1595019 2070618 0 0 1937408
1306624 1631982 1631704 2117907 0 0 1302528
1232896 1666401 1666162 2162424 0 0 1306624
1191936 1702668 1702368 2209317 0 0 1306624
1966080 1737054 1736632 2253834 0 0 2007040
1978368 1772100 1771639 2299176 0 0 2039808
1638400 1804341 1803946 2340789 0 0 1990656
1142784 1842225 1841864 2389662 0 0 1310720
1871872 1880208 1879759 2438766 0 0 2002944
1703936 1924428 1924034 2495724 0 0 2039808
1789952 1957923 1957496 2538921 0 0 1949696
1462272 1998183 1997906 2590830 0 0 1310720
1216512 2038080 2037892 2642244 0 0 1306624
1024000 2084148 2083904 2701578 0 0 1302528
1265664 2124705 2124465 2753817 0 0 1306624
1957888 2164635 2164149 2805330 0 0 1990656
1658880 2199648 2199233 2850540 0 0 1998848
1892352 2228061 2227643 2887599 0 0 2031616
1130496 2262183 2261877 2931720 0 0 1310720
1150976 2307558 2307296 2990427 0 0 1257472
1417216 2344650 2344395 3038475 0 0 1310720
1724416 2384151 2383780 3089625 0 0 1826816
1122304 2430153 2429966 3149223 0 0 1306624
1019904 2481666 2481504 3215850 0 0 884736
1691648 2526348 2525911 3273567 0 0 2039808
1867776 2566179 2565724 3325080 0 0 2043904
1216512 2601225 2600995 3370389 0 0 1138688
1806336 2641023 2640608 3421737 0 0 1994752
1286144 2689698 2689396 3484536 0 0 1306624
1708032 2720421 2719982 3524235 0 0 1990656
1146880 2747712 2747528 3559710 0 0 1302528
1933312 2777247 2776784 3597693 0 0 1994752
1232896 2809752 2809565 3639735 0 0 1306624
1888256 2838363 2837929 3676728 0 0 1990656
1134592 2869713 2869481 3717252 0 0 1261568
1089536 2900106 2899853 3756522 0 0 1310720
1142784 2925978 2925685 3789885 0 0 1302528
1679360 2954589 2954080 3826845 0 0 2048000
1277952 2981616 2981361 3861792 0 0 1306624
1224704 3009072 3008810 3897399 0 0 1249280
1785856 3034185 3033759 3929805 0 0 2039808
1798144 3062466 3062078 3966336 0 0 1949696
1191936 3089295 3089019 4000920 0 0 1306624
1683456 3118434 3117993 4038573 0 0 2039808
1937408 3145197 3144791 4073190 0 0 1990656
868352 3173214 3173103 4109325 0 0 876544
983040 3204630 3204409 4149981 0 0 1089536
1609728 3237630 3237296 4192551 0 0 1654784
1216512 3262050 3261777 4224132 0 0 1261568
1073152 3291519 3291288 4262148 0 0 1257472
1089536 3322506 3322285 4302276 0 0 1302528
1875968 3354120 3353735 4343130 0 0 2056192
1134592 3386163 3385929 4384611 0 0 1249280
991232 3417150 3416918 4424673 0 0 1085440
1249280 3449886 3449668 4466913 0 0 1290240
1323008 3497043 3496824 4527798 0 0 1294336
1150976 3530142 3529961 4570632 0 0 1269760
1187840 3571293 3571043 4623696 0 0 1310720
1110016 3616866 3616657 4682568 0 0 1298432
1126400 3650031 3649771 4725402 0 0 1302528
1773568 3683460 3683033 4768665 0 0 1900544
921600 3721542 3721360 4818033 0 0 1003520
1687552 3758733 3758304 4866312 0 0 1986560
1376256 3792789 3792555 4910400 0 0 1253376
950272 3821697 3821457 4947822 0 0 1302528
1265664 3860703 3860381 4998312 0 0 1306624
1196032 3896277 3895997 5044347 0 0 1306624
1216512 3933402 3933100 5092362 0 0 1298432
1826816 3963894 3963385 5131797 0 0 2035712
987136 3993429 3993205 5170176 0 0 1044480
1613824 4025208 4024874 5211294 0 0 1703936
1847296 4055106 4054657 5249904 0 0 1990656
1208320 4093452 4093228 5299569 0 0 1306624
1269760 4128201 4127966 5344482 0 0 1298432
1097728 4156185 4155922 5380683 0 0 1261568
1228800 4186281 4186100 5419788 0 0 1265664
1191936 4216245 4215939 5458365 0 0 1261568
1822720 4245351 4244926 5496183 0 0 1990656
1077248 4273764 4273564 5532945 0 0 1089536
1208320 4303530 4303322 5571423 0 0 1257472
1196032 4332504 4332248 5608845 0 0 1302528
1052672 4361676 4361458 5646729 0 0 1298432
1327104 4389660 4389452 5682864 0 0 1261568
1093632 4419591 4419308 5721672 0 0 1085440
1863680 4461501 4461105 5775825 0 0 1990656
1597440 4506513 4506148 5834070 0 0 1818624
2080768 4535784 4535289 5871954 0 0 1994752
847872 4572612 4572494 5919672 0 0 925696
1822720 4604259 4603810 5960493 0 0 1990656
1138688 4634751 4634501 5999928 0 0 1257472
1339392 4663362 4663101 6036987 0 0 1310720
1245184 4700190 4699965 6084672 0 0 1302528
1134592 4732794 4732545 6126747 0 0 1306624
1536000 4761405 4760921 6163839 0 0 1949696
1798144 4784901 4784474 6194595 0 0 1994752
724992 4819683 4819522 6239574 0 0 925696
675840 4860900 4860707 6292869 0 0 946176
1228800 4894989 4894745 6336924 0 0 1306624
1003520 4923369 4923128 6373521 0 0 1302528
1052672 4953267 4952978 6412098 0 0 1302528
864256 4983858 4983604 6451632 0 0 1040384
851968 5013063 5012895 6489483 0 0 1056768
1789952 5042037 5041569 6526773 0 0 2048000
1589248 5071803 5071427 6565317 0 0 1556480
1228800 5100843 5100532 6602805 0 0 1306624
1142784 5130972 5130717 6641877 0 0 1302528
1089536 5160804 5160524 6680421 0 0 1298432
1789952 5189712 5189285 6717810 0 0 1945600
1028096 5216838 5216602 6753054 0 0 1056768
1708032 5246010 5245644 6790806 0 0 1990656
1003520 5274423 5274193 6827601 0 0 1085440
1900544 5302671 5302231 6864066 0 0 2043904
1138688 5333427 5333156 6903765 0 0 1302528
1359872 5362896 5362697 6942012 0 0 1249280
1093632 5391210 5390974 6978675 0 0 1302528
1818624 5422626 5422176 7019199 0 0 2035712
1732608 5452128 5451711 7057446 0 0 2035712
851968 5481696 5481537 7095825 0 0 1056768
1724416 5510835 5510431 7133445 0 0 1949696
1183744 5540436 5540195 7171659 0 0 1302528
1839104 5568387 5568017 7207893 0 0 2039808
1105920 5598615 5598352 7246899 0 0 1253376
1110016 5630262 5630026 7287819 0 0 1302528
1802240 5659434 5659060 7325637 0 0 2039808
1662976 5689596 5689173 7364709 0 0 1982464
897024 5718306 5718091 7401867 0 0 1032192
1536000 5747709 5747303 7439850 0 0 1708032
1232896 5779389 5779139 7480869 0 0 1257472
1941504 5809518 5809130 7519875 0 0 2048000
1273856 5838492 5838204 7557297 0 0 1306624
1138688 5870139 5869900 7598283 0 0 1306624
1228800 5900004 5899720 7636860 0 0 1306624
942080 5927427 5927247 7672434 0 0 1044480
1789952 5956005 5955560 7709361 0 0 2035712
1224704 5983692 5983491 7745199 0 0 1290240
1044480 6011148 6010801 7780674 0 0 1302528
1343488 6037944 6037642 7815357 0 0 1306624
1036288 6065697 6065478 7851294 0 0 1085440
921600 6093615 6093443 7887429 0 0 925696
1937408 6122853 6122382 7925247 0 0 2052096
712704 6151167 6151022 7961877 0 0 876544
1200128 6179481 6179233 7998540 0 0 1306624
1183744 6210831 6210568 8039064 0 0 1257472
1314816 6241257 6240993 8078532 0 0 1310720
884736 6271980 6271721 8118264 0 0 1302528
1048576 6300591 6300440 8155521 0 0 1007616
1556480 6326331 6325891 8188785 0 0 1990656
1646592 6356823 6356406 8228121 0 0 1990656
987136 6386754 6386556 8266632 0 0 1310720
1708032 6419754 6419355 8309037 0 0 1949696
1781760 6457902 6457506 8358207 0 0 1945600
1687552 6485688 6485288 8393946 0 0 2052096
1163264 6513804 6513571 8430114 0 0 1302528
1933312 6543141 6542716 8467800 0 0 1945600
1662976 6573006 6572614 8506278 0 0 1994752
1839104 6600528 6600045 8541621 0 0 2056192
1728512 6630096 6629679 8579769 0 0 1994752
1056768 6661908 6661644 8620656 0 0 1257472
1187840 6692466 6692197 8659959 0 0 1306624
1601536 6718371 6717951 8693355 0 0 2052096
1724416 6746784 6746329 8729886 0 0 1994752
1835008 6772458 6772048 8762886 0 0 1949696
1744896 6800211 6799819 8798691 0 0 1994752
1863680 6828030 6827589 8834397 0 0 1949696
1667072 6856740 6856315 8871291 0 0 1945600
1236992 6883602 6883358 8905908 0 0 1302528
1851392 6911355 6910990 8941680 0 0 2035712
1130496 6951120 6950887 8992797 0 0 1306624
1236992 6981678 6981435 9032034 0 0 1306624
1748992 7014876 7014487 9074901 0 0 1990656
1249280 7049163 7048900 9118890 0 0 1314816
1810432 7078434 7078017 9156609 0 0 1949696
1077248 7109091 7108831 9196044 0 0 1089536
1159168 7139286 7139011 9234753 0 0 1302528
1200128 7169184 7168915 9273363 0 0 1298432
1282048 7200006 7199794 9312996 0 0 1310720
1687552 7230564 7230160 9352266 0 0 1945600
1773568 7260132 7259745 9390381 0 0 2039808
1712128 7295013 7294614 9435195 0 0 2039808
1163264 7326429 7326226 9475653 0 0 1310720
1863680 7356723 7356263 9514494 0 0 2002944
1196032 7396719 7396431 9565974 0 0 1261568
1183744 7430247 7430065 9609204 0 0 1302528
1564672 7465095 7464651 9653985 0 0 1990656
1449984 7495257 7494883 9692760 0 0 1564672
925696 7537233 7537004 9746847 0 0 1089536
1720320 7574358 7573998 9794664 0 0 1998848
1179648 7604355 7604140 9833208 0 0 1306624
1069056 7634913 7634668 9872445 0 0 1302528
983040 7665768 7665461 9912111 0 0 1302528
1179648 7703982 7703730 9961281 0 0 1306624
1179648 7744308 7744051 10013091 0 0 1257472
1753088 7777572 7777124 10055925 0 0 1990656
671744 7808790 7808601 10096185 0 0 1044480
1683456 7839381 7838913 10135818 0 0 2039808
1097728 7869279 7869066 10174461 0 0 1306624
946176 7900464 7900241 10214556 0 0 1257472
843776 7928349 7928139 10250427 0 0 925696
1114112 7956729 7956512 10287090 0 0 983040
843776 7984482 7984298 10322895 0 0 925696
1617920 8013456 8013073 10360350 0 0 1994752
1077248 8040747 8040434 10395396 0 0 1261568
1638400 8071239 8070769 10434765 0 0 1949696
1130496 8100279 8099985 10472154 0 0 1257472
1736704 8139054 8138582 10522182 0 0 2048000
1011712 8173836 8173549 10567062 0 0 1306624
634880 8209641 8209385 10613328 0 0 1032192
1740800 8236371 8235974 10647846 0 0 1986560
1507328 8267259 8266807 10687611 0 0 1994752
1191936 8292900 8292653 10720677 0 0 1302528
1302528 8320983 8320743 10756911 0 0 1310720
884736 8348142 8347868 10791990 0 0 1302528
1167360 8376555 8376285 10828653 0 0 1302528
806912 8403120 8402958 10862907 0 0 925696
1671168 8433315 8432926 10901913 0 0 2035712
1855488 8461101 8460663 10937784 0 0 2060288
1138688 8491362 8491091 10976757 0 0 1302528
1155072 8527398 8527128 11023254 0 0 1306624
1130496 8569473 8569279 11077638 0 0 1290240
978944 8608281 8608041 11127600 0 0 1298432
1044480 8656197 8655970 11189475 0 0 1302528
1662976 8696226 8695776 11241087 0 0 1994752
1732608 8737476 8737011 11294184 0 0 1990656
720896 8779914 8779722 11349129 0 0 1085440
974848 8827566 8827330 11410575 0 0 1089536
1089536 8869047 8868767 11464002 0 0 1261568
995328 8911782 8911557 11519112 0 0 1306624
1171456 8956926 8956724 11577390 0 0 1261568
1204224 9003060 9002825 11636889 0 0 1306624
983040 9051669 9051373 11699523 0 0 1302528
1122304 9100542 9100228 11762619 0 0 1261568
991232 9149052 9148805 11825253 0 0 1306624
1548288 9195153 9194686 11884752 0 0 2007040
1593344 9237063 9236580 11938707 0 0 1994752
942080 9279237 9279053 11993289 0 0 1085440
1073152 9325536 9325316 12052986 0 0 1302528
1216512 9357381 9357154 12094401 0 0 1257472
860160 9402921 9402669 12152976 0 0 1257472
1150976 9445095 9444857 12207129 0 0 1261568
1044480 9488853 9488603 12263361 0 0 1302528
1183744 9533535 9533283 12320715 0 0 1257472
987136 9572442 9572193 12370776 0 0 1114112
1843200 9617916 9617451 12429120 0 0 1949696
1052672 9657582 9657392 12480204 0 0 1302528
1052672 9700053 9699912 12534951 0 0 1302528
1953792 9735528 9735103 12580458 0 0 2007040
1224704 9776745 9776494 12633390 0 0 1306624
1130496 9814398 9814171 12681768 0 0 1310720
2056192 9857727 9857332 12737604 0 0 1945600
1531904 9895974 9895527 12786774 0 0 2035712
1794048 9934419 9934063 12836241 0 0 1990656
1179648 9974778 9974539 12888084 0 0 1306624
1748992 10017282 10016796 12942765 0 0 2035712
1064960 10065198 10064974 13004442 0 0 1306624
897024 10115952 10115706 13069683 0 0 1310720
1277952 10161822 10161566 13128621 0 0 1261568
1134592 10210035 10209846 13190661 0 0 1302528
1286144 10256829 10256557 13250820 0 0 1306624
1019904 10300818 10300574 13307448 0 0 1306624
1634304 10342695 10342294 13361271 0 0 1785856
978944 10388532 10388331 13420374 0 0 1085440
1097728 10431234 10431023 13475220 0 0 1257472
991232 10474728 10474433 13531023 0 0 1302528
1126400 10517793 10517543 13586397 0 0 1302528
1290240 10561485 10561202 13642629 0 0 1306624
655360 10601151 10601057 13693713 0 0 925696
1114112 10643358 10643127 13747866 0 0 1302528
708608 10682793 10682584 13798620 0 0 925696
1703936 10722756 10722365 13850067 0 0 1998848
1458176 10766712 10766311 13906596 0 0 1675264
1171456 10806807 10806590 13958142 0 0 1306624
909312 10848420 10848092 14011635 0 0 1310720
1163264 10885743 10885504 14060013 0 0 1302528
987136 10928478 10928255 14115189 0 0 1085440
1060864 10965603 10965375 14162940 0 0 1302528
1765376 11000682 11000249 14208183 0 0 1990656
974848 11039820 11039560 14258574 0 0 1089536
2027520 11080278 11079879 14310714 0 0 1994752
1433600 11124168 11123808 14367243 0 0 1708032
1298432 11165979 11165740 14421033 0 0 1306624
1171456 11207460 11207222 14474592 0 0 1261568
1081344 11245344 11245116 14523432 0 0 1134592
1216512 11284548 11284328 14573955 0 0 1302528
1126400 11322795 11322580 14623191 0 0 1085440
1171456 11369325 11369062 14683152 0 0 1257472
1794048 11409255 11408793 14734599 0 0 1990656
2035712 11449449 11449027 14786475 0 0 1994752
1028096 11485188 11484917 14832477 0 0 1306624
1171456 11530629 11530392 14891019 0 0 1257472
1757184 11573001 11572575 14945634 0 0 1945600
1277952 11613261 11613002 14997576 0 0 1261568
1015808 11655072 11654793 15051300 0 0 1257472
1138688 11698896 11698712 15107961 0 0 1306624
1753088 11740278 11739943 15161322 0 0 1753088
1224704 11784102 11783845 15217818 0 0 1245184
1126400 11823339 11823089 15268275 0 0 1306624
1044480 11869110 11868791 15327213 0 0 1302528
1454080 11908545 11908253 15378198 0 0 1593344
1191936 11953425 11953174 15436014 0 0 1302528
1822720 11993421 11992965 15487461 0 0 2035712
1908736 12037245 12036834 15544056 0 0 1945600
1134592 12076020 12075763 15593952 0 0 1302528
1089536 12122913 12122657 15654540 0 0 1302528
1175552 12167100 12166864 15711465 0 0 1261568
1228800 12215907 12215611 15774363 0 0 1204224
1241088 12262866 12262619 15834852 0 0 1306624
1826816 12311904 12311423 15898113 0 0 1994752
1839104 12360975 12360559 15961275 0 0 1945600
729088 12407043 12406857 16020840 0 0 1007616
1949696 12442782 12442353 16067172 0 0 1994752
1978368 12491622 12491173 16130235 0 0 1994752
1679360 12541617 12541162 16194882 0 0 1994752
937984 12588576 12588320 16255536 0 0 1298432
1134592 12634050 12633799 16314276 0 0 1302528
1830912 12673980 12673546 16365888 0 0 2039808
1851392 12707508 12707136 16409283 0 0 1994752
1851392 12748362 12747941 16461852 0 0 2039808
860160 12789216 12788996 16514652 0 0 1085440
888832 12835218 12834964 16574019 0 0 1089536
1015808 12875940 12875673 16626522 0 0 1261568
1126400 12916167 12915908 16678332 0 0 1261568
995328 12952665 12952418 16725489 0 0 1257472
1339392 12994344 12994163 16779345 0 0 1302528
1884160 13034241 13033818 16830792 0 0 1945600
1744896 13077834 13077382 16887024 0 0 1994752
1036288 13119315 13119087 16940649 0 0 1142784
925696 13160763 13160424 16994043 0 0 1204224
1118208 13195050 13194775 17038263 0 0 1257472
1011712 13235838 13235512 17090898 0 0 1302528
1179648 13268112 13267890 17132577 0 0 1261568
1146880 13308900 13308675 17185245 0 0 1302528
1134592 13345101 13344900 17232006 0 0 1257472
884736 13386318 13386136 17285268 0 0 1044480
1044480 13421562 13421311 17330643 0 0 1302528
1064960 13459413 13459200 17379516 0 0 1089536
1806336 13497066 13496646 17428125 0 0 2043904
1654784 13537590 13537150 17480331 0 0 1986560
1138688 13575309 13575139 17529072 0 0 1257472
1277952 13614612 13614409 17579760 0 0 1302528
1253376 13649691 13649367 17624937 0 0 1302528
1695744 13689588 13689104 17676384 0 0 1945600
1794048 13726020 13725659 17723508 0 0 2052096
1187840 13767435 13767175 17776968 0 0 1302528
1781760 13807629 13807206 17828844 0 0 2039808
1138688 13849968 13849710 17883525 0 0 1261568
1720320 13887720 13887264 17932233 0 0 1949696
1789952 13928508 13928098 17984835 0 0 1994752
598016 13960122 13959977 18025986 0 0 1056768
954368 14001042 14000799 18078720 0 0 1306624
1224704 14032854 14032601 18120168 0 0 1306624
1101824 14076810 14076605 18177027 0 0 1142784
1146880 14116410 14116121 18228045 0 0 1302528
1687552 14158650 14158252 18282825 0 0 2002944
1097728 14195247 14195037 18330081 0 0 1261568
1187840 14236134 14235892 18382848 0 0 1302528
1105920 14278473 14278255 18437694 0 0 1261568
1175552 14319030 14318809 18489999 0 0 1257472
1298432 14355363 14355038 18536925 0 0 1310720
1617920 14395854 14395384 18589296 0 0 1990656
1695744 14432748 14432298 18636981 0 0 1937408
1101824 14473305 14473094 18689385 0 0 1302528
1007616 14511090 14510876 18738225 0 0 1208320
1048576 14552571 14552349 18791784 0 0 1298432
872448 14590752 14590527 18841185 0 0 1138688
1863680 14631804 14631410 18894249 0 0 1994752
765952 14668005 14667705 18940944 0 0 1318912
983040 14709684 14709453 18994866 0 0 1089536
1236992 14740671 14740476 19034862 0 0 1257472
1867776 14783010 14782607 19089609 0 0 2002944
1232896 14818122 14817881 19134918 0 0 1302528
1331200 14860494 14860212 19189698 0 0 1257472
1925120 14897388 14896957 19237317 0 0 2039808
937984 14938605 14938395 19290678 0 0 1085440
1736704 14974179 14973761 19336614 0 0 1994752
1085440 15015429 15015196 19390008 0 0 1089536
1060864 15052224 15052025 19437396 0 0 1302528
1777664 15093705 15093205 19491021 0 0 1949696
1060864 15128454 15128257 19535934 0 0 1257472
1286144 15172641 15172455 19593057 0 0 1249280
1372160 15213099 15212786 19645329 0 0 1617920
1806336 15254382 15253958 19698624 0 0 1949696
1654784 15287943 15287467 19741920 0 0 1990656
1490944 15330480 15330155 19796997 0 0 1753088
1724416 15370245 15369847 19848312 0 0 1945600
1105920 15410175 15409939 19899891 0 0 1302528
1257472 15447729 15447435 19948401 0 0 1257472
1183744 15488550 15488323 20001168 0 0 1257472
1101824 15524817 15524575 20048061 0 0 1310720
1032192 15564318 15564003 20099277 0 0 1306624
1642496 15596922 15596511 20141418 0 0 2031616
786432 15629955 15629821 20184021 0 0 925696
1409024 15657444 15657010 20219430 0 0 1941504
1200128 15692589 15692287 20264739 0 0 1257472
1658880 15725589 15725175 20307309 0 0 1916928
1564672 15757995 15757526 20349087 0 0 1990656
1716224 15783669 15783180 20382153 0 0 2007040
921600 15815679 15815445 20423469 0 0 1253376
1130496 15844752 15844503 20460858 0 0 1302528
909312 15876597 15876363 20502009 0 0 1085440
1163264 15903657 15903406 20536923 0 0 1257472
1712128 15937218 15936810 20580285 0 0 1949696
1142784 15965697 15965402 20616882 0 0 1253376
897024 15997971 15997875 20658594 0 0 925696
761856 16028001 16027802 20697402 0 0 1081344
950272 16061793 16061542 20741028 0 0 1261568
946176 16088688 16088401 20775678 0 0 1310720
970752 16121622 16121427 20818182 0 0 1257472
1097728 16150662 16150429 20855571 0 0 1261568
1126400 16187028 16186764 20902497 0 0 1261568
1642496 16216035 16215685 20939853 0 0 1785856
1077248 16247451 16247267 20980476 0 0 1310720
770048 16276227 16276068 21017667 0 0 1040384
1593344 16309194 16308773 21060039 0 0 2043904
1146880 16336386 16336129 21095151 0 0 1306624
1728512 16368462 16368015 21136533 0 0 2035712
1183744 16396182 16395997 21172272 0 0 1261568
1093632 16431030 16430765 21217218 0 0 1306624
1658880 16460334 16459871 21255003 0 0 2052096
1941504 16495446 16495062 21300378 0 0 2039808
1613824 16522935 16522448 21335820 0 0 1990656
1122304 16553229 16552940 21374859 0 0 1298432
1015808 16579431 16579178 21408717 0 0 1298432
1548288 16612728 16612277 21451650 0 0 1990656
1646592 16638336 16637909 21484749 0 0 2043904
2011136 16670082 16669672 21525735 0 0 1994752
835584 16694931 16694711 21557811 0 0 1089536
1138688 16725357 16725128 21596982 0 0 1257472
1126400 16752549 16752316 21632061 0 0 1306624
1826816 16787958 16787541 21677733 0 0 2035712
1318912 16813302 16813063 21710469 0 0 1302528
1847296 16847193 16846732 21754161 0 0 2052096
1339392 16873692 16873334 21788415 0 0 1708032
1028096 16904580 16904352 21828246 0 0 1310720
1208320 16932399 16932174 21864117 0 0 1257472
1769472 16965069 16964668 21906291 0 0 2052096
913408 16991733 16991499 21940710 0 0 1089536
1216512 17023281 17022962 21981333 0 0 1515520
1007616 17048163 17047858 22013376 0 0 1257472
1699840 17071725 17071268 22044132 0 0 1998848
1744896 17099445 17099055 22080069 0 0 1990656
966656 17129475 17129243 22118745 0 0 1126400
1884160 17154984 17154562 22151712 0 0 1990656
1118208 17187588 17187361 22193853 0 0 1306624
921600 17213889 17213681 22227777 0 0 995328
643072 17244381 17244218 22267245 0 0 999424
1220608 17271474 17271200 22302159 0 0 1310720
1048576 17301669 17301424 22341165 0 0 1306624
1617920 17326683 17326278 22373439 0 0 1994752
2203648 17358099 17357646 22414029 0 0 2039808
1155072 17383146 17382926 22446303 0 0 1257472
1163264 17419215 17418943 22492767 0 0 1261568
1626112 17445153 17444652 22526328 0 0 2007040
884736 17476008 17475861 22566192 0 0 983040
1130496 17501352 17501093 22598730 0 0 1306624
1966080 17532768 17532302 22639353 0 0 2043904
1929216 17559036 17558583 22673277 0 0 2039808
1662976 17592036 17591586 22715715 0 0 1990656
1765376 17619525 17619083 22751190 0 0 2035712
1462272 17655561 17655219 22797753 0 0 1576960
1118208 17682720 17682447 22832733 0 0 1306624
1175552 17712255 17712065 22870947 0 0 1302528
970752 17739183 17738933 22905696 0 0 1302528
1843200 17775549 17775117 22952523 0 0 2060288
1847296 17805447 17805047 22991133 0 0 2039808
835584 17838480 17838354 23033703 0 0 925696
655360 17865078 17864877 23068056 0 0 1089536
1998848 17895867 17895446 23107689 0 0 2056192
1015808 17923653 17923380 23143593 0 0 1290240
1114112 17948469 17948225 23175933 0 0 1261568
1626112 17973747 17973357 23208471 0 0 2035712
1675264 18004635 18004192 23248170 0 0 1990656
901120 18031266 18031049 23282556 0 0 1134592
1757184 18061692 18061271 23321694 0 0 2043904
1183744 18088884 18088616 23356707 0 0 1306624
1163264 18120663 18120394 23397594 0 0 1306624
1097728 18146304 18145989 23430561 0 0 1302528
1851392 18178050 18177599 23471448 0 0 2035712
1200128 18203691 18203451 23504481 0 0 1306624
1232896 18234183 18233903 23543751 0 0 1257472
1900544 18266886 18266420 23585793 0 0 2011136
1847296 18298632 18298183 23626647 0 0 2039808
1261568 18323679 18323423 23658921 0 0 1261568
1056768 18354534 18354227 23698521 0 0 1302528
1622016 18383178 18382769 23735481 0 0 1990656
1306624 18414396 18414091 23775609 0 0 1310720
1855488 18442479 18441944 23811678 0 0 2048000
1814528 18477228 18476817 23856525 0 0 2035712
1036288 18503826 18503515 23890713 0 0 1306624
1085440 18536793 18536532 23933085 0 0 1302528
991232 18563325 18563057 23967306 0 0 1257472
1126400 18594774 18594553 24007764 0 0 1261568
1110016 18620415 18620201 24040764 0 0 1257472
946176 18651633 18651430 24080991 0 0 1146880
942080 18677274 18677081 24113958 0 0 1081344
905216 18709911 18709654 24155868 0 0 937984
1114112 18737928 18737710 24191937 0 0 1306624
966656 18769707 18769459 24232890 0 0 1261568
1814528 18795348 18794882 24265923 0 0 2011136
1142784 18827457 18827216 24307107 0 0 1302528
1900544 18851580 18851089 24338226 0 0 1998848
1892352 18883062 18882589 24378684 0 0 2039808
1835008 18908406 18908007 24411288 0 0 1945600
1167360 18939558 18939310 24451350 0 0 1302528
1642496 18966387 18965997 24485934 0 0 1949696
1155072 18999387 18999130 24528339 0 0 1306624
1814528 19026282 19025876 24562923 0 0 2043904
1159168 19057467 19057185 24603051 0 0 1310720
1757184 19095021 19094606 24651330 0 0 2035712
1851392 19131948 19131529 24698916 0 0 2043904
1015808 19161549 19161312 24736998 0 0 1257472
1196032 19197552 19197361 24783330 0 0 1261568
933888 19224513 19224292 24818112 0 0 1060864
1740800 19255929 19255530 24858372 0 0 1994752
946176 19284111 19283879 24894672 0 0 1138688
1699840 19325790 19325386 24948396 0 0 1994752
1712128 19353015 19352574 24983376 0 0 2007040
1331200 19391493 19391189 25032909 0 0 1302528
1806336 19419906 19419454 25069440 0 0 1994752
1228800 19453170 19452894 25112307 0 0 1306624
