1056768 5940 5670 7986 0 0 1167360
1191936 62271 62040 81246 0 0 1216512
1056768 116424 116285 151767 0 0 1163264
1155072 170115 169831 221463 0 0 1216512
1191936 223971 223719 291555 0 0 1208320
1171456 277926 277632 361713 0 0 1167360
1134592 331782 331552 431805 0 0 1167360
1220608 385968 385714 502359 0 0 1216512
1613824 439857 439426 572418 0 0 1855488
1093632 494076 493850 642939 0 0 1171456
1564672 550044 549684 715803 0 0 1564672
1069056 603999 603800 785961 0 0 1212416
942080 658251 657990 856449 0 0 1212416
884736 711777 711513 926178 0 0 1167360
1183744 765369 765182 995907 0 0 1216512
1114112 819258 819047 1065999 0 0 1212416
1134592 873477 873249 1136520 0 0 1204224
880640 927069 926845 1206216 0 0 1204224
1097728 981288 981043 1276737 0 0 1216512
1744896 1035441 1034997 1347225 0 0 1896448
995328 1089330 1089089 1417350 0 0 1204224
1130496 1143252 1142952 1487508 0 0 1200128
1187840 1196811 1196611 1557237 0 0 1167360
1069056 1251030 1250785 1627824 0 0 1163264
1138688 1305249 1305011 1698279 0 0 1167360
1220608 1359138 1358868 1768470 0 0 1167360
1232896 1413060 1412846 1838562 0 0 1212416
1183744 1467279 1467037 1909050 0 0 1212416
794624 1514865 1514683 1971189 0 0 917504
1183744 1564596 1564372 2035803 0 0 1298432
962560 1618914 1618619 2106291 0 0 1253376
1261568 1673001 1672762 2176383 0 0 1253376
1024000 1726890 1726651 2246310 0 0 1249280
1372160 1781439 1781180 2316996 0 0 1298432
987136 1835361 1835110 2386857 0 0 1290240
1044480 1889613 1889340 2456982 0 0 1290240
1093632 1943568 1943282 2526678 0 0 1290240
1003520 1997787 1997560 2596737 0 0 1294336
1183744 2052039 2051825 2666862 0 0 1294336
1314816 2105994 2105684 2736591 0 0 1298432
1200128 2159982 2159682 2806287 0 0 1302528
1060864 2214531 2214255 2876808 0 0 1253376
1159168 2268453 2268212 2946504 0 0 1273856
1175552 2322342 2322126 3016299 0 0 1298432
1015808 2376660 2376404 3086358 0 0 1298432
1150976 2430912 2430682 3156516 0 0 1249280
1191936 2484834 2484564 3226245 0 0 1294336
1097728 2539713 2539447 3297129 0 0 1290240
1060864 2593932 2593760 3367353 0 0 1294336
1032192 2648217 2647980 3437412 0 0 1294336
954368 2702766 2702508 3507966 0 0 1294336
999424 2758206 2758020 3579642 0 0 1294336
1138688 2812491 2812244 3649767 0 0 1298432
1728512 2866743 2866309 3719793 0 0 1966080
1150976 2920698 2920491 3789621 0 0 1253376
1007616 2975247 2974952 3860109 0 0 1249280
1097728 3029235 3028982 3929904 0 0 1298432
950272 3072564 3072354 3986400 0 0 1298432
1040384 3126552 3126320 4056228 0 0 1249280
1183744 3180771 3180576 4126551 0 0 1253376
1060864 3235056 3234815 4196841 0 0 1302528
1073152 3289671 3289403 4267560 0 0 1302528
1081344 3343890 3343683 4337850 0 0 1298432
1114112 3397812 3397561 4407612 0 0 1294336
1138688 3451998 3451781 4477671 0 0 1249280
946176 3506316 3506023 4547763 0 0 1294336
1110016 3560469 3560242 4617888 0 0 1249280
1134592 3614358 3614173 4687584 0 0 1249280
1097728 3668610 3668387 4757742 0 0 1294336
1167360 3722829 3722618 4827867 0 0 1298432
1216512 3777345 3777127 4898289 0 0 1298432
978944 3831333 3831033 4968084 0 0 1249280
1150976 3885816 3885535 5038572 0 0 1298432
962560 3940002 3939780 5108730 0 0 1253376
1044480 3994188 3993982 5178822 0 0 1253376
1044480 4049958 4049735 5250960 0 0 1298432
1175552 4104507 4104251 5321448 0 0 1294336
909312 4158396 4158174 5391177 0 0 1249280
1073152 4212615 4212358 5461269 0 0 1294336
1159168 4267197 4266938 5531790 0 0 1253376
1093632 4321449 4321106 5601981 0 0 1302528
966656 4375635 4375374 5672106 0 0 1245184
860160 4429821 4429535 5742198 0 0 1290240
1216512 4484073 4483803 5812323 0 0 1298432
942080 4538292 4538017 5882448 0 0 1298432
1847296 4581621 4581177 5938944 0 0 1994752
1069056 4635543 4635302 6008805 0 0 1298432
958464 4689762 4689520 6079095 0 0 1249280
1028096 4744014 4743798 6149418 0 0 1294336
843776 4798266 4797978 6219675 0 0 1294336
1126400 4852155 4851992 6289536 0 0 1253376
1257472 4906407 4906136 6359925 0 0 1294336
1187840 4960263 4960059 6429819 0 0 1290240
1097728 5014416 5014174 6500076 0 0 1290240
1007616 5068305 5068060 6569970 0 0 1298432
1150976 5122194 5121917 6639831 0 0 1290240
1175552 5176380 5176173 6710154 0 0 1298432
1064960 5230896 5230663 6780906 0 0 1249280
1110016 5285115 5284898 6851196 0 0 1249280
1200128 5339301 5339065 6921387 0 0 1253376
1691648 5393487 5393032 6991776 0 0 1961984
1269760 5447673 5447451 7062066 0 0 1298432
1134592 5501892 5501640 7132389 0 0 1294336
1310720 5556045 5555770 7202679 0 0 1298432
1191936 5610000 5609680 7272639 0 0 1249280
1155072 5664153 5663861 7342896 0 0 1294336
1064960 5718339 5718070 7413186 0 0 1241088
1368064 5772261 5771992 7483113 0 0 1294336
1056768 5826414 5826221 7553436 0 0 1249280
1069056 5880633 5880407 7623693 0 0 1249280
1085440 5934852 5934570 7694016 0 0 1265664
1134592 5988708 5988483 7763910 0 0 1253376
1540096 6042828 6042469 7834233 0 0 1941504
1187840 6085893 6085705 7890399 0 0 1298432
1351680 6139782 6139534 7960227 0 0 1249280
1036288 6194364 6194075 8030979 0 0 1294336
851968 6248220 6247978 8100840 0 0 1294336
1060864 6302472 6302163 8171130 0 0 1302528
868352 6356328 6356114 8241057 0 0 1294336
1036288 6410514 6410285 8311413 0 0 1253376
897024 6464634 6464357 8381604 0 0 1298432
1241088 6518688 6518482 8451894 0 0 1298432
1748992 6572841 6572370 8522217 0 0 1994752
978944 6626631 6626347 8592177 0 0 1245184
946176 6680685 6680398 8662467 0 0 1290240
987136 6734442 6734186 8732328 0 0 1298432
1122304 6788562 6788298 8802651 0 0 1294336
1060864 6842649 6842361 8872941 0 0 1249280
1101824 6896736 6896461 8943231 0 0 1294336
946176 6951153 6950907 9013950 0 0 1265664
1290240 7004613 7004360 9083448 0 0 1294336
1167360 7058403 7058149 9153375 0 0 1298432
1105920 7112787 7112602 9224028 0 0 1290240
1347584 7166874 7166597 9294351 0 0 1298432
1073152 7221027 7220765 9364608 0 0 1298432
1167360 7274751 7274533 9434601 0 0 1249280
1249280 7328574 7328253 9504462 0 0 1249280
1175552 7382958 7382722 9575148 0 0 1302528
970752 7437045 7436806 9645438 0 0 1302528
1150976 7491132 7490884 9715728 0 0 1253376
1220608 7544955 7544663 9785655 0 0 1294336
1208320 7599042 7598810 9855912 0 0 1290240
1028096 7642470 7642277 9912375 0 0 1294336
1228800 7696887 7696692 9982434 0 0 1298432
1196032 7751007 7750730 10052130 0 0 1294336
1216512 7805391 7805133 10122255 0 0 1294336
1167360 7859511 7859241 10191984 0 0 1298432
1179648 7913895 7913699 10262142 0 0 1294336
921600 7968312 7968084 10332234 0 0 1294336
962560 8022399 8022120 10401930 0 0 1298432
1212416 8076750 8076566 10472055 0 0 1253376
1159168 8131134 8130838 10542213 0 0 1253376
1032192 8185551 8185351 10612338 0 0 1294336
1040384 8239968 8239683 10682496 0 0 1294336
1069056 8294055 8293794 10752192 0 0 1302528
1110016 8348175 8347877 10821888 0 0 1294336
1667072 8402493 8402118 10892046 0 0 1921024
1011712 8456613 8456372 10961808 0 0 1253376
1110016 8510997 8510767 11031900 0 0 1253376
1212416 8565414 8565164 11101992 0 0 1249280
1642496 8619798 8619358 11172150 0 0 1941504
966656 8673885 8673638 11241879 0 0 1298432
1290240 8728269 8728009 11311971 0 0 1294336
999424 8782686 8782410 11382063 0 0 1298432
942080 8837070 8836797 11452188 0 0 1249280
962560 8891157 8890923 11522016 0 0 1290240
1200128 8945838 8945623 11592504 0 0 1302528
1589248 9000222 8999785 11662596 0 0 1908736
942080 9054309 9054041 11732292 0 0 1294336
974848 9108660 9108466 11802351 0 0 1298432
954368 9152187 9151924 11858913 0 0 1294336
909312 9206439 9206129 11928972 0 0 1273856
1028096 9260658 9260400 11999130 0 0 1249280
1073152 9315042 9314764 12069387 0 0 1298432
1011712 9369426 9369218 12139677 0 0 1294336
409600 9423447 9423317 12209604 0 0 917504
1028096 9477798 9477604 12279861 0 0 1253376
1228800 9531852 9531694 12349722 0 0 1294336
1060864 9586335 9586050 12420078 0 0 1253376
917504 9640356 9640138 12489906 0 0 1298432
1024000 9694707 9694490 12560229 0 0 1302528
794624 9749091 9748883 12630552 0 0 1294336
1032192 9803508 9803301 12700809 0 0 1294336
700416 9857298 9857118 12770406 0 0 1048576
1171456 9911649 9911373 12840663 0 0 1249280
1167360 9966627 9966389 12911745 0 0 1249280
1105920 10021308 10021065 12982530 0 0 1298432
1114112 10075362 10075125 13052358 0 0 1200128
1114112 10129416 10129154 13122252 0 0 1253376
872448 10183833 10183524 13192575 0 0 1294336
1089536 10238184 10237928 13262832 0 0 1298432
1404928 10292832 10292611 13333551 0 0 1302528
835584 10347282 10347100 13404039 0 0 1073152
978944 10401897 10401659 13474560 0 0 1302528
946176 10456248 10455995 13544883 0 0 1294336
1105920 10510632 10510403 13615074 0 0 1253376
1097728 10565346 10565086 13685826 0 0 1249280
1036288 10619664 10619431 13756116 0 0 1220608
974848 10663191 10662911 13812678 0 0 1298432
937984 10717773 10717650 13883199 0 0 925696
978944 10772091 10771896 13953291 0 0 1249280
1892352 10826673 10826316 14023746 0 0 1941504
1400832 10881024 10880609 14093805 0 0 1495040
929792 10935441 10935185 14164029 0 0 1249280
1236992 10989792 10989498 14234187 0 0 1294336
942080 11044176 11043894 14304312 0 0 1253376
1032192 11098494 11098244 14374437 0 0 1298432
991232 11152911 11152638 14444529 0 0 1294336
1179648 11207196 11206957 14514621 0 0 1298432
909312 11261547 11261287 14584812 0 0 1253376
991232 11315931 11315702 14654871 0 0 1298432
1048576 11370315 11370067 14724996 0 0 1294336
1126400 11424699 11424424 14795121 0 0 1253376
1093632 11479347 11479109 14865642 0 0 1228800
1015808 11533401 11533225 14935404 0 0 1298432
1085440 11587818 11587554 15005562 0 0 1298432
1134592 11643984 11643766 15077997 0 0 1253376
1134592 11698335 11698104 15148056 0 0 1298432
1032192 11752653 11752430 15218214 0 0 1298432
1007616 11807301 11807085 15288669 0 0 1249280
1052672 11861685 11861432 15358794 0 0 1245184
1757184 11916003 11915536 15428919 0 0 1982464
1118208 11970090 11969817 15498648 0 0 1253376
1634304 12024408 12024003 15568806 0 0 1937408
1150976 12078792 12078559 15638931 0 0 1298432
1085440 12133209 12132974 15709089 0 0 1253376
958464 12187230 12186953 15778818 0 0 1298432
1175552 12230493 12230254 15835281 0 0 1290240
1245184 12284778 12284521 15905538 0 0 1191936
1253376 12339096 12338887 15975828 0 0 1253376
1323008 12392952 12392658 16045590 0 0 1294336
1142784 12447105 12446849 16115682 0 0 1236992
1085440 12500928 12500698 16185477 0 0 1253376
1011712 12555477 12555184 16255965 0 0 1294336
1064960 12609366 12609102 16325661 0 0 1298432
1036288 12663519 12663348 16395786 0 0 1290240
1142784 12717804 12717520 16465911 0 0 1253376
1490944 12771924 12771527 16536003 0 0 1982464
1785856 12826176 12825772 16606095 0 0 1941504
1183744 12880395 12880101 16676220 0 0 1298432
1212416 12934614 12934360 16746411 0 0 1298432
925696 12988503 12988353 16816074 0 0 917504
1101824 13042392 13042151 16885869 0 0 1249280
1212416 13096677 13096455 16956027 0 0 1294336
1024000 13150599 13150350 17025723 0 0 1298432
1110016 13204521 13204251 17095452 0 0 1298432
1245184 13258740 13258442 17165610 0 0 1290240
933888 13312662 13312409 17235339 0 0 1302528
921600 13366848 13366592 17305431 0 0 1298432
1150976 13420770 13420486 17375160 0 0 1298432
1318912 13474923 13474656 17445285 0 0 1253376
1093632 13529142 13528888 17515344 0 0 1302528
1138688 13583361 13583123 17585502 0 0 1253376
1703936 13637283 13636853 17655198 0 0 1937408
1085440 13691139 13690899 17724960 0 0 1290240
1052672 13734567 13734288 17781423 0 0 1253376
1196032 13788786 13788574 17851680 0 0 1298432
888832 13842807 13842530 17921640 0 0 1302528
1241088 13897059 13896903 17991897 0 0 1294336
1097728 13951146 13950893 18061857 0 0 1290240
1662976 14005398 14004943 18132147 0 0 1941504
1191936 14059320 14059152 18201876 0 0 1253376
847872 14113275 14113037 18271638 0 0 1220608
892928 14167527 14167308 18341730 0 0 1294336
1167360 14221779 14221520 18411855 0 0 1253376
962560 14275734 14275416 18481584 0 0 1249280
1253376 14329953 14329737 18551709 0 0 1302528
1630208 14384205 14383774 18621768 0 0 1998848
933888 14438490 14438212 18691959 0 0 1298432
1155072 14492676 14492481 18762051 0 0 1302528
1855488 14546928 14546495 18832242 0 0 1941504
1110016 14600949 14600667 18901938 0 0 1298432
1138688 14655102 14654920 18972096 0 0 1294336
966656 14709420 14709087 19042221 0 0 1253376
1122304 14763672 14763360 19112313 0 0 1294336
1224704 14817858 14817646 19182471 0 0 1249280
1101824 14872110 14871816 19252596 0 0 1294336
1011712 14925999 14925812 19322391 0 0 1249280
1556480 14980251 14979993 19392417 0 0 1298432
1089536 15034536 15034248 19462575 0 0 1249280
1040384 15088755 15088486 19532667 0 0 1249280
1159168 15142677 15142447 19602429 0 0 1298432
1097728 15196896 15196682 19672587 0 0 1249280
1105920 15240621 15240326 19729413 0 0 1282048
1110016 15294972 15294699 19799703 0 0 1298432
958464 15348960 15348715 19869531 0 0 1294336
909312 15403311 15403097 19939854 0 0 1302528
1040384 15457299 15457076 20009748 0 0 1290240
1081344 15512046 15511747 20080434 0 0 1298432
970752 15566298 15566071 20150658 0 0 1249280
942080 15620352 15620068 20220387 0 0 1294336
1060864 15674670 15674414 20290512 0 0 1253376
1028096 15728955 15728666 20360637 0 0 1290240
1138688 15783504 15783299 20431158 0 0 1253376
1073152 15838152 15837936 20501646 0 0 1253376
1138688 15892470 15892242 20571771 0 0 1298432
1191936 15946425 15946186 20641434 0 0 1298432
1564672 16000710 16000275 20711493 0 0 1712128
1089536 16055028 16054796 20781717 0 0 1298432
995328 16109313 16109094 20851875 0 0 1298432
1155072 16163664 16163384 20921934 0 0 1298432
1224704 16217949 16217690 20992092 0 0 1249280
1261568 16272201 16271982 21062151 0 0 1294336
757760 16326387 16326094 21132078 0 0 1249280
1097728 16380507 16380332 21202005 0 0 1253376
1028096 16434858 16434612 21272064 0 0 1249280
1081344 16489176 16488954 21342255 0 0 1253376
1019904 16543461 16543236 21412314 0 0 1294336
1294336 16597449 16597189 21482043 0 0 1298432
1036288 16651767 16651491 21552168 0 0 1298432
999424 16706019 16705772 21622260 0 0 1249280
700416 16759479 16759300 21691395 0 0 999424
921600 16804227 16803996 21749277 0 0 1249280
798720 16858809 16858540 21819600 0 0 1298432
847872 16913358 16913290 21889890 0 0 917504
1122304 16967940 16967724 21960279 0 0 1290240
913408 17022522 17022306 22030536 0 0 1298432
987136 17077137 17076832 22100793 0 0 1298432
1011712 17131620 17131433 22171116 0 0 1253376
1024000 17186169 17185941 22241373 0 0 1249280
937984 17240454 17240173 22311333 0 0 1290240
909312 17294970 17294708 22381623 0 0 1298432
1146880 17349222 17348939 22451484 0 0 1298432
1097728 17403804 17403488 22521807 0 0 1294336
1097728 17458287 17457995 22592097 0 0 1253376
884736 17513166 17512909 22662750 0 0 1249280
966656 17567649 17567426 22733139 0 0 1253376
1003520 17622528 17622270 22803759 0 0 1298432
1052672 17676780 17676486 22873719 0 0 1253376
1028096 17731296 17731032 22943976 0 0 1249280
1073152 17785779 17785563 23014332 0 0 1290240
1019904 17840361 17840078 23084523 0 0 1302528
1007616 17894580 17894346 23154417 0 0 1245184
929792 17949393 17949177 23225136 0 0 1298432
860160 18003414 18003183 23294799 0 0 1077248
954368 18057864 18057639 23364924 0 0 1253376
999424 18112380 18112165 23435214 0 0 1294336
884736 18166632 18166359 23505141 0 0 1294336
1134592 18221478 18221237 23575827 0 0 1290240
1187840 18275697 18275423 23645688 0 0 1302528
942080 18319290 18319031 23702316 0 0 1294336
1163264 18373575 18373343 23772177 0 0 1298432
1126400 18428124 18427888 23842467 0 0 1249280
962560 18482409 18482152 23912328 0 0 1298432
1118208 18536661 18536378 23982354 0 0 1302528
1060864 18591243 18590945 24052578 0 0 1294336
1048576 18646155 18645913 24123528 0 0 1253376
1073152 18700506 18700257 24193587 0 0 1241088
1122304 18754692 18754415 24263448 0 0 1298432
1040384 18809175 18808945 24333738 0 0 1253376
1118208 18864021 18863751 24404457 0 0 1294336
786432 18918207 18917868 24474285 0 0 1294336
1032192 18972723 18972405 24544707 0 0 1249280
811008 19027173 19026872 24615030 0 0 1294336
1118208 19081953 19081738 24685749 0 0 1302528
888832 19136502 19136238 24756006 0 0 1294336
839680 19190985 19190763 24826329 0 0 1249280
983040 19245171 19244892 24896190 0 0 1253376
1077248 19300017 19299711 24966843 0 0 1249280
1318912 19355358 19355145 25038321 0 0 1298432
1138688 19409907 19409651 25108611 0 0 1294336
1216512 19464357 19464141 25179000 0 0 1302528
966656 19518873 19518553 25249257 0 0 1286144
835584 19573389 19573088 25319547 0 0 1253376
1069056 19627839 19627642 25389804 0 0 1302528
1044480 19681827 19681600 25459566 0 0 1249280
1052672 19736211 19735994 25529592 0 0 1249280
978944 19790463 19790225 25599486 0 0 1249280
1093632 19833924 19833750 25656015 0 0 1241088
1187840 19888374 19888188 25726140 0 0 1298432
1200128 19942494 19942204 25795869 0 0 1249280
1245184 19996614 19996344 25865598 0 0 1294336
999424 20051361 20051099 25936119 0 0 1249280
1228800 20105745 20105512 26006244 0 0 1253376
999424 20159865 20159634 26076006 0 0 1249280
1212416 20214579 20214329 26146461 0 0 1290240
1163264 20268633 20268389 26216190 0 0 1294336
905216 20322951 20322783 26286282 0 0 1302528
942080 20377434 20377159 26356440 0 0 1249280
937984 20431521 20431224 26426169 0 0 1298432
991232 20485608 20485331 26495898 0 0 1249280
1904640 20540289 20539874 26566353 0 0 1937408
552960 20594376 20594222 26636181 0 0 917504
1048576 20648793 20648539 26706273 0 0 1253376
1183744 20702913 20702629 26776035 0 0 1249280
946176 20757264 20757030 26846127 0 0 1290240
925696 20811351 20811118 26915856 0 0 1290240
1089536 20865735 20865488 26985981 0 0 1298432
1060864 20920152 20919906 27056073 0 0 1298432
1273856 20974272 20974025 27125736 0 0 1294336
909312 21028887 21028623 27196191 0 0 1253376
1093632 21083337 21083127 27266349 0 0 1249280
1126400 21137424 21137184 27336111 0 0 1294336
1036288 21191808 21191576 27406236 0 0 1298432
1744896 21245895 21245460 27475965 0 0 1994752
950272 21299982 21299765 27545661 0 0 1298432
704512 21351033 21350850 27611595 0 0 983040
991232 21397332 21397138 27671886 0 0 1298432
1232896 21451584 21451357 27742209 0 0 1294336
991232 21506364 21506155 27813258 0 0 1249280
1171456 21560880 21560651 27883911 0 0 1298432
1208320 21615033 21614822 27954300 0 0 1294336
1056768 21669252 21669058 28024623 0 0 1298432
1081344 21723504 21723243 28094880 0 0 1249280
1261568 21777657 21777428 28165203 0 0 1302528
1056768 21832140 21831903 28235922 0 0 1253376
921600 21886656 21886385 28306608 0 0 1245184
958464 21940776 21940606 28376865 0 0 1294336
1060864 21994995 21994835 28447221 0 0 1294336
1163264 22049511 22049284 28517841 0 0 1249280
1269760 22103697 22103518 28588131 0 0 1294336
921600 22158279 22158004 28658883 0 0 1249280
1122304 22212762 22212509 28729602 0 0 1298432
1089536 22266981 22266673 28799859 0 0 1249280
1060864 22321134 22320878 28870116 0 0 1249280
1032192 22375650 22375389 28940802 0 0 1298432
1179648 22429770 22429602 29011191 0 0 1298432
1306624 22483989 22483792 29081415 0 0 1294336
1286144 22538208 22537956 29151705 0 0 1302528
950272 22592427 22592175 29222061 0 0 1298432
1097728 22646844 22646686 29292714 0 0 1298432
868352 22701954 22701773 29364225 0 0 1298432
1032192 22757361 22757177 29436000 0 0 1294336
1024000 22811547 22811359 29506422 0 0 1294336
1191936 22865766 22865564 29576712 0 0 1298432
