1003520 5610 5373 7557 0 0 1216512
1241088 55836 55643 72732 0 0 1220608
1048576 100386 100178 130548 0 0 1167360
1114112 144870 144680 188265 0 0 1212416
1171456 192720 192481 250371 0 0 1167360
1658880 237237 236803 308088 0 0 1859584
1806336 280797 280447 364716 0 0 1957888
1118208 326271 326013 423621 0 0 1212416
954368 373824 373592 485364 0 0 1212416
974848 416229 415961 540408 0 0 1171456
1097728 461637 461419 599313 0 0 1220608
1077248 511005 510763 663366 0 0 1212416
1728512 557040 556581 723096 0 0 1953792
1110016 601854 601616 781275 0 0 1216512
1888256 651255 650821 845328 0 0 1986560
1191936 696069 695801 903441 0 0 1212416
1064960 743259 743041 964755 0 0 1167360
1212416 792924 792678 1029237 0 0 1220608
1130496 836517 836291 1085766 0 0 1167360
1069056 879252 879013 1141206 0 0 1212416
995328 926739 926551 1202883 0 0 1208320
1736704 973038 972658 1263042 0 0 1957888
1785856 1016697 1016280 1319571 0 0 1855488
1150976 1068771 1068546 1387221 0 0 1220608
995328 1124475 1124300 1459458 0 0 1212416
1179648 1179882 1179668 1531365 0 0 1171456
1155072 1236510 1236258 1604856 0 0 1208320
1060864 1293138 1292943 1678347 0 0 1220608
1138688 1349436 1349237 1751409 0 0 1220608
1015808 1406097 1405872 1824900 0 0 1167360
999424 1462395 1462151 1898028 0 0 1171456
847872 1514832 1514632 1966239 0 0 921600
1232896 1562121 1561846 2027487 0 0 1306624
991232 1618089 1617884 2100021 0 0 1253376
1347584 1673859 1673603 2172060 0 0 1298432
1122304 1729365 1729074 2243769 0 0 1257472
1048576 1785399 1785200 2316270 0 0 1298432
1282048 1841400 1841184 2388738 0 0 1253376
1802240 1896279 1895834 2459358 0 0 1945600
1146880 1952049 1951819 2531331 0 0 1253376
1171456 2008479 2008227 2603997 0 0 1253376
909312 2063853 2063722 2675475 0 0 1298432
1048576 2120019 2119775 2747745 0 0 1302528
970752 2177307 2177027 2821665 0 0 1298432
1024000 2233374 2233150 2893968 0 0 1306624
1122304 2287956 2287705 2964324 0 0 1298432
1130496 2344320 2344085 3037023 0 0 1253376
1155072 2399826 2399540 3108501 0 0 1298432
1138688 2455563 2455347 3180408 0 0 1253376
1343488 2512224 2512008 3253503 0 0 1298432
843776 2569248 2568996 3326994 0 0 1302528
1236992 2625678 2625415 3399627 0 0 1257472
1146880 2682009 2681801 3472359 0 0 1257472
1081344 2739297 2739106 3546180 0 0 1253376
1249280 2796354 2796067 3619671 0 0 1302528
1220608 2853015 2852754 3692766 0 0 1294336
1118208 2909973 2909792 3766224 0 0 1298432
1335296 2966799 2966500 3839352 0 0 1302528
958464 3023427 3023165 3912381 0 0 1306624
1200128 3069825 3069585 3972738 0 0 1298432
1638400 3126816 3126390 4046394 0 0 1953792
1163264 3183279 3182974 4119324 0 0 1253376
946176 3240237 3240052 4192914 0 0 1298432
1003520 3296931 3296751 4266141 0 0 1294336
1216512 3353658 3353434 4339467 0 0 1302528
929792 3410583 3410325 4412892 0 0 1302528
1163264 3466947 3466703 4485624 0 0 1298432
991232 3523344 3523107 4558290 0 0 1253376
1093632 3580005 3579747 4631418 0 0 1298432
1089536 3636633 3636382 4704480 0 0 1253376
1069056 3693525 3693355 4777905 0 0 1302528
1122304 3749955 3749759 4850637 0 0 1302528
995328 3806616 3806332 4923732 0 0 1302528
1081344 3862320 3862071 4995639 0 0 1298432
1101824 3919047 3918786 5068734 0 0 1302528
1093632 3975642 3975453 5141895 0 0 1294336
1007616 4031412 4031163 5213769 0 0 1302528
1548288 4086852 4086435 5285247 0 0 1945600
1208320 4142952 4142699 5357583 0 0 1302528
1085440 4199283 4199005 5430282 0 0 1302528
1130496 4255944 4255676 5503344 0 0 1302528
1044480 4312935 4312615 5576802 0 0 1257472
1110016 4368672 4368424 5648709 0 0 1298432
868352 4424145 4423972 5720253 0 0 921600
1089536 4480113 4479873 5792523 0 0 1294336
1556480 4535916 4535478 5864430 0 0 1945600
913408 4580730 4580519 5922708 0 0 1253376
966656 4637424 4637206 5995968 0 0 1298432
1060864 4694118 4693869 6069261 0 0 1298432
1236992 4751373 4751139 6143313 0 0 1302528
1024000 4808100 4807815 6216573 0 0 1302528
1056768 4864761 4864517 6289833 0 0 1257472
1048576 4920432 4920146 6361971 0 0 1249280
1712128 4977126 4976666 6435231 0 0 2002944
954368 5033424 5033193 6508029 0 0 1253376
1044480 5089755 5089523 6580992 0 0 1302528
1830912 5145723 5145319 6653493 0 0 1986560
1019904 5202087 5201853 6726357 0 0 1302528
1093632 5258055 5257825 6798825 0 0 1306624
1175552 5314419 5314156 6871656 0 0 1253376
1650688 5371047 5370564 6944949 0 0 1945600
1064960 5427642 5427365 7018242 0 0 1302528
1114112 5483973 5483760 7091106 0 0 1302528
1286144 5540337 5540096 7163970 0 0 1302528
1003520 5596932 5596677 7237263 0 0 1253376
1150976 5652966 5652726 7309797 0 0 1294336
1753088 5709264 5708859 7382628 0 0 1982464
1871872 5765859 5765468 7455855 0 0 1929216
1056768 5823147 5822899 7530006 0 0 1253376
1265664 5876706 5876523 7599339 0 0 1302528
1171456 5931519 5931288 7670256 0 0 1257472
1105920 5985738 5985449 7740315 0 0 1302528
1060864 6039297 6039093 7809582 0 0 1302528
770048 6084705 6084539 7868553 0 0 999424
1630208 6136482 6136089 7935807 0 0 1941504
1728512 6188622 6188205 8003127 0 0 2023424
1626112 6244326 6243850 8075265 0 0 1990656
1175552 6296103 6295883 8142222 0 0 1302528
1040384 6349101 6348845 8210763 0 0 1302528
1269760 6399987 6399666 8276532 0 0 1302528
1142784 6454338 6454076 8347086 0 0 1257472
1089536 6506346 6506055 8414406 0 0 1302528
1241088 6561027 6560696 8485290 0 0 1302528
1171456 6614817 6614569 8555052 0 0 1306624
1089536 6667518 6667249 8623395 0 0 1167360
1212416 6720846 6720592 8692464 0 0 1298432
1163264 6772128 6771962 8759124 0 0 1253376
1081344 6824169 6823915 8826378 0 0 1253376
1396736 6877332 6877129 8895381 0 0 1298432
1118208 6931782 6931494 8965902 0 0 1253376
1220608 6983130 6982839 9032463 0 0 1253376
1269760 7035402 7035098 9100245 0 0 1298432
2011136 7089159 7088688 9169941 0 0 1986560
1032192 7145127 7144852 9242409 0 0 1302528
1155072 7200633 7200413 9314547 0 0 1294336
1056768 7248681 7248422 9376752 0 0 1257472
933888 7297257 7297143 9439881 0 0 962560
1703936 7343457 7342965 9499644 0 0 2031616
1851392 7392396 7391949 9563070 0 0 1941504
1806336 7445856 7445393 9632436 0 0 1986560
1167360 7499019 7498780 9701406 0 0 1257472
1224704 7551621 7551374 9769584 0 0 1257472
692224 7604883 7604695 9838686 0 0 1003520
1265664 7647684 7647460 9893994 0 0 1302528
1011712 7700847 7700622 9962304 0 0 1302528
929792 7755594 7755376 10032660 0 0 1294336
1097728 7808196 7807899 10100277 0 0 1294336
1191936 7859181 7858968 10165914 0 0 1253376
1650688 7914291 7913785 10236600 0 0 2011136
1499136 7967157 7966628 10304646 0 0 1982464
958464 8019660 8019436 10372197 0 0 1306624
905216 8073813 8073483 10441794 0 0 1253376
1785856 8122356 8121941 10504230 0 0 2039808
880640 8169117 8168839 10564356 0 0 1298432
1081344 8222874 8222625 10633458 0 0 1302528
1777664 8279040 8278690 10705794 0 0 2031616
1806336 8331873 8331464 10773741 0 0 2052096
925696 8376258 8375975 10830732 0 0 1306624
946176 8430576 8430335 10900659 0 0 1302528
1490944 8477370 8476948 10960686 0 0 1986560
966656 8529642 8529385 11027874 0 0 1306624
991232 8585841 8585592 11100243 0 0 1298432
831488 8640621 8640430 11170698 0 0 1052672
1101824 8696457 8696214 11242440 0 0 1298432
577536 8752095 8751945 11313951 0 0 921600
1044480 8806776 8806557 11384241 0 0 1298432
1024000 8856012 8855721 11447502 0 0 1306624
1024000 8906634 8906428 11512710 0 0 1253376
1040384 8957124 8956853 11577555 0 0 1302528
1167360 9007548 9007258 11642367 0 0 1298432
1056768 9053352 9053154 11701338 0 0 1257472
970752 9109287 9109040 11773245 0 0 1298432
1089536 9153375 9153179 11830368 0 0 1298432
1114112 9202248 9202010 11893365 0 0 1302528
1224704 9256896 9256668 11963886 0 0 1298432
1089536 9310356 9310155 12032790 0 0 1257472
704512 9365466 9365244 12103707 0 0 921600
1253376 9419751 9419517 12173832 0 0 1306624
835584 9473838 9473567 12243528 0 0 1257472
1712128 9526638 9526228 12311673 0 0 1986560
1163264 9578580 9578340 12378663 0 0 1306624
1024000 9631182 9630893 12446412 0 0 1302528
946176 9684609 9684357 12515382 0 0 1306624
1216512 9739851 9739650 12586728 0 0 1298432
1007616 9791826 9791536 12653685 0 0 1245184
1077248 9845880 9845622 12723348 0 0 1298432
1167360 9899307 9899011 12792285 0 0 1302528
1069056 9952998 9952779 12861618 0 0 1306624
1216512 10001277 10001022 12923889 0 0 1306624
1126400 10052031 10051729 12989229 0 0 1257472
946176 10099980 10099671 13051137 0 0 1290240
1048576 10144530 10144315 13108623 0 0 1257472
1716224 10188486 10188068 13165350 0 0 1994752
1204224 10236765 10236586 13227588 0 0 1306624
1024000 10280490 10280243 13283853 0 0 1253376
1630208 10324083 10323679 13340151 0 0 2002944
1241088 10374474 10374267 13405194 0 0 1253376
1069056 10419090 10418882 13462746 0 0 1298432
1032192 10462155 10461892 13518285 0 0 1302528
1564672 10509840 10509410 13579731 0 0 1925120
913408 10556865 10556665 13640451 0 0 1294336
1044480 10602075 10601819 13698762 0 0 1298432
1163264 10649760 10649527 13760241 0 0 1253376
1048576 10688601 10688350 13810632 0 0 1302528
1196032 10733778 10733548 13868778 0 0 1302528
995328 10780209 10779911 13928508 0 0 1298432
1093632 10830567 10830288 13993386 0 0 1298432
815104 10875150 10874976 14050905 0 0 1085440
757760 10924650 10924445 14114496 0 0 1056768
1654784 10976196 10975732 14180826 0 0 1945600
987136 11020449 11020169 14237751 0 0 1253376
843776 11065329 11065084 14295534 0 0 1294336
983040 11115720 11115500 14360379 0 0 1253376
1699840 11163009 11162577 14421231 0 0 2052096
1667072 11207625 11207193 14478618 0 0 1986560
1622016 11255838 11255460 14540724 0 0 1986560
983040 11302302 11302043 14600421 0 0 1298432
1056768 11347215 11346945 14658204 0 0 1302528
1118208 11391798 11391572 14715492 0 0 1257472
1138688 11440605 11440441 14778423 0 0 1298432
1765376 11486805 11486328 14837691 0 0 2035712
1163264 11531685 11531451 14895507 0 0 1294336
1040384 11580855 11580568 14958801 0 0 1298432
921600 11622732 11622454 15012657 0 0 1306624
1085440 11666094 11665851 15068460 0 0 1257472
1277952 11713317 11713010 15129246 0 0 1515520
983040 11759847 11759589 15189108 0 0 1294336
1146880 11805321 11805084 15247617 0 0 1253376
1032192 11854788 11854550 15311241 0 0 1294336
1683456 11899668 11899225 15369024 0 0 1990656
1105920 11944581 11944348 15426807 0 0 1294336
1187840 11991969 11991675 15487692 0 0 1298432
942080 12038004 12037812 15547092 0 0 1298432
1720320 12081432 12080908 15602763 0 0 1998848
1077248 12129975 12129737 15665232 0 0 1294336
1097728 12178584 12178289 15727734 0 0 1302528
1765376 12215181 12214716 15775386 0 0 2031616
1585152 12259236 12258810 15832344 0 0 1945600
1155072 12309726 12309500 15897618 0 0 1298432
1818624 12354474 12354083 15955368 0 0 2035712
1105920 12396780 12396476 16010016 0 0 1302528
1622016 12445752 12445254 16073244 0 0 1986560
1925120 12489543 12489135 16129740 0 0 1945600
1130496 12532542 12532248 16185180 0 0 1249280
933888 12581580 12581310 16248441 0 0 1298432
995328 12626328 12626078 16306224 0 0 1253376
1249280 12670779 12670530 16363611 0 0 1294336
1007616 12718563 12718351 16425255 0 0 1257472
1093632 12763971 12763709 16483764 0 0 1257472
1986560 12809940 12809581 16543131 0 0 2039808
1081344 12854127 12853908 16600122 0 0 1298432
1650688 12901911 12901525 16661832 0 0 2035712
1712128 12945174 12944749 16717569 0 0 1982464
1286144 12987249 12986958 16771887 0 0 1298432
1228800 13035330 13035128 16833927 0 0 1302528
1892352 13077141 13076615 16887651 0 0 1945600
966656 13122780 13122541 16946688 0 0 1257472
1617920 13172082 13171702 17010312 0 0 2048000
1032192 13217490 13217286 17068854 0 0 1257472
942080 13261314 13261126 17125482 0 0 1294336
1662976 13311573 13311160 17190327 0 0 1941504
942080 13355397 13355156 17246856 0 0 1294336
1331200 13402884 13402481 17308104 0 0 1544192
1212416 13452285 13452049 17371893 0 0 1257472
1298432 13495812 13495566 17428026 0 0 1298432
1101824 13541451 13541256 17486997 0 0 1290240
880640 13587453 13587215 17546331 0 0 1245184
987136 13634313 13634122 17606820 0 0 1294336
1130496 13677906 13677716 17663019 0 0 1302528
1716224 13714470 13714162 17710572 0 0 1880064
1069056 13763409 13763152 17773668 0 0 1302528
909312 13808553 13808365 17832177 0 0 999424
1150976 13853631 13853385 17890323 0 0 1298432
1126400 13901580 13901345 17952198 0 0 1265664
962560 13945173 13944946 18008529 0 0 1302528
1744896 13987875 13987450 18063672 0 0 1986560
1785856 14035164 14034701 18124656 0 0 1986560
1036288 14079054 14078816 18181284 0 0 1302528
851968 14124429 14124199 18239859 0 0 1302528
1175552 14173170 14172959 18302724 0 0 1302528
884736 14219238 14218975 18362025 0 0 1257472
983040 14264316 14264080 18420204 0 0 1298432
1077248 14317974 14317653 18489306 0 0 1257472
1687552 14365758 14365357 18551049 0 0 1978368
901120 14408163 14407890 18605631 0 0 1302528
864256 14450502 14450357 18660378 0 0 1085440
1597440 14497725 14497216 18721164 0 0 2035712
978944 14542176 14541938 18778518 0 0 1302528
1220608 14586363 14586134 18835443 0 0 1257472
892928 14634840 14634541 18897978 0 0 1298432
974848 14680248 14679963 18956520 0 0 1302528
1064960 14723775 14723552 19012686 0 0 1232896
1015808 14778621 14778358 19083405 0 0 1257472
1261568 14823765 14823489 19141551 0 0 1302528
999424 14871879 14871667 19203591 0 0 1302528
1077248 14923722 14923452 19270416 0 0 1306624
1056768 14968767 14968595 19328562 0 0 1257472
1630208 15014406 15014082 19387434 0 0 1654784
946176 15062388 15062124 19449243 0 0 1302528
1802240 15109578 15109149 19510095 0 0 2035712
1654784 15153732 15153366 19567152 0 0 2031616
1802240 15199173 15198764 19625661 0 0 1945600
815104 15239829 15239544 19678428 0 0 1253376
1114112 15284082 15283864 19735485 0 0 1306624
1585152 15329886 15329415 19794588 0 0 1945600
1118208 15379650 15379430 19858773 0 0 1257472
1449984 15426048 15425630 19918635 0 0 1986560
1859584 15471621 15471200 19977342 0 0 1941504
1069056 15519834 15519603 20039547 0 0 1253376
1015808 15565869 15565686 20098980 0 0 1253376
1060864 15611046 15610765 20157159 0 0 1249280
1007616 15660777 15660531 20221212 0 0 1302528
995328 15706548 15706240 20280117 0 0 1294336
651264 15753276 15753069 20340309 0 0 901120
1028096 15802974 15802725 20404329 0 0 1306624
1097728 15850263 15850011 20465247 0 0 1298432
1073152 15896925 15896696 20525340 0 0 1306624
835584 15943554 15943336 20585499 0 0 1298432
819200 15994209 15993957 20650674 0 0 1302528
1085440 16041465 16041238 20711559 0 0 1245184
1273856 16087533 16087290 20770926 0 0 1257472
1933312 16136373 16135978 20833791 0 0 2035712
1236992 16180923 16180683 20891112 0 0 1306624
958464 16227915 16227589 20951733 0 0 1257472
1052672 16279461 16279158 21018195 0 0 1298432
1179648 16325826 16325604 21077892 0 0 1257472
1019904 16372488 16372270 21137985 0 0 1302528
1110016 16426773 16426536 21207912 0 0 1298432
1744896 16471587 16471191 21265728 0 0 2007040
1626112 16517061 16516647 21324270 0 0 1986560
1249280 16564383 16564158 21385155 0 0 1298432
1019904 16611375 16611147 21445578 0 0 1224704
950272 16658400 16658105 21506166 0 0 1294336
1015808 16704699 16704469 21565896 0 0 1302528
1175552 16753506 16753334 21628728 0 0 1294336
1114112 16790961 16790784 21677304 0 0 1302528
1798144 16837590 16837152 21737067 0 0 2027520
892928 16887354 16887175 21801120 0 0 1085440
1097728 16932102 16931819 21858441 0 0 1302528
1265664 16976850 16976548 21915960 0 0 1302528
1220608 17027109 17026902 21980541 0 0 1257472
1576960 17072187 17071733 22038489 0 0 1986560
1511424 17116902 17116514 22095942 0 0 2027520
970752 17164422 17164152 22157025 0 0 1302528
1691648 17209467 17208984 22214907 0 0 2023424
901120 17254776 17254514 22273251 0 0 1298432
974848 17304738 17304466 22337469 0 0 1257472
1024000 17351598 17351386 22397793 0 0 1294336
1122304 17398755 17398529 22458447 0 0 1294336
1024000 17443833 17443547 22516395 0 0 1298432
1196032 17492805 17492617 22579392 0 0 1302528
950272 17539170 17538824 22638891 0 0 1253376
1748992 17583258 17582813 22695651 0 0 2043904
892928 17634507 17634266 22761618 0 0 1081344
1097728 17682159 17681958 22822932 0 0 1257472
1036288 17730570 17730363 22885137 0 0 1298432
1019904 17781423 17781207 22950543 0 0 1302528
1585152 17828613 17828168 23011164 0 0 1945600
1048576 17876133 17875891 23072247 0 0 1257472
999424 17927283 17927063 23137983 0 0 1298432
802816 17973021 17972794 23196921 0 0 1056768
1101824 18018660 18018405 23255430 0 0 1257472
1052672 18068622 18068335 23319681 0 0 1290240
991232 18118188 18117932 23383503 0 0 1302528
1617920 18165378 18164959 23444190 0 0 2007040
925696 18210720 18210452 23502468 0 0 1253376
987136 18261045 18260850 23567181 0 0 1081344
958464 18298797 18298506 23615988 0 0 1241088
1810432 18345294 18344823 23675850 0 0 1945600
1024000 18396576 18396290 23741685 0 0 1302528
1073152 18445911 18445699 23805111 0 0 1306624
1122304 18493728 18493510 23866557 0 0 1302528
974848 18544614 18544385 23931963 0 0 1257472
1536000 18594213 18593839 23995686 0 0 1814528
843776 18639654 18639421 24054294 0 0 1122304
1073152 18691035 18690767 24120294 0 0 1298432
970752 18739380 18739145 24182565 0 0 1302528
892928 18785943 18785618 24242460 0 0 1294336
950272 18834585 18834324 24305061 0 0 1298432
1785856 18881412 18881010 24365253 0 0 2031616
634880 18926556 18926309 24423399 0 0 1048576
827392 18973911 18973657 24484218 0 0 1302528
2031616 19021332 19020887 24545268 0 0 2035712
917504 19064529 19064268 24600807 0 0 1253376
1196032 19109805 19109589 24659118 0 0 1298432
1142784 19162836 19162533 24727263 0 0 1253376
1175552 19211478 19211238 24789831 0 0 1200128
1724416 19261374 19260955 24854049 0 0 1986560
819200 19311963 19311770 24919224 0 0 1081344
966656 19359714 19359480 24980670 0 0 1081344
819200 19407399 19407240 25042116 0 0 1081344
1036288 19458780 19458569 25108116 0 0 1306624
905216 19505640 19505388 25168374 0 0 1298432
1662976 19554348 19553850 25231008 0 0 1990656
1011712 19605762 19605512 25297239 0 0 1302528
958464 19655130 19654853 25360698 0 0 1253376
1306624 19700538 19700249 25419273 0 0 1654784
1163264 19750269 19750034 25483260 0 0 1257472
1003520 19799868 19799624 25547016 0 0 1298432
1040384 19837950 19837620 25596318 0 0 1302528
655360 19884975 19884784 25656840 0 0 917504
995328 19935069 19934855 25721289 0 0 1294336
1015808 19982160 19981841 25781910 0 0 1257472
958464 20029218 20028997 25842366 0 0 1302528
1110016 20080302 20080052 25907970 0 0 1298432
1069056 20127690 20127443 25968822 0 0 1302528
1167360 20174748 20174506 26029443 0 0 1306624
1089536 20225469 20225237 26094618 0 0 1257472
892928 20274606 20274397 26157879 0 0 1253376
1142784 20321400 20321158 26217972 0 0 1294336
1175552 20376378 20376119 26288691 0 0 1257472
1003520 20430465 20430202 26358222 0 0 1253376
1015808 20485740 20485536 26429337 0 0 1298432
1015808 20541378 20541135 26500881 0 0 1306624
1019904 20597016 20596733 26572392 0 0 1306624
958464 20648331 20648101 26638425 0 0 1298432
1146880 20700570 20700325 26705580 0 0 1257472
1060864 20756505 20756271 26777454 0 0 1290240
1064960 20809701 20809454 26845863 0 0 1302528
1064960 20865603 20865380 26917737 0 0 1302528
1028096 20917545 20917257 26984529 0 0 1302528
954368 20963679 20963432 27043830 0 0 1302528
892928 21007338 21007072 27099996 0 0 1302528
1069056 21058092 21057888 27165270 0 0 1302528
946176 21105117 21104924 27225759 0 0 1277952
966656 21151020 21150739 27284664 0 0 1298432
942080 21205998 21205773 27355416 0 0 1257472
872448 21262197 21261984 27427686 0 0 1257472
1159168 21315360 21315092 27496095 0 0 1302528
1196032 21360933 21360700 27555099 0 0 1253376
991232 21417297 21417046 27627996 0 0 1253376
970752 21471813 21471534 27698484 0 0 1298432
978944 21525702 21525405 27768246 0 0 1253376
1716224 21582924 21582468 27842265 0 0 1945600
1097728 21638628 21638362 27914337 0 0 1306624
978944 21693771 21693530 27985683 0 0 1253376
1085440 21749442 21749219 28057755 0 0 1302528
978944 21804222 21804004 28128672 0 0 1298432
1196032 21858474 21858193 28198698 0 0 1253376
1187840 21913221 21912983 28269648 0 0 1298432
1155072 21964338 21964112 28335813 0 0 1302528
1142784 22016445 22016203 28403166 0 0 1302528
983040 22072116 22071908 28475304 0 0 1257472
1175552 22118712 22118494 28535562 0 0 1253376
1384448 22166826 22166385 28597767 0 0 1986560
1703936 22214577 22214215 28659609 0 0 1982464
1720320 22266057 22265636 28726203 0 0 1982464
1032192 22316283 22316032 28791213 0 0 1245184
1056768 22367730 22367512 28857741 0 0 1302528
1183744 22422840 22422659 28929054 0 0 1302528
942080 22473726 22473472 28994856 0 0 1298432
1863680 22521543 22521061 29056665 0 0 1945600
1040384 22571439 22571236 29121345 0 0 1253376
1167360 22624767 22624505 29190282 0 0 1257472
901120 22672320 22672115 29251926 0 0 1085440
1077248 22724328 22724065 29319081 0 0 1298432
1253376 22774521 22774288 29384058 0 0 1302528
1093632 22826298 22826050 29451048 0 0 1302528
839680 22873257 22873078 29511966 0 0 1003520
