856064 2343 2123 3234 0 0 839680
1196032 20460 20225 26796 0 0 1220608
1884160 36762 36380 48048 0 0 1953792
1658880 54054 53677 70389 0 0 1908736
1736704 70422 69998 91608 0 0 1970176
1839104 87978 87529 114411 0 0 1953792
1052672 104940 104663 136389 0 0 1220608
1183744 121638 121327 158004 0 0 1175552
1200128 138171 138012 179619 0 0 1220608
1232896 154869 154671 201234 0 0 1224704
757760 170610 170482 221661 0 0 839680
983040 187308 187129 243243 0 0 839680
937984 203412 203190 264264 0 0 999424
1196032 220275 219966 286143 0 0 1224704
1155072 236016 235786 306471 0 0 1216512
1847296 252648 252241 328086 0 0 1904640
819200 267861 267705 347787 0 0 884736
1830912 285615 285241 370920 0 0 1945600
970752 300564 300315 390357 0 0 1048576
1130496 317427 317195 412203 0 0 1216512
1699840 334653 334284 434577 0 0 1908736
1015808 349833 349582 454278 0 0 1126400
1933312 366465 366045 475794 0 0 1961984
716800 383757 383581 498267 0 0 839680
1724416 398277 397848 517110 0 0 1953792
1277952 414579 414375 538296 0 0 1220608
839680 431310 431134 560043 0 0 962560
1060864 446688 446462 579975 0 0 1191936
1130496 462198 461891 600039 0 0 1220608
1638400 479424 478998 622380 0 0 1953792
1929216 495165 494697 642840 0 0 1970176
1454080 512424 511995 665148 0 0 1908736
1085440 529320 529138 687225 0 0 1216512
1138688 546645 546378 709566 0 0 1122304
1957888 563013 562566 730752 0 0 1953792
1728512 580206 579794 753192 0 0 1961984
1810432 595386 594921 772794 0 0 1957888
1769472 612579 612153 795234 0 0 1863680
1196032 629541 629323 817245 0 0 1175552
1798144 645942 645483 838431 0 0 1896448
1716224 663465 663022 861201 0 0 1953792
1724416 679767 679384 882486 0 0 1880064
872448 694914 694752 902088 0 0 839680
860160 710193 709952 921921 0 0 1003520
1134592 725175 724998 941424 0 0 1220608
1110016 740949 740701 961851 0 0 1212416
1003520 757614 757362 983466 0 0 1220608
819200 773685 773549 1004289 0 0 884736
1896448 788700 788361 1023957 0 0 1970176
1818624 806355 805920 1046694 0 0 1908736
1556480 821799 821354 1066758 0 0 1900544
1843200 837474 837130 1087119 0 0 1904640
1130496 854271 854074 1108932 0 0 1183744
884736 869946 869762 1129392 0 0 954368
1036288 885654 885436 1149621 0 0 1175552
802816 902583 902493 1171599 0 0 839680
1728512 918291 917954 1192092 0 0 1949696
1896448 934362 933945 1212882 0 0 1949696
1290240 951654 951417 1235289 0 0 1216512
954368 967197 967004 1255551 0 0 1216512
1249280 982212 981928 1274988 0 0 1224704
1445888 999273 998987 1297230 0 0 1454080
1728512 1014849 1014476 1317393 0 0 1916928
1757184 1030029 1029616 1337061 0 0 1953792
1744896 1046694 1046233 1358676 0 0 1863680
1110016 1062732 1062527 1379532 0 0 1175552
1191936 1077879 1077645 1399167 0 0 1216512
1138688 1093884 1093704 1419990 0 0 1212416
1253376 1109064 1108819 1439658 0 0 1220608
880640 1125168 1124994 1460613 0 0 999424
811008 1141470 1141321 1481799 0 0 974848
1200128 1157838 1157585 1502853 0 0 1220608
1077248 1173249 1173008 1522950 0 0 1224704
1773568 1190508 1190073 1545324 0 0 1949696
1052672 1206546 1206305 1566180 0 0 1220608
716800 1222914 1222735 1587333 0 0 839680
847872 1239909 1239757 1609542 0 0 1003520
1720320 1254066 1253690 1627791 0 0 1908736
819200 1270434 1270319 1649043 0 0 839680
1818624 1287099 1286655 1670625 0 0 1863680
1146880 1302543 1302294 1690689 0 0 1216512
1839104 1319142 1318714 1712271 0 0 1953792
1024000 1336104 1335899 1734282 0 0 1216512
1249280 1352241 1352000 1755369 0 0 1212416
1748992 1370325 1369903 1778766 0 0 1966080
1892352 1387254 1386905 1800711 0 0 1880064
933888 1403622 1403431 1821930 0 0 1183744
1720320 1419660 1419254 1842786 0 0 1904640
913408 1435830 1435593 1863774 0 0 1114112
1851392 1452363 1451972 1885191 0 0 1859584
671744 1469028 1468895 1906773 0 0 839680
1699840 1485066 1484691 1927596 0 0 1904640
1843200 1500840 1500402 1948023 0 0 1863680
720896 1514535 1514324 1965909 0 0 925696
1196032 1531365 1531084 1987854 0 0 1306624
991232 1546974 1546708 2008149 0 0 1089536
819200 1564233 1564043 2030424 0 0 978944
1064960 1580139 1579962 2051082 0 0 1060864
1208320 1596804 1596568 2072565 0 0 1302528
1662976 1614492 1614018 2095401 0 0 1990656
1077248 1631289 1630964 2117016 0 0 1306624
1736704 1648251 1647797 2139060 0 0 1941504
1175552 1665048 1664796 2160807 0 0 1306624
1933312 1681779 1681297 2182455 0 0 1949696
1150976 1697949 1697651 2203311 0 0 1310720
1843200 1714383 1713926 2224629 0 0 1949696
1814528 1729926 1729438 2244660 0 0 2056192
1904640 1745700 1745321 2265186 0 0 2039808
1286144 1763091 1762838 2287593 0 0 1310720
811008 1779261 1779087 2308515 0 0 925696
1908736 1795398 1794986 2329371 0 0 1994752
1171456 1811832 1811582 2350590 0 0 1302528
1273856 1827705 1827407 2371083 0 0 1261568
2031616 1844436 1843968 2392665 0 0 1998848
1417216 1861530 1861211 2414676 0 0 1576960
1167360 1877766 1877508 2435664 0 0 1138688
905216 1894431 1894275 2457246 0 0 1003520
1843200 1911492 1910971 2479125 0 0 1990656
1802240 1928553 1928062 2501037 0 0 1990656
1269760 1943469 1943232 2520375 0 0 1306624
1507328 1961718 1961472 2543937 0 0 1282048
1867776 1976370 1975881 2562747 0 0 2035712
761856 1992507 1992329 2583603 0 0 925696
1118208 2009007 2008812 2604987 0 0 1085440
1847296 2026002 2025550 2626833 0 0 1941504
1040384 2042205 2041895 2647689 0 0 1245184
1798144 2059893 2059442 2670459 0 0 2043904
1810432 2074776 2074356 2689698 0 0 2039808
1970176 2091243 2090764 2710950 0 0 2039808
974848 2107809 2107543 2732334 0 0 1196032
1835008 2123847 2123419 2752959 0 0 2056192
1925120 2139390 2138954 2772957 0 0 2039808
1097728 2158563 2158317 2797773 0 0 1302528
1937408 2173512 2173089 2817012 0 0 2052096
1892352 2191233 2190794 2839815 0 0 1994752
1003520 2207997 2207784 2861430 0 0 925696
970752 2224530 2224292 2882781 0 0 1085440
1855488 2240535 2240128 2903472 0 0 1986560
1241088 2257629 2257401 2925450 0 0 1306624
1138688 2275053 2274747 2947857 0 0 1306624
1736704 2293929 2293507 2972244 0 0 1990656
1822720 2310363 2309909 2993463 0 0 2060288
1323008 2328051 2327784 3016233 0 0 1302528
929792 2343693 2343485 3036429 0 0 1138688
1081344 2362173 2361960 3060189 0 0 1310720
1650688 2378013 2377585 3080616 0 0 2052096
1765376 2395998 2395577 3103815 0 0 1970176
1282048 2412168 2411929 3124638 0 0 1257472
937984 2429559 2429436 3147243 0 0 1089536
1638400 2446257 2445857 3168660 0 0 2039808
843776 2464308 2464123 3191859 0 0 925696
1060864 2481765 2481529 3214398 0 0 1085440
2125824 2500839 2500406 3238950 0 0 1998848
1933312 2516382 2516002 3259080 0 0 1994752
1159168 2533443 2533182 3281058 0 0 1306624
1748992 2549844 2549464 3302244 0 0 1990656
1785856 2568456 2568038 3326235 0 0 1994752
1732608 2584032 2583546 3346233 0 0 1949696
1097728 2601456 2601149 3368640 0 0 1310720
1236992 2616966 2616712 3388704 0 0 1310720
942080 2633367 2633088 3409923 0 0 1302528
1847296 2649867 2649406 3431076 0 0 2031616
1859584 2667225 2666801 3453516 0 0 1990656
1482752 2684220 2683883 3475395 0 0 1667072
1675264 2707452 2707016 3505359 0 0 2031616
1986560 2724810 2724375 3527733 0 0 1994752
1323008 2741871 2741636 3549777 0 0 1302528
1101824 2757117 2756913 3569445 0 0 1302528
1818624 2775135 2774707 3592611 0 0 1990656
1757184 2789424 2788998 3611124 0 0 2043904
1785856 2808036 2807615 3635016 0 0 2031616
1851392 2822919 2822544 3654288 0 0 2039808
970752 2841300 2841125 3678048 0 0 1089536
1159168 2857701 2857436 3699003 0 0 1310720
1732608 2874729 2874349 3721080 0 0 1949696
1974272 2890008 2889568 3740715 0 0 2052096
1073152 2908389 2908144 3764475 0 0 1089536
1716224 2922909 2922484 3783219 0 0 1990656
1978368 2939343 2938885 3804405 0 0 2039808
1146880 2955216 2954958 3824865 0 0 1306624
1126400 2971980 2971727 3846447 0 0 1306624
2011136 2985939 2985521 3864498 0 0 2039808
1867776 3004584 3004107 3888489 0 0 1994752
1753088 3019764 3019483 3908157 0 0 1789952
1712128 3037452 3037063 3930894 0 0 1994752
1662976 3050058 3049639 3947493 0 0 2048000
925696 3067482 3067166 3970065 0 0 1257472
1044480 3082464 3082261 3989436 0 0 1138688
1916928 3100977 3100520 4013361 0 0 1994752
1605632 3114969 3114565 4031379 0 0 2052096
1941504 3132657 3132226 4054281 0 0 1949696
1888256 3148530 3148095 4074774 0 0 1990656
1204224 3166350 3166110 4097841 0 0 1310720
1925120 3180474 3180060 4116156 0 0 2039808
1019904 3199845 3199591 4141137 0 0 1142784
2084864 3215025 3214515 4160640 0 0 1990656
1667072 3232383 3231961 4183047 0 0 1945600
1380352 3247893 3247655 4203144 0 0 1306624
1015808 3264987 3264717 4225221 0 0 1310720
1789952 3279606 3279161 4244163 0 0 1945600
991232 3297723 3297484 4267560 0 0 1142784
1761280 3311946 3311485 4285908 0 0 1998848
1175552 3329931 3329688 4309140 0 0 1257472
1118208 3346200 3345948 4330194 0 0 1249280
1855488 3364086 3363651 4353129 0 0 2035712
1056768 3378804 3378551 4372269 0 0 1257472
909312 3398307 3397994 4397382 0 0 1249280
1269760 3414411 3414187 4418238 0 0 1155072
1101824 3433188 3432887 4442361 0 0 1306624
1196032 3448731 3448482 4462425 0 0 1306624
1933312 3466419 3465902 4485162 0 0 2031616
868352 3481632 3481446 4504863 0 0 987136
1781760 3504732 3504334 4534695 0 0 2052096
802816 3520572 3520461 4555155 0 0 983040
933888 3538293 3538117 4578090 0 0 1056768
1818624 3554364 3553930 4598781 0 0 1945600
1310720 3571788 3571517 4621155 0 0 1302528
1163264 3586638 3586452 4640361 0 0 1302528
1671168 3605877 3605403 4665144 0 0 1990656
757760 3621090 3620966 4684779 0 0 925696
1933312 3640560 3640074 4709892 0 0 2039808
724992 3656763 3656548 4730847 0 0 1036288
1069056 3673428 3673221 4752396 0 0 1302528
1228800 3687816 3687555 4770843 0 0 1265664
1908736 3704382 3703971 4792656 0 0 2043904
802816 3719364 3719188 4811928 0 0 925696
1662976 3737976 3737577 4835919 0 0 2035712
1028096 3753255 3753015 4855620 0 0 1302528
794624 3771339 3771140 4878951 0 0 999424
1064960 3786816 3786650 4898916 0 0 1306624
978944 3805890 3805641 4923567 0 0 1138688
1740800 3819519 3819116 4941123 0 0 2043904
2002944 3837801 3837392 4964718 0 0 2031616
1024000 3853872 3853633 4985442 0 0 1155072
774144 3870009 3869792 5006298 0 0 1007616
1007616 3884364 3884063 5025108 0 0 1306624
1630208 3902316 3901870 5048241 0 0 1994752
1818624 3916638 3916186 5066820 0 0 1990656
1626112 3934062 3933567 5089260 0 0 2031616
1052672 3948417 3948190 5107938 0 0 1163264
1806336 3965115 3964690 5129487 0 0 1990656
1077248 3980361 3980124 5149155 0 0 1302528
1617920 3998049 3997573 5172024 0 0 1994752
1703936 4012932 4012485 5191263 0 0 2043904
581632 4030983 4030765 5214627 0 0 1060864
802816 4045998 4045728 5233998 0 0 1089536
688128 4066920 4066754 5260992 0 0 925696
991232 4082793 4082502 5281485 0 0 1302528
1253376 4101603 4101381 5305938 0 0 1306624
1130496 4116882 4116571 5325573 0 0 1306624
802816 4134867 4134727 5348970 0 0 1089536
1830912 4149486 4149001 5367780 0 0 2052096
798720 4168362 4168215 5392200 0 0 925696
1495040 4183608 4183135 5411802 0 0 2031616
1044480 4201296 4201019 5434671 0 0 1257472
942080 4215915 4215766 5453613 0 0 925696
1130496 4232778 4232545 5475459 0 0 1339392
1277952 4247793 4247446 5494896 0 0 1679360
1150976 4264458 4264206 5516445 0 0 1249280
1941504 4279935 4279463 5536311 0 0 2043904
1658880 4298151 4297710 5559939 0 0 1994752
1658880 4312407 4311981 5578419 0 0 1949696
1818624 4330689 4330281 5602080 0 0 2035712
1863680 4345902 4345504 5621781 0 0 2056192
1740800 4362732 4362244 5643495 0 0 2060288
1490944 4378077 4377825 5663427 0 0 1667072
1265664 4395303 4395027 5685570 0 0 1302528
1024000 4409625 4409379 5704149 0 0 1298432
1605632 4428468 4428031 5728569 0 0 1990656
1183744 4442526 4442243 5746620 0 0 1310720
962560 4460907 4460648 5770446 0 0 1089536
1077248 4476417 4476152 5790510 0 0 1134592
1728512 4495161 4494759 5814798 0 0 1994752
1859584 4509516 4509093 5833245 0 0 1994752
1642496 4526874 4526406 5855751 0 0 2035712
1826816 4542747 4542255 5876244 0 0 2039808
1744896 4560072 4559682 5898684 0 0 2056192
1753088 4575615 4575190 5918781 0 0 2011136
2048000 4592181 4591769 5940561 0 0 2056192
1130496 4605942 4605678 5958249 0 0 1298432
1748992 4624224 4623816 5981910 0 0 2035712
1212416 4638843 4638656 6000786 0 0 1261568
1183744 4656564 4656377 6023622 0 0 1306624
1847296 4671810 4671315 6043323 0 0 2035712
1896448 4689564 4689108 6066192 0 0 2011136
1761280 4704183 4703776 6085068 0 0 2039808
1609728 4722828 4722368 6109125 0 0 2035712
1519616 4738338 4737966 6129255 0 0 2035712
1212416 4757115 4756866 6153477 0 0 1245184
1851392 4771965 4771512 6172551 0 0 1990656
1187840 4790544 4790349 6196542 0 0 1265664
1605632 4805262 4804741 6215484 0 0 2048000
1249280 4824105 4823878 6239871 0 0 1306624
1847296 4838823 4838340 6258780 0 0 1990656
1777664 4855554 4855180 6280461 0 0 1994752
1839104 4871724 4871316 6301383 0 0 2039808
1986560 4889742 4889299 6324549 0 0 2035712
1720320 4904988 4904548 6344250 0 0 1994752
892928 4923303 4923120 6367977 0 0 925696
1404928 4938120 4937794 6387150 0 0 1691648
1441792 4954884 4954545 6408831 0 0 1753088
1716224 4970592 4970085 6428961 0 0 1990656
1798144 4988544 4988117 6452193 0 0 2056192
1789952 5005044 5004586 6473478 0 0 1945600
1708032 5024217 5023772 6498327 0 0 2052096
1130496 5038539 5038331 6516873 0 0 1306624
1171456 5057250 5056894 6540864 0 0 1261568
1605632 5072034 5071625 6560136 0 0 1650688
1822720 5091372 5090877 6584985 0 0 2035712
1802240 5106255 5105802 6604257 0 0 2035712
1961984 5124834 5124397 6628380 0 0 1994752
1216512 5139486 5139230 6647256 0 0 1306624
966656 5157603 5157345 6670620 0 0 1085440
933888 5173080 5172911 6690750 0 0 1085440
1024000 5191164 5190932 6713982 0 0 1134592
950272 5205453 5205251 6732495 0 0 1085440
1294336 5224560 5224392 6757146 0 0 1306624
1884160 5239806 5239338 6776847 0 0 1994752
1167360 5257527 5257277 6799650 0 0 1310720
729088 5277327 5277183 6825324 0 0 974848
1769472 5301747 5301311 6856773 0 0 1994752
1728512 5315805 5315351 6874890 0 0 1994752
1900544 5334384 5333892 6898980 0 0 1949696
1036288 5348970 5348759 6917856 0 0 1302528
1589248 5366427 5365968 6940263 0 0 2048000
1691648 5382234 5381815 6960756 0 0 2015232
1122304 5399724 5399505 6983427 0 0 1150976
835584 5414013 5413780 7001907 0 0 1138688
1052672 5433450 5433219 7026987 0 0 1302528
1191936 5448069 5447862 7045863 0 0 1306624
1867776 5465526 5465082 7068303 0 0 1945600
1769472 5481861 5481480 7089654 0 0 1994752
983040 5500275 5500111 7113447 0 0 1077248
2019328 5515158 5514746 7132554 0 0 2007040
1773568 5544528 5544013 7170339 0 0 2035712
1048576 5559147 5558855 7189281 0 0 1302528
1200128 5576142 5575971 7211358 0 0 1257472
970752 5591784 5591529 7231389 0 0 1257472
1716224 5609439 5609036 7254291 0 0 1994752
790528 5624982 5624866 7274388 0 0 925696
790528 5643891 5643786 7298742 0 0 925696
1331200 5658807 5658596 7318080 0 0 1306624
1241088 5676858 5676603 7341312 0 0 1257472
1884160 5692698 5692249 7361805 0 0 2039808
1732608 5710419 5709984 7384608 0 0 1990656
1957888 5725962 5725483 7404738 0 0 2031616
1724416 5745795 5745348 7430280 0 0 2035712
1716224 5761899 5761518 7451169 0 0 2056192
1036288 5780511 5780267 7475226 0 0 1298432
1900544 5798529 5798074 7498425 0 0 2039808
1359872 5817339 5817039 7522779 0 0 1478656
1351680 5836578 5836161 7547661 0 0 1708032
991232 5858721 5858482 7576272 0 0 1085440
1146880 5874495 5874246 7596600 0 0 1314816
1064960 5892777 5892521 7620261 0 0 1298432
1314816 5909838 5909584 7642305 0 0 1306624
1114112 5929044 5928834 7667088 0 0 1253376
1921024 5944620 5944167 7687185 0 0 2056192
1552384 5963133 5962791 7711110 0 0 1613824
1732608 5978445 5978014 7730910 0 0 2039808
802816 5997684 5997568 7755792 0 0 933888
1245184 6014118 6013869 7776978 0 0 1306624
1339392 6032730 6032489 7801002 0 0 1257472
2007040 6049791 6049335 7823145 0 0 2060288
1839104 6067809 6067374 7846278 0 0 1994752
1929216 6083385 6082953 7866408 0 0 2056192
1646592 6102195 6101838 7890861 0 0 1990656
1658880 6114603 6114150 7907064 0 0 1994752
819200 6132786 6132583 7930527 0 0 1208320
1593344 6147735 6147274 7949601 0 0 2035712
1171456 6167403 6167167 7974813 0 0 1306624
1916928 6187632 6187114 8000817 0 0 1990656
1765376 6208191 6207713 8027250 0 0 1994752
1036288 6222909 6222666 8046192 0 0 1306624
1458176 6239970 6239641 8068170 0 0 1662976
1126400 6254754 6254553 8087145 0 0 1310720
876544 6273300 6273103 8110938 0 0 1085440
921600 6288018 6287790 8129847 0 0 1138688
1716224 6306663 6306251 8153673 0 0 2039808
1761280 6321414 6320977 8172549 0 0 1990656
1458176 6339828 6339361 8196210 0 0 2048000
966656 6355767 6355484 8216736 0 0 1257472
1175552 6374148 6373901 8240364 0 0 1306624
1867776 6389130 6388727 8259702 0 0 2039808
1794048 6407907 6407431 8283693 0 0 2039808
1712128 6423516 6423093 8303790 0 0 1990656
684032 6441006 6440819 8326263 0 0 925696
1011712 6456384 6456110 8345931 0 0 1310720
974848 6475029 6474847 8369955 0 0 1306624
1679360 6490110 6489678 8389293 0 0 2035712
1064960 6508161 6507981 8412492 0 0 1310720
978944 6524232 6524000 8433183 0 0 1089536
593920 6544428 6544238 8459022 0 0 925696
1765376 6560994 6560546 8480274 0 0 1994752
970752 6579144 6578859 8503572 0 0 1302528
987136 6594753 6594524 8523603 0 0 1302528
1814528 6613761 6613297 8548122 0 0 2031616
1601536 6629766 6629282 8568516 0 0 2039808
1462272 6647817 6647395 8591781 0 0 1990656
987136 6665043 6664775 8613759 0 0 1294336
1802240 6684414 6683920 8638608 0 0 2035712
909312 6699429 6699163 8657979 0 0 1261568
995328 6720285 6720048 8684709 0 0 1310720
1150976 6735135 6734886 8703849 0 0 1331200
1589248 6754935 6754525 8729259 0 0 2039808
671744 6771336 6771094 8750247 0 0 999424
1269760 6790179 6789818 8774502 0 0 1646592
1118208 6806481 6806311 8795457 0 0 1302528
1724416 6826446 6826071 8821065 0 0 2031616
1630208 6842748 6842324 8841954 0 0 2052096
1032192 6860073 6859770 8864130 0 0 1081344
1511424 6876474 6876037 8885217 0 0 1994752
843776 6894591 6894339 8908515 0 0 1257472
1576960 6909639 6909191 8927787 0 0 1949696
1843200 6927723 6927299 8951019 0 0 2056192
1744896 6942507 6942050 8969961 0 0 2039808
978944 6960360 6960166 8993061 0 0 1298432
1118208 6976926 6976697 9014214 0 0 1249280
839680 6994647 6994376 9036984 0 0 1306624
880640 7010091 7009808 9056751 0 0 1134592
1875968 7029000 7028568 9081072 0 0 1949696
1802240 7043421 7042952 9099552 0 0 2035712
884736 7061274 7061090 9122520 0 0 1101824
1773568 7076289 7075841 9141660 0 0 2039808
1720320 7092294 7091800 9162120 0 0 2039808
1794048 7106352 7105913 9180270 0 0 1949696
991232 7124139 7123856 9203139 0 0 1306624
1892352 7138791 7138365 9222015 0 0 2035712
897024 7155786 7155590 9243861 0 0 1085440
913408 7171725 7171586 9264288 0 0 1085440
819200 7190469 7190257 9288345 0 0 1056768
1220608 7204791 7204576 9306792 0 0 1302528
1306624 7223238 7222993 9330354 0 0 1306624
1167360 7238583 7238339 9350055 0 0 1306624
716800 7258020 7257764 9375069 0 0 1085440
1822720 7273530 7273140 9395001 0 0 2039808
659456 7292043 7291831 9418794 0 0 1085440
1765376 7306398 7305998 9437175 0 0 1990656
1028096 7325406 7325209 9461529 0 0 1306624
1916928 7340157 7339740 9480504 0 0 2080768
1028096 7358901 7358648 9504561 0 0 1306624
1941504 7373652 7373135 9523437 0 0 2035712
770048 7389327 7389125 9543765 0 0 1007616
1077248 7403385 7403190 9562080 0 0 1306624
1101824 7421997 7421788 9586137 0 0 1302528
1822720 7436682 7436217 9604980 0 0 2048000
1015808 7455888 7455645 9629895 0 0 1249280
1626112 7471728 7471310 9650322 0 0 1994752
1236992 7488360 7488112 9671805 0 0 1298432
905216 7504068 7503966 9692199 0 0 925696
1355776 7522614 7522240 9716058 0 0 1622016
1630208 7537365 7536863 9735033 0 0 2052096
1183744 7554492 7554161 9757110 0 0 1306624
1593344 7570530 7570105 9777867 0 0 1748992
1138688 7587690 7587434 9800043 0 0 1257472
860160 7603332 7603143 9820305 0 0 1085440
847872 7621581 7621384 9843768 0 0 925696
1171456 7636794 7636522 9863469 0 0 1306624
1921024 7656957 7656464 9889440 0 0 2031616
1646592 7678242 7677839 9917061 0 0 2035712
1818624 7694742 7694279 9938346 0 0 1986560
1740800 7711242 7710818 9959598 0 0 1990656
1503232 7730118 7729735 9983985 0 0 2035712
892928 7744275 7744077 10002267 0 0 1003520
1024000 7762788 7762559 10026159 0 0 1306624
901120 7779387 7779140 10047576 0 0 1089536
1265664 7796085 7795787 10069125 0 0 1302528
1032192 7811397 7811154 10088892 0 0 1118208
1789952 7828656 7828290 10111233 0 0 2035712
1732608 7843044 7842612 10129713 0 0 2043904
1138688 7861656 7861395 10153770 0 0 1302528
1044480 7876935 7876713 10173471 0 0 1306624
1593344 7894293 7893886 10195878 0 0 2035712
1093632 7910298 7910074 10216536 0 0 1249280
1814528 7927557 7927107 10238811 0 0 2039808
671744 7942836 7942648 10258545 0 0 925696
1818624 7961745 7961272 10282932 0 0 1949696
1015808 7975770 7975537 10301082 0 0 1306624
1757184 7993788 7993366 10324314 0 0 2043904
1728512 8009001 8008586 10343982 0 0 2039808
1687552 8026128 8025624 10365993 0 0 2043904
1777664 8041671 8041219 10386156 0 0 1994752
1355776 8061207 8060957 10411368 0 0 1306624
1392640 8075001 8074682 10429089 0 0 1253376
1228800 8092062 8091802 10451100 0 0 1306624
970752 8108199 8107985 10471989 0 0 1306624
1892352 8126811 8126376 10496013 0 0 2056192
1576960 8141727 8141300 10515252 0 0 1982464
1826816 8159745 8159338 10538550 0 0 2039808
1974272 8175948 8175485 10559472 0 0 2035712
1814528 8195121 8194660 10584255 0 0 1986560
1802240 8210697 8210261 10604352 0 0 2039808
1748992 8228088 8227649 10626792 0 0 2043904
1781760 8243334 8242885 10646526 0 0 2056192
1134592 8261451 8261200 10669923 0 0 1249280
1843200 8276565 8276139 10689459 0 0 2039808
1957888 8294319 8293871 10712328 0 0 2060288
827392 8309895 8309725 10732359 0 0 925696
1044480 8327319 8327107 10754931 0 0 1085440
1683456 8341278 8340869 10772916 0 0 2002944
1896448 8359626 8359140 10796544 0 0 1994752
811008 8373981 8373771 10815156 0 0 925696
2076672 8392527 8392029 10839114 0 0 2039808
946176 8407542 8407323 10858518 0 0 1056768
1138688 8425197 8424952 10881255 0 0 1261568
1118208 8440443 8440228 10900956 0 0 1261568
1224704 8458494 8458196 10924188 0 0 1310720
1933312 8472486 8472128 10942338 0 0 2043904
909312 8491164 8490939 10966461 0 0 1085440
1896448 8507928 8507525 10988010 0 0 1994752
1069056 8525385 8525191 11010615 0 0 1134592
1773568 8541159 8540720 11030910 0 0 2052096
1699840 8559804 8559357 11054967 0 0 2043904
1228800 8584521 8584257 11086911 0 0 1302528
937984 8607522 8607307 11116578 0 0 1085440
1667072 8634549 8634094 11151459 0 0 2039808
782336 8652633 8652365 11174724 0 0 925696
1830912 8669958 8669544 11197131 0 0 1990656
1036288 8688669 8688420 11221386 0 0 1245184
1941504 8703849 8703329 11240889 0 0 2043904
1069056 8722692 8722492 11265309 0 0 1306624
1728512 8739225 8738784 11286594 0 0 2039808
1757184 8759982 8759491 11313357 0 0 2039808
1085440 8778264 8778021 11336952 0 0 1253376
1114112 8797173 8796921 11361372 0 0 1257472
1179648 8824266 8824066 11396451 0 0 1261568
1224704 8853933 8853656 11434632 0 0 1257472
1183744 8880531 8880184 11468919 0 0 1261568
1650688 8909439 8909062 11506341 0 0 1990656
1773568 8929404 8928973 11532477 0 0 1994752
847872 8955837 8955615 11566500 0 0 1138688
921600 8980488 8980338 11598246 0 0 925696
888832 9007251 9006990 11632698 0 0 1335296
1851392 9037083 9036579 11671110 0 0 1949696
1900544 9071007 9070548 11714802 0 0 1990656
1175552 9104667 9104348 11758164 0 0 1306624
1785856 9130638 9130198 11791659 0 0 1949696
909312 9152385 9152207 11819808 0 0 1085440
708608 9180567 9180340 11855976 0 0 1085440
757760 9208089 9207829 11891484 0 0 1085440
892928 9235281 9235136 11926563 0 0 1056768
835584 9262242 9261971 11961213 0 0 1089536
1167360 9291777 9291525 11999262 0 0 1261568
1126400 9318111 9317890 12033153 0 0 1261568
1630208 9346260 9345779 12069321 0 0 2052096
1187840 9370845 9370579 12101067 0 0 1269760
974848 9398631 9398415 12136872 0 0 1142784
1863680 9423612 9423206 12168981 0 0 2035712
901120 9451497 9451293 12204885 0 0 991232
1708032 9474069 9473656 12233991 0 0 2023424
1736704 9500337 9499898 12267882 0 0 1937408
954368 9523866 9523696 12298242 0 0 1302528
1486848 9551751 9551310 12334080 0 0 2052096
1466368 9574917 9574587 12363945 0 0 1708032
1626112 9601911 9601481 12398661 0 0 2031616
1785856 9627288 9626823 12431364 0 0 2039808
712704 9654183 9653980 12466113 0 0 925696
999424 9679626 9679452 12498948 0 0 1171456
921600 9713253 9713064 12542211 0 0 1056768
1208320 9735495 9735247 12570888 0 0 1310720
1089536 9760608 9760316 12603129 0 0 1306624
1626112 9782322 9781860 12631113 0 0 2035712
1716224 9804630 9804177 12659856 0 0 2031616
1658880 9824463 9824064 12685464 0 0 1994752
1761280 9848652 9848199 12716517 0 0 1994752
815104 9871686 9871469 12746316 0 0 1089536
1294336 9895446 9895160 12776808 0 0 1261568
999424 9920493 9920278 12809082 0 0 1253376
1773568 9944682 9944214 12840234 0 0 1949696
1687552 9962700 9962248 12863466 0 0 2039808
1822720 9984711 9984248 12891846 0 0 2015232
1024000 10007712 10007515 12921546 0 0 1138688
1044480 10035861 10035632 12957714 0 0 1089536
1757184 10055331 10054877 12982860 0 0 1945600
1155072 10081632 10081457 13016718 0 0 1298432
1593344 10105227 10104765 13047012 0 0 1986560
974848 10131792 10131583 13081299 0 0 1261568
1761280 10151955 10151565 13107336 0 0 2027520
1708032 10179246 10178787 13142316 0 0 2039808
888832 10199772 10199593 13168914 0 0 1089536
835584 10224819 10224621 13201188 0 0 1056768
720896 10248051 10247867 13231086 0 0 897024
884736 10274649 10274378 13265274 0 0 1261568
872448 10302435 10302207 13301112 0 0 1257472
1744896 10328802 10328312 13334970 0 0 1990656
1802240 10347744 10347305 13359423 0 0 2056192
1531904 10369755 10369304 13387770 0 0 1994752
937984 10390644 10390443 13414764 0 0 1142784
1503232 10411962 10411548 13442187 0 0 2039808
1118208 10431234 10431014 13466937 0 0 1261568
1875968 10450308 10449858 13491852 0 0 1945600
1609728 10470834 10470335 13518219 0 0 1949696
913408 10492614 10492347 13546236 0 0 1306624
602112 10514361 10514221 13574187 0 0 925696
811008 10538583 10538442 13605372 0 0 1003520
1044480 10560726 10560517 13633851 0 0 1085440
1683456 10586400 10585937 13666752 0 0 1994752
1298432 10606596 10606345 13692789 0 0 1302528
1695744 10634481 10634022 13728660 0 0 1998848
1732608 10659033 10658603 13760109 0 0 1945600
962560 10681440 10681142 13788885 0 0 1298432
1925120 10701999 10701530 13815813 0 0 1998848
1798144 10720578 10720122 13839771 0 0 1945600
1781760 10737705 10737259 13861881 0 0 1990656
1179648 10762917 10762682 13894386 0 0 1089536
1101824 10785093 10784855 13922931 0 0 1298432
1748992 10808655 10808242 13953225 0 0 2035712
1380352 10829445 10829198 13980021 0 0 1310720
1105920 10853898 10853663 14011536 0 0 1302528
1736704 10875282 10874840 14039157 0 0 2052096
995328 10897128 10896874 14067273 0 0 1032192
1626112 10916268 10915854 14091924 0 0 2039808
1617920 10935507 10935085 14116707 0 0 1994752
1118208 10953855 10953645 14140368 0 0 1261568
1634304 10975569 10975131 14168319 0 0 1990656
1794048 10996062 10995642 14194719 0 0 1994752
806912 11016225 11016061 14220690 0 0 970752
1159168 11034936 11034628 14244747 0 0 1302528
1683456 11056584 11056164 14272665 0 0 1990656
987136 11076780 11076509 14298702 0 0 1261568
1060864 11096052 11095787 14323551 0 0 1302528
1966080 11116479 11115993 14349885 0 0 1990656
946176 11141064 11140795 14381598 0 0 1146880
933888 11160204 11159953 14406249 0 0 1302528
1806336 11182842 11182434 14435388 0 0 2060288
1871872 11203929 11203491 14462580 0 0 2039808
966656 11227326 11227039 14492676 0 0 1257472
884736 11247093 11246893 14518218 0 0 1036288
1093632 11269071 11268799 14546499 0 0 1298432
1175552 11291709 11291441 14575605 0 0 1249280
991232 11314908 11314633 14605569 0 0 1298432
1110016 11333553 11333305 14629593 0 0 1306624
806912 11356488 11356351 14659161 0 0 983040
1626112 11378136 11377753 14687079 0 0 2035712
1675264 11402325 11401908 14718198 0 0 1994752
1253376 11427273 11427006 14750340 0 0 1261568
1232896 11452485 11452213 14782845 0 0 1306624
1224704 11474793 11474552 14811522 0 0 1302528
1798144 11502018 11501578 14846634 0 0 2052096
1105920 11524788 11524492 14875938 0 0 1130496
1691648 11553069 11552629 14912403 0 0 2060288
720896 11576994 11576811 14943258 0 0 1089536
1896448 11601018 11600663 14974212 0 0 1990656
1028096 11624052 11623859 15003945 0 0 1159168
1105920 11647515 11647250 15034107 0 0 1257472
1032192 11670483 11670224 15063675 0 0 1306624
1048576 11695959 11695738 15096576 0 0 1253376
716800 11719983 11719867 15127530 0 0 925696
1036288 11742984 11742659 15156999 0 0 1265664
1105920 11767206 11766961 15188316 0 0 1085440
1658880 11788491 11788099 15215706 0 0 1986560
1134592 11810535 11810289 15244086 0 0 1306624
1224704 11834064 11833832 15274413 0 0 1298432
1548288 11856603 11856236 15303453 0 0 1605632
1089536 11883597 11883363 15338268 0 0 1298432
1626112 11909601 11909198 15371730 0 0 2035712
774144 11932305 11932111 15401001 0 0 1085440
1712128 11953920 11953497 15428853 0 0 1949696
978944 11978802 11978587 15460863 0 0 1245184
1597440 11999790 11999377 15487890 0 0 2007040
1720320 12020844 12020437 15515082 0 0 2007040
1171456 12041106 12040846 15541086 0 0 1302528
1789952 12062721 12062324 15569037 0 0 2035712
933888 12084534 12084359 15597219 0 0 1089536
1753088 12106149 12105732 15624972 0 0 2039808
1884160 12126972 12126500 15651768 0 0 2052096
1163264 12153405 12153080 15685857 0 0 1286144
958464 12175251 12175019 15713973 0 0 1257472
1806336 12201288 12200850 15747468 0 0 1998848
1249280 12220362 12219960 15772416 0 0 1306624
1630208 12246564 12246092 15806208 0 0 2048000
2048000 12268014 12267557 15833862 0 0 2039808
1114112 12294612 12294406 15868281 0 0 1085440
643072 12318405 12318299 15898773 0 0 925696
1130496 12343518 12343265 15931146 0 0 1306624
1200128 12366387 12366127 15960681 0 0 1306624
1216512 12383580 12383329 15983187 0 0 1306624
1335296 12405822 12405581 16012029 0 0 1306624
1716224 12428988 12428520 16041861 0 0 2035712
1568768 12451230 12450846 16070670 0 0 1990656
1757184 12474132 12473688 16100172 0 0 1986560
1855488 12496704 12496233 16129377 0 0 1949696
1335296 12517758 12517494 16156536 0 0 1261568
1953792 12540264 12539881 16185708 0 0 2011136
1036288 12568083 12567934 16221711 0 0 1163264
1843200 12592767 12592316 16253457 0 0 1990656
937984 12616923 12616687 16284807 0 0 1134592
1875968 12636921 12636492 16310580 0 0 2039808
1093632 12656754 12656531 16336155 0 0 1249280
1081344 12674442 12674204 16358991 0 0 1302528
1851392 12696057 12695579 16387008 0 0 2060288
1294336 12714933 12714676 16411461 0 0 1310720
2064384 12735954 12735573 16438587 0 0 2015232
1613824 12759747 12759269 16469310 0 0 1945600
1601536 12781956 12781521 16498053 0 0 1990656
999424 12799149 12798908 16520394 0 0 1314816
1687552 12828849 12828461 16558707 0 0 2039808
1138688 12852609 12852391 16589496 0 0 1261568
1576960 12871452 12871038 16613784 0 0 1712128
1671168 12890922 12890534 16639062 0 0 1712128
1286144 12913263 12913000 16667838 0 0 1302528
1171456 12934350 12934135 16695195 0 0 1085440
1142784 12955668 12955422 16722750 0 0 1032192
1769472 12976029 12975601 16748985 0 0 1744896
1241088 12997578 12997361 16776969 0 0 1310720
1032192 13018665 13018506 16804359 0 0 1085440
864256 13039125 13038904 16830693 0 0 1118208
1220608 13057902 13057672 16854948 0 0 1306624
815104 13079352 13079086 16882767 0 0 1138688
1810432 13098756 13098303 16907748 0 0 1994752
913408 13115520 13115355 16929660 0 0 1007616
1175552 13137762 13137484 16958502 0 0 1257472
1744896 13158453 13158013 16985067 0 0 2035712
1085440 13178319 13178074 17010642 0 0 1302528
1228800 13200627 13200374 17039418 0 0 1310720
958464 13220625 13220396 17065191 0 0 1134592
839680 13244154 13243938 17095353 0 0 925696
1720320 13264548 13264142 17121687 0 0 1986560
1740800 13287780 13287332 17151651 0 0 1945600
1052672 13309164 13308980 17179239 0 0 1306624
1622016 13330350 13329876 17206464 0 0 1990656
917504 13348368 13348100 17229696 0 0 1306624
1343488 13370115 13369616 17257647 0 0 2035712
1626112 13391763 13391346 17285664 0 0 2035712
1531904 13412190 13411839 17311932 0 0 1703936
1155072 13432485 13432248 17338035 0 0 1302528
1060864 13450569 13450375 17361465 0 0 1142784
1708032 13466442 13466049 17382255 0 0 2043904
1777664 13487826 13487484 17409843 0 0 1994752
942080 13512510 13512222 17441622 0 0 1257472
1843200 13536171 13535760 17472114 0 0 1994752
1896448 13556961 13556556 17498910 0 0 2072576
1843200 13580226 13579819 17528874 0 0 2035712
1556480 13600686 13600308 17555241 0 0 1830912
1253376 13626690 13626469 17588703 0 0 1306624
1744896 13650549 13650133 17619492 0 0 2035712
794624 13676355 13676144 17652756 0 0 1089536
1175552 13702557 13702292 17686449 0 0 1294336
1060864 13728198 13727964 17719581 0 0 1306624
823296 13750935 13750734 17748885 0 0 1089536
1830912 13775025 13774598 17779806 0 0 1990656
1056768 13796442 13796216 17807427 0 0 1245184
1171456 13814196 13813952 17830296 0 0 1306624
1187840 13834425 13834084 17856300 0 0 1257472
1052672 13856502 13856312 17884812 0 0 1089536
905216 13877358 13877115 17911641 0 0 1138688
1748992 13899006 13898575 17939427 0 0 2035712
925696 13922238 13922095 17969391 0 0 978944
1609728 13943952 13943499 17997309 0 0 2027520
802816 13967514 13967364 18027702 0 0 925696
1097728 13987083 13986872 18052881 0 0 1306624
1163264 14009424 14009189 18081591 0 0 1257472
1175552 14032689 14032403 18111588 0 0 1261568
1110016 14056581 14056305 18142278 0 0 1261568
884736 14078922 14078791 18171219 0 0 1089536
1904640 14102748 14102268 18201744 0 0 2035712
1789952 14127861 14127425 18234051 0 0 1998848
1892352 14152347 14151879 18265599 0 0 2002944
1015808 14175579 14175345 18295497 0 0 1302528
1122304 14197920 14197676 18324240 0 0 1298432
1630208 14217192 14216706 18349056 0 0 2035712
811008 14235012 14234758 18372090 0 0 1085440
1675264 14256330 14255880 18399513 0 0 2039808
913408 14278440 14278230 18427959 0 0 1089536
929792 14299164 14298940 18454689 0 0 1306624
1744896 14317248 14316833 18477855 0 0 2035712
1241088 14334111 14333857 18499569 0 0 1306624
1912832 14352690 14352315 18523593 0 0 1949696
782336 14380080 14379822 18558804 0 0 1089536
1961984 14402619 14402139 18587811 0 0 2056192
745472 14421957 14421763 18612759 0 0 1056768
962560 14441163 14440921 18637476 0 0 1298432
1671168 14465979 14465534 18669354 0 0 2052096
901120 14493600 14493363 18704994 0 0 1134592
1761280 14516172 14515736 18734034 0 0 1945600
1925120 14539998 14539599 18764658 0 0 2035712
1589248 14559930 14559527 18790266 0 0 2043904
1130496 14584416 14584166 18821814 0 0 1257472
1789952 14600619 14600189 18842670 0 0 1949696
1208320 14623257 14623037 18871776 0 0 1306624
1044480 14645895 14645666 18901014 0 0 1302528
876544 14667015 14666800 18928206 0 0 1253376
1765376 14685660 14685187 18952230 0 0 2060288
1814528 14706813 14706348 18979455 0 0 1945600
1867776 14733114 14732725 19013280 0 0 2043904
1114112 14752122 14751842 19037733 0 0 1306624
1085440 14770767 14770529 19061757 0 0 1302528
1794048 14792778 14792354 19090071 0 0 1945600
1081344 14809674 14809419 19111785 0 0 1302528
868352 14831982 14831866 19140528 0 0 925696
1789952 14854917 14854524 19170063 0 0 1994752
1425408 14880657 14880340 19203162 0 0 1572864
921600 14899731 14899459 19227813 0 0 1204224
1081344 14924118 14923862 19259064 0 0 1261568
1753088 14948241 14947802 19290183 0 0 1990656
909312 14975763 14975507 19325592 0 0 1310720
