1110016 5940 5703 7953 0 0 1220608
1101824 62073 61804 80817 0 0 1220608
1159168 115434 115241 150216 0 0 1171456
1101824 169224 168951 219945 0 0 1216512
1720320 222585 222146 289311 0 0 1859584
1097728 275979 275778 358677 0 0 1220608
1241088 329406 329163 428076 0 0 1216512
1703936 383130 382712 497772 0 0 1908736
1773568 436557 436114 567171 0 0 1863680
1228800 489951 489725 636504 0 0 1175552
1359872 543312 543116 705870 0 0 1216512
1036288 596772 596536 775236 0 0 1175552
1138688 650826 650611 845394 0 0 1212416
1376256 704847 704611 915585 0 0 1220608
1110016 758571 758309 985314 0 0 1220608
864256 811701 811526 1054482 0 0 876544
1052672 865359 865156 1124112 0 0 1220608
1114112 919083 918868 1193907 0 0 1171456
1134592 972180 971991 1262844 0 0 1220608
1110016 1025904 1025649 1332639 0 0 1175552
1572864 1079595 1079246 1402401 0 0 1863680
1142784 1133022 1132828 1471734 0 0 1224704
987136 1186779 1186527 1541496 0 0 1224704
1089536 1240536 1240271 1611225 0 0 1220608
1105920 1293963 1293699 1680690 0 0 1216512
1712128 1347687 1347239 1750419 0 0 1953792
1179648 1401114 1400904 1819785 0 0 1163264
1941504 1454475 1454070 1889118 0 0 1863680
1232896 1507968 1507646 1958550 0 0 1220608
1224704 1551165 1550943 2014749 0 0 1261568
1060864 1605186 1604925 2084742 0 0 1257472
782336 1658613 1658484 2153943 0 0 872448
2093056 1712667 1712188 2223771 0 0 2052096
1204224 1766358 1766078 2293401 0 0 1257472
1208320 1820775 1820467 2363658 0 0 1261568
1208320 1874169 1873952 2432595 0 0 1302528
1175552 1928256 1928046 2502390 0 0 1261568
1212416 1982343 1982077 2572218 0 0 1306624
995328 2036133 2035897 2641584 0 0 1306624
1179648 2089923 2089651 2710983 0 0 1257472
1208320 2143680 2143401 2780349 0 0 1261568
1245184 2197800 2197448 2850111 0 0 1306624
1748992 2252151 2251697 2920203 0 0 1945600
1912832 2306238 2305811 2989998 0 0 1945600
1191936 2360325 2360115 3059760 0 0 1261568
1314816 2414115 2413803 3129093 0 0 1261568
1232896 2468202 2467903 3198921 0 0 1302528
1265664 2522256 2522042 3268650 0 0 1302528
1171456 2576343 2576074 3338445 0 0 1257472
1323008 2630694 2630446 3408570 0 0 1306624
1146880 2684979 2684808 3478794 0 0 1261568
1142784 2738835 2738589 3548127 0 0 1298432
1056768 2792559 2792393 3617526 0 0 1212416
1159168 2846382 2846143 3686958 0 0 1302528
1122304 2900766 2900434 3757050 0 0 1261568
1019904 2954787 2954573 3826845 0 0 1257472
1298432 3008907 3008667 3896640 0 0 1257472
1200128 3051807 3051578 3952410 0 0 1302528
1241088 3105762 3105455 4022238 0 0 1421312
1658880 3160047 3159513 4092297 0 0 1925120
1073152 3213771 3213546 4161861 0 0 1302528
1212416 3267594 3267319 4231458 0 0 1306624
962560 3321648 3321417 4301418 0 0 1306624
1417216 3375405 3375097 4370817 0 0 1261568
1163264 3429426 3429195 4440546 0 0 1208320
974848 3483513 3483291 4510341 0 0 925696
1224704 3537534 3537265 4580037 0 0 1261568
1236992 3592149 3591908 4650591 0 0 1306624
1105920 3646170 3645950 4720386 0 0 1265664
1241088 3700290 3700026 4790115 0 0 1261568
1146880 3754014 3753793 4859547 0 0 1302528
1036288 3808068 3807818 4929276 0 0 1302528
1142784 3862122 3861818 4999005 0 0 1302528
1081344 3915846 3915585 5068371 0 0 1261568
1187840 3969900 3969663 5138199 0 0 1257472
1081344 4023624 4023390 5207532 0 0 1302528
1212416 4077117 4076858 5276502 0 0 1302528
1097728 4131105 4130848 5346297 0 0 1310720
1372160 4185093 4184889 5415993 0 0 1245184
1241088 4239147 4238955 5485821 0 0 1294336
1142784 4292904 4292703 5555121 0 0 1257472
978944 4346661 4346410 5624520 0 0 1257472
1363968 4400748 4400451 5694282 0 0 1302528
1241088 4454802 4454539 5764077 0 0 1310720
1179648 4509186 4508917 5834268 0 0 1310720
962560 4552614 4552411 5890764 0 0 1261568
1191936 4606668 4606446 5960658 0 0 1257472
1404928 4660623 4660310 6030519 0 0 1593344
1187840 4714512 4714263 6100215 0 0 1306624
1052672 4768236 4767982 6169812 0 0 1302528
1228800 4822290 4822105 6239673 0 0 1310720
1236992 4875981 4875798 6309204 0 0 1261568
1159168 4930035 4929776 6379197 0 0 1261568
1282048 4983759 4983533 6448728 0 0 1261568
1126400 5037780 5037553 6518655 0 0 1302528
1105920 5091768 5091488 6588615 0 0 1302528
1138688 5145492 5145243 6658146 0 0 1302528
1191936 5199480 5199241 6728139 0 0 1310720
1220608 5253171 5252946 6797571 0 0 1306624
1097728 5307192 5306957 6867597 0 0 1302528
1228800 5361213 5360937 6937491 0 0 1310720
1077248 5415234 5414945 7007484 0 0 1298432
1175552 5468991 5468708 7077015 0 0 1302528
1175552 5522649 5522377 7146513 0 0 1306624
1187840 5576637 5576408 7216539 0 0 1306624
1236992 5630691 5630440 7286400 0 0 1208320
1245184 5684448 5684171 7355931 0 0 1294336
1138688 5738139 5737873 7425528 0 0 1253376
1183744 5792721 5792521 7496346 0 0 1306624
1966080 5847006 5846596 7566603 0 0 1994752
1339392 5900763 5900532 7636200 0 0 1306624
1572864 5954619 5954293 7706061 0 0 1662976
1015808 6008508 6008262 7775625 0 0 1306624
1114112 6062496 6062226 7845585 0 0 1302528
1253376 6105693 6105444 7901850 0 0 1306624
1110016 6159648 6159460 7971744 0 0 1302528
1130496 6213735 6213431 8041671 0 0 1298432
1167360 6267789 6267494 8111631 0 0 1306624
1196032 6321843 6321539 8181657 0 0 1261568
1245184 6375534 6375268 8251188 0 0 1306624
1261568 6429423 6429187 8321049 0 0 1261568
1077248 6483312 6483102 8391009 0 0 1253376
1077248 6537102 6536828 8460738 0 0 1290240
974848 6590925 6590665 8530533 0 0 1298432
1187840 6644484 6644250 8600097 0 0 1208320
1323008 6698142 6697917 8669595 0 0 1257472
1961984 6752031 6751589 8739555 0 0 1949696
1490944 6805821 6805518 8809416 0 0 1601536
798720 6859281 6859150 8878683 0 0 929792
1282048 6912543 6912342 8947851 0 0 1261568
1159168 6966531 6966274 9017712 0 0 1302528
1159168 7020387 7020233 9087705 0 0 1298432
1753088 7074672 7074238 9157995 0 0 1990656
1273856 7128231 7128043 9227526 0 0 1306624
1347584 7182219 7181926 9297486 0 0 1265664
1138688 7236141 7235809 9367479 0 0 1302528
1171456 7289997 7289748 9437373 0 0 1298432
1175552 7343886 7343650 9507267 0 0 1253376
1277952 7397511 7397242 9576798 0 0 1257472
1232896 7451136 7450889 9646362 0 0 1253376
1630208 7505058 7504537 9716355 0 0 1949696
1302528 7558650 7558391 9785886 0 0 1302528
1232896 7601847 7601623 9842019 0 0 1257472
1105920 7656099 7655847 9911781 0 0 1306624
954368 7711242 7710997 9982764 0 0 1298432
1257472 7765494 7765240 10052526 0 0 1257472
872448 7819416 7819180 10121892 0 0 1298432
1073152 7873932 7873686 10192083 0 0 1216512
884736 7927854 7927604 10261416 0 0 1298432
1040384 7982106 7981850 10331178 0 0 1310720
1093632 8036325 8036104 10400973 0 0 1302528
1658880 8090445 8090100 10470768 0 0 1998848
933888 8144433 8144176 10540134 0 0 1306624
1146880 8198685 8198378 10609896 0 0 1261568
958464 8252508 8252258 10679262 0 0 1257472
1163264 8306727 8306482 10749024 0 0 1257472
999424 8360979 8360761 10818951 0 0 1011712
1187840 8415132 8414906 10888548 0 0 1302528
1028096 8469384 8469168 10958310 0 0 1310720
1015808 8523570 8523320 11028138 0 0 1261568
1208320 8578416 8578159 11098692 0 0 1257472
1093632 8632569 8632361 11168388 0 0 1261568
1183744 8686986 8686644 11238381 0 0 1470464
1200128 8740974 8740769 11307879 0 0 1306624
1019904 8794929 8794663 11377311 0 0 1306624
1126400 8849445 8849181 11447403 0 0 1306624
1150976 8903961 8903655 11517528 0 0 1302528
1056768 8957520 8957246 11586498 0 0 1212416
1138688 9011772 9011498 11656260 0 0 1257472
1159168 9065661 9065363 11725626 0 0 1306624
1253376 9109518 9109340 11782518 0 0 1261568
1003520 9163473 9163187 11852049 0 0 1310720
1245184 9218022 9217720 11922405 0 0 1261568
1052672 9271911 9271610 11991969 0 0 1306624
983040 9327252 9326978 12063480 0 0 1302528
1036288 9381768 9381561 12133869 0 0 1310720
991232 9436284 9436060 12204126 0 0 1261568
1101824 9490206 9489894 12273723 0 0 1306624
1146880 9544062 9543822 12343254 0 0 1306624
745472 9597951 9597768 12412818 0 0 991232
1032192 9652434 9652171 12483174 0 0 1249280
790528 9706026 9705880 12552375 0 0 925696
1060864 9760179 9759983 12622203 0 0 1261568
925696 9814101 9813846 12691767 0 0 1253376
1048576 9868287 9868008 12761727 0 0 1257472
1183744 9924255 9924041 12833964 0 0 1257472
1310720 9979992 9979819 12905904 0 0 1306624
1175552 10036686 10036411 12978999 0 0 1261568
1163264 10092720 10092447 13051269 0 0 1261568
1019904 10147170 10146928 13121658 0 0 1257472
1277952 10201686 10201405 13191915 0 0 1257472
1155072 10255872 10255609 13261908 0 0 1310720
905216 10310124 10309817 13331835 0 0 1310720
1204224 10364310 10364054 13401762 0 0 1306624
1097728 10418760 10418526 13472151 0 0 1302528
1843200 10472979 10472539 13542045 0 0 1990656
1048576 10527198 10526929 13612005 0 0 1302528
1277952 10581384 10581120 13681998 0 0 1261568
634880 10625307 10625036 13738725 0 0 1003520
1089536 10678866 10678583 13808025 0 0 1245184
1171456 10733646 10733412 13878546 0 0 1310720
1015808 10788327 10788100 13949100 0 0 1257472
1130496 10842876 10842647 14019258 0 0 1302528
1306624 10896699 10896473 14088657 0 0 1306624
1191936 10950555 10950333 14157990 0 0 1261568
1277952 11004774 11004472 14227752 0 0 1310720
1073152 11059158 11059011 14297943 0 0 1224704
1069056 11113410 11113166 14367639 0 0 1261568
1179648 11167629 11167359 14437434 0 0 1306624
1007616 11221749 11221539 14507163 0 0 1245184
1097728 11277123 11276905 14578509 0 0 1302528
1265664 11331903 11331712 14649063 0 0 1261568
1318912 11387376 11387073 14720376 0 0 1310720
991232 11442123 11441867 14790963 0 0 1302528
1052672 11496903 11496622 14861517 0 0 1208320
1048576 11551353 11551164 14931642 0 0 1298432
1171456 11606166 11605983 15002229 0 0 1257472
1138688 11659758 11659492 15071199 0 0 1257472
1294336 11714208 11714019 15141423 0 0 1261568
1212416 11768394 11768206 15211185 0 0 1261568
983040 11822580 11822346 15280914 0 0 1261568
1351680 11876799 11876532 15350709 0 0 1253376
1691648 11930952 11930488 15420405 0 0 1945600
1052672 11985138 11984920 15490200 0 0 1261568
1798144 12039687 12039234 15560325 0 0 1994752
1249280 12093774 12093566 15630087 0 0 1257472
778240 12147102 12146922 15698892 0 0 1007616
1146880 12191124 12190875 15755916 0 0 1306624
1380352 12245145 12244820 15825744 0 0 1261568
1105920 12299067 12298797 15895440 0 0 1298432
1101824 12353055 12352828 15965268 0 0 1249280
1048576 12407340 12407071 16035459 0 0 1220608
1835008 12461295 12460890 16105122 0 0 1949696
1044480 12515316 12515126 16174983 0 0 1257472
1249280 12569733 12569470 16245108 0 0 1208320
1032192 12624315 12624101 16315662 0 0 1310720
1277952 12678468 12678181 16385391 0 0 1302528
1167360 12733017 12732779 16455978 0 0 1302528
1167360 12787698 12787453 16526565 0 0 1265664
1077248 12841653 12841460 16596294 0 0 1310720
1376256 12896004 12895724 16666485 0 0 1261568
1224704 12950058 12949818 16736247 0 0 1306624
1343488 13004112 13003818 16806009 0 0 1306624
1572864 13058430 13058008 16876167 0 0 1916928
1208320 13113078 13112861 16946688 0 0 1257472
1327104 13167066 13166872 17016450 0 0 1298432
1720320 13221483 13221021 17086674 0 0 1990656
1130496 13275504 13275249 17156436 0 0 1306624
1208320 13329657 13329417 17226462 0 0 1257472
1916928 13383843 13383410 17296389 0 0 1945600
1150976 13437930 13437617 17366118 0 0 1310720
1171456 13491918 13491656 17435913 0 0 1306624
1224704 13546269 13546036 17506071 0 0 1257472
1171456 13600620 13600346 17576196 0 0 1310720
1318912 13656126 13655915 17647905 0 0 1310720
1077248 13699389 13699184 17704170 0 0 1302528
1089536 13753806 13753597 17774460 0 0 1310720
1200128 13808025 13807727 17844486 0 0 1261568
1253376 13862079 13861907 17914380 0 0 1310720
1245184 13916232 13916034 17984307 0 0 1302528
1130496 13971243 13971007 18055422 0 0 1302528
1294336 14024967 14024784 18124788 0 0 1261568
1171456 14079021 14078801 18194583 0 0 1302528
1105920 14133471 14133163 18264774 0 0 1310720
1908736 14187459 14187074 18334503 0 0 2052096
1015808 14241249 14241012 18403902 0 0 1310720
1183744 14295567 14295398 18473994 0 0 1257472
1261568 14349621 14349447 18543789 0 0 1310720
1798144 14404335 14403908 18614277 0 0 1949696
1265664 14458422 14458206 18684072 0 0 1302528
1216512 14513697 14513452 18755385 0 0 1257472
1122304 14568081 14567836 18825543 0 0 1257472
1273856 14622168 14621930 18895371 0 0 1306624
1302528 14675925 14675661 18964704 0 0 1306624
1187840 14729979 14729750 19034532 0 0 1306624
1220608 14784000 14783792 19104261 0 0 1306624
1175552 14838120 14837872 19174056 0 0 1306624
991232 14893131 14892893 19244973 0 0 1298432
1343488 14948406 14948095 19316286 0 0 1257472
1986560 15003714 15003274 19387599 0 0 1990656
1384448 15058362 15058065 19458186 0 0 1261568
1220608 15113010 15112743 19528674 0 0 1257472
1183744 15168021 15167757 19599690 0 0 1261568
1150976 15212505 15212218 19657407 0 0 1298432
1036288 15266889 15266642 19727763 0 0 1257472
1789952 15321966 15321588 19798911 0 0 1937408
1216512 15376779 15376521 19869630 0 0 1261568
1150976 15431889 15431645 19940745 0 0 1302528
1204224 15487197 15487025 20012256 0 0 1310720
1064960 15542010 15541760 20082810 0 0 1302528
1241088 15596757 15596489 20153397 0 0 1261568
1400832 15652032 15651807 20224710 0 0 1310720
2011136 15707076 15706627 20295627 0 0 1945600
1056768 15761856 15761586 20366214 0 0 1302528
1183744 15816504 15816290 20436801 0 0 1302528
1228800 15871251 15871052 20507322 0 0 1310720
1146880 15925998 15925769 20577876 0 0 1302528
1056768 15981141 15980903 20649057 0 0 1261568
1208320 16036416 16036139 20720106 0 0 1302528
966656 16091460 16091140 20791023 0 0 1302528
1220608 16146108 16145895 20861610 0 0 1261568
1179648 16201152 16200933 20932560 0 0 1310720
913408 16255899 16255654 21003081 0 0 1257472
1015808 16310646 16310386 21073668 0 0 1306624
1220608 16365063 16364830 21143793 0 0 1306624
1085440 16419579 16419261 21213951 0 0 1302528
1253376 16473600 16473378 21283746 0 0 1261568
1171456 16528050 16527807 21353904 0 0 1306624
1208320 16582137 16581950 21423633 0 0 1306624
1105920 16636290 16636029 21493428 0 0 1249280
1122304 16690113 16689894 21562794 0 0 1302528
1069056 16733541 16733281 21618993 0 0 1257472
1110016 16787892 16787684 21688953 0 0 1310720
1359872 16842342 16842066 21758847 0 0 1310720
1085440 16896396 16896171 21828444 0 0 1298432
1601536 16950846 16950369 21898338 0 0 1949696
1044480 17004933 17004671 21967935 0 0 1298432
983040 17058954 17058753 22037433 0 0 1261568
843776 17113668 17113398 22107822 0 0 1290240
1855488 17168019 17167579 22177716 0 0 1961984
1265664 17222106 17221844 22247313 0 0 1257472
1011712 17275797 17275567 22316382 0 0 1249280
884736 17329851 17329650 22385913 0 0 1306624
1011712 17384202 17384013 22455939 0 0 1302528
872448 17438421 17438148 22525734 0 0 1261568
1007616 17492574 17492360 22595397 0 0 1261568
1056768 17547222 17547043 22665753 0 0 1302528
987136 17601705 17601391 22735680 0 0 1302528
1089536 17656023 17655732 22805673 0 0 1310720
1171456 17710044 17709806 22875171 0 0 1302528
1105920 17764395 17764127 22945131 0 0 1261568
1089536 17818746 17818516 23015058 0 0 1261568
851968 17873163 17872888 23084985 0 0 1306624
1052672 17927514 17927291 23154912 0 0 1302528
958464 17981238 17981010 23224047 0 0 1306624
1015808 18035589 18035395 23294007 0 0 1257472
1159168 18089907 18089724 23364000 0 0 1302528
1921024 18144324 18143885 23433828 0 0 1949696
1155072 18198312 18198128 23503458 0 0 1306624
1331200 18242103 18241857 23560053 0 0 1298432
1105920 18296817 18296606 23630376 0 0 1261568
978944 18351267 18351010 23700402 0 0 1302528
1122304 18405585 18405321 23770296 0 0 1302528
1175552 18459705 18459441 23839860 0 0 1306624
974848 18513495 18513243 23908962 0 0 1302528
1142784 18567879 18567568 23978955 0 0 1302528
1073152 18622164 18621910 24048915 0 0 1306624
884736 18676449 18676257 24118842 0 0 1261568
1056768 18730800 18730549 24188802 0 0 1306624
1015808 18784755 18784543 24258333 0 0 1257472
1097728 18839139 18838894 24328260 0 0 1302528
933888 18893127 18892872 24397923 0 0 1302528
909312 18947445 18947222 24467751 0 0 1306624
999424 19001796 19001536 24537777 0 0 1302528
1175552 19055817 19055533 24607341 0 0 1306624
1044480 19110333 19110175 24677631 0 0 1298432
1048576 19164717 19164476 24747591 0 0 1302528
1126400 19219002 19218749 24817485 0 0 1302528
1138688 19273650 19273376 24887775 0 0 1257472
1032192 19328001 19327733 24957735 0 0 1298432
942080 19382286 19382021 25027794 0 0 1298432
970752 19436571 19436324 25097655 0 0 1306624
983040 19490625 19490373 25167252 0 0 1257472
1028096 19544910 19544606 25237146 0 0 1294336
798720 19599294 19598938 25307172 0 0 1257472
1441792 19654074 19653724 25377792 0 0 1642496
1204224 19708491 19708197 25447818 0 0 1302528
786432 19757892 19757751 25511640 0 0 1003520
1011712 19806105 19805846 25573845 0 0 1257472
937984 19860357 19860102 25643607 0 0 1257472
946176 19914543 19914311 25713303 0 0 1257472
1130496 19968828 19968565 25783098 0 0 1302528
1040384 20022981 20022745 25852860 0 0 1261568
1163264 20077200 20077024 25922655 0 0 1298432
1105920 20131518 20131218 25992384 0 0 1302528
1097728 20185935 20185779 26062542 0 0 1261568
1114112 20240187 20239971 26132403 0 0 1261568
1245184 20294439 20294175 26202165 0 0 1310720
1130496 20348922 20348668 26272323 0 0 1306624
1134592 20403471 20403204 26342448 0 0 1257472
1146880 20458911 20458650 26413827 0 0 1261568
1069056 20513097 20512837 26483457 0 0 1257472
1634304 20567547 20567166 26553714 0 0 1986560
1204224 20621799 20621601 26623443 0 0 1306624
1290240 20675688 20675472 26692776 0 0 1257472
1134592 20729643 20729336 26762208 0 0 1257472
1003520 20785347 20785076 26833950 0 0 1310720
901120 20839599 20839309 26903745 0 0 1302528
1232896 20893818 20893532 26973441 0 0 1261568
1196032 20947773 20947446 27042873 0 0 1257472
1204224 21001926 21001697 27112701 0 0 1298432
1212416 21055815 21055595 27182100 0 0 1261568
1155072 21109770 21109530 27251367 0 0 1261568
712704 21163758 21163511 27320964 0 0 999424
1093632 21218175 21217956 27390924 0 0 1302528
1028096 21272394 21272131 27460686 0 0 1310720
1228800 21315888 21315647 27517380 0 0 1261568
1118208 21369315 21368992 27586416 0 0 1253376
946176 21423006 21422720 27656013 0 0 1257472
1126400 21477027 21476744 27726006 0 0 1298432
1380352 21530718 21530423 27795504 0 0 1310720
1421312 21584706 21584470 27865431 0 0 1306624
1232896 21638727 21638513 27935391 0 0 1302528
1175552 21692154 21691895 28004559 0 0 1310720
1196032 21746142 21745929 28074519 0 0 1261568
1245184 21799833 21799657 28144083 0 0 1257472
1200128 21853887 21853607 28213977 0 0 1302528
1073152 21907974 21907670 28283937 0 0 1302528
1138688 21961929 21961654 28353897 0 0 1257472
1253376 22015620 22015394 28423362 0 0 1298432
1134592 22069311 22069079 28492926 0 0 1212416
1249280 22123332 22123062 28562886 0 0 1261568
1269760 22177353 22177092 28632846 0 0 1298432
1314816 22231341 22231141 28702740 0 0 1306624
1171456 22285956 22285733 28773492 0 0 1257472
1208320 22340010 22339702 28843452 0 0 1306624
1224704 22393734 22393462 28912884 0 0 1306624
1302528 22447722 22447516 28982877 0 0 1261568
1101824 22501446 22501225 29052441 0 0 1261568
1159168 22555434 22555189 29122368 0 0 1302528
1757184 22610049 22609626 29193153 0 0 1994752
1122304 22663773 22663528 29262684 0 0 1306624
1081344 22717728 22717505 29332578 0 0 1298432
1294336 22773267 22773069 29404518 0 0 1290240
