1015808 5940 5668 8019 0 0 1163264
1171456 62238 61987 81444 0 0 1208320
1851392 116193 115712 151668 0 0 1896448
1183744 169818 169537 221595 0 0 1208320
1269760 223641 223439 291918 0 0 1212416
1015808 277563 277356 362208 0 0 1163264
1159168 331518 331249 432531 0 0 1208320
1142784 385077 384845 502425 0 0 1163264
1032192 439329 439007 573111 0 0 1208320
1675264 493185 492800 643467 0 0 1900544
1142784 546744 546516 713328 0 0 1163264
892928 600303 600126 783222 0 0 1208320
1032192 654258 654004 853512 0 0 1212416
1167360 708114 707883 923736 0 0 1204224
1253376 761937 761778 994026 0 0 1167360
1093632 815925 815689 1064283 0 0 1167360
1048576 869550 869293 1134243 0 0 1212416
1138688 923406 923163 1204533 0 0 1163264
1003520 977328 977105 1274823 0 0 1216512
1007616 1030920 1030685 1344750 0 0 1212416
1359872 1085106 1084828 1415436 0 0 1208320
1159168 1138698 1138493 1485363 0 0 1212416
1155072 1192851 1192676 1556049 0 0 1208320
1138688 1246476 1246254 1625943 0 0 1212416
1073152 1300068 1299846 1695804 0 0 1216512
966656 1354023 1353768 1766127 0 0 1212416
1081344 1408242 1407985 1836846 0 0 1212416
983040 1462065 1461832 1907136 0 0 1208320
987136 1514799 1514579 1976007 0 0 901120
1077248 1559019 1558803 2033757 0 0 1249280
1101824 1613568 1613270 2104575 0 0 1253376
1163264 1667820 1667549 2175096 0 0 1294336
1003520 1722039 1721736 2245584 0 0 1245184
962560 1776258 1775971 2316072 0 0 1302528
1032192 1830147 1829857 2386098 0 0 1249280
1024000 1884696 1884471 2456751 0 0 1294336
1097728 1938948 1938695 2527140 0 0 1294336
1712128 1992837 1992442 2596968 0 0 1986560
1150976 2047122 2046907 2667324 0 0 1294336
1163264 2101077 2100790 2737185 0 0 1200128
1228800 2155296 2155077 2807475 0 0 1245184
1163264 2209581 2209323 2877765 0 0 1294336
1130496 2264163 2263875 2948451 0 0 1265664
1208320 2318052 2317854 3018378 0 0 1298432
1204224 2372337 2372088 3088701 0 0 1302528
1122304 2426523 2426359 3158958 0 0 1298432
1277952 2480577 2480247 3228852 0 0 1236992
1142784 2534796 2534558 3299175 0 0 1249280
1093632 2588751 2588462 3369036 0 0 1294336
1847296 2643333 2642877 3439755 0 0 2035712
1159168 2697222 2697036 3509649 0 0 1196032
1228800 2751573 2751270 3580005 0 0 1249280
913408 2805495 2805322 3649932 0 0 917504
1040384 2859747 2859496 3720222 0 0 1294336
1069056 2913636 2913449 3790116 0 0 1294336
1146880 2967954 2967696 3860406 0 0 1249280
1130496 3022173 3021920 3930696 0 0 1253376
1146880 3065568 3065316 3987324 0 0 1294336
966656 3119787 3119547 4057779 0 0 1298432
1228800 3174402 3174169 4128663 0 0 1290240
1114112 3228357 3228097 4198689 0 0 1290240
1241088 3282906 3282699 4269606 0 0 1298432
1024000 3338082 3337835 4341249 0 0 1253376
1142784 3392301 3392135 4411572 0 0 1249280
1384448 3446256 3446015 4481466 0 0 1294336
1236992 3500871 3500579 4552152 0 0 1290240
1368064 3554760 3554470 4622046 0 0 1302528
1310720 3608946 3608720 4692435 0 0 1249280
1118208 3663165 3662940 4762626 0 0 1245184
1335296 3717351 3717022 4832883 0 0 1253376
1093632 3771273 3770998 4902810 0 0 1294336
1228800 3825228 3824902 4972704 0 0 1294336
1277952 3879447 3879164 5042961 0 0 1294336
1085440 3933303 3933055 5112888 0 0 1298432
1257472 3987555 3987307 5183145 0 0 1290240
1249280 4041444 4041209 5253072 0 0 1298432
733184 4095531 4095216 5323065 0 0 1073152
1515520 4149618 4149376 5393256 0 0 1298432
1232896 4203573 4203296 5463117 0 0 1249280
1056768 4257759 4257540 5533407 0 0 1298432
1155072 4311714 4311434 5603334 0 0 1294336
1249280 4365900 4365673 5673657 0 0 1302528
1257472 4420482 4420148 5744343 0 0 1298432
1171456 4474635 4474414 5814633 0 0 1302528
1167360 4528920 4528618 5884923 0 0 1253376
1245184 4572216 4571966 5941485 0 0 1294336
1105920 4626501 4626201 6011940 0 0 1249280
1208320 4680423 4680130 6082032 0 0 1298432
1859584 4734939 4734485 6152916 0 0 1986560
1019904 4788894 4788602 6223008 0 0 1298432
1056768 4843146 4842846 6293529 0 0 1302528
1138688 4897266 4897059 6363918 0 0 1294336
1720320 4951485 4951089 6434406 0 0 1937408
1941504 5005671 5005257 6504894 0 0 1941504
1142784 5059857 5059607 6575448 0 0 1298432
1421312 5114340 5113902 6646167 0 0 1597440
1159168 5168262 5167988 6716358 0 0 1249280
1409024 5222184 5221840 6786417 0 0 1298432
1126400 5276337 5276087 6856905 0 0 1294336
1081344 5330490 5330262 6927360 0 0 1294336
1228800 5384412 5384130 6997452 0 0 1302528
1212416 5438268 5438034 7067511 0 0 1294336
1216512 5492850 5492557 7138362 0 0 1294336
1826816 5547003 5546576 7208916 0 0 1994752
1216512 5600892 5600656 7278975 0 0 1294336
1187840 5655111 5654773 7349463 0 0 1298432
1007616 5709000 5708688 7419522 0 0 1294336
1646592 5763153 5762693 7489944 0 0 1982464
1220608 5817042 5816768 7560036 0 0 1294336
1200128 5871261 5871000 7630491 0 0 1249280
1200128 5925414 5925163 7701078 0 0 1298432
1019904 5979996 5979706 7771896 0 0 1249280
1273856 6034083 6033881 7842318 0 0 1294336
806912 6084705 6084531 7908318 0 0 999424
1040384 6131961 6131711 7969929 0 0 1294336
1089536 6186510 6186206 8040813 0 0 1249280
1310720 6240696 6240437 8111235 0 0 1253376
1196032 6294948 6294599 8181756 0 0 1298432
1220608 6349398 6349180 8252640 0 0 1294336
1110016 6403353 6403063 8322732 0 0 1228800
1081344 6457407 6457179 8393220 0 0 1200128
1200128 6511494 6511258 8463708 0 0 1257472
1298432 6565581 6565385 8534163 0 0 1253376
1085440 6619668 6619411 8604651 0 0 1298432
1077248 6673458 6673202 8674710 0 0 1298432
1974272 6727578 6727104 8745198 0 0 1949696
1232896 6781368 6781088 8815323 0 0 1298432
1376256 6836049 6835725 8886504 0 0 1298432
1310720 6890103 6889876 8956992 0 0 1249280
1028096 6944586 6944299 9027876 0 0 1298432
1970176 6998937 6998495 9098793 0 0 1941504
1110016 7053024 7052766 9169215 0 0 1294336
1232896 7107111 7106911 9239736 0 0 1253376
1073152 7161561 7161290 9310620 0 0 1294336
1314816 7216506 7216246 9382197 0 0 1298432
1265664 7271517 7271284 9453939 0 0 1253376
1286144 7325571 7325345 9524328 0 0 1298432
978944 7379394 7379133 9594387 0 0 1302528
1253376 7433217 7432956 9664479 0 0 1302528
1069056 7487271 7487043 9734967 0 0 1286144
1261568 7541391 7541119 9805455 0 0 1253376
1499136 7595115 7594902 9875547 0 0 1249280
942080 7638609 7638313 9932076 0 0 1298432
929792 7692993 7692732 10002399 0 0 1298432
954368 7747113 7746875 10072260 0 0 1249280
1744896 7801464 7801064 10142583 0 0 1941504
1142784 7855617 7855400 10212444 0 0 1253376
1347584 7910001 7909737 10282734 0 0 1302528
827392 7964121 7963927 10352694 0 0 917504
1024000 8018439 8018229 10422951 0 0 1294336
1048576 8072856 8072579 10493241 0 0 1253376
1318912 8126943 8126673 10563168 0 0 1294336
1433600 8181063 8180689 10633128 0 0 1294336
1232896 8235117 8234863 10703022 0 0 1298432
1183744 8289501 8289269 10773345 0 0 1294336
1036288 8343885 8343657 10843668 0 0 1249280
1007616 8398005 8397694 10913496 0 0 1241088
1134592 8452356 8452088 10983753 0 0 1249280
937984 8506476 8506156 11053647 0 0 1298432
1024000 8560794 8560552 11124003 0 0 1253376
1097728 8615244 8614988 11194293 0 0 1298432
1138688 8669628 8669325 11264550 0 0 1298432
1228800 8724012 8723738 11334840 0 0 1253376
1212416 8778033 8777848 11404734 0 0 1302528
1224704 8832483 8832170 11475156 0 0 1290240
1093632 8886834 8886611 11545380 0 0 1290240
1171456 8941515 8941327 11616099 0 0 1302528
1212416 8995932 8995631 11686422 0 0 1249280
1097728 9050283 9050074 11756712 0 0 1249280
876544 9104403 9104114 11826573 0 0 1249280
1126400 9147864 9147595 11883135 0 0 1245184
1171456 9202182 9201948 11953656 0 0 1294336
1105920 9256599 9256301 12024177 0 0 1298432
954368 9310356 9310110 12093873 0 0 1298432
1261568 9364740 9364452 12164295 0 0 1212416
1150976 9419157 9418898 12234783 0 0 1298432
1200128 9473541 9473230 12305271 0 0 1302528
1089536 9528189 9527924 12376122 0 0 1294336
1114112 9582243 9581947 12446214 0 0 1302528
962560 9636594 9636374 12516669 0 0 1298432
1150976 9690978 9690772 12587190 0 0 1298432
1794048 9745395 9744904 12657579 0 0 1937408
1261568 9799779 9799532 12728067 0 0 1253376
1142784 9853965 9853686 12798423 0 0 1421312
1179648 9908151 9907961 12868647 0 0 1245184
1167360 9962271 9961980 12938739 0 0 1290240
1089536 10016292 10016080 13008798 0 0 1298432
1101824 10070709 10070487 13079286 0 0 1298432
1024000 10124730 10124541 13149378 0 0 1294336
884736 10179147 10178907 13219866 0 0 1294336
1138688 10233201 10232962 13289892 0 0 1298432
1171456 10287321 10287052 13360017 0 0 1236992
1110016 10341606 10341371 13430505 0 0 1290240
1048576 10395759 10395468 13500597 0 0 1294336
1138688 10450044 10449835 13571052 0 0 1298432
1167360 10504461 10504190 13641474 0 0 1298432
1212416 10558878 10558587 13712094 0 0 1298432
1269760 10613262 10612962 13782483 0 0 1253376
856064 10660320 10660087 13843665 0 0 983040
1228800 10710678 10710457 13909137 0 0 1298432
1064960 10764732 10764442 13979064 0 0 1298432
1212416 10819083 10818800 14049321 0 0 1298432
1036288 10873368 10873163 14119578 0 0 1253376
1081344 10927455 10927209 14189472 0 0 1269760
1007616 10981542 10981306 14259498 0 0 1081344
1236992 11035827 11035559 14329656 0 0 1249280
1712128 11090442 11090042 14400375 0 0 1941504
1122304 11144529 11144248 14470269 0 0 1298432
999424 11198913 11198648 14540592 0 0 1294336
1069056 11253264 11253012 14610882 0 0 1249280
958464 11307648 11307358 14681238 0 0 1294336
1036288 11361933 11361750 14751495 0 0 1302528
1826816 11416680 11416197 14822148 0 0 1929216
1269760 11471031 11470729 14892504 0 0 1298432
1196032 11525085 11524820 14962398 0 0 1253376
1032192 11579436 11579140 15032655 0 0 1253376
1105920 11633490 11633252 15102549 0 0 1298432
1155072 11687841 11687559 15172905 0 0 1298432
1069056 11742225 11741959 15243195 0 0 1253376
1122304 11796906 11796630 15313815 0 0 1302528
1265664 11851521 11851245 15384501 0 0 1298432
917504 11905938 11905641 15454824 0 0 1294336
1224704 11959893 11959684 15524751 0 0 1294336
1134592 12014376 12014084 15595008 0 0 1253376
839680 12068430 12068235 15665067 0 0 1044480
1134592 12122715 12122414 15735258 0 0 1298432
1069056 12177066 12176823 15805548 0 0 1294336
1134592 12220395 12220129 15862110 0 0 1290240
1044480 12274581 12274302 15932433 0 0 1290240
1363968 12328767 12328499 16002690 0 0 1290240
1212416 12382887 12382684 16072980 0 0 1249280
1134592 12436776 12436450 16142907 0 0 1298432
1097728 12490863 12490645 16213131 0 0 1273856
1269760 12545148 12544869 16283454 0 0 1294336
1044480 12599334 12599081 16353744 0 0 1249280
1163264 12653553 12653244 16424034 0 0 1249280
1175552 12707772 12707444 16494291 0 0 1249280
1368064 12761958 12761669 16564581 0 0 1298432
1110016 12816111 12815862 16634871 0 0 1298432
1216512 12870000 12869800 16704831 0 0 1298432
1036288 12924318 12924014 16775121 0 0 1200128
1277952 12978141 12977940 16844949 0 0 1294336
1101824 13032393 13032135 16915272 0 0 1290240
1343488 13086612 13086337 16985595 0 0 1294336
1073152 13140798 13140540 17055885 0 0 1249280
1171456 13194720 13194456 17125845 0 0 1294336
1024000 13248939 13248671 17196069 0 0 1249280
1187840 13303125 13302895 17266392 0 0 1302528
1196032 13357311 13357098 17336682 0 0 1249280
1130496 13411596 13411295 17407005 0 0 1302528
1187840 13465815 13465577 17477295 0 0 1249280
1228800 13519704 13519445 17547189 0 0 1294336
1183744 13573890 13573674 17617479 0 0 1302528
1204224 13627746 13627489 17687340 0 0 1253376
1093632 13681998 13681749 17757663 0 0 1294336
1335296 13725360 13725051 17814258 0 0 1294336
1011712 13779678 13779390 17884779 0 0 1253376
1146880 13833897 13833674 17955168 0 0 1294336
1048576 13888248 13887966 18025656 0 0 1294336
1277952 13942236 13941990 18095814 0 0 1298432
868352 13996257 13995962 18165840 0 0 1294336
1273856 14050509 14050240 18236229 0 0 1253376
1069056 14104662 14104501 18306519 0 0 1249280
1273856 14158683 14158453 18376413 0 0 1249280
1089536 14212902 14212615 18446769 0 0 1294336
1269760 14267121 14266876 18516960 0 0 1253376
1236992 14321406 14321129 18587217 0 0 1245184
1060864 14375295 14375052 18657144 0 0 1294336
1183744 14429283 14429045 18727038 0 0 1294336
1167360 14483865 14483555 18797790 0 0 1298432
1179648 14537754 14537524 18867684 0 0 1294336
1126400 14591676 14591474 18937578 0 0 1298432
1638400 14645961 14645497 19007835 0 0 1941504
1171456 14700180 14699928 19078158 0 0 1294336
1171456 14754432 14754122 19148481 0 0 1253376
860160 14808651 14808382 19218738 0 0 1298432
1171456 14862573 14862390 19288632 0 0 1290240
1089536 14916792 14916631 19358988 0 0 1253376
1212416 14971110 14970837 19429212 0 0 1216512
1052672 15025329 15025092 19499502 0 0 1290240
1175552 15079647 15079302 19569858 0 0 1249280
1179648 15133470 15133266 19639752 0 0 1253376
1081344 15187458 15187172 19709613 0 0 1302528
864256 15233823 15233599 19769838 0 0 995328
1323008 15285171 15284853 19836663 0 0 1298432
921600 15339456 15339237 19907151 0 0 1249280
1290240 15394137 15393845 19977969 0 0 1302528
917504 15448224 15447954 20048061 0 0 1294336
1081344 15502575 15502324 20118582 0 0 1294336
1007616 15557223 15556952 20189433 0 0 1249280
999424 15612729 15612454 20261274 0 0 1298432
1191936 15669159 15668885 20334336 0 0 1294336
1200128 15723444 15723191 20404659 0 0 1302528
1097728 15778290 15778090 20475708 0 0 1294336
1032192 15832608 15832391 20546031 0 0 1298432
1155072 15886596 15886381 20615892 0 0 1253376
1105920 15940881 15940660 20686215 0 0 1290240
1085440 15994902 15994650 20756076 0 0 1294336
1302528 16049253 16048947 20826432 0 0 1302528
1273856 16103505 16103309 20896689 0 0 1294336
1081344 16157856 16157591 20966946 0 0 1298432
1191936 16212174 16211898 21037269 0 0 1249280
1204224 16266426 16266223 21107592 0 0 1249280
1880064 16320447 16320021 21177420 0 0 1937408
1212416 16374468 16374233 21247347 0 0 1249280
1093632 16428423 16428156 21317274 0 0 1294336
1093632 16482675 16482488 21387531 0 0 1241088
1110016 16537059 16536791 21457821 0 0 1290240
1011712 16591377 16591079 21528078 0 0 1249280
1241088 16645596 16645329 21598335 0 0 1253376
1081344 16699914 16699683 21668691 0 0 1196032
1220608 16754199 16754003 21738948 0 0 1253376
958464 16797792 16797533 21795708 0 0 1294336
1282048 16852044 16851816 21865767 0 0 1290240
860160 16906659 16906343 21936222 0 0 1253376
1101824 16961241 16960991 22006710 0 0 1294336
909312 17015823 17015535 22077165 0 0 1294336
1056768 17070372 17070185 22147653 0 0 1298432
667648 17124657 17124465 22217778 0 0 974848
1003520 17179437 17179202 22288530 0 0 1294336
983040 17234019 17233755 22359051 0 0 1298432
1089536 17288502 17288258 22429572 0 0 1298432
1093632 17343117 17342796 22500027 0 0 1294336
1019904 17397567 17397324 22570449 0 0 1290240
1261568 17452116 17451801 22640970 0 0 1294336
966656 17506665 17506424 22711425 0 0 1290240
1003520 17561214 17560916 22781880 0 0 1302528
970752 17615829 17615599 22852599 0 0 1241088
991232 17670576 17670346 22923285 0 0 1253376
1269760 17725092 17724856 22993740 0 0 1302528
1708032 17779674 17779257 23064261 0 0 1998848
999424 17833893 17833629 23134287 0 0 1249280
1064960 17888079 17887846 23204412 0 0 1294336
1036288 17942958 17942737 23275263 0 0 1298432
1167360 17997507 17997205 23345751 0 0 1241088
1163264 18052023 18051796 23416239 0 0 1290240
925696 18106572 18106291 23486661 0 0 1294336
1433600 18161715 18161283 23557842 0 0 1597440
1155072 18216297 18215989 23628462 0 0 1294336
1134592 18270813 18270561 23698884 0 0 1290240
1081344 18314703 18314459 23756007 0 0 1298432
958464 18370803 18370510 23828442 0 0 1294336
925696 18425352 18425099 23898831 0 0 1249280
1052672 18479967 18479670 23969385 0 0 1298432
1134592 18534516 18534239 24039840 0 0 1253376
1081344 18589098 18588817 24110328 0 0 1302528
921600 18643548 18643283 24180816 0 0 1249280
909312 18697701 18697442 24250842 0 0 1294336
1105920 18752547 18752299 24321792 0 0 1294336
1052672 18807063 18806796 24392214 0 0 1298432
1183744 18861546 18861327 24462669 0 0 1286144
950272 18915765 18915494 24532794 0 0 1249280
1007616 18970215 18970004 24603249 0 0 1294336
1064960 19024434 19024190 24673341 0 0 1249280
1060864 19078620 19078340 24743433 0 0 1249280
970752 19133070 19132846 24813855 0 0 1249280
974848 19187652 19187363 24884409 0 0 1298432
1163264 19242069 19241857 24954897 0 0 1302528
905216 19296585 19296383 25025418 0 0 1298432
1138688 19350804 19350536 25095444 0 0 1249280
1101824 19405287 19405005 25165932 0 0 1294336
565248 19459803 19459640 25236387 0 0 872448
1093632 19514286 19514039 25306908 0 0 1294336
851968 19568736 19568607 25377363 0 0 917504
1040384 19623285 19622996 25447851 0 0 1298432
1064960 19677768 19677492 25518306 0 0 1249280
942080 19732284 19732003 25588761 0 0 1245184
1159168 19786734 19786497 25659315 0 0 1298432
1052672 19830294 19830076 25716009 0 0 1253376
1085440 19884711 19884428 25786233 0 0 1249280
1110016 19938798 19938577 25856160 0 0 1298432
1064960 19993281 19993007 25926450 0 0 1249280
1081344 20047665 20047399 25996740 0 0 1294336
1081344 20102082 20101809 26066997 0 0 1294336
1200128 20156202 20155959 26136990 0 0 1298432
1187840 20210586 20210288 26207280 0 0 1294336
1630208 20265300 20264789 26277999 0 0 1990656
1220608 20319387 20319105 26347926 0 0 1298432
987136 20374068 20373832 26418612 0 0 1294336
1077248 20428452 20428189 26488935 0 0 1294336
1130496 20482869 20482593 26559225 0 0 1200128
1183744 20537253 20536952 26629548 0 0 1253376
1245184 20591934 20591658 26700201 0 0 1294336
1314816 20645988 20645721 26770128 0 0 1253376
1495040 20700372 20700148 26840385 0 0 1294336
1212416 20754789 20754521 26910642 0 0 1298432
1003520 20809503 20809190 26981361 0 0 1294336
1011712 20863854 20863624 27051684 0 0 1302528
970752 20918601 20918342 27122271 0 0 1253376
1343488 20973018 20972740 27192726 0 0 1290240
1118208 21027336 21027093 27262983 0 0 1298432
929792 21081456 21081192 27332877 0 0 1253376
1216512 21136137 21135900 27403596 0 0 1298432
1060864 21190257 21189975 27473490 0 0 1298432
970752 21244608 21244416 27543780 0 0 1249280
1093632 21298728 21298504 27613641 0 0 1241088
884736 21351033 21350843 27681390 0 0 995328
1085440 21396441 21396193 27740691 0 0 1298432
1269760 21450693 21450386 27811146 0 0 1298432
1040384 21504846 21504618 27881634 0 0 1294336
1253376 21559065 21558797 27952122 0 0 1302528
1097728 21613284 21612996 28022577 0 0 1294336
1122304 21667107 21666848 28092636 0 0 1249280
1232896 21721062 21720783 28162761 0 0 1290240
1691648 21775314 21774801 28233249 0 0 1925120
1937408 21829434 21828966 28303737 0 0 1888256
1060864 21883356 21883113 28373829 0 0 1298432
1069056 21937542 21937269 28444284 0 0 1294336
1056768 21991695 21991408 28514805 0 0 1298432
1216512 22045947 22045665 28585227 0 0 1298432
1257472 22100166 22099911 28655682 0 0 1298432
1126400 22154319 22154102 28726170 0 0 1253376
1691648 22209099 22208659 28797417 0 0 1941504
1253376 22262988 22262755 28867542 0 0 1253376
1163264 22317240 22316953 28938030 0 0 1253376
1024000 22371327 22371157 29008518 0 0 1290240
1155072 22425249 22425001 29078577 0 0 1253376
1257472 22480029 22479809 29149857 0 0 1294336
1183744 22534545 22534298 29220741 0 0 1294336
1454080 22588797 22588458 29291229 0 0 1298432
1155072 22642917 22642689 29361717 0 0 1294336
1142784 22697730 22697520 29432997 0 0 1253376
1167360 22753170 22752914 29505069 0 0 1253376
1253376 22807356 22807112 29575524 0 0 1290240
1183744 22861542 22861333 29645946 0 0 1298432
