1093632 5907 5658 7953 0 0 1220608
1150976 62271 62027 81246 0 0 1216512
1802240 116094 115687 151371 0 0 1904640
1241088 169719 169482 221166 0 0 1212416
1114112 223938 223699 291621 0 0 1216512
1089536 277827 277628 361779 0 0 1212416
1089536 331683 331458 431871 0 0 1216512
901120 385539 385364 501963 0 0 1212416
1015808 439461 439233 572154 0 0 1212416
1097728 493350 493181 642279 0 0 1216512
1265664 546975 546714 711942 0 0 1212416
1232896 600864 600629 782100 0 0 1167360
1327104 654753 654534 852192 0 0 1212416
1171456 708642 708437 922317 0 0 1216512
1486848 763158 762729 993201 0 0 1691648
1122304 816420 816175 1062600 0 0 1212416
1208320 870639 870442 1133055 0 0 1216512
978944 924561 924331 1203180 0 0 1208320
1212416 978120 977931 1272942 0 0 1216512
1662976 1032273 1031952 1343397 0 0 1687552
1044480 1085931 1085733 1413192 0 0 1216512
1142784 1139853 1139683 1483317 0 0 1126400
1183744 1193808 1193512 1553376 0 0 1220608
1077248 1247664 1247411 1623534 0 0 1171456
1073152 1301553 1301295 1693692 0 0 1212416
1384448 1355409 1355159 1763784 0 0 1216512
1155072 1409331 1409090 1833876 0 0 1216512
978944 1463550 1463333 1904397 0 0 1167360
753664 1514733 1514530 1971222 0 0 897024
991232 1561329 1561124 2031843 0 0 1302528
1318912 1615614 1615315 2102166 0 0 1253376
1150976 1669833 1669594 2172423 0 0 1302528
1183744 1724019 1723784 2242746 0 0 1253376
1114112 1778238 1777993 2313003 0 0 1249280
1073152 1832457 1832243 2383260 0 0 1306624
1040384 1886676 1886471 2453385 0 0 1298432
1040384 1942479 1942226 2525457 0 0 1253376
978944 1996698 1996477 2595615 0 0 1294336
1097728 2050686 2050421 2665344 0 0 1302528
843776 2104641 2104358 2735106 0 0 1253376
1134592 2158860 2158597 2805231 0 0 1298432
983040 2213112 2212841 2875290 0 0 1253376
1024000 2267067 2266808 2945019 0 0 1298432
880640 2321253 2321137 3015243 0 0 929792
1130496 2375505 2375278 3085203 0 0 1306624
1024000 2429757 2429472 3155361 0 0 1257472
1794048 2483976 2483565 3225486 0 0 2002944
1130496 2537931 2537679 3295182 0 0 1298432
1150976 2592183 2591940 3365274 0 0 1302528
1347584 2646468 2646192 3435399 0 0 1302528
1163264 2700654 2700424 3505524 0 0 1306624
1134592 2754642 2754422 3575286 0 0 1257472
942080 2808861 2808617 3645378 0 0 1302528
1064960 2863146 2862887 3715470 0 0 1306624
987136 2917068 2916879 3785232 0 0 1298432
835584 2971617 2971333 3855654 0 0 1298432
1089536 3025572 3025343 3925449 0 0 1302528
1101824 3068934 3068720 3981978 0 0 1257472
1126400 3123252 3122997 4052268 0 0 1257472
1175552 3177174 3176969 4122129 0 0 1249280
921600 3231426 3231238 4192452 0 0 1245184
1122304 3285381 3285160 4262346 0 0 1302528
1859584 3339963 3339556 4333032 0 0 1941504
1241088 3393654 3393394 4402365 0 0 1204224
1032192 3448137 3447887 4472853 0 0 1298432
1507328 3502257 3501925 4542912 0 0 1654784
1011712 3556608 3556360 4613103 0 0 1298432
1052672 3610728 3610590 4683261 0 0 1298432
917504 3664452 3664195 4752561 0 0 1302528
1122304 3718374 3718132 4822257 0 0 1257472
1073152 3772560 3772292 4892448 0 0 1302528
765952 3826482 3826218 4962177 0 0 1302528
1757184 3880701 3880290 5032203 0 0 1941504
1093632 3934920 3934694 5102460 0 0 1298432
1179648 3988875 3988610 5172123 0 0 1302528
962560 4043160 4042922 5242446 0 0 1056768
1069056 4097544 4097356 5312802 0 0 1298432
1171456 4151796 4151587 5382927 0 0 1257472
1019904 4205982 4205768 5453019 0 0 1302528
974848 4260234 4260017 5523144 0 0 1298432
1003520 4314519 4314222 5593269 0 0 1257472
1069056 4368375 4368140 5662998 0 0 1302528
1224704 4422627 4422354 5733156 0 0 1294336
1150976 4476813 4476580 5803215 0 0 1253376
1167360 4530999 4530803 5873340 0 0 1257472
1163264 4574757 4574521 5930199 0 0 1302528
1142784 4628679 4628424 6000093 0 0 1298432
1290240 4682832 4682657 6070350 0 0 1306624
1077248 4737117 4736902 6140673 0 0 1302528
1380352 4791666 4791422 6211392 0 0 1253376
1089536 4845918 4845658 6281715 0 0 1302528
1101824 4900137 4899911 6352005 0 0 1253376
1245184 4954290 4954038 6422295 0 0 1261568
950272 5008509 5008279 6492519 0 0 1298432
1277952 5062398 5062126 6562479 0 0 1257472
1155072 5116254 5116008 6632373 0 0 1302528
1024000 5170473 5170222 6702630 0 0 1253376
1138688 5224692 5224458 6772953 0 0 1257472
1122304 5278581 5278318 6842880 0 0 1306624
1249280 5332734 5332553 6913170 0 0 1302528
1339392 5386986 5386708 6983427 0 0 1302528
921600 5440875 5440561 7053354 0 0 1298432
1368064 5495358 5495108 7124040 0 0 1253376
1110016 5549577 5549330 7194363 0 0 1253376
1118208 5603763 5603479 7264653 0 0 1302528
950272 5657619 5657335 7334580 0 0 1302528
1146880 5711475 5711234 7404474 0 0 1302528
1114112 5765991 5765735 7475193 0 0 1298432
1830912 5819880 5819402 7545087 0 0 2048000
1286144 5874033 5873822 7615377 0 0 1294336
1097728 5928285 5927982 7685700 0 0 1302528
1142784 5982108 5981891 7755528 0 0 1298432
1212416 6036030 6035823 7825488 0 0 1257472
913408 6084474 6084312 7888452 0 0 987136
1110016 6133215 6133016 7951944 0 0 1306624
1052672 6187137 6186881 8021772 0 0 1298432
1208320 6241059 6240786 8091732 0 0 1298432
1052672 6295608 6295328 8162319 0 0 1302528
1101824 6349497 6349220 8232279 0 0 1302528
1085440 6403683 6403425 8302503 0 0 1257472
1134592 6457440 6457255 8372430 0 0 1302528
1224704 6511230 6510967 8442291 0 0 1302528
1130496 6565350 6565048 8512614 0 0 1265664
1355776 6619107 6618879 8582541 0 0 1302528
1077248 6673227 6672985 8652864 0 0 1302528
1183744 6727314 6727057 8723121 0 0 1257472
1163264 6781731 6781455 8793807 0 0 1298432
1085440 6836148 6835893 8864559 0 0 1302528
1257472 6890235 6890003 8934882 0 0 1257472
1224704 6944586 6944363 9005502 0 0 1306624
921600 6998772 6998533 9076056 0 0 1196032
1032192 7052826 7052552 9146148 0 0 1302528
1134592 7107210 7106929 9216867 0 0 1302528
1191936 7161264 7160997 9287157 0 0 1257472
1220608 7215351 7215095 9357447 0 0 1253376
1277952 7269471 7269183 9427770 0 0 1302528
1089536 7323228 7323011 9497631 0 0 1257472
1093632 7377282 7377080 9567921 0 0 1257472
1138688 7431105 7430847 9637815 0 0 1302528
1196032 7485126 7484886 9708138 0 0 1306624
1048576 7539213 7539037 9778362 0 0 1298432
741376 7593102 7592912 9848322 0 0 921600
847872 7636860 7636516 9905148 0 0 1298432
978944 7690947 7690668 9974910 0 0 1253376
1155072 7745331 7745104 10045101 0 0 1298432
1142784 7799748 7799451 10115193 0 0 1257472
1044480 7854165 7853860 10185285 0 0 1306624
978944 7908285 7908042 10255080 0 0 1302528
958464 7962636 7962367 10325205 0 0 1302528
1036288 8017020 8016794 10395363 0 0 1253376
1052672 8071470 8071193 10465455 0 0 1302528
1028096 8125854 8125539 10535547 0 0 1302528
1257472 8179842 8179704 10605243 0 0 1302528
1024000 8234292 8234063 10675401 0 0 1257472
937984 8288709 8288388 10745493 0 0 1298432
954368 8343093 8342872 10815585 0 0 1253376
1003520 8397477 8397224 10885710 0 0 1257472
802816 8451828 8451575 10955835 0 0 1253376
1073152 8505981 8505685 11025531 0 0 1306624
962560 8560299 8560050 11095689 0 0 1302528
921600 8614419 8614182 11165451 0 0 1253376
921600 8669133 8668865 11235906 0 0 1298432
991232 8723187 8722954 11305602 0 0 1298432
1167360 8777571 8777390 11375727 0 0 1257472
1052672 8831658 8831440 11445522 0 0 1302528
950272 8886042 8885815 11515581 0 0 1257472
1146880 8940162 8939889 11585310 0 0 1298432
1261568 8994579 8994266 11655468 0 0 1257472
1011712 9048963 9048751 11725560 0 0 1282048
1032192 9103083 9102705 11795256 0 0 1249280
1073152 9146511 9146223 11851752 0 0 1302528
995328 9200862 9200588 11922009 0 0 1257472
1097728 9255246 9255040 11992299 0 0 1302528
1040384 9309597 9309388 12062589 0 0 1306624
991232 9363684 9363444 12132549 0 0 1257472
1019904 9418431 9418143 12203235 0 0 1253376
1044480 9472749 9472542 12273525 0 0 1298432
1089536 9526836 9526610 12343485 0 0 1294336
925696 9581220 9580995 12413775 0 0 1257472
1040384 9635604 9635331 12484131 0 0 1257472
1110016 9689922 9689716 12554487 0 0 1298432
929792 9744306 9744054 12624744 0 0 1249280
1085440 9798426 9798175 12694638 0 0 1298432
958464 9852744 9852500 12764928 0 0 1302528
970752 9907491 9907195 12835680 0 0 1253376
1101824 9961512 9961279 12905508 0 0 1257472
987136 10015896 10015661 12975864 0 0 1253376
1191936 10070445 10070097 13046517 0 0 1650688
929792 10124268 10124049 13116081 0 0 1302528
987136 10179345 10179071 13187163 0 0 1290240
1040384 10233729 10233426 13257387 0 0 1298432
1216512 10288014 10287829 13327743 0 0 1298432
880640 10342464 10342166 13398033 0 0 1257472
1249280 10396815 10396509 13468257 0 0 1302528
983040 10450902 10450622 13538217 0 0 1302528
995328 10505220 10504965 13608507 0 0 1282048
1142784 10559571 10559337 13678731 0 0 1232896
1191936 10613658 10613404 13748658 0 0 1257472
712704 10660122 10659903 13808883 0 0 946176
942080 10711503 10711224 13875378 0 0 1302528
929792 10765491 10765198 13945041 0 0 1245184
1040384 10819479 10819273 14014770 0 0 1249280
1081344 10873533 10873267 14084499 0 0 1257472
905216 10927917 10927642 14154591 0 0 1298432
1171456 10982235 10982014 14224749 0 0 1302528
1200128 11036619 11036345 14294841 0 0 1257472
868352 11090937 11090738 14364966 0 0 1298432
954368 11145321 11145100 14435157 0 0 1298432
708608 11199408 11199119 14504820 0 0 1253376
954368 11253792 11253506 14574978 0 0 1306624
1163264 11308110 11307901 14645169 0 0 1257472
1040384 11362527 11362276 14715195 0 0 1306624
1052672 11416878 11416624 14785353 0 0 1302528
1310720 11471526 11471300 14855907 0 0 1298432
1064960 11525943 11525665 14925966 0 0 1257472
1130496 11580294 11579990 14996091 0 0 1294336
1236992 11634579 11634372 15066216 0 0 1306624
1744896 11689524 11689116 15137067 0 0 1974272
1171456 11743314 11743098 15206499 0 0 1302528
962560 11797995 11797709 15276954 0 0 1294336
1060864 11852313 11852096 15347046 0 0 1257472
1695744 11906664 11906288 15417138 0 0 1941504
1085440 11960784 11960535 15486933 0 0 1302528
1077248 12015135 12014859 15556992 0 0 1302528
811008 12069453 12069208 15627117 0 0 1302528
1101824 12123837 12123605 15697275 0 0 1298432
1093632 12178221 12177976 15767367 0 0 1245184
1126400 12221814 12221603 15824193 0 0 1302528
1105920 12275967 12275731 15894285 0 0 1302528
1138688 12330120 12329887 15964443 0 0 1302528
1335296 12384570 12384312 16034964 0 0 1253376
1204224 12439020 12438765 16105452 0 0 1257472
1355776 12492876 12492620 16175181 0 0 1302528
1118208 12546765 12546542 16244811 0 0 1306624
1150976 12601314 12601025 16315464 0 0 1253376
1146880 12655863 12655586 16385919 0 0 1257472
978944 12709686 12709518 16455615 0 0 1302528
1130496 12764565 12764318 16526499 0 0 1257472
1110016 12818421 12818232 16596294 0 0 1302528
1261568 12872970 12872759 16666683 0 0 1302528
1212416 12927189 12926927 16736841 0 0 1257472
987136 12981408 12981145 16806966 0 0 1253376
1150976 13036584 13036290 16878279 0 0 1298432
1175552 13091628 13091429 16949559 0 0 1302528
1146880 13145847 13145613 17019684 0 0 1253376
794624 13200066 13199817 17089809 0 0 1257472
1069056 13254021 13253764 17159538 0 0 1302528
1015808 13308240 13307964 17229663 0 0 1294336
962560 13362129 13361839 17299458 0 0 1302528
1302528 13416315 13416016 17369583 0 0 1294336
1077248 13470831 13470591 17440104 0 0 1302528
1298432 13525050 13524857 17510130 0 0 1257472
1134592 13578972 13578702 17579925 0 0 1306624
929792 13633488 13633194 17650413 0 0 1253376
1191936 13687344 13687118 17720109 0 0 1302528
1802240 13731069 13730648 17777034 0 0 1990656
991232 13785354 13785140 17847357 0 0 1298432
1003520 13839672 13839403 17917647 0 0 1302528
1142784 13893693 13893397 17987508 0 0 1302528
1040384 13948275 13948010 18058161 0 0 1298432
1003520 14002560 14002297 18128484 0 0 1298432
1060864 14056482 14056230 18198246 0 0 1306624
794624 14110734 14110575 18268404 0 0 921600
978944 14164986 14164757 18338496 0 0 1302528
856064 14218941 14218819 18408258 0 0 978944
1064960 14273490 14273255 18478746 0 0 1298432
1441792 14327412 14327171 18548442 0 0 1298432
1036288 14381697 14381438 18618600 0 0 1257472
1175552 14435916 14435701 18688725 0 0 1302528
1146880 14490201 14489958 18758850 0 0 1253376
1134592 14544123 14543891 18828546 0 0 1306624
1015808 14598408 14598123 18898704 0 0 1302528
1138688 14652627 14652391 18968796 0 0 1302528
892928 14706549 14706313 19038492 0 0 1257472
1220608 14761098 14760859 19109013 0 0 1302528
1150976 14815020 14814795 19178775 0 0 1257472
1810432 14869536 14869107 19249263 0 0 1945600
1114112 14923524 14923265 19319025 0 0 1257472
835584 14977776 14977511 19389183 0 0 1294336
1048576 15031698 15031450 19458912 0 0 1257472
1286144 15085917 15085691 19529037 0 0 1294336
1007616 15139872 15139626 19598766 0 0 1298432
704512 15194487 15194174 19669254 0 0 1302528
1179648 15237750 15237547 19725651 0 0 1306624
917504 15292068 15291876 19796007 0 0 1253376
995328 15346518 15346180 19866231 0 0 1253376
905216 15400473 15400240 19936125 0 0 1253376
1040384 15454560 15454259 20006019 0 0 1298432
1798144 15508878 15508479 20076342 0 0 1941504
950272 15562932 15562650 20146170 0 0 1302528
1130496 15617184 15616949 20216229 0 0 1253376
1204224 15671172 15670918 20286024 0 0 1302528
962560 15725490 15725243 20356149 0 0 1302528
1138688 15780435 15780161 20427066 0 0 1257472
1204224 15834687 15834498 20497191 0 0 1298432
1150976 15889335 15889058 20567712 0 0 1302528
1089536 15943620 15943312 20637804 0 0 1294336
1150976 15997938 15997721 20707929 0 0 1253376
1019904 16052883 16052571 20778813 0 0 1298432
1257472 16106772 16106587 20848509 0 0 1298432
1003520 16160793 16160581 20918238 0 0 1298432
1032192 16215408 16215140 20988759 0 0 1253376
880640 16269396 16269137 21058455 0 0 1253376
905216 16323384 16323137 21128217 0 0 1302528
1257472 16377669 16377452 21198309 0 0 1306624
1171456 16431360 16431155 21267609 0 0 1253376
1167360 16485645 16485420 21337734 0 0 1253376
1843200 16539930 16539494 21407826 0 0 2002944
1753088 16594248 16593802 21477918 0 0 1941504
974848 16648269 16648032 21547680 0 0 1302528
1736704 16702521 16702127 21617805 0 0 1941504
1110016 16756542 16756348 21687501 0 0 1257472
991232 16800201 16799917 21744096 0 0 1302528
1245184 16854750 16854499 21814353 0 0 1257472
1433600 16909332 16909048 21884676 0 0 1298432
1019904 16963881 16963687 21954999 0 0 1257472
1093632 17018133 17017919 22024860 0 0 1294336
1163264 17072451 17072252 22094754 0 0 1302528
1085440 17127297 17127089 22165440 0 0 1253376
1044480 17181879 17181591 22235763 0 0 1298432
1069056 17236362 17236144 22306020 0 0 1294336
1052672 17291835 17291565 22377498 0 0 1302528
1036288 17346384 17346106 22447821 0 0 1302528
1126400 17400933 17400610 22518111 0 0 1302528
1216512 17455119 17454882 22588005 0 0 1298432
1167360 17509668 17509452 22658262 0 0 1294336
1699840 17564151 17563776 22728585 0 0 2039808
937984 17618403 17618163 22798446 0 0 1298432
1716224 17673579 17673174 22869528 0 0 2002944
880640 17728095 17727861 22939884 0 0 1277952
929792 17782017 17781823 23009382 0 0 1253376
1015808 17836566 17836372 23079573 0 0 1249280
1093632 17891412 17891173 23150325 0 0 1282048
1118208 17946225 17946067 23221011 0 0 1302528
1056768 18000576 18000243 23290938 0 0 1298432
1171456 18055125 18054825 23361261 0 0 1290240
1048576 18109575 18109352 23431485 0 0 1269760
1105920 18163827 18163614 23501412 0 0 1286144
1089536 18218376 18218124 23571735 0 0 1294336
978944 18272595 18272393 23641662 0 0 1298432
1183744 18316485 18316272 23698554 0 0 1253376
1191936 18370737 18370511 23768514 0 0 1302528
1806336 18425319 18424829 23838771 0 0 1994752
946176 18479538 18479305 23908731 0 0 1306624
1101824 18533823 18533586 23978592 0 0 1249280
1015808 18588372 18588161 24048882 0 0 1282048
1015808 18642525 18642337 24118743 0 0 1298432
1011712 18697074 18696848 24189033 0 0 1302528
1167360 18751590 18751372 24259356 0 0 1302528
1081344 18806106 18805892 24329679 0 0 1298432
1052672 18860952 18860682 24400299 0 0 1302528
1802240 18915402 18915004 24470622 0 0 1986560
1019904 18969621 18969334 24540516 0 0 1298432
1306624 19024137 19023837 24610905 0 0 1306624
1146880 19078290 19078045 24680766 0 0 1290240
1056768 19132773 19132511 24751122 0 0 1302528
1437696 19187487 19187151 24821643 0 0 1650688
1658880 19241739 19241314 24891702 0 0 1966080
1175552 19296552 19296336 24962355 0 0 1257472
1236992 19350738 19350478 25032381 0 0 1298432
1093632 19405287 19405019 25102671 0 0 1302528
966656 19459737 19459518 25172895 0 0 1253376
880640 19514220 19513981 25243251 0 0 1286144
577536 19568439 19568271 25313145 0 0 921600
946176 19622658 19622337 25383006 0 0 1302528
1007616 19677405 19677168 25453692 0 0 1302528
1159168 19731591 19731377 25523619 0 0 1302528
1777664 19786041 19785647 25593942 0 0 2052096
1097728 19829304 19829103 25650042 0 0 1302528
1011712 19883754 19883448 25720134 0 0 1290240
897024 19937775 19937685 25789896 0 0 921600
1011712 19992225 19991981 25860021 0 0 1306624
987136 20046345 20046151 25929750 0 0 1257472
1097728 20101059 20100798 26000271 0 0 1253376
847872 20155509 20155235 26070330 0 0 1253376
1105920 20209893 20209631 26140521 0 0 1298432
1028096 20264574 20264296 26210943 0 0 1298432
1040384 20319321 20319040 26281497 0 0 1257472
942080 20373936 20373721 26351952 0 0 1253376
999424 20428353 20428118 26422044 0 0 1282048
987136 20482737 20482479 26492202 0 0 1298432
942080 20537187 20536838 26562294 0 0 1257472
1069056 20591472 20591248 26632419 0 0 1253376
851968 20645889 20645612 26702544 0 0 1298432
995328 20700240 20700021 26772636 0 0 1302528
925696 20754657 20754403 26842695 0 0 1253376
999424 20809074 20808809 26912820 0 0 1302528
1056768 20863458 20863209 26982879 0 0 1302528
765952 20917479 20917211 27052608 0 0 1302528
1036288 20971896 20971656 27122799 0 0 1253376
897024 21025917 21025733 27192495 0 0 1286144
1056768 21080697 21080435 27262983 0 0 1253376
1077248 21135081 21134853 27333141 0 0 1298432
1036288 21189531 21189242 27403266 0 0 1241088
1138688 21243585 21243291 27473028 0 0 1302528
1011712 21297936 21297724 27543087 0 0 1298432
851968 21350868 21350728 27611496 0 0 1003520
1933312 21395946 21395519 27670203 0 0 1990656
1114112 21449868 21449583 27740130 0 0 1298432
1105920 21504054 21503851 27810420 0 0 1298432
1191936 21558009 21557724 27880347 0 0 1306624
909312 21612195 21611916 27950637 0 0 1298432
1085440 21666084 21665836 28020531 0 0 1257472
1134592 21719973 21719706 28090425 0 0 1302528
1114112 21774192 21773929 28160781 0 0 1249280
1093632 21827982 21827836 28230675 0 0 1257472
1146880 21881937 21881678 28300569 0 0 1253376
1171456 21936156 21935927 28370925 0 0 1257472
1048576 21990309 21990076 28441248 0 0 1245184
1056768 22044528 22044304 28511505 0 0 1302528
1044480 22098681 22098461 28581828 0 0 1257472
1224704 22152933 22152670 28652085 0 0 1294336
1134592 22207119 22206907 28722342 0 0 1306624
1003520 22261338 22261041 28792665 0 0 1294336
1323008 22315227 22314890 28862493 0 0 1302528
1204224 22369380 22369115 28932882 0 0 1257472
1101824 22423533 22423287 29003139 0 0 1298432
1183744 22477719 22477459 29073462 0 0 1302528
1126400 22531938 22531669 29143719 0 0 1294336
1032192 22585827 22585527 29213745 0 0 1253376
1028096 22640046 22639785 29284035 0 0 1294336
929792 22694199 22693886 29354292 0 0 1298432
1224704 22748682 22748455 29425011 0 0 1257472
1298432 22803000 22802721 29495532 0 0 1310720
1032192 22857318 22857074 29566020 0 0 1257472
