1155072 5940 5727 7953 0 0 1220608
1003520 62304 62027 81213 0 0 1216512
1720320 116094 115706 151338 0 0 1855488
1118208 169587 169303 220902 0 0 1126400
1040384 223344 223049 290763 0 0 1216512
1191936 277134 276958 360921 0 0 1212416
1073152 331089 330904 431046 0 0 1171456
1150976 384978 384817 501138 0 0 1175552
1130496 438570 438339 570900 0 0 1171456
1671168 492789 492346 641355 0 0 1863680
991232 546414 546166 711117 0 0 1175552
1236992 599940 599697 780846 0 0 1171456
1134592 653895 653650 850938 0 0 1171456
1089536 707454 707200 920700 0 0 1224704
1085440 761343 761146 990792 0 0 1224704
1105920 815265 814997 1060983 0 0 1216512
1056768 869187 868888 1131042 0 0 1159168
1183744 923043 922818 1201200 0 0 1224704
1261568 977130 976843 1271523 0 0 1232896
1179648 1030854 1030606 1341450 0 0 1220608
1191936 1085040 1084813 1411938 0 0 1224704
1216512 1138929 1138738 1482063 0 0 1175552
1953792 1192851 1192421 1552155 0 0 1921024
1155072 1246773 1246521 1622280 0 0 1224704
1142784 1300629 1300408 1692438 0 0 1224704
1105920 1354551 1354316 1762563 0 0 1171456
1245184 1408110 1407902 1832226 0 0 1216512
1716224 1462296 1461958 1902846 0 0 1921024
761856 1514733 1514585 1971189 0 0 909312
1273856 1559250 1559057 2029071 0 0 1302528
1372160 1613238 1612973 2098965 0 0 1310720
1064960 1667424 1667166 2169222 0 0 1306624
1282048 1721610 1721391 2239578 0 0 1302528
1085440 1775235 1775041 2309043 0 0 1306624
1114112 1829454 1829212 2379333 0 0 1257472
1150976 1883772 1883476 2449425 0 0 1302528
1335296 1937991 1937747 2519517 0 0 1306624
1187840 1992276 1992018 2589675 0 0 1302528
1212416 2046528 2046206 2659767 0 0 1261568
1224704 2100714 2100498 2729892 0 0 1310720
1224704 2154966 2154702 2800050 0 0 1261568
1208320 2209218 2208999 2870208 0 0 1306624
1208320 2263107 2262935 2939904 0 0 1306624
1081344 2317458 2317225 3010029 0 0 1306624
856064 2371083 2370845 3079329 0 0 1302528
962560 2425335 2425100 3149454 0 0 1302528
1060864 2479587 2479339 3219579 0 0 1310720
1085440 2533872 2533560 3289671 0 0 1310720
1212416 2587761 2587541 3359400 0 0 1302528
1183744 2642376 2642099 3429954 0 0 1257472
1196032 2696232 2696060 3499716 0 0 1257472
1269760 2750187 2749988 3569346 0 0 1306624
1282048 2804439 2804290 3639471 0 0 1298432
1163264 2858460 2858234 3709266 0 0 1306624
1228800 2912976 2912794 3779787 0 0 1310720
1298432 2966964 2966711 3849516 0 0 1306624
1318912 3021249 3020983 3919674 0 0 1306624
847872 3064413 3064143 3975840 0 0 1044480
929792 3118665 3118452 4046163 0 0 1060864
1261568 3172521 3172309 4115958 0 0 1298432
1093632 3226872 3226594 4186314 0 0 1249280
1179648 3280794 3280570 4256175 0 0 1306624
1191936 3334815 3334479 4326069 0 0 1310720
1417216 3388968 3388719 4396161 0 0 1261568
1261568 3443220 3442928 4466253 0 0 1261568
1015808 3497076 3496856 4536015 0 0 1253376
1236992 3551328 3551072 4606140 0 0 1306624
1122304 3605250 3604984 4675869 0 0 1302528
1101824 3659469 3659237 4746027 0 0 1249280
1249280 3713688 3713445 4816086 0 0 1302528
1216512 3767940 3767616 4886244 0 0 1302528
1052672 3822423 3822191 4956765 0 0 1257472
1204224 3876675 3876457 5026824 0 0 1310720
1196032 3930927 3930666 5097015 0 0 1306624
1265664 3985410 3985100 5167569 0 0 1306624
1495040 4039662 4039375 5237694 0 0 1257472
1245184 4094178 4093891 5308116 0 0 1306624
1175552 4148397 4148113 5378241 0 0 1310720
1994752 4202913 4202471 5448729 0 0 1925120
892928 4256868 4256688 5518557 0 0 999424
1097728 4311384 4311138 5589012 0 0 1306624
1060864 4365900 4365686 5659533 0 0 1257472
1380352 4420119 4419835 5729658 0 0 1298432
1548288 4474338 4474058 5799816 0 0 1302528
1159168 4528227 4527983 5869479 0 0 1306624
1044480 4572183 4571950 5926767 0 0 1302528
1167360 4626468 4626239 5997024 0 0 1310720
1142784 4680621 4680397 6067380 0 0 1257472
1187840 4735203 4734941 6138033 0 0 1310720
1253376 4789455 4789213 6208356 0 0 1306624
1380352 4843377 4843124 6278316 0 0 1302528
1708032 4897860 4897473 6348969 0 0 1945600
1245184 4952409 4952196 6419655 0 0 1257472
1253376 5007552 5007263 6491199 0 0 1302528
1355776 5062662 5062422 6562677 0 0 1306624
1081344 5116782 5116531 6632967 0 0 1306624
1273856 5172222 5171999 6704775 0 0 1212416
1826816 5227332 5226877 6776286 0 0 1945600
1212416 5281254 5280983 6846246 0 0 1257472
1183744 5335737 5335479 6916899 0 0 1310720
1261568 5389956 5389706 6987222 0 0 1302528
1216512 5443845 5443525 7057149 0 0 1257472
1495040 5497899 5497585 7127307 0 0 1601536
1208320 5552811 5552547 7198521 0 0 1306624
1052672 5607030 5606734 7268877 0 0 1302528
1196032 5660919 5660602 7338738 0 0 1212416
1236992 5715039 5714828 7409061 0 0 1216512
1069056 5769588 5769347 7479780 0 0 1302528
1208320 5823774 5823520 7550004 0 0 1282048
1187840 5877927 5877731 7620327 0 0 1306624
1138688 5932113 5931871 7690650 0 0 1257472
1138688 5986035 5985796 7760478 0 0 1261568
1060864 6039957 6039665 7830471 0 0 1298432
868352 6084672 6084509 7888716 0 0 991232
1024000 6137439 6137210 7957323 0 0 1298432
1273856 6192021 6191731 8028009 0 0 1257472
1077248 6246174 6245902 8098266 0 0 1298432
1179648 6300426 6300132 8168556 0 0 1261568
1224704 6354282 6354031 8238516 0 0 1302528
1212416 6408468 6408213 8308740 0 0 1257472
1183744 6462225 6462018 8378667 0 0 1306624
1187840 6516378 6516165 8448957 0 0 1310720
1093632 6570498 6570217 8519247 0 0 1306624
1212416 6624882 6624568 8589999 0 0 1310720
1187840 6678969 6678701 8660223 0 0 1306624
1183744 6732792 6732505 8730183 0 0 1302528
1171456 6786813 6786553 8800473 0 0 1253376
2101248 6841494 6841048 8871522 0 0 2002944
1265664 6895944 6895623 8942241 0 0 1306624
1302528 6949998 6949729 9012498 0 0 1306624
1159168 7003953 7003671 9082656 0 0 1208320
1179648 7057908 7057636 9152715 0 0 1257472
1056768 7112325 7112091 9223401 0 0 1306624
1138688 7166346 7166132 9293658 0 0 1302528
1134592 7220466 7220256 9363981 0 0 1302528
1208320 7274553 7274349 9434271 0 0 1257472
987136 7328310 7328091 9504198 0 0 1298432
1101824 7382430 7382211 9574554 0 0 1306624
1249280 7436352 7436096 9644613 0 0 1261568
1269760 7490307 7490049 9714705 0 0 1310720
1077248 7544394 7544156 9785028 0 0 1257472
1253376 7598481 7598206 9855318 0 0 1298432
1085440 7642272 7641971 9912177 0 0 1257472
1110016 7696953 7696723 9982665 0 0 1298432
1196032 7751040 7750803 10052361 0 0 1257472
1052672 7805424 7805220 10122552 0 0 1306624
950272 7859841 7859629 10192644 0 0 1302528
1101824 7913928 7913642 10262373 0 0 1261568
1089536 7968048 7967787 10332069 0 0 1261568
1036288 8022432 8022155 10402161 0 0 1261568
1044480 8076816 8076570 10472352 0 0 1302528
1101824 8130870 8130633 10542048 0 0 1306624
962560 8184957 8184714 10611777 0 0 1298432
1105920 8239341 8239056 10681935 0 0 1257472
966656 8293461 8293128 10751565 0 0 1298432
1388544 8347779 8347542 10821723 0 0 1302528
1859584 8402196 8401744 10891782 0 0 1949696
1159168 8456283 8456005 10961544 0 0 1310720
970752 8510700 8510454 11031669 0 0 1245184
1110016 8565051 8564865 11101827 0 0 1306624
933888 8619468 8619204 11171952 0 0 1253376
1081344 8673819 8673626 11242011 0 0 1261568
1142784 8728236 8727988 11312169 0 0 1302528
962560 8782620 8782381 11382294 0 0 1306624
1105920 8837334 8837119 11452815 0 0 1290240
1249280 8892048 8891770 11523336 0 0 1261568
1175552 8946135 8945857 11593032 0 0 1302528
958464 9000222 8999923 11662794 0 0 1257472
1015808 9054639 9054360 11732952 0 0 1261568
1015808 9108990 9108776 11803110 0 0 1302528
1052672 9152154 9151939 11859210 0 0 1261568
1187840 9206538 9206264 11929434 0 0 1253376
1163264 9260922 9260635 11999757 0 0 1302528
1204224 9315570 9315348 12070410 0 0 1302528
1093632 9369690 9369455 12140370 0 0 1306624
1159168 9424404 9424163 12211089 0 0 1306624
1089536 9478788 9478426 12281379 0 0 1306624
901120 9533370 9533170 12352032 0 0 1302528
1228800 9587457 9587189 12421959 0 0 1261568
1257472 9641577 9641301 12491853 0 0 1306624
1138688 9695730 9695474 12561912 0 0 1142784
983040 9750279 9750067 12632433 0 0 1306624
913408 9804663 9804400 12702723 0 0 1257472
1654784 9859311 9858901 12773409 0 0 1986560
1114112 9913398 9913143 12843303 0 0 1306624
1028096 9967782 9967543 12913626 0 0 1257472
1253376 10022496 10022220 12984345 0 0 1261568
1019904 10077474 10077222 13055427 0 0 1306624
1216512 10131462 10131202 13125354 0 0 1302528
1646592 10186473 10186047 13196403 0 0 1933312
1040384 10240527 10240262 13266297 0 0 1306624
1785856 10294878 10294480 13336620 0 0 1933312
1134592 10349262 10349022 13406877 0 0 1310720
1069056 10403613 10403453 13477266 0 0 1302528
995328 10458030 10457825 13547490 0 0 1302528
1056768 10512447 10512181 13617813 0 0 1306624
1101824 10566501 10566246 13687740 0 0 1306624
1265664 10620522 10620290 13757700 0 0 1306624
1019904 10663983 10663751 13814196 0 0 1261568
1011712 10718301 10718129 13884321 0 0 1257472
1196032 10773081 10772708 13954875 0 0 1302528
983040 10827333 10827099 14025033 0 0 1257472
1175552 10881354 10881146 14094696 0 0 1257472
1159168 10935738 10935480 14164854 0 0 1306624
1286144 10990122 10989834 14234946 0 0 1306624
1376256 11044407 11044184 14305038 0 0 1261568
974848 11098824 11098499 14375163 0 0 1290240
1069056 11153142 11152902 14445321 0 0 1302528
1269760 11207229 11206967 14514984 0 0 1310720
1118208 11261547 11261314 14585175 0 0 1261568
991232 11315931 11315643 14655234 0 0 1298432
974848 11370315 11370084 14725425 0 0 1298432
1110016 11424369 11424124 14795088 0 0 1306624
1028096 11478720 11478448 14865213 0 0 1261568
1155072 11533104 11532800 14935404 0 0 1257472
1273856 11587455 11587178 15005463 0 0 1261568
1155072 11641443 11641214 15075192 0 0 1306624
1183744 11696124 11695888 15145713 0 0 1249280
1396736 11750145 11749933 15215475 0 0 1302528
1089536 11804562 11804269 15285633 0 0 1306624
1306624 11859210 11858970 15356088 0 0 1306624
1249280 11913297 11913008 15425850 0 0 1257472
1060864 11967648 11967403 15495975 0 0 1261568
913408 12021735 12021547 15565836 0 0 1056768
1159168 12076350 12076096 15636225 0 0 1257472
1101824 12130734 12130473 15706317 0 0 1302528
897024 12185910 12185664 15777663 0 0 1261568
1200128 12229272 12229048 15834060 0 0 1302528
999424 12283095 12282849 15903789 0 0 1257472
1232896 12337215 12336995 15973914 0 0 1257472
1228800 12391104 12390857 16043643 0 0 1236992
1228800 12445257 12444994 16113669 0 0 1302528
1208320 12499080 12498885 16183398 0 0 1306624
1163264 12553365 12553069 16253589 0 0 1306624
1081344 12607221 12606954 16323285 0 0 1261568
1130496 12661473 12661235 16393377 0 0 1306624
1101824 12715395 12715130 16463106 0 0 1257472
1138688 12769614 12769324 16533231 0 0 1306624
1007616 12823437 12823157 16603026 0 0 1302528
1196032 12877722 12877401 16673085 0 0 1310720
1191936 12931908 12931635 16743243 0 0 1257472
1142784 12986061 12985802 16813335 0 0 1306624
1232896 13040280 13040054 16883460 0 0 1257472
897024 13094532 13094359 16953585 0 0 921600
1073152 13149015 13148754 17024106 0 0 1257472
1126400 13203168 13202903 17094231 0 0 1261568
1273856 13257123 13256899 17163894 0 0 1302528
1146880 13311408 13311108 17233986 0 0 1302528
1241088 13365891 13365624 17304540 0 0 1261568
1236992 13420044 13419799 17374632 0 0 1257472
1179648 13474296 13473999 17444757 0 0 1261568
1425408 13528317 13528057 17514783 0 0 1593344
1290240 13582404 13582205 17584644 0 0 1310720
1277952 13636590 13636328 17654703 0 0 1302528
970752 13691106 13690918 17725257 0 0 1290240
1081344 13734468 13734243 17781654 0 0 1302528
1155072 13788786 13788554 17851977 0 0 1298432
1130496 13842774 13842562 17921871 0 0 1306624
1290240 13897092 13896797 17992260 0 0 1310720
1216512 13951344 13951150 18062517 0 0 1253376
1130496 14005728 14005417 18132840 0 0 1306624
1110016 14059914 14059662 18202965 0 0 1302528
1134592 14114133 14113873 18273123 0 0 1208320
966656 14168418 14168118 18343248 0 0 1257472
1204224 14222670 14222408 18413406 0 0 1261568
1183744 14276889 14276616 18483465 0 0 1306624
1122304 14330844 14330620 18553227 0 0 1302528
1662976 14385360 14384916 18623715 0 0 1941504
991232 14439018 14438730 18693048 0 0 1298432
1290240 14493303 14493014 18763173 0 0 1310720
1191936 14547192 14546973 18833001 0 0 1306624
1097728 14601444 14601140 18903027 0 0 1249280
1138688 14655333 14655122 18972690 0 0 1306624
1150976 14709585 14709354 19042848 0 0 1306624
1048576 14764101 14763835 19113369 0 0 1310720
1298432 14818419 14818175 19183494 0 0 1261568
1683456 14872638 14872188 19253553 0 0 2002944
1241088 14927220 14926953 19324107 0 0 1257472
1212416 14981472 14981144 19394199 0 0 1302528
1232896 15035691 15035412 19464357 0 0 1261568
1421312 15089877 15089649 19534482 0 0 1261568
1024000 15144129 15143863 19604574 0 0 1302528
983040 15198381 15198123 19674765 0 0 1302528
1171456 15242073 15241778 19731558 0 0 1302528
1056768 15296688 15296481 19802244 0 0 1261568
1187840 15351072 15350783 19872534 0 0 1302528
1196032 15406281 15406062 19944078 0 0 1245184
1003520 15460401 15460070 20014005 0 0 1208320
1097728 15514653 15514458 20084295 0 0 1253376
1073152 15569004 15568773 20154552 0 0 1302528
1101824 15623289 15623078 20224677 0 0 1306624
1056768 15678498 15678289 20295957 0 0 1249280
1703936 15733113 15732662 20366445 0 0 1990656
1155072 15787101 15786919 20436240 0 0 1302528
1134592 15842079 15841815 20507091 0 0 1302528
1134592 15896067 15895798 20576853 0 0 1306624
1200128 15950385 15950081 20646879 0 0 1261568
1269760 16005231 16005007 20717829 0 0 1249280
1056768 16059516 16059329 20787954 0 0 1298432
1388544 16115649 16115417 20860488 0 0 1306624
1302528 16170000 16169713 20930580 0 0 1302528
1101824 16224219 16224045 21000672 0 0 1302528
1245184 16278273 16278003 21070401 0 0 1298432
1081344 16332525 16332282 21140526 0 0 1208320
1142784 16386843 16386587 21210651 0 0 1306624
1949696 16441458 16441061 21281172 0 0 1949696
966656 16495446 16495222 21350835 0 0 1257472
1204224 16549764 16549534 21420960 0 0 1261568
1146880 16603785 16603527 21490656 0 0 1302528
1081344 16658004 16657830 21560814 0 0 1306624
1142784 16712025 16711759 21630576 0 0 1302528
1040384 16759347 16759223 21691857 0 0 1003520
933888 16810332 16810069 21757692 0 0 1306624
942080 16864617 16864373 21827619 0 0 1261568
1187840 16919199 16918910 21897810 0 0 1298432
1122304 16973418 16973155 21967770 0 0 1310720
1036288 17027670 17027449 22037664 0 0 1298432
1040384 17081955 17081660 22107558 0 0 1257472
1089536 17136471 17136208 22177815 0 0 1298432
1019904 17190723 17190408 22247709 0 0 1306624
978944 17245536 17245301 22318428 0 0 1261568
950272 17300085 17299775 22388751 0 0 1298432
1658880 17354568 17354175 22459041 0 0 1990656
983040 17408853 17408600 22528935 0 0 1257472
1003520 17463699 17463391 22599654 0 0 1306624
1228800 17518215 17517950 22669944 0 0 1261568
937984 17572731 17572524 22740201 0 0 1257472
1753088 17627346 17626820 22810425 0 0 1945600
1003520 17681598 17681283 22880385 0 0 1261568
1028096 17736345 17736125 22951104 0 0 1302528
1097728 17790927 17790673 23021328 0 0 1298432
1146880 17845443 17845205 23091717 0 0 1306624
1028096 17899992 17899781 23161974 0 0 1302528
1011712 17954310 17954074 23232033 0 0 999424
954368 18008760 18008536 23302224 0 0 1306624
937984 18063309 18063058 23372547 0 0 1302528
1118208 18117594 18117351 23442375 0 0 1261568
1339392 18172374 18172183 23513127 0 0 1302528
1138688 18226923 18226669 23583384 0 0 1302528
1105920 18281505 18281173 23653806 0 0 1306624
1122304 18325065 18324836 23710302 0 0 1261568
1232896 18379350 18379071 23780196 0 0 1257472
937984 18433899 18433674 23850486 0 0 1302528
1224704 18488481 18488229 23920842 0 0 1306624
1060864 18542733 18542487 23990769 0 0 1261568
1118208 18597282 18597076 24061092 0 0 1302528
1134592 18651798 18651511 24131316 0 0 1261568
1064960 18705951 18705743 24201276 0 0 1302528
1236992 18760500 18760236 24271533 0 0 1257472
1130496 18814983 18814734 24341856 0 0 1257472
991232 18869466 18869284 24412113 0 0 1302528
847872 18923652 18923522 24482073 0 0 925696
1265664 18978168 18977921 24552363 0 0 1306624
851968 19032618 19032397 24622686 0 0 1302528
1101824 19087200 19086951 24693009 0 0 1310720
1056768 19141650 19141410 24763299 0 0 1257472
1073152 19196166 19195941 24833589 0 0 1306624
909312 19250649 19250412 24903912 0 0 1306624
1437696 19304736 19304451 24973674 0 0 1662976
774144 19359351 19359048 25044063 0 0 1294336
921600 19413504 19413294 25113990 0 0 1302528
1150976 19467987 19467766 25184247 0 0 1306624
991232 19522503 19522282 25254537 0 0 1257472
1134592 19576722 19576500 25324431 0 0 1306624
1220608 19631205 19630965 25394754 0 0 1298432
1056768 19685688 19685425 25465077 0 0 1306624
1118208 19739874 19739633 25534971 0 0 1306624
1036288 19794687 19794478 25605690 0 0 1306624
1183744 19837950 19837648 25661790 0 0 1302528
1118208 19892334 19892100 25731882 0 0 1261568
1044480 19946718 19946488 25802040 0 0 1261568
962560 20001135 20000885 25872099 0 0 1302528
1216512 20055222 20054997 25941828 0 0 1302528
1212416 20109606 20109363 26011953 0 0 1257472
1572864 20164023 20163635 26082078 0 0 1994752
1024000 20218110 20217852 26151741 0 0 1306624
1138688 20272527 20272262 26221899 0 0 1261568
1024000 20327175 20326915 26292321 0 0 1306624
1163264 20381625 20381346 26362446 0 0 1261568
1105920 20435943 20435707 26432604 0 0 1261568
1155072 20490690 20490382 26503092 0 0 1302528
962560 20545008 20544828 26573250 0 0 1302528
1835008 20599425 20599005 26643408 0 0 1998848
1069056 20653545 20653290 26713104 0 0 1302528
1826816 20707929 20707474 26783229 0 0 2056192
1097728 20762313 20762090 26853321 0 0 1257472
1056768 20816400 20816156 26923083 0 0 1306624
966656 20871081 20870821 26993538 0 0 1306624
1003520 20925135 20924936 27063333 0 0 1306624
880640 20979288 20979099 27133128 0 0 974848
851968 21033672 21033572 27203319 0 0 1060864
1048576 21088023 21087760 27273345 0 0 1310720
1241088 21142770 21142560 27343866 0 0 1306624
1175552 21197121 21196832 27413958 0 0 1306624
1646592 21251505 21251101 27484149 0 0 1945600
1101824 21305592 21305347 27553878 0 0 1302528
942080 21350901 21350713 27612387 0 0 1007616
970752 21403272 21403029 27680565 0 0 1298432
1363968 21457491 21457189 27750888 0 0 1306624
1245184 21511644 21511448 27821145 0 0 1253376
1286144 21565533 21565355 27891072 0 0 1310720
1294336 21620049 21619833 27961824 0 0 1265664
1290240 21674301 21674055 28032081 0 0 1261568
1183744 21728157 21727927 28102008 0 0 1261568
1449984 21782178 21781883 28172166 0 0 1429504
1187840 21836529 21836262 28242621 0 0 1302528
1187840 21890418 21890157 28312515 0 0 1298432
1085440 21944835 21944622 28383168 0 0 1257472
1093632 21999120 21998815 28453458 0 0 1257472
831488 22053042 22052858 28523418 0 0 925696
1110016 22107492 22107225 28594137 0 0 1302528
1163264 22161678 22161463 28664394 0 0 1306624
1142784 22215600 22215339 28734354 0 0 1306624
1298432 22269720 22269497 28804545 0 0 1310720
1155072 22324269 22323993 28875231 0 0 1310720
1052672 22378455 22378269 28945686 0 0 950272
1179648 22432938 22432703 29016240 0 0 1310720
1204224 22487091 22486886 29086596 0 0 1310720
1224704 22540947 22540786 29156490 0 0 1310720
1159168 22595133 22594928 29226747 0 0 1310720
1323008 22649088 22648844 29296674 0 0 1306624
2015232 22703274 22702814 29366931 0 0 1949696
1122304 22757460 22757175 29437254 0 0 1257472
1261568 22811613 22811406 29507610 0 0 1306624
1183744 22865799 22865584 29577933 0 0 1261568
