cache	rss	rss_huge	shmem	mapped_file	dirty	writeback	pgpgin	pgpgout	pgfault	pgmajfault	inactive_anon	active_anon	inactive_file	active_file	unevictable	hierarchical_memory_limit	total_cache	total_rss	total_rss_huge	total_shmem	total_mapped_file	total_dirty	total_writeback	total_pgpgin	total_pgpgout	total_pgfault	total_pgmajfault	total_inactive_anon	total_active_anon	total_inactive_file	total_active_file	total_unevictable	
0	1937408	0	0	0	0	0	7326	6907	9042	0	0	2039808	0	0	0	12582912	0	1937408	0	0	0	0	0	7326	6907	9042	0	0	2039808	0	0	0	
0	1675264	0	0	0	0	0	22011	21600	26367	0	483328	1347584	0	0	0	12582912	0	1675264	0	0	0	0	0	22011	21600	26367	0	483328	1347584	0	0	0	
0	335872	0	0	0	0	0	36267	36130	43428	0	20480	442368	20480	0	0	12582912	0	335872	0	0	0	0	0	36267	36130	43428	0	20480	442368	20480	0	0	
0	1200128	0	0	0	0	0	47190	46939	56397	0	20480	1372160	20480	0	0	12582912	0	1200128	0	0	0	0	0	47190	46939	56397	0	20480	1372160	20480	0	0	
0	1421312	0	0	0	0	0	57783	57576	69135	0	12288	1347584	0	0	0	12582912	0	1421312	0	0	0	0	0	57783	57576	69135	0	12288	1347584	0	0	0	
0	1622016	0	0	0	0	0	68310	67977	81675	0	12288	1773568	0	0	0	12582912	0	1622016	0	0	0	0	0	68310	67977	81675	0	12288	1773568	0	0	0	
0	1990656	0	0	0	0	0	79464	79031	94941	0	12288	2105344	20480	0	0	12582912	0	1990656	0	0	0	0	0	79464	79031	94941	0	12288	2105344	20480	0	0	
0	1183744	0	0	0	0	0	90552	90303	108207	0	12288	1343488	0	0	0	12582912	0	1183744	0	0	0	0	0	90552	90303	108207	0	12288	1343488	0	0	0	
0	1167360	0	0	0	0	0	103158	102933	123255	0	12288	1306624	0	0	0	12582912	0	1167360	0	0	0	0	0	103158	102933	123255	0	12288	1306624	0	0	0	
0	1327104	0	0	0	0	0	117249	117031	140052	0	12288	1372160	20480	0	0	12582912	0	1327104	0	0	0	0	0	117249	117031	140052	0	12288	1372160	20480	0	0	
0	1204224	0	0	0	0	0	132363	132108	158136	0	12288	1368064	0	0	0	12582912	0	1204224	0	0	0	0	0	132363	132108	158136	0	12288	1368064	0	0	0	
0	1200128	0	0	0	0	0	142956	142703	170742	0	12288	1363968	0	0	0	12582912	0	1200128	0	0	0	0	0	142956	142703	170742	0	12288	1363968	0	0	0	
0	1208320	0	0	0	0	0	154044	153783	183909	0	12288	1372160	0	0	0	12582912	0	1208320	0	0	0	0	0	154044	153783	183909	0	12288	1372160	0	0	0	
0	90112	0	0	0	0	0	166188	166176	198429	0	12288	245760	20480	0	0	12582912	0	90112	0	0	0	0	0	166188	166176	198429	0	12288	245760	20480	0	0	
0	1282048	0	0	0	0	0	178233	177931	212751	0	12288	1376256	0	0	0	12582912	0	1282048	0	0	0	0	0	178233	177931	212751	0	12288	1376256	0	0	0	
0	1368064	0	0	0	0	0	188826	188540	225390	0	12288	1372160	0	0	0	12582912	0	1368064	0	0	0	0	0	188826	188540	225390	0	12288	1372160	0	0	0	
0	1191936	0	0	0	0	0	200838	200588	239778	0	12288	1384448	0	0	0	12582912	0	1191936	0	0	0	0	0	200838	200588	239778	0	12288	1384448	0	0	0	
0	1310720	0	0	0	0	0	216975	216758	259017	0	12288	1335296	0	0	0	12582912	0	1310720	0	0	0	0	0	216975	216758	259017	0	12288	1335296	0	0	0	
0	1224704	0	0	0	0	135168	230637	230365	275418	0	4096	1335296	0	0	0	12582912	0	1224704	0	0	0	0	135168	230637	230365	275418	0	4096	1335296	0	0	0	
0	2027520	0	0	0	0	135168	242220	241777	289278	0	4096	2113536	0	0	0	12582912	0	2027520	0	0	0	0	135168	242220	241777	289278	0	4096	2113536	0	0	0	
0	1204224	0	0	0	0	135168	252879	252526	301917	0	4096	1376256	20480	0	0	12582912	0	1204224	0	0	0	0	135168	252879	252526	301917	0	4096	1376256	20480	0	0	
0	540672	0	0	0	0	135168	252978	252858	302247	0	4096	696320	24576	0	0	12582912	0	540672	0	0	0	0	135168	252978	252858	302247	0	4096	696320	24576	0	0	
0	1286144	0	0	0	0	135168	265716	265448	317856	0	28672	1380352	24576	0	0	12582912	0	1286144	0	0	0	0	135168	265716	265448	317856	0	28672	1380352	24576	0	0	
0	1323008	0	0	0	0	135168	276837	276551	331122	0	28672	1421312	4096	0	0	12582912	0	1323008	0	0	0	0	135168	276837	276551	331122	0	28672	1421312	4096	0	0	
0	1273856	0	0	0	0	135168	288453	288162	344916	0	28672	1376256	4096	0	0	12582912	0	1273856	0	0	0	0	135168	288453	288162	344916	0	28672	1376256	4096	0	0	
0	1175552	0	0	0	0	135168	303171	302929	362604	0	12288	1359872	0	0	0	12582912	0	1175552	0	0	0	0	135168	303171	302929	362604	0	12288	1359872	0	0	0	
0	1183744	0	0	0	0	135168	316338	316051	378147	0	12288	1355776	0	0	0	12582912	0	1183744	0	0	0	0	135168	316338	316051	378147	0	12288	1355776	0	0	0	
0	1175552	0	0	0	0	135168	327426	327148	391446	0	12288	1363968	0	0	0	12582912	0	1175552	0	0	0	0	135168	327426	327148	391446	0	12288	1363968	0	0	0	
0	2002944	0	0	0	0	135168	338580	338064	404613	0	12288	2064384	0	0	0	12582912	0	2002944	0	0	0	0	135168	338580	338064	404613	0	12288	2064384	0	0	0	
0	1286144	0	0	0	0	135168	349767	349498	418242	165	12288	1363968	20480	0	0	12582912	0	1286144	0	0	0	0	135168	349767	349498	418242	165	12288	1363968	20480	0	0	
0	1216512	0	0	0	0	135168	361911	361647	432663	165	12288	1363968	0	0	0	12582912	0	1216512	0	0	0	0	135168	361911	361647	432663	165	12288	1363968	0	0	0	
0	151552	0	0	0	0	135168	373065	373077	446292	231	32768	266240	20480	0	0	12582912	0	151552	0	0	0	0	135168	373065	373077	446292	231	32768	266240	20480	0	0	
0	1806336	0	0	0	0	135168	385671	385203	461175	231	28672	2052096	0	0	0	12582912	0	1806336	0	0	0	0	135168	385671	385203	461175	231	28672	2052096	0	0	0	
0	1200128	0	0	0	0	135168	401346	401108	479853	231	32768	1343488	0	0	0	12582912	0	1200128	0	0	0	0	135168	401346	401108	479853	231	32768	1343488	0	0	0	
0	1228800	0	0	0	0	135168	414546	414341	495792	297	36864	1335296	20480	0	0	12582912	0	1228800	0	0	0	0	135168	414546	414341	495792	297	36864	1335296	20480	0	0	
0	1130496	0	0	0	0	135168	425700	425426	509091	297	36864	1335296	20480	0	0	12582912	0	1130496	0	0	0	0	135168	425700	425426	509091	297	36864	1335296	20480	0	0	
0	1241088	0	0	0	0	135168	437811	437556	523479	297	40960	1339392	0	0	0	12582912	0	1241088	0	0	0	0	135168	437811	437556	523479	297	40960	1339392	0	0	0	
0	1228800	0	0	0	0	135168	448932	448714	536712	297	40960	1327104	0	0	0	12582912	0	1228800	0	0	0	0	135168	448932	448714	536712	297	40960	1327104	0	0	0	
0	139264	0	0	0	0	135168	461802	461768	552486	429	28672	430080	20480	0	0	12582912	0	139264	0	0	0	0	135168	461802	461768	552486	429	28672	430080	20480	0	0	
0	1335296	0	0	0	0	135168	472362	472041	565092	429	61440	1363968	0	0	0	12582912	0	1335296	0	0	0	0	135168	472362	472041	565092	429	61440	1363968	0	0	0	
0	1216512	0	0	0	0	135168	486420	486104	583209	891	49152	1421312	0	0	0	12582912	0	1216512	0	0	0	0	135168	486420	486104	583209	891	49152	1421312	0	0	0	
0	1159168	0	0	0	0	135168	501072	500756	600633	891	40960	1437696	20480	0	0	12582912	0	1159168	0	0	0	0	135168	501072	500756	600633	891	40960	1437696	20480	0	0	
0	1249280	0	0	0	0	135168	514239	513920	616275	891	40960	1433600	0	0	0	12582912	0	1249280	0	0	0	0	135168	514239	513920	616275	891	40960	1433600	0	0	0	
0	1126400	0	0	0	0	135168	524766	524551	629079	891	24576	1359872	0	0	0	12582912	0	1126400	0	0	0	0	135168	524766	524551	629079	891	24576	1359872	0	0	0	
0	589824	0	0	0	0	135168	536250	536083	643071	924	16384	946176	20480	0	0	12582912	0	589824	0	0	0	0	135168	536250	536083	643071	924	16384	946176	20480	0	0	
0	1167360	0	0	0	0	135168	547140	546883	655941	924	16384	1351680	0	0	0	12582912	0	1167360	0	0	0	0	135168	547140	546883	655941	924	16384	1351680	0	0	0	
0	1134592	0	0	0	0	135168	558228	557993	669174	924	16384	1355776	0	0	0	12582912	0	1134592	0	0	0	0	135168	558228	557993	669174	924	16384	1355776	0	0	0	
0	155648	0	0	0	0	135168	569448	569408	682572	924	16384	376832	20480	0	0	12582912	0	155648	0	0	0	0	135168	569448	569408	682572	924	16384	376832	20480	0	0	
0	1200128	0	0	0	0	135168	583011	582787	698643	924	16384	1359872	0	0	0	12582912	0	1200128	0	0	0	0	135168	583011	582787	698643	924	16384	1359872	0	0	0	
0	1048576	0	0	0	0	135168	597663	597393	716034	924	16384	1314816	0	0	0	12582912	0	1048576	0	0	0	0	135168	597663	597393	716034	924	16384	1314816	0	0	0	
0	258048	0	0	0	0	135168	610896	610894	732006	957	49152	331776	20480	0	0	12582912	0	258048	0	0	0	0	135168	610896	610894	732006	957	49152	331776	20480	0	0	
0	1044480	0	0	0	0	135168	621225	621038	744216	957	49152	1085440	20480	0	0	12582912	0	1044480	0	0	0	0	135168	621225	621038	744216	957	49152	1085440	20480	0	0	
0	1306624	0	0	0	0	135168	632082	631839	757053	957	49152	1302528	0	0	0	12582912	0	1306624	0	0	0	0	135168	632082	631839	757053	957	49152	1302528	0	0	0	
0	1163264	0	0	0	0	135168	642147	641923	769131	957	49152	1343488	0	0	0	12582912	0	1163264	0	0	0	0	135168	642147	641923	769131	957	49152	1327104	0	0	0	
0	1204224	0	0	0	0	135168	652344	652078	781209	990	4096	1376256	20480	0	0	12582912	0	1204224	0	0	0	0	135168	652344	652078	781209	990	4096	1376256	20480	0	0	
0	1368064	0	0	0	0	135168	663927	663707	794970	990	8192	1372160	0	0	0	12582912	0	1368064	0	0	0	0	135168	663927	663707	794970	990	8192	1372160	0	0	0	
0	1044480	0	0	0	0	135168	679206	678948	813483	1089	851968	360448	0	0	0	12582912	0	1044480	0	0	0	0	135168	679206	678948	813483	1089	851968	360448	0	0	0	
0	1835008	0	0	0	0	135168	693891	693456	832425	1551	8192	2097152	0	0	0	12582912	0	1835008	0	0	0	0	135168	693891	693456	832425	1551	8192	2097152	0	0	0	
0	1228800	0	0	0	0	135168	706596	706347	847638	1584	65536	1302528	0	0	0	12582912	0	1228800	0	0	0	0	135168	706596	706347	847638	1584	65536	1302528	0	0	0	
0	1216512	0	0	0	0	135168	717651	717444	860904	1584	65536	1294336	0	0	0	12582912	0	1216512	0	0	0	0	135168	717651	717444	860904	1584	65536	1294336	0	0	0	
0	1097728	0	0	0	0	135168	729795	729553	875358	1584	65536	1302528	0	0	0	12582912	0	1097728	0	0	0	0	135168	729795	729553	875358	1584	65536	1302528	0	0	0	
0	1228800	0	0	0	0	135168	741906	741680	889746	1584	65536	1253376	0	0	0	12582912	0	1228800	0	0	0	0	135168	741906	741680	889746	1584	65536	1253376	0	0	0	
0	1232896	0	0	0	0	135168	754908	754633	906213	1881	12288	1413120	0	0	0	12582912	0	1232896	0	0	0	0	135168	754908	754633	906213	1881	12288	1413120	0	0	0	
0	1888256	0	0	0	0	135168	765468	764989	918852	1881	12288	2142208	20480	0	0	12582912	0	1888256	0	0	0	0	135168	765468	764989	918852	1881	12288	2142208	20480	0	0	
0	1167360	0	0	0	0	135168	781242	780893	937728	1947	86016	1286144	0	0	0	12582912	0	1167360	0	0	0	0	135168	781242	780893	937728	1947	86016	1286144	0	0	0	
0	1978368	0	0	0	0	135168	796752	796356	957825	2343	40960	2072576	0	0	0	12582912	0	1978368	0	0	0	0	135168	796752	796356	957825	2343	40960	2072576	0	0	0	
0	1900544	0	0	0	0	135168	807939	807547	971388	2409	36864	2039808	0	0	0	12582912	0	1900544	0	0	0	0	135168	807939	807547	971388	2409	36864	2039808	0	0	0	
0	1105920	0	0	0	0	135168	818664	818404	984192	2475	16384	1314816	0	0	0	12582912	0	1105920	0	0	0	0	135168	818664	818404	984192	2475	16384	1314816	0	0	0	
0	1290240	0	0	0	0	135168	829785	829482	997359	2475	12288	1359872	0	0	0	12582912	0	1290240	0	0	0	0	135168	829785	829482	997359	2475	12288	1359872	0	0	0	
0	1875968	0	0	0	0	135168	841368	840898	1011120	2475	12288	2064384	0	0	0	12582912	0	1875968	0	0	0	0	135168	841368	840898	1011120	2475	12288	2064384	0	0	0	
0	1196032	0	0	0	0	135168	853974	853789	1026234	2508	36864	1335296	0	0	0	12582912	0	1196032	0	0	0	0	135168	853974	853789	1026234	2508	36864	1335296	0	0	0	
0	1179648	0	0	0	0	135168	865095	864863	1039434	2508	36864	1331200	0	0	0	12582912	0	1179648	0	0	0	0	135168	865095	864863	1039434	2508	36864	1331200	0	0	0	
0	1089536	0	0	0	0	135168	880341	880124	1057650	2541	720896	339968	0	0	0	12582912	0	1089536	0	0	0	0	135168	880341	880124	1057650	2541	720896	339968	0	0	0	
0	1241088	0	0	0	0	135168	894168	893919	1075140	2772	40960	1335296	20480	0	0	12582912	0	1241088	0	0	0	0	135168	894168	893919	1075140	2772	40960	1335296	20480	0	0	
0	1290240	0	0	0	0	135168	905784	905573	1089198	2805	32768	1339392	0	0	0	12582912	0	1290240	0	0	0	0	135168	905784	905573	1089198	2805	32768	1339392	0	0	0	
0	2002944	0	0	0	0	135168	916938	916514	1102398	2805	32768	2031616	0	0	0	12582912	0	2002944	0	0	0	0	135168	916938	916514	1102398	2805	32768	2031616	0	0	0	
0	1310720	0	0	0	0	135168	927564	927322	1115004	2805	32768	1343488	20480	0	0	12582912	0	1310720	0	0	0	0	135168	927564	927322	1115004	2805	32768	1343488	20480	0	0	
0	1146880	0	0	0	0	135168	939774	939471	1129590	2838	49152	1269760	0	0	0	12582912	0	1146880	0	0	0	0	135168	939774	939471	1129590	2838	49152	1269760	0	0	0	
0	1478656	0	0	0	0	135168	950862	950523	1142790	2838	49152	1585152	0	0	0	12582912	0	1478656	0	0	0	0	135168	950862	950523	1142790	2838	49152	1585152	0	0	0	
0	1138688	0	0	0	0	135168	961917	961669	1155924	2838	49152	1331200	0	0	0	12582912	0	1138688	0	0	0	0	135168	961917	961669	1155924	2838	49152	1331200	0	0	0	
0	974848	0	0	0	0	135168	966801	966597	1162821	2970	24576	831488	24576	0	0	12582912	0	974848	0	0	0	0	135168	966801	966597	1162821	2970	24576	831488	24576	0	0	
0	274432	0	0	0	0	135168	977130	977114	1175790	3069	32768	270336	20480	0	0	12582912	0	274432	0	0	0	0	135168	977130	977114	1175790	3069	32768	270336	20480	0	0	
0	1216512	0	0	0	0	135168	988119	987934	1188858	3069	32768	1343488	20480	0	0	12582912	0	1216512	0	0	0	0	135168	988119	987934	1188858	3069	32768	1343488	20480	0	0	
0	1220608	0	0	0	0	135168	999273	999070	1202124	3069	32768	1339392	0	0	0	12582912	0	1220608	0	0	0	0	135168	999273	999070	1202124	3069	32768	1339392	0	0	0	
0	1228800	0	0	0	0	135168	1009899	1009672	1214763	3069	36864	1331200	20480	0	0	12582912	0	1228800	0	0	0	0	135168	1009899	1009672	1214763	3069	36864	1331200	20480	0	0	
0	1064960	0	0	0	0	135168	1020657	1020351	1227699	3135	28672	1343488	20480	0	0	12582912	0	1064960	0	0	0	0	135168	1020657	1020351	1227699	3135	28672	1343488	20480	0	0	
0	1126400	0	0	0	0	135168	1033428	1033115	1243242	3267	45056	1323008	0	0	0	12582912	0	1126400	0	0	0	0	135168	1033428	1033115	1243242	3267	45056	1323008	0	0	0	
0	1191936	0	0	0	0	135168	1045572	1045340	1257828	3267	0	1376256	0	0	0	12582912	0	1191936	0	0	0	0	135168	1045572	1045340	1257828	3267	0	1376256	0	0	0	
0	241664	0	0	0	0	135168	1059960	1059904	1275747	3399	20480	417792	20480	0	0	12582912	0	241664	0	0	0	0	135168	1059960	1059904	1275747	3399	20480	417792	20480	0	0	
0	1060864	0	0	0	0	135168	1073457	1073122	1291950	3432	36864	1331200	20480	0	0	12582912	0	1060864	0	0	0	0	135168	1073457	1073122	1291950	3432	36864	1331200	20480	0	0	
0	1384448	0	0	0	0	135168	1084215	1083986	1304952	3432	0	1376256	0	0	0	12582912	0	1384448	0	0	0	0	135168	1084215	1083986	1304952	3432	0	1376256	0	0	0	
0	1159168	0	0	0	0	135168	1096392	1096101	1319538	3465	57344	1310720	0	0	0	12582912	0	1159168	0	0	0	0	135168	1096392	1096101	1319538	3465	57344	1310720	0	0	0	
0	1236992	0	0	0	0	135168	1107480	1107266	1332705	3465	53248	1323008	20480	0	0	12582912	0	1236992	0	0	0	0	135168	1107480	1107266	1332705	3465	53248	1323008	20480	0	0	
0	851968	0	0	0	0	135168	1119624	1119429	1347126	3498	966656	266240	0	0	0	12582912	0	851968	0	0	0	0	135168	1119624	1119429	1347126	3498	966656	266240	0	0	0	
0	987136	0	0	0	0	135168	1131372	1131086	1361085	3498	0	1376256	0	0	0	12582912	0	987136	0	0	0	0	135168	1131372	1131086	1361085	3498	0	1376256	0	0	0	
0	1122304	0	0	0	0	135168	1144539	1144316	1377915	3630	16384	1351680	0	0	0	12582912	0	1122304	0	0	0	0	135168	1144539	1144316	1377915	3630	16384	1351680	0	0	0	
0	1073152	0	0	0	0	135168	1159257	1158991	1395306	3630	12288	1363968	0	0	0	12582912	0	1073152	0	0	0	0	135168	1159257	1158991	1395306	3630	12288	1363968	0	0	0	
0	1167360	0	0	0	0	135168	1173942	1173685	1412796	3663	16384	1351680	0	0	0	12582912	0	1167360	0	0	0	0	135168	1173942	1173685	1412796	3663	16384	1351680	0	0	0	
0	999424	0	0	0	0	135168	1184634	1184451	1426227	3762	757760	335872	0	0	0	12582912	0	999424	0	0	0	0	135168	1184634	1184451	1426227	3762	757760	335872	0	0	0	
0	1114112	0	0	0	0	135168	1194765	1194544	1438503	3762	28672	1388544	20480	0	0	12582912	0	1114112	0	0	0	0	135168	1194765	1194544	1438503	3762	28672	1388544	20480	0	0	
0	1228800	0	0	0	0	135168	1205985	1205712	1452165	3828	20480	1363968	0	0	0	12582912	0	1228800	0	0	0	0	135168	1205985	1205712	1452165	3828	20480	1363968	0	0	0	
0	1093632	0	0	0	0	135168	1216578	1216342	1464771	3828	20480	1368064	0	0	0	12582912	0	1093632	0	0	0	0	135168	1216578	1216342	1464771	3828	20480	1368064	0	0	0	
0	1810432	0	0	0	0	135168	1227699	1227274	1477971	3828	20480	2093056	0	0	0	12582912	0	1810432	0	0	0	0	135168	1227699	1227274	1477971	3828	20480	2093056	0	0	0	
0	1388544	0	0	0	0	135168	1241691	1241393	1495395	4026	73728	1417216	0	0	0	12582912	0	1388544	0	0	0	0	135168	1241691	1241393	1495395	4026	73728	1417216	0	0	0	
0	1138688	0	0	0	0	135168	1256574	1256211	1514172	4257	28672	1343488	0	0	0	12582912	0	1138688	0	0	0	0	135168	1256574	1256211	1514172	4257	28672	1343488	0	0	0	
0	1875968	0	0	0	0	135168	1269675	1269225	1529814	4257	20480	2097152	0	0	0	12582912	0	1875968	0	0	0	0	135168	1269675	1269225	1529814	4257	20480	2097152	0	0	0	
0	1015808	0	0	0	0	135168	1281357	1281113	1543740	4290	942080	249856	0	0	0	12582912	0	1015808	0	0	0	0	135168	1281357	1281113	1543740	4290	942080	249856	0	0	0	
0	1183744	0	0	0	0	135168	1292511	1292236	1557072	4290	0	1372160	0	0	0	12582912	0	1183744	0	0	0	0	135168	1292511	1292236	1557072	4290	0	1372160	0	0	0	
0	163840	0	0	0	0	135168	1303203	1303190	1569843	4290	0	331776	20480	0	0	12582912	0	163840	0	0	0	0	135168	1303203	1303190	1569843	4290	0	331776	20480	0	0	
0	1294336	0	0	0	0	135168	1313763	1313503	1582317	4290	0	1372160	0	0	0	12582912	0	1294336	0	0	0	0	135168	1313763	1313503	1582317	4290	0	1372160	0	0	0	
0	1126400	0	0	0	0	135168	1325346	1325142	1596276	4290	24576	1323008	0	0	0	12582912	0	1126400	0	0	0	0	135168	1325346	1325142	1596276	4290	24576	1323008	0	0	0	
0	1122304	0	0	0	0	135168	1338513	1338302	1611918	4290	20480	1359872	0	0	0	12582912	0	1122304	0	0	0	0	135168	1338513	1338302	1611918	4290	20480	1359872	0	0	0	
0	1085440	0	0	0	0	135168	1354254	1354000	1630662	4323	8192	1368064	0	0	0	12582912	0	1085440	0	0	0	0	135168	1354254	1354000	1630662	4323	8192	1368064	0	0	0	
0	1265664	0	0	0	0	135168	1365837	1365653	1644489	4323	8192	1363968	0	0	0	12582912	0	1265664	0	0	0	0	135168	1365837	1365653	1644489	4323	8192	1363968	0	0	0	
0	1261568	0	0	0	0	135168	1376298	1376054	1656963	4323	8192	1298432	0	0	0	12582912	0	1261568	0	0	0	0	135168	1376298	1376054	1656963	4323	8192	1298432	0	0	0	
0	1183744	0	0	0	0	135168	1387617	1387361	1670460	4323	8192	1372160	0	0	0	12582912	0	1183744	0	0	0	0	135168	1387617	1387361	1670460	4323	8192	1372160	0	0	0	
135168	1187840	0	0	0	0	135168	1398771	1398502	1683693	4323	8192	1380352	0	0	0	12582912	135168	1187840	0	0	0	0	135168	1398771	1398502	1683693	4323	8192	1380352	0	0	0	
135168	1769472	0	0	0	0	135168	1410387	1409947	1697520	4323	8192	2109440	0	0	0	12582912	135168	1769472	0	0	0	0	135168	1410387	1409947	1697520	4323	8192	2109440	0	0	0	
135168	1761280	0	0	0	0	135168	1420980	1420572	1710126	4323	8192	2060288	20480	0	0	12582912	135168	1761280	0	0	0	0	135168	1420980	1420572	1710126	4323	8192	2060288	20480	0	0	
135168	1204224	0	0	0	0	135168	1434675	1434466	1726659	4422	32768	1335296	0	0	0	12582912	135168	1204224	0	0	0	0	135168	1434675	1434466	1726659	4422	32768	1335296	0	0	0	
135168	929792	0	0	0	0	135168	1448964	1448745	1744017	4488	1040384	94208	0	0	0	12582912	135168	929792	0	0	0	0	135168	1448964	1448745	1744017	4488	1040384	94208	0	0	0	
135168	311296	0	0	0	0	135168	1460184	1460168	1757580	4521	65536	380928	20480	0	0	12582912	135168	311296	0	0	0	0	135168	1460184	1460168	1757580	4521	65536	380928	20480	0	0	
135168	1191936	0	0	0	0	135168	1472196	1471981	1771803	4521	61440	1310720	0	0	0	12582912	135168	1191936	0	0	0	0	135168	1472196	1471981	1771803	4521	61440	1310720	0	0	0	
135168	1978368	0	0	0	0	135168	1484835	1484417	1786851	4521	61440	2060288	0	0	0	12582912	135168	1978368	0	0	0	0	135168	1484835	1484417	1786851	4521	61440	2060288	0	0	0	
135168	1929216	0	0	0	0	135168	1495428	1495017	1799490	4521	61440	2023424	0	0	0	12582912	135168	1929216	0	0	0	0	135168	1495428	1495017	1799490	4521	61440	2023424	0	0	0	
135168	1097728	0	0	0	0	135168	1507605	1507344	1813845	4521	61440	1318912	0	0	0	12582912	135168	1097728	0	0	0	0	135168	1507605	1507344	1813845	4521	61440	1318912	0	0	0	
135168	1249280	0	0	0	0	135168	1518726	1518468	1827210	4521	61440	1331200	20480	0	0	12582912	135168	1249280	0	0	0	0	135168	1518726	1518468	1827210	4521	61440	1331200	20480	0	0	
135168	1040384	0	0	0	0	135168	1534038	1533782	1846416	4653	8192	1355776	20480	0	0	12582912	135168	1040384	0	0	0	0	135168	1534038	1533782	1846416	4653	8192	1355776	20480	0	0	
135168	1200128	0	0	0	0	135168	1548756	1548500	1864005	4653	49152	1314816	0	0	0	12582912	135168	1200128	0	0	0	0	135168	1548756	1548500	1864005	4653	49152	1314816	0	0	0	
135168	1101824	0	0	0	0	135168	1559349	1559090	1876644	4653	49152	1314816	0	0	0	12582912	135168	1101824	0	0	0	0	135168	1559349	1559090	1876644	4653	49152	1314816	0	0	0	
135168	1150976	0	0	0	0	135168	1570800	1570491	1890240	4653	49152	1310720	20480	0	0	12582912	135168	1150976	0	0	0	0	135168	1570800	1570491	1890240	4653	49152	1310720	20480	0	0	
135168	1183744	0	0	0	0	135168	1582614	1582341	1904298	4653	49152	1323008	0	0	0	12582912	135168	1183744	0	0	0	0	135168	1582614	1582341	1904298	4653	49152	1323008	0	0	0	
135168	1294336	0	0	0	0	135168	1593702	1593433	1917498	4653	49152	1277952	0	0	0	12582912	135168	1294336	0	0	0	0	135168	1593702	1593433	1917498	4653	49152	1277952	0	0	0	
0	1695744	0	0	0	0	135168	1605945	1605462	1932183	4719	57344	2039808	0	0	0	12582912	0	1695744	0	0	0	0	135168	1605945	1605462	1932183	4719	57344	2039808	0	0	0	
0	1282048	0	0	0	0	135168	1617000	1616779	1945416	4719	61440	1310720	0	0	0	12582912	0	1282048	0	0	0	0	135168	1617000	1616779	1945416	4719	61440	1310720	0	0	0	
0	1179648	0	0	0	0	135168	1631685	1631540	1964424	4851	65536	1298432	0	0	0	12582912	0	1179648	0	0	0	0	135168	1631685	1631540	1964424	4851	65536	1298432	0	0	0	
0	1142784	0	0	0	0	135168	1646898	1646702	1982541	4851	61440	1310720	0	0	0	12582912	0	1142784	0	0	0	0	135168	1646898	1646702	1982541	4851	61440	1310720	0	0	0	
0	720896	0	0	0	0	135168	1658184	1658090	1996005	4851	61440	794624	20480	0	0	12582912	0	720896	0	0	0	0	135168	1658184	1658090	1996005	4851	61440	794624	20480	0	0	
0	1142784	0	0	0	0	135168	1670163	1669927	2010327	4851	12288	1355776	0	0	0	12582912	0	1142784	0	0	0	0	135168	1670163	1669927	2010327	4851	12288	1355776	0	0	0	
0	1163264	0	0	0	0	135168	1681251	1681105	2023527	4851	12288	1363968	0	0	0	12582912	0	1163264	0	0	0	0	135168	1681251	1681105	2023527	4851	12288	1363968	0	0	0	
0	77824	0	0	0	0	135168	1693065	1692992	2037486	4851	12288	274432	20480	0	0	12582912	0	77824	0	0	0	0	135168	1693065	1692992	2037486	4851	12288	274432	20480	0	0	
0	1249280	0	0	0	0	135168	1703559	1703292	2049960	4851	12288	1368064	0	0	0	12582912	0	1249280	0	0	0	0	135168	1703559	1703292	2049960	4851	12288	1368064	0	0	0	
0	1200128	0	0	0	0	135168	1715175	1714930	2063787	4851	12288	1318912	0	0	0	12582912	0	1200128	0	0	0	0	135168	1715175	1714930	2063787	4851	12288	1318912	0	0	0	
0	1236992	0	0	0	0	135168	1731048	1730777	2082993	4950	8192	1355776	0	0	0	12582912	0	1236992	0	0	0	0	135168	1731048	1730777	2082993	4950	8192	1355776	0	0	0	
0	647168	0	0	0	0	135168	1746624	1746410	2101902	5115	8192	954368	20480	0	0	12582912	0	647168	0	0	0	0	135168	1746624	1746410	2101902	5115	8192	954368	20480	0	0	
0	1179648	0	0	0	0	135168	1759032	1758751	2116653	5115	8192	1359872	0	0	0	12582912	0	1179648	0	0	0	0	135168	1759032	1758751	2116653	5115	8192	1359872	0	0	0	
0	1077248	0	0	0	0	135168	1769955	1769675	2129655	5115	8192	1302528	20480	0	0	12582912	0	1077248	0	0	0	0	135168	1769955	1769675	2129655	5115	8192	1302528	20480	0	0	
0	1863680	0	0	0	0	135168	1781802	1781289	2143812	5115	8192	2048000	0	0	0	12582912	0	1863680	0	0	0	0	135168	1781802	1781289	2143812	5115	8192	2048000	0	0	0	
0	1282048	0	0	0	0	135168	1792923	1792696	2157012	5115	0	1368064	0	0	0	12582912	0	1282048	0	0	0	0	135168	1792923	1792696	2157012	5115	0	1368064	0	0	0	
0	348160	0	0	0	0	135168	1800612	1800561	2166384	5148	0	704512	24576	0	0	12582912	0	348160	0	0	0	0	135168	1800612	1800561	2166384	5148	0	704512	24576	0	0	
0	1953792	0	0	0	0	135168	1804803	1804403	2171730	5247	1024000	929792	0	0	0	12582912	0	1953792	0	0	0	0	135168	1804803	1804403	2171730	5247	1024000	929792	0	0	0	
0	1191936	0	0	0	0	135168	1820148	1819810	2190375	5313	57344	1310720	0	0	0	12582912	0	1191936	0	0	0	0	135168	1820148	1819810	2190375	5313	57344	1310720	0	0	0	
0	1277952	0	0	0	0	135168	1833777	1833489	2206677	5346	16384	1355776	0	0	0	12582912	0	1277952	0	0	0	0	135168	1833777	1833489	2206677	5346	16384	1355776	0	0	0	
0	1298432	0	0	0	0	135168	1845525	1845197	2220900	5412	20480	1433600	0	0	0	12582912	0	1298432	0	0	0	0	135168	1845525	1845197	2220900	5412	20480	1433600	0	0	0	
0	1384448	0	0	0	0	135168	1857735	1857422	2235321	5412	0	1445888	0	0	0	12582912	0	1384448	0	0	0	0	135168	1857735	1857422	2235321	5412	0	1445888	0	0	0	
0	1257472	0	0	0	0	135168	1869285	1869028	2249148	5412	0	1429504	0	0	0	12582912	0	1257472	0	0	0	0	135168	1869285	1869028	2249148	5412	0	1429504	0	0	0	
0	1699840	0	0	0	0	135168	1880967	1880615	2263536	5511	20480	1757184	0	0	0	12582912	0	1699840	0	0	0	0	135168	1880967	1880615	2263536	5511	20480	1757184	0	0	0	
0	1294336	0	0	0	0	135168	1892352	1892095	2277264	5643	36864	1331200	0	0	0	12582912	0	1294336	0	0	0	0	135168	1892352	1892095	2277264	5643	36864	1331200	0	0	0	
0	1798144	0	0	0	0	135168	1905486	1905055	2292840	5643	32768	2023424	0	0	0	12582912	0	1798144	0	0	0	0	135168	1905486	1905055	2292840	5643	32768	2023424	0	0	0	
0	1208320	0	0	0	0	135168	1920963	1920687	2311914	5874	32768	1318912	0	0	0	12582912	0	1208320	0	0	0	0	135168	1920963	1920687	2311914	5874	32768	1318912	0	0	0	
0	1204224	0	0	0	0	135168	1935153	1934866	2328744	5874	24576	1343488	0	0	0	12582912	0	1204224	0	0	0	0	135168	1935153	1934866	2328744	5874	24576	1343488	0	0	0	
0	1339392	0	0	0	0	135168	1947330	1947019	2343429	5907	73728	1335296	0	0	0	12582912	0	1339392	0	0	0	0	135168	1947330	1947019	2343429	5907	73728	1335296	0	0	0	
0	1241088	0	0	0	0	135168	1960101	1959887	2359104	6072	57344	1335296	20480	0	0	12582912	0	1241088	0	0	0	0	135168	1960101	1959887	2359104	6072	57344	1335296	20480	0	0	
0	1269760	0	0	0	0	135168	1971288	1971017	2372337	6072	40960	1347584	0	0	0	12582912	0	1269760	0	0	0	0	135168	1971288	1971017	2372337	6072	40960	1347584	0	0	0	
0	1089536	0	0	0	0	135168	1981881	1981598	2384877	6072	40960	1355776	0	0	0	12582912	0	1089536	0	0	0	0	135168	1981881	1981598	2384877	6072	40960	1355776	0	0	0	
0	1765376	0	0	0	0	135168	1994652	1994242	2400387	6204	925696	1019904	0	0	0	12582912	0	1765376	0	0	0	0	135168	1994652	1994242	2400387	6204	925696	1019904	0	0	0	
0	1294336	0	0	0	0	135168	2006961	2006682	2415369	6303	45056	1331200	0	0	0	12582912	0	1294336	0	0	0	0	135168	2006961	2006682	2415369	6303	45056	1331200	0	0	0	
0	1306624	0	0	0	0	135168	2020722	2020394	2431902	6336	49152	1335296	0	0	0	12582912	0	1306624	0	0	0	0	135168	2020722	2020394	2431902	6336	49152	1335296	0	0	0	
0	1191936	0	0	0	0	135168	2032866	2032537	2446323	6336	49152	1339392	20480	0	0	12582912	0	1191936	0	0	0	0	135168	2032866	2032537	2446323	6336	49152	1339392	20480	0	0	
0	2031616	0	0	0	0	135168	2044086	2043674	2459952	6501	16384	2093056	20480	0	0	12582912	0	2031616	0	0	0	0	135168	2044086	2043674	2459952	6501	16384	2093056	20480	0	0	
0	1073152	0	0	0	0	135168	2054778	2054469	2472525	6501	16384	1347584	0	0	0	12582912	0	1073152	0	0	0	0	135168	2054778	2054469	2472525	6501	16384	1347584	0	0	0	
0	1191936	0	0	0	0	135168	2067351	2067129	2487540	6501	16384	1355776	0	0	0	12582912	0	1191936	0	0	0	0	135168	2067351	2067129	2487540	6501	16384	1355776	0	0	0	
0	1953792	0	0	0	0	135168	2081376	2080982	2505426	6798	45056	2068480	0	0	0	12582912	0	1953792	0	0	0	0	135168	2081376	2080982	2505426	6798	45056	2068480	0	0	0	
0	1343488	0	0	0	0	135168	2098206	2097876	2527701	7359	24576	1462272	0	0	0	12582912	0	1343488	0	0	0	0	135168	2098206	2097876	2527701	7359	24576	1462272	0	0	0	
0	1421312	0	0	0	0	135168	2112297	2112000	2546445	7755	774144	598016	0	0	0	12582912	0	1421312	0	0	0	0	135168	2112297	2112000	2546445	7755	774144	598016	0	0	0	
0	1236992	0	0	0	0	135168	2127708	2127419	2565585	7986	0	1396736	0	0	0	12582912	0	1236992	0	0	0	0	135168	2127708	2127419	2565585	7986	0	1396736	0	0	0	
0	98304	0	0	0	0	135168	2139852	2139850	2580105	7986	4096	245760	20480	0	0	12582912	0	98304	0	0	0	0	135168	2139852	2139850	2580105	7986	4096	245760	20480	0	0	
0	1286144	0	0	0	0	135168	2151600	2151283	2594361	8052	36864	1343488	0	0	0	12582912	0	1286144	0	0	0	0	135168	2151600	2151283	2594361	8052	36864	1343488	0	0	0	
0	1241088	0	0	0	0	135168	2163909	2163619	2609673	8250	45056	1359872	20480	0	0	12582912	0	1241088	0	0	0	0	135168	2163909	2163619	2609673	8250	45056	1359872	20480	0	0	
0	1228800	0	0	0	0	135168	2175129	2174922	2623269	8316	12288	1372160	20480	0	0	12582912	0	1228800	0	0	0	0	135168	2175129	2174922	2623269	8316	12288	1372160	20480	0	0	
0	1335296	0	0	0	0	135168	2187372	2187050	2638053	8349	12288	1355776	0	0	0	12582912	0	1335296	0	0	0	0	135168	2187372	2187050	2638053	8349	12288	1355776	0	0	0	
0	1032192	0	0	0	0	135168	2197998	2197716	2650692	8349	8192	1359872	0	0	0	12582912	0	1032192	0	0	0	0	135168	2197998	2197716	2650692	8349	8192	1359872	0	0	0	
0	1794048	0	0	0	0	135168	2211627	2211212	2666895	8349	8192	2097152	0	0	0	12582912	0	1794048	0	0	0	0	135168	2211627	2211212	2666895	8349	8192	2097152	0	0	0	
0	847872	0	0	0	0	270336	2224563	2224289	2684220	8580	16384	1355776	0	0	0	12582912	0	847872	0	0	0	0	270336	2224563	2224289	2684220	8580	16384	1355776	0	0	0	
0	1921024	0	0	0	0	405504	2237829	2237363	2700225	8679	0	2088960	0	0	0	12582912	0	1921024	0	0	0	0	405504	2237829	2237363	2700225	8679	0	2088960	0	0	0	
0	180224	0	0	0	0	270336	2249181	2249069	2713854	8679	32768	405504	20480	0	0	12582912	0	180224	0	0	0	0	270336	2249181	2249069	2713854	8679	32768	405504	20480	0	0	
0	290816	0	0	0	0	270336	2260335	2260227	2727285	8811	40960	282624	20480	0	0	12582912	0	290816	0	0	0	0	270336	2260335	2260227	2727285	8811	40960	282624	20480	0	0	
0	1302528	0	0	0	0	270336	2272908	2272639	2742267	8811	8192	1363968	0	0	0	12582912	0	1302528	0	0	0	0	270336	2272908	2272639	2742267	8811	8192	1363968	0	0	0	
0	1912832	0	0	0	0	405504	2284689	2284167	2756490	8877	12288	2048000	0	0	0	12582912	0	1912832	0	0	0	0	405504	2284689	2284167	2756490	8877	12288	2048000	0	0	0	
0	184320	0	0	0	0	270336	2295876	2295846	2769921	8877	12288	368640	20480	0	0	12582912	0	184320	0	0	0	0	270336	2295876	2295846	2769921	8877	12288	368640	20480	0	0	
0	1339392	0	0	0	0	270336	2310528	2310270	2787312	8943	53248	1314816	0	0	0	12582912	0	1339392	0	0	0	0	270336	2310528	2310270	2787312	8943	53248	1314816	0	0	0	
0	1470464	0	0	0	0	270336	2324817	2324559	2804538	9108	32768	1339392	0	0	0	12582912	0	1470464	0	0	0	0	270336	2324817	2324559	2804538	9108	32768	1339392	0	0	0	
0	1134592	0	0	0	0	405504	2335938	2335602	2817771	9108	36864	1335296	20480	0	0	12582912	0	1134592	0	0	0	0	405504	2335938	2335602	2817771	9108	36864	1335296	20480	0	0	
0	1175552	0	0	0	0	405504	2348544	2348291	2832885	9108	36864	1339392	0	0	0	12582912	0	1175552	0	0	0	0	405504	2348544	2348291	2832885	9108	36864	1339392	0	0	0	
0	1286144	0	0	0	0	405504	2360259	2360046	2847372	9207	24576	1323008	0	0	0	12582912	0	1286144	0	0	0	0	405504	2360259	2360046	2847372	9207	24576	1323008	0	0	0	
0	1892352	0	0	0	0	405504	2372997	2372549	2862783	9273	53248	1974272	0	0	0	12582912	0	1892352	0	0	0	0	405504	2372997	2372549	2862783	9273	53248	1974272	0	0	0	
0	1220608	0	0	0	0	405504	2385108	2384910	2877204	9273	53248	1331200	0	0	0	12582912	0	1220608	0	0	0	0	405504	2385108	2384910	2877204	9273	53248	1331200	0	0	0	
0	1232896	0	0	0	0	405504	2396328	2396126	2890833	9339	69632	1310720	0	0	0	12582912	0	1232896	0	0	0	0	405504	2396328	2396126	2890833	9339	69632	1310720	0	0	0	
0	1372160	0	0	0	0	405504	2410815	2410566	2909247	9702	0	1396736	0	0	0	12582912	0	1372160	0	0	0	0	405504	2410815	2410566	2909247	9702	0	1396736	0	0	0	
0	1277952	0	0	0	0	270336	2425467	2425179	2926671	9702	0	1413120	0	0	0	12582912	0	1277952	0	0	0	0	270336	2425467	2425179	2926671	9702	0	1413120	0	0	0	
0	1327104	0	0	0	0	405504	2436093	2435776	2939343	9702	0	1409024	0	0	0	12582912	0	1327104	0	0	0	0	405504	2436093	2435776	2939343	9702	0	1409024	0	0	0	
0	1241088	0	0	0	0	405504	2448798	2448637	2955150	9801	28672	1363968	0	0	0	12582912	0	1241088	0	0	0	0	405504	2448798	2448637	2955150	9801	28672	1363968	0	0	0	
0	1163264	0	0	0	0	405504	2460480	2460119	2969241	9933	36864	1277952	0	0	0	12582912	0	1163264	0	0	0	0	405504	2460480	2460119	2969241	9933	36864	1277952	0	0	0	
0	1253376	0	0	0	0	270336	2472756	2472485	2983893	9933	32768	1327104	0	0	0	12582912	0	1253376	0	0	0	0	270336	2472756	2472485	2983893	9933	32768	1327104	0	0	0	
0	1433600	0	0	0	135168	405504	2484702	2484447	2999238	10263	626688	655360	0	0	0	12582912	0	1433600	0	0	0	135168	405504	2484702	2484447	2999238	10263	626688	655360	0	0	0	
0	1036288	0	0	0	135168	270336	2495922	2495584	3012834	10296	16384	1404928	0	0	0	12582912	0	1036288	0	0	0	135168	270336	2495922	2495584	3012834	10296	16384	1404928	0	0	0	
0	1224704	0	0	0	135168	405504	2511564	2511332	3031446	10329	20480	1400832	0	0	0	12582912	0	1224704	0	0	0	135168	405504	2511564	2511332	3031446	10329	20480	1400832	0	0	0	
0	1331200	0	0	0	135168	405504	2526282	2526033	3049233	10428	24576	1343488	0	0	0	12582912	0	1331200	0	0	0	135168	405504	2526282	2526033	3049233	10428	24576	1343488	0	0	0	
0	1167360	0	0	0	135168	405504	2538459	2538213	3063786	10494	49152	1265664	0	0	0	12582912	0	1167360	0	0	0	135168	405504	2538459	2538213	3063786	10494	49152	1265664	0	0	0	
0	1003520	0	0	0	135168	405504	2550570	2550339	3078240	10494	53248	1310720	0	0	0	12582912	0	1003520	0	0	0	135168	405504	2550570	2550339	3078240	10494	53248	1310720	0	0	0	
0	1241088	0	0	0	135168	270336	2562714	2562469	3092661	10494	53248	1314816	0	0	0	12582912	0	1241088	0	0	0	135168	270336	2562714	2562469	3092661	10494	53248	1314816	0	0	0	
0	1863680	0	0	0	135168	405504	2573769	2573413	3105861	10494	53248	2048000	0	0	0	12582912	0	1863680	0	0	0	135168	405504	2573769	2573413	3105861	10494	53248	2048000	0	0	0	
0	1961984	0	0	0	135168	405504	2585418	2584959	3119820	10494	4096	2105344	0	0	0	12582912	0	1961984	0	0	0	135168	405504	2585418	2584959	3119820	10494	4096	2105344	0	0	0	
0	1179648	0	0	0	135168	405504	2598255	2597961	3135363	10560	45056	1306624	0	0	0	12582912	0	1179648	0	0	0	135168	405504	2598255	2597961	3135363	10560	45056	1306624	0	0	0	
0	1044480	0	0	0	135168	405504	2613435	2613216	3153579	10593	28672	1290240	0	0	0	12582912	0	1044480	0	0	0	135168	405504	2613435	2613216	3153579	10593	28672	1290240	0	0	0	
0	1253376	0	0	0	135168	270336	2628450	2628159	3172587	10923	57344	1351680	20480	0	0	12582912	0	1253376	0	0	0	135168	270336	2628450	2628159	3172587	10923	57344	1351680	20480	0	0	
0	1163264	0	0	0	135168	270336	2641716	2641429	3188757	10989	12288	1351680	0	0	0	12582912	0	1163264	0	0	0	135168	270336	2641716	2641429	3188757	10989	12288	1351680	0	0	0	
0	1163264	0	0	0	135168	405504	2653002	2652713	3202617	11154	36864	1368064	0	0	0	12582912	0	1163264	0	0	0	135168	405504	2653002	2652713	3202617	11154	36864	1368064	0	0	0	
0	1720320	0	0	0	135168	405504	2664717	2664244	3216906	11253	16384	2084864	20480	0	0	12582912	0	1720320	0	0	0	135168	405504	2664717	2664244	3216906	11253	16384	2084864	20480	0	0	
0	1654784	0	0	0	135168	270336	2676366	2675913	3230700	11253	913408	991232	0	0	0	12582912	0	1654784	0	0	0	135168	270336	2676366	2675913	3230700	11253	913408	991232	0	0	0	
0	1306624	0	0	0	135168	405504	2688048	2687824	3244824	11319	65536	1249280	0	0	0	12582912	0	1306624	0	0	0	135168	405504	2688048	2687824	3244824	11319	65536	1249280	0	0	0	
0	118784	0	0	0	135168	405504	2701149	2701080	3261654	11649	110592	77824	20480	0	0	12582912	0	118784	0	0	0	135168	405504	2701149	2701080	3261654	11649	110592	77824	20480	0	0	
0	1093632	0	0	0	135168	270336	2715867	2715575	3279210	11781	73728	1290240	0	0	0	12582912	0	1093632	0	0	0	135168	270336	2715867	2715575	3279210	11781	73728	1290240	0	0	0	
0	1265664	0	0	0	135168	405504	2730783	2730569	3298020	12078	40960	1327104	0	0	0	12582912	0	1265664	0	0	0	135168	405504	2730783	2730569	3298020	12078	40960	1327104	0	0	0	
0	1011712	0	0	0	135168	540672	2742333	2742066	3311880	12144	24576	1150976	20480	0	0	12582912	0	1011712	0	0	0	135168	540672	2742333	2742066	3311880	12144	24576	1150976	20480	0	0	
0	1888256	0	0	0	135168	540672	2755137	2754733	3327093	12144	20480	2080768	0	0	0	12582912	0	1888256	0	0	0	135168	540672	2755137	2754733	3327093	12144	20480	2080768	0	0	0	
0	1118208	0	0	0	135168	405504	2766819	2766571	3340920	12144	20480	1351680	0	0	0	12582912	0	1118208	0	0	0	135168	405504	2766819	2766571	3340920	12144	20480	1351680	0	0	0	
0	1433600	0	0	0	135168	540672	2779062	2778748	3355770	12309	94208	1273856	0	0	0	12582912	0	1433600	0	0	0	135168	540672	2779062	2778748	3355770	12309	94208	1273856	0	0	0	
0	1204224	0	0	0	135168	405504	2789985	2789736	3368772	12309	65536	1241088	20480	0	0	12582912	0	1204224	0	0	0	135168	405504	2789985	2789736	3368772	12309	65536	1241088	20480	0	0	
0	1265664	0	0	0	135168	540672	2804175	2803868	3386922	12573	8192	1404928	20480	0	0	12582912	0	1265664	0	0	0	135168	540672	2804175	2803868	3386922	12573	8192	1404928	20480	0	0	
0	1269760	0	0	0	135168	405504	2819487	2819220	3405699	12771	40960	1421312	0	0	0	12582912	0	1269760	0	0	0	135168	405504	2819487	2819220	3405699	12771	40960	1421312	0	0	0	
0	1970176	0	0	0	135168	405504	2832786	2832354	3422001	12870	45056	2068480	20480	0	0	12582912	0	1970176	0	0	0	135168	405504	2832786	2832354	3422001	12870	45056	2068480	20480	0	0	
0	1904640	0	0	0	135168	540672	2842389	2841963	3433419	12870	45056	2105344	0	0	0	12582912	0	1904640	0	0	0	135168	540672	2842389	2841963	3433419	12870	45056	2105344	0	0	0	
114688	1400832	0	0	0	135168	405504	2854665	2854358	3448368	12969	0	1445888	0	0	0	12582912	114688	1400832	0	0	0	135168	405504	2854665	2854358	3448368	12969	0	1445888	0	0	0	
114688	188416	0	0	0	135168	540672	2866380	2866395	3464241	13101	0	299008	20480	0	0	12582912	114688	188416	0	0	0	135168	540672	2866380	2866395	3464241	13101	0	299008	20480	0	0	
114688	1855488	0	0	0	135168	540672	2878491	2878069	3478662	13134	4096	2093056	0	0	0	12582912	114688	1855488	0	0	0	135168	540672	2878491	2878069	3478662	13134	4096	2093056	0	0	0	
114688	1146880	0	0	0	135168	540672	2889084	2888853	3491268	13134	4096	1368064	0	0	0	12582912	114688	1146880	0	0	0	135168	540672	2889084	2888853	3491268	13134	4096	1368064	0	0	0	
114688	1003520	0	0	0	135168	405504	2902053	2901844	3507867	13431	966656	221184	0	0	0	12582912	114688	1003520	0	0	0	135168	405504	2902053	2901844	3507867	13431	966656	221184	0	0	0	
114688	1789952	0	0	0	135168	540672	2915748	2915322	3524268	13464	57344	2052096	0	0	0	12582912	114688	1789952	0	0	0	135168	540672	2915748	2915322	3524268	13464	57344	2052096	0	0	0	
114688	1187840	0	0	0	135168	540672	2928981	2928732	3540207	13497	20480	1347584	0	0	0	12582912	114688	1187840	0	0	0	135168	540672	2928981	2928732	3540207	13497	20480	1347584	0	0	0	
114688	1150976	0	0	0	135168	540672	2939607	2939334	3552780	13497	16384	1363968	0	0	0	12582912	114688	1150976	0	0	0	135168	540672	2939607	2939334	3552780	13497	16384	1363968	0	0	0	
114688	1466368	0	0	0	135168	405504	2949705	2949475	3564924	13497	16384	1347584	0	0	0	12582912	114688	1466368	0	0	0	135168	405504	2949705	2949475	3564924	13497	16384	1347584	0	0	0	
114688	1146880	0	0	0	135168	540672	2960892	2960651	3578289	13563	53248	1314816	0	0	0	12582912	114688	1146880	0	0	0	135168	540672	2960892	2960651	3578289	13563	53248	1314816	0	0	0	
0	1216512	0	0	0	135168	405504	2972013	2971716	3591522	13563	53248	1269760	0	0	0	12582912	0	1216512	0	0	0	135168	405504	2972013	2971716	3591522	13563	53248	1269760	0	0	0	
0	1257472	0	0	0	135168	540672	2982804	2982504	3604821	13761	28672	1298432	0	0	0	12582912	0	1257472	0	0	0	135168	540672	2982804	2982504	3604821	13761	28672	1298432	0	0	0	
0	1056768	0	0	0	135168	405504	2997456	2997218	3622245	13761	24576	1355776	20480	0	0	12582912	0	1056768	0	0	0	135168	405504	2997456	2997218	3622245	13761	24576	1355776	20480	0	0	
0	1245184	0	0	0	135168	540672	3012207	3011946	3642606	14289	1036288	266240	0	0	0	12582912	0	1245184	0	0	0	135168	540672	3012207	3011946	3642606	14289	1036288	266240	0	0	0	
0	1159168	0	0	0	135168	405504	3025341	3025059	3658281	14289	4096	1400832	0	0	0	12582912	0	1159168	0	0	0	135168	405504	3025341	3025059	3658281	14289	4096	1400832	0	0	0	
0	1163264	0	0	0	135168	540672	3037518	3037251	3672999	14322	40960	1331200	20480	0	0	12582912	0	1163264	0	0	0	135168	540672	3037518	3037251	3672999	14322	40960	1331200	20480	0	0	
0	1380352	0	0	0	135168	540672	3051279	3050935	3689499	14355	12288	1298432	0	0	0	12582912	0	1380352	0	0	0	135168	540672	3051279	3050935	3689499	14355	12288	1298432	0	0	0	
0	1261568	0	0	0	135168	405504	3064578	3064288	3706296	14553	8192	1503232	0	0	0	12582912	0	1261568	0	0	0	135168	405504	3064578	3064288	3706296	14553	8192	1503232	0	0	0	
0	1880064	0	0	0	135168	540672	3079791	3079357	3724578	14619	57344	2031616	0	0	0	12582912	0	1880064	0	0	0	135168	540672	3079791	3079357	3724578	14619	57344	2031616	0	0	0	
0	1654784	0	0	0	135168	540672	3091968	3091608	3739560	14652	868352	978944	0	0	0	12582912	0	1654784	0	0	0	135168	540672	3091968	3091608	3739560	14652	868352	978944	0	0	0	
0	1257472	0	0	0	135168	540672	3107478	3107207	3759162	14982	32768	1409024	0	0	0	12582912	0	1257472	0	0	0	135168	540672	3107478	3107207	3759162	14982	32768	1409024	0	0	0	
0	1212416	0	0	0	135168	405504	3123153	3122798	3779226	15411	61440	1323008	0	0	0	12582912	0	1212416	0	0	0	135168	405504	3123153	3122798	3779226	15411	61440	1323008	0	0	0	
0	1343488	0	0	0	135168	405504	3138597	3138320	3798168	15675	0	1396736	20480	0	0	12582912	0	1343488	0	0	0	135168	405504	3138597	3138320	3798168	15675	0	1396736	20480	0	0	
0	1056768	0	0	0	135168	405504	3149718	3149375	3811434	15675	0	1392640	0	0	0	12582912	0	1056768	0	0	0	135168	405504	3149718	3149375	3811434	15675	0	1392640	0	0	0	
0	1478656	0	0	0	135168	405504	3160443	3160131	3825162	15774	36864	1339392	0	0	0	12582912	0	1478656	0	0	0	135168	405504	3160443	3160131	3825162	15774	36864	1339392	0	0	0	
0	1904640	0	0	0	135168	540672	3172653	3172152	3839847	15807	32768	2043904	0	0	0	12582912	0	1904640	0	0	0	135168	540672	3172653	3172152	3839847	15807	32768	2043904	0	0	0	
0	1220608	0	0	0	135168	540672	3183741	3183453	3853080	15807	32768	1339392	0	0	0	12582912	0	1220608	0	0	0	135168	540672	3183741	3183453	3853080	15807	32768	1339392	0	0	0	
0	1105920	0	0	0	135168	540672	3194895	3194634	3866742	15906	32768	1363968	0	0	0	12582912	0	1105920	0	0	0	135168	540672	3194895	3194634	3866742	15906	32768	1363968	0	0	0	
0	1773568	0	0	0	135168	405504	3209448	3209021	3885651	16203	942080	1073152	0	0	0	12582912	0	1773568	0	0	0	135168	405504	3209448	3209021	3885651	16203	942080	1073152	0	0	0	
0	1187840	0	0	0	135168	540672	3224661	3224331	3905319	16731	77824	1335296	0	0	0	12582912	0	1187840	0	0	0	135168	540672	3224661	3224331	3905319	16731	77824	1335296	0	0	0	
0	1196032	0	0	0	135168	540672	3234858	3234555	3917628	16830	49152	1314816	0	0	0	12582912	0	1196032	0	0	0	135168	540672	3234858	3234555	3917628	16830	49152	1314816	0	0	0	
0	1978368	0	0	0	135168	540672	3245946	3245518	3930795	16830	36864	2023424	0	0	0	12582912	0	1978368	0	0	0	135168	540672	3245946	3245518	3930795	16830	36864	2023424	0	0	0	
0	548864	0	0	0	135168	540672	3256308	3256138	3943368	16830	4096	716800	20480	0	0	12582912	0	548864	0	0	0	135168	540672	3256308	3256138	3943368	16830	4096	716800	20480	0	0	
0	1028096	0	0	0	135168	540672	3267693	3267551	3956997	16830	724992	421888	0	0	0	12582912	0	1028096	0	0	0	135168	540672	3267693	3267551	3956997	16830	724992	421888	0	0	0	
0	753664	0	0	0	135168	405504	3279045	3278877	3970956	16995	745472	143360	0	0	0	12582912	0	753664	0	0	0	135168	405504	3279045	3278877	3970956	16995	745472	143360	0	0	0	
0	1982464	0	0	0	135168	405504	3291750	3291404	3987060	17193	12288	2105344	0	0	0	12582912	0	1982464	0	0	0	135168	405504	3291750	3291404	3987060	17193	12288	2105344	0	0	0	
0	1077248	0	0	0	135168	540672	3306534	3306255	4004517	17193	12288	1368064	0	0	0	12582912	0	1077248	0	0	0	135168	540672	3306534	3306255	4004517	17193	12288	1368064	0	0	0	
0	1269760	0	0	0	135168	405504	3322374	3322045	4023921	17325	8192	1368064	0	0	0	12582912	0	1269760	0	0	0	135168	405504	3322374	3322045	4023921	17325	8192	1368064	0	0	0	
0	1269760	0	0	0	135168	540672	3332967	3332704	4036560	17325	0	1351680	0	0	0	12582912	0	1269760	0	0	0	135168	540672	3332967	3332704	4036560	17325	0	1351680	0	0	0	
0	1228800	0	0	0	135168	540672	3343626	3343358	4049133	17325	0	1368064	0	0	0	12582912	0	1228800	0	0	0	135168	540672	3343626	3343358	4049133	17325	0	1368064	0	0	0	
0	1232896	0	0	0	135168	405504	3354747	3354470	4062333	17325	0	1372160	0	0	0	12582912	0	1232896	0	0	0	135168	405504	3354747	3354470	4062333	17325	0	1372160	0	0	0	
0	1445888	0	0	0	135168	540672	3365934	3365591	4075962	17358	73728	1306624	0	0	0	12582912	0	1445888	0	0	0	135168	540672	3365934	3365591	4075962	17358	73728	1306624	0	0	0	
0	225280	0	0	0	135168	540672	3375570	3375545	4087545	17358	40960	294912	20480	0	0	12582912	0	225280	0	0	0	135168	540672	3375570	3375545	4087545	17358	40960	294912	20480	0	0	
0	1265664	0	0	0	135168	540672	3388374	3388088	4103253	17589	77824	1314816	0	0	0	12582912	0	1265664	0	0	0	135168	540672	3388374	3388088	4103253	17589	77824	1314816	0	0	0	
0	1646592	0	0	0	0	540672	3403323	3403004	4122327	17919	24576	1404928	0	0	0	12582912	0	1646592	0	0	0	0	540672	3403323	3403004	4122327	17919	24576	1404928	0	0	0	
0	1953792	0	0	0	0	675840	3418239	3417752	4140675	18084	28672	2093056	0	0	0	12582912	0	1953792	0	0	0	0	675840	3418239	3417752	4140675	18084	28672	2093056	0	0	0	
0	1335296	0	0	0	0	540672	3431373	3431104	4157934	18546	49152	1314816	0	0	0	12582912	0	1335296	0	0	0	0	540672	3431373	3431104	4157934	18546	49152	1314816	0	0	0	
0	1171456	0	0	0	0	675840	3443715	3443410	4173147	18711	4096	1396736	0	0	0	12582912	0	1171456	0	0	0	0	675840	3443715	3443410	4173147	18711	4096	1396736	0	0	0	
0	1806336	0	0	0	0	675840	3454275	3453811	4185720	18711	4096	2134016	0	0	0	12582912	0	1806336	0	0	0	0	675840	3454275	3453811	4185720	18711	4096	2134016	0	0	0	
0	278528	0	0	0	0	540672	3464439	3464406	4197930	18711	8192	307200	20480	0	0	12582912	0	278528	0	0	0	0	540672	3464439	3464406	4197930	18711	8192	348160	20480	0	0	
0	1155072	0	0	0	0	675840	3476451	3476246	4212186	18711	8192	1351680	0	0	0	12582912	0	1155072	0	0	0	0	675840	3476451	3476246	4212186	18711	8192	1351680	0	0	0	
0	118784	0	0	0	0	811008	3488727	3488741	4226904	18711	61440	237568	20480	0	0	12582912	0	118784	0	0	0	0	811008	3488727	3488741	4226904	18711	61440	237568	20480	0	0	
0	1245184	0	0	0	0	811008	3503907	3503692	4245318	18843	8192	1368064	0	0	0	12582912	0	1245184	0	0	0	0	811008	3503907	3503692	4245318	18843	8192	1368064	0	0	0	
0	1318912	0	0	0	0	675840	3518361	3518141	4263468	19107	61440	1384448	0	0	0	12582912	0	1318912	0	0	0	0	675840	3518361	3518141	4263468	19107	61440	1384448	0	0	0	
0	1228800	0	0	0	0	811008	3528558	3528280	4275744	19140	16384	1347584	0	0	0	12582912	0	1228800	0	0	0	0	811008	3528558	3528280	4275744	19140	16384	1347584	0	0	0	
0	1298432	0	0	0	0	811008	3539151	3538881	4288350	19140	16384	1355776	20480	0	0	12582912	0	1298432	0	0	0	0	811008	3539151	3538881	4288350	19140	16384	1355776	20480	0	0	
0	1245184	0	0	0	0	811008	3550206	3549988	4301484	19140	16384	1359872	0	0	0	12582912	0	1245184	0	0	0	0	811008	3550206	3549988	4301484	19140	16384	1359872	0	0	0	
0	884736	0	0	0	0	675840	3561954	3561718	4315905	19239	1007616	184320	0	0	0	12582912	0	884736	0	0	0	0	675840	3561954	3561718	4315905	19239	1007616	184320	0	0	0	
0	192512	0	0	0	0	675840	3572745	3572695	4328775	19338	65536	315392	20480	0	0	12582912	0	192512	0	0	0	0	675840	3572745	3572695	4328775	19338	65536	315392	20480	0	0	
0	1187840	0	0	0	0	811008	3586374	3586047	4345605	19470	45056	1306624	20480	0	0	12582912	0	1187840	0	0	0	0	811008	3586374	3586047	4345605	19470	45056	1306624	20480	0	0	
0	1114112	0	0	0	0	675840	3600366	3600132	4363029	19734	942080	245760	0	0	0	12582912	0	1114112	0	0	0	0	675840	3600366	3600132	4363029	19734	942080	245760	0	0	0	
0	1847296	0	0	0	0	811008	3614787	3614367	4380783	19965	61440	2052096	0	0	0	12582912	0	1847296	0	0	0	0	811008	3614787	3614367	4380783	19965	61440	2052096	0	0	0	
0	1191936	0	0	0	0	811008	3626469	3626207	4394742	20064	4096	1368064	0	0	0	12582912	0	1191936	0	0	0	0	811008	3626469	3626207	4394742	20064	4096	1368064	0	0	0	
0	1028096	0	0	0	0	811008	3637557	3637301	4407909	20064	0	1368064	0	0	0	12582912	0	1028096	0	0	0	0	811008	3637557	3637301	4407909	20064	0	1368064	0	0	0	
0	1040384	0	0	0	0	675840	3647985	3647743	4420383	20064	0	1077248	20480	0	0	12582912	0	1040384	0	0	0	0	675840	3647985	3647743	4420383	20064	0	1077248	20480	0	0	
0	1204224	0	0	0	0	811008	3659865	3659569	4434639	20064	57344	1314816	0	0	0	12582912	0	1204224	0	0	0	0	811008	3659865	3659569	4434639	20064	57344	1314816	0	0	0	
0	1126400	0	0	0	0	675840	3671118	3670873	4448631	20196	53248	1310720	0	0	0	12582912	0	1126400	0	0	0	0	675840	3671118	3670873	4448631	20196	53248	1310720	0	0	0	
0	1220608	0	0	0	0	811008	3685869	3685585	4466253	20196	8192	1355776	0	0	0	12582912	0	1220608	0	0	0	0	811008	3685869	3685585	4466253	20196	8192	1355776	0	0	0	
0	1179648	0	0	0	0	811008	3700521	3700229	4484205	20361	61440	1306624	0	0	0	12582912	0	1179648	0	0	0	0	811008	3700521	3700229	4484205	20361	61440	1306624	0	0	0	
0	1200128	0	0	0	0	811008	3712830	3712558	4498824	20361	61440	1310720	0	0	0	12582912	0	1200128	0	0	0	0	811008	3712830	3712558	4498824	20361	61440	1310720	0	0	0	
0	2019328	0	0	0	0	811008	3723918	3723526	4512057	20394	0	2097152	0	0	0	12582912	0	2019328	0	0	0	0	811008	3723918	3723526	4512057	20394	0	2097152	0	0	0	
0	192512	0	0	0	0	811008	3734775	3734759	4525554	20559	40960	270336	20480	0	0	12582912	0	192512	0	0	0	0	811008	3734775	3734759	4525554	20559	40960	270336	20480	0	0	
0	1241088	0	0	0	0	811008	3745995	3745764	4539183	20658	57344	1318912	0	0	0	12582912	0	1241088	0	0	0	0	811008	3745995	3745764	4539183	20658	57344	1318912	0	0	0	
0	1339392	0	0	0	0	811008	3757677	3757419	4553109	20658	8192	1355776	0	0	0	12582912	0	1339392	0	0	0	0	811008	3757677	3757419	4553109	20658	8192	1355776	0	0	0	
0	0	0	0	0	0	811008	3767808	3767821	4565286	20658	8192	290816	20480	0	0	12582912	0	0	0	0	0	0	811008	3767808	3767821	4565286	20658	8192	290816	20480	0	0	
0	1548288	0	0	0	0	675840	3781602	3781248	4582611	20922	32768	1482752	0	0	0	12582912	0	1548288	0	0	0	0	675840	3781602	3781248	4582611	20922	32768	1482752	0	0	0	
0	1105920	0	0	0	0	811008	3795429	3795232	4601091	21549	954368	184320	0	0	0	12582912	0	1105920	0	0	0	0	811008	3795429	3795232	4601091	21549	954368	184320	0	0	0	
0	1183744	0	0	0	0	811008	3805362	3805137	4613961	21879	20480	1347584	0	0	0	12582912	0	1183744	0	0	0	0	811008	3805362	3805137	4613961	21879	20480	1347584	0	0	0	
0	1187840	0	0	0	0	811008	3816549	3816299	4627326	21945	53248	1314816	0	0	0	12582912	0	1187840	0	0	0	0	811008	3816549	3816299	4627326	21945	53248	1314816	0	0	0	
0	1196032	0	0	0	0	811008	3828132	3827877	4641186	21945	53248	1318912	0	0	0	12582912	0	1196032	0	0	0	0	811008	3828132	3827877	4641186	21945	53248	1318912	0	0	0	
0	0	0	0	0	0	675840	3839352	3839304	4654485	21945	53248	249856	20480	0	0	12582912	0	0	0	0	0	0	675840	3839352	3839304	4654485	21945	53248	249856	20480	0	0	
0	294912	0	0	0	0	811008	3849945	3849919	4667157	21978	65536	159744	20480	0	0	12582912	0	294912	0	0	0	0	811008	3849945	3849919	4667157	21978	65536	159744	20480	0	0	
0	1187840	0	0	0	0	811008	3862650	3862352	4682535	22011	20480	1388544	0	0	0	12582912	0	1187840	0	0	0	0	811008	3862650	3862352	4682535	22011	20480	1388544	0	0	0	
0	1290240	0	0	0	0	811008	3877434	3877063	4702302	22638	73728	1298432	0	0	0	12582912	0	1290240	0	0	0	0	811008	3877434	3877063	4702302	22638	73728	1298432	0	0	0	
0	1220608	0	0	0	0	811008	3892647	3892369	4720353	22671	0	1323008	0	0	0	12582912	0	1220608	0	0	0	0	811008	3892647	3892369	4720353	22671	0	1323008	0	0	0	
0	311296	0	0	0	0	811008	3898818	3898721	4727943	22704	12288	688128	24576	0	0	12582912	0	311296	0	0	0	0	811008	3898818	3898721	4727943	22704	12288	688128	24576	0	0	
0	1814528	0	0	0	0	811008	3902943	3902553	4733025	22704	4096	1912832	4096	0	0	12582912	0	1814528	0	0	0	0	811008	3902943	3902553	4733025	22704	4096	1912832	4096	0	0	
0	1327104	0	0	0	0	811008	3914130	3913833	4746324	22704	180224	1355776	24576	0	0	12582912	0	1327104	0	0	0	0	811008	3914130	3913833	4746324	22704	180224	1355776	24576	0	0	
0	1900544	0	0	0	0	811008	3925911	3925394	4760613	22836	20480	2084864	0	0	0	12582912	0	1900544	0	0	0	0	811008	3925911	3925394	4760613	22836	20480	2084864	0	0	0	
0	1257472	0	0	0	0	811008	3938352	3938064	4775859	23034	45056	1327104	0	0	0	12582912	0	1257472	0	0	0	0	811008	3938352	3938064	4775859	23034	45056	1327104	0	0	0	
0	1110016	0	0	0	0	811008	3949440	3949274	4789257	23067	729088	524288	20480	0	0	12582912	0	1110016	0	0	0	0	811008	3949440	3949274	4789257	23067	729088	524288	20480	0	0	
0	1122304	0	0	0	0	946176	3964950	3964705	4808430	23232	573440	573440	20480	0	0	12582912	0	1122304	0	0	0	0	946176	3964950	3964705	4808430	23232	573440	573440	20480	0	0	
0	1253376	0	0	0	0	946176	3980988	3980738	4828362	23496	32768	1323008	0	0	0	12582912	0	1253376	0	0	0	0	946176	3980988	3980738	4828362	23496	32768	1323008	0	0	0	
0	933888	0	0	0	0	946176	3993033	3992912	4843113	23661	36864	987136	20480	0	0	12582912	0	933888	0	0	0	0	946176	3993033	3992912	4843113	23661	36864	987136	20480	0	0	
0	1314816	0	0	0	0	811008	4003362	4003049	4856643	23991	24576	1355776	20480	0	0	12582912	0	1314816	0	0	0	0	811008	4003362	4003049	4856643	23991	24576	1355776	20480	0	0	
0	1880064	0	0	0	0	946176	4016166	4015665	4872351	24090	40960	2097152	0	0	0	12582912	0	1880064	0	0	0	0	946176	4016166	4015665	4872351	24090	40960	2097152	0	0	0	
0	815104	0	0	0	0	946176	4027221	4027058	4886343	24222	49152	987136	20480	0	0	12582912	0	815104	0	0	0	0	946176	4027221	4027058	4886343	24222	49152	987136	20480	0	0	
0	1191936	0	0	0	0	946176	4038573	4038329	4899906	24387	16384	1294336	0	0	0	12582912	0	1191936	0	0	0	0	946176	4038573	4038329	4899906	24387	16384	1294336	0	0	0	
0	1159168	0	0	0	0	946176	4050486	4050179	4914096	24420	114688	1253376	0	0	0	12582912	0	1159168	0	0	0	0	946176	4050486	4050179	4914096	24420	114688	1253376	0	0	0	
0	1175552	0	0	0	0	811008	4065468	4065172	4932873	24651	8192	1351680	0	0	0	12582912	0	1175552	0	0	0	0	811008	4065468	4065172	4932873	24651	8192	1351680	0	0	0	
0	1134592	0	0	0	0	946176	4080912	4080682	4951980	24948	1085440	159744	20480	0	0	12582912	0	1134592	0	0	0	0	946176	4080912	4080682	4951980	24948	1085440	159744	20480	0	0	
0	1077248	0	0	0	0	946176	4093749	4093429	4967259	25014	0	1372160	0	0	0	12582912	0	1077248	0	0	0	0	946176	4093749	4093429	4967259	25014	0	1372160	0	0	0	
0	1073152	0	0	0	0	946176	4105893	4105618	4981647	25014	0	1380352	0	0	0	12582912	0	1073152	0	0	0	0	946176	4105893	4105618	4981647	25014	0	1380352	0	0	0	
0	1007616	0	0	0	0	946176	4118598	4118345	4997025	25047	8192	1359872	0	0	0	12582912	0	1007616	0	0	0	0	946176	4118598	4118345	4997025	25047	8192	1359872	0	0	0	
0	1437696	0	0	0	0	946176	4130346	4130051	5011215	25113	77824	1359872	0	0	0	12582912	0	1437696	0	0	0	0	946176	4130346	4130051	5011215	25113	77824	1359872	0	0	0	
0	1216512	0	0	0	0	1081344	4142226	4141974	5025702	25245	36864	1335296	0	0	0	12582912	0	1216512	0	0	0	0	1081344	4142226	4141974	5025702	25245	36864	1335296	0	0	0	
0	872448	0	0	0	0	1081344	4154172	4153956	5039925	25245	36864	1093632	20480	0	0	12582912	0	872448	0	0	0	0	1081344	4154172	4153956	5039925	25245	36864	1093632	20480	0	0	
0	1249280	0	0	0	0	1081344	4169946	4169606	5058999	25509	57344	1314816	0	0	0	12582912	0	1249280	0	0	0	0	1081344	4169946	4169606	5058999	25509	57344	1314816	0	0	0	
0	2105344	0	0	0	0	1081344	4184301	4183799	5076951	25740	32768	2056192	0	0	0	12582912	0	2105344	0	0	0	0	1081344	4184301	4183799	5076951	25740	32768	2056192	0	0	0	
0	1916928	0	0	0	0	1081344	4196544	4196107	5091537	25740	28672	2027520	0	0	0	12582912	0	1916928	0	0	0	0	1081344	4196544	4196107	5091537	25740	28672	2027520	0	0	0	
0	1196032	0	0	0	0	1081344	4207797	4207466	5104902	25806	36864	1355776	20480	0	0	12582912	0	1196032	0	0	0	0	1081344	4207797	4207466	5104902	25806	36864	1355776	20480	0	0	
0	1273856	0	0	0	0	1081344	4220172	4219892	5120445	25971	32768	1437696	0	0	0	12582912	0	1273856	0	0	0	0	1081344	4220172	4219892	5120445	25971	32768	1437696	0	0	0	
0	1286144	0	0	0	0	1081344	4230831	4230570	5133051	25971	32768	1437696	0	0	0	12582912	0	1286144	0	0	0	0	1081344	4230831	4230570	5133051	25971	32768	1437696	0	0	0	
0	1155072	0	0	0	0	1081344	4241952	4241702	5146284	25971	32768	1445888	20480	0	0	12582912	0	1155072	0	0	0	0	1081344	4241952	4241702	5146284	25971	32768	1445888	20480	0	0	
0	1007616	0	0	0	0	1081344	4254327	4254107	5161596	26136	880640	270336	4096	0	0	12582912	0	1007616	0	0	0	0	1081344	4254327	4254107	5161596	26136	880640	270336	4096	0	0	
0	1200128	0	0	0	0	1081344	4270299	4270101	5181924	26367	0	1396736	0	0	0	12582912	0	1200128	0	0	0	0	1081344	4270299	4270101	5181924	26367	0	1396736	0	0	0	
0	1196032	0	0	0	0	1081344	4286106	4285873	5201097	26400	12288	1363968	20480	0	0	12582912	0	1196032	0	0	0	0	1081344	4286106	4285873	5201097	26400	12288	1363968	20480	0	0	
0	1818624	0	0	0	135168	1081344	4298415	4297948	5215980	26499	16384	2121728	0	0	0	12582912	0	1818624	0	0	0	135168	1081344	4298415	4297948	5215980	26499	16384	2121728	0	0	0	
0	1204224	0	0	0	135168	1081344	4310361	4310043	5230632	26796	40960	1359872	0	0	0	12582912	0	1204224	0	0	0	135168	1081344	4310361	4310043	5230632	26796	40960	1359872	0	0	0	
0	1110016	0	0	0	135168	1081344	4320195	4319959	5243172	26961	8192	1413120	20480	0	0	12582912	0	1110016	0	0	0	135168	1081344	4320195	4319959	5243172	26961	8192	1413120	20480	0	0	
0	925696	0	0	0	135168	1081344	4332801	4332604	5258418	27093	45056	1052672	20480	0	0	12582912	0	925696	0	0	0	135168	1081344	4332801	4332604	5258418	27093	45056	1052672	20480	0	0	
0	1097728	0	0	0	135168	1081344	4344219	4343985	5272047	27159	36864	1351680	0	0	0	12582912	0	1097728	0	0	0	135168	1081344	4344219	4343985	5272047	27159	36864	1351680	0	0	0	
0	528384	0	0	0	135168	1081344	4350621	4350463	5280033	27192	61440	704512	24576	0	0	12582912	0	528384	0	0	0	135168	1081344	4350621	4350463	5280033	27192	61440	704512	24576	0	0	
0	1449984	0	0	0	135168	1081344	4357584	4357283	5288646	27258	237568	1327104	20480	0	0	12582912	0	1449984	0	0	0	135168	1081344	4357584	4357283	5288646	27258	237568	1327104	20480	0	0	
0	1241088	0	0	0	135168	1081344	4371081	4370843	5304981	27390	61440	1339392	0	0	0	12582912	0	1241088	0	0	0	135168	1081344	4371081	4370843	5304981	27390	61440	1339392	0	0	0	
0	2052096	0	0	0	135168	1081344	4382268	4381834	5318346	27423	20480	2080768	0	0	0	12582912	0	2052096	0	0	0	135168	1081344	4382268	4381834	5318346	27423	20480	2080768	0	0	0	
0	1204224	0	0	0	135168	1081344	4393488	4393239	5331942	27489	61440	1318912	20480	0	0	12582912	0	1204224	0	0	0	135168	1081344	4393488	4393239	5331942	27489	61440	1318912	20480	0	0	
0	1089536	0	0	0	135168	1081344	4405764	4405495	5346759	27588	57344	1339392	0	0	0	12582912	0	1089536	0	0	0	135168	1081344	4405764	4405495	5346759	27588	57344	1339392	0	0	0	
0	1228800	0	0	0	135168	1081344	4417875	4417616	5362335	27951	28672	1343488	0	0	0	12582912	0	1228800	0	0	0	135168	1081344	4417875	4417616	5362335	27951	28672	1343488	0	0	0	
0	1114112	0	0	0	135168	1081344	4428633	4428337	5375370	28083	20480	1363968	20480	0	0	12582912	0	1114112	0	0	0	135168	1081344	4428633	4428337	5375370	28083	20480	1363968	20480	0	0	
0	1748992	0	0	0	0	1081344	4442955	4442551	5392728	28182	28672	2052096	0	0	0	12582912	0	1748992	0	0	0	0	1081344	4442955	4442551	5392728	28182	28672	2052096	0	0	0	
0	1232896	0	0	0	0	1081344	4457541	4457282	5411010	28512	16384	1359872	0	0	0	12582912	0	1232896	0	0	0	0	1081344	4457541	4457282	5411010	28512	16384	1359872	0	0	0	
0	1908736	0	0	0	0	1081344	4471434	4471070	5428137	28710	12288	2125824	0	0	0	12582912	0	1908736	0	0	0	0	1081344	4471434	4471070	5428137	28710	12288	2125824	0	0	0	
0	1167360	0	0	0	0	1081344	4483215	4482943	5442195	28776	4096	1343488	0	0	0	12582912	0	1167360	0	0	0	0	1081344	4483215	4482943	5442195	28776	4096	1343488	0	0	0	
0	1470464	0	0	0	0	1081344	4495425	4495118	5458233	29238	49152	1359872	0	0	0	12582912	0	1470464	0	0	0	0	1081344	4495425	4495118	5458233	29238	49152	1359872	0	0	0	
0	745472	0	0	0	0	1081344	4508328	4508223	5474205	29304	36864	737280	20480	0	0	12582912	0	745472	0	0	0	0	1081344	4508328	4508223	5474205	29304	36864	737280	20480	0	0	
0	1380352	0	0	0	0	1081344	4520472	4520279	5489121	29436	24576	1343488	0	0	0	12582912	0	1380352	0	0	0	0	1081344	4520472	4520279	5489121	29436	24576	1343488	0	0	0	
0	1159168	0	0	0	0	1081344	4532682	4532473	5503740	29469	0	1372160	0	0	0	12582912	0	1159168	0	0	0	0	1081344	4532682	4532473	5503740	29469	0	1372160	0	0	0	
0	1241088	0	0	0	0	1081344	4546443	4546184	5520306	29535	8192	1359872	0	0	0	12582912	0	1241088	0	0	0	0	1081344	4546443	4546184	5520306	29535	8192	1359872	0	0	0	
0	1208320	0	0	0	0	1081344	4562085	4561817	5540502	29865	20480	1421312	0	0	0	12582912	0	1208320	0	0	0	0	1081344	4562085	4561817	5540502	29865	20480	1421312	0	0	0	
0	1015808	0	0	0	0	1081344	4575318	4575158	5556408	29964	925696	237568	0	0	0	12582912	0	1015808	0	0	0	0	1081344	4575318	4575158	5556408	29964	925696	237568	0	0	0	
0	1236992	0	0	0	0	1081344	4588353	4588108	5572578	30195	20480	1343488	0	0	0	12582912	0	1236992	0	0	0	0	1081344	4588353	4588108	5572578	30195	20480	1343488	0	0	0	
0	1912832	0	0	0	0	1216512	4601520	4600917	5589705	30657	892928	1191936	0	0	0	12582912	0	1912832	0	0	0	0	1216512	4601520	4600917	5589705	30657	892928	1191936	0	0	0	
0	1822720	0	0	0	0	1216512	4612839	4612399	5603994	30789	53248	2048000	0	0	0	12582912	0	1822720	0	0	0	0	1216512	4612839	4612399	5603994	30789	53248	2048000	0	0	0	
0	1097728	0	0	0	0	1216512	4624191	4623929	5617755	30954	4096	1363968	0	0	0	12582912	0	1097728	0	0	0	0	1216512	4624191	4623929	5617755	30954	4096	1363968	0	0	0	
0	1478656	0	0	0	0	1216512	4635609	4635275	5632143	31185	86016	1294336	0	0	0	12582912	0	1478656	0	0	0	0	1216512	4635609	4635275	5632143	31185	86016	1294336	0	0	0	
0	1216512	0	0	0	0	1216512	4649997	4649735	5649864	31383	53248	1323008	20480	0	0	12582912	0	1216512	0	0	0	0	1216512	4649997	4649735	5649864	31383	53248	1323008	20480	0	0	
0	1077248	0	0	0	0	1216512	4666002	4665808	5670522	31680	16384	1384448	0	0	0	12582912	0	1077248	0	0	0	0	1216512	4666002	4665808	5670522	31680	16384	1384448	0	0	0	
0	1396736	0	0	0	0	1216512	4678839	4678492	5687385	32142	36864	1359872	0	0	0	12582912	0	1396736	0	0	0	0	1216512	4678839	4678492	5687385	32142	36864	1359872	0	0	0	
0	1220608	0	0	0	0	1216512	4690026	4689769	5700816	32208	53248	1318912	0	0	0	12582912	0	1220608	0	0	0	0	1216512	4690026	4689769	5700816	32208	53248	1318912	0	0	0	
0	1200128	0	0	0	0	1216512	4701246	4700999	5714280	32208	4096	1368064	0	0	0	12582912	0	1200128	0	0	0	0	1216512	4701246	4700999	5714280	32208	4096	1368064	0	0	0	
0	1294336	0	0	0	0	1216512	4712103	4711871	5728767	32538	12288	1409024	0	0	0	12582912	0	1294336	0	0	0	0	1216512	4712103	4711871	5728767	32538	12288	1409024	0	0	0	
0	1970176	0	0	0	0	1216512	4723356	4722942	5743716	32538	28672	2125824	20480	0	0	12582912	0	1970176	0	0	0	0	1216512	4723356	4722942	5743716	32538	28672	2125824	20480	0	0	
0	1245184	0	0	0	0	1216512	4734576	4734350	5757114	32604	8192	1368064	0	0	0	12582912	0	1245184	0	0	0	0	1216512	4734576	4734350	5757114	32604	8192	1368064	0	0	0	
0	1069056	0	0	0	0	1216512	4749789	4749520	5775561	32835	40960	1290240	20480	0	0	12582912	0	1069056	0	0	0	0	1216512	4749789	4749520	5775561	32835	40960	1290240	20480	0	0	
0	552960	0	0	0	0	1216512	4756224	4756151	5783514	32901	69632	634880	24576	0	0	12582912	0	552960	0	0	0	0	1216512	4756224	4756151	5783514	32901	69632	634880	24576	0	0	
0	106496	0	0	0	0	1216512	4763022	4763033	5792193	32934	8192	311296	20480	0	0	12582912	0	106496	0	0	0	0	1216512	4763022	4763033	5792193	32934	8192	311296	20480	0	0	
0	184320	0	0	0	0	1216512	4773516	4773506	5806053	33264	110592	114688	20480	0	0	12582912	0	184320	0	0	0	0	1216512	4773516	4773506	5806053	33264	110592	114688	20480	0	0	
0	1228800	0	0	0	0	1216512	4784868	4784644	5819946	33462	49152	1372160	0	0	0	12582912	0	1228800	0	0	0	0	1216512	4784868	4784644	5819946	33462	49152	1372160	0	0	0	
0	913408	0	0	0	0	1216512	4795824	4795579	5834598	33957	28672	1134592	20480	0	0	12582912	0	913408	0	0	0	0	1216512	4795824	4795579	5834598	33957	28672	1134592	20480	0	0	
0	1970176	0	0	0	0	1216512	4807704	4807250	5850603	34419	32768	2158592	0	0	0	12582912	0	1970176	0	0	0	0	1216512	4807704	4807250	5850603	34419	32768	2158592	0	0	0	
0	1396736	0	0	0	0	1216512	4818264	4818020	5864364	34749	57344	1359872	0	0	0	12582912	0	1396736	0	0	0	0	1216512	4818264	4818020	5864364	34749	57344	1359872	0	0	0	
0	1249280	0	0	0	0	1216512	4832718	4832508	5882712	35112	45056	1392640	20480	0	0	12582912	0	1249280	0	0	0	0	1216512	4832718	4832508	5882712	35112	45056	1392640	20480	0	0	
0	1003520	0	0	0	0	1216512	4847304	4847090	5903337	35937	983040	233472	0	0	0	12582912	0	1003520	0	0	0	0	1216512	4847304	4847090	5903337	35937	983040	233472	0	0	0	
0	1290240	0	0	0	0	1216512	4858722	4858448	5917692	36168	16384	1355776	0	0	0	12582912	0	1290240	0	0	0	0	1216512	4858722	4858448	5917692	36168	16384	1355776	0	0	0	
0	1196032	0	0	0	0	1216512	4870503	4870301	5931981	36267	4096	1368064	0	0	0	12582912	0	1196032	0	0	0	0	1216512	4870503	4870301	5931981	36267	4096	1368064	0	0	0	
0	2117632	0	0	0	0	1216512	4881789	4881385	5945940	36399	1028096	937984	0	0	0	12582912	0	2117632	0	0	0	0	1216512	4881789	4881385	5945940	36399	1028096	937984	0	0	0	
0	1306624	0	0	0	0	1216512	4894824	4894523	5962836	36729	12288	1363968	0	0	0	12582912	0	1306624	0	0	0	0	1216512	4894824	4894523	5962836	36729	12288	1363968	0	0	0	
0	1437696	0	0	0	0	1216512	4906770	4906478	5978643	37092	868352	516096	0	0	0	12582912	0	1437696	0	0	0	0	1216512	4906770	4906478	5978643	37092	868352	516096	0	0	0	
0	831488	0	0	0	0	1216512	4918452	4918230	5994219	37521	872448	266240	0	0	0	12582912	0	831488	0	0	0	0	1216512	4918452	4918230	5994219	37521	872448	266240	0	0	0	
0	1265664	0	0	0	0	1216512	4933302	4933128	6014646	38115	897024	290816	0	0	0	12582912	0	1265664	0	0	0	0	1216512	4933302	4933128	6014646	38115	897024	290816	0	0	0	
0	1138688	0	0	0	0	1216512	4947558	4947270	6032961	38610	20480	1396736	0	0	0	12582912	0	1138688	0	0	0	0	1216512	4947558	4947270	6032961	38610	20480	1396736	0	0	0	
0	827392	0	0	0	0	1216512	4959405	4959209	6047778	38808	798720	196608	0	0	0	12582912	0	827392	0	0	0	0	1216512	4959405	4959209	6047778	38808	798720	196608	0	0	0	
0	675840	0	0	0	0	1216512	4970757	4970641	6063783	39402	16384	516096	20480	0	0	12582912	0	675840	0	0	0	0	1216512	4970757	4970641	6063783	39402	16384	516096	20480	0	0	
0	1179648	0	0	0	0	1486848	4982769	4982557	6079755	39864	16384	1376256	0	0	0	12582912	0	1179648	0	0	0	0	1486848	4982769	4982557	6079755	39864	16384	1376256	0	0	0	
0	1228800	0	0	0	135168	1351680	4994484	4994213	6095331	40425	45056	1368064	0	0	0	12582912	0	1228800	0	0	0	135168	1351680	4994484	4994213	6095331	40425	45056	1368064	0	0	0	
0	536576	0	0	0	135168	1486848	4997289	4997117	6098928	40458	32768	684032	24576	0	0	12582912	0	536576	0	0	0	135168	1486848	4997289	4997117	6098928	40458	32768	684032	24576	0	0	
0	1372160	0	0	0	135168	1486848	5007123	5006813	6111105	40623	49152	1314816	0	0	0	12582912	0	1372160	0	0	0	135168	1486848	5007123	5006813	6111105	40623	49152	1314816	0	0	0	
0	1454080	0	0	0	135168	1486848	5022864	5022594	6131664	41184	57344	1318912	0	0	0	12582912	0	1454080	0	0	0	135168	1486848	5022864	5022594	6131664	41184	57344	1318912	0	0	0	
0	1142784	0	0	0	135168	1622016	5038176	5037913	6151761	41712	4096	1351680	0	0	0	12582912	0	1142784	0	0	0	135168	1622016	5038176	5037913	6151761	41712	4096	1351680	0	0	0	
0	1314816	0	0	0	135168	1622016	5048274	5048050	6163773	41712	4096	1372160	20480	0	0	12582912	0	1314816	0	0	0	135168	1622016	5048274	5048050	6163773	41712	4096	1372160	20480	0	0	
0	1175552	0	0	0	135168	1622016	5061870	5061563	6181164	42009	28672	1339392	0	0	0	12582912	0	1175552	0	0	0	135168	1622016	5061870	5061563	6181164	42009	28672	1339392	0	0	0	
0	1585152	0	0	0	135168	1622016	5073651	5073251	6195849	42174	933888	950272	0	0	0	12582912	0	1585152	0	0	0	135168	1622016	5073651	5073251	6195849	42174	933888	950272	0	0	0	
0	700416	0	0	0	135168	1622016	5085333	5085152	6211722	42702	614400	344064	20480	0	0	12582912	0	700416	0	0	0	135168	1622016	5085333	5085152	6211722	42702	614400	344064	20480	0	0	
0	1744896	0	0	0	135168	2433024	5096718	5096267	6226374	42933	905216	1003520	0	0	0	12582912	0	1744896	0	0	0	135168	2433024	5096718	5096267	6226374	42933	905216	1003520	0	0	0	
0	1421312	0	0	0	135168	1622016	5109060	5108698	6242775	43527	94208	1327104	0	0	0	12582912	0	1421312	0	0	0	135168	1622016	5109060	5108698	6242775	43527	94208	1327104	0	0	0	
0	1671168	0	0	0	135168	1622016	5122920	5122537	6261222	44187	901120	1069056	0	0	0	12582912	0	1671168	0	0	0	135168	1622016	5122920	5122537	6261222	44187	901120	1069056	0	0	0	
0	1888256	0	0	0	135168	1622016	5136285	5135826	6279042	44847	4096	2129920	0	0	0	12582912	0	1888256	0	0	0	135168	1622016	5136285	5135826	6279042	44847	4096	2129920	0	0	0	
0	1212416	0	0	0	135168	1622016	5148231	5147976	6293826	45078	0	1384448	0	0	0	12582912	0	1212416	0	0	0	135168	1622016	5148231	5147976	6293826	45078	0	1384448	0	0	0	
0	1372160	0	0	0	135168	1622016	5159583	5159250	6307686	45276	16384	1363968	20480	0	0	12582912	0	1372160	0	0	0	135168	1622016	5159583	5159250	6307686	45276	16384	1363968	20480	0	0	
0	1351680	0	0	0	135168	1622016	5170638	5170335	6322470	45705	28672	1351680	0	0	0	12582912	0	1351680	0	0	0	135168	1622016	5170638	5170335	6322470	45705	28672	1351680	0	0	0	
0	1462272	0	0	0	135168	1622016	5182122	5181817	6337254	45936	12288	1417216	0	0	0	12582912	0	1462272	0	0	0	135168	1622016	5182122	5181817	6337254	45936	12288	1417216	0	0	0	
0	1576960	0	0	0	135168	1757184	5194959	5194628	6353259	46167	892928	831488	0	0	0	12582912	0	1576960	0	0	0	135168	1757184	5194959	5194628	6353259	46167	892928	831488	0	0	0	
0	1884160	0	0	0	135168	1757184	5207994	5207473	6369528	46431	81920	2023424	0	0	0	12582912	0	1884160	0	0	0	135168	1757184	5207994	5207473	6369528	46431	81920	2023424	0	0	0	
0	1228800	0	0	0	0	1622016	5222217	5221989	6389229	46893	942080	290816	0	0	0	12582912	0	1228800	0	0	0	0	1622016	5222217	5221989	6389229	46893	942080	290816	0	0	0	
0	1277952	0	0	0	0	1622016	5235813	5235503	6406719	47355	90112	1363968	0	0	0	12582912	0	1277952	0	0	0	0	1622016	5235813	5235503	6406719	47355	90112	1363968	0	0	0	
0	1474560	0	0	0	0	1622016	5247627	5247292	6421140	47553	8192	1761280	20480	0	0	12582912	0	1474560	0	0	0	0	1622016	5247627	5247292	6421140	47553	8192	1761280	20480	0	0	
0	1253376	0	0	0	0	1757184	5259012	5258718	6435000	47652	8192	1359872	0	0	0	12582912	0	1253376	0	0	0	0	1757184	5259012	5258718	6435000	47652	8192	1359872	0	0	0	
0	1245184	0	0	0	0	1757184	5270991	5270613	6451038	47982	57344	1396736	0	0	0	12582912	0	1245184	0	0	0	0	1757184	5270991	5270613	6451038	47982	57344	1396736	0	0	0	
0	151552	0	0	0	0	1622016	5282904	5282851	6466086	48180	24576	364544	20480	0	0	12582912	0	151552	0	0	0	0	1622016	5282904	5282851	6466086	48180	24576	364544	20480	0	0	
0	1175552	0	0	0	0	1622016	5293794	5293525	6479913	48510	90112	1339392	20480	0	0	12582912	0	1175552	0	0	0	0	1622016	5293794	5293525	6479913	48510	90112	1339392	20480	0	0	
0	516096	0	0	0	0	1622016	5293926	5293830	6480243	48510	90112	663552	24576	0	0	12582912	0	516096	0	0	0	0	1622016	5293926	5293830	6480243	48510	90112	663552	24576	0	0	
0	430080	0	0	0	0	1622016	5298909	5298821	6487008	48675	94208	643072	24576	0	0	12582912	0	430080	0	0	0	0	1622016	5298909	5298821	6487008	48675	94208	643072	24576	0	0	
0	1961984	0	0	0	0	1622016	5308644	5308240	6498921	48741	36864	2015232	0	0	0	12582912	0	1961984	0	0	0	0	1622016	5308644	5308240	6498921	48741	36864	2015232	0	0	0	
0	954368	0	0	0	0	1757184	5319897	5319718	6512451	48807	860160	212992	0	0	0	12582912	0	954368	0	0	0	0	1757184	5319897	5319718	6512451	48807	860160	212992	0	0	0	
0	393216	0	0	0	0	1622016	5324748	5324660	6518721	48972	49152	651264	24576	0	0	12582912	0	393216	0	0	0	0	1622016	5324748	5324660	6518721	48972	49152	651264	24576	0	0	
