1089536 5643 5389 7524 0 0 1220608
1363968 61347 61033 79860 0 0 1216512
1187840 113058 112892 147015 0 0 1171456
1056768 166122 165854 215721 0 0 1220608
1220608 218790 218491 284097 0 0 1220608
1286144 271458 271233 352506 0 0 1216512
1052672 324126 323937 420981 0 0 1224704
1110016 376464 376320 488895 0 0 1171456
1089536 428010 427717 555654 0 0 1175552
1069056 480348 480158 623634 0 0 1216512
1138688 533709 533468 692868 0 0 1175552
1110016 586740 586445 761607 0 0 1224704
1220608 639672 639457 830445 0 0 1171456
1728512 692934 692565 899514 0 0 1859584
1159168 745074 744845 967131 0 0 1179648
1138688 797709 797535 1035474 0 0 1220608
1261568 851103 850822 1104675 0 0 1220608
1220608 903738 903501 1173018 0 0 1175552
1032192 956109 955948 1240998 0 0 1171456
1130496 1008810 1008585 1309374 0 0 1216512
1097728 1061214 1060933 1377321 0 0 1220608
1253376 1113288 1113053 1444938 0 0 1220608
1642496 1165923 1165543 1513281 0 0 1789952
1007616 1218657 1218428 1581657 0 0 1191936
1122304 1271325 1271096 1650033 0 0 1220608
1323008 1324950 1324697 1719597 0 0 1216512
1134592 1379433 1379192 1790316 0 0 1216512
1097728 1432101 1431885 1858692 0 0 1216512
1167360 1484439 1484257 1926639 0 0 1220608
1069056 1526745 1526475 1981848 0 0 1298432
1085440 1579446 1579123 2049927 0 0 1302528
1163264 1632114 1631871 2118039 0 0 1257472
1241088 1684221 1683900 2185425 0 0 1302528
1388544 1737747 1737364 2254692 0 0 1658880
1204224 1789557 1789337 2321748 0 0 1310720
1732608 1842885 1842418 2390619 0 0 1945600
1155072 1895949 1895704 2459028 0 0 1310720
1331200 1949343 1949072 2527701 0 0 1261568
1126400 2002374 2002108 2596143 0 0 1306624
1249280 2055372 2055136 2664519 0 0 1310720
1187840 2106819 2106628 2730915 0 0 1302528
1212416 2159586 2159350 2798928 0 0 1298432
1925120 2212650 2212187 2867238 0 0 1994752
1282048 2263866 2263613 2933271 0 0 1306624
1228800 2316270 2316036 3000888 0 0 1298432
1146880 2369994 2369688 3070023 0 0 1261568
917504 2423850 2423617 3139554 0 0 1306624
1171456 2477178 2476988 3208293 0 0 1302528
1277952 2529945 2529726 3276339 0 0 1257472
1531904 2582943 2582554 3344583 0 0 1601536
1118208 2635710 2635501 3412629 0 0 1261568
995328 2689368 2689092 3481830 0 0 1310720
1101824 2742432 2742162 3550272 0 0 1298432
1953792 2795694 2795241 3618945 0 0 1994752
1048576 2847867 2847613 3686133 0 0 1310720
1228800 2901228 2900883 3754938 0 0 1257472
1134592 2953665 2953413 3822555 0 0 1310720
1708032 3006333 3005935 3890502 0 0 1933312
1720320 3047913 3047462 3944457 0 0 1945600
1220608 3100053 3099783 4011777 0 0 1261568
1077248 3153381 3153135 4080681 0 0 1257472
1134592 3206115 3205931 4148859 0 0 1253376
1163264 3258618 3258306 4216641 0 0 1253376
1191936 3312243 3312001 4286040 0 0 1302528
1110016 3364713 3364454 4353723 0 0 1257472
1183744 3418602 3418389 4423254 0 0 1249280
946176 3471600 3471334 4491597 0 0 1306624
876544 3524961 3524628 4560369 0 0 1257472
1118208 3576738 3576430 4627161 0 0 1310720
1236992 3629109 3628871 4694712 0 0 1306624
1867776 3680886 3680448 4761537 0 0 2043904
1024000 3733620 3733373 4829484 0 0 1306624
1093632 3786915 3786652 4898256 0 0 1257472
1531904 3840111 3839763 4966896 0 0 1662976
987136 3892911 3892669 5035008 0 0 1261568
847872 3946239 3946103 5103813 0 0 925696
1798144 3999237 3998825 5172123 0 0 2043904
1171456 4053192 4052922 5241687 0 0 1257472
2027520 4106784 4106370 5310789 0 0 1990656
1003520 4159782 4159557 5379132 0 0 1302528
1953792 4213077 4212678 5447937 0 0 1937408
1269760 4266108 4265834 5516313 0 0 1306624
1138688 4318182 4317948 5583567 0 0 1306624
1159168 4370850 4370619 5651514 0 0 1310720
1335296 4423815 4423652 5719890 0 0 1265664
1077248 4477176 4476947 5788662 0 0 1257472
1089536 4529283 4529043 5855817 0 0 1310720
991232 4572315 4572098 5911719 0 0 1302528
1159168 4624092 4623896 5978709 0 0 1302528
978944 4677156 4676910 6047250 0 0 1298432
1110016 4729824 4729614 6115428 0 0 1261568
1236992 4783119 4782914 6184332 0 0 1261568
1216512 4833741 4833501 6249672 0 0 1306624
1302528 4886442 4886155 6317883 0 0 1302528
1200128 4939737 4939471 6386820 0 0 1298432
1286144 4992372 4992072 6455031 0 0 1302528
1085440 5045304 5045061 6523506 0 0 1306624
1138688 5097675 5097427 6591288 0 0 1306624
1081344 5150013 5149796 6659037 0 0 1302528
1118208 5203275 5203017 6727974 0 0 1257472
1286144 5256306 5256042 6796548 0 0 1310720
1249280 5308644 5308334 6864264 0 0 1257472
1208320 5360421 5360180 6931221 0 0 1306624
1200128 5413980 5413738 7000554 0 0 1306624
1269760 5466912 5466750 7069128 0 0 1261568
1228800 5519349 5519093 7136811 0 0 1261568
1900544 5572017 5571555 7204989 0 0 1945600
1085440 5623761 5623499 7271946 0 0 1298432
2011136 5675505 5675038 7338903 0 0 2052096
1404928 5726325 5726094 7404705 0 0 1306624
1183744 5778168 5777837 7471662 0 0 1306624
1187840 5830143 5829910 7538982 0 0 1302528
1634304 5882481 5882129 7606764 0 0 1523712
1024000 5934555 5934360 7674183 0 0 1298432
1318912 5988147 5987909 7743450 0 0 1302528
1302528 6040815 6040627 7811529 0 0 1257472
937984 6084705 6084542 7868454 0 0 995328
1163264 6135921 6135669 7934916 0 0 1257472
770048 6188886 6188742 8003457 0 0 925696
1150976 6241851 6241647 8071998 0 0 1261568
1249280 6293001 6292796 8138130 0 0 1302528
1224704 6345471 6345196 8205945 0 0 1302528
1232896 6398106 6397856 8274024 0 0 1257472
1286144 6451236 6451019 8343027 0 0 1302528
1179648 6505059 6504820 8412789 0 0 1306624
1257472 6557595 6557377 8480901 0 0 1306624
1228800 6610197 6609940 8549046 0 0 1261568
1175552 6663756 6663430 8618379 0 0 1257472
1839104 6715929 6715514 8686161 0 0 1949696
1499136 6769356 6769020 8755329 0 0 1601536
1257472 6822618 6822329 8824365 0 0 1257472
1941504 6875418 6875050 8892939 0 0 1990656
1839104 6928680 6928248 8961777 0 0 1957888
1196032 6981249 6981002 9029955 0 0 1306624
1204224 7033158 7032903 9097374 0 0 1306624
1024000 7086057 7085809 9165849 0 0 1261568
1236992 7139517 7139343 9235149 0 0 1261568
1327104 7192416 7192148 9303723 0 0 1306624
1163264 7245018 7244719 9371835 0 0 1257472
1216512 7297851 7297620 9440376 0 0 1306624
1232896 7350420 7350160 9508455 0 0 1302528
1253376 7403583 7403350 9577425 0 0 1261568
1212416 7456449 7456241 9645900 0 0 1302528
1163264 7509348 7509111 9714540 0 0 1257472
1171456 7561620 7561425 9782256 0 0 1257472
761856 7604850 7604668 9838455 0 0 1007616
1552384 7654647 7654239 9902772 0 0 2039808
802816 7707942 7707721 9971181 0 0 921600
1105920 7760775 7760477 10039062 0 0 1302528
1032192 7813311 7813077 10106646 0 0 1306624
1142784 7866804 7866589 10175418 0 0 1306624
1744896 7919406 7918965 10243002 0 0 1945600
1490944 7971612 7971231 10310124 0 0 1773568
1024000 8024214 8023961 10377774 0 0 1306624
1048576 8077641 8077455 10446579 0 0 1302528
1028096 8130540 8130269 10514460 0 0 1257472
1171456 8183373 8183127 10582506 0 0 1298432
1167360 8237196 8236891 10651641 0 0 1306624
1146880 8290326 8290076 10719951 0 0 1306624
868352 8342928 8342790 10787634 0 0 966656
1019904 8396355 8396147 10856340 0 0 1302528
1585152 8449485 8449112 10924683 0 0 1994752
1253376 8502945 8502723 10993422 0 0 1261568
978944 8555580 8555340 11061006 0 0 1257472
1253376 8610492 8610336 11131758 0 0 1302528
1015808 8663457 8663167 11199738 0 0 1298432
880640 8716521 8716299 11268081 0 0 1306624
991232 8769981 8769778 11336820 0 0 1261568
1130496 8823177 8822927 11405196 0 0 1306624
1748992 8876340 8875906 11473572 0 0 1990656
1044480 8930064 8929920 11542707 0 0 1298432
1085440 8983293 8983008 11611116 0 0 1257472
1347584 9035532 9035251 11678304 0 0 1310720
1101824 9088398 9088211 11746251 0 0 1306624
921600 9132750 9132599 11803440 0 0 995328
1024000 9182910 9182646 11868351 0 0 1294336
1077248 9236700 9236384 11937651 0 0 1306624
1314816 9289533 9289238 12005796 0 0 1306624
1126400 9342663 9342397 12074337 0 0 1306624
1146880 9395529 9395294 12142515 0 0 1310720
1204224 9448659 9448443 12210990 0 0 1302528
1105920 9501789 9501576 12279564 0 0 1306624
835584 9555876 9555629 12349260 0 0 1298432
1314816 9608082 9607828 12416679 0 0 1257472
1101824 9660651 9660337 12484362 0 0 1298432
1175552 9713451 9713212 12552540 0 0 1310720
1208320 9765987 9765715 12620322 0 0 1306624
1081344 9818787 9818545 12688467 0 0 1298432
1134592 9871653 9871450 12756546 0 0 1306624
1077248 9924189 9923939 12824295 0 0 1302528
2027520 9976065 9975634 12891285 0 0 2043904
1024000 10027974 10027767 12958275 0 0 1257472
1236992 10079949 10079706 13025199 0 0 1257472
1740800 10132188 10131723 13092552 0 0 1949696
1101824 10186275 10186001 13162314 0 0 1298432
1089536 10239405 10239163 13230888 0 0 1310720
1728512 10291908 10291535 13298604 0 0 2039808
1777664 10345071 10344654 13367178 0 0 1912832
1265664 10397904 10397655 13435356 0 0 1310720
1097728 10449813 10449612 13502280 0 0 1306624
958464 10503339 10503055 13571250 0 0 1310720
1150976 10556766 10556529 13640187 0 0 1204224
1146880 10607784 10607539 13705956 0 0 1306624
1179648 10659330 10659151 13772517 0 0 1257472
1003520 10702494 10702226 13828353 0 0 1302528
1265664 10754667 10754477 13895640 0 0 1298432
987136 10807797 10807619 13963983 0 0 1261568
1126400 10860333 10860138 14031534 0 0 1257472
1011712 10912869 10912606 14099118 0 0 1257472
1200128 10964151 10963930 14165118 0 0 1241088
1232896 11016060 11015828 14231943 0 0 1298432
1712128 11069751 11069372 14301078 0 0 1949696
1277952 11123277 11123008 14369817 0 0 1257472
1638400 11176968 11176514 14439018 0 0 2002944
1257472 11234091 11233892 14512476 0 0 1257472
929792 11291247 11291109 14586066 0 0 1003520
1228800 11347083 11346861 14657841 0 0 1306624
1294336 11402721 11402447 14729319 0 0 1306624
1048576 11457369 11457137 14799609 0 0 1306624
1056768 11512083 11511813 14869965 0 0 1306624
1175552 11565708 11565490 14939199 0 0 1302528
1019904 11620422 11620147 15009522 0 0 1306624
1187840 11677215 11676951 15082551 0 0 1306624
1105920 11732787 11732570 15154095 0 0 1306624
1216512 11788062 11787873 15225177 0 0 1302528
1191936 11842974 11842790 15295929 0 0 1261568
1232896 11900163 11899914 15369354 0 0 1253376
1126400 11955702 11955478 15440964 0 0 1302528
946176 12012165 12011970 15513564 0 0 1302528
1060864 12067803 12067550 15585108 0 0 1302528
1007616 12123639 12123394 15657015 0 0 1253376
1093632 12180135 12179922 15729615 0 0 1261568
1236992 12223761 12223513 15786342 0 0 1257472
1196032 12279168 12278943 15857886 0 0 1257472
1187840 12334509 12334260 15929397 0 0 1277952
1171456 12389256 12389012 16000149 0 0 1310720
1142784 12444597 12444387 16071660 0 0 1306624
1064960 12500664 12500392 16143963 0 0 1310720
1060864 12556038 12555826 16215474 0 0 1306624
1232896 12611808 12611517 16287414 0 0 1302528
1142784 12666621 12666368 16358199 0 0 1261568
1306624 12720807 12720549 16428027 0 0 1302528
1064960 12775653 12775393 16498812 0 0 1306624
1835008 12832644 12832178 16572303 0 0 2007040
1204224 12888315 12888130 16644177 0 0 1261568
1179648 12942897 12942631 16714500 0 0 1261568
1331200 12997116 12996803 16784460 0 0 1257472
1126400 13051599 13051340 16854783 0 0 1302528
1036288 13107963 13107701 16927482 0 0 1257472
1163264 13162479 13162157 16997838 0 0 1310720
1159168 13217853 13217683 17069382 0 0 1261568
1220608 13274943 13274618 17142807 0 0 1302528
1150976 13331208 13331014 17215572 0 0 1261568
864256 13386945 13386836 17287446 0 0 925696
1093632 13442352 13442120 17358957 0 0 1257472
1159168 13497462 13497228 17430072 0 0 1306624
1150976 13551417 13551142 17499636 0 0 1302528
1105920 13604382 13604176 17568012 0 0 1302528
1277952 13657413 13657108 17636355 0 0 1261568
765952 13709520 13709253 17703774 0 0 1003520
1146880 13754103 13753909 17761557 0 0 1298432
1060864 13809312 13809079 17832837 0 0 1257472
1851392 13864488 13864091 17904117 0 0 2039808
1224704 13920291 13920056 17976255 0 0 1306624
1122304 13974906 13974715 18046776 0 0 1306624
1118208 14031006 14030781 18119145 0 0 1294336
1134592 14085852 14085667 18189996 0 0 1257472
1110016 14141127 14140784 18261012 0 0 1261568
1347584 14195610 14195361 18331368 0 0 1298432
1097728 14249862 14249653 18401229 0 0 1306624
1212416 14304675 14304422 18472014 0 0 1306624
995328 14360115 14359922 18543558 0 0 1257472
1318912 14415357 14415074 18614640 0 0 1257472
1101824 14469312 14468990 18684171 0 0 1302528
1249280 14523498 14523287 18754164 0 0 1306624
1282048 14577717 14577521 18824091 0 0 1302528
1327104 14632299 14632062 18894348 0 0 1306624
1212416 14685924 14685634 18963483 0 0 1302528
1454080 14740176 14739897 19033476 0 0 1306624
1175552 14794098 14793861 19103040 0 0 1208320
1196032 14847162 14846879 19171482 0 0 1298432
1175552 14901348 14901142 19241376 0 0 1306624
1105920 14955897 14955699 19311699 0 0 1261568
1208320 15010446 15010221 19381989 0 0 1261568
1110016 15065655 15065386 19453104 0 0 1302528
1216512 15120765 15120525 19524285 0 0 1257472
1159168 15176238 15175983 19595763 0 0 1261568
1187840 15231414 15231158 19666911 0 0 1302528
1134592 15275469 15275170 19724034 0 0 1298432
954368 15329523 15329244 19793763 0 0 1257472
1056768 15384468 15384169 19864680 0 0 1310720
1101824 15439116 15438839 19935168 0 0 1306624
995328 15493170 15492883 20004864 0 0 1302528
1089536 15548775 15548490 20076606 0 0 1302528
1318912 15604182 15603956 20148084 0 0 1261568
1179648 15659127 15658911 20218803 0 0 1306624
1011712 15714369 15714115 20289918 0 0 1302528
1077248 15769545 15769352 20361066 0 0 1302528
1232896 15824193 15823902 20431356 0 0 1302528
1269760 15879072 15878866 20502108 0 0 1306624
991232 15933654 15933448 20572464 0 0 1261568
1187840 15988632 15988362 20643117 0 0 1306624
1134592 16042818 16042625 20713077 0 0 1302528
1101824 16098126 16097847 20784192 0 0 1261568
1249280 16152444 16152137 20854152 0 0 1306624
1187840 16206762 16206496 20924112 0 0 1306624
1335296 16261014 16260694 20994072 0 0 1302528
1232896 16315662 16315363 21064395 0 0 1310720
1142784 16370277 16369996 21134751 0 0 1302528
1187840 16425090 16424838 21205470 0 0 1306624
880640 16478814 16478534 21274539 0 0 1257472
1191936 16533594 16533310 21345159 0 0 1478656
1150976 16588341 16588112 21415614 0 0 1257472
1245184 16642263 16641875 21485079 0 0 1642496
1204224 16696944 16696660 21555567 0 0 1306624
1216512 16752780 16752557 21627408 0 0 1306624
1077248 16797297 16797021 21684993 0 0 1310720
983040 16853397 16853137 21757098 0 0 1253376
901120 16908540 16908276 21827982 0 0 1302528
1155072 16962825 16962582 21897711 0 0 1306624
1007616 17017440 17017203 21967803 0 0 1257472
1282048 17072187 17071916 22038258 0 0 1544192
942080 17126868 17126597 22108482 0 0 1261568
1069056 17181747 17181507 22178970 0 0 1302528
1024000 17236593 17236321 22249425 0 0 1306624
1228800 17290185 17289980 22318428 0 0 1261568
815104 17343480 17343259 22386969 0 0 1310720
1081344 17398953 17398727 22458315 0 0 1261568
991232 17454426 17454168 22529529 0 0 1249280
1077248 17509536 17509293 22600446 0 0 1261568
1048576 17565306 17565073 22672188 0 0 1294336
880640 17620746 17620503 22743501 0 0 1257472
1802240 17675592 17675192 22813989 0 0 1994752
688128 17729184 17729141 22882926 0 0 925696
1728512 17784987 17784560 22954569 0 0 1945600
925696 17841021 17840802 23026641 0 0 1294336
1097728 17895603 17895362 23096799 0 0 1306624
1175552 17951076 17950846 23168079 0 0 1302528
1617920 18006516 18006029 23239392 0 0 1994752
1716224 18061989 18061558 23310705 0 0 2011136
1019904 18116208 18115960 23380434 0 0 1306624
1073152 18170460 18170197 23450163 0 0 1302528
1024000 18225933 18225623 23521509 0 0 1257472
1150976 18281934 18281769 23593614 0 0 1298432
1265664 18325923 18325678 23650374 0 0 1261568
901120 18381132 18380830 23721291 0 0 1310720
1056768 18436572 18436336 23792637 0 0 1257472
1056768 18492012 18491852 23863884 0 0 1257472
1630208 18547617 18547187 23935164 0 0 1949696
1093632 18604542 18604359 24008490 0 0 1257472
1298432 18660015 18659776 24079803 0 0 1306624
1011712 18714201 18714003 24149565 0 0 1261568
978944 18767100 18766942 24217644 0 0 1261568
946176 18821088 18820858 24287010 0 0 1302528
1208320 18875274 18875000 24356706 0 0 1306624
1183744 18930351 18930155 24427590 0 0 1257472
1146880 18984603 18984397 24497352 0 0 1310720
1175552 19038822 19038547 24567114 0 0 1302528
1183744 19091424 19091167 24634863 0 0 1298432
1679360 19145346 19144844 24704130 0 0 1949696
901120 19197948 19197757 24771879 0 0 1298432
1134592 19250979 19250670 24840090 0 0 1257472
1167360 19304868 19304554 24909423 0 0 1302528
1155072 19358757 19358514 24978723 0 0 1302528
1105920 19412580 19412362 25048056 0 0 1302528
942080 19465875 19465613 25116597 0 0 1302528
1228800 19518213 19517944 25183950 0 0 1310720
1081344 19571739 19571529 25252986 0 0 1306624
1032192 19625397 19625140 25321890 0 0 1302528
1089536 19678923 19678683 25390827 0 0 1261568
1056768 19732515 19732276 25459698 0 0 1257472
909312 19785579 19785291 25528041 0 0 1130496
1024000 19828677 19828454 25583910 0 0 1298432
1060864 19881312 19881037 25651461 0 0 1261568
1187840 19934475 19934246 25719903 0 0 1302528
1277952 19987935 19987700 25788675 0 0 1310720
995328 20042055 20041805 25858206 0 0 1306624
1056768 20096769 20096548 25928628 0 0 1306624
1757184 20151219 20150790 25998555 0 0 1945600
1867776 20205537 20205126 26068515 0 0 2015232
974848 20259657 20259415 26138013 0 0 1306624
1167360 20313678 20313458 26207610 0 0 1257472
1249280 20367534 20367262 26276778 0 0 1261568
1011712 20421324 20421074 26345913 0 0 1302528
876544 20475543 20475248 26415675 0 0 1261568
1011712 20529762 20529533 26485404 0 0 1306624
835584 20582067 20581864 26552658 0 0 987136
1011712 20636088 20635846 26622123 0 0 1257472
937984 20689977 20689714 26691423 0 0 1089536
880640 20743074 20742916 26759799 0 0 983040
1024000 20797788 20797474 26830023 0 0 1302528
1667072 20851545 20851113 26899158 0 0 1945600
909312 20904081 20903820 26966742 0 0 1302528
1196032 20957904 20957655 27035976 0 0 1310720
1126400 21010407 21010166 27103560 0 0 1310720
1085440 21063570 21063335 27171903 0 0 1302528
1073152 21118284 21118072 27242193 0 0 1302528
643072 21174318 21174082 27314232 0 0 933888
978944 21230748 21230508 27386799 0 0 1302528
966656 21286353 21286110 27458310 0 0 1302528
1142784 21341661 21341417 27529425 0 0 1261568
1290240 21385947 21385712 27587010 0 0 1306624
1220608 21438912 21438702 27655518 0 0 1257472
942080 21493461 21493207 27726072 0 0 1302528
1720320 21548868 21548485 27797715 0 0 2002944
1196032 21604308 21604038 27869457 0 0 1302528
1335296 21659418 21659099 27940638 0 0 1261568
1527808 21715155 21714764 28012743 0 0 1785856
1142784 21770166 21769926 28084089 0 0 1261568
1093632 21824055 21823836 28153851 0 0 1257472
1163264 21877680 21877474 28223052 0 0 1257472
1052672 21933978 21933737 28296015 0 0 1298432
1142784 21989088 21988883 28367328 0 0 1257472
1810432 22044264 22043821 28438608 0 0 1990656
1130496 22099605 22099377 28510284 0 0 1302528
1830912 22155309 22154874 28582323 0 0 1945600
1085440 22210782 22210479 28654065 0 0 1257472
1273856 22266717 22266509 28726599 0 0 1261568
1200128 22321893 22321617 28797846 0 0 1302528
1286144 22377564 22377329 28869951 0 0 1310720
1253376 22432641 22432421 28941264 0 0 1310720
1064960 22488147 22487834 29012907 0 0 1257472
1232896 22543257 22542998 29084220 0 0 1310720
815104 22598697 22598481 29155962 0 0 1007616
1146880 22653708 22653486 29227176 0 0 1298432
1339392 22707960 22707655 29297334 0 0 1302528
1044480 22763664 22763361 29369340 0 0 1302528
1019904 22818444 22818180 29440224 0 0 1302528
942080 22873356 22873145 29511438 0 0 991232
