1114112 5907 5716 7986 0 0 1216512
1036288 63789 63544 82995 0 0 1216512
1671168 119130 118785 154902 0 0 1859584
1150976 173976 173732 226017 0 0 1171456
1134592 229383 229162 297858 0 0 1212416
1011712 284493 284278 369402 0 0 1171456
1134592 339537 339343 440847 0 0 1216512
1126400 395010 394755 512754 0 0 1208320
1318912 449988 449691 584232 0 0 1400832
1314816 505197 504961 655875 0 0 1216512
1171456 560340 560099 727320 0 0 1216512
1089536 615450 615263 798831 0 0 1216512
1028096 670857 670633 870738 0 0 1216512
970752 725934 725759 942282 0 0 1167360
1175552 781143 780957 1013958 0 0 1110016
1249280 836451 836199 1085667 0 0 1220608
1228800 891528 891315 1157178 0 0 1216512
1753088 947859 947460 1230240 0 0 1859584
1196032 1003266 1003022 1302180 0 0 1216512
1040384 1056957 1056727 1371909 0 0 1110016
1118208 1110714 1110544 1441671 0 0 1167360
1130496 1164636 1164394 1511598 0 0 1220608
1200128 1218525 1218277 1581525 0 0 1171456
1134592 1272447 1272157 1651452 0 0 1212416
937984 1326303 1326085 1721346 0 0 1171456
1183744 1379895 1379717 1790943 0 0 1171456
1220608 1433751 1433558 1860870 0 0 1216512
811008 1487178 1486976 1930071 0 0 835584
1155072 1530309 1530075 1986303 0 0 1294336
1273856 1584528 1584316 2056428 0 0 1302528
1654784 1638483 1638029 2126223 0 0 2052096
1024000 1692702 1692394 2196348 0 0 1253376
1282048 1746624 1746365 2266110 0 0 1302528
1327104 1800777 1800630 2336268 0 0 1257472
1220608 1854765 1854496 2405799 0 0 1310720
1003520 1908687 1908461 2475363 0 0 1298432
1228800 1962972 1962724 2545323 0 0 1302528
1081344 2016597 2016361 2614458 0 0 1298432
2056192 2070849 2070345 2684418 0 0 1945600
1110016 2124441 2124218 2753586 0 0 1245184
1204224 2178693 2178465 2823480 0 0 1306624
1085440 2232615 2232440 2893044 0 0 1298432
1212416 2287527 2287249 2963763 0 0 1302528
1060864 2341812 2341525 3033723 0 0 1294336
1232896 2395998 2395780 3103683 0 0 1306624
1011712 2450316 2450055 3173643 0 0 1298432
1261568 2504535 2504251 3243603 0 0 1220608
1228800 2558457 2558224 3313167 0 0 1208320
1142784 2612478 2612170 3382698 0 0 1306624
1777664 2666697 2666286 3452625 0 0 1945600
856064 2720388 2720228 3521892 0 0 1056768
1204224 2774574 2774351 3591654 0 0 1302528
1159168 2828529 2828243 3661284 0 0 1253376
1228800 2882748 2882578 3731244 0 0 1302528
987136 2937132 2936849 3801204 0 0 1290240
1155072 2990724 2990504 3870306 0 0 1298432
921600 3038607 3038412 3932280 0 0 999424
1290240 3088041 3087808 3996300 0 0 1302528
1118208 3142326 3142066 4066458 0 0 1257472
1085440 3196578 3196311 4136550 0 0 1298432
999424 3250500 3250315 4206246 0 0 1253376
1101824 3304521 3304261 4275975 0 0 1302528
1171456 3358773 3358524 4346001 0 0 1257472
1191936 3412728 3412391 4415631 0 0 1294336
1150976 3466584 3466326 4485162 0 0 1306624
1105920 3520473 3520240 4554726 0 0 1257472
1789952 3574725 3574267 4624620 0 0 1925120
1048576 3628350 3628123 4693788 0 0 1298432
1245184 3682206 3681990 4763352 0 0 1298432
1183744 3736458 3736235 4833213 0 0 1290240
1069056 3790050 3789808 4902414 0 0 1257472
1085440 3844005 3843720 4972011 0 0 1208320
1036288 3897267 3897062 5040684 0 0 1253376
1085440 3950892 3950661 5109885 0 0 1257472
1236992 4004781 4004548 5179482 0 0 1298432
983040 4059000 4058800 5249376 0 0 1298432
933888 4112955 4112827 5318940 0 0 929792
1265664 4166877 4166567 5388438 0 0 1306624
1282048 4220436 4220200 5457606 0 0 1253376
1282048 4274391 4274084 5527203 0 0 1257472
1224704 4328313 4328041 5596734 0 0 1200128
1105920 4382466 4382206 5666628 0 0 1245184
1257472 4436421 4436212 5736258 0 0 1257472
1097728 4490079 4489806 5805360 0 0 1253376
1351680 4543935 4543730 5874924 0 0 1302528
1277952 4587264 4587060 5931255 0 0 1302528
1196032 4641219 4640967 6001017 0 0 1298432
954368 4695570 4695353 6071307 0 0 1196032
1167360 4749723 4749490 6141234 0 0 1302528
1105920 4803975 4803682 6211392 0 0 1253376
1015808 4858161 4857980 6281451 0 0 1302528
1044480 4912380 4912124 6351576 0 0 1277952
1265664 4966566 4966303 6421734 0 0 1253376
1253376 5020884 5020631 6492090 0 0 1363968
1294336 5074971 5074727 6561984 0 0 1257472
1384448 5129124 5128898 6632076 0 0 1302528
1036288 5182716 5182495 6701442 0 0 1253376
1060864 5237529 5237272 6772326 0 0 1294336
1191936 5291682 5291473 6842451 0 0 1302528
1269760 5346231 5345957 6912906 0 0 1302528
1097728 5400087 5399829 6982635 0 0 1302528
1220608 5454273 5454010 7052760 0 0 1298432
1290240 5508162 5507927 7122522 0 0 1253376
1134592 5562051 5561833 7192251 0 0 1253376
1187840 5616270 5616005 7262376 0 0 1257472
1380352 5670423 5670187 7332501 0 0 1257472
1179648 5724609 5724400 7402659 0 0 1298432
1302528 5778828 5778577 7472718 0 0 1245184
1028096 5832684 5832460 7542513 0 0 1253376
1286144 5887233 5886988 7612935 0 0 1257472
1093632 5941056 5940847 7682796 0 0 1298432
1261568 5995308 5995088 7752822 0 0 1302528
1265664 6049494 6049256 7822947 0 0 1302528
1118208 6092823 6092547 7879344 0 0 1253376
1040384 6147009 6146790 7949535 0 0 1306624
1155072 6200997 6200690 8019165 0 0 1302528
1351680 6254919 6254606 8088927 0 0 1253376
1024000 6308841 6308608 8158887 0 0 1249280
1171456 6363027 6362735 8228781 0 0 1253376
1163264 6416850 6416542 8298576 0 0 1257472
1249280 6470904 6470650 8368602 0 0 1277952
1200128 6525024 6524744 8438760 0 0 1298432
1122304 6579078 6578860 8508885 0 0 1302528
1241088 6633132 6632933 8579010 0 0 1298432
1220608 6687252 6687030 8649135 0 0 1298432
1081344 6741405 6741122 8719227 0 0 1302528
1359872 6795756 6795516 8789748 0 0 1298432
1019904 6849876 6849613 8859873 0 0 1306624
1265664 6904887 6904596 8931219 0 0 1298432
1146880 6959271 6959022 9001674 0 0 1298432
1208320 7013358 7013133 9071799 0 0 1302528
1269760 7067478 7067189 9141891 0 0 1306624
1134592 7121532 7121335 9212016 0 0 1253376
1212416 7175652 7175358 9282108 0 0 1298432
1216512 7229739 7229488 9352233 0 0 1302528
1134592 7284156 7283905 9422820 0 0 1306624
1015808 7338276 7337954 9492945 0 0 1253376
1118208 7392330 7392057 9563037 0 0 1294336
962560 7446483 7446168 9633162 0 0 1306624
1142784 7500867 7500558 9703716 0 0 1302528
1388544 7554624 7554350 9773412 0 0 1298432
839680 7604850 7604592 9838620 0 0 1003520
942080 7652535 7652260 9900099 0 0 1298432
1175552 7706952 7706709 9970059 0 0 1294336
1761280 7761369 7760912 10040052 0 0 1945600
1708032 7815819 7815340 10109979 0 0 1941504
1142784 7869939 7869659 10179510 0 0 1306624
1810432 7924620 7924165 10249866 0 0 1986560
1028096 7979598 7979405 10320618 0 0 1302528
1265664 8034939 8034706 10391766 0 0 1257472
946176 8088993 8088741 10461264 0 0 1302528
1118208 8143113 8142808 10530828 0 0 1306624
1003520 8197497 8197278 10600788 0 0 1253376
675840 8251650 8251453 10670418 0 0 909312
1130496 8305935 8305741 10740246 0 0 1302528
987136 8359725 8359461 10809381 0 0 1212416
1187840 8413548 8413306 10878549 0 0 1306624
1089536 8467899 8467671 10948476 0 0 1302528
1167360 8522316 8522019 11018403 0 0 1306624
987136 8576370 8576105 11087934 0 0 1277952
1077248 8630754 8630532 11157894 0 0 1302528
1167360 8685171 8684925 11227821 0 0 1253376
1040384 8739522 8739322 11297715 0 0 1253376
1208320 8793642 8793347 11367279 0 0 1302528
1179648 8848059 8847761 11437206 0 0 1306624
1216512 8902410 8902200 11507100 0 0 1298432
1044480 8956794 8956518 11577060 0 0 1306624
1654784 9011178 9010773 11646954 0 0 1941504
1105920 9065298 9065024 11716485 0 0 1306624
802816 9119385 9119060 11786049 0 0 1302528
1036288 9162813 9162558 11842413 0 0 1257472
1118208 9216867 9216631 11912142 0 0 1306624
1277952 9270954 9270669 11981937 0 0 1257472
1200128 9325041 9324828 12051633 0 0 1290240
872448 9379128 9378851 12121362 0 0 1302528
1052672 9433809 9433532 12191916 0 0 1298432
1028096 9488160 9487903 12261942 0 0 1302528
1163264 9542445 9542278 12332166 0 0 1253376
1101824 9596895 9596646 12402225 0 0 1298432
1032192 9650916 9650735 12471987 0 0 1306624
1036288 9705003 9704767 12541683 0 0 1302528
1191936 9759354 9759128 12611841 0 0 1298432
835584 9813771 9813489 12681867 0 0 1302528
1146880 9868419 9868189 12752421 0 0 1253376
995328 9922506 9922286 12822117 0 0 1298432
1064960 9976857 9976617 12892275 0 0 1298432
1114112 10030944 10030690 12961971 0 0 1302528
999424 10085295 10085062 13032129 0 0 1298432
1122304 10139646 10139426 13102155 0 0 1257472
1081344 10193502 10193226 13171554 0 0 1302528
1302528 10247853 10247541 13241712 0 0 1302528
1208320 10301874 10301682 13311408 0 0 1302528
1101824 10356522 10356302 13381929 0 0 1306624
1228800 10410642 10410365 13451625 0 0 1298432
1298432 10464663 10464444 13521354 0 0 1306624
1073152 10518453 10518194 13590687 0 0 1298432
1015808 10572507 10572258 13660383 0 0 1306624
1159168 10626264 10626050 13729716 0 0 1298432
1212416 10670121 10669767 13786509 0 0 1306624
1069056 10724076 10723830 13856073 0 0 1302528
839680 10778757 10778474 13926396 0 0 1302528
1216512 10832712 10832546 13995927 0 0 1302528
1122304 10887063 10886880 14065854 0 0 1298432
1261568 10941150 10940881 14135418 0 0 1253376
1048576 10995501 10995209 14205411 0 0 1302528
991232 11049489 11049307 14274942 0 0 1298432
999424 11103906 11103635 14344902 0 0 1204224
1294336 11158818 11158585 14415654 0 0 1253376
1069056 11213202 11212878 14485647 0 0 1302528
1306624 11267586 11267270 14555574 0 0 1306624
1216512 11321937 11321652 14625435 0 0 1294336
1056768 11376222 11376038 14695362 0 0 1253376
1167360 11430342 11430057 14764959 0 0 1204224
983040 11484726 11484442 14834886 0 0 1294336
962560 11538780 11538512 14904450 0 0 1277952
1220608 11592801 11592609 14974014 0 0 1302528
1097728 11647152 11646907 15043941 0 0 1253376
1351680 11701239 11700953 15113505 0 0 1302528
1171456 11755227 11755019 15183069 0 0 1294336
1552384 11809875 11809490 15253326 0 0 1990656
1130496 11863962 11863740 15322923 0 0 1302528
1200128 11917983 11917766 15392487 0 0 1302528
1208320 11972400 11972127 15462447 0 0 1302528
1179648 12026751 12026520 15532407 0 0 1294336
1060864 12081069 12080837 15602400 0 0 1257472
1101824 12135750 12135468 15672657 0 0 1253376
872448 12187032 12186883 15738888 0 0 999424
1236992 12233364 12233089 15798915 0 0 1204224
1146880 12287517 12287295 15868809 0 0 1253376
1396736 12341340 12341071 15938340 0 0 1253376
1064960 12395163 12394980 16007904 0 0 1302528
1269760 12449052 12448821 16077435 0 0 1298432
1093632 12503205 12502979 16147329 0 0 1298432
1126400 12557127 12556905 16216893 0 0 1290240
2023424 12611346 12610876 16286820 0 0 1941504
1183744 12665565 12665309 16356780 0 0 1241088
1044480 12719751 12719543 16426707 0 0 1253376
1245184 12774003 12773726 16496667 0 0 1302528
1150976 12828189 12827903 16566594 0 0 1302528
1019904 12882111 12881812 16636092 0 0 1257472
1040384 12936594 12936337 16706514 0 0 1298432
1191936 12990549 12990277 16776045 0 0 1298432
1257472 13045032 13044787 16846335 0 0 1306624
1134592 13099251 13098979 16916361 0 0 1257472
1241088 13153470 13153209 16986288 0 0 1294336
1028096 13207953 13207740 17056578 0 0 1306624
1228800 13262238 13261937 17126571 0 0 1298432
1130496 13316688 13316459 17196861 0 0 1298432
1380352 13370577 13370331 17266392 0 0 1306624
1314816 13424763 13424518 17336319 0 0 1306624
1310720 13479015 13478740 17406279 0 0 1298432
1925120 13533234 13532825 17476272 0 0 1892352
1044480 13587123 13586901 17545803 0 0 1257472
1155072 13641375 13641156 17615730 0 0 1302528
1306624 13695627 13695376 17685723 0 0 1257472
1232896 13739319 13739072 17742483 0 0 1302528
1097728 13793604 13793382 17812542 0 0 1294336
1224704 13847625 13847326 17882271 0 0 1302528
1359872 13901877 13901642 17952396 0 0 1302528
1339392 13955832 13955568 18022158 0 0 1253376
1110016 14010183 14009894 18092316 0 0 1306624
1232896 14064171 14063896 18161913 0 0 1261568
1150976 14118357 14118114 18231807 0 0 1257472
1351680 14172609 14172383 18301734 0 0 1298432
1114112 14226531 14226237 18371298 0 0 1253376
1003520 14280783 14280561 18441225 0 0 1249280
1204224 14334771 14334524 18510822 0 0 1294336
1282048 14388990 14388732 18580749 0 0 1245184
978944 14442912 14442678 18650280 0 0 1294336
1720320 14497131 14496708 18720207 0 0 1941504
1114112 14551350 14551145 18790200 0 0 1253376
1175552 14605635 14605398 18860127 0 0 1306624
1093632 14660217 14659951 18930417 0 0 1302528
1191936 14714403 14714152 19000410 0 0 1302528
1118208 14768358 14768106 19069875 0 0 1306624
1183744 14822577 14822385 19139835 0 0 1298432
1892352 14876499 14876068 19209399 0 0 1982464
1138688 14930784 14930561 19279359 0 0 1245184
1175552 14984970 14984771 19349253 0 0 1298432
1097728 15039288 15039033 19419213 0 0 1249280
1036288 15093738 15093540 19489569 0 0 1298432
1167360 15148023 15147749 19559496 0 0 1257472
1171456 15202275 15202039 19629456 0 0 1302528
1183744 15245637 15245367 19685787 0 0 1306624
1175552 15299658 15299433 19755483 0 0 1257472
1028096 15354306 15354041 19825938 0 0 1298432
1196032 15408393 15408088 19895733 0 0 1253376
1212416 15462711 15462462 19965858 0 0 1302528
1056768 15517062 15516811 20036016 0 0 1298432
1007616 15571380 15571189 20105943 0 0 1249280
1286144 15626061 15625760 20176266 0 0 1302528
1130496 15679983 15679767 20245830 0 0 1253376
1110016 15734268 15733992 20315823 0 0 1294336
1146880 15788553 15788344 20385750 0 0 1298432
942080 15842805 15842586 20455677 0 0 1282048
1130496 15897156 15896927 20525637 0 0 1294336
1101824 15951804 15951558 20595927 0 0 1298432
1216512 16006452 16006185 20666283 0 0 1257472
1208320 16060737 16060451 20736243 0 0 1298432
1277952 16114659 16114420 20805840 0 0 1302528
1777664 16169307 16168872 20876130 0 0 1994752
1114112 16223328 16223097 20945727 0 0 1253376
1024000 16277679 16277429 21015687 0 0 1298432
1220608 16331964 16331661 21085581 0 0 1302528
1126400 16385655 16385353 21154749 0 0 1302528
1314816 16439940 16439696 21224709 0 0 1298432
909312 16494225 16493968 21294636 0 0 1294336
1204224 16548510 16548277 21364563 0 0 1277952
1142784 16602828 16602587 21434490 0 0 1245184
1048576 16657410 16657211 21504879 0 0 1298432
1298432 16712058 16711793 21575202 0 0 1302528
876544 16759347 16759204 21636318 0 0 1003520
1662976 16809705 16809268 21701163 0 0 1941504
1351680 16864254 16863954 21771321 0 0 1253376
1220608 16918803 16918556 21841446 0 0 1302528
1011712 16973088 16972882 21911208 0 0 1290240
1204224 17027010 17026779 21980442 0 0 1302528
794624 17081658 17081342 22050600 0 0 1253376
1015808 17136174 17135939 22120692 0 0 1290240
970752 17190756 17190425 22190850 0 0 1306624
970752 17244909 17244690 22260579 0 0 1253376
1196032 17299458 17299251 22330638 0 0 1294336
1146880 17354304 17354038 22401126 0 0 1302528
1712128 17409117 17408727 22471614 0 0 2043904
1089536 17463699 17463413 22541739 0 0 1257472
1142784 17518182 17517959 22611864 0 0 1302528
1146880 17572995 17572792 22682418 0 0 1298432
1007616 17627577 17627348 22752510 0 0 1298432
884736 17681862 17681622 22822338 0 0 929792
966656 17736642 17736407 22892760 0 0 1253376
1134592 17791158 17790889 22962885 0 0 1306624
1019904 17845740 17845436 23033010 0 0 1298432
958464 17900256 17899982 23103168 0 0 1253376
901120 17954772 17954525 23173293 0 0 1294336
1044480 18009288 18009036 23243385 0 0 1302528
966656 18063837 18063552 23313543 0 0 1253376
1073152 18118386 18118060 23383635 0 0 1257472
1105920 18173232 18172966 23454156 0 0 1302528
864256 18227748 18227525 23524281 0 0 1294336
1056768 18282627 18282317 23594802 0 0 1294336
1138688 18326517 18326242 23651628 0 0 1249280
1114112 18380802 18380583 23721291 0 0 1302528
954368 18435351 18435129 23791383 0 0 1298432
1097728 18489867 18489690 23861541 0 0 1302528
1024000 18544185 18543885 23931270 0 0 1253376
1040384 18598701 18598515 24001395 0 0 1294336
1048576 18653514 18653321 24071916 0 0 1253376
921600 18707766 18707509 24141645 0 0 1253376
1040384 18762183 18761973 24211737 0 0 1298432
1372160 18816369 18816141 24281499 0 0 1306624
1122304 18871809 18871566 24352779 0 0 1302528
1101824 18926325 18926070 24422937 0 0 1257472
1413120 18981666 18981309 24494151 0 0 1654784
1249280 19036281 19035913 24564342 0 0 1257472
1146880 19092249 19092047 24636480 0 0 1298432
1122304 19146732 19146507 24706572 0 0 1298432
1085440 19201248 19201031 24776697 0 0 1253376
1085440 19256061 19255866 24847251 0 0 1302528
1110016 19310544 19310318 24917343 0 0 1257472
1081344 19364730 19364515 24986973 0 0 1298432
1765376 19419180 19418777 25057131 0 0 1937408
1187840 19473762 19473500 25127223 0 0 1302528
1261568 19528278 19527929 25197348 0 0 1302528
1138688 19582695 19582488 25267440 0 0 1257472
1134592 19637178 19636975 25337532 0 0 1253376
1478656 19691364 19690921 25407261 0 0 1945600
1118208 19745583 19745290 25476990 0 0 1302528
1015808 19800363 19800089 25547511 0 0 1253376
1093632 19843857 19843629 25603809 0 0 1253376
937984 19898274 19898041 25673769 0 0 1302528
1044480 19952724 19952480 25743696 0 0 1298432
1126400 20006811 20006590 25813260 0 0 1298432
1007616 20060931 20060690 25882824 0 0 1302528
1019904 20115315 20115115 25952751 0 0 1298432
1069056 20169765 20169513 26022645 0 0 1298432
1191936 20224413 20224204 26093001 0 0 1306624
1093632 20278368 20278076 26162433 0 0 1253376
1052672 20332917 20332601 26232558 0 0 1302528
892928 20387268 20387050 26302485 0 0 1257472
1110016 20441355 20441117 26372016 0 0 1302528
1028096 20495772 20495428 26442009 0 0 1302528
962560 20550123 20549906 26511936 0 0 1298432
991232 20604144 20603923 26581500 0 0 1253376
999424 20658033 20657752 26650635 0 0 1302528
978944 20712384 20712121 26720595 0 0 1298432
1310720 20766768 20766514 26790522 0 0 1257472
1114112 20820855 20820606 26860020 0 0 1302528
1835008 20875536 20875149 26930343 0 0 1941504
1241088 20929953 20929692 27000336 0 0 1245184
1187840 20984007 20983830 27069867 0 0 1294336
978944 21038490 21038170 27139860 0 0 1302528
1032192 21092874 21092587 27209787 0 0 1302528
1060864 21146895 21146670 27279351 0 0 1257472
1134592 21201312 21201068 27349311 0 0 1302528
1183744 21255663 21255477 27419172 0 0 1257472
1093632 21309750 21309513 27488802 0 0 1302528
1204224 21352617 21352361 27544209 0 0 1302528
1282048 21406209 21405957 27613575 0 0 1302528
978944 21460362 21460143 27683634 0 0 1257472
1089536 21514317 21514010 27753396 0 0 1261568
1110016 21568866 21568523 27823950 0 0 1257472
1126400 21622524 21622256 27893415 0 0 1257472
1101824 21676611 21676351 27963342 0 0 1298432
1302528 21731094 21730859 28033863 0 0 1257472
1085440 21785313 21785072 28104021 0 0 1253376
1118208 21839763 21839573 28174509 0 0 1253376
1740800 21894312 21893864 28245063 0 0 2002944
1150976 21948201 21947936 28314825 0 0 1302528
1118208 22002057 22001864 28384488 0 0 1298432
1175552 22055979 22055752 28454250 0 0 1302528
1048576 22110231 22109927 28524375 0 0 1253376
1150976 22164417 22164178 28594533 0 0 1302528
1654784 22218570 22218135 28664691 0 0 1941504
1355776 22272426 22272183 28734387 0 0 1253376
1097728 22326381 22326081 28804116 0 0 1302528
1179648 22380501 22380294 28874274 0 0 1302528
1134592 22435017 22434813 28944795 0 0 1257472
1282048 22488609 22488394 29014095 0 0 1257472
1191936 22542795 22542541 29084253 0 0 1298432
1179648 22596948 22596770 29154312 0 0 1298432
1306624 22651200 22650938 29224470 0 0 1302528
1282048 22705386 22705128 29294562 0 0 1253376
1306624 22759275 22759013 29364324 0 0 1294336
1306624 22813461 22813228 29434383 0 0 1298432
1269760 22867647 22867406 29504508 0 0 1253376
