1150976 3795 3606 5181 0 0 1220608
1105920 49599 49330 64548 0 0 1220608
1130496 102564 102324 133320 0 0 1171456
1159168 153087 152890 198924 0 0 1175552
1032192 204600 204366 265749 0 0 1175552
1138688 252120 251949 327393 0 0 1224704
1097728 303039 302796 393459 0 0 1220608
1060864 353562 353374 458997 0 0 1220608
1138688 406230 406001 527439 0 0 1216512
1146880 456522 456284 592647 0 0 1216512
1204224 506814 506536 657888 0 0 1220608
974848 557370 557138 723492 0 0 1224704
1114112 607959 607694 789063 0 0 1220608
1183744 651849 651590 846120 0 0 1216512
1839104 699369 698984 907797 0 0 1859584
1155072 745404 745197 967527 0 0 1171456
1249280 791736 791473 1027620 0 0 1171456
1757184 832326 831902 1080288 0 0 1970176
667648 878361 878216 1140084 0 0 847872
1708032 929511 929085 1206480 0 0 1908736
1179648 977658 977428 1268949 0 0 1167360
1040384 1029402 1029210 1336137 0 0 1212416
1146880 1079067 1078838 1400553 0 0 1171456
1892352 1125993 1125548 1461471 0 0 1863680
1146880 1175031 1174798 1525128 0 0 1171456
794624 1225884 1225754 1591128 0 0 839680
1699840 1274955 1274513 1654752 0 0 1949696
1142784 1323399 1323140 1717617 0 0 1175552
1142784 1373955 1373756 1783287 0 0 1216512
991232 1422135 1421872 1845690 0 0 1220608
1261568 1469061 1468799 1906608 0 0 1175552
733184 1514799 1514630 1966140 0 0 913408
1159168 1562946 1562715 2028642 0 0 1261568
1691648 1607100 1606667 2085798 0 0 1990656
1507328 1657029 1656637 2150379 0 0 2023424
991232 1708575 1708286 2217006 0 0 1261568
1073152 1756029 1755865 2278386 0 0 1298432
1044480 1805133 1804874 2341746 0 0 1306624
1011712 1853874 1853540 2404743 0 0 1310720
1159168 1902285 1902059 2467212 0 0 1228800
1212416 1952610 1952364 2532024 0 0 1298432
1179648 2004387 2004194 2598783 0 0 1261568
1159168 2052303 2052022 2660493 0 0 1261568
962560 2102529 2102316 2725371 0 0 1302528
1138688 2154075 2153818 2791767 0 0 1306624
1089536 2204334 2204080 2856612 0 0 1302528
1150976 2252151 2251931 2918256 0 0 1261568
1236992 2302476 2302259 2983068 0 0 1302528
1077248 2354319 2354056 3049860 0 0 1306624
987136 2407614 2407378 3118632 0 0 1306624
1126400 2458170 2457944 3183873 0 0 1306624
1818624 2514336 2513836 3256176 0 0 2043904
1740800 2568555 2568079 3326103 0 0 1990656
1056768 2621553 2621317 3394479 0 0 1306624
1179648 2674617 2674336 3462822 0 0 1306624
1142784 2729166 2728955 3533178 0 0 1310720
950272 2783715 2783464 3603501 0 0 1261568
1187840 2839485 2839279 3675507 0 0 1306624
962560 2893440 2893178 3745038 0 0 1302528
1736704 2947428 2946960 3814602 0 0 1904640
1155072 3001944 3001722 3884958 0 0 1261568
1155072 3041940 3041765 3936900 0 0 1298432
970752 3093189 3092902 4003032 0 0 1282048
1081344 3146286 3146011 4071573 0 0 1306624
1273856 3199020 3198780 4139718 0 0 1261568
1056768 3254460 3254241 4211460 0 0 1294336
1040384 3310857 3310684 4284324 0 0 1302528
1171456 3364812 3364580 4353987 0 0 1306624
1036288 3417249 3417013 4421571 0 0 1261568
1040384 3472425 3472117 4492653 0 0 1302528
1789952 3527799 3527369 4564164 0 0 1994752
1220608 3582315 3582091 4634487 0 0 1310720
1802240 3638349 3637958 4706790 0 0 1990656
1720320 3692304 3691863 4776321 0 0 1945600
1327104 3744708 3744432 4843839 0 0 1257472
933888 3798300 3798041 4913040 0 0 1310720
983040 3854037 3853794 4984947 0 0 1261568
1126400 3906738 3906550 5052894 0 0 1261568
1277952 3960660 3960415 5122491 0 0 1261568
1114112 4014285 4013929 5191626 0 0 1310720
2002944 4066392 4065903 5258847 0 0 1994752
1646592 4116519 4116176 5323626 0 0 1945600
1241088 4170573 4170303 5393190 0 0 1232896
1404928 4224495 4224152 5462688 0 0 1572864
1101824 4270761 4270581 5522451 0 0 1306624
1093632 4325937 4325713 5593632 0 0 1302528
1908736 4379826 4379396 5663130 0 0 2027520
1830912 4431933 4431452 5730318 0 0 1949696
1216512 4485855 4485627 5799882 0 0 1298432
1024000 4540404 4540159 5870205 0 0 1302528
1855488 4581291 4580883 5923401 0 0 1945600
1159168 4630923 4630717 5987619 0 0 1261568
1150976 4684284 4684067 6056556 0 0 1257472
1159168 4733652 4733420 6120378 0 0 1302528
1077248 4783911 4783659 6185388 0 0 1302528
1183744 4841496 4841277 6259869 0 0 1302528
1785856 4877763 4877381 6306762 0 0 1994752
1232896 4909113 4908885 6347352 0 0 1261568
1024000 4947228 4946954 6396588 0 0 1306624
1118208 4980162 4979938 6439554 0 0 1310720
1892352 5013327 5012919 6482454 0 0 1990656
1167360 5048736 5048513 6528456 0 0 1294336
1720320 5088204 5087758 6579408 0 0 1994752
1159168 5121105 5120889 6621978 0 0 1257472
1003520 5161563 5161325 6674349 0 0 1249280
1130496 5200800 5200531 6725136 0 0 1261568
1327104 5234856 5234590 6769257 0 0 1306624
790528 5270562 5270405 6815457 0 0 1085440
1929216 5312835 5312419 6870072 0 0 1994752
1888256 5347254 5346780 6914589 0 0 1949696
1843200 5381013 5380625 6958281 0 0 2035712
1740800 5420580 5420167 7009497 0 0 1937408
1282048 5455593 5455380 7054806 0 0 1310720
1220608 5489682 5489456 7098927 0 0 1306624
1024000 5528985 5528697 7149714 0 0 1306624
1130496 5567958 5567718 7200138 0 0 1310720
1769472 5602047 5601594 7244325 0 0 1990656
1372160 5639073 5638741 7292340 0 0 1761280
1708032 5678178 5677730 7342764 0 0 2039808
1167360 5711376 5711133 7385664 0 0 1310720
2056192 5748831 5748358 7434174 0 0 2080768
1105920 5787738 5787515 7484598 0 0 1302528
1798144 5821596 5821126 7528290 0 0 1941504
1007616 5862120 5861883 7580859 0 0 1138688
995328 5905251 5904957 7636629 0 0 1306624
1548288 5938449 5938011 7679595 0 0 1990656
987136 5972868 5972527 7724079 0 0 1302528
1024000 6012072 6011833 7774899 0 0 1298432
1130496 6046458 6046174 7819416 0 0 1306624
1003520 6079986 6079785 7862811 0 0 1310720
1167360 6116814 6116597 7910430 0 0 1302528
1085440 6154302 6154009 7958907 0 0 1257472
1794048 6188655 6188205 8003358 0 0 2056192
1249280 6224559 6224342 8049855 0 0 1261568
1073152 6265347 6265130 8102655 0 0 1261568
1019904 6298281 6297967 8145225 0 0 1298432
1654784 6335967 6335471 8193966 0 0 2031616
1183744 6374313 6374049 8243730 0 0 1261568
839680 6408501 6408258 8287983 0 0 1085440
1830912 6444339 6443925 8334315 0 0 1990656
1318912 6483312 6483034 8384673 0 0 1261568
1863680 6508986 6508469 8418267 0 0 1945600
839680 6541953 6541685 8460837 0 0 1298432
1662976 6582741 6582264 8513604 0 0 1998848
1863680 6618117 6617712 8559309 0 0 2002944
1978368 6651612 6651173 8602638 0 0 2035712
983040 6691575 6691301 8654184 0 0 1306624
1449984 6728964 6728597 8702595 0 0 1548288
1736704 6760479 6760035 8743251 0 0 2002944
1097728 6796449 6796238 8789781 0 0 1257472
1216512 6836412 6836139 8841393 0 0 1302528
1204224 6868719 6868437 8883138 0 0 1257472
1142784 6906801 6906548 8932407 0 0 1282048
1789952 6946401 6945942 8983590 0 0 1998848
880640 6977850 6977682 9024345 0 0 1085440
1036288 7015305 7015097 9072624 0 0 1306624
1429504 7061934 7061692 9132882 0 0 1261568
905216 7094901 7094609 9175419 0 0 1306624
1843200 7129023 7128605 9219507 0 0 2035712
1142784 7172022 7171807 9275079 0 0 1306624
1921024 7205550 7205119 9318375 0 0 1990656
1003520 7238550 7238272 9361077 0 0 1056768
950272 7278447 7278130 9412590 0 0 1302528
1028096 7314714 7314478 9459450 0 0 1236992
1085440 7346097 7345836 9500073 0 0 1257472
745472 7382364 7382233 9546933 0 0 925696
925696 7419885 7419632 9595344 0 0 1257472
1146880 7452852 7452576 9637914 0 0 1261568
1748992 7490274 7489878 9686325 0 0 1990656
704512 7529016 7528871 9736353 0 0 925696
1015808 7562214 7561958 9779286 0 0 1261568
1150976 7601220 7600991 9829776 0 0 1261568
1105920 7640820 7640552 9880893 0 0 1306624
1064960 7674051 7673795 9923892 0 0 1310720
1069056 7708800 7708535 9968772 0 0 1257472
1093632 7748829 7748577 10020549 0 0 1249280
1556480 7784370 7783921 10066452 0 0 2064384
872448 7817271 7817038 10108989 0 0 1257472
1105920 7855386 7855186 10158258 0 0 1277952
1142784 7891389 7891163 10204689 0 0 1306624
1732608 7923630 7923201 10246401 0 0 1871872
1118208 7961184 7960953 10294878 0 0 1306624
1159168 7999596 7999350 10344543 0 0 1257472
1126400 8026227 8026009 10379325 0 0 1302528
1056768 8062923 8062743 10426548 0 0 1306624
1150976 8101533 8101246 10476180 0 0 1306624
839680 8134302 8134052 10518519 0 0 1089536
1294336 8169876 8169506 10564356 0 0 1642496
1024000 8208255 8208002 10613724 0 0 1306624
937984 8242476 8242273 10657812 0 0 1310720
1220608 8276136 8275928 10701141 0 0 1302528
1220608 8317089 8316885 10753908 0 0 1310720
966656 8351376 8351106 10798062 0 0 1306624
712704 8383155 8383063 10839015 0 0 925696
1036288 8423646 8423347 10890990 0 0 1306624
1146880 8470407 8470199 10951281 0 0 1257472
741376 8505387 8505143 10996392 0 0 1142784
1605632 8542644 8542181 11044275 0 0 1994752
970752 8580858 8580645 11093511 0 0 1310720
1040384 8613627 8613362 11135685 0 0 1261568
983040 8649069 8648894 11181357 0 0 1294336
966656 8687778 8687511 11231154 0 0 1085440
1863680 8720085 8719699 11272767 0 0 1990656
856064 8757474 8757168 11320848 0 0 1298432
1642496 8799087 8798607 11374407 0 0 1990656
1142784 8830272 8830073 11414568 0 0 1306624
1650688 8863041 8862613 11456775 0 0 1945600
1011712 8904060 8903759 11509542 0 0 1261568
901120 8936268 8936020 11551089 0 0 1130496
700416 8968674 8968432 11592834 0 0 1085440
888832 9011772 9011452 11648241 0 0 1302528
983040 9047577 9047356 11694309 0 0 1302528
1155072 9079389 9079166 11735262 0 0 1306624
1785856 9117009 9116522 11783673 0 0 2035712
1200128 9154002 9153809 11831358 0 0 1302528
1802240 9201786 9201378 11892804 0 0 2035712
798720 9252375 9252112 11958012 0 0 1085440
962560 9304086 9303846 12024540 0 0 1200128
1675264 9354180 9353776 12088956 0 0 2031616
1028096 9407739 9407446 12157926 0 0 1298432
1007616 9459120 9458925 12224058 0 0 1310720
1142784 9506541 9506306 12285141 0 0 1302528
606208 9545118 9544949 12334905 0 0 1003520
1622016 9596004 9595474 12400641 0 0 1986560
1765376 9641511 9641033 12459315 0 0 2011136
1069056 9684576 9684369 12514887 0 0 1310720
1138688 9731040 9730835 12574716 0 0 1306624
1847296 9776547 9776146 12633390 0 0 1994752
1257472 9821790 9821519 12691701 0 0 1306624
1765376 9870135 9869693 12753972 0 0 1900544
1073152 9918744 9918551 12816573 0 0 1302528
1146880 9963096 9962836 12873696 0 0 1261568
880640 10010220 10009911 12934284 0 0 1302528
1011712 10058598 10058304 12996588 0 0 1302528
696320 10105062 10104912 13056483 0 0 925696
1257472 10154265 10153889 13119810 0 0 1658880
1257472 10204194 10203944 13184094 0 0 1298432
897024 10248876 10248647 13241679 0 0 1306624
1179648 10293492 10293296 13299132 0 0 1257472
1744896 10344345 10343909 13364571 0 0 1949696
819200 10391205 10390941 13425060 0 0 1089536
978944 10435458 10435233 13481985 0 0 1253376
1056768 10484430 10484176 13544982 0 0 1306624
1630208 10530927 10530518 13604910 0 0 1945600
819200 10574982 10574704 13661637 0 0 1306624
2080768 10623327 10622900 13723875 0 0 1949696
1183744 10670748 10670559 13784991 0 0 1306624
1064960 10716057 10715845 13843269 0 0 1257472
950272 10762884 10762601 13903494 0 0 1302528
1482752 10810536 10810219 13964940 0 0 1662976
1773568 10853733 10853281 14020545 0 0 1986560
1114112 10909701 10909493 14092683 0 0 1302528
1044480 10955307 10954999 14151324 0 0 1306624
884736 10988076 10987803 14193465 0 0 1257472
1052672 11022000 11021745 14237223 0 0 1306624
1785856 11060544 11060062 14286855 0 0 2048000
1798144 11087868 11087392 14322363 0 0 2035712
1638400 11122947 11122486 14367705 0 0 1994752
987136 11162778 11162610 14419020 0 0 1155072
962560 11197857 11197604 14464164 0 0 1302528
1122304 11229933 11229735 14505546 0 0 1302528
1167360 11269038 11268877 14555937 0 0 1306624
1130496 11306427 11306161 14603952 0 0 1257472
1634304 11339097 11338598 14646126 0 0 1957888
1142784 11374275 11373962 14691468 0 0 1306624
1081344 11412753 11412491 14741067 0 0 1261568
1691648 11447601 11447110 14785980 0 0 1990656
1769472 11488191 11487729 14838318 0 0 1994752
1773568 11527230 11526809 14888841 0 0 2043904
761856 11560659 11560423 14931906 0 0 1056768
954368 11595969 11595727 14977479 0 0 1306624
880640 11635107 11634833 15027903 0 0 1306624
1241088 11670516 11670272 15073641 0 0 1302528
913408 11704374 11704151 15117300 0 0 1302528
1810432 11744073 11743624 15168549 0 0 1945600
823296 11779251 11779085 15214023 0 0 1089536
1114112 11812020 11811689 15256164 0 0 1335296
634880 11848485 11848377 15303321 0 0 872448
806912 11887095 11886875 15353052 0 0 1085440
1064960 11920623 11920406 15396183 0 0 1261568
1146880 11956659 11956421 15442713 0 0 1302528
1122304 11998008 11997738 15496041 0 0 1073152
1056768 12030612 12030315 15538017 0 0 1261568
811008 12066714 12066427 15584679 0 0 1052672
1458176 12106314 12105887 15635697 0 0 1990656
987136 12138357 12138121 15677079 0 0 1302528
1028096 12172347 12172077 15720837 0 0 1302528
1253376 12210495 12210234 15770073 0 0 1306624
958464 12252636 12252354 15824391 0 0 1294336
1720320 12286197 12285774 15867687 0 0 1994752
1249280 12326523 12326260 15919761 0 0 1310720
1900544 12361338 12360943 15964674 0 0 1949696
1261568 12393447 12393215 16006023 0 0 1261568
1179648 12433773 12433551 16058064 0 0 1302528
1114112 12471030 12470782 16106112 0 0 1302528
1732608 12503667 12503229 16148220 0 0 1998848
909312 12539505 12539312 16194486 0 0 962560
1536000 12576663 12576199 16242402 0 0 1986560
1159168 12602733 12602483 16276392 0 0 1306624
1646592 12641211 12640841 16326024 0 0 2023424
1077248 12680745 12680517 16376811 0 0 1302528
1085440 12713151 12712935 16418556 0 0 1310720
1138688 12748032 12747840 16463436 0 0 1257472
1597440 12786312 12785808 16512639 0 0 1982464
761856 12818520 12818293 16554186 0 0 1048576
1150976 12853929 12853716 16599759 0 0 1298432
1101824 12895245 12895009 16652856 0 0 1257472
1916928 12929499 12929098 16697076 0 0 2052096
1564672 12963489 12963065 16740801 0 0 2039808
729088 13001274 13001075 16789344 0 0 1052672
942080 13037706 13037485 16836237 0 0 1085440
1122304 13072521 13072283 16880985 0 0 1298432
1064960 13108062 13107834 16926756 0 0 1306624
999424 13145748 13145499 16975200 0 0 1302528
1056768 13177296 13177044 17015790 0 0 1232896
659456 13215675 13215394 17065191 0 0 1130496
1224704 13254846 13254618 17115615 0 0 1089536
1667072 13289001 13288612 17159505 0 0 2002944
819200 13325433 13325225 17206431 0 0 1298432
954368 13366518 13366234 17259132 0 0 1302528
1028096 13399947 13399615 17302098 0 0 1282048
1253376 13433805 13433578 17345823 0 0 1261568
991232 13474593 13474349 17398227 0 0 1298432
1679360 13511322 13510915 17445417 0 0 2035712
1101824 13544388 13544121 17487987 0 0 1306624
1626112 13584186 13583788 17539203 0 0 2039808
946176 13621575 13621332 17587317 0 0 1302528
1224704 13654938 13654726 17630250 0 0 1261568
1036288 13691073 13690807 17676681 0 0 1310720
1499136 13731564 13731092 17728656 0 0 2035712
1982464 13763079 13762648 17769345 0 0 2007040
663552 13798917 13798737 17815446 0 0 958464
1679360 13837791 13837347 17865375 0 0 1949696
995328 13870923 13870649 17907912 0 0 1257472
1044480 13907916 13907718 17955630 0 0 1298432
1015808 13946163 13945962 18004866 0 0 1298432
1638400 13977480 13976983 18045027 0 0 1990656
1654784 14012955 14012545 18090732 0 0 1994752
1159168 14051895 14051663 18140760 0 0 1261568
1150976 14084004 14083780 18182076 0 0 1298432
1167360 14115585 14115328 18222666 0 0 1261568
917504 14150565 14150246 18268074 0 0 1306624
1687552 14188416 14187985 18316881 0 0 2035712
1662976 14220228 14219748 18357933 0 0 2023424
1093632 14258673 14258456 18407466 0 0 1302528
872448 14298405 14298239 18458814 0 0 933888
978944 14328963 14328759 18498084 0 0 1261568
1056768 14368695 14368476 18549300 0 0 1306624
884736 14409318 14409085 18601770 0 0 1302528
950272 14443308 14443125 18645627 0 0 1089536
966656 14481489 14481229 18694698 0 0 1306624
1146880 14519373 14519125 18743604 0 0 1310720
835584 14552802 14552483 18786471 0 0 1302528
1085440 14589465 14589248 18833793 0 0 1298432
999424 14631210 14630945 18887550 0 0 1208320
950272 14663913 14663661 18929625 0 0 1056768
835584 14695065 14694867 18969885 0 0 1085440
1708032 14736612 14736168 19023279 0 0 1949696
1024000 14771262 14771044 19067862 0 0 1085440
1118208 14803899 14803664 19109904 0 0 1257472
1175552 14841486 14841285 19158348 0 0 1261568
1019904 14880063 14879839 19207947 0 0 1306624
1044480 14910951 14910722 19247778 0 0 1302528
819200 14947944 14947864 19295430 0 0 925696
1024000 14985300 14985009 19343478 0 0 1302528
851968 15018399 15018188 19386213 0 0 1085440
1200128 15055392 15055084 19433733 0 0 1310720
1146880 15091131 15090869 19479768 0 0 1302528
929792 15122910 15122682 19520688 0 0 1257472
1691648 15156900 15156457 19564479 0 0 1990656
1019904 15196335 15196130 19615266 0 0 1306624
1490944 15227223 15226753 19655064 0 0 2043904
1241088 15260322 15259988 19697634 0 0 1302528
1105920 15298833 15298569 19747233 0 0 1310720
1851392 15333054 15332655 19791387 0 0 2039808
1183744 15364932 15364619 19832307 0 0 1306624
843776 15404037 15403831 19882764 0 0 1306624
1085440 15441393 15441132 19930845 0 0 1306624
1843200 15474723 15474318 19973811 0 0 1998848
1781760 15512310 15511901 20022255 0 0 1994752
1662976 15551514 15551038 20072712 0 0 2035712
888832 15586395 15586134 20117691 0 0 1257472
1024000 15624345 15624070 20166498 0 0 1310720
843776 15662328 15662152 20215503 0 0 1003520
761856 15691698 15691657 20253585 0 0 925696
1626112 15729219 15728700 20301633 0 0 1994752
1187840 15769644 15769439 20353641 0 0 1302528
1060864 15804657 15804403 20398521 0 0 1261568
1028096 15838086 15837881 20441454 0 0 1302528
823296 15877653 15877373 20492274 0 0 1257472
1105920 15912633 15912323 20537220 0 0 1298432
1159168 15945138 15944849 20578932 0 0 1302528
1777664 15984672 15984258 20629752 0 0 1990656
1159168 16025130 16024901 20681760 0 0 1302528
872448 16058295 16058016 20724297 0 0 1257472
1093632 16094166 16093829 20770332 0 0 1257472
1024000 16133370 16133180 20820756 0 0 1257472
1748992 16167459 16166991 20864481 0 0 1949696
1769472 16203627 16203233 20910978 0 0 2035712
1773568 16243293 16242784 20961798 0 0 1994752
1912832 16278471 16278103 21007074 0 0 2039808
1093632 16323318 16323025 21064659 0 0 1257472
1040384 16363479 16363236 21116238 0 0 1306624
1032192 16395984 16395725 21157983 0 0 1298432
1282048 16428192 16427941 21199332 0 0 1302528
1118208 16466538 16466300 21248601 0 0 1310720
1572864 16501518 16501080 21293448 0 0 2035712
774144 16533462 16533263 21334434 0 0 925696
1081344 16568673 16568467 21379710 0 0 1302528
1142784 16604775 16604614 21426240 0 0 1306624
1105920 16637379 16637133 21468018 0 0 1302528
1019904 16673844 16673580 21514878 0 0 1261568
1048576 16714335 16714012 21566886 0 0 1310720
671744 16746543 16746303 21608334 0 0 1011712
1896448 16785153 16784753 21657801 0 0 1994752
983040 16822938 16822653 21706344 0 0 1257472
1101824 16854519 16854249 21746934 0 0 1257472
1003520 16888872 16888608 21791088 0 0 1257472
1052672 16928406 16928185 21841875 0 0 1261568
1589248 16961208 16960809 21883983 0 0 2043904
1232896 16993746 16993528 21925761 0 0 1310720
974848 17032389 17032119 21975459 0 0 1257472
1003520 17067006 17066833 22019943 0 0 1253376
1089536 17099544 17099325 22061721 0 0 1310720
851968 17138781 17138518 22112112 0 0 1257472
1040384 17175279 17175028 22158972 0 0 1306624
1052672 17202075 17201807 22193754 0 0 1306624
1777664 17236164 17235630 22237479 0 0 2052096
1024000 17272860 17272693 22284768 0 0 1306624
1163264 17304837 17304584 22325721 0 0 1286144
1183744 17343744 17343547 22375782 0 0 1257472
1134592 17382783 17382456 22425777 0 0 1302528
1015808 17415915 17415679 22468413 0 0 1302528
917504 17451555 17451302 22514250 0 0 1126400
1339392 17490429 17490197 22564047 0 0 1306624
1703936 17522307 17521868 22605033 0 0 1994752
1040384 17555406 17555151 22647570 0 0 1310720
1241088 17594379 17594190 22697697 0 0 1261568
1044480 17627841 17627544 22740564 0 0 1302528
1703936 17661534 17661156 22783860 0 0 1945600
1019904 17699847 17699642 22833162 0 0 1306624
839680 17744364 17744133 22890285 0 0 1302528
1724416 17783007 17782568 22939884 0 0 1949696
1757184 17820429 17820011 22987899 0 0 1990656
1175552 17863692 17863402 23043537 0 0 1290240
1097728 17896791 17896550 23086041 0 0 1298432
905216 17932398 17932110 23131713 0 0 1302528
1187840 17970381 17970195 23180553 0 0 1302528
1798144 18003579 18003146 23223156 0 0 1986560
1642496 18040374 18039929 23270412 0 0 2023424
868352 18080172 18079968 23321595 0 0 1261568
1019904 18112413 18112140 23362944 0 0 1294336
1077248 18145875 18145595 23405877 0 0 1310720
1355776 18185706 18185453 23457060 0 0 1302528
1806336 18219762 18219314 23500785 0 0 1990656
1601536 18253785 18253351 23544510 0 0 2043904
1249280 18291405 18291072 23592888 0 0 1650688
1208320 18327705 18327492 23639517 0 0 1302528
987136 18360243 18359985 23681163 0 0 1302528
1028096 18396081 18395878 23727330 0 0 1302528
1077248 18433866 18433614 23775741 0 0 1306624
1818624 18468780 18468289 23820621 0 0 2039808
839680 18508413 18508246 23871606 0 0 1134592
1888256 18546330 18545917 23920248 0 0 2043904
1146880 18579528 18579297 23962851 0 0 1302528
1523712 18615993 18615589 24009711 0 0 1994752
1044480 18653448 18653190 24057759 0 0 1257472
811008 18685986 18685817 24099669 0 0 1085440
1036288 18719481 18719259 24142569 0 0 1085440
937984 18754659 18754439 24188175 0 0 1261568
1175552 18787395 18787182 24230349 0 0 1298432
847872 18819207 18818928 24271269 0 0 1302528
1236992 18858378 18858121 24321792 0 0 1306624
1961984 18895965 18895519 24370203 0 0 1994752
987136 18927480 18927212 24410793 0 0 1306624
831488 18963318 18963067 24457026 0 0 1081344
1134592 19000938 19000736 24505503 0 0 1089536
1044480 19034202 19033979 24548271 0 0 1298432
937984 19070304 19070022 24594768 0 0 1261568
1040384 19114359 19114115 24651429 0 0 1302528
1519616 19148844 19148501 24695880 0 0 1712128
1646592 19184946 19184552 24742443 0 0 1994752
1101824 19222368 19222091 24790524 0 0 1302528
1638400 19255698 19255275 24833424 0 0 2035712
929792 19291503 19291233 24879525 0 0 1261568
1036288 19331961 19331657 24931566 0 0 1257472
1220608 19365225 19364993 24974499 0 0 1306624
1630208 19398885 19398454 25017828 0 0 2052096
1028096 19438650 19438421 25069011 0 0 1306624
811008 19474587 19474397 25115244 0 0 1085440
1662976 19509006 19508657 25159662 0 0 2039808
1847296 19546098 19545645 25207281 0 0 2011136
983040 19584972 19584735 25257342 0 0 1298432
1130496 19618302 19618075 25300275 0 0 1257472
753664 19655361 19655044 25347894 0 0 1306624
1007616 19693245 19693036 25396800 0 0 1290240
1646592 19727829 19727451 25441284 0 0 2043904
1712128 19765812 19765361 25490058 0 0 1982464
1687552 19806534 19806059 25542528 0 0 1994752
1056768 19837950 19837771 25583118 0 0 1310720
1056768 19871643 19871455 25626414 0 0 1302528
983040 19910814 19910595 25676805 0 0 1261568
987136 19944144 19943953 25719738 0 0 1257472
1851392 19978134 19977764 25763463 0 0 1994752
843776 20017932 20017678 25814613 0 0 1257472
1699840 20054298 20053888 25861572 0 0 1994752
1007616 20085879 20085628 25902096 0 0 1306624
1626112 20121354 20120920 25947768 0 0 1949696
1044480 20160228 20160001 25997829 0 0 1249280
1806336 20193294 20192801 26040333 0 0 2015232
1785856 20228472 20228049 26085642 0 0 2039808
1736704 20260944 20260506 26127882 0 0 2035712
1310720 20294307 20294010 26170881 0 0 1306624
1241088 20329353 20329128 26216124 0 0 1261568
1212416 20368458 20368164 26266581 0 0 1302528
962560 20400864 20400688 26308491 0 0 1130496
1089536 20434161 20433947 26351490 0 0 1085440
909312 20476236 20475977 26405676 0 0 1306624
1101824 20508576 20508357 26447421 0 0 1302528
1200128 20541543 20541370 26489925 0 0 1261568
1036288 20585796 20585638 26547048 0 0 1310720
1032192 20623152 20622825 26595129 0 0 1306624
1859584 20654271 20653819 26635323 0 0 1994752
1138688 20690010 20689747 26681424 0 0 1310720
1822720 20727861 20727465 26730297 0 0 2039808
1028096 20760267 20759972 26772009 0 0 1302528
1114112 20797854 20797603 26820552 0 0 1261568
1048576 20835705 20835457 26869326 0 0 1257472
958464 20867253 20867033 26910081 0 0 1085440
1032192 20904807 20904612 26958558 0 0 1085440
991232 20943021 20942785 27007860 0 0 1146880
1015808 20976516 20976275 27050991 0 0 1310720
1155072 21010143 21009878 27094320 0 0 1306624
1232896 21050799 21050514 27146724 0 0 1302528
1015808 21082578 21082286 27187677 0 0 1310720
847872 21115842 21115562 27230610 0 0 1298432
1228800 21155211 21154988 27281496 0 0 1298432
1568768 21190653 21190210 27327168 0 0 1990656
765952 21223092 21222909 27369078 0 0 1089536
864256 21261273 21261068 27418314 0 0 1101824
1220608 21298464 21298247 27466230 0 0 1306624
1146880 21330540 21330330 27507645 0 0 1306624
897024 21366576 21366329 27554076 0 0 1302528
1114112 21404493 21404152 27602949 0 0 1257472
1122304 21438021 21437838 27646311 0 0 1314816
892928 21477225 21476975 27696900 0 0 1060864
880640 21516561 21516413 27747588 0 0 983040
970752 21549858 21549604 27790521 0 0 1306624
1142784 21586158 21585994 27837381 0 0 1298432
1028096 21628365 21628144 27891699 0 0 1298432
1814528 21660738 21660329 27933510 0 0 1949696
1609728 21694926 21694496 27977598 0 0 2048000
831488 21735549 21735300 28029969 0 0 1302528
1208320 21770991 21770733 28075707 0 0 1306624
