1175552 5907 5726 7986 0 0 1224704
983040 62535 62276 81642 0 0 1216512
929792 115830 115711 150942 0 0 839680
1642496 170280 169849 221826 0 0 1814528
1150976 223938 223661 291522 0 0 1216512
1105920 277827 277573 361647 0 0 1171456
1085440 331617 331433 431772 0 0 1220608
1138688 385242 384996 501534 0 0 1216512
1183744 439197 438995 571659 0 0 1220608
933888 493053 492836 641718 0 0 1216512
1077248 546942 546717 711777 0 0 1146880
1081344 600897 600590 782001 0 0 1171456
1236992 654489 654208 851730 0 0 1171456
1269760 708015 707738 921426 0 0 1187840
1126400 761937 761695 991551 0 0 1220608
1081344 815760 815589 1061643 0 0 1220608
1064960 869088 868850 1130976 0 0 1220608
1327104 922746 922501 1200705 0 0 1216512
1875968 977196 976801 1271655 0 0 1916928
1138688 1031085 1030888 1341747 0 0 1171456
1245184 1084644 1084463 1411509 0 0 1212416
1036288 1138896 1138637 1482030 0 0 1224704
1171456 1192752 1192531 1552056 0 0 1175552
1204224 1246377 1246175 1621851 0 0 1171456
1179648 1300266 1300036 1691976 0 0 1220608
1118208 1354089 1353954 1762101 0 0 1212416
1114112 1408011 1407830 1832226 0 0 1224704
1114112 1461966 1461731 1902351 0 0 1220608
667648 1514667 1514498 1971057 0 0 921600
868352 1558557 1558284 2028213 0 0 1261568
1052672 1612809 1612489 2098503 0 0 1306624
1208320 1666665 1666452 2168430 0 0 1302528
1130496 1720851 1720670 2238786 0 0 1306624
1003520 1774806 1774526 2308614 0 0 1261568
1019904 1829058 1828759 2378871 0 0 1302528
1327104 1883277 1882998 2449029 0 0 1261568
1183744 1937793 1937554 2519550 0 0 1261568
1699840 1991781 1991361 2589246 0 0 1970176
1040384 2045769 2045499 2658975 0 0 1302528
1290240 2099988 2099774 2729067 0 0 1302528
1073152 2153646 2153374 2798433 0 0 1306624
1142784 2207931 2207642 2868492 0 0 1306624
1282048 2262084 2261852 2938584 0 0 1310720
856064 2316138 2315963 3008445 0 0 1056768
1228800 2370687 2370385 3078801 0 0 1306624
1138688 2424906 2424678 3148959 0 0 1257472
1150976 2479488 2479219 3219480 0 0 1261568
1908736 2534037 2533581 3290034 0 0 1990656
1290240 2588289 2588029 3360159 0 0 1261568
1044480 2642541 2642309 3430284 0 0 1302528
1011712 2696199 2695956 3499617 0 0 1306624
913408 2750121 2749938 3569412 0 0 1253376
1372160 2804406 2804173 3639471 0 0 1261568
1212416 2858295 2858061 3709167 0 0 1290240
1069056 2912613 2912279 3779358 0 0 1310720
1277952 2966799 2966539 3849417 0 0 1306624
1171456 3020853 3020671 3919410 0 0 1261568
1282048 3064083 3063939 3975675 0 0 1306624
1839104 3118434 3117978 4045932 0 0 1998848
1126400 3172422 3172164 4115826 0 0 1302528
1163264 3226641 3226441 4186083 0 0 1257472
1851392 3280926 3280486 4256472 0 0 2002944
1589248 3334947 3334502 4326366 0 0 1945600
1728512 3388869 3388419 4396128 0 0 1994752
1093632 3443121 3442885 4466220 0 0 1310720
1228800 3497043 3496804 4535883 0 0 1208320
1249280 3551493 3551302 4606437 0 0 1306624
1306624 3605745 3605485 4676529 0 0 1302528
1191936 3659634 3659388 4746324 0 0 1302528
1339392 3713523 3713307 4816020 0 0 1306624
1171456 3767445 3767232 4885782 0 0 1302528
1159168 3821730 3821442 4955907 0 0 1257472
991232 3875949 3875613 5026032 0 0 1302528
1179648 3929838 3929597 5095761 0 0 1302528
1355776 3984024 3983823 5165886 0 0 1257472
1265664 4038309 4038054 5235978 0 0 1257472
1171456 4092495 4092225 5306103 0 0 1302528
770048 4146153 4146006 5375469 0 0 925696
1236992 4200372 4200113 5445561 0 0 1261568
1286144 4254591 4254322 5515653 0 0 1261568
1118208 4308513 4308186 5585382 0 0 1306624
1179648 4362699 4362445 5655507 0 0 1261568
1331200 4416951 4416646 5725566 0 0 1261568
1269760 4471170 4470889 5795724 0 0 1286144
1126400 4525356 4525099 5865849 0 0 1306624
1232896 4568454 4568153 5921883 0 0 1261568
1908736 4622970 4622529 5992569 0 0 1994752
1236992 4676826 4676652 6062430 0 0 1302528
1155072 4731408 4731202 6133149 0 0 1306624
1298432 4785726 4785479 6203505 0 0 1310720
1245184 4839912 4839711 6273828 0 0 1261568
1290240 4893570 4893330 6343260 0 0 1261568
1212416 4947393 4947167 6413187 0 0 1306624
1187840 5002239 5002010 6484335 0 0 1302528
1269760 5056425 5056193 6554625 0 0 1306624
1970176 5110908 5110425 6625311 0 0 1998848
1175552 5164830 5164582 6695271 0 0 1306624
1056768 5219280 5219061 6765858 0 0 1302528
1089536 5273499 5273254 6836148 0 0 1261568
1077248 5327718 5327441 6906405 0 0 1306624
1196032 5381904 5381649 6976761 0 0 1302528
1728512 5436057 5435620 7047051 0 0 1990656
1265664 5490243 5490009 7117308 0 0 1310720
1261568 5544726 5544487 7187994 0 0 1261568
1114112 5598582 5598326 7257888 0 0 1257472
1150976 5652471 5652249 7327815 0 0 1257472
1130496 5706393 5706138 7397775 0 0 1261568
1163264 5760282 5760053 7467702 0 0 1302528
1085440 5814501 5814200 7537959 0 0 1261568
1187840 5868390 5868130 7607853 0 0 1261568
1134592 5922543 5922301 7678209 0 0 1257472
1069056 5976399 5976229 7748103 0 0 1257472
1171456 6030585 6030401 7818360 0 0 1257472
1273856 6084210 6083966 7887891 0 0 1306624
1179648 6127869 6127632 7944816 0 0 1298432
925696 6181791 6181533 8014743 0 0 1298432
1122304 6235944 6235731 8085033 0 0 1306624
1150976 6289866 6289622 8154894 0 0 1302528
1306624 6344118 6343818 8225217 0 0 1306624
1228800 6398271 6397987 8295507 0 0 1253376
1273856 6452688 6452457 8366160 0 0 1306624
1212416 6506808 6506533 8436549 0 0 1302528
1163264 6560598 6560351 8506410 0 0 1302528
1351680 6614652 6614430 8576733 0 0 1302528
872448 6668475 6668355 8646660 0 0 917504
1249280 6722595 6722305 8716884 0 0 1306624
1216512 6776616 6776402 8787174 0 0 1310720
1855488 6830703 6830297 8857497 0 0 1949696
1290240 6884559 6884283 8927424 0 0 1306624
1122304 6938349 6938065 8997318 0 0 1310720
1261568 6992403 6992166 9067608 0 0 1306624
1224704 7046160 7045937 9137469 0 0 1306624
1146880 7100247 7099986 9207792 0 0 1224704
741376 7154037 7153871 9277818 0 0 1019904
1138688 7208157 7207863 9347976 0 0 1261568
1363968 7262508 7262291 9418662 0 0 1306624
1093632 7316364 7316056 9488589 0 0 1306624
1310720 7370418 7370179 9558912 0 0 1306624
1245184 7424472 7424233 9629202 0 0 1298432
1245184 7478328 7478058 9699129 0 0 1257472
1282048 7532745 7532474 9769848 0 0 1306624
1171456 7587096 7586813 9840468 0 0 1302528
1064960 7630458 7630217 9896964 0 0 1306624
1232896 7684908 7684622 9967089 0 0 1257472
1142784 7738995 7738780 10036785 0 0 1302528
1085440 7793115 7792862 10106547 0 0 1261568
1851392 7847532 7847116 10176639 0 0 1945600
1011712 7901685 7901387 10246401 0 0 1302528
1093632 7956003 7955814 10316526 0 0 1302528
1249280 8010387 8010147 10386684 0 0 1302528
1110016 8064804 8064515 10456710 0 0 1306624
1224704 8119122 8118954 10526835 0 0 1306624
864256 8173572 8173331 10596960 0 0 1302528
1159168 8227626 8227409 10666755 0 0 1306624
1126400 8282637 8282427 10737639 0 0 1302528
1093632 8337351 8337102 10808094 0 0 1302528
1052672 8391405 8391173 10877889 0 0 1302528
1155072 8445855 8445567 10947981 0 0 1261568
1036288 8499942 8499664 11017743 0 0 1306624
1146880 8553996 8553698 11087439 0 0 1261568
1089536 8608380 8608143 11157498 0 0 1306624
1097728 8662170 8661930 11226897 0 0 1302528
1142784 8716587 8716290 11296956 0 0 1257472
1150976 8770938 8770745 11367114 0 0 1257472
798720 8825355 8825221 11437206 0 0 925696
1052672 8879772 8879500 11507298 0 0 1302528
1277952 8934090 8933899 11577423 0 0 1261568
1552384 8988540 8988059 11647581 0 0 1966080
999424 9042957 9042687 11717673 0 0 1306624
1413120 9097341 9097066 11787798 0 0 1261568
1114112 9140835 9140546 11844294 0 0 1257472
1105920 9195186 9194903 11914551 0 0 1257472
1032192 9249834 9249587 11985237 0 0 1302528
1114112 9303591 9303270 12054768 0 0 1306624
1118208 9357975 9357690 12125025 0 0 1302528
905216 9412326 9412032 12195348 0 0 1306624
1110016 9466710 9466469 12265605 0 0 1298432
1605632 9521325 9520935 12336324 0 0 1990656
1302528 9575511 9575150 12406218 0 0 1306624
1036288 9629796 9629582 12476508 0 0 1306624
929792 9684180 9683964 12546765 0 0 1302528
1056768 9738564 9738274 12617121 0 0 1302528
1105920 9793278 9793009 12687807 0 0 1306624
1179648 9847662 9847350 12758064 0 0 1249280
1015808 9901617 9901356 12827991 0 0 1302528
1044480 9955737 9955478 12897918 0 0 1310720
1085440 10010121 10009846 12968208 0 0 1302528
942080 10063878 10063619 13037739 0 0 1302528
1077248 10119219 10118953 13109283 0 0 1302528
1224704 10173801 10173581 13179936 0 0 1306624
1138688 10228185 10228016 13250325 0 0 1302528
933888 10282305 10282054 13320120 0 0 1298432
925696 10336062 10335789 13389717 0 0 1257472
1609728 10390083 10389638 13459611 0 0 1949696
856064 10444203 10443909 13529538 0 0 1261568
1208320 10498257 10497957 13599333 0 0 1298432
1179648 10552278 10552074 13669260 0 0 1298432
1077248 10606365 10606169 13739154 0 0 1306624
753664 10660188 10659994 13808949 0 0 991232
1126400 10704177 10703973 13865940 0 0 1306624
1249280 10758495 10758275 13936032 0 0 1310720
1118208 10812846 10812620 14006190 0 0 1261568
1085440 10866900 10866704 14075919 0 0 1306624
1146880 10921284 10921046 14146011 0 0 1310720
1085440 10975272 10975065 14215740 0 0 1310720
1110016 11029392 11029134 14285469 0 0 1310720
1142784 11083743 11083472 14355627 0 0 1306624
1196032 11138094 11137791 14425686 0 0 1302528
1081344 11192115 11191847 14495448 0 0 1302528
1110016 11246202 11245918 14565144 0 0 1257472
1314816 11300223 11299963 14634906 0 0 1306624
847872 11354541 11354314 14704998 0 0 1302528
1732608 11408958 11408510 14775090 0 0 1990656
1187840 11463276 11463042 14845215 0 0 1306624
1110016 11517660 11517426 14915373 0 0 1306624
917504 11572011 11571753 14985465 0 0 1302528
1114112 11626032 11625799 15055194 0 0 1261568
1089536 11680152 11679876 15124956 0 0 1216512
1130496 11734206 11733952 15194652 0 0 1302528
1044480 11788524 11788288 15264777 0 0 1257472
1032192 11842941 11842644 15334935 0 0 1257472
1347584 11896896 11896683 15404565 0 0 1306624
1224704 11951049 11950753 15474327 0 0 1302528
1167360 12005037 12004831 15544056 0 0 1302528
1826816 12059421 12058935 15614148 0 0 1933312
868352 12113475 12113173 15683877 0 0 1302528
913408 12167496 12167283 15753540 0 0 1204224
1142784 12210528 12210322 15809574 0 0 1302528
1089536 12265638 12265395 15880854 0 0 1269760
1224704 12319494 12319215 15950583 0 0 1261568
1191936 12373350 12373055 16020279 0 0 1306624
1732608 12427503 12427052 16090338 0 0 1945600
1191936 12481293 12481046 16160067 0 0 1306624
1380352 12535809 12535606 16230621 0 0 1306624
1187840 12589698 12589483 16300317 0 0 1257472
1196032 12643653 12643424 16370079 0 0 1302528
1277952 12698532 12698255 16440963 0 0 1286144
1880064 12752355 12751923 16510659 0 0 2007040
1155072 12806277 12806013 16580388 0 0 1302528
1105920 12860496 12860248 16650480 0 0 1306624
1114112 12914418 12914156 16720209 0 0 1245184
1134592 12968637 12968391 16790334 0 0 1257472
1150976 13022823 13022503 16860426 0 0 1306624
1122304 13076712 13076477 16930122 0 0 1302528
1048576 13130931 13130678 17000247 0 0 1306624
991232 13184820 13184530 17069943 0 0 1302528
1265664 13239039 13238792 17140101 0 0 1306624
1253376 13293225 13292953 17210226 0 0 1302528
1269760 13347444 13347179 17280318 0 0 1306624
1298432 13401597 13401397 17350443 0 0 1302528
1138688 13455849 13455635 17420568 0 0 1302528
1216512 13509804 13509555 17490264 0 0 1306624
1179648 13563957 13563735 17560422 0 0 1310720
1474560 13618242 13617921 17630547 0 0 1576960
1134592 13672131 13671891 17700243 0 0 1302528
1236992 13715460 13715239 17756673 0 0 1310720
1048576 13769778 13769522 17826930 0 0 1306624
1146880 13824030 13823812 17897319 0 0 1302528
1171456 13878051 13877884 17967180 0 0 1302528
1236992 13932105 13931855 18037041 0 0 1302528
1228800 13986324 13986099 18107397 0 0 1261568
937984 14040642 14040400 18177621 0 0 1298432
1155072 14095224 14094920 18248076 0 0 1302528
1257472 14149410 14149161 18318102 0 0 1302528
1101824 14203629 14203398 18388293 0 0 1310720
2007040 14258211 14257795 18458748 0 0 2052096
1335296 14311869 14311596 18528114 0 0 1257472
1052672 14366055 14365783 18598173 0 0 1257472
1024000 14419680 14419479 18667572 0 0 1302528
1183744 14473965 14473667 18737697 0 0 1261568
1396736 14528217 14527899 18807789 0 0 1380352
1282048 14582106 14581867 18877551 0 0 1306624
1146880 14636358 14636117 18947610 0 0 1257472
1044480 14690610 14690347 19017735 0 0 1298432
1773568 14744829 14744412 19087893 0 0 1998848
1277952 14798817 14798546 19157655 0 0 1257472
1343488 14853003 14852782 19227780 0 0 1306624
1032192 14907222 14906999 19297872 0 0 1302528
1376256 14961474 14961267 19367997 0 0 1302528
1236992 15015792 15015485 19438122 0 0 1302528
1171456 15069978 15069758 19508247 0 0 1306624
1228800 15124230 15123969 19578339 0 0 1220608
1175552 15178449 15178265 19648398 0 0 1302528
1179648 15232701 15232460 19718556 0 0 1261568
1253376 15276162 15275887 19775052 0 0 1310720
1142784 15330447 15330274 19845441 0 0 1261568
1028096 15384237 15383961 19914873 0 0 1302528
774144 15438654 15438463 19985163 0 0 933888
1175552 15493170 15492958 20055849 0 0 1261568
999424 15547191 15546998 20125677 0 0 1302528
1118208 15601212 15601021 20195439 0 0 1306624
966656 15655563 15655297 20265498 0 0 1302528
1114112 15709551 15709277 20335260 0 0 1204224
1130496 15763506 15763285 20404989 0 0 1306624
1851392 15817857 15817425 20475081 0 0 1949696
1318912 15871845 15871625 20544777 0 0 1306624
1503232 15926460 15925992 20615298 0 0 1945600
909312 15980712 15980487 20685456 0 0 1298432
1216512 16034997 16034744 20755548 0 0 1310720
1290240 16088952 16088735 20825310 0 0 1306624
1208320 16143270 16143045 20895402 0 0 1257472
1003520 16197588 16197310 20965527 0 0 1257472
991232 16251906 16251672 21035718 0 0 1302528
1335296 16306158 16305961 21105777 0 0 1257472
1040384 16360542 16360237 21175935 0 0 1261568
1155072 16414827 16414578 21245994 0 0 1310720
1081344 16469079 16468825 21316152 0 0 1306624
1064960 16523430 16523182 21386277 0 0 1302528
1044480 16577517 16577294 21456171 0 0 1200128
950272 16631670 16631452 21526098 0 0 1257472
1175552 16685658 16685463 21595860 0 0 1302528
1110016 16739679 16739453 21665556 0 0 1310720
925696 16783173 16782950 21721986 0 0 1302528
1126400 16837821 16837554 21792375 0 0 1298432
933888 16892040 16891802 21862269 0 0 1257472
1208320 16946622 16946413 21932559 0 0 1306624
962560 17000874 17000593 22002387 0 0 1306624
954368 17055390 17055203 22072743 0 0 1298432
1052672 17110005 17109782 22142967 0 0 1302528
1171456 17164224 17163992 22212960 0 0 1257472
1073152 17218806 17218541 22283184 0 0 1306624
1077248 17273025 17272777 22353144 0 0 1257472
1204224 17327013 17326711 22422642 0 0 1310720
786432 17381199 17380922 22492470 0 0 1306624
1212416 17435715 17435400 22562793 0 0 1261568
1208320 17490264 17490001 22633083 0 0 1257472
1081344 17546001 17545758 22704957 0 0 1302528
1060864 17600484 17600278 22775280 0 0 1306624
905216 17655066 17654823 22845537 0 0 1298432
966656 17709582 17709354 22915860 0 0 1261568
1024000 17763867 17763586 22985721 0 0 1257472
1208320 17818053 17817832 23055681 0 0 1302528
1052672 17872635 17872350 23125971 0 0 1261568
1171456 17927151 17926913 23196261 0 0 1310720
1122304 17981106 17980861 23265825 0 0 1298432
864256 18035952 18035687 23336511 0 0 1257472
856064 18089907 18089655 23405976 0 0 1302528
1101824 18144687 18144514 23476728 0 0 1261568
1249280 18198939 18198749 23546589 0 0 1257472
1081344 18253818 18253561 23617275 0 0 1261568
1114112 18297411 18297170 23673837 0 0 1302528
991232 18351630 18351365 23743731 0 0 1302528
978944 18406179 18405981 23814021 0 0 1261568
1134592 18460464 18460203 23883981 0 0 1257472
1224704 18515277 18515064 23954601 0 0 1257472
1159168 18569892 18569591 24024891 0 0 1306624
1347584 18624111 18623860 24094818 0 0 1257472
950272 18678594 18678337 24165141 0 0 1302528
1261568 18733077 18732844 24235431 0 0 1261568
892928 18787296 18787036 24305292 0 0 1302528
892928 18841812 18841517 24375648 0 0 1261568
1728512 18896262 18895815 24445905 0 0 1945600
1138688 18950778 18950561 24516228 0 0 1298432
962560 19005261 19005050 24586518 0 0 1302528
1196032 19059480 19059229 24656379 0 0 1306624
1302528 19113963 19113727 24726768 0 0 1306624
1904640 19168380 19168059 24797058 0 0 1937408
958464 19222698 19222379 24866952 0 0 1298432
1142784 19277181 19276875 24937275 0 0 1306624
1253376 19331334 19331088 25007202 0 0 1302528
1085440 19386114 19385906 25077888 0 0 1257472
1097728 19440333 19440047 25147782 0 0 1306624
2011136 19494816 19494416 25218138 0 0 1998848
1318912 19549035 19548782 25288065 0 0 1261568
1097728 19603221 19602954 25357926 0 0 1298432
1187840 19657671 19657455 25428249 0 0 1257472
1105920 19712187 19711936 25498539 0 0 1310720
1220608 19767000 19766760 25569192 0 0 1306624
1011712 19821186 19820968 25639053 0 0 1306624
1056768 19864647 19864396 25695483 0 0 1302528
999424 19919064 19918795 25765608 0 0 1261568
1081344 19973448 19973226 25835733 0 0 1261568
1069056 20027931 20027638 25905792 0 0 1310720
1032192 20082018 20081767 25975587 0 0 1306624
1306624 20136732 20136477 26046075 0 0 1261568
987136 20190786 20190532 26115804 0 0 1306624
1912832 20245137 20244748 26185929 0 0 1998848
1069056 20299917 20299645 26256417 0 0 1290240
1036288 20354301 20354025 26326575 0 0 1302528
1052672 20408916 20408715 26397096 0 0 1298432
909312 20463333 20463113 26467188 0 0 1257472
1134592 20518080 20517857 26537808 0 0 1302528
1277952 20572497 20572243 26607834 0 0 1310720
1007616 20626518 20626320 26677530 0 0 1257472
1089536 20680935 20680702 26747688 0 0 1261568
1077248 20735286 20735091 26817813 0 0 1302528
1253376 20789703 20789392 26887905 0 0 1306624
1060864 20843790 20843567 26957667 0 0 1261568
1323008 20898174 20897931 27027726 0 0 1306624
880640 20952591 20952281 27097917 0 0 1294336
1245184 21006942 21006738 27167976 0 0 1261568
1212416 21061689 21061414 27238563 0 0 1306624
946176 21116634 21116389 27309414 0 0 1306624
987136 21171051 21170828 27379605 0 0 1306624
851968 21227052 21226799 27451776 0 0 1085440
1183744 21281634 21281449 27522099 0 0 1302528
1224704 21336117 21335810 27592191 0 0 1302528
1101824 21379446 21379189 27648720 0 0 1306624
1241088 21433698 21433394 27719043 0 0 1306624
1265664 21487851 21487616 27789300 0 0 1306624
1224704 21542103 21541807 27859623 0 0 1306624
1257472 21596256 21596000 27929946 0 0 1310720
1130496 21650145 21649906 27999774 0 0 1302528
1323008 21704298 21704096 28070163 0 0 1302528
1163264 21758583 21758344 28140453 0 0 1261568
1179648 21813099 21812787 28211073 0 0 1310720
1036288 21867252 21867036 28281363 0 0 1306624
1060864 21921141 21920864 28351356 0 0 1306624
1122304 21975360 21975098 28421613 0 0 1310720
1257472 22029183 22028982 28491573 0 0 1302528
1331200 22083402 22083128 28561863 0 0 1261568
1200128 22137621 22137399 28632153 0 0 1257472
1060864 22191477 22191232 28701981 0 0 1261568
1208320 22245663 22245381 28772304 0 0 1261568
1146880 22299519 22299297 28842231 0 0 1306624
1343488 22353474 22353233 28912158 0 0 1306624
1245184 22407363 22407119 28982019 0 0 1261568
1101824 22461549 22461329 29052309 0 0 1302528
1208320 22515669 22515473 29122632 0 0 1257472
1204224 22569624 22569359 29192493 0 0 1257472
1150976 22623843 22623587 29262750 0 0 1302528
1196032 22677699 22677409 29332743 0 0 1261568
1155072 22731918 22731656 29403033 0 0 1261568
1343488 22785774 22785504 29472927 0 0 1261568
1232896 22839927 22839679 29543217 0 0 1306624
