cache	rss	rss_huge	shmem	mapped_file	dirty	writeback	pgpgin	pgpgout	pgfault	pgmajfault	inactive_anon	active_anon	inactive_file	active_file	unevictable	hierarchical_memory_limit	total_cache	total_rss	total_rss_huge	total_shmem	total_mapped_file	total_dirty	total_writeback	total_pgpgin	total_pgpgout	total_pgfault	total_pgmajfault	total_inactive_anon	total_active_anon	total_inactive_file	total_active_file	total_unevictable	
0	1818624	0	0	0	0	0	6336	5910	7821	0	0	2052096	0	0	0	15728640	0	1818624	0	0	0	0	0	6336	5910	7821	0	0	2052096	0	0	0	
0	860160	0	0	0	0	0	17556	17308	21120	0	0	1060864	20480	0	0	15728640	0	860160	0	0	0	0	0	17556	17308	21120	0	0	1060864	20480	0	0	
0	1925120	0	0	0	0	0	29568	29107	35277	0	0	2048000	0	0	0	15728640	0	1925120	0	0	0	0	0	29568	29107	35277	0	0	2048000	0	0	0	
0	1835008	0	0	0	0	0	40623	40157	48345	0	0	2052096	0	0	0	15728640	0	1835008	0	0	0	0	0	40623	40157	48345	0	0	2052096	0	0	0	
0	1896448	0	0	0	0	0	51678	51301	61446	0	0	2052096	20480	0	0	15728640	0	1896448	0	0	0	0	0	51678	51301	61446	0	0	2052096	20480	0	0	
0	1835008	0	0	0	0	0	63756	63381	75768	0	0	2048000	0	0	0	15728640	0	1835008	0	0	0	0	0	63756	63381	75768	0	0	2048000	0	0	0	
0	1835008	0	0	0	0	0	76395	75982	90651	0	0	1998848	0	0	0	15728640	0	1835008	0	0	0	0	0	76395	75982	90651	0	0	1998848	0	0	0	
0	1916928	0	0	0	0	0	90783	90407	107778	0	0	2052096	0	0	0	15728640	0	1916928	0	0	0	0	0	90783	90407	107778	0	0	2052096	0	0	0	
0	1896448	0	0	0	0	0	104115	103663	123486	0	0	2048000	0	0	0	15728640	0	1896448	0	0	0	0	0	104115	103663	123486	0	0	2048000	0	0	0	
0	1957888	0	0	0	0	0	115665	115277	137181	0	0	2043904	0	0	0	15728640	0	1957888	0	0	0	0	0	115665	115277	137181	0	0	2043904	0	0	0	
0	1851392	0	0	0	0	0	126753	126359	150249	0	0	2039808	0	0	0	15728640	0	1851392	0	0	0	0	0	126753	126359	150249	0	0	2039808	0	0	0	
0	2007040	0	0	0	0	0	136818	136463	162162	0	0	2043904	0	0	0	15728640	0	2007040	0	0	0	0	0	136818	136463	162162	0	0	2043904	0	0	0	
0	1826816	0	0	0	0	0	147906	147491	175263	0	0	2039808	0	0	0	15728640	0	1826816	0	0	0	0	0	147906	147491	175263	0	0	2039808	0	0	0	
0	1851392	0	0	0	0	0	159027	158594	188364	0	0	2052096	0	0	0	15728640	0	1851392	0	0	0	0	0	159027	158594	188364	0	0	2052096	0	0	0	
0	2564096	0	0	0	0	0	171105	170460	202686	0	0	2785280	0	0	0	15728640	0	2564096	0	0	0	0	0	171105	170460	202686	0	0	2785280	0	0	0	
0	1871872	0	0	0	0	0	184701	184300	218757	0	0	2019328	0	0	0	15728640	0	1871872	0	0	0	0	0	184701	184300	218757	0	0	2019328	0	0	0	
0	1896448	0	0	0	0	0	198858	198417	235488	0	0	2035712	0	0	0	15728640	0	1896448	0	0	0	0	0	198858	198417	235488	0	0	2035712	0	0	0	
0	1884160	0	0	0	0	0	209913	209487	248589	0	0	2048000	0	0	0	15728640	0	1884160	0	0	0	0	0	209913	209487	248589	0	0	2048000	0	0	0	
0	1929216	0	0	0	0	0	221001	220570	261657	0	0	2048000	0	0	0	15728640	0	1929216	0	0	0	0	0	221001	220570	261657	0	0	2048000	0	0	0	
0	1867776	0	0	0	0	0	231594	231118	274230	0	0	2052096	20480	0	0	15728640	0	1867776	0	0	0	0	0	231594	231118	274230	0	0	2052096	20480	0	0	
0	1789952	0	0	0	0	0	242682	242202	287265	0	0	2052096	20480	0	0	15728640	0	1789952	0	0	0	0	0	242682	242202	287265	0	0	2052096	20480	0	0	
0	1867776	0	0	0	0	135168	255255	254867	302214	0	0	2048000	0	0	0	15728640	0	1867776	0	0	0	0	135168	255255	254867	302214	0	0	2048000	0	0	0	
0	1843200	0	0	0	0	0	267333	266936	316470	0	0	2039808	0	0	0	15728640	0	1843200	0	0	0	0	0	267333	266936	316470	0	0	2039808	0	0	0	
0	2625536	0	0	0	0	0	280896	280323	332607	0	0	2797568	0	0	0	15728640	0	2625536	0	0	0	0	0	280896	280323	332607	0	0	2797568	0	0	0	
0	1851392	0	0	0	0	0	296043	295637	350460	0	0	2048000	0	0	0	15728640	0	1851392	0	0	0	0	0	296043	295637	350460	0	0	2048000	0	0	0	
0	1871872	0	0	0	0	0	306669	306234	362967	0	0	2056192	20480	0	0	15728640	0	1871872	0	0	0	0	0	306669	306234	362967	0	0	2056192	20480	0	0	
0	1867776	0	0	0	0	0	317229	316816	375474	0	0	2043904	20480	0	0	15728640	0	1867776	0	0	0	0	0	317229	316816	375474	0	0	2043904	20480	0	0	
0	1888256	0	0	0	0	0	329274	328866	389829	0	0	2002944	0	0	0	15728640	0	1888256	0	0	0	0	0	329274	328866	389829	0	0	2002944	0	0	0	
0	1896448	0	0	0	0	0	339867	339477	402237	0	0	2043904	0	0	0	15728640	0	1896448	0	0	0	0	0	339867	339477	402237	0	0	2043904	0	0	0	
0	1990656	0	0	0	0	0	350955	350542	415404	0	0	2048000	0	0	0	15728640	0	1990656	0	0	0	0	0	350955	350542	415404	0	0	2048000	0	0	0	
0	708608	0	0	0	0	0	362076	361941	428769	0	0	913408	24576	0	0	15728640	0	708608	0	0	0	0	0	362076	361941	428769	0	0	913408	24576	0	0	
0	1937408	0	0	0	0	0	363660	363232	430782	0	0	2134016	4096	0	0	15728640	0	1937408	0	0	0	0	0	363660	363232	430782	0	0	2134016	4096	0	0	
0	1015808	0	0	0	0	0	376926	376707	446490	0	0	1155072	24576	0	0	15728640	0	1015808	0	0	0	0	0	376926	376707	446490	0	0	1155072	24576	0	0	
0	2060288	0	0	0	0	0	388542	388048	459987	0	0	2134016	4096	0	0	15728640	0	2060288	0	0	0	0	0	388542	388048	459987	0	0	2134016	4096	0	0	
0	2084864	0	0	0	0	0	400092	399711	473715	0	0	2142208	4096	0	0	15728640	0	2084864	0	0	0	0	0	400092	399711	473715	0	0	2142208	4096	0	0	
0	1925120	0	0	0	0	0	411279	410824	486816	0	0	2142208	24576	0	0	15728640	0	1925120	0	0	0	0	0	411279	410824	486816	0	0	2142208	24576	0	0	
0	2428928	0	0	0	0	0	422367	421768	499884	0	0	2822144	4096	0	0	15728640	0	2428928	0	0	0	0	0	422367	421768	499884	0	0	2822144	4096	0	0	
0	1941504	0	0	0	0	0	433488	433100	513117	0	0	2138112	4096	0	0	15728640	0	1941504	0	0	0	0	0	433488	433100	513117	0	0	2138112	4096	0	0	
0	1892352	0	0	0	0	0	445137	444750	526779	0	0	2134016	4096	0	0	15728640	0	1892352	0	0	0	0	0	445137	444750	526779	0	0	2134016	4096	0	0	
0	1830912	0	0	0	0	0	460119	459737	544434	0	0	2072576	24576	0	0	15728640	0	1830912	0	0	0	0	0	460119	459737	544434	0	0	2072576	24576	0	0	
0	1884160	0	0	0	0	0	473022	472534	559548	0	0	2125824	4096	0	0	15728640	0	1884160	0	0	0	0	0	473022	472534	559548	0	0	2125824	4096	0	0	
0	2031616	0	0	0	0	0	483153	482710	571494	0	0	2138112	24576	0	0	15728640	0	2031616	0	0	0	0	0	483153	482710	571494	0	0	2138112	24576	0	0	
0	786432	0	0	0	0	0	493746	493619	583968	0	0	933888	24576	0	0	15728640	0	786432	0	0	0	0	0	493746	493619	583968	0	0	933888	24576	0	0	
0	2015232	0	0	0	0	0	505362	504954	597729	0	0	2138112	4096	0	0	15728640	0	2015232	0	0	0	0	0	505362	504954	597729	0	0	2138112	4096	0	0	
0	2744320	0	0	0	0	0	516021	515404	610170	0	0	2867200	4096	0	0	15728640	0	2744320	0	0	0	0	0	516021	515404	610170	0	0	2867200	4096	0	0	
0	2007040	0	0	0	0	0	525624	525183	621489	0	0	2142208	24576	0	0	15728640	0	2007040	0	0	0	0	0	525624	525183	621489	0	0	2142208	24576	0	0	
0	1847296	0	0	0	0	0	539781	539326	638220	0	0	2138112	4096	0	0	15728640	0	1847296	0	0	0	0	0	539781	539326	638220	0	0	2138112	4096	0	0	
0	1900544	0	0	0	0	0	555489	555051	656667	0	0	2142208	4096	0	0	15728640	0	1900544	0	0	0	0	0	555489	555051	656667	0	0	2142208	4096	0	0	
0	1941504	0	0	0	0	0	567171	566709	670395	0	0	2138112	24576	0	0	15728640	0	1941504	0	0	0	0	0	567171	566709	670395	0	0	2138112	24576	0	0	
0	2748416	0	0	0	0	0	577764	577122	682935	0	0	2875392	4096	0	0	15728640	0	2748416	0	0	0	0	0	577764	577122	682935	0	0	2875392	4096	0	0	
0	1937408	0	0	0	0	0	588918	588485	696036	0	0	2138112	4096	0	0	15728640	0	1937408	0	0	0	0	0	588918	588485	696036	0	0	2138112	4096	0	0	
0	2686976	0	0	0	0	0	598983	598383	707916	0	0	2887680	4096	0	0	15728640	0	2686976	0	0	0	0	0	598983	598383	707916	0	0	2887680	4096	0	0	
0	2740224	0	0	0	0	0	610599	610031	721677	0	0	2871296	24576	0	0	15728640	0	2740224	0	0	0	0	0	610599	610031	721677	0	0	2871296	24576	0	0	
0	2031616	0	0	0	0	0	620763	620361	733557	0	0	2138112	4096	0	0	15728640	0	2031616	0	0	0	0	0	620763	620361	733557	0	0	2138112	4096	0	0	
0	1904640	0	0	0	0	0	634458	634008	749661	0	0	2138112	4096	0	0	15728640	0	1904640	0	0	0	0	0	634458	634008	749661	0	0	2138112	4096	0	0	
0	1945600	0	0	0	0	0	649671	649192	767514	0	0	2134016	4096	0	0	15728640	0	1945600	0	0	0	0	0	649671	649192	767514	0	0	2134016	4096	0	0	
0	2007040	0	0	0	0	0	661287	660842	781209	0	0	2134016	4096	0	0	15728640	0	2007040	0	0	0	0	0	661287	660842	781209	0	0	2134016	4096	0	0	
0	2056192	0	0	0	0	0	671880	671483	793782	0	0	2134016	4096	0	0	15728640	0	2056192	0	0	0	0	0	671880	671483	793782	0	0	2134016	4096	0	0	
135168	2039808	0	0	0	0	0	682506	682095	806256	0	0	2142208	4096	0	0	15728640	135168	2039808	0	0	0	0	0	682506	682095	806256	0	0	2142208	4096	0	0	
0	999424	0	0	0	0	0	694221	694038	820116	0	0	1097728	24576	0	0	15728640	0	999424	0	0	0	0	0	694221	694038	820116	0	0	1097728	24576	0	0	
0	2007040	0	0	0	0	0	704814	704333	832491	0	0	2138112	4096	0	0	15728640	0	2007040	0	0	0	0	0	704814	704333	832491	0	0	2138112	4096	0	0	
0	1900544	0	0	0	0	0	715902	715504	845592	0	0	2138112	4096	0	0	15728640	0	1900544	0	0	0	0	0	715902	715504	845592	0	0	2138112	4096	0	0	
0	2691072	0	0	0	0	0	730653	730000	862884	0	0	2871296	24576	0	0	15728640	0	2691072	0	0	0	0	0	730653	730000	862884	0	0	2871296	24576	0	0	
0	2015232	0	0	0	0	0	743820	743332	878361	0	0	2138112	4096	0	0	15728640	0	2015232	0	0	0	0	0	743820	743332	878361	0	0	2138112	4096	0	0	
0	1875968	0	0	0	0	135168	755436	754950	892089	0	0	2138112	4096	0	0	15728640	0	1875968	0	0	0	0	135168	755436	754950	892089	0	0	2138112	4096	0	0	
0	2564096	0	0	0	0	0	766029	765377	904596	0	0	2867200	4096	0	0	15728640	0	2564096	0	0	0	0	0	766029	765377	904596	0	0	2867200	4096	0	0	
0	2498560	0	0	0	0	0	778701	778054	919479	0	0	2826240	4096	0	0	15728640	0	2498560	0	0	0	0	0	778701	778054	919479	0	0	2826240	4096	0	0	
0	1761280	0	0	0	0	0	789327	788865	932019	0	0	2134016	4096	0	0	15728640	0	1761280	0	0	0	0	0	789327	788865	932019	0	0	2134016	4096	0	0	
0	1843200	0	0	0	0	0	800316	799832	944922	0	0	2138112	24576	0	0	15728640	0	1843200	0	0	0	0	0	800316	799832	944922	0	0	2138112	24576	0	0	
0	1949696	0	0	0	0	0	811107	810646	957627	0	0	1114112	24576	0	0	15728640	0	974848	0	0	0	0	0	811107	810897	957627	0	0	1114112	24576	0	0	
0	1953792	0	0	0	0	0	825726	825323	974919	0	0	2138112	4096	0	0	15728640	0	1953792	0	0	0	0	0	825726	825323	974919	0	0	2138112	4096	0	0	
0	1953792	0	0	0	0	0	840477	840019	992178	0	0	2134016	4096	0	0	15728640	0	1953792	0	0	0	0	0	840477	840019	992178	0	0	2134016	4096	0	0	
0	2015232	0	0	0	0	0	853050	852629	1007061	0	0	2142208	24576	0	0	15728640	0	2015232	0	0	0	0	0	853050	852629	1007061	0	0	2142208	24576	0	0	
0	1998848	0	0	0	0	0	864204	863761	1020195	0	0	2134016	4096	0	0	15728640	0	1998848	0	0	0	0	0	864204	863761	1020195	0	0	2134016	4096	0	0	
0	1896448	0	0	0	0	0	878361	877917	1036893	0	0	2134016	4096	0	0	15728640	0	1896448	0	0	0	0	0	878361	877917	1036893	0	0	2134016	4096	0	0	
0	1896448	0	0	0	0	0	889548	889035	1049928	0	0	2138112	24576	0	0	15728640	0	1896448	0	0	0	0	0	889548	889035	1049928	0	0	2138112	24576	0	0	
0	2011136	0	0	0	0	0	901164	900712	1063623	0	0	2134016	4096	0	0	15728640	0	2011136	0	0	0	0	0	901164	900712	1063623	0	0	2134016	4096	0	0	
0	2080768	0	0	0	0	0	913242	912853	1077945	0	0	2084864	4096	0	0	15728640	0	2080768	0	0	0	0	0	913242	912853	1077945	0	0	2084864	4096	0	0	
0	1949696	0	0	0	0	0	928488	928012	1095765	0	0	2084864	4096	0	0	15728640	0	1949696	0	0	0	0	0	928488	928012	1095765	0	0	2084864	4096	0	0	
0	2412544	0	0	0	0	0	942612	941957	1112397	0	0	2842624	4096	0	0	15728640	0	2412544	0	0	0	0	0	942612	941957	1112397	0	0	2842624	4096	0	0	
0	2007040	0	0	0	0	0	954228	953795	1126059	0	0	2117632	4096	0	0	15728640	0	2007040	0	0	0	0	0	954228	953795	1126059	0	0	2117632	4096	0	0	
0	2486272	0	0	0	0	0	966900	966196	1140975	0	0	2883584	4096	0	0	15728640	0	2486272	0	0	0	0	0	966900	966196	1140975	0	0	2883584	4096	0	0	
0	1892352	0	0	0	0	0	980496	980063	1157013	0	0	2134016	4096	0	0	15728640	0	1892352	0	0	0	0	0	980496	980063	1157013	0	0	2134016	4096	0	0	
0	1945600	0	0	0	0	0	992178	991755	1170741	0	0	2138112	4096	0	0	15728640	0	1945600	0	0	0	0	0	992178	991755	1170741	0	0	2138112	4096	0	0	
0	2027520	0	0	0	0	0	1003662	1003168	1184271	0	0	2457600	4096	0	0	15728640	0	2027520	0	0	0	0	0	1003662	1003168	1184271	0	0	2457600	4096	0	0	
0	2510848	0	0	0	0	0	1016433	1015772	1199286	0	0	2826240	4096	0	0	15728640	0	2510848	0	0	0	0	0	1016433	1015772	1199286	0	0	2826240	4096	0	0	
0	1904640	0	0	0	0	0	1029105	1028637	1214169	0	0	2138112	4096	0	0	15728640	0	1904640	0	0	0	0	0	1029105	1028637	1214169	0	0	2138112	4096	0	0	
0	1982464	0	0	0	0	0	1043196	1042786	1230834	0	0	2084864	4096	0	0	15728640	0	1982464	0	0	0	0	0	1043196	1042786	1230834	0	0	2084864	4096	0	0	
0	1925120	0	0	0	0	0	1055340	1054903	1245123	0	0	2142208	24576	0	0	15728640	0	1925120	0	0	0	0	0	1055340	1054903	1245123	0	0	2142208	24576	0	0	
0	1957888	0	0	0	0	0	1068507	1068064	1260534	0	0	2134016	4096	0	0	15728640	0	1957888	0	0	0	0	0	1068507	1068064	1260534	0	0	2134016	4096	0	0	
0	2699264	0	0	0	0	0	1080156	1079548	1274196	0	0	2871296	4096	0	0	15728640	0	2699264	0	0	0	0	0	1080156	1079548	1274196	0	0	2871296	4096	0	0	
0	2174976	0	0	0	0	0	1091277	1090783	1287330	0	0	2396160	4096	0	0	15728640	0	2174976	0	0	0	0	0	1091277	1090783	1287330	0	0	2396160	4096	0	0	
0	1904640	0	0	0	0	0	1101936	1101437	1299804	0	0	2134016	4096	0	0	15728640	0	1904640	0	0	0	0	0	1101936	1101437	1299804	0	0	2134016	4096	0	0	
0	1765376	0	0	0	0	0	1114509	1114063	1314720	0	0	2134016	4096	0	0	15728640	0	1765376	0	0	0	0	0	1114509	1114063	1314720	0	0	2134016	4096	0	0	
0	2023424	0	0	0	0	0	1129194	1128746	1331913	0	0	2134016	4096	0	0	15728640	0	2023424	0	0	0	0	0	1129194	1128746	1331913	0	0	2134016	4096	0	0	
0	2605056	0	0	0	0	0	1143351	1142704	1348578	0	0	2871296	4096	0	0	15728640	0	2605056	0	0	0	0	0	1143351	1142704	1348578	0	0	2871296	4096	0	0	
0	1978368	0	0	0	0	0	1155495	1155074	1362900	0	0	2134016	4096	0	0	15728640	0	1978368	0	0	0	0	0	1155495	1155074	1362900	0	0	2134016	4096	0	0	
0	2740224	0	0	0	0	0	1166616	1165987	1375968	0	0	2822144	4096	0	0	15728640	0	2740224	0	0	0	0	0	1166616	1165987	1375968	0	0	2822144	4096	0	0	
0	2080768	0	0	0	0	0	1177770	1177328	1389069	0	0	2146304	24576	0	0	15728640	0	2080768	0	0	0	0	0	1177770	1177328	1389069	0	0	2146304	24576	0	0	
0	1896448	0	0	0	0	0	1190409	1189921	1403919	0	0	2113536	4096	0	0	15728640	0	1896448	0	0	0	0	0	1190409	1189921	1403919	0	0	2113536	4096	0	0	
0	2007040	0	0	0	0	0	1202553	1202071	1418208	0	0	2129920	4096	0	0	15728640	0	2007040	0	0	0	0	0	1202553	1202071	1418208	0	0	2129920	4096	0	0	
0	2469888	0	0	0	0	135168	1217139	1216524	1435434	0	0	2871296	4096	0	0	15728640	0	2469888	0	0	0	0	135168	1217139	1216524	1435434	0	0	2871296	4096	0	0	
0	1953792	0	0	0	0	0	1233375	1232899	1454508	0	0	2138112	4096	0	0	15728640	0	1953792	0	0	0	0	0	1233375	1232899	1454508	0	0	2138112	4096	0	0	
0	2084864	0	0	0	0	0	1247004	1246578	1470579	0	0	2080768	4096	0	0	15728640	0	2084864	0	0	0	0	0	1247004	1246578	1470579	0	0	2080768	4096	0	0	
0	2568192	0	0	0	0	0	1258653	1258014	1484241	0	0	2863104	4096	0	0	15728640	0	2568192	0	0	0	0	0	1258653	1258014	1484241	0	0	2863104	4096	0	0	
0	1937408	0	0	0	0	0	1269741	1269341	1497342	0	0	2129920	4096	0	0	15728640	0	1937408	0	0	0	0	0	1269741	1269341	1497342	0	0	2129920	4096	0	0	
0	2539520	0	0	0	0	0	1281423	1280787	1511004	0	0	2867200	4096	0	0	15728640	0	2539520	0	0	0	0	0	1281423	1280787	1511004	0	0	2867200	4096	0	0	
0	2015232	0	0	0	0	0	1293072	1292631	1524699	0	0	2138112	24576	0	0	15728640	0	2015232	0	0	0	0	0	1293072	1292631	1524699	0	0	2138112	24576	0	0	
0	2125824	0	0	0	0	0	1304655	1304271	1538361	0	0	2138112	4096	0	0	15728640	0	2125824	0	0	0	0	0	1304655	1304271	1538361	0	0	2138112	4096	0	0	
0	2072576	0	0	0	0	0	1318812	1318429	1555026	0	0	2142208	4096	0	0	15728640	0	2072576	0	0	0	0	0	1318812	1318429	1555026	0	0	2142208	4096	0	0	
0	1998848	0	0	0	0	0	1335015	1334571	1574067	0	0	2138112	4096	0	0	15728640	0	1998848	0	0	0	0	0	1335015	1334571	1574067	0	0	2138112	4096	0	0	
0	2514944	0	0	0	0	0	1347654	1347019	1588917	0	0	2822144	4096	0	0	15728640	0	2514944	0	0	0	0	0	1347654	1347019	1588917	0	0	2822144	4096	0	0	
0	1798144	0	0	0	0	0	1359831	1359354	1603272	0	0	2084864	4096	0	0	15728640	0	1798144	0	0	0	0	0	1359831	1359354	1603272	0	0	2084864	4096	0	0	
0	2007040	0	0	0	0	0	1372437	1372011	1618089	0	0	2138112	4096	0	0	15728640	0	2007040	0	0	0	0	0	1372437	1372011	1618089	0	0	2138112	4096	0	0	
0	2019328	0	0	0	0	0	1384614	1384170	1632378	0	0	2129920	4096	0	0	15728640	0	2019328	0	0	0	0	0	1384614	1384170	1632378	0	0	2129920	4096	0	0	
0	1949696	0	0	0	0	0	1396725	1396268	1646733	0	0	2134016	4096	0	0	15728640	0	1949696	0	0	0	0	0	1396725	1396268	1646733	0	0	2134016	4096	0	0	
0	1994752	0	0	0	0	0	1407813	1407399	1659801	0	0	2138112	4096	0	0	15728640	0	1994752	0	0	0	0	0	1407813	1407399	1659801	0	0	2138112	4096	0	0	
0	1912832	0	0	0	0	0	1421970	1421560	1676433	0	0	2142208	24576	0	0	15728640	0	1912832	0	0	0	0	0	1421970	1421560	1676433	0	0	2142208	24576	0	0	
0	1990656	0	0	0	0	0	1435665	1435216	1692537	0	0	2134016	4096	0	0	15728640	0	1990656	0	0	0	0	0	1435665	1435216	1692537	0	0	2134016	4096	0	0	
0	749568	0	0	0	0	0	1444278	1444095	1702833	0	0	1019904	24576	0	0	15728640	0	749568	0	0	0	0	0	1444278	1444095	1702833	0	0	1019904	24576	0	0	
0	2637824	0	0	0	0	0	1448403	1447766	1707849	0	0	2867200	24576	0	0	15728640	0	2637824	0	0	0	0	0	1448403	1447766	1707849	0	0	2867200	24576	0	0	
0	1937408	0	0	0	0	0	1459029	1458561	1720422	0	0	2129920	4096	0	0	15728640	0	1937408	0	0	0	0	0	1459029	1458561	1720422	0	0	2129920	4096	0	0	
0	2007040	0	0	0	0	0	1469655	1469231	1732929	0	0	2138112	4096	0	0	15728640	0	2007040	0	0	0	0	0	1469655	1469231	1732929	0	0	2138112	4096	0	0	
0	1896448	0	0	0	0	0	1482294	1481847	1747812	0	0	2138112	4096	0	0	15728640	0	1896448	0	0	0	0	0	1482294	1481847	1747812	0	0	2138112	4096	0	0	
0	1949696	0	0	0	0	0	1492920	1492482	1760385	0	0	2134016	4096	0	0	15728640	0	1949696	0	0	0	0	0	1492920	1492482	1760385	0	0	2134016	4096	0	0	
0	1945600	0	0	0	0	0	1507077	1506680	1777149	0	0	2129920	4096	0	0	15728640	0	1945600	0	0	0	0	0	1507077	1506680	1777149	0	0	2129920	4096	0	0	
0	1888256	0	0	0	0	0	1522224	1521834	1795002	0	0	2142208	4096	0	0	15728640	0	1888256	0	0	0	0	0	1522224	1521834	1795002	0	0	2142208	4096	0	0	
0	1945600	0	0	0	0	0	1533378	1532976	1808169	0	0	2138112	4096	0	0	15728640	0	1945600	0	0	0	0	0	1533378	1532976	1808169	0	0	2138112	4096	0	0	
0	1884160	0	0	0	0	0	1544565	1544114	1821303	0	0	2142208	4096	0	0	15728640	0	1884160	0	0	0	0	0	1544565	1544114	1821303	0	0	2142208	4096	0	0	
0	1716224	0	0	0	0	0	1555488	1555066	1834173	0	0	2076672	4096	0	0	15728640	0	1716224	0	0	0	0	0	1555488	1555066	1834173	0	0	2076672	4096	0	0	
0	1798144	0	0	0	0	0	1567599	1567161	1848561	0	0	2076672	4096	0	0	15728640	0	1798144	0	0	0	0	0	1567599	1567161	1848561	0	0	2076672	4096	0	0	
0	1941504	0	0	0	0	0	1580007	1579524	1863081	0	0	2121728	4096	0	0	15728640	0	1941504	0	0	0	0	0	1580007	1579524	1863081	0	0	2121728	4096	0	0	
0	1888256	0	0	0	0	0	1591590	1591171	1876743	0	0	2138112	4096	0	0	15728640	0	1888256	0	0	0	0	0	1591590	1591171	1876743	0	0	2138112	4096	0	0	
0	2072576	0	0	0	0	0	1608321	1607870	1896477	0	0	2138112	4096	0	0	15728640	0	2072576	0	0	0	0	0	1608321	1607870	1896477	0	0	2138112	4096	0	0	
0	1757184	0	0	0	0	0	1623501	1623045	1914396	0	0	2129920	4096	0	0	15728640	0	1757184	0	0	0	0	0	1623501	1623045	1914396	0	0	2129920	4096	0	0	
0	1986560	0	0	0	0	0	1634589	1634158	1927464	0	0	2134016	4096	0	0	15728640	0	1986560	0	0	0	0	0	1634589	1634158	1927464	0	0	2134016	4096	0	0	
0	1880064	0	0	0	0	0	1646733	1646308	1941852	0	0	2134016	24576	0	0	15728640	0	1880064	0	0	0	0	0	1646733	1646308	1941852	0	0	2134016	24576	0	0	
0	2076672	0	0	0	0	0	1659372	1658966	1956768	0	0	2138112	4096	0	0	15728640	0	2076672	0	0	0	0	0	1659372	1658966	1956768	0	0	2138112	4096	0	0	
0	2002944	0	0	0	0	135168	1672572	1672117	1972278	0	0	2134016	4096	0	0	15728640	0	2002944	0	0	0	0	135168	1672572	1672117	1972278	0	0	2134016	4096	0	0	
0	2703360	0	0	0	0	0	1683693	1683055	1985445	0	0	2867200	4096	0	0	15728640	0	2703360	0	0	0	0	0	1683693	1683055	1985445	0	0	2867200	4096	0	0	
0	696320	0	0	0	0	0	1695375	1695184	1999305	0	0	1064960	24576	0	0	15728640	0	696320	0	0	0	0	0	1695375	1695184	1999305	0	0	1064960	24576	0	0	
0	2588672	0	0	0	0	0	1711017	1710387	2017620	0	0	2875392	4096	0	0	15728640	0	2588672	0	0	0	0	0	1711017	1710387	2017620	0	0	2875392	4096	0	0	
0	2494464	0	0	0	0	0	1724151	1723535	2033196	0	0	2867200	4096	0	0	15728640	0	2494464	0	0	0	0	0	1724151	1723535	2033196	0	0	2867200	4096	0	0	
0	1884160	0	0	0	0	0	1735800	1735328	2046924	0	0	2129920	4096	0	0	15728640	0	1884160	0	0	0	0	0	1735800	1735328	2046924	0	0	2129920	4096	0	0	
0	1916928	0	0	0	0	0	1746459	1746016	2059431	0	0	2134016	4096	0	0	15728640	0	1916928	0	0	0	0	0	1746459	1746016	2059431	0	0	2134016	4096	0	0	
0	2617344	0	0	0	0	0	1758537	1757918	2073786	0	0	2887680	4096	0	0	15728640	0	2617344	0	0	0	0	0	1758537	1757918	2073786	0	0	2887680	4096	0	0	
0	1916928	0	0	0	0	0	1769691	1769309	2086887	0	0	2142208	4096	0	0	15728640	0	1916928	0	0	0	0	0	1769691	1769309	2086887	0	0	2142208	4096	0	0	
0	1957888	0	0	0	0	0	1781307	1780922	2100615	0	0	2138112	4096	0	0	15728640	0	1957888	0	0	0	0	0	1781307	1780922	2100615	0	0	2138112	4096	0	0	
126976	1970176	0	0	0	0	0	1793517	1793047	2114904	0	0	2134016	4096	0	0	15728640	126976	1970176	0	0	0	0	0	1793517	1793047	2114904	0	0	2134016	4096	0	0	
126976	753664	0	0	0	0	0	1807674	1807529	2131701	0	0	933888	24576	0	0	15728640	126976	753664	0	0	0	0	0	1807674	1807529	2131701	0	0	933888	24576	0	0	
126976	1953792	0	0	0	0	135168	1822359	1821900	2148960	0	0	2138112	4096	0	0	15728640	126976	1953792	0	0	0	0	135168	1822359	1821900	2148960	0	0	2138112	4096	0	0	
126976	2326528	0	0	0	0	0	1833414	1832824	2161995	0	0	2584576	4096	0	0	15728640	126976	2326528	0	0	0	0	0	1833414	1832824	2161995	0	0	2584576	4096	0	0	
126976	1060864	0	0	0	0	0	1843677	1843439	2174205	0	0	1327104	24576	0	0	15728640	126976	1060864	0	0	0	0	0	1843677	1843439	2174205	0	0	1327104	24576	0	0	
126976	1970176	0	0	0	0	0	1855260	1854795	2187834	0	0	2134016	4096	0	0	15728640	126976	1970176	0	0	0	0	0	1855260	1854795	2187834	0	0	2134016	4096	0	0	
126976	2015232	0	0	0	0	0	1866876	1866425	2201463	0	0	2138112	4096	0	0	15728640	126976	2015232	0	0	0	0	0	1866876	1866425	2201463	0	0	2138112	4096	0	0	
126976	2691072	0	0	0	0	0	1877007	1876350	2213409	0	0	2818048	4096	0	0	15728640	126976	2691072	0	0	0	0	0	1877007	1876350	2213409	0	0	2818048	4096	0	0	
126976	2080768	0	0	0	0	0	1889646	1889199	2228325	0	0	2142208	4096	0	0	15728640	126976	2080768	0	0	0	0	0	1889646	1889199	2228325	0	0	2142208	4096	0	0	
126976	1900544	0	0	0	0	0	1904298	1903906	2245716	0	0	2138112	4096	0	0	15728640	126976	1900544	0	0	0	0	0	1904298	1903906	2245716	0	0	2138112	4096	0	0	
126976	2760704	0	0	0	0	0	1916970	1916317	2260566	0	0	2871296	24576	0	0	15728640	126976	2760704	0	0	0	0	0	1916970	1916317	2260566	0	0	2871296	24576	0	0	
126976	1961984	0	0	0	0	0	1928091	1927634	2273700	0	0	2134016	4096	0	0	15728640	126976	1961984	0	0	0	0	0	1928091	1927634	2273700	0	0	2134016	4096	0	0	
126976	1855488	0	0	0	0	0	1938750	1938313	2286273	0	0	2138112	4096	0	0	15728640	126976	1855488	0	0	0	0	0	1938750	1938313	2286273	0	0	2138112	4096	0	0	
126976	1839104	0	0	0	0	0	1949376	1948934	2298813	0	0	2138112	24576	0	0	15728640	126976	1839104	0	0	0	0	0	1949376	1948934	2298813	0	0	2138112	24576	0	0	
126976	2084864	0	0	0	0	0	1960992	1960533	2312475	0	0	2134016	4096	0	0	15728640	126976	2084864	0	0	0	0	0	1960992	1960533	2312475	0	0	2134016	4096	0	0	
126976	2052096	0	0	0	0	135168	1972575	1972167	2326170	0	0	2138112	4096	0	0	15728640	126976	2052096	0	0	0	0	135168	1972575	1972167	2326170	0	0	2138112	4096	0	0	
126976	1921024	0	0	0	0	135168	1985775	1985290	2341713	0	0	2134016	4096	0	0	15728640	126976	1921024	0	0	0	0	135168	1985775	1985290	2341713	0	0	2134016	4096	0	0	
126976	2641920	0	0	0	0	0	2001417	2000794	2360193	0	0	2822144	4096	0	0	15728640	126976	2641920	0	0	0	0	0	2001417	2000794	2360193	0	0	2822144	4096	0	0	
0	1937408	0	0	0	0	0	2014584	2014154	2375670	0	0	2138112	4096	0	0	15728640	0	1937408	0	0	0	0	0	2014584	2014154	2375670	0	0	2138112	4096	0	0	
0	950272	0	0	0	0	0	2025276	2025082	2388276	0	0	1069056	24576	0	0	15728640	0	950272	0	0	0	0	0	2025276	2025082	2388276	0	0	1069056	24576	0	0	
0	2539520	0	0	0	0	0	2036859	2036200	2401839	0	0	2772992	24576	0	0	15728640	0	2539520	0	0	0	0	0	2036859	2036200	2401839	0	0	2772992	24576	0	0	
0	2064384	0	0	0	0	0	2048442	2048029	2415633	0	0	2138112	4096	0	0	15728640	0	2064384	0	0	0	0	0	2048442	2048029	2415633	0	0	2138112	4096	0	0	
0	2031616	0	0	0	0	0	2059629	2059133	2428701	0	0	2138112	4096	0	0	15728640	0	2031616	0	0	0	0	0	2059629	2059133	2428701	0	0	2138112	4096	0	0	
0	1998848	0	0	0	0	0	2070222	2069785	2441175	0	0	2138112	24576	0	0	15728640	0	1998848	0	0	0	0	0	2070222	2069785	2441175	0	0	2138112	24576	0	0	
0	1953792	0	0	0	0	0	2084907	2084449	2458533	0	0	2138112	4096	0	0	15728640	0	1953792	0	0	0	0	0	2084907	2084449	2458533	0	0	2138112	4096	0	0	
0	1884160	0	0	0	0	0	2100087	2099603	2476353	0	0	2138112	4096	0	0	15728640	0	1884160	0	0	0	0	0	2100087	2099603	2476353	0	0	2138112	4096	0	0	
0	1949696	0	0	0	0	0	2111703	2111245	2490081	0	0	2142208	24576	0	0	15728640	0	1949696	0	0	0	0	0	2111703	2111245	2490081	0	0	2142208	24576	0	0	
0	1409024	0	0	0	0	0	2121966	2121673	2502324	0	0	1609728	24576	0	0	15728640	0	1409024	0	0	0	0	0	2121966	2121673	2502324	0	0	1609728	24576	0	0	
0	1875968	0	0	0	0	0	2134407	2133971	2516877	0	0	2129920	4096	0	0	15728640	0	1875968	0	0	0	0	0	2134407	2133971	2516877	0	0	2129920	4096	0	0	
0	2740224	0	0	0	0	0	2145528	2144924	2530011	0	0	2875392	4096	0	0	15728640	0	2740224	0	0	0	0	0	2145528	2144924	2530011	0	0	2875392	4096	0	0	
0	1994752	0	0	0	0	0	2156121	2155776	2542518	0	0	2134016	4096	0	0	15728640	0	1994752	0	0	0	0	0	2156121	2155776	2542518	0	0	2134016	4096	0	0	
0	1933312	0	0	0	0	0	2167341	2166823	2555685	0	0	2138112	4096	0	0	15728640	0	1933312	0	0	0	0	0	2167341	2166823	2555685	0	0	2138112	4096	0	0	
0	1736704	0	0	0	0	0	2181201	2180848	2572086	0	0	1896448	24576	0	0	15728640	0	1736704	0	0	0	0	0	2181234	2180848	2572086	0	0	1953792	24576	0	0	
0	2011136	0	0	0	0	0	2196117	2195721	2589576	0	0	2134016	4096	0	0	15728640	0	2011136	0	0	0	0	0	2196117	2195721	2589576	0	0	2134016	4096	0	0	
0	1822720	0	0	0	0	0	2208228	2207831	2603931	0	0	2134016	4096	0	0	15728640	0	1822720	0	0	0	0	0	2208228	2207831	2603931	0	0	2134016	4096	0	0	
0	1904640	0	0	0	0	0	2218887	2218466	2616471	0	0	2084864	4096	0	0	15728640	0	1904640	0	0	0	0	0	2218887	2218466	2616471	0	0	2084864	4096	0	0	
0	2035712	0	0	0	0	0	2231031	2230591	2630760	0	0	2134016	4096	0	0	15728640	0	2035712	0	0	0	0	0	2231031	2230591	2630760	0	0	2134016	4096	0	0	
0	2572288	0	0	0	0	0	2241690	2241028	2643300	0	0	2871296	4096	0	0	15728640	0	2572288	0	0	0	0	0	2241690	2241028	2643300	0	0	2871296	4096	0	0	
0	1880064	0	0	0	0	0	2252283	2251817	2655741	0	0	2134016	4096	0	0	15728640	0	1880064	0	0	0	0	0	2252283	2251817	2655741	0	0	2134016	4096	0	0	
0	2551808	0	0	0	0	0	2262876	2262235	2668314	0	0	2863104	4096	0	0	15728640	0	2551808	0	0	0	0	0	2262876	2262235	2668314	0	0	2863104	4096	0	0	
0	1421312	0	0	0	0	0	2275779	2275384	2683527	0	0	1769472	24576	0	0	15728640	0	1421312	0	0	0	0	0	2275779	2275384	2683527	0	0	1769472	24576	0	0	
0	1957888	0	0	0	0	0	2290167	2289722	2700522	0	0	2129920	4096	0	0	15728640	0	1957888	0	0	0	0	0	2290167	2289722	2700522	0	0	2129920	4096	0	0	
0	1949696	0	0	0	0	0	2301849	2301364	2714184	0	0	2142208	4096	0	0	15728640	0	1949696	0	0	0	0	0	2301849	2301364	2714184	0	0	2142208	4096	0	0	
0	1966080	0	0	0	0	0	2312904	2312522	2727351	0	0	2138112	4096	0	0	15728640	0	1966080	0	0	0	0	0	2312904	2312522	2727351	0	0	2138112	4096	0	0	
0	1961984	0	0	0	0	0	2323002	2322631	2739198	0	0	2134016	4096	0	0	15728640	0	1961984	0	0	0	0	0	2323002	2322631	2739198	0	0	2134016	4096	0	0	
0	2064384	0	0	0	0	0	2334189	2333744	2752365	0	0	2138112	4096	0	0	15728640	0	2064384	0	0	0	0	0	2334189	2333744	2752365	0	0	2138112	4096	0	0	
0	2060288	0	0	0	0	0	2345277	2344856	2765499	0	0	2142208	4096	0	0	15728640	0	2060288	0	0	0	0	0	2345277	2344856	2765499	0	0	2142208	4096	0	0	
0	1994752	0	0	0	0	0	2356431	2355973	2778534	0	0	2138112	4096	0	0	15728640	0	1994752	0	0	0	0	0	2356431	2355973	2778534	0	0	2138112	4096	0	0	
0	1884160	0	0	0	0	0	2372601	2372167	2797575	0	0	2134016	4096	0	0	15728640	0	1884160	0	0	0	0	0	2372601	2372167	2797575	0	0	2134016	4096	0	0	
0	1945600	0	0	0	0	135168	2387715	2387348	2815494	0	0	2138112	4096	0	0	15728640	0	1945600	0	0	0	0	135168	2387715	2387348	2815494	0	0	2138112	4096	0	0	
0	2498560	0	0	0	0	0	2399364	2398794	2829222	0	0	2830336	24576	0	0	15728640	0	2498560	0	0	0	0	0	2399364	2398794	2829222	0	0	2830336	24576	0	0	
0	2031616	0	0	0	0	0	2412036	2411597	2844105	0	0	2138112	4096	0	0	15728640	0	2031616	0	0	0	0	0	2412036	2411597	2844105	0	0	2138112	4096	0	0	
0	1933312	0	0	0	0	0	2425170	2424718	2859648	0	0	2134016	4096	0	0	15728640	0	1933312	0	0	0	0	0	2425170	2424718	2859648	0	0	2134016	4096	0	0	
0	1875968	0	0	0	0	0	2443881	2443410	2881593	0	0	2138112	4096	0	0	15728640	0	1875968	0	0	0	0	0	2443881	2443410	2881593	0	0	2138112	4096	0	0	
0	1957888	0	0	0	0	0	2462625	2462173	2903769	0	0	2138112	4096	0	0	15728640	0	1957888	0	0	0	0	0	2462625	2462173	2903769	0	0	2138112	4096	0	0	
0	1945600	0	0	0	0	0	2479290	2478837	2923404	0	0	2134016	4096	0	0	15728640	0	1945600	0	0	0	0	0	2479290	2478837	2923404	0	0	2134016	4096	0	0	
0	2060288	0	0	0	0	0	2495493	2495060	2942412	0	0	2138112	4096	0	0	15728640	0	2060288	0	0	0	0	0	2495493	2495060	2942412	0	0	2138112	4096	0	0	
0	1945600	0	0	0	0	0	2512686	2512251	2962707	0	0	2134016	4096	0	0	15728640	0	1945600	0	0	0	0	0	2512686	2512251	2962707	0	0	2134016	4096	0	0	
0	1884160	0	0	0	0	0	2530407	2529952	2983596	0	0	2138112	4096	0	0	15728640	0	1884160	0	0	0	0	0	2530407	2529952	2983596	0	0	2138112	4096	0	0	
0	1880064	0	0	0	0	0	2545026	2544586	3000855	0	0	2138112	4096	0	0	15728640	0	1880064	0	0	0	0	0	2545026	2544586	3000855	0	0	2138112	4096	0	0	
0	2002944	0	0	0	0	0	2562714	2562311	3021777	0	0	2138112	4096	0	0	15728640	0	2002944	0	0	0	0	0	2562714	2562311	3021777	0	0	2138112	4096	0	0	
0	1921024	0	0	0	0	0	2578917	2578475	3040785	0	0	2084864	4096	0	0	15728640	0	1921024	0	0	0	0	0	2578917	2578475	3040785	0	0	2084864	4096	0	0	
0	1761280	0	0	0	0	0	2596143	2595642	3061080	0	0	2142208	4096	0	0	15728640	0	1761280	0	0	0	0	0	2596143	2595642	3061080	0	0	2142208	4096	0	0	
0	1818624	0	0	0	0	0	2613303	2612871	3081342	0	0	2080768	4096	0	0	15728640	0	1818624	0	0	0	0	0	2613303	2612871	3081342	0	0	2080768	4096	0	0	
0	2007040	0	0	0	0	0	2631585	2631083	3102792	0	0	2117632	4096	0	0	15728640	0	2007040	0	0	0	0	0	2631585	2631083	3102792	0	0	2117632	4096	0	0	
0	1961984	0	0	0	0	0	2649735	2649279	3124275	0	0	2138112	4096	0	0	15728640	0	1961984	0	0	0	0	0	2649735	2649279	3124275	0	0	2138112	4096	0	0	
0	1961984	0	0	0	0	0	2666433	2665982	3143910	0	0	2138112	24576	0	0	15728640	0	1961984	0	0	0	0	0	2666433	2665982	3143910	0	0	2138112	24576	0	0	
0	1896448	0	0	0	0	0	2684088	2683653	3164733	0	0	2138112	4096	0	0	15728640	0	1896448	0	0	0	0	0	2684088	2683653	3164733	0	0	2138112	4096	0	0	
0	1888256	0	0	0	0	0	2700819	2700360	3184401	0	0	2138112	4096	0	0	15728640	0	1888256	0	0	0	0	0	2700819	2700360	3184401	0	0	2138112	4096	0	0	
0	1941504	0	0	0	0	0	2717979	2717540	3204696	0	0	2138112	4096	0	0	15728640	0	1941504	0	0	0	0	0	2717979	2717540	3204696	0	0	2138112	4096	0	0	
0	2002944	0	0	0	0	0	2732664	2732217	3221922	0	0	2142208	24576	0	0	15728640	0	2002944	0	0	0	0	0	2732664	2732217	3221922	0	0	2142208	24576	0	0	
0	1712128	0	0	0	0	0	2748108	2747679	3240204	0	0	2093056	4096	0	0	15728640	0	1712128	0	0	0	0	0	2748108	2747679	3240204	0	0	2093056	4096	0	0	
0	1953792	0	0	0	0	0	2764542	2764090	3259509	0	0	2134016	4096	0	0	15728640	0	1953792	0	0	0	0	0	2764542	2764090	3259509	0	0	2134016	4096	0	0	
0	1961984	0	0	0	0	0	2781702	2781259	3279804	0	0	2134016	4096	0	0	15728640	0	1961984	0	0	0	0	0	2781702	2781259	3279804	0	0	2134016	4096	0	0	
0	1835008	0	0	0	0	0	2796420	2795936	3297063	0	0	2134016	4096	0	0	15728640	0	1835008	0	0	0	0	0	2796420	2795936	3297063	0	0	2134016	4096	0	0	
0	2629632	0	0	0	0	0	2810478	2809902	3313728	0	0	2867200	4096	0	0	15728640	0	2629632	0	0	0	0	0	2810478	2809902	3313728	0	0	2867200	4096	0	0	
0	1835008	0	0	0	0	0	2826186	2825740	3332241	0	0	2134016	4096	0	0	15728640	0	1835008	0	0	0	0	0	2826186	2825740	3332241	0	0	2134016	4096	0	0	
0	1826816	0	0	0	0	0	2842356	2841910	3351282	0	0	2138112	4096	0	0	15728640	0	1826816	0	0	0	0	0	2842356	2841910	3351282	0	0	2138112	4096	0	0	
0	2007040	0	0	0	0	0	2857602	2857118	3369135	0	0	2134016	4096	0	0	15728640	0	2007040	0	0	0	0	0	2857602	2857118	3369135	0	0	2134016	4096	0	0	
0	1839104	0	0	0	0	0	2874036	2873552	3388638	0	0	2138112	24576	0	0	15728640	0	1839104	0	0	0	0	0	2874036	2873552	3388638	0	0	2138112	24576	0	0	
0	1953792	0	0	0	0	0	2891955	2891492	3409692	0	0	2134016	4096	0	0	15728640	0	1953792	0	0	0	0	0	2891955	2891492	3409692	0	0	2134016	4096	0	0	
0	1916928	0	0	0	0	0	2909115	2908714	3429888	0	0	2134016	4096	0	0	15728640	0	1916928	0	0	0	0	0	2909115	2908714	3429888	0	0	2134016	4096	0	0	
0	1908736	0	0	0	0	0	2925351	2924876	3448995	0	0	2134016	4096	0	0	15728640	0	1908736	0	0	0	0	0	2925351	2924876	3448995	0	0	2134016	4096	0	0	
0	1830912	0	0	0	0	0	2941983	2941533	3468696	0	0	2125824	4096	0	0	15728640	0	1830912	0	0	0	0	0	2941983	2941533	3468696	0	0	2125824	4096	0	0	
0	765952	0	0	0	0	0	2959242	2959051	3488991	0	0	942080	24576	0	0	15728640	0	765952	0	0	0	0	0	2959242	2959051	3488991	0	0	942080	24576	0	0	
0	2064384	0	0	0	0	0	2977920	2977475	3510969	0	0	2134016	4096	0	0	15728640	0	2064384	0	0	0	0	0	2977920	2977475	3510969	0	0	2134016	4096	0	0	
0	2023424	0	0	0	0	0	2995575	2995140	3531825	0	0	2129920	4096	0	0	15728640	0	2023424	0	0	0	0	0	2995575	2995140	3531825	0	0	2129920	4096	0	0	
0	1949696	0	0	0	0	0	3013791	3013402	3553275	0	0	2134016	4096	0	0	15728640	0	1949696	0	0	0	0	0	3013791	3013402	3553275	0	0	2134016	4096	0	0	
0	1851392	0	0	0	0	0	3032040	3031586	3574692	0	0	2138112	4096	0	0	15728640	0	1851392	0	0	0	0	0	3032040	3031586	3574692	0	0	2138112	4096	0	0	
0	1921024	0	0	0	0	0	3050586	3050109	3596604	0	0	2080768	4096	0	0	15728640	0	1921024	0	0	0	0	0	3050586	3050109	3596604	0	0	2080768	4096	0	0	
0	2015232	0	0	0	0	135168	3067944	3067495	3617031	0	0	2134016	4096	0	0	15728640	0	2015232	0	0	0	0	135168	3067944	3067495	3617031	0	0	2134016	4096	0	0	
0	1949696	0	0	0	0	0	3084609	3084165	3636699	0	0	2142208	4096	0	0	15728640	0	1949696	0	0	0	0	0	3084609	3084165	3636699	0	0	2142208	4096	0	0	
0	2113536	0	0	0	0	0	3101307	3100876	3656367	0	0	2138112	4096	0	0	15728640	0	2113536	0	0	0	0	0	3101307	3100876	3656367	0	0	2138112	4096	0	0	
0	1990656	0	0	0	0	0	3116982	3116534	3674814	0	0	2134016	4096	0	0	15728640	0	1990656	0	0	0	0	0	3116982	3116534	3674814	0	0	2134016	4096	0	0	
0	2560000	0	0	0	0	0	3133152	3132552	3693888	0	0	2863104	4096	0	0	15728640	0	2560000	0	0	0	0	0	3133152	3132552	3693888	0	0	2863104	4096	0	0	
0	2060288	0	0	0	0	0	3150873	3150387	3714777	0	0	2138112	4096	0	0	15728640	0	2060288	0	0	0	0	0	3150873	3150387	3714777	0	0	2138112	4096	0	0	
0	1937408	0	0	0	0	0	3168594	3168055	3735666	0	0	2134016	4096	0	0	15728640	0	1937408	0	0	0	0	0	3168594	3168055	3735666	0	0	2134016	4096	0	0	
0	2002944	0	0	0	0	0	3186777	3186347	3757149	0	0	2138112	4096	0	0	15728640	0	2002944	0	0	0	0	0	3186777	3186347	3757149	0	0	2138112	4096	0	0	
0	2445312	0	0	0	0	135168	3202947	3202308	3776124	0	0	2846720	4096	0	0	15728640	0	2445312	0	0	0	0	135168	3202947	3202308	3776124	0	0	2846720	4096	0	0	
0	1859584	0	0	0	0	0	3218622	3218191	3794604	0	0	2134016	4096	0	0	15728640	0	1859584	0	0	0	0	0	3218622	3218191	3794604	0	0	2134016	4096	0	0	
0	1945600	0	0	0	0	0	3235815	3235378	3814899	0	0	2134016	4096	0	0	15728640	0	1945600	0	0	0	0	0	3235815	3235378	3814899	0	0	2134016	4096	0	0	
0	2621440	0	0	0	0	0	3252414	3251839	3834567	0	0	2879488	4096	0	0	15728640	0	2621440	0	0	0	0	0	3252414	3251839	3834567	0	0	2879488	4096	0	0	
0	1892352	0	0	0	0	0	3268683	3268235	3853575	0	0	2138112	4096	0	0	15728640	0	1892352	0	0	0	0	0	3268683	3268235	3853575	0	0	2138112	4096	0	0	
0	2007040	0	0	0	0	0	3286371	3285920	3874497	0	0	2138112	4096	0	0	15728640	0	2007040	0	0	0	0	0	3286371	3285920	3874497	0	0	2138112	4096	0	0	
0	2686976	0	0	0	0	135168	3303597	3302922	3894693	0	0	2846720	4096	0	0	15728640	0	2686976	0	0	0	0	135168	3303597	3302922	3894693	0	0	2846720	4096	0	0	
0	1847296	0	0	0	0	0	3321714	3321323	3916209	0	0	2142208	4096	0	0	15728640	0	1847296	0	0	0	0	0	3321714	3321323	3916209	0	0	2142208	4096	0	0	
0	2240512	0	0	0	0	0	3339864	3339280	3937560	0	0	2535424	24576	0	0	15728640	0	2240512	0	0	0	0	0	3339864	3339280	3937560	0	0	2535424	24576	0	0	
0	1990656	0	0	0	0	0	3356166	3355696	3956700	0	0	2134016	4096	0	0	15728640	0	1990656	0	0	0	0	0	3356166	3355696	3956700	0	0	2134016	4096	0	0	
0	1933312	0	0	0	0	0	3374349	3373922	3978183	0	0	2138112	4096	0	0	15728640	0	1933312	0	0	0	0	0	3374349	3373922	3978183	0	0	2138112	4096	0	0	
0	823296	0	0	0	0	0	3392070	3391896	3999138	0	0	1069056	24576	0	0	15728640	0	823296	0	0	0	0	0	3392070	3391896	3999138	0	0	1069056	24576	0	0	
0	1880064	0	0	0	0	0	3409758	3409309	4019928	0	0	2142208	4096	0	0	15728640	0	1880064	0	0	0	0	0	3409758	3409309	4019928	0	0	2142208	4096	0	0	
0	1941504	0	0	0	0	0	3428403	3428018	4041906	0	0	2138112	4096	0	0	15728640	0	1941504	0	0	0	0	0	3428403	3428018	4041906	0	0	2138112	4096	0	0	
0	1777664	0	0	0	0	0	3446421	3446070	4063224	0	0	2080768	4096	0	0	15728640	0	1777664	0	0	0	0	0	3446421	3446070	4063224	0	0	2080768	4096	0	0	
0	1994752	0	0	0	0	0	3463878	3463430	4083651	0	0	2129920	4096	0	0	15728640	0	1994752	0	0	0	0	0	3463878	3463430	4083651	0	0	2129920	4096	0	0	
0	1961984	0	0	0	0	0	3480510	3480083	4103319	0	0	2134016	4096	0	0	15728640	0	1961984	0	0	0	0	0	3480510	3480083	4103319	0	0	2134016	4096	0	0	
0	2048000	0	0	0	0	0	3497241	3496770	4122987	0	0	2138112	24576	0	0	15728640	0	2048000	0	0	0	0	0	3497241	3496770	4122987	0	0	2138112	24576	0	0	
0	2592768	0	0	0	0	0	3513906	3513264	4142655	0	0	2854912	24576	0	0	15728640	0	2592768	0	0	0	0	0	3513906	3513264	4142655	0	0	2854912	24576	0	0	
0	1888256	0	0	0	0	0	3529086	3528645	4160574	0	0	2134016	4096	0	0	15728640	0	1888256	0	0	0	0	0	3529086	3528645	4160574	0	0	2134016	4096	0	0	
0	2621440	0	0	0	0	0	3544266	3543608	4178460	0	0	2818048	4096	0	0	15728640	0	2621440	0	0	0	0	0	3544266	3543608	4178460	0	0	2818048	4096	0	0	
0	2056192	0	0	0	0	0	3561954	3561512	4199283	0	0	2129920	4096	0	0	15728640	0	2056192	0	0	0	0	0	3561954	3561512	4199283	0	0	2129920	4096	0	0	
0	2011136	0	0	0	0	0	3579675	3579194	4220139	0	0	2129920	4096	0	0	15728640	0	2011136	0	0	0	0	0	3579675	3579194	4220139	0	0	2129920	4096	0	0	
0	1957888	0	0	0	0	0	3594789	3594376	4237959	0	0	2138112	4096	0	0	15728640	0	1957888	0	0	0	0	0	3594789	3594376	4237959	0	0	2138112	4096	0	0	
0	1884160	0	0	0	0	0	3610497	3610049	4256472	0	0	2080768	4096	0	0	15728640	0	1884160	0	0	0	0	0	3610497	3610049	4256472	0	0	2080768	4096	0	0	
0	2625536	0	0	0	0	0	3627690	3627004	4276734	0	0	2863104	4096	0	0	15728640	0	2625536	0	0	0	0	0	3627690	3627004	4276734	0	0	2863104	4096	0	0	
0	2060288	0	0	0	0	0	3642342	3641932	4293993	0	0	2134016	4096	0	0	15728640	0	2060288	0	0	0	0	0	3642342	3641932	4293993	0	0	2134016	4096	0	0	
0	1961984	0	0	0	0	0	3658512	3658113	4313100	0	0	2138112	4096	0	0	15728640	0	1961984	0	0	0	0	0	3658512	3658113	4313100	0	0	2138112	4096	0	0	
0	2011136	0	0	0	0	0	3675672	3675279	4333395	0	0	2129920	4096	0	0	15728640	0	2011136	0	0	0	0	0	3675672	3675279	4333395	0	0	2129920	4096	0	0	
0	835584	0	0	0	0	0	3692997	3692808	4353789	0	0	1064960	24576	0	0	15728640	0	835584	0	0	0	0	0	3692997	3692808	4353789	0	0	1064960	24576	0	0	
0	1908736	0	0	0	0	0	3711147	3710696	4375140	0	0	2134016	4096	0	0	15728640	0	1908736	0	0	0	0	0	3711147	3710696	4375140	0	0	2134016	4096	0	0	
0	1957888	0	0	0	0	0	3726822	3726380	4393554	0	0	2134016	4096	0	0	15728640	0	1957888	0	0	0	0	0	3726822	3726380	4393554	0	0	2134016	4096	0	0	
0	2560000	0	0	0	0	0	3742431	3741788	4412067	0	0	2867200	4096	0	0	15728640	0	2560000	0	0	0	0	0	3742431	3741788	4412067	0	0	2867200	4096	0	0	
0	1949696	0	0	0	0	0	3759162	3758700	4431702	0	0	2142208	4096	0	0	15728640	0	1949696	0	0	0	0	0	3759162	3758700	4431702	0	0	2142208	4096	0	0	
0	1871872	0	0	0	0	0	3774870	3774371	4450149	0	0	2134016	4096	0	0	15728640	0	1871872	0	0	0	0	0	3774870	3774371	4450149	0	0	2134016	4096	0	0	
0	1888256	0	0	0	0	0	3791964	3791568	4470444	0	0	2134016	4096	0	0	15728640	0	1888256	0	0	0	0	0	3791964	3791568	4470444	0	0	2134016	4096	0	0	
0	1929216	0	0	0	0	0	3808728	3808245	4490046	0	0	2134016	4096	0	0	15728640	0	1929216	0	0	0	0	0	3808728	3808245	4490046	0	0	2134016	4096	0	0	
0	1069056	0	0	0	0	0	3825558	3825235	4510044	0	0	1441792	24576	0	0	15728640	0	1069056	0	0	0	0	0	3825558	3825235	4510044	0	0	1441792	24576	0	0	
0	1937408	0	0	0	0	0	3843048	3842617	4530570	0	0	2134016	4096	0	0	15728640	0	1937408	0	0	0	0	0	3843048	3842617	4530570	0	0	2134016	4096	0	0	
0	1748992	0	0	0	0	0	3859053	3858578	4549479	0	0	2080768	24576	0	0	15728640	0	1748992	0	0	0	0	0	3859053	3858578	4549479	0	0	2080768	24576	0	0	
0	2072576	0	0	0	0	0	3875421	3874980	4568751	0	0	2138112	4096	0	0	15728640	0	2072576	0	0	0	0	0	3875421	3874980	4568751	0	0	2138112	4096	0	0	
0	1957888	0	0	0	0	0	3889611	3889157	4585416	0	0	2134016	4096	0	0	15728640	0	1957888	0	0	0	0	0	3889611	3889157	4585416	0	0	2134016	4096	0	0	
0	1941504	0	0	0	0	0	3905781	3905318	4604490	0	0	2134016	4096	0	0	15728640	0	1941504	0	0	0	0	0	3905781	3905318	4604490	0	0	2134016	4096	0	0	
0	1912832	0	0	0	0	0	3923007	3922517	4624719	0	0	2125824	4096	0	0	15728640	0	1912832	0	0	0	0	0	3923007	3922517	4624719	0	0	2125824	4096	0	0	
0	2072576	0	0	0	0	0	3937626	3937134	4642044	0	0	2134016	4096	0	0	15728640	0	2072576	0	0	0	0	0	3937626	3937134	4642044	0	0	2134016	4096	0	0	
0	1761280	0	0	0	0	0	3955314	3954872	4662900	0	0	2138112	4096	0	0	15728640	0	1761280	0	0	0	0	0	3955314	3954872	4662900	0	0	2138112	4096	0	0	
0	2158592	0	0	0	0	0	3972870	3972366	4683690	0	0	2465792	24576	0	0	15728640	0	2158592	0	0	0	0	0	3972870	3972366	4683690	0	0	2465792	24576	0	0	
0	819200	0	0	0	0	0	3973068	3972900	4683987	0	0	1015808	24576	0	0	15728640	0	819200	0	0	0	0	0	3973068	3972900	4683987	0	0	1015808	24576	0	0	
0	1822720	0	0	0	0	0	3989733	3989321	4703886	0	0	2138112	4096	0	0	15728640	0	1822720	0	0	0	0	0	3989733	3989321	4703886	0	0	2138112	4096	0	0	
0	1937408	0	0	0	0	0	4006497	4006024	4723620	0	0	2142208	24576	0	0	15728640	0	1937408	0	0	0	0	0	4006497	4006024	4723620	0	0	2142208	24576	0	0	
0	880640	0	0	0	0	0	4021182	4021018	4740945	0	0	991232	24576	0	0	15728640	0	880640	0	0	0	0	0	4021182	4021018	4740945	0	0	991232	24576	0	0	
0	2002944	0	0	0	0	0	4036296	4035829	4758732	0	0	2125824	4096	0	0	15728640	0	2002944	0	0	0	0	0	4036296	4035829	4758732	0	0	2125824	4096	0	0	
0	1949696	0	0	0	0	0	4051509	4051028	4776651	0	0	2138112	4096	0	0	15728640	0	1949696	0	0	0	0	0	4051509	4051028	4776651	0	0	2138112	4096	0	0	
0	1941504	0	0	0	0	0	4068735	4068271	4796913	0	0	2138112	4096	0	0	15728640	0	1941504	0	0	0	0	0	4068735	4068271	4796913	0	0	2138112	4096	0	0	
0	2072576	0	0	0	0	0	4084839	4084384	4815954	0	0	2142208	24576	0	0	15728640	0	2072576	0	0	0	0	0	4084839	4084384	4815954	0	0	2142208	24576	0	0	
0	1974272	0	0	0	0	0	4101042	4100581	4835028	0	0	2134016	4096	0	0	15728640	0	1974272	0	0	0	0	0	4101042	4100581	4835028	0	0	2134016	4096	0	0	
0	1961984	0	0	0	0	0	4115661	4115275	4852287	0	0	2134016	4096	0	0	15728640	0	1961984	0	0	0	0	0	4115661	4115275	4852287	0	0	2134016	4096	0	0	
0	1998848	0	0	0	0	0	4131402	4130939	4870767	0	0	2138112	4096	0	0	15728640	0	1998848	0	0	0	0	0	4131402	4130939	4870767	0	0	2138112	4096	0	0	
0	1937408	0	0	0	0	0	4147044	4146606	4889247	0	0	2134016	4096	0	0	15728640	0	1937408	0	0	0	0	0	4147044	4146606	4889247	0	0	2134016	4096	0	0	
0	1896448	0	0	0	0	135168	4161696	4161282	4906539	0	0	2129920	4096	0	0	15728640	0	1896448	0	0	0	0	135168	4161696	4161282	4906539	0	0	2129920	4096	0	0	
0	1175552	0	0	0	0	0	4179549	4179269	4927626	0	0	1380352	24576	0	0	15728640	0	1175552	0	0	0	0	0	4179549	4179269	4927626	0	0	1380352	24576	0	0	
0	1822720	0	0	0	0	0	4198161	4197654	4949505	0	0	2142208	4096	0	0	15728640	0	1822720	0	0	0	0	0	4198161	4197654	4949505	0	0	2142208	4096	0	0	
0	1974272	0	0	0	0	0	4215255	4214877	4969701	0	0	2134016	4096	0	0	15728640	0	1974272	0	0	0	0	0	4215255	4214877	4969701	0	0	2134016	4096	0	0	
0	2551808	0	0	0	0	0	4229973	4229347	4987026	0	0	2818048	24576	0	0	15728640	0	2551808	0	0	0	0	0	4229973	4229347	4987026	0	0	2818048	24576	0	0	
0	2727936	0	0	0	0	0	4246671	4246000	5006694	0	0	2867200	4096	0	0	15728640	0	2727936	0	0	0	0	0	4246671	4246000	5006694	0	0	2867200	4096	0	0	
0	2506752	0	0	0	0	0	4263798	4263237	5026956	0	0	2871296	4096	0	0	15728640	0	2506752	0	0	0	0	0	4263798	4263237	5026956	0	0	2871296	4096	0	0	
0	1970176	0	0	0	0	0	4276965	4276564	5042499	0	0	2134016	4096	0	0	15728640	0	1970176	0	0	0	0	0	4276965	4276564	5042499	0	0	2134016	4096	0	0	
0	843776	0	0	0	0	0	4283631	4283418	5050452	0	0	1015808	24576	0	0	15728640	0	843776	0	0	0	0	0	4283631	4283418	5050452	0	0	1015808	24576	0	0	
0	1880064	0	0	0	0	0	4294323	4293872	5063223	0	0	2134016	4096	0	0	15728640	0	1880064	0	0	0	0	0	4294323	4293872	5063223	0	0	2134016	4096	0	0	
0	2605056	0	0	0	0	0	4311978	4311377	5084112	0	0	2830336	4096	0	0	15728640	0	2605056	0	0	0	0	0	4311978	4311377	5084112	0	0	2830336	4096	0	0	
0	745472	0	0	0	0	0	4317654	4317487	5090910	0	0	1011712	24576	0	0	15728640	0	745472	0	0	0	0	0	4317654	4317487	5090910	0	0	1011712	24576	0	0	
0	1900544	0	0	0	0	0	4327818	4327370	5103087	0	0	2138112	4096	0	0	15728640	0	1900544	0	0	0	0	0	4327818	4327370	5103087	0	0	2138112	4096	0	0	
0	1998848	0	0	0	0	0	4344483	4344082	5122788	0	0	2138112	4096	0	0	15728640	0	1998848	0	0	0	0	0	4344483	4344082	5122788	0	0	2138112	4096	0	0	
0	1925120	0	0	0	0	0	4360719	4360228	5141928	0	0	2134016	4096	0	0	15728640	0	1925120	0	0	0	0	0	4360719	4360228	5141928	0	0	2134016	4096	0	0	
0	2121728	0	0	0	0	0	4376823	4376437	5161002	0	0	2142208	4096	0	0	15728640	0	2121728	0	0	0	0	0	4376823	4376437	5161002	0	0	2142208	4096	0	0	
0	1953792	0	0	0	0	0	4394115	4393650	5181231	0	0	2138112	4096	0	0	15728640	0	1953792	0	0	0	0	0	4394115	4393650	5181231	0	0	2138112	4096	0	0	
0	1933312	0	0	0	0	0	4411308	4410846	5201559	0	0	2134016	4096	0	0	15728640	0	1933312	0	0	0	0	0	4411308	4410846	5201559	0	0	2134016	4096	0	0	
0	1228800	0	0	0	0	0	4429722	4429377	5223306	0	0	1552384	24576	0	0	15728640	0	1228800	0	0	0	0	0	4429722	4429377	5223306	0	0	1552384	24576	0	0	
0	1925120	0	0	0	0	0	4444704	4444287	5240994	0	0	2138112	4096	0	0	15728640	0	1925120	0	0	0	0	0	4444704	4444287	5240994	0	0	2138112	4096	0	0	
0	1990656	0	0	0	0	0	4461897	4461452	5261223	0	0	2134016	4096	0	0	15728640	0	1990656	0	0	0	0	0	4461897	4461452	5261223	0	0	2134016	4096	0	0	
0	1851392	0	0	0	0	0	4478628	4478157	5280957	0	0	2134016	24576	0	0	15728640	0	1851392	0	0	0	0	0	4478628	4478157	5280957	0	0	2134016	24576	0	0	
0	2109440	0	0	0	0	0	4494171	4493676	5299305	0	0	2396160	4096	0	0	15728640	0	2109440	0	0	0	0	0	4494171	4493676	5299305	0	0	2396160	4096	0	0	
0	1921024	0	0	0	0	0	4511001	4510561	5319171	0	0	2138112	4096	0	0	15728640	0	1921024	0	0	0	0	0	4511001	4510561	5319171	0	0	2138112	4096	0	0	
0	2002944	0	0	0	0	0	4527237	4526730	5338245	0	0	2138112	4096	0	0	15728640	0	2002944	0	0	0	0	0	4527237	4526730	5338245	0	0	2138112	4096	0	0	
0	2002944	0	0	0	0	0	4544859	4544502	5359200	0	0	2134016	4096	0	0	15728640	0	2002944	0	0	0	0	0	4544859	4544502	5359200	0	0	2134016	4096	0	0	
0	2007040	0	0	0	0	0	4562646	4562196	5380056	0	0	2142208	4096	0	0	15728640	0	2007040	0	0	0	0	0	4562646	4562196	5380056	0	0	2142208	4096	0	0	
0	2056192	0	0	0	0	0	4577859	4577400	5397942	0	0	2138112	4096	0	0	15728640	0	2056192	0	0	0	0	0	4577859	4577400	5397942	0	0	2138112	4096	0	0	
0	2002944	0	0	0	0	0	4594557	4594085	5417610	0	0	2142208	4096	0	0	15728640	0	2002944	0	0	0	0	0	4594557	4594085	5417610	0	0	2142208	4096	0	0	
0	921600	0	0	0	0	0	4610364	4610116	5436288	0	0	1093632	24576	0	0	15728640	0	921600	0	0	0	0	0	4610364	4610116	5436288	0	0	1093632	24576	0	0	
0	1642496	0	0	0	0	0	4626138	4625792	5454999	0	0	1781760	24576	0	0	15728640	0	1642496	0	0	0	0	0	4626138	4625792	5454999	0	0	1781760	24576	0	0	
0	1855488	0	0	0	0	0	4642110	4641671	5473743	0	0	2134016	4096	0	0	15728640	0	1855488	0	0	0	0	0	4642110	4641671	5473743	0	0	2134016	4096	0	0	
0	2506752	0	0	0	0	0	4656795	4656250	5491068	0	0	2621440	4096	0	0	15728640	0	2506752	0	0	0	0	0	4656795	4656250	5491068	0	0	2621440	4096	0	0	
0	1875968	0	0	0	0	0	4673988	4673551	5511363	0	0	2134016	4096	0	0	15728640	0	1875968	0	0	0	0	0	4673988	4673551	5511363	0	0	2134016	4096	0	0	
0	2007040	0	0	0	0	0	4691247	4690805	5531724	0	0	2138112	4096	0	0	15728640	0	2007040	0	0	0	0	0	4691247	4690805	5531724	0	0	2138112	4096	0	0	
0	2002944	0	0	0	0	0	4707879	4707500	5551326	0	0	2138112	4096	0	0	15728640	0	2002944	0	0	0	0	0	4707879	4707500	5551326	0	0	2138112	4096	0	0	
0	1994752	0	0	0	0	0	4723158	4722681	5569245	0	0	2134016	24576	0	0	15728640	0	1994752	0	0	0	0	0	4723158	4722681	5569245	0	0	2134016	24576	0	0	
0	794624	0	0	0	0	0	4723191	4723017	5569443	0	0	1011712	24576	0	0	15728640	0	794624	0	0	0	0	0	4723191	4723017	5569443	0	0	1011712	24576	0	0	
0	1822720	0	0	0	0	0	4738701	4738277	5588088	0	0	2105344	4096	0	0	15728640	0	1822720	0	0	0	0	0	4738701	4738277	5588088	0	0	2105344	4096	0	0	
0	737280	0	0	0	0	0	4745070	4744855	5595678	0	0	1011712	24576	0	0	15728640	0	737280	0	0	0	0	0	4745070	4744855	5595678	0	0	1011712	24576	0	0	
0	1949696	0	0	0	0	0	4755234	4754746	5607822	0	0	2129920	4096	0	0	15728640	0	1949696	0	0	0	0	0	4755234	4754746	5607822	0	0	2129920	4096	0	0	
0	1937408	0	0	0	0	0	4772889	4772512	5628744	0	0	2138112	4096	0	0	15728640	0	1937408	0	0	0	0	0	4772889	4772512	5628744	0	0	2138112	4096	0	0	
0	2002944	0	0	0	0	0	4789620	4789193	5648445	0	0	2138112	4096	0	0	15728640	0	2002944	0	0	0	0	0	4789620	4789193	5648445	0	0	2138112	4096	0	0	
0	1953792	0	0	0	0	0	4805361	4804927	5666925	0	0	2142208	4096	0	0	15728640	0	1953792	0	0	0	0	0	4805361	4804927	5666925	0	0	2142208	4096	0	0	
0	1830912	0	0	0	0	0	4820079	4819611	5684250	0	0	2134016	4096	0	0	15728640	0	1830912	0	0	0	0	0	4820079	4819611	5684250	0	0	2134016	4096	0	0	
0	1896448	0	0	0	0	0	4836777	4836359	5703984	0	0	2134016	4096	0	0	15728640	0	1896448	0	0	0	0	0	4836777	4836359	5703984	0	0	2134016	4096	0	0	
0	1818624	0	0	0	0	0	4850934	4850509	5720649	0	0	2142208	4096	0	0	15728640	0	1818624	0	0	0	0	0	4850934	4850509	5720649	0	0	2142208	4096	0	0	
0	1785856	0	0	0	0	0	4865718	4865230	5737974	0	0	2138112	4096	0	0	15728640	0	1785856	0	0	0	0	0	4865718	4865230	5737974	0	0	2138112	4096	0	0	
0	2068480	0	0	0	0	0	4882944	4882487	5758269	0	0	2129920	4096	0	0	15728640	0	2068480	0	0	0	0	0	4882944	4882487	5758269	0	0	2129920	4096	0	0	
0	1871872	0	0	0	0	0	4900599	4900178	5779125	0	0	2129920	4096	0	0	15728640	0	1871872	0	0	0	0	0	4900599	4900178	5779125	0	0	2129920	4096	0	0	
0	2641920	0	0	0	0	0	4918353	4917693	5800014	0	0	2830336	4096	0	0	15728640	0	2641920	0	0	0	0	0	4918353	4917693	5800014	0	0	2830336	4096	0	0	
0	1966080	0	0	0	0	0	4933566	4933140	5817966	0	0	2134016	4096	0	0	15728640	0	1966080	0	0	0	0	0	4933566	4933140	5817966	0	0	2134016	4096	0	0	
0	2035712	0	0	0	0	0	4949208	4948827	5836512	0	0	2134016	4096	0	0	15728640	0	2035712	0	0	0	0	0	4949208	4948827	5836512	0	0	2134016	4096	0	0	
0	2568192	0	0	0	0	0	4964982	4964361	5854992	0	0	2867200	4096	0	0	15728640	0	2568192	0	0	0	0	0	4964982	4964361	5854992	0	0	2867200	4096	0	0	
0	802816	0	0	0	0	0	4980261	4980055	5873043	0	0	1015808	24576	0	0	15728640	0	802816	0	0	0	0	0	4980261	4980055	5873043	0	0	1015808	24576	0	0	
0	1904640	0	0	0	0	0	4997421	4996960	5893173	0	0	2134016	4096	0	0	15728640	0	1904640	0	0	0	0	0	4997421	4996960	5893173	0	0	2134016	4096	0	0	
0	1970176	0	0	0	0	0	5014152	5013653	5912907	0	0	2134016	4096	0	0	15728640	0	1970176	0	0	0	0	0	5014152	5013653	5912907	0	0	2134016	4096	0	0	
0	1916928	0	0	0	0	0	5032368	5031891	5934357	0	0	2076672	4096	0	0	15728640	0	1916928	0	0	0	0	0	5032368	5031891	5934357	0	0	2076672	4096	0	0	
0	2007040	0	0	0	0	0	5050122	5049647	5955279	0	0	2138112	4096	0	0	15728640	0	2007040	0	0	0	0	0	5050122	5049647	5955279	0	0	2138112	4096	0	0	
0	1949696	0	0	0	0	0	5066292	5065883	5974386	0	0	2134016	4096	0	0	15728640	0	1949696	0	0	0	0	0	5066292	5065883	5974386	0	0	2134016	4096	0	0	
0	2637824	0	0	0	0	0	5082990	5082403	5994054	0	0	2875392	4096	0	0	15728640	0	2637824	0	0	0	0	0	5082990	5082403	5994054	0	0	2875392	4096	0	0	
0	1974272	0	0	0	0	0	5099226	5098789	6013161	0	0	2134016	4096	0	0	15728640	0	1974272	0	0	0	0	0	5099226	5098789	6013161	0	0	2134016	4096	0	0	
0	1949696	0	0	0	0	0	5114901	5114457	6031707	0	0	2134016	4096	0	0	15728640	0	1949696	0	0	0	0	0	5114901	5114457	6031707	0	0	2134016	4096	0	0	
0	1949696	0	0	0	0	0	5132127	5131730	6051969	0	0	2134016	4096	0	0	15728640	0	1949696	0	0	0	0	0	5132127	5131730	6051969	0	0	2134016	4096	0	0	
0	1896448	0	0	0	0	0	5149419	5148960	6072297	0	0	2129920	4096	0	0	15728640	0	1896448	0	0	0	0	0	5149419	5148960	6072297	0	0	2129920	4096	0	0	
0	1855488	0	0	0	0	0	5167668	5167210	6093780	0	0	2129920	4096	0	0	15728640	0	1855488	0	0	0	0	0	5167668	5167210	6093780	0	0	2129920	4096	0	0	
0	2056192	0	0	0	0	0	5184399	5183919	6113481	0	0	2129920	4096	0	0	15728640	0	2056192	0	0	0	0	0	5184399	5183919	6113481	0	0	2129920	4096	0	0	
0	1904640	0	0	0	0	0	5201097	5200659	6133149	0	0	2134016	4096	0	0	15728640	0	1904640	0	0	0	0	0	5201097	5200659	6133149	0	0	2134016	4096	0	0	
0	1826816	0	0	0	0	135168	5215749	5215342	6150474	0	0	2125824	4096	0	0	15728640	0	1826816	0	0	0	0	135168	5215749	5215342	6150474	0	0	2125824	4096	0	0	
0	2080768	0	0	0	0	0	5232018	5231557	6169581	0	0	2084864	4096	0	0	15728640	0	2080768	0	0	0	0	0	5232018	5231557	6169581	0	0	2084864	4096	0	0	
0	1900544	0	0	0	0	0	5248716	5248287	6189282	0	0	2138112	4096	0	0	15728640	0	1900544	0	0	0	0	0	5248716	5248287	6189282	0	0	2138112	4096	0	0	
0	2023424	0	0	0	0	0	5263995	5263525	6207201	0	0	2142208	4096	0	0	15728640	0	2023424	0	0	0	0	0	5263995	5263525	6207201	0	0	2142208	4096	0	0	
0	2002944	0	0	0	0	0	5281188	5280730	6227430	0	0	2146304	24576	0	0	15728640	0	2002944	0	0	0	0	0	5281188	5280730	6227430	0	0	2146304	24576	0	0	
0	1875968	0	0	0	0	0	5298909	5298447	6248418	0	0	2134016	4096	0	0	15728640	0	1875968	0	0	0	0	0	5298909	5298447	6248418	0	0	2134016	4096	0	0	
0	1896448	0	0	0	0	0	5317092	5316651	6269868	0	0	2138112	4096	0	0	15728640	0	1896448	0	0	0	0	0	5317092	5316651	6269868	0	0	2138112	4096	0	0	
0	1884160	0	0	0	0	0	5335374	5334939	6291318	0	0	2129920	4096	0	0	15728640	0	1884160	0	0	0	0	0	5335374	5334939	6291318	0	0	2129920	4096	0	0	
0	2035712	0	0	0	0	0	5354184	5353717	6313494	0	0	2134016	4096	0	0	15728640	0	2035712	0	0	0	0	0	5354184	5353717	6313494	0	0	2134016	4096	0	0	
0	1941504	0	0	0	0	0	5372895	5372449	6335472	0	0	2134016	4096	0	0	15728640	0	1941504	0	0	0	0	0	5372895	5372449	6335472	0	0	2134016	4096	0	0	
0	2043904	0	0	0	0	0	5391111	5390676	6356988	0	0	2134016	4096	0	0	15728640	0	2043904	0	0	0	0	0	5391111	5390676	6356988	0	0	2134016	4096	0	0	
0	1970176	0	0	0	0	0	5409855	5409469	6379065	0	0	2142208	4096	0	0	15728640	0	1970176	0	0	0	0	0	5409855	5409469	6379065	0	0	2142208	4096	0	0	
0	2084864	0	0	0	0	0	5426157	5425701	6398205	0	0	2138112	4096	0	0	15728640	0	2084864	0	0	0	0	0	5426157	5425701	6398205	0	0	2138112	4096	0	0	
0	1941504	0	0	0	0	0	5440809	5440386	6415563	0	0	2138112	4096	0	0	15728640	0	1941504	0	0	0	0	0	5440809	5440386	6415563	0	0	2138112	4096	0	0	
0	2064384	0	0	0	0	0	5455527	5455052	6432888	0	0	2134016	4096	0	0	15728640	0	2064384	0	0	0	0	0	5455527	5455052	6432888	0	0	2134016	4096	0	0	
0	2068480	0	0	0	0	0	5468694	5468262	6448365	0	0	2134016	4096	0	0	15728640	0	2068480	0	0	0	0	0	5468694	5468262	6448365	0	0	2134016	4096	0	0	
0	1986560	0	0	0	0	0	5479815	5479429	6461532	0	0	2134016	24576	0	0	15728640	0	1986560	0	0	0	0	0	5479815	5479429	6461532	0	0	2134016	24576	0	0	
0	2539520	0	0	0	0	0	5492520	5491861	6476415	0	0	2822144	4096	0	0	15728640	0	2539520	0	0	0	0	0	5492520	5491861	6476415	0	0	2822144	4096	0	0	
0	2002944	0	0	0	0	0	5504664	5504251	6490737	0	0	2138112	4096	0	0	15728640	0	2002944	0	0	0	0	0	5504664	5504251	6490737	0	0	2138112	4096	0	0	
0	1957888	0	0	0	0	0	5516313	5515927	6504465	0	0	2138112	24576	0	0	15728640	0	1957888	0	0	0	0	0	5516313	5515927	6504465	0	0	2138112	24576	0	0	
0	1990656	0	0	0	0	0	5532087	5531576	6523011	0	0	2142208	4096	0	0	15728640	0	1990656	0	0	0	0	0	5532087	5531576	6523011	0	0	2142208	4096	0	0	
0	2007040	0	0	0	0	0	5547762	5547314	6541491	0	0	2134016	4096	0	0	15728640	0	2007040	0	0	0	0	0	5547762	5547314	6541491	0	0	2134016	4096	0	0	
0	1871872	0	0	0	0	0	5560962	5560482	6557034	0	0	2138112	4096	0	0	15728640	0	1871872	0	0	0	0	0	5560962	5560482	6557034	0	0	2138112	4096	0	0	
0	1945600	0	0	0	0	0	5572941	5572483	6571191	0	0	2031616	24576	0	0	15728640	0	1945600	0	0	0	0	0	5572941	5572483	6571191	0	0	2031616	24576	0	0	
0	1888256	0	0	0	0	0	5584755	5584330	6585084	0	0	2134016	4096	0	0	15728640	0	1888256	0	0	0	0	0	5584755	5584330	6585084	0	0	2134016	4096	0	0	
0	2002944	0	0	0	0	0	5595909	5595501	6598185	0	0	2142208	4096	0	0	15728640	0	2002944	0	0	0	0	0	5595909	5595501	6598185	0	0	2142208	4096	0	0	
0	1560576	0	0	0	0	0	5607855	5607457	6612309	0	0	1863680	24576	0	0	15728640	0	1560576	0	0	0	0	0	5607855	5607457	6612309	0	0	1863680	24576	0	0	
0	1941504	0	0	0	0	0	5620758	5620352	6627456	0	0	2129920	4096	0	0	15728640	0	1941504	0	0	0	0	0	5620758	5620352	6627456	0	0	2129920	4096	0	0	
0	2019328	0	0	0	0	0	5636466	5636021	6645936	0	0	2129920	4096	0	0	15728640	0	2019328	0	0	0	0	0	5636466	5636021	6645936	0	0	2129920	4096	0	0	
0	1880064	0	0	0	0	0	5653197	5652722	6665703	0	0	2138112	24576	0	0	15728640	0	1880064	0	0	0	0	0	5653197	5652722	6665703	0	0	2138112	24576	0	0	
0	1925120	0	0	0	0	0	5665374	5664953	6679992	0	0	2138112	4096	0	0	15728640	0	1925120	0	0	0	0	0	5665374	5664953	6679992	0	0	2138112	4096	0	0	
0	2015232	0	0	0	0	0	5678046	5677581	6694875	0	0	2129920	4096	0	0	15728640	0	2015232	0	0	0	0	0	5678046	5677581	6694875	0	0	2129920	4096	0	0	
0	1900544	0	0	0	0	0	5689728	5689254	6708702	0	0	2142208	24576	0	0	15728640	0	1900544	0	0	0	0	0	5689728	5689254	6708702	0	0	2142208	24576	0	0	
0	1941504	0	0	0	0	0	5701377	5700870	6722397	0	0	2134016	4096	0	0	15728640	0	1941504	0	0	0	0	0	5701377	5700870	6722397	0	0	2134016	4096	0	0	
0	1970176	0	0	0	0	0	5715039	5714582	6738435	0	0	2134016	4096	0	0	15728640	0	1970176	0	0	0	0	0	5715039	5714582	6738435	0	0	2134016	4096	0	0	
0	1933312	0	0	0	0	0	5728239	5727752	6754044	0	0	2138112	4096	0	0	15728640	0	1933312	0	0	0	0	0	5728239	5727752	6754044	0	0	2138112	4096	0	0	
0	1998848	0	0	0	0	0	5745432	5744977	6774339	0	0	2138112	4096	0	0	15728640	0	1998848	0	0	0	0	0	5745432	5744977	6774339	0	0	2138112	4096	0	0	
0	2015232	0	0	0	0	0	5761734	5761269	6793446	0	0	2129920	4096	0	0	15728640	0	2015232	0	0	0	0	0	5761734	5761269	6793446	0	0	2129920	4096	0	0	
0	1880064	0	0	0	0	0	5773350	5772896	6807174	0	0	2134016	4096	0	0	15728640	0	1880064	0	0	0	0	0	5773350	5772896	6807174	0	0	2134016	4096	0	0	
0	2600960	0	0	0	0	0	5786022	5785307	6822024	0	0	2871296	4096	0	0	15728640	0	2600960	0	0	0	0	0	5786022	5785307	6822024	0	0	2871296	4096	0	0	
0	2019328	0	0	0	0	0	5798199	5797722	6836412	0	0	2134016	4096	0	0	15728640	0	2019328	0	0	0	0	0	5798199	5797722	6836412	0	0	2134016	4096	0	0	
0	1884160	0	0	0	0	0	5810871	5810419	6851328	0	0	2134016	4096	0	0	15728640	0	1884160	0	0	0	0	0	5810871	5810419	6851328	0	0	2134016	4096	0	0	
0	1949696	0	0	0	0	0	5825028	5824613	6868059	0	0	2134016	4096	0	0	15728640	0	1949696	0	0	0	0	0	5825028	5824613	6868059	0	0	2134016	4096	0	0	
0	1978368	0	0	0	0	0	5839251	5838762	6884757	0	0	2134016	4096	0	0	15728640	0	1978368	0	0	0	0	0	5839251	5838762	6884757	0	0	2134016	4096	0	0	
0	1830912	0	0	0	0	0	5855454	5855009	6903864	0	0	2138112	4096	0	0	15728640	0	1830912	0	0	0	0	0	5855454	5855009	6903864	0	0	2138112	4096	0	0	
0	2039808	0	0	0	0	0	5871162	5870736	6922377	0	0	2138112	24576	0	0	15728640	0	2039808	0	0	0	0	0	5871162	5870736	6922377	0	0	2138112	24576	0	0	
0	2600960	0	0	0	0	0	5883405	5882689	6936699	0	0	2875392	4096	0	0	15728640	0	2600960	0	0	0	0	0	5883405	5882689	6936699	0	0	2875392	4096	0	0	
0	1888256	0	0	0	0	135168	5896539	5896023	6952242	0	0	2138112	4096	0	0	15728640	0	1888256	0	0	0	0	135168	5896539	5896023	6952242	0	0	2138112	4096	0	0	
0	2011136	0	0	0	0	0	5909673	5909233	6967719	0	0	2138112	4096	0	0	15728640	0	2011136	0	0	0	0	0	5909673	5909233	6967719	0	0	2138112	4096	0	0	
0	1892352	0	0	0	0	0	5922378	5921911	6982668	0	0	2129920	24576	0	0	15728640	0	1892352	0	0	0	0	0	5922378	5921911	6982668	0	0	2129920	24576	0	0	
0	2498560	0	0	0	0	0	5934555	5933848	6996990	0	0	2826240	4096	0	0	15728640	0	2498560	0	0	0	0	0	5934555	5933848	6996990	0	0	2826240	4096	0	0	
0	1986560	0	0	0	0	0	5948712	5948288	7013655	0	0	2138112	4096	0	0	15728640	0	1986560	0	0	0	0	0	5948712	5948288	7013655	0	0	2138112	4096	0	0	
0	2678784	0	0	0	0	0	5965377	5964798	7033389	0	0	2879488	4096	0	0	15728640	0	2678784	0	0	0	0	0	5965377	5964798	7033389	0	0	2879488	4096	0	0	
0	1929216	0	0	0	0	0	5978148	5977663	7048338	0	0	2138112	4096	0	0	15728640	0	1929216	0	0	0	0	0	5978148	5977663	7048338	0	0	2138112	4096	0	0	
0	1896448	0	0	0	0	0	5990754	5990330	7063221	0	0	2138112	4096	0	0	15728640	0	1896448	0	0	0	0	0	5990754	5990330	7063221	0	0	2138112	4096	0	0	
0	1814528	0	0	0	0	0	6003921	6003514	7078764	0	0	2134016	4096	0	0	15728640	0	1814528	0	0	0	0	0	6003921	6003514	7078764	0	0	2134016	4096	0	0	
0	2002944	0	0	0	0	0	6016131	6015682	7093119	0	0	2138112	4096	0	0	15728640	0	2002944	0	0	0	0	0	6016131	6015682	7093119	0	0	2138112	4096	0	0	
0	1912832	0	0	0	0	0	6028308	6027867	7107375	0	0	2142208	4096	0	0	15728640	0	1912832	0	0	0	0	0	6028308	6027867	7107375	0	0	2142208	4096	0	0	
0	2056192	0	0	0	0	0	6041508	6041055	7123017	0	0	2117632	4096	0	0	15728640	0	2056192	0	0	0	0	0	6041508	6041055	7123017	0	0	2117632	4096	0	0	
0	2646016	0	0	0	0	0	6055665	6055014	7139649	0	0	2830336	4096	0	0	15728640	0	2646016	0	0	0	0	0	6055665	6055014	7139649	0	0	2830336	4096	0	0	
0	1880064	0	0	0	0	135168	6071406	6070964	7158195	0	0	2134016	4096	0	0	15728640	0	1880064	0	0	0	0	135168	6071406	6070964	7158195	0	0	2134016	4096	0	0	
0	1892352	0	0	0	0	0	6086586	6086164	7176081	0	0	2138112	4096	0	0	15728640	0	1892352	0	0	0	0	0	6086586	6086164	7176081	0	0	2138112	4096	0	0	
0	2514944	0	0	0	0	0	6097212	6096598	7188621	0	0	2871296	4096	0	0	15728640	0	2514944	0	0	0	0	0	6097212	6096598	7188621	0	0	2871296	4096	0	0	
0	2060288	0	0	0	0	0	6109389	6108951	7203009	0	0	2129920	4096	0	0	15728640	0	2060288	0	0	0	0	0	6109389	6108951	7203009	0	0	2129920	4096	0	0	
0	1851392	0	0	0	0	0	6123084	6122662	7219014	0	0	2129920	4096	0	0	15728640	0	1851392	0	0	0	0	0	6123084	6122662	7219014	0	0	2129920	4096	0	0	
0	1986560	0	0	0	0	0	6136317	6135847	7234590	0	0	2138112	4096	0	0	15728640	0	1986560	0	0	0	0	0	6136317	6135847	7234590	0	0	2138112	4096	0	0	
0	1716224	0	0	0	0	0	6148725	6148301	7249308	0	0	2084864	4096	0	0	15728640	0	1716224	0	0	0	0	0	6148725	6148301	7249308	0	0	2084864	4096	0	0	
0	1933312	0	0	0	0	0	6162618	6162207	7265577	0	0	2138112	4096	0	0	15728640	0	1933312	0	0	0	0	0	6162618	6162207	7265577	0	0	2138112	4096	0	0	
0	2097152	0	0	0	0	0	6178326	6177912	7284156	0	0	2138112	4096	0	0	15728640	0	2097152	0	0	0	0	0	6178326	6177912	7284156	0	0	2138112	4096	0	0	
0	1892352	0	0	0	0	0	6192549	6192106	7300821	0	0	2138112	4096	0	0	15728640	0	1892352	0	0	0	0	0	6192549	6192106	7300821	0	0	2138112	4096	0	0	
0	1781760	0	0	0	0	0	6205716	6205289	7316364	0	0	2129920	4096	0	0	15728640	0	1781760	0	0	0	0	0	6205716	6205289	7316364	0	0	2129920	4096	0	0	
0	1884160	0	0	0	0	0	6218421	6217928	7331247	0	0	2134016	4096	0	0	15728640	0	1884160	0	0	0	0	0	6218421	6217928	7331247	0	0	2134016	4096	0	0	
0	1970176	0	0	0	0	0	6231027	6230612	7346196	0	0	2125824	4096	0	0	15728640	0	1970176	0	0	0	0	0	6231027	6230612	7346196	0	0	2125824	4096	0	0	
0	2715648	0	0	0	0	0	6243732	6243125	7361112	0	0	2883584	4096	0	0	15728640	0	2715648	0	0	0	0	0	6243732	6243125	7361112	0	0	2883584	4096	0	0	
0	2076672	0	0	0	0	0	6256899	6256507	7376655	0	0	2134016	4096	0	0	15728640	0	2076672	0	0	0	0	0	6256899	6256507	7376655	0	0	2134016	4096	0	0	
0	765952	0	0	0	0	0	6263532	6263344	7384674	0	0	1015808	24576	0	0	15728640	0	765952	0	0	0	0	0	6263532	6263344	7384674	0	0	1015808	24576	0	0	
0	786432	0	0	0	0	0	6270759	6270577	7393386	0	0	1069056	24576	0	0	15728640	0	786432	0	0	0	0	0	6270759	6270577	7393386	0	0	1069056	24576	0	0	
0	864256	0	0	0	0	0	6271749	6271594	7394640	0	0	1011712	24576	0	0	15728640	0	864256	0	0	0	0	0	6271749	6271594	7394640	0	0	1011712	24576	0	0	
0	1908736	0	0	0	0	0	6283431	6282983	7408665	0	0	2134016	4096	0	0	15728640	0	1908736	0	0	0	0	0	6283431	6282983	7408665	0	0	2134016	4096	0	0	
0	831488	0	0	0	0	0	6295146	6294953	7422558	0	0	1155072	24576	0	0	15728640	0	831488	0	0	0	0	0	6295146	6294953	7422558	0	0	1155072	24576	0	0	
0	1908736	0	0	0	0	0	6307719	6307247	7437309	0	0	2134016	4096	0	0	15728640	0	1908736	0	0	0	0	0	6307719	6307247	7437309	0	0	2134016	4096	0	0	
0	1880064	0	0	0	0	0	6318906	6318410	7450443	0	0	2138112	4096	0	0	15728640	0	1880064	0	0	0	0	0	6318906	6318410	7450443	0	0	2138112	4096	0	0	
0	1998848	0	0	0	0	0	6331017	6330601	7464732	0	0	2134016	4096	0	0	15728640	0	1998848	0	0	0	0	0	6331017	6330601	7464732	0	0	2134016	4096	0	0	
0	1437696	0	0	0	0	0	6345900	6345589	7482354	0	0	1667072	24576	0	0	15728640	0	1437696	0	0	0	0	0	6345900	6345589	7482354	0	0	1667072	24576	0	0	
0	1900544	0	0	0	0	0	6360420	6359935	7499349	0	0	2138112	4096	0	0	15728640	0	1900544	0	0	0	0	0	6360420	6359935	7499349	0	0	2138112	4096	0	0	
0	1949696	0	0	0	0	0	6374082	6373641	7515453	0	0	2142208	4096	0	0	15728640	0	1949696	0	0	0	0	0	6374082	6373641	7515453	0	0	2142208	4096	0	0	
0	1986560	0	0	0	0	0	6386754	6386250	7530435	0	0	2134016	4096	0	0	15728640	0	1986560	0	0	0	0	0	6386754	6386250	7530435	0	0	2134016	4096	0	0	
0	2588672	0	0	0	0	0	6398865	6398217	7544790	0	0	2826240	4096	0	0	15728640	0	2588672	0	0	0	0	0	6398865	6398217	7544790	0	0	2826240	4096	0	0	
0	1908736	0	0	0	0	0	6412560	6412076	7560894	0	0	2129920	4096	0	0	15728640	0	1908736	0	0	0	0	0	6412560	6412076	7560894	0	0	2129920	4096	0	0	
0	1925120	0	0	0	0	0	6425694	6425249	7576404	0	0	2134016	4096	0	0	15728640	0	1925120	0	0	0	0	0	6425694	6425249	7576404	0	0	2134016	4096	0	0	
0	2560000	0	0	0	0	0	6436848	6436193	7589505	0	0	2867200	4096	0	0	15728640	0	2560000	0	0	0	0	0	6436848	6436193	7589505	0	0	2867200	4096	0	0	
0	2748416	0	0	0	0	0	6452523	6451875	7608018	0	0	2826240	4096	0	0	15728640	0	2748416	0	0	0	0	0	6452523	6451875	7608018	0	0	2826240	4096	0	0	
0	1875968	0	0	0	0	0	6467208	6466768	7625376	0	0	2138112	4096	0	0	15728640	0	1875968	0	0	0	0	0	6467208	6466768	7625376	0	0	2138112	4096	0	0	
0	2404352	0	0	0	0	0	6479385	6478718	7639698	0	0	2871296	24576	0	0	15728640	0	2404352	0	0	0	0	0	6479385	6478718	7639698	0	0	2871296	24576	0	0	
0	1859584	0	0	0	0	0	6491496	6491047	7654053	0	0	2138112	4096	0	0	15728640	0	1859584	0	0	0	0	0	6491496	6491047	7654053	0	0	2138112	4096	0	0	
0	1978368	0	0	0	0	0	6504630	6504231	7669563	0	0	2134016	4096	0	0	15728640	0	1978368	0	0	0	0	0	6504630	6504231	7669563	0	0	2134016	4096	0	0	
0	1511424	0	0	0	0	0	6517005	6516634	7684149	0	0	1679360	24576	0	0	15728640	0	1511424	0	0	0	0	0	6517005	6516634	7684149	0	0	1679360	24576	0	0	
0	1892352	0	0	0	0	0	6528423	6527997	7697580	0	0	2129920	4096	0	0	15728640	0	1892352	0	0	0	0	0	6528423	6527997	7697580	0	0	2129920	4096	0	0	
0	1708032	0	0	0	0	0	6541095	6540654	7712529	0	0	2129920	4096	0	0	15728640	0	1708032	0	0	0	0	0	6541095	6540654	7712529	0	0	2129920	4096	0	0	
0	2084864	0	0	0	0	0	6554229	6553824	7728072	0	0	2129920	4096	0	0	15728640	0	2084864	0	0	0	0	0	6554229	6553824	7728072	0	0	2129920	4096	0	0	
0	1921024	0	0	0	0	0	6568881	6568500	7745364	0	0	2138112	4096	0	0	15728640	0	1921024	0	0	0	0	0	6568881	6568500	7745364	0	0	2138112	4096	0	0	
0	1941504	0	0	0	0	0	6581058	6580632	7759686	0	0	2138112	4096	0	0	15728640	0	1941504	0	0	0	0	0	6581058	6580632	7759686	0	0	2138112	4096	0	0	
0	1953792	0	0	0	0	0	6593730	6593310	7774602	0	0	2138112	4096	0	0	15728640	0	1953792	0	0	0	0	0	6593730	6593310	7774602	0	0	2138112	4096	0	0	
0	1933312	0	0	0	0	0	6605412	6604933	7788264	0	0	2142208	24576	0	0	15728640	0	1933312	0	0	0	0	0	6605412	6604933	7788264	0	0	2142208	24576	0	0	
0	2056192	0	0	0	0	0	6618051	6617577	7803213	0	0	2129920	4096	0	0	15728640	0	2056192	0	0	0	0	0	6618051	6617577	7803213	0	0	2129920	4096	0	0	
0	1986560	0	0	0	0	0	6630657	6630238	7818129	0	0	2142208	4096	0	0	15728640	0	1986560	0	0	0	0	0	6630657	6630238	7818129	0	0	2142208	4096	0	0	
0	2646016	0	0	0	0	0	6643329	6642718	7833078	0	0	2867200	4096	0	0	15728640	0	2646016	0	0	0	0	0	6643329	6642718	7833078	0	0	2867200	4096	0	0	
0	659456	0	0	0	0	0	6658641	6658370	7851096	0	0	1069056	24576	0	0	15728640	0	659456	0	0	0	0	0	6658641	6658370	7851096	0	0	1069056	24576	0	0	
0	2019328	0	0	0	0	0	6673755	6673304	7868916	0	0	2134016	4096	0	0	15728640	0	2019328	0	0	0	0	0	6673755	6673304	7868916	0	0	2134016	4096	0	0	
0	1970176	0	0	0	0	0	6685338	6684909	7882611	0	0	2129920	4096	0	0	15728640	0	1970176	0	0	0	0	0	6685338	6684909	7882611	0	0	2129920	4096	0	0	
0	847872	0	0	0	0	0	6698109	6697893	7897659	0	0	1069056	24576	0	0	15728640	0	847872	0	0	0	0	0	6698109	6697893	7897659	0	0	1069056	24576	0	0	
0	1961984	0	0	0	0	0	6710154	6709742	7911882	0	0	2134016	4096	0	0	15728640	0	1961984	0	0	0	0	0	6710154	6709742	7911882	0	0	2134016	4096	0	0	
102400	2572288	0	0	0	0	0	6722298	6721684	7926237	0	0	2822144	4096	0	0	15728640	102400	2572288	0	0	0	0	0	6722298	6721684	7926237	0	0	2822144	4096	0	0	
102400	1867776	0	0	0	0	0	6734013	6733495	7939932	0	0	2142208	24576	0	0	15728640	102400	1867776	0	0	0	0	0	6734013	6733495	7939932	0	0	2142208	24576	0	0	
102400	1953792	0	0	0	0	0	6747642	6747201	7956003	0	0	2134016	4096	0	0	15728640	102400	1953792	0	0	0	0	0	6747642	6747201	7956003	0	0	2134016	4096	0	0	
102400	1986560	0	0	0	0	0	6763812	6763405	7975143	0	0	2129920	4096	0	0	15728640	102400	1986560	0	0	0	0	0	6763812	6763405	7975143	0	0	2129920	4096	0	0	
102400	1806336	0	0	0	0	0	6778530	6778060	7992468	0	0	2138112	24576	0	0	15728640	102400	1806336	0	0	0	0	0	6778530	6778060	7992468	0	0	2138112	24576	0	0	
102400	2514944	0	0	0	0	0	6790113	6789492	8006163	0	0	2867200	4096	0	0	15728640	102400	2514944	0	0	0	0	0	6790113	6789492	8006163	0	0	2867200	4096	0	0	
102400	1994752	0	0	0	0	0	6802257	6801825	8020551	0	0	2134016	4096	0	0	15728640	102400	1994752	0	0	0	0	0	6802257	6801825	8020551	0	0	2134016	4096	0	0	
102400	2592768	0	0	0	0	0	6815391	6814812	8035995	0	0	2867200	24576	0	0	15728640	102400	2592768	0	0	0	0	0	6815391	6814812	8035995	0	0	2867200	24576	0	0	
102400	2703360	0	0	0	0	0	6828096	6827484	8050911	0	0	2871296	4096	0	0	15728640	102400	2703360	0	0	0	0	0	6828096	6827484	8050911	0	0	2871296	4096	0	0	
102400	1847296	0	0	0	0	0	6838722	6838290	8063418	0	0	2138112	4096	0	0	15728640	102400	1847296	0	0	0	0	0	6838722	6838290	8063418	0	0	2138112	4096	0	0	
102400	1953792	0	0	0	0	0	6851856	6851454	8078961	0	0	2134016	4096	0	0	15728640	102400	1953792	0	0	0	0	0	6851856	6851454	8078961	0	0	2134016	4096	0	0	
102400	1953792	0	0	0	0	0	6868587	6868156	8098728	0	0	2129920	4096	0	0	15728640	102400	1953792	0	0	0	0	0	6868587	6868156	8098728	0	0	2129920	4096	0	0	
0	2490368	0	0	0	0	0	6882216	6881600	8114799	0	0	2822144	4096	0	0	15728640	0	2490368	0	0	0	0	0	6882216	6881600	8114799	0	0	2822144	4096	0	0	
0	1945600	0	0	0	0	0	6895416	6894976	8130309	0	0	2138112	4096	0	0	15728640	0	1945600	0	0	0	0	0	6895416	6894976	8130309	0	0	2138112	4096	0	0	
0	1937408	0	0	0	0	135168	6908583	6908135	8145786	0	0	2138112	24576	0	0	15728640	0	1937408	0	0	0	0	135168	6908583	6908135	8145786	0	0	2138112	24576	0	0	
0	1830912	0	0	0	0	0	6920232	6919781	8159547	0	0	2138112	4096	0	0	15728640	0	1830912	0	0	0	0	0	6920232	6919781	8159547	0	0	2138112	4096	0	0	
0	1945600	0	0	0	0	0	6933366	6932934	8175057	0	0	2138112	4096	0	0	15728640	0	1945600	0	0	0	0	0	6933366	6932934	8175057	0	0	2138112	4096	0	0	
0	1900544	0	0	0	0	0	6946005	6945585	8189940	0	0	2138112	4096	0	0	15728640	0	1900544	0	0	0	0	0	6946005	6945585	8189940	0	0	2138112	4096	0	0	
0	1986560	0	0	0	0	0	6958644	6958192	8204922	0	0	2142208	4096	0	0	15728640	0	1986560	0	0	0	0	0	6958644	6958192	8204922	0	0	2142208	4096	0	0	
0	2588672	0	0	0	0	0	6973857	6973216	8222841	0	0	2826240	4096	0	0	15728640	0	2588672	0	0	0	0	0	6973857	6973216	8222841	0	0	2826240	4096	0	0	
0	2015232	0	0	0	0	0	6988542	6988087	8240133	0	0	2138112	4096	0	0	15728640	0	2015232	0	0	0	0	0	6988542	6988087	8240133	0	0	2138112	4096	0	0	
0	2514944	0	0	0	0	0	7000653	7000033	8254488	0	0	2838528	4096	0	0	15728640	0	2514944	0	0	0	0	0	7000653	7000033	8254488	0	0	2838528	4096	0	0	
0	901120	0	0	0	0	0	7011873	7011634	8267754	0	0	1097728	24576	0	0	15728640	0	901120	0	0	0	0	0	7011873	7011634	8267754	0	0	1097728	24576	0	0	
0	2023424	0	0	0	0	0	7024941	7024541	8283132	0	0	2142208	4096	0	0	15728640	0	2023424	0	0	0	0	0	7024941	7024541	8283132	0	0	2142208	4096	0	0	
0	782336	0	0	0	0	0	7037217	7036953	8297487	0	0	1064960	24576	0	0	15728640	0	782336	0	0	0	0	0	7037217	7036953	8297487	0	0	1064960	24576	0	0	
0	1888256	0	0	0	0	0	7049724	7049288	8312370	0	0	2138112	24576	0	0	15728640	0	1888256	0	0	0	0	0	7049724	7049288	8312370	0	0	2138112	24576	0	0	
0	1892352	0	0	0	0	0	7063419	7062979	8328474	0	0	2138112	4096	0	0	15728640	0	1892352	0	0	0	0	0	7063419	7062979	8328474	0	0	2138112	4096	0	0	
0	2043904	0	0	0	0	0	7077609	7077133	8345172	0	0	2134016	4096	0	0	15728640	0	2043904	0	0	0	0	0	7077609	7077133	8345172	0	0	2134016	4096	0	0	
0	1933312	0	0	0	0	0	7092591	7092143	8362860	0	0	2117632	4096	0	0	15728640	0	1933312	0	0	0	0	0	7092591	7092143	8362860	0	0	2117632	4096	0	0	
0	1998848	0	0	0	0	0	7104900	7104447	8377380	0	0	2084864	4096	0	0	15728640	0	1998848	0	0	0	0	0	7104900	7104447	8377380	0	0	2084864	4096	0	0	
0	1884160	0	0	0	0	0	7117605	7117135	8392329	0	0	2134016	4096	0	0	15728640	0	1884160	0	0	0	0	0	7117605	7117135	8392329	0	0	2134016	4096	0	0	
0	1945600	0	0	0	0	0	7128726	7128264	8405430	0	0	2138112	4096	0	0	15728640	0	1945600	0	0	0	0	0	7128726	7128264	8405430	0	0	2138112	4096	0	0	
0	2621440	0	0	0	0	135168	7141332	7140678	8420379	0	0	2830336	4096	0	0	15728640	0	2621440	0	0	0	0	135168	7141332	7140678	8420379	0	0	2830336	4096	0	0	
0	1888256	0	0	0	0	135168	7153509	7153065	8434701	0	0	2138112	4096	0	0	15728640	0	1888256	0	0	0	0	135168	7153509	7153065	8434701	0	0	2138112	4096	0	0	
0	1970176	0	0	0	0	0	7167171	7166752	8450838	0	0	2138112	4096	0	0	15728640	0	1970176	0	0	0	0	0	7167171	7166752	8450838	0	0	2138112	4096	0	0	
0	2523136	0	0	0	0	0	7183836	7183212	8470539	0	0	2871296	4096	0	0	15728640	0	2523136	0	0	0	0	0	7183836	7183212	8470539	0	0	2871296	4096	0	0	
0	1949696	0	0	0	0	0	7197069	7196625	8486082	0	0	2138112	4096	0	0	15728640	0	1949696	0	0	0	0	0	7197069	7196625	8486082	0	0	2138112	4096	0	0	
0	2011136	0	0	0	0	0	7208157	7207703	8499216	0	0	2134016	4096	0	0	15728640	0	2011136	0	0	0	0	0	7208157	7207703	8499216	0	0	2134016	4096	0	0	
0	1949696	0	0	0	0	0	7221291	7220842	8514726	0	0	2146304	24576	0	0	15728640	0	1949696	0	0	0	0	0	7221291	7220842	8514726	0	0	2146304	24576	0	0	
0	1953792	0	0	0	0	0	7233501	7233073	8529081	0	0	2138112	4096	0	0	15728640	0	1953792	0	0	0	0	0	7233501	7233073	8529081	0	0	2138112	4096	0	0	
0	1986560	0	0	0	0	0	7244655	7244193	8542215	0	0	2138112	4096	0	0	15728640	0	1986560	0	0	0	0	0	7244655	7244193	8542215	0	0	2138112	4096	0	0	
0	1937408	0	0	0	0	0	7256799	7256320	8556504	0	0	2134016	24576	0	0	15728640	0	1937408	0	0	0	0	0	7256799	7256320	8556504	0	0	2134016	24576	0	0	
0	1941504	0	0	0	0	0	7271946	7271543	8574390	0	0	2121728	4096	0	0	15728640	0	1941504	0	0	0	0	0	7271946	7271543	8574390	0	0	2121728	4096	0	0	
0	2002944	0	0	0	0	0	7288149	7287708	8593563	0	0	2138112	4096	0	0	15728640	0	2002944	0	0	0	0	0	7288149	7287708	8593563	0	0	2138112	4096	0	0	
0	2678784	0	0	0	0	0	7301283	7300635	8609106	0	0	2813952	4096	0	0	15728640	0	2678784	0	0	0	0	0	7301283	7300635	8609106	0	0	2813952	4096	0	0	
0	2555904	0	0	0	0	0	7314450	7313832	8624583	0	0	2822144	24576	0	0	15728640	0	2555904	0	0	0	0	0	7314450	7313832	8624583	0	0	2822144	24576	0	0	
0	1835008	0	0	0	0	0	7325604	7325119	8637750	0	0	2142208	4096	0	0	15728640	0	1835008	0	0	0	0	0	7325604	7325119	8637750	0	0	2142208	4096	0	0	
0	798720	0	0	0	0	0	7337286	7337080	8651610	0	0	1064960	24576	0	0	15728640	0	798720	0	0	0	0	0	7337286	7337080	8651610	0	0	1064960	24576	0	0	
0	2654208	0	0	0	0	0	7350915	7350240	8667582	0	0	2830336	4096	0	0	15728640	0	2654208	0	0	0	0	0	7350915	7350240	8667582	0	0	2830336	4096	0	0	
0	1925120	0	0	0	0	0	7364544	7364106	8683686	0	0	2138112	4096	0	0	15728640	0	1925120	0	0	0	0	0	7364544	7364106	8683686	0	0	2138112	4096	0	0	
0	1945600	0	0	0	0	0	7380747	7380326	8702793	0	0	2138112	4096	0	0	15728640	0	1945600	0	0	0	0	0	7380747	7380326	8702793	0	0	2138112	4096	0	0	
0	2400256	0	0	0	0	0	7395894	7395306	8720646	0	0	2523136	24576	0	0	15728640	0	2400256	0	0	0	0	0	7395894	7395306	8720646	0	0	2523136	24576	0	0	
0	2007040	0	0	0	0	0	7407576	7407100	8734440	0	0	2134016	4096	0	0	15728640	0	2007040	0	0	0	0	0	7407576	7407100	8734440	0	0	2134016	4096	0	0	
0	2740224	0	0	0	0	0	7419225	7418563	8748135	0	0	2887680	4096	0	0	15728640	0	2740224	0	0	0	0	0	7419225	7418563	8748135	0	0	2887680	4096	0	0	
0	2740224	0	0	0	0	0	7429851	7429195	8760675	0	0	2887680	4096	0	0	15728640	0	2740224	0	0	0	0	0	7429851	7429195	8760675	0	0	2887680	4096	0	0	
0	1835008	0	0	0	0	0	7443282	7442864	8776680	0	0	2080768	4096	0	0	15728640	0	1835008	0	0	0	0	0	7443282	7442864	8776680	0	0	2080768	4096	0	0	
0	1957888	0	0	0	0	0	7454700	7454241	8789979	0	0	2134016	4096	0	0	15728640	0	1957888	0	0	0	0	0	7454700	7454241	8789979	0	0	2134016	4096	0	0	
0	1888256	0	0	0	0	0	7467768	7467369	8805489	0	0	2138112	4096	0	0	15728640	0	1888256	0	0	0	0	0	7467768	7467369	8805489	0	0	2138112	4096	0	0	
0	2433024	0	0	0	0	0	7482915	7482321	8823276	0	0	2555904	4096	0	0	15728640	0	2433024	0	0	0	0	0	7482915	7482321	8823276	0	0	2555904	4096	0	0	
0	1925120	0	0	0	0	0	7499184	7498740	8842482	0	0	2138112	4096	0	0	15728640	0	1925120	0	0	0	0	0	7499184	7498740	8842482	0	0	2138112	4096	0	0	
0	1568768	0	0	0	0	0	7512582	7512231	8858355	0	0	1810432	24576	0	0	15728640	0	1568768	0	0	0	0	0	7512582	7512231	8858355	0	0	1810432	24576	0	0	
0	2007040	0	0	0	0	0	7525023	7524565	8872941	0	0	2142208	24576	0	0	15728640	0	2007040	0	0	0	0	0	7525023	7524565	8872941	0	0	2142208	24576	0	0	
0	1953792	0	0	0	0	0	7537134	7536730	8887263	0	0	2134016	4096	0	0	15728640	0	1953792	0	0	0	0	0	7537134	7536730	8887263	0	0	2134016	4096	0	0	
0	2699264	0	0	0	0	0	7550301	7549665	8902806	0	0	2867200	4096	0	0	15728640	0	2699264	0	0	0	0	0	7550301	7549665	8902806	0	0	2867200	4096	0	0	
0	2564096	0	0	0	0	0	7560927	7560273	8915313	0	0	2871296	4096	0	0	15728640	0	2564096	0	0	0	0	0	7560927	7560273	8915313	0	0	2871296	4096	0	0	
0	1937408	0	0	0	0	0	7575579	7575170	8932671	0	0	2138112	4096	0	0	15728640	0	1937408	0	0	0	0	0	7575579	7575170	8932671	0	0	2138112	4096	0	0	
0	1949696	0	0	0	0	0	7591287	7590845	8951184	0	0	2138112	4096	0	0	15728640	0	1949696	0	0	0	0	0	7591287	7590845	8951184	0	0	2138112	4096	0	0	
0	1949696	0	0	0	0	0	7606467	7606019	8969004	0	0	2134016	4096	0	0	15728640	0	1949696	0	0	0	0	0	7606467	7606019	8969004	0	0	2134016	4096	0	0	
0	2002944	0	0	0	0	0	7618611	7618173	8983392	0	0	2134016	4096	0	0	15728640	0	2002944	0	0	0	0	0	7618611	7618173	8983392	0	0	2134016	4096	0	0	
0	2027520	0	0	0	0	0	7632273	7631871	8999463	0	0	2142208	4096	0	0	15728640	0	2027520	0	0	0	0	0	7632273	7631871	8999463	0	0	2142208	4096	0	0	
0	2621440	0	0	0	0	0	7644417	7643795	9013851	0	0	2822144	4096	0	0	15728640	0	2621440	0	0	0	0	0	7644417	7643795	9013851	0	0	2822144	4096	0	0	
0	1974272	0	0	0	0	0	7654548	7654107	9025797	0	0	2142208	24576	0	0	15728640	0	1974272	0	0	0	0	0	7654548	7654107	9025797	0	0	2142208	24576	0	0	
0	1781760	0	0	0	0	0	7668144	7667805	9041868	0	0	2134016	4096	0	0	15728640	0	1781760	0	0	0	0	0	7668144	7667805	9041868	0	0	2134016	4096	0	0	
0	827392	0	0	0	0	0	7672830	7672610	9047445	0	0	1003520	24576	0	0	15728640	0	827392	0	0	0	0	0	7672830	7672610	9047445	0	0	1003520	24576	0	0	
