1081344 5577 5369 7557 0 0 1220608
1163264 62238 62043 81246 0 0 1224704
1052672 116127 115905 151404 0 0 1175552
1261568 170346 170097 221892 0 0 1220608
1064960 224829 224622 292776 0 0 1220608
1155072 278454 278202 362538 0 0 1212416
1105920 332343 332108 432663 0 0 1175552
1122304 385902 385749 502326 0 0 1220608
1179648 439857 439631 572517 0 0 1220608
1142784 494010 493785 643005 0 0 1216512
1146880 548196 548020 713493 0 0 1175552
1806336 602085 601696 783684 0 0 1908736
1134592 655677 655448 853380 0 0 1216512
1253376 709566 709324 923505 0 0 1216512
1150976 763191 762937 993168 0 0 1220608
1228800 816717 816532 1062930 0 0 1220608
1134592 870672 870419 1133055 0 0 1171456
1138688 924297 924057 1202751 0 0 1163264
1118208 977889 977657 1272480 0 0 1220608
1863680 1031712 1031350 1342605 0 0 1859584
1200128 1085700 1085460 1412730 0 0 1220608
1159168 1139853 1139686 1483218 0 0 1220608
1142784 1193478 1193256 1552947 0 0 1171456
1191936 1247433 1247082 1623072 0 0 1224704
1175552 1301322 1301043 1693197 0 0 1220608
1056768 1355178 1354949 1763388 0 0 1171456
1146880 1409067 1408860 1833414 0 0 1224704
1310720 1463022 1462769 1903605 0 0 1216512
872448 1514799 1514609 1971156 0 0 925696
1073152 1560273 1560063 2030325 0 0 1306624
1064960 1614261 1613922 2100219 0 0 1306624
1179648 1668678 1668483 2170872 0 0 1306624
1298432 1722963 1722709 2241228 0 0 1306624
1220608 1777149 1776955 2311518 0 0 1261568
1798144 1831401 1830943 2381742 0 0 1998848
1200128 1885356 1885087 2451405 0 0 1306624
1167360 1939608 1939370 2521563 0 0 1302528
1126400 1994157 1993927 2592051 0 0 1257472
1171456 2048376 2048128 2662176 0 0 1261568
1175552 2102364 2102116 2731938 0 0 1310720
1138688 2156649 2156357 2802030 0 0 1302528
1249280 2210901 2210637 2872155 0 0 1298432
1118208 2265186 2264938 2942544 0 0 1208320
1253376 2320230 2319999 3013626 0 0 1310720
1323008 2374515 2374234 3083718 0 0 1298432
1896448 2428767 2428356 3153810 0 0 1994752
1179648 2482689 2482451 3223539 0 0 1302528
1183744 2537007 2536739 3293697 0 0 1302528
1286144 2591226 2590902 3363789 0 0 1302528
1277952 2645478 2645176 3433914 0 0 1306624
954368 2699697 2699536 3504072 0 0 925696
1200128 2753949 2753671 3574197 0 0 1302528
1359872 2808234 2807898 3644223 0 0 1306624
1101824 2862486 2862223 3714414 0 0 1298432
1126400 2916705 2916504 3784539 0 0 1306624
1261568 2970990 2970708 3854664 0 0 1261568
1134592 3025209 3024979 3924657 0 0 1261568
970752 3068571 3068294 3981252 0 0 1302528
1044480 3122856 3122657 4051608 0 0 1306624
1114112 3176844 3176611 4121436 0 0 1302528
1228800 3231162 3230898 4191792 0 0 1306624
983040 3285678 3285461 4262478 0 0 1257472
1052672 3340029 3339723 4332801 0 0 1310720
1294336 3394248 3393994 4402893 0 0 1310720
1187840 3448467 3448229 4473084 0 0 1261568
1134592 3504171 3503889 4545057 0 0 1306624
1097728 3558423 3558204 4615248 0 0 1302528
1232896 3612675 3612343 4685307 0 0 1306624
1253376 3666828 3666654 4755465 0 0 1298432
1191936 3721146 3720821 4825590 0 0 1310720
1310720 3775299 3775045 4895781 0 0 1261568
1331200 3829254 3828959 4965477 0 0 1261568
1159168 3883176 3882885 5035173 0 0 1257472
1155072 3937098 3936827 5104968 0 0 1302528
1179648 3991581 3991370 5175390 0 0 1302528
1044480 4045569 4045278 5245152 0 0 1261568
1339392 4099425 4099197 5314881 0 0 1306624
1241088 4153644 4153395 5385006 0 0 1257472
876544 4207632 4207467 5454801 0 0 987136
1064960 4261818 4261581 5524860 0 0 1306624
1277952 4316334 4316089 5595381 0 0 1306624
1183744 4370553 4370332 5665506 0 0 1302528
1093632 4424772 4424538 5735631 0 0 1306624
856064 4478760 4478556 5805459 0 0 929792
999424 4532946 4532611 5875452 0 0 1249280
1167360 4575945 4575686 5931486 0 0 1302528
1343488 4630230 4629943 6001743 0 0 1310720
1105920 4684449 4684187 6072099 0 0 1302528
1060864 4738668 4738408 6142323 0 0 1306624
1331200 4792623 4792296 6212217 0 0 1306624
1163264 4847106 4846840 6282870 0 0 1261568
1171456 4901622 4901389 6353556 0 0 1302528
1007616 4955841 4955585 6423846 0 0 1257472
1167360 5010093 5009790 6494202 0 0 1306624
1798144 5065434 5064997 6566043 0 0 1896448
1126400 5119290 5119036 6635904 0 0 1310720
1196032 5173212 5172930 6705864 0 0 1253376
1241088 5226771 5226561 6775329 0 0 1310720
1093632 5280990 5280726 6845586 0 0 1249280
1105920 5335209 5334915 6915975 0 0 1232896
1220608 5389065 5388809 6985836 0 0 1302528
1097728 5443284 5443039 7056159 0 0 1257472
1130496 5497470 5497260 7126383 0 0 1269760
1036288 5551359 5551124 7196376 0 0 1257472
1249280 5605545 5605290 7266600 0 0 1257472
1081344 5659764 5659502 7336923 0 0 1302528
1179648 5713917 5713727 7407180 0 0 1306624
1052672 5768136 5767877 7477536 0 0 1290240
1085440 5822322 5822113 7547760 0 0 1298432
1232896 5876541 5876270 7618149 0 0 1261568
999424 5930694 5930392 7688373 0 0 1306624
1208320 5984814 5984616 7758663 0 0 1261568
1216512 6039000 6038833 7828953 0 0 1257472
954368 6084771 6084545 7888419 0 0 991232
1208320 6136251 6136004 7955376 0 0 1306624
1744896 6190701 6190300 8026062 0 0 1949696
946176 6244953 6244740 8096385 0 0 1257472
1044480 6299733 6299531 8167467 0 0 1306624
1363968 6353655 6353412 8237361 0 0 1261568
1224704 6407841 6407569 8307618 0 0 1302528
1216512 6461334 6461111 8377182 0 0 1302528
1200128 6515421 6515176 8447505 0 0 1302528
1146880 6569244 6569018 8517366 0 0 1302528
1318912 6623331 6623052 8587689 0 0 1310720
1142784 6677418 6677175 8657979 0 0 1257472
1155072 6731142 6730916 8727906 0 0 1302528
1011712 6784965 6784743 8797800 0 0 1302528
1138688 6839019 6838827 8868123 0 0 1261568
1179648 6893106 6892902 8938347 0 0 1306624
1236992 6946929 6946696 9008274 0 0 1302528
1261568 7001280 7001056 9078960 0 0 1306624
1187840 7055664 7055462 9149646 0 0 1261568
1089536 7109784 7109539 9219804 0 0 1298432
1216512 7163904 7163592 9290127 0 0 1298432
1277952 7217925 7217651 9360483 0 0 1302528
1220608 7272012 7271726 9430740 0 0 1306624
1105920 7326033 7325894 9500997 0 0 1220608
1187840 7380186 7379929 9571287 0 0 1306624
1028096 7434273 7434003 9641577 0 0 1257472
1171456 7488063 7487858 9711471 0 0 1302528
1228800 7542117 7541891 9781794 0 0 1306624
1101824 7596237 7595972 9852084 0 0 1257472
1327104 7639698 7639420 9908580 0 0 1302528
958464 7694049 7693809 9978639 0 0 1310720
1134592 7748499 7748232 10048731 0 0 1261568
974848 7802850 7802609 10118889 0 0 1310720
933888 7857300 7857086 10189014 0 0 1257472
958464 7911387 7911154 10258710 0 0 1302528
905216 7965837 7965504 10328802 0 0 1306624
995328 8020518 8020248 10399257 0 0 1302528
1064960 8074572 8074384 10469019 0 0 1310720
1146880 8129286 8129029 10539474 0 0 1257472
1077248 8183340 8183151 10609236 0 0 1306624
1167360 8237724 8237518 10679361 0 0 1306624
1118208 8292438 8292175 10749849 0 0 1306624
1028096 8346888 8346597 10820007 0 0 1306624
1232896 8400975 8400709 10889703 0 0 1261568
1032192 8455326 8455074 10959894 0 0 1306624
1048576 8509710 8509506 11029953 0 0 1302528
1093632 8563830 8563587 11099682 0 0 1310720
1155072 8618511 8618278 11170269 0 0 1302528
1150976 8672598 8672346 11239965 0 0 1310720
1130496 8727015 8726736 11310057 0 0 1261568
958464 8781069 8780843 11379819 0 0 1306624
1155072 8835486 8835279 11449911 0 0 1257472
901120 8889870 8889651 11520003 0 0 1306624
1114112 8944320 8944037 11590095 0 0 1302528
1314816 8998044 8997789 11659494 0 0 1306624
1847296 9052395 9051977 11729553 0 0 1998848
1073152 9106515 9106294 11799282 0 0 1306624
1073152 9150009 9149811 11855811 0 0 1302528
1339392 9204393 9204149 11926068 0 0 1261568
1200128 9258711 9258464 11996424 0 0 1302528
1712128 9313425 9312933 12067077 0 0 1892352
1335296 9367809 9367563 12137334 0 0 1298432
1159168 9422193 9421923 12207690 0 0 1306624
1114112 9476544 9476297 12278013 0 0 1306624
1163264 9530961 9530712 12348336 0 0 1261568
1232896 9585279 9585113 12418626 0 0 1257472
1064960 9639399 9639123 12488586 0 0 1306624
1134592 9693717 9693440 12558909 0 0 1257472
1011712 9747804 9747601 12628869 0 0 1310720
1355776 9801924 9801640 12698763 0 0 1261568
1130496 9856308 9856008 12769053 0 0 1261568
1196032 9910296 9910023 12838947 0 0 1298432
1069056 9964713 9964476 12909237 0 0 1306624
1138688 10019394 10019149 12979923 0 0 1257472
1212416 10073745 10073476 13050213 0 0 1306624
1126400 10127799 10127550 13120107 0 0 1261568
1003520 10182183 10181956 13190397 0 0 1302528
978944 10237128 10236908 13261446 0 0 1261568
974848 10291545 10291248 13331736 0 0 1298432
1155072 10345599 10345319 13401696 0 0 1306624
1101824 10400280 10400027 13472382 0 0 1257472
1171456 10454928 10454695 13543068 0 0 1306624
1159168 10509015 10508780 13612962 0 0 1306624
1167360 10563366 10563147 13683219 0 0 1306624
1220608 10617816 10617540 13753542 0 0 1302528
1081344 10660914 10660680 13809675 0 0 1306624
1191936 10715595 10715349 13880163 0 0 1306624
1146880 10769913 10769678 13950354 0 0 1261568
1110016 10823967 10823647 14020050 0 0 1298432
1839104 10878219 10877884 14090142 0 0 1978368
1269760 10932372 10932088 14159970 0 0 1261568
1216512 10986657 10986455 14230095 0 0 1302528
1236992 11041041 11040771 14300253 0 0 1261568
1122304 11095095 11094810 14369916 0 0 1302528
1175552 11149479 11149202 14440041 0 0 1261568
929792 11203764 11203527 14510199 0 0 1257472
1159168 11258181 11257925 14580324 0 0 1261568
1015808 11312565 11312299 14650416 0 0 1302528
1323008 11367180 11366943 14720904 0 0 1302528
1200128 11421564 11421291 14791062 0 0 1302528
1073152 11475651 11475385 14860791 0 0 1306624
1245184 11529969 11529708 14930883 0 0 1257472
983040 11584056 11583806 15000645 0 0 1302528
1835008 11638440 11638000 15070737 0 0 1945600
1667072 11692758 11692338 15140895 0 0 1961984
1269760 11746845 11746575 15210690 0 0 1302528
1081344 11800866 11800677 15280452 0 0 1306624
1036288 11855283 11855020 15350511 0 0 1302528
1011712 11909601 11909361 15420570 0 0 1302528
1175552 11963622 11963411 15490332 0 0 1306624
1228800 12018039 12017766 15560424 0 0 1306624
1208320 12072390 12072175 15630483 0 0 1298432
892928 12126477 12126244 15700311 0 0 1294336
1257472 12180828 12180617 15770436 0 0 1261568
1159168 12224421 12224179 15827295 0 0 1257472
1282048 12278310 12278071 15897024 0 0 1306624
1224704 12332694 12332515 15967479 0 0 1306624
1273856 12386880 12386660 16037571 0 0 1257472
1216512 12441066 12440822 16107663 0 0 1257472
1183744 12495516 12495344 16178250 0 0 1306624
1245184 12550032 12549830 16248771 0 0 1310720
1085440 12604548 12604353 16319193 0 0 1298432
1114112 12658767 12658546 16389351 0 0 1261568
1265664 12712986 12712753 16459410 0 0 1306624
1126400 12767535 12767317 16529931 0 0 1306624
1204224 12821721 12821507 16600056 0 0 1306624
1101824 12875610 12875427 16669752 0 0 1302528
1146880 12929598 12929266 16739514 0 0 1310720
1118208 12983751 12983472 16809639 0 0 1306624
1273856 13037640 13037409 16879302 0 0 1302528
1204224 13091892 13091601 16949427 0 0 1257472
1146880 13145781 13145542 17019189 0 0 1306624
1183744 13199967 13199727 17089281 0 0 1306624
921600 13254186 13253909 17159406 0 0 1298432
1196032 13308702 13308430 17229894 0 0 1257472
1138688 13362855 13362649 17299986 0 0 1310720
1163264 13417404 13417127 17370573 0 0 1306624
1200128 13471953 13471638 17441061 0 0 1261568
1253376 13525776 13525599 17510757 0 0 1261568
1241088 13580325 13580114 17581311 0 0 1261568
1081344 13634247 13634002 17651007 0 0 1302528
1122304 13688763 13688529 17721561 0 0 1306624
1159168 13732158 13731868 17778090 0 0 1306624
1146880 13786476 13786209 17848413 0 0 1302528
1232896 13840695 13840510 17918637 0 0 1302528
1126400 13895013 13894763 17988993 0 0 1306624
1363968 13949331 13949074 18059250 0 0 1310720
1048576 14003616 14003370 18129507 0 0 1306624
1282048 14057835 14057630 18199698 0 0 1261568
1003520 14112153 14111844 18269889 0 0 1298432
1822720 14166372 14165938 18339948 0 0 2002944
1372160 14220327 14220054 18409677 0 0 1306624
1228800 14274876 14274611 18480231 0 0 1306624
1286144 14329095 14328895 18550323 0 0 1306624
958464 14383314 14383058 18620448 0 0 1257472
1060864 14437599 14437350 18690540 0 0 1257472
991232 14491653 14491407 18760500 0 0 1163264
1900544 14546070 14545649 18830790 0 0 1945600
1044480 14601840 14601620 18902895 0 0 1306624
1368064 14655795 14655544 18972591 0 0 1310720
1220608 14710014 14709764 19042716 0 0 1261568
1269760 14763903 14763727 19112412 0 0 1310720
1224704 14818518 14818256 19182966 0 0 1302528
1093632 14872407 14872160 19252662 0 0 1306624
1253376 14927022 14926706 19323216 0 0 1306624
1875968 14981208 14980746 19393308 0 0 2052096
1097728 15035460 15035226 19463367 0 0 1241088
1175552 15089382 15089146 19533162 0 0 1306624
1228800 15143634 15143408 19603221 0 0 1310720
1052672 15197556 15197309 19672983 0 0 1302528
1032192 15240951 15240699 19729380 0 0 1261568
1220608 15295566 15295383 19800033 0 0 1302528
1101824 15350214 15350046 19870752 0 0 1261568
999424 15404631 15404356 19941042 0 0 1306624
1114112 15458982 15458690 20011332 0 0 1257472
1044480 15513597 15513386 20082018 0 0 1302528
1044480 15567684 15567373 20151813 0 0 1257472
1175552 15621606 15621342 20221542 0 0 1302528
1163264 15675957 15675726 20291700 0 0 1261568
1089536 15730209 15729932 20361759 0 0 1298432
1892352 15784164 15783776 20431455 0 0 1990656
1257472 15838218 15837994 20501184 0 0 1302528
1126400 15892503 15892269 20571342 0 0 1306624
1064960 15946854 15946568 20641401 0 0 1261568
999424 16001139 16000840 20711526 0 0 1257472
1069056 16055061 16054782 20781222 0 0 1306624
987136 16109445 16109187 20851347 0 0 1257472
1216512 16163400 16163114 20921076 0 0 1261568
1110016 16217718 16217450 20991234 0 0 1257472
1183744 16271640 16271459 21060996 0 0 1253376
1126400 16325958 16325719 21131055 0 0 1306624
1159168 16379913 16379670 21200784 0 0 1302528
1269760 16434099 16433808 21270810 0 0 1658880
1175552 16488219 16487991 21340605 0 0 1294336
1130496 16542273 16541991 21410334 0 0 1302528
1101824 16596492 16596276 21480459 0 0 1306624
999424 16651470 16651206 21551376 0 0 1261568
1273856 16705755 16705455 21621501 0 0 1298432
1118208 16759446 16759159 21690801 0 0 1253376
1011712 16803039 16802825 21747330 0 0 1257472
1024000 16857588 16857375 21817620 0 0 1306624
1859584 16912500 16912040 21888372 0 0 1945600
978944 16966785 16966557 21958233 0 0 1302528
974848 17022588 17022370 22030107 0 0 1261568
1110016 17077797 17077519 22101189 0 0 1261568
1216512 17132247 17132076 22171479 0 0 1310720
1032192 17187126 17186909 22242198 0 0 1306624
1032192 17241708 17241491 22312521 0 0 1269760
1269760 17295993 17295671 22382415 0 0 1257472
966656 17350476 17350242 22452672 0 0 1298432
1122304 17404992 17404728 22522962 0 0 1310720
1015808 17459211 17458955 22592856 0 0 1257472
1040384 17513760 17513516 22663146 0 0 1306624
1011712 17568342 17568084 22733535 0 0 1302528
1085440 17622495 17622291 22803363 0 0 1302528
1187840 17677077 17676823 22873752 0 0 1310720
1064960 17731626 17731376 22944042 0 0 1253376
974848 17786142 17785874 23014266 0 0 1298432
1019904 17840328 17840103 23084127 0 0 1261568
942080 17895174 17894891 23154879 0 0 1306624
966656 17949723 17949502 23225202 0 0 1261568
991232 18003975 18003715 23295129 0 0 1261568
1155072 18058491 18058259 23365386 0 0 1302528
823296 18112710 18112434 23435313 0 0 1298432
1163264 18167226 18166930 23505603 0 0 1302528
1662976 18221940 18221601 23576190 0 0 1662976
1073152 18276291 18276035 23646216 0 0 1302528
1159168 18319851 18319648 23702778 0 0 1306624
901120 18374433 18374157 23773068 0 0 1306624
786432 18428685 18428472 23842995 0 0 1306624
1241088 18483201 18483050 23913285 0 0 1302528
1200128 18537816 18537582 23983575 0 0 1298432
1171456 18592134 18591858 24053436 0 0 1261568
1118208 18646254 18646051 24123396 0 0 1306624
1187840 18700539 18700185 24193290 0 0 1306624
970752 18754989 18754730 24263580 0 0 1310720
966656 18809472 18809247 24333837 0 0 1302528
1888256 18863955 18863536 24404193 0 0 2002944
1085440 18918174 18917919 24474087 0 0 1261568
1130496 18972657 18972439 24544377 0 0 1298432
950272 19027140 19026866 24614667 0 0 1257472
1044480 19081326 19081132 24684561 0 0 1302528
1294336 19135809 19135599 24754917 0 0 1306624
1150976 19190358 19190091 24825240 0 0 1302528
970752 19244511 19244222 24895134 0 0 1257472
1282048 19299027 19298816 24965490 0 0 1306624
913408 19353543 19353261 25035780 0 0 1306624
1904640 19408290 19407859 25106433 0 0 1945600
1007616 19462806 19462550 25176822 0 0 1257472
1101824 19518213 19518015 25248267 0 0 1302528
991232 19572696 19572483 25318557 0 0 1298432
1081344 19627212 19626988 25388880 0 0 1302528
1040384 19681398 19681143 25458807 0 0 1306624
1036288 19735947 19735647 25529097 0 0 1302528
962560 19790166 19789892 25599024 0 0 1302528
937984 19833660 19833434 25655487 0 0 1298432
1060864 19888044 19887827 25725645 0 0 1261568
1036288 19942758 19942562 25796166 0 0 1298432
1011712 19997208 19996950 25866192 0 0 1302528
1019904 20051262 20051045 25936020 0 0 1306624
1273856 20105679 20105451 26006112 0 0 1261568
1052672 20160096 20159831 26076237 0 0 1257472
1175552 20214183 20213892 26145999 0 0 1314816
1101824 20269194 20268921 26216883 0 0 1302528
1130496 20323545 20323307 26286975 0 0 1257472
1200128 20377929 20377709 26357199 0 0 1306624
1126400 20432016 20431794 26426928 0 0 1257472
1134592 20486466 20486178 26497053 0 0 1257472
1110016 20540487 20540248 26566716 0 0 1257472
1134592 20594673 20594474 26636643 0 0 1200128
1216512 20649255 20649002 26706933 0 0 1306624
1617920 20703672 20703231 26777058 0 0 1970176
1011712 20757726 20757494 26846787 0 0 1302528
1802240 20812143 20811666 26916945 0 0 1994752
999424 20866230 20865975 26986641 0 0 1257472
1187840 20920317 20920041 27056370 0 0 1257472
1105920 20974404 20974108 27126099 0 0 1302528
1048576 21028755 21028554 27196257 0 0 1261568
1052672 21083139 21082887 27266316 0 0 1253376
1110016 21137523 21137313 27336441 0 0 1302528
1114112 21191643 21191394 27406170 0 0 1306624
1032192 21245994 21245737 27476328 0 0 1306624
1114112 21300741 21300477 27546816 0 0 1306624
925696 21350868 21350701 27611661 0 0 987136
1134592 21398652 21398434 27673866 0 0 1302528
1200128 21452937 21452701 27744222 0 0 1306624
1282048 21507090 21506899 27814578 0 0 1306624
1019904 21561012 21560711 27884439 0 0 1302528
1146880 21615528 21615240 27955191 0 0 1261568
1122304 21669681 21669466 28025415 0 0 1261568
1224704 21723570 21723349 28095375 0 0 1261568
1167360 21777756 21777505 28165632 0 0 1306624
1204224 21831645 21831392 28235526 0 0 1310720
1134592 21885897 21885618 28305882 0 0 1261568
1208320 21940050 21939813 28376172 0 0 1265664
1314816 21994269 21994016 28446429 0 0 1306624
1097728 22048158 22047900 28516323 0 0 1257472
1097728 22102311 22102115 28586679 0 0 1306624
1159168 22156530 22156271 28656936 0 0 1302528
1073152 22210386 22210135 28726830 0 0 1302528
1200128 22264275 22264011 28796790 0 0 1302528
1191936 22318461 22318221 28867047 0 0 1261568
1069056 22372647 22372444 28937370 0 0 1257472
1146880 22426833 22426634 29007660 0 0 1257472
1155072 22480722 22480511 29077554 0 0 1306624
1245184 22534908 22534688 29147811 0 0 1261568
1101824 22588830 22588543 29217705 0 0 1257472
1265664 22643049 22642768 29288028 0 0 1261568
1277952 22697235 22696975 29358318 0 0 1302528
1069056 22751388 22751162 29428608 0 0 1257472
1462272 22805310 22804982 29498469 0 0 1302528
1146880 22859166 22858948 29568363 0 0 1261568
