1040384 5940 5685 7920 0 0 1216512
1093632 62568 62311 81642 0 0 1200128
1130496 116160 115902 151338 0 0 1179648
995328 170016 169749 221463 0 0 1171456
1200128 223938 223717 291621 0 0 1220608
1228800 277827 277571 361713 0 0 1171456
1097728 332046 331798 432201 0 0 1220608
1175552 385572 385367 501963 0 0 1175552
995328 439527 439254 572121 0 0 1224704
1126400 493713 493517 642675 0 0 1175552
1667072 547602 547203 712734 0 0 1916928
1052672 601524 601308 782892 0 0 1216512
1159168 655479 655230 852984 0 0 1220608
1724416 709632 709223 923538 0 0 1859584
1138688 763521 763322 993630 0 0 1212416
1110016 817443 817178 1063755 0 0 1179648
1167360 871332 871105 1133880 0 0 1171456
1146880 924924 924677 1203543 0 0 1175552
1085440 978483 978266 1273338 0 0 1216512
1187840 1032438 1032138 1343430 0 0 1220608
1040384 1086228 1086075 1413489 0 0 1216512
1196032 1140150 1139888 1483614 0 0 1220608
929792 1194732 1194456 1554498 0 0 1171456
1720320 1248555 1248155 1624623 0 0 1863680
1118208 1302147 1301918 1694385 0 0 1220608
1572864 1356300 1355952 1764807 0 0 1576960
1032192 1409958 1409731 1834569 0 0 1208320
1224704 1463913 1463684 1904760 0 0 1220608
864256 1514799 1514646 1971156 0 0 925696
1310720 1561164 1560882 2031414 0 0 1306624
1327104 1615383 1615117 2101770 0 0 1310720
1007616 1669602 1669325 2172027 0 0 1302528
1216512 1724085 1723898 2242746 0 0 1261568
1175552 1778271 1778067 2312970 0 0 1261568
1085440 1832589 1832321 2383293 0 0 1257472
1060864 1886775 1886550 2453418 0 0 1253376
1253376 1941027 1940811 2523510 0 0 1261568
1142784 1995576 1995386 2594097 0 0 1257472
1437696 2049861 2049563 2664156 0 0 1310720
1306624 2104014 2103689 2734215 0 0 1544192
1236992 2158101 2157845 2804076 0 0 1306624
1781760 2212023 2211559 2873772 0 0 1949696
1171456 2266011 2265756 2943501 0 0 1310720
1200128 2320230 2320020 3013626 0 0 1306624
1105920 2374482 2374237 3083718 0 0 1261568
1150976 2428437 2428185 3153480 0 0 1302528
1216512 2482722 2482419 3223638 0 0 1261568
1122304 2536677 2536420 3293367 0 0 1257472
1417216 2590896 2590621 3363492 0 0 1257472
1122304 2645181 2644913 3433551 0 0 1261568
1228800 2699400 2699158 3503643 0 0 1253376
1155072 2753718 2753381 3573867 0 0 1208320
1105920 2807904 2807649 3643959 0 0 1306624
1236992 2862090 2861893 3714051 0 0 1306624
1216512 2916771 2916468 3784539 0 0 1302528
1142784 2971881 2971621 3855852 0 0 1257472
1220608 3025803 3025559 3925614 0 0 1306624
1150976 3069561 3069241 3982440 0 0 1302528
1011712 3123813 3123567 4052796 0 0 1302528
1093632 3178065 3177807 4123020 0 0 1302528
1089536 3232383 3232104 4193409 0 0 1212416
1220608 3286932 3286698 4264095 0 0 1249280
1138688 3341217 3340973 4334352 0 0 1306624
1269760 3395700 3395490 4404873 0 0 1306624
1196032 3449952 3449693 4474932 0 0 1302528
1191936 3504237 3503920 4545057 0 0 1310720
1245184 3558423 3558145 4615149 0 0 1302528
1077248 3612609 3612400 4685241 0 0 1302528
1191936 3666960 3666606 4755432 0 0 1310720
806912 3720783 3720632 4825128 0 0 925696
1282048 3775002 3774758 4895187 0 0 1310720
1728512 3829518 3829075 4965741 0 0 1978368
1150976 3883737 3883506 5035866 0 0 1302528
1155072 3937626 3937422 5105595 0 0 1302528
1081344 3992175 3991861 5176149 0 0 1298432
1327104 4046691 4046439 5246637 0 0 1306624
876544 4100877 4100614 5316795 0 0 1261568
1146880 4155129 4154878 5386887 0 0 1306624
1241088 4209381 4209083 5457045 0 0 1306624
1335296 4265382 4265108 5529546 0 0 1302528
1064960 4319568 4319356 5599605 0 0 1298432
1114112 4374480 4374170 5670489 0 0 1306624
1220608 4428633 4428403 5740680 0 0 1306624
1105920 4483248 4482957 5811168 0 0 1302528
1089536 4537368 4537144 5881260 0 0 1306624
1224704 4581060 4580799 5938086 0 0 1302528
1261568 4634982 4634736 6007980 0 0 1298432
1085440 4689234 4688951 6078369 0 0 1253376
1097728 4743189 4742938 6148230 0 0 1302528
1236992 4797078 4796838 6218058 0 0 1302528
1085440 4851000 4850740 6287985 0 0 1261568
1224704 4905219 4904913 6358308 0 0 1302528
1089536 4959075 4958802 6428235 0 0 1302528
1130496 5013228 5013024 6498492 0 0 1306624
1183744 5067183 5066923 6568353 0 0 1302528
1003520 5121006 5120764 6638313 0 0 1306624
1126400 5175258 5175026 6708570 0 0 1306624
1122304 5229378 5229156 6778827 0 0 1306624
1155072 5283663 5283399 6849150 0 0 1261568
999424 5337519 5337268 6919110 0 0 1302528
1171456 5391672 5391482 6989367 0 0 1306624
1118208 5446254 5445979 7060086 0 0 1306624
1314816 5500440 5500168 7130409 0 0 1310720
1245184 5554593 5554386 7200699 0 0 1257472
1019904 5608482 5608226 7270593 0 0 1261568
1134592 5662701 5662434 7340850 0 0 1257472
1232896 5716887 5716657 7411140 0 0 1261568
978944 5771073 5770851 7481463 0 0 1298432
1130496 5825292 5825023 7551786 0 0 1302528
1335296 5879478 5879220 7622109 0 0 1257472
1167360 5933367 5933130 7691970 0 0 1257472
1748992 5987817 5987444 7762656 0 0 1978368
983040 6041739 6041535 7832550 0 0 1306624
1241088 6085035 6084829 7889112 0 0 1306624
1196032 6139254 6139049 7959402 0 0 1306624
1974272 6193539 6193102 8029659 0 0 2007040
1925120 6247692 6247286 8100015 0 0 1945600
1101824 6302010 6301696 8170305 0 0 1302528
1171456 6356097 6355857 8240661 0 0 1294336
1175552 6410316 6410105 8310951 0 0 1257472
1159168 6464436 6464161 8381208 0 0 1302528
1777664 6518523 6518040 8451564 0 0 1945600
1277952 6572313 6572088 8521458 0 0 1257472
1220608 6626400 6626166 8591814 0 0 1302528
1212416 6680520 6680244 8662005 0 0 1216512
1085440 6734376 6734058 8731998 0 0 1257472
1224704 6788463 6788177 8802288 0 0 1306624
1261568 6842187 6841958 8872215 0 0 1306624
1118208 6896274 6896043 8942505 0 0 1302528
1216512 6950394 6950160 9012861 0 0 1306624
1314816 7004151 7003935 9082722 0 0 1310720
1294336 7057974 7057753 9152682 0 0 1306624
1753088 7112061 7111614 9222939 0 0 2027520
1155072 7165851 7165572 9292833 0 0 1310720
1105920 7219938 7219691 9363123 0 0 1249280
1142784 7274025 7273741 9433380 0 0 1306624
1179648 7327815 7327599 9503274 0 0 1302528
1167360 7381902 7381653 9573597 0 0 1310720
1241088 7435989 7435754 9643887 0 0 1306624
1236992 7489812 7489566 9713814 0 0 1306624
1134592 7543899 7543643 9784137 0 0 1302528
1228800 7598052 7597689 9854394 0 0 1306624
1011712 7641777 7641516 9911253 0 0 1257472
1056768 7695831 7695617 9980916 0 0 1306624
987136 7750281 7750074 10051107 0 0 1261568
954368 7805061 7804745 10121628 0 0 1245184
1187840 7859115 7858881 10191390 0 0 1261568
1163264 7913532 7913276 10261449 0 0 1302528
1044480 7968213 7968013 10332003 0 0 1261568
1241088 8022630 8022379 10402128 0 0 1302528
1114112 8077311 8077029 10472616 0 0 1306624
851968 8131992 8131748 10543137 0 0 1302528
1150976 8186739 8186455 10613658 0 0 1302528
1077248 8241024 8240820 10683750 0 0 1306624
872448 8295474 8295215 10753842 0 0 1306624
1200128 8349891 8349663 10823967 0 0 1298432
1327104 8403945 8403714 10893663 0 0 1310720
1732608 8458989 8458571 10964580 0 0 1978368
970752 8513340 8513076 11034771 0 0 1216512
1179648 8568945 8568726 11106447 0 0 1249280
966656 8623659 8623435 11176968 0 0 1257472
1159168 8678043 8677753 11247027 0 0 1261568
1196032 8732460 8732201 11317185 0 0 1257472
913408 8786910 8786726 11387442 0 0 1056768
897024 8841195 8840967 11457402 0 0 1310720
1282048 8895579 8895281 11527494 0 0 1306624
1351680 8949963 8949753 11597619 0 0 1261568
1064960 9004314 9004110 11667711 0 0 1302528
1208320 9058698 9058505 11737803 0 0 1306624
1302528 9113148 9112913 11807994 0 0 1257472
1134592 9156906 9156691 11864820 0 0 1302528
1101824 9211587 9211337 11935572 0 0 1310720
1142784 9265641 9265418 12005466 0 0 1302528
1093632 9319761 9319546 12075393 0 0 1249280
970752 9374079 9373880 12145716 0 0 1302528
1122304 9428463 9428267 12216006 0 0 1261568
1073152 9482880 9482607 12286296 0 0 1265664
1081344 9537231 9536966 12356586 0 0 1306624
1212416 9591252 9591062 12426480 0 0 1261568
892928 9645636 9645428 12496770 0 0 1302528
995328 9700053 9699825 12567093 0 0 1261568
1126400 9754404 9754189 12637416 0 0 1232896
1085440 9808491 9808212 12707343 0 0 1257472
1015808 9862512 9862279 12777204 0 0 1306624
1024000 9916962 9916716 12847494 0 0 1306624
1138688 9971445 9971145 12918081 0 0 1155072
1015808 10025400 10025122 12987777 0 0 1306624
1089536 10079751 10079510 13058034 0 0 1306624
1118208 10134135 10133889 13128390 0 0 1314816
999424 10188486 10188200 13198614 0 0 1310720
868352 10242837 10242625 13268937 0 0 1261568
1118208 10297221 10297014 13339260 0 0 1302528
1118208 10351539 10351336 13409517 0 0 1257472
1105920 10405890 10405681 13479840 0 0 1253376
1011712 10460274 10460018 13550097 0 0 1306624
1421312 10514658 10514388 13620519 0 0 1253376
991232 10569042 10568774 13690743 0 0 1257472
1110016 10623063 10622810 13760670 0 0 1306624
1019904 10666491 10666336 13817199 0 0 1261568
1167360 10720578 10720281 13886895 0 0 1257472
929792 10775259 10774987 13957383 0 0 1306624
1204224 10829544 10829307 14027508 0 0 1310720
1089536 10883598 10883341 14097270 0 0 1310720
1744896 10937982 10937552 14167362 0 0 2002944
946176 10991937 10991708 14237058 0 0 1306624
1105920 11046387 11046119 14307183 0 0 1302528
1003520 11100408 11100174 14376945 0 0 1261568
1048576 11154528 11154280 14446641 0 0 1261568
1253376 11208813 11208568 14516766 0 0 1306624
1007616 11263197 11262976 14586891 0 0 1302528
1110016 11317515 11317334 14657016 0 0 1306624
1085440 11372229 11371985 14727603 0 0 1306624
974848 11426613 11426320 14797695 0 0 1302528
1257472 11481261 11481060 14868183 0 0 1310720
1126400 11535711 11535421 14938308 0 0 1302528
1183744 11589699 11589460 15008103 0 0 1302528
1093632 11643819 11643498 15077799 0 0 1302528
1146880 11698104 11697889 15147858 0 0 1298432
1048576 11752455 11752252 15217983 0 0 1298432
1073152 11806542 11806274 15287679 0 0 1302528
1142784 11860596 11860365 15357408 0 0 1310720
1302528 11915244 11915015 15427929 0 0 1306624
905216 11969562 11969332 15498087 0 0 1306624
1200128 12023979 12023749 15568245 0 0 1302528
962560 12078363 12078103 15638271 0 0 1302528
1097728 12132351 12132178 15708033 0 0 1257472
1232896 12186438 12186192 15777663 0 0 1302528
1183744 12229668 12229509 15834126 0 0 1306624
1236992 12283887 12283664 15904251 0 0 1306624
1150976 12337710 12337450 15973980 0 0 1306624
1249280 12391896 12391617 16044138 0 0 1306624
1368064 12446346 12446068 16114659 0 0 1257472
1232896 12500235 12499964 16184355 0 0 1306624
1253376 12554421 12554200 16254480 0 0 1310720
1142784 12608640 12608397 16324638 0 0 1306624
1138688 12662529 12662320 16394367 0 0 1302528
1196032 12716781 12716519 16464426 0 0 1261568
991232 12770703 12770386 16534122 0 0 1302528
1069056 12824889 12824645 16604280 0 0 1298432
1191936 12878811 12878562 16674009 0 0 1261568
1118208 12932997 12932727 16744035 0 0 1257472
1810432 12987183 12986782 16814193 0 0 1990656
1224704 13041138 13040892 16883856 0 0 1310720
1167360 13095291 13095082 16954047 0 0 1306624
1249280 13149576 13149294 17024139 0 0 1261568
1212416 13204059 13203779 17094627 0 0 1306624
1064960 13258212 13257975 17164785 0 0 1302528
1232896 13312167 13311888 17234514 0 0 1261568
1277952 13366353 13366096 17304573 0 0 1306624
1105920 13420275 13420032 17374302 0 0 1302528
1323008 13474428 13474177 17444460 0 0 1306624
1363968 13528647 13528448 17514552 0 0 1306624
1241088 13582866 13582655 17584710 0 0 1302528
1105920 13636755 13636551 17654406 0 0 1306624
745472 13690743 13690537 17724234 0 0 880640
1216512 13734369 13734083 17781060 0 0 1306624
892928 13788357 13788064 17850921 0 0 1257472
1187840 13842642 13842440 17921277 0 0 1306624
1007616 13896894 13896700 17991567 0 0 1257472
1232896 13951245 13950961 18061824 0 0 1257472
1073152 14005860 14005601 18132609 0 0 1306624
1110016 14060046 14059845 18202701 0 0 1257472
1220608 14114364 14114086 18272859 0 0 1241088
1183744 14168550 14168335 18342984 0 0 1249280
1138688 14222802 14222572 18413109 0 0 1302528
737280 14277087 14276923 18483234 0 0 880640
1126400 14331603 14331346 18553755 0 0 1302528
1130496 14385855 14385557 18623847 0 0 1257472
1114112 14440107 14439837 18693939 0 0 1306624
1196032 14494623 14494355 18764427 0 0 1302528
1261568 14549172 14548916 18834981 0 0 1306624
1159168 14603424 14603178 18905106 0 0 1310720
1187840 14657676 14657413 18975231 0 0 1306624
1703936 14712159 14711780 19045686 0 0 1908736
1236992 14766114 14765880 19115481 0 0 1306624
1204224 14820102 14819806 19185177 0 0 1261568
1249280 14874585 14874381 19255665 0 0 1306624
1216512 14928870 14928634 19325757 0 0 1306624
1183744 14983122 14982858 19395915 0 0 1302528
1126400 15037341 15037088 19466007 0 0 1310720
1155072 15091593 15091362 19536099 0 0 1261568
1851392 15146142 15145701 19606620 0 0 1949696
1077248 15200031 15199790 19676316 0 0 1302528
1155072 15243723 15243504 19733142 0 0 1306624
1097728 15298635 15298416 19804257 0 0 1302528
1032192 15354207 15353951 19876065 0 0 1290240
1277952 15408294 15408064 19945959 0 0 1261568
1179648 15462315 15462018 20015853 0 0 1306624
1265664 15516633 15516389 20086143 0 0 1306624
1355776 15570951 15570725 20156334 0 0 1306624
1032192 15625302 15625029 20226459 0 0 1302528
1138688 15679851 15679660 20296980 0 0 1290240
1093632 15734169 15733969 20367072 0 0 1208320
1138688 15788487 15788298 20437230 0 0 1306624
1040384 15842805 15842559 20507322 0 0 1310720
1060864 15897420 15897131 20577909 0 0 1306624
1118208 15951738 15951447 20648034 0 0 1306624
1110016 16005759 16005516 20717763 0 0 1257472
1097728 16060011 16059795 20787855 0 0 1298432
1028096 16114032 16113769 20857518 0 0 1298432
1245184 16168317 16168081 20927709 0 0 1302528
1179648 16222668 16222389 20997900 0 0 1261568
1302528 16277217 16276939 21068289 0 0 1261568
1314816 16331535 16331257 21138447 0 0 1261568
1708032 16385787 16385409 21208572 0 0 1994752
1294336 16440072 16439900 21278697 0 0 1302528
1183744 16496832 16496589 21351957 0 0 1306624
1064960 16554813 16554576 21426834 0 0 1273856
1748992 16613091 16612645 21502107 0 0 1949696
1851392 16670676 16670289 21576489 0 0 1892352
741376 16728723 16728603 21651366 0 0 925696
1220608 16775187 16775018 21711690 0 0 1298432
962560 16832871 16832738 21786039 0 0 999424
1028096 16889301 16889074 21858672 0 0 1257472
962560 16943850 16943669 21928896 0 0 1298432
933888 16998498 16998260 21999285 0 0 1302528
671744 17052750 17052601 22069146 0 0 921600
942080 17107662 17107415 22139865 0 0 1257472
1302528 17162145 17161871 22210155 0 0 1310720
1056768 17216727 17216475 22280412 0 0 1257472
1007616 17270913 17270609 22350372 0 0 1306624
1183744 17325495 17325185 22420662 0 0 1261568
999424 17379681 17379412 22490589 0 0 1302528
950272 17434197 17433966 22560846 0 0 1257472
892928 17488713 17488555 22631169 0 0 1261568
978944 17543262 17543053 22701492 0 0 1306624
1024000 17597547 17597276 22771353 0 0 1294336
1884160 17652096 17651655 22841643 0 0 1949696
958464 17705985 17705723 22911240 0 0 1302528
1216512 17760534 17760251 22981464 0 0 1261568
1011712 17815413 17815135 23052183 0 0 1302528
1036288 17869896 17869650 23122473 0 0 1306624
954368 17924412 17924224 23192763 0 0 1298432
1220608 17978994 17978773 23263020 0 0 1261568
1138688 18033279 18033051 23332947 0 0 1302528
1032192 18087828 18087574 23403237 0 0 1261568
1036288 18142344 18142137 23473560 0 0 1306624
1048576 18196629 18196346 23543454 0 0 1257472
1064960 18251112 18250822 23613810 0 0 1306624
1171456 18294705 18294436 23670339 0 0 1306624
1003520 18349254 18348997 23740596 0 0 1306624
978944 18403869 18403606 23810853 0 0 1298432
1024000 18458451 18458169 23881110 0 0 1261568
1163264 18512967 18512725 23951400 0 0 1261568
1048576 18567516 18567270 24021690 0 0 1310720
1155072 18621735 18621482 24091584 0 0 1302528
1212416 18675954 18675629 24161478 0 0 1306624
815104 18730074 18729805 24231405 0 0 1298432
1290240 18784953 18784640 24302091 0 0 1306624
999424 18840327 18840079 24373569 0 0 1302528
1777664 18894777 18894322 24443793 0 0 1900544
1142784 18948963 18948763 24513753 0 0 1257472
1204224 19003446 19003245 24584109 0 0 1298432
1175552 19057962 19057730 24654399 0 0 1306624
1060864 19112115 19111896 24724326 0 0 1306624
1003520 19166664 19166426 24794550 0 0 1302528
1048576 19221114 19220894 24864840 0 0 1310720
1294336 19275366 19275094 24934734 0 0 1302528
1187840 19329783 19329551 25005024 0 0 1302528
974848 19384299 19384078 25075281 0 0 1257472
1073152 19438485 19438275 25145241 0 0 1302528
1204224 19493001 19492771 25215531 0 0 1302528
1200128 19547517 19547215 25285854 0 0 1302528
1167360 19602000 19601747 25356111 0 0 1249280
966656 19656516 19656243 25426434 0 0 1257472
987136 19710669 19710402 25496262 0 0 1261568
1228800 19765152 19764869 25566585 0 0 1261568
1093632 19819668 19819378 25636875 0 0 1302528
1134592 19863492 19863222 25693668 0 0 1302528
1093632 19918173 19917886 25764222 0 0 1302528
839680 19972293 19971976 25833885 0 0 1302528
1785856 20026677 20026235 25904010 0 0 1986560
1236992 20080764 20080521 25973772 0 0 1302528
958464 20135181 20134968 26043831 0 0 1306624
1458176 20189829 20189389 26114286 0 0 1720320
1126400 20243949 20243750 26184147 0 0 1261568
1175552 20298399 20298122 26254206 0 0 1306624
1163264 20352717 20352499 26324331 0 0 1302528
1740800 20407398 20406971 26394852 0 0 2011136
1093632 20461518 20461271 26464548 0 0 1306624
888832 20515902 20515662 26534640 0 0 1257472
1150976 20570550 20570348 26605161 0 0 1302528
1163264 20624637 20624420 26674857 0 0 1310720
1183744 20678724 20678505 26744553 0 0 1298432
618496 20732844 20732614 26814348 0 0 925696
974848 20787492 20787221 26884803 0 0 1302528
1101824 20841942 20841646 26954895 0 0 1306624
1126400 20895930 20895782 27024558 0 0 1302528
958464 20950380 20950152 27094683 0 0 1302528
1040384 21004797 21004550 27164808 0 0 1253376
1093632 21059181 21058916 27234966 0 0 1261568
1019904 21113235 21113010 27304662 0 0 1306624
1130496 21167619 21167431 27374787 0 0 1257472
987136 21221739 21221477 27444483 0 0 1302528
1032192 21276090 21275887 27514674 0 0 1302528
974848 21330177 21329973 27584403 0 0 1257472
1163264 21373638 21373369 27640866 0 0 1310720
1138688 21427791 21427545 27711123 0 0 1306624
1183744 21482010 21481805 27781446 0 0 1208320
1179648 21535899 21535672 27851340 0 0 1257472
1081344 21590052 21589818 27921663 0 0 1257472
1150976 21643941 21643725 27991590 0 0 1310720
1155072 21698292 21698014 28062045 0 0 1257472
1175552 21752709 21752428 28132566 0 0 1253376
1204224 21806598 21806366 28202493 0 0 1306624
1175552 21861081 21860809 28273113 0 0 1310720
1208320 21915564 21915337 28343832 0 0 1306624
1187840 21970113 21969804 28414518 0 0 1306624
1318912 22024497 22024328 28485237 0 0 1302528
1273856 22078716 22078517 28555560 0 0 1306624
1159168 22132968 22132684 28625817 0 0 1216512
1052672 22187154 22186901 28696206 0 0 1257472
1044480 22241340 22241066 28766529 0 0 1253376
1081344 22295196 22294945 28836357 0 0 1302528
1204224 22349481 22349182 28906680 0 0 1310720
1093632 22403931 22403669 28977366 0 0 1302528
1114112 22458150 22457881 29047689 0 0 1257472
1290240 22512006 22511759 29117583 0 0 1302528
1298432 22566423 22566218 29188269 0 0 1257472
1036288 22620642 22620355 29258559 0 0 1302528
1007616 22674828 22674609 29328816 0 0 1306624
1290240 22728981 22728777 29399139 0 0 1257472
1241088 22782969 22782712 29469033 0 0 1298432
1200128 22837089 22836841 29539323 0 0 1306624
