1118208 5610 5393 7524 0 0 1224704
1925120 62007 61603 80817 0 0 1949696
1167360 115434 115155 150216 0 0 1220608
1015808 169158 168986 219978 0 0 1220608
1089536 222882 222652 289740 0 0 1175552
1773568 276837 276492 359799 0 0 1859584
1208320 330264 330045 429264 0 0 1171456
1175552 384054 383765 498960 0 0 1224704
1413120 437745 437463 568689 0 0 1224704
1036288 491469 491201 638451 0 0 1216512
1044480 545160 544976 708279 0 0 1220608
1146880 598917 598685 778008 0 0 1220608
1228800 652608 652361 847770 0 0 1220608
1032192 706332 706067 917532 0 0 1220608
1040384 759990 759749 987294 0 0 1220608
1114112 813384 813151 1056660 0 0 1212416
1232896 866844 866593 1126092 0 0 1216512
1146880 920535 920325 1195821 0 0 1220608
888832 974259 974000 1265649 0 0 1220608
1150976 1027686 1027428 1335015 0 0 1220608
1310720 1081410 1081141 1404777 0 0 1224704
1011712 1135167 1134910 1474539 0 0 1171456
1540096 1188528 1188339 1543872 0 0 1175552
1597440 1242912 1242487 1614426 0 0 1863680
1110016 1296273 1296072 1683825 0 0 1171456
1302528 1350360 1350062 1753884 0 0 1224704
1134592 1404381 1404126 1824108 0 0 1220608
1277952 1458039 1457881 1893837 0 0 1175552
815104 1509684 1509524 1961091 0 0 925696
1400832 1556247 1555953 2021448 0 0 1306624
1200128 1610268 1609996 2091375 0 0 1261568
1306624 1664256 1664041 2161302 0 0 1257472
1736704 1718904 1718455 2232021 0 0 1949696
1785856 1773222 1772826 2302278 0 0 1945600
1286144 1827276 1827041 2372271 0 0 1261568
1355776 1881660 1881391 2442363 0 0 1306624
1269760 1935384 1935110 2511663 0 0 1261568
1282048 1989801 1989512 2581854 0 0 1302528
1654784 2043822 2043378 2651649 0 0 1945600
1118208 2097909 2097630 2721411 0 0 1257472
1220608 2152029 2151718 2791107 0 0 1257472
1257472 2206083 2205843 2860902 0 0 1257472
983040 2260071 2259882 2930697 0 0 1302528
847872 2314191 2313923 3000426 0 0 1302528
1081344 2368278 2368021 3070155 0 0 1302528
1339392 2422299 2422107 3139950 0 0 1306624
1183744 2476452 2476156 3209679 0 0 1302528
860160 2530506 2530347 3279474 0 0 925696
1241088 2584824 2584602 3349632 0 0 1257472
1179648 2638911 2638659 3419361 0 0 1253376
1097728 2693526 2693327 3489948 0 0 1290240
929792 2748570 2748281 3560865 0 0 1298432
1273856 2802624 2802394 3630693 0 0 1306624
1155072 2856744 2856450 3700422 0 0 1257472
999424 2910732 2910545 3770151 0 0 1204224
1236992 2965215 2964944 3840375 0 0 1302528
1130496 3019533 3019314 3910467 0 0 1208320
1110016 3063390 3063158 3967524 0 0 1310720
1097728 3117444 3117243 4037418 0 0 1261568
856064 3171894 3171661 4107774 0 0 1232896
1212416 3225981 3225737 4177668 0 0 1306624
1126400 3280068 3279813 4247562 0 0 1306624
1159168 3334155 3333897 4317522 0 0 1261568
1179648 3387879 3387672 4386954 0 0 1257472
1855488 3441999 3441482 4456617 0 0 2007040
1224704 3495690 3495472 4526082 0 0 1310720
1130496 3549744 3549472 4595811 0 0 1306624
1097728 3603798 3603502 4665573 0 0 1261568
1138688 3657588 3657288 4734906 0 0 1302528
1204224 3711609 3711334 4804701 0 0 1257472
1253376 3765630 3765333 4874463 0 0 1253376
1236992 3819651 3819432 4944291 0 0 1257472
1110016 3873705 3873428 5013987 0 0 1302528
1081344 3928089 3927808 5084244 0 0 1298432
1753088 3982110 3981616 5153973 0 0 2035712
1130496 4035867 4035535 5223372 0 0 1261568
1097728 4089888 4089627 5293101 0 0 1257472
1241088 4144239 4143988 5363292 0 0 1261568
1134592 4198293 4198034 5433021 0 0 1302528
1224704 4252050 4251806 5502387 0 0 1302528
1150976 4306137 4305847 5572215 0 0 1302528
1130496 4360455 4360202 5642274 0 0 1298432
974848 4414146 4413864 5711673 0 0 1302528
970752 4468233 4467969 5781402 0 0 1282048
1167360 4522221 4522017 5851230 0 0 1306624
1134592 4565484 4565215 5907363 0 0 1302528
1245184 4619835 4619603 5977686 0 0 1310720
1236992 4674186 4673934 6048042 0 0 1241088
1314816 4727910 4727668 6117573 0 0 1265664
1011712 4782294 4782013 6187929 0 0 1257472
1241088 4836381 4836066 6257889 0 0 1306624
1208320 4890369 4890136 6327882 0 0 1306624
1249280 4944390 4944114 6397776 0 0 1257472
1236992 4998114 4997854 6467340 0 0 1269760
1040384 5052135 5051879 6537300 0 0 1298432
1130496 5106486 5106189 6607590 0 0 1306624
1015808 5160144 5159886 6677121 0 0 1257472
1171456 5213835 5213589 6746619 0 0 1257472
1294336 5268153 5267824 6816942 0 0 1298432
1265664 5321877 5321624 6886473 0 0 1310720
1273856 5375601 5375301 6956004 0 0 1302528
1191936 5429589 5429325 7025964 0 0 1261568
1318912 5483544 5483369 7095924 0 0 1306624
1331200 5537565 5537318 7165851 0 0 1302528
1007616 5591949 5591699 7236108 0 0 1302528
1241088 5645970 5645699 7306068 0 0 1306624
1220608 5699859 5699651 7375995 0 0 1306624
1171456 5753979 5753676 7445889 0 0 1261568
1220608 5808198 5807981 7516278 0 0 1249280
1257472 5862285 5862053 7586205 0 0 1310720
1126400 5916306 5916062 7656165 0 0 1298432
1282048 5970294 5970038 7726059 0 0 1216512
1064960 6023985 6023724 7795656 0 0 1302528
1077248 6066885 6066600 7851492 0 0 1261568
1277952 6120906 6120667 7921386 0 0 1257472
1286144 6174894 6174674 7991379 0 0 1204224
1208320 6228651 6228446 8061009 0 0 1257472
1183744 6282705 6282465 8130903 0 0 1310720
1191936 6336396 6336152 8200500 0 0 1306624
1081344 6390087 6389885 8270064 0 0 1253376
1314816 6443745 6443487 8339562 0 0 1310720
1089536 6497667 6497422 8409555 0 0 1257472
1167360 6551523 6551285 8479515 0 0 1261568
1249280 6605544 6605237 8549409 0 0 1306624
1261568 6659004 6658818 8619006 0 0 1257472
1196032 6712992 6712740 8688900 0 0 1306624
1269760 6766617 6766386 8758497 0 0 1257472
1187840 6820506 6820257 8828358 0 0 1261568
1327104 6874725 6874441 8898747 0 0 1261568
1249280 6928614 6928401 8968740 0 0 1257472
765952 6982239 6982069 9038304 0 0 970752
1265664 7036458 7036171 9108594 0 0 1306624
1150976 7090281 7090058 9178521 0 0 1306624
1228800 7144236 7144024 9248481 0 0 1257472
1212416 7198191 7197900 9318408 0 0 1310720
1191936 7251783 7251533 9387972 0 0 1306624
1187840 7305408 7305118 9457536 0 0 1298432
1265664 7359297 7358991 9527463 0 0 1302528
1015808 7412889 7412627 9597027 0 0 1310720
1110016 7466778 7466537 9666954 0 0 1306624
1388544 7520337 7520135 9736518 0 0 1249280
1253376 7574655 7574366 9806874 0 0 1261568
1294336 7618017 7617772 9863007 0 0 1261568
1196032 7672203 7671999 9932736 0 0 1302528
1159168 7726191 7725904 10002135 0 0 1208320
839680 7780476 7780223 10071996 0 0 983040
1163264 7834662 7834402 10141725 0 0 1306624
1044480 7888881 7888596 10211487 0 0 1302528
1421312 7942737 7942529 10280820 0 0 1257472
1175552 7996659 7996386 10350186 0 0 1261568
1110016 8050911 8050649 10419948 0 0 1298432
1294336 8105064 8104859 10489776 0 0 1257472
1060864 8159019 8158681 10559109 0 0 1257472
1286144 8213238 8212992 10628838 0 0 1306624
1212416 8267424 8267197 10698633 0 0 1261568
1249280 8321643 8321367 10768395 0 0 1310720
1220608 8375862 8375623 10838157 0 0 1302528
1126400 8430345 8430131 10908249 0 0 1261568
1228800 8484597 8484353 10978077 0 0 1298432
1843200 8539113 8538740 11048202 0 0 1929216
1077248 8593662 8593440 11118360 0 0 1306624
978944 8647848 8647613 11188155 0 0 1306624
1224704 8702067 8701838 11257983 0 0 1302528
1150976 8755989 8755738 11327316 0 0 1302528
929792 8809878 8809603 11396682 0 0 1306624
1081344 8864130 8863826 11466444 0 0 1298432
1044480 8917953 8917758 11535843 0 0 1310720
1163264 8972205 8971946 11605605 0 0 1306624
1228800 9026391 9026151 11675334 0 0 1306624
1015808 9080313 9080094 11744766 0 0 1302528
1191936 9123675 9123416 11800998 0 0 1306624
1126400 9177828 9177624 11870892 0 0 1302528
1011712 9231684 9231498 11940456 0 0 1298432
1085440 9285969 9285731 12010383 0 0 1261568
1159168 9340155 9339924 12080409 0 0 1302528
978944 9394341 9394153 12150270 0 0 1257472
1007616 9448527 9448338 12220164 0 0 1306624
1040384 9502416 9502160 12289761 0 0 1257472
1224704 9556635 9556354 12359754 0 0 1294336
1077248 9610491 9610263 12429252 0 0 1306624
1232896 9664677 9664410 12499245 0 0 1261568
1204224 9719193 9718874 12569535 0 0 1302528
974848 9773412 9773128 12639561 0 0 1302528
1101824 9827565 9827358 12709422 0 0 1257472
1048576 9881751 9881545 12779415 0 0 1302528
1138688 9935706 9935413 12848946 0 0 1302528
897024 9990123 9989908 12919302 0 0 1302528
1236992 10044276 10044079 12989163 0 0 1261568
1134592 10098198 10097961 13058694 0 0 1306624
1224704 10152417 10152181 13128654 0 0 1257472
1798144 10206636 10206179 13198614 0 0 1949696
1089536 10260525 10260309 13268145 0 0 1306624
1122304 10314414 10314155 13337742 0 0 1306624
1150976 10368897 10368642 13408065 0 0 1261568
1208320 10423413 10423114 13478355 0 0 1298432
1052672 10477302 10477056 13547886 0 0 1306624
1114112 10531455 10531183 13617813 0 0 1306624
1064960 10585641 10585408 13687773 0 0 1261568
1069056 10629003 10628740 13744038 0 0 1298432
1789952 10683453 10683052 13814196 0 0 1982464
1007616 10737606 10737377 13883925 0 0 1302528
1126400 10791726 10791510 13953687 0 0 1302528
1040384 10845516 10845386 14023086 0 0 1298432
1204224 10899735 10899455 14092815 0 0 1302528
1171456 10954251 10953955 14162973 0 0 1306624
1114112 11008107 11007852 14232405 0 0 1302528
1392640 11062524 11062182 14302464 0 0 1585152
1298432 11116479 11116217 14371896 0 0 1257472
1183744 11170962 11170743 14442120 0 0 1257472
1200128 11225148 11224945 14511783 0 0 1257472
1179648 11279631 11279383 14581974 0 0 1257472
1060864 11334774 11334540 14652924 0 0 1306624
1056768 11389290 11389036 14723082 0 0 1298432
1007616 11443212 11442934 14792514 0 0 1302528
1171456 11497662 11497425 14862672 0 0 1249280
937984 11551881 11551583 14932401 0 0 1306624
978944 11606067 11605773 15002229 0 0 1306624
1155072 11659923 11659637 15071595 0 0 1257472
1806336 11714076 11713653 15141324 0 0 1937408
1105920 11767635 11767384 15210261 0 0 1306624
1290240 11821854 11821573 15280056 0 0 1306624
1097728 11875974 11875761 15349851 0 0 1306624
1650688 11930193 11929693 15419580 0 0 1998848
1142784 11984676 11984422 15489738 0 0 1306624
1064960 12038862 12038605 15559500 0 0 1302528
1306624 12092718 12092439 15628866 0 0 1306624
1101824 12146937 12146591 15698595 0 0 1302528
1265664 12190332 12190086 15755157 0 0 1261568
1224704 12244353 12244097 15824952 0 0 1257472
1273856 12298077 12297708 15894285 0 0 1261568
1155072 12351966 12351740 15964047 0 0 1257472
1241088 12406251 12405994 16034172 0 0 1257472
1105920 12460239 12459965 16103934 0 0 1261568
1413120 12514590 12514307 16174092 0 0 1306624
942080 12568611 12568383 16243920 0 0 1306624
991232 12622665 12622427 16313583 0 0 1302528
1167360 12677313 12677052 16384203 0 0 1253376
1101824 12731004 12730806 16453569 0 0 1257472
1155072 12785058 12784829 16523298 0 0 1261568
1310720 12839145 12838780 16593126 0 0 1302528
1048576 12892836 12892519 16662393 0 0 1261568
1179648 12946824 12946627 16732188 0 0 1306624
1110016 13000845 13000644 16801950 0 0 1302528
1200128 13055196 13054946 16872141 0 0 1302528
987136 13109250 13108977 16941837 0 0 1302528
1318912 13163238 13162981 17011632 0 0 1253376
1032192 13217358 13217079 17081361 0 0 1261568
1282048 13271412 13271143 17151156 0 0 1302528
1368064 13325730 13325401 17221248 0 0 1253376
1187840 13379454 13379203 17290614 0 0 1298432
1286144 13433805 13433484 17360805 0 0 1306624
1269760 13487826 13487551 17430567 0 0 1257472
1179648 13541187 13540960 17499504 0 0 1257472
1269760 13595274 13594979 17569266 0 0 1302528
1171456 13649262 13649051 17639061 0 0 1261568
1937408 13692822 13692365 17695623 0 0 1994752
1028096 13748493 13748260 17767530 0 0 1302528
1216512 13802844 13802686 17837886 0 0 1302528
1179648 13856997 13856746 17907813 0 0 1298432
1089536 13911051 13910843 17977740 0 0 1306624
897024 13964973 13964784 18047370 0 0 880640
1081344 14019291 14019033 18117429 0 0 1306624
1257472 14073378 14073116 18187224 0 0 1302528
1052672 14127696 14127458 18257382 0 0 1306624
1085440 14181783 14181572 18327144 0 0 1306624
1110016 14235870 14235640 18397005 0 0 1261568
1298432 14289957 14289713 18466734 0 0 1261568
991232 14343945 14343727 18536463 0 0 1302528
1290240 14398362 14398112 18606654 0 0 1306624
1257472 14452086 14451900 18675987 0 0 1306624
1269760 14506206 14505957 18745749 0 0 1257472
1265664 14560227 14559984 18815511 0 0 1306624
1310720 14614281 14614046 18885240 0 0 1257472
954368 14668335 14668177 18955068 0 0 1302528
1425408 14722488 14722125 19024830 0 0 1302528
1101824 14776542 14776306 19094592 0 0 1306624
1110016 14830596 14830333 19164321 0 0 1302528
1052672 14884650 14884392 19234116 0 0 1302528
1236992 14938671 14938441 19303911 0 0 1310720
1224704 14992758 14992534 19373673 0 0 1236992
1191936 15046515 15046286 19443006 0 0 1257472
970752 15100569 15100302 19512768 0 0 1302528
962560 15154689 15154336 19582596 0 0 1306624
573440 15198183 15198005 19639092 0 0 925696
1101824 15252369 15252111 19709052 0 0 1306624
1343488 15306819 15306561 19779342 0 0 1306624
1355776 15360906 15360551 19849203 0 0 1626112
1175552 15414861 15414573 19918866 0 0 1302528
1089536 15468684 15468486 19988397 0 0 1261568
1282048 15522870 15522607 20058192 0 0 1306624
1060864 15576990 15576763 20127888 0 0 1212416
1089536 15630846 15630533 20197287 0 0 1306624
1191936 15684966 15684721 20267115 0 0 1306624
1146880 15739383 15739126 20337240 0 0 1298432
1130496 15793173 15792942 20406573 0 0 1261568
798720 15847722 15847522 20476830 0 0 950272
1261568 15902040 15901772 20546955 0 0 1302528
1183744 15956160 15955930 20616684 0 0 1306624
1204224 16010280 16010035 20686413 0 0 1261568
921600 16064103 16063854 20755812 0 0 1261568
1277952 16117893 16117686 20825178 0 0 1310720
1142784 16172343 16172142 20895303 0 0 1302528
954368 16226463 16226198 20965131 0 0 1310720
1245184 16280649 16280351 21034860 0 0 1302528
1187840 16335000 16334767 21105051 0 0 1302528
950272 16389153 16388947 21174813 0 0 1306624
1007616 16442976 16442698 21244245 0 0 1310720
1224704 16497030 16496869 21313941 0 0 1302528
974848 16551216 16550949 21383670 0 0 1302528
942080 16605303 16605027 21453432 0 0 1302528
1236992 16659720 16659495 21523557 0 0 1257472
851968 16704171 16703994 21581043 0 0 1011712
1138688 16757103 16756889 21649320 0 0 1306624
1183744 16811520 16811249 21719214 0 0 1306624
946176 16865937 16865674 21789108 0 0 1261568
1093632 16920321 16919978 21859134 0 0 1257472
950272 16974375 16974151 21928566 0 0 1298432
843776 17028825 17028519 21998592 0 0 1261568
1245184 17083440 17083194 22068915 0 0 1306624
954368 17137758 17137561 22138842 0 0 1257472
1519616 17192142 17191880 22208802 0 0 1261568
1114112 17246196 17245933 22278366 0 0 1302528
1056768 17300613 17300346 22348293 0 0 1261568
1015808 17355261 17354970 22418550 0 0 1290240
954368 17409282 17409102 22488213 0 0 1056768
1126400 17463963 17463701 22558470 0 0 1257472
1032192 17518314 17518048 22628397 0 0 1257472
1208320 17572698 17572414 22698357 0 0 1306624
901120 17627313 17627099 22768680 0 0 1294336
1077248 17681697 17681449 22838607 0 0 1257472
1241088 17736048 17735840 22908534 0 0 1306624
1236992 17790399 17790143 22978461 0 0 1306624
1048576 17844123 17843925 23047563 0 0 1310720
1626112 17898507 17898084 23117523 0 0 1945600
1073152 17952594 17952310 23187120 0 0 1306624
1069056 18006615 18006374 23256651 0 0 1257472
1179648 18060933 18060743 23326644 0 0 1306624
1826816 18115647 18115204 23396901 0 0 1990656
1007616 18169734 18169479 23466465 0 0 1302528
1359872 18223722 18223448 23535963 0 0 1257472
905216 18267810 18267520 23593020 0 0 1302528
1630208 18321897 18321479 23662584 0 0 1994752
1150976 18376050 18375752 23732082 0 0 1257472
1089536 18430401 18430156 23802042 0 0 1306624
1060864 18485115 18484824 23872365 0 0 1257472
946176 18539499 18539244 23942325 0 0 1306624
962560 18594114 18593769 24012648 0 0 1302528
1024000 18648366 18648132 24082641 0 0 1310720
966656 18702684 18702461 24152568 0 0 1294336
1101824 18757035 18756737 24222495 0 0 1302528
1122304 18811320 18811131 24292488 0 0 1257472
1150976 18865374 18865099 24362019 0 0 1261568
1069056 18919989 18919741 24432309 0 0 1306624
1097728 18974274 18974065 24502269 0 0 1302528
999424 19028559 19028362 24572262 0 0 1298432
1224704 19082910 19082686 24642189 0 0 1302528
987136 19137558 19137266 24712479 0 0 1306624
925696 19191942 19191713 24782637 0 0 1257472
995328 19246458 19246198 24852762 0 0 1302528
1105920 19300776 19300561 24922689 0 0 1310720
1052672 19355391 19355144 24993111 0 0 1257472
1052672 19409676 19409459 25062939 0 0 1310720
913408 19463961 19463758 25132965 0 0 1302528
1069056 19518312 19518102 25202892 0 0 1302528
1167360 19572630 19572418 25272885 0 0 1302528
1204224 19627278 19627075 25343175 0 0 1302528
1126400 19681629 19681351 25413069 0 0 1265664
1093632 19735914 19735723 25483062 0 0 1261568
1183744 19779606 19779379 25539723 0 0 1298432
868352 19833924 19833641 25609419 0 0 1261568
1228800 19888044 19887840 25679247 0 0 1306624
1310720 19942329 19942084 25748976 0 0 1257472
1216512 19996548 19996343 25818738 0 0 1298432
1040384 20050800 20050559 25888500 0 0 1298432
1044480 20104689 20104482 25957866 0 0 1306624
1040384 20158710 20158450 26027496 0 0 1257472
1097728 20212830 20212582 26097027 0 0 1306624
1187840 20266719 20266448 26166426 0 0 1306624
1064960 20320905 20320714 26236155 0 0 1306624
1159168 20375124 20374848 26305950 0 0 1306624
1175552 20429277 20429087 26375745 0 0 1310720
950272 20483595 20483324 26445540 0 0 1306624
1372160 20537616 20537331 26515104 0 0 1208320
1163264 20591373 20591118 26584239 0 0 1302528
929792 20645625 20645358 26654067 0 0 1298432
1097728 20700108 20699882 26724192 0 0 1302528
1744896 20754624 20754195 26794383 0 0 1949696
1011712 20808876 20808613 26864112 0 0 1306624
999424 20864052 20863748 26935062 0 0 1310720
921600 20917941 20917661 27004428 0 0 1306624
1118208 20972127 20971888 27074223 0 0 1302528
1208320 21026346 21026085 27144051 0 0 1306624
1089536 21080532 21080304 27213747 0 0 1298432
950272 21134718 21134467 27283542 0 0 1245184
1867776 21188970 21188545 27353271 0 0 1990656
1245184 21242859 21242594 27422703 0 0 1306624
1257472 21285858 21285658 27478374 0 0 1302528
1142784 21339912 21339672 27548334 0 0 1261568
1204224 21393603 21393392 27617865 0 0 1261568
1282048 21447657 21447373 27687825 0 0 1306624
1015808 21501645 21501409 27757719 0 0 1302528
1089536 21555369 21555132 27827250 0 0 1298432
1040384 21609357 21609123 27897210 0 0 1261568
1318912 21663444 21663177 27967203 0 0 1298432
1134592 21717762 21717491 28037559 0 0 1302528
1179648 21771783 21771514 28107486 0 0 1261568
1130496 21825771 21825577 28177446 0 0 1306624
1245184 21879858 21879593 28247340 0 0 1257472
1261568 21933549 21933278 28316937 0 0 1298432
1273856 21987867 21987553 28387260 0 0 1310720
1081344 22041855 22041598 28457187 0 0 1310720
1138688 22095876 22095617 28527147 0 0 1306624
1044480 22149897 22149643 28597041 0 0 1302528
1134592 22203819 22203620 28667001 0 0 1261568
1085440 22257576 22257364 28736598 0 0 1302528
1142784 22311663 22311360 28806525 0 0 1261568
1159168 22365618 22365421 28876452 0 0 1306624
1241088 22419672 22419440 28946379 0 0 1257472
1110016 22473396 22473111 29015976 0 0 1302528
991232 22527384 22527158 29085804 0 0 1302528
1138688 22581438 22581174 29155764 0 0 1302528
1257472 22635393 22635154 29225790 0 0 1306624
1159168 22689183 22688912 29295321 0 0 1310720
1155072 22743171 22742924 29365281 0 0 1245184
1220608 22797225 22796970 29435142 0 0 1261568
