cache	rss	rss_huge	shmem	mapped_file	dirty	writeback	pgpgin	pgpgout	pgfault	pgmajfault	inactive_anon	active_anon	inactive_file	active_file	unevictable	hierarchical_memory_limit	total_cache	total_rss	total_rss_huge	total_shmem	total_mapped_file	total_dirty	total_writeback	total_pgpgin	total_pgpgout	total_pgfault	total_pgmajfault	total_inactive_anon	total_active_anon	total_inactive_file	total_active_file	total_unevictable	
0	1622016	0	0	0	0	0	4323	3889	5445	0	0	2043904	20480	0	0	12582912	0	1622016	0	0	0	0	0	4323	3889	5445	0	0	2043904	20480	0	0	
0	2519040	0	0	0	0	0	11352	10759	13728	0	0	2768896	0	0	0	12582912	0	2519040	0	0	0	0	0	11352	10759	13728	0	0	2768896	0	0	0	
0	2510848	0	0	0	0	0	17886	17297	21417	0	0	2772992	0	0	0	12582912	0	2510848	0	0	0	0	0	17886	17297	21417	0	0	2772992	0	0	0	
0	2445312	0	0	0	0	0	24948	24422	29832	0	606208	2068480	0	0	0	12582912	0	2445312	0	0	0	0	0	24948	24422	29832	0	606208	2068480	0	0	0	
0	1822720	0	0	0	0	0	32043	31670	38247	0	606208	1339392	0	0	0	12582912	0	1822720	0	0	0	0	0	32043	31670	38247	0	606208	1339392	0	0	0	
0	1634304	0	0	0	0	0	38676	38232	46200	0	413696	1368064	20480	0	0	12582912	0	1634304	0	0	0	0	0	38676	38232	46200	0	413696	1368064	20480	0	0	
0	466944	0	0	0	0	0	46200	46112	55275	0	413696	229376	20480	0	0	12582912	0	466944	0	0	0	0	0	46200	46112	55275	0	413696	229376	20480	0	0	
0	1572864	0	0	0	0	0	56760	56372	67815	0	413696	1363968	0	0	0	12582912	0	1572864	0	0	0	0	0	56760	56372	67815	0	413696	1363968	0	0	0	
0	2162688	0	0	0	0	0	65373	64784	78045	0	413696	2113536	0	0	0	12582912	0	2162688	0	0	0	0	0	65373	64784	78045	0	413696	2113536	0	0	0	
0	901120	0	0	0	0	0	72006	71805	86097	0	409600	610304	20480	0	0	12582912	0	901120	0	0	0	0	0	72006	71805	86097	0	409600	610304	20480	0	0	
0	1679360	0	0	0	0	0	80454	80071	96096	0	409600	1368064	0	0	0	12582912	0	1679360	0	0	0	0	0	80454	80071	96096	0	409600	1368064	0	0	0	
0	2191360	0	0	0	0	0	89496	88934	106920	0	409600	2121728	0	0	0	12582912	0	2191360	0	0	0	0	0	89496	88934	106920	0	409600	2121728	0	0	0	
0	1515520	0	0	0	0	0	96063	95742	114708	0	327680	1294336	20480	0	0	12582912	0	1515520	0	0	0	0	0	96063	95742	114708	0	327680	1294336	20480	0	0	
0	2023424	0	0	0	0	0	104115	103594	124278	0	319488	2023424	0	0	0	12582912	0	2023424	0	0	0	0	0	104115	103594	124278	0	319488	2023424	0	0	0	
0	1327104	0	0	0	0	0	111441	111123	133188	0	315392	1302528	0	0	0	12582912	0	1327104	0	0	0	0	0	111441	111123	133188	0	315392	1302528	0	0	0	
0	2158592	0	0	0	0	0	120219	119725	143583	0	315392	2027520	0	0	0	12582912	0	2158592	0	0	0	0	0	120219	119725	143583	0	315392	2027520	0	0	0	
0	1482752	0	0	0	0	0	128766	128513	153747	0	315392	1294336	0	0	0	12582912	0	1482752	0	0	0	0	0	128766	128513	153747	0	315392	1294336	0	0	0	
0	1363968	0	0	0	0	0	135135	134852	161370	0	311296	1261568	0	0	0	12582912	0	1363968	0	0	0	0	0	135135	134852	161370	0	311296	1261568	0	0	0	
0	655360	0	0	0	0	0	142065	141903	169686	0	311296	655360	20480	0	0	12582912	0	655360	0	0	0	0	0	142065	141903	169686	0	311296	655360	20480	0	0	
0	2187264	0	0	0	0	0	148929	148468	177870	0	311296	2048000	20480	0	0	12582912	0	2187264	0	0	0	0	0	148929	148468	177870	0	311296	2048000	20480	0	0	
0	2158592	0	0	0	0	0	156948	156503	187407	0	311296	1990656	20480	0	0	12582912	0	2158592	0	0	0	0	0	156948	156503	187407	0	311296	1990656	20480	0	0	
0	2248704	0	0	0	0	0	163053	162557	194667	0	311296	1994752	20480	0	0	12582912	0	2248704	0	0	0	0	0	163053	162557	194667	0	311296	1994752	20480	0	0	
0	1376256	0	0	0	0	0	172062	171813	205458	0	307200	1306624	0	0	0	12582912	0	1376256	0	0	0	0	0	172062	171813	205458	0	307200	1306624	0	0	0	
0	1400832	0	0	0	0	0	181731	181376	216876	0	307200	1257472	0	0	0	12582912	0	1400832	0	0	0	0	0	181731	181376	216876	0	307200	1257472	0	0	0	
0	1015808	0	0	0	0	0	189486	189253	226149	0	307200	843776	20480	0	0	12582912	0	1015808	0	0	0	0	0	189486	189253	226149	0	307200	843776	20480	0	0	
0	1359872	0	0	0	0	0	196317	195978	234333	0	303104	1306624	0	0	0	12582912	0	1359872	0	0	0	0	0	196317	195978	234333	0	303104	1306624	0	0	0	
0	1449984	0	0	0	0	0	203346	203052	242715	0	303104	1310720	0	0	0	12582912	0	1449984	0	0	0	0	0	203346	203052	242715	0	303104	1310720	0	0	0	
0	1482752	0	0	0	0	0	209946	209585	250503	0	303104	1310720	0	0	0	12582912	0	1482752	0	0	0	0	0	209946	209585	250503	0	303104	1310720	0	0	0	
0	1576960	0	0	0	0	0	217470	217149	259479	0	303104	1306624	0	0	0	12582912	0	1576960	0	0	0	0	0	217470	217149	259479	0	303104	1306624	0	0	0	
0	1523712	0	0	0	0	0	224532	224235	267927	0	303104	1306624	0	0	0	12582912	0	1523712	0	0	0	0	0	224532	224235	267927	0	303104	1306624	0	0	0	
0	1470464	0	0	0	0	0	233046	232783	278157	0	299008	1314816	0	0	0	12582912	0	1470464	0	0	0	0	0	233046	232783	278157	0	299008	1314816	0	0	0	
0	1187840	0	0	0	0	0	242418	242144	289344	0	294912	1179648	20480	0	0	12582912	0	1187840	0	0	0	0	0	242418	242144	289344	0	294912	1179648	20480	0	0	
0	1474560	0	0	0	0	0	249711	249422	298023	0	294912	1318912	0	0	0	12582912	0	1474560	0	0	0	0	0	249711	249422	298023	0	294912	1318912	0	0	0	
0	2039808	0	0	0	0	0	256245	255722	305778	0	294912	2052096	20480	0	0	12582912	0	2039808	0	0	0	0	0	256245	255722	305778	0	294912	2052096	20480	0	0	
0	1441792	0	0	0	0	0	262812	262493	313632	0	290816	1327104	0	0	0	12582912	0	1441792	0	0	0	0	0	262812	262493	313632	0	290816	1327104	0	0	0	
0	1454080	0	0	0	0	0	270831	270524	323235	0	290816	1273856	0	0	0	12582912	0	1454080	0	0	0	0	0	270831	270524	323235	0	290816	1273856	0	0	0	
0	2285568	0	0	0	0	0	277926	277409	331650	0	290816	2060288	0	0	0	12582912	0	2285568	0	0	0	0	0	277926	277409	331650	0	290816	2060288	0	0	0	
0	1503232	0	0	0	0	0	283965	283665	338844	0	290816	1331200	20480	0	0	12582912	0	1503232	0	0	0	0	0	283965	283665	338844	0	290816	1331200	20480	0	0	
0	1560576	0	0	0	0	0	293502	293207	350262	0	286720	1323008	0	0	0	12582912	0	1560576	0	0	0	0	0	293502	293207	350262	0	286720	1323008	0	0	0	
0	2084864	0	0	0	0	0	303567	303094	362274	0	286720	2064384	0	0	0	12582912	0	2084864	0	0	0	0	0	303567	303094	362274	0	286720	2064384	0	0	0	
0	2048000	0	0	0	0	0	311124	310674	371283	0	286720	2060288	0	0	0	12582912	0	2048000	0	0	0	0	0	311124	310674	371283	0	286720	2060288	0	0	0	
0	1249280	0	0	0	0	0	319704	319381	381513	0	286720	1323008	0	0	0	12582912	0	1249280	0	0	0	0	0	319704	319381	381513	0	286720	1323008	0	0	0	
0	1441792	0	0	0	0	0	326271	325966	389268	0	282624	1331200	0	0	0	12582912	0	1441792	0	0	0	0	0	326271	325966	389268	0	282624	1331200	0	0	0	
0	1474560	0	0	0	0	0	332838	332503	397122	0	282624	1335296	20480	0	0	12582912	0	1474560	0	0	0	0	0	332838	332503	397122	0	282624	1335296	20480	0	0	
0	1486848	0	0	0	0	0	340329	340042	406164	0	282624	1327104	0	0	0	12582912	0	1486848	0	0	0	0	0	340329	340042	406164	0	282624	1327104	0	0	0	
0	1409024	0	0	0	0	0	346467	346106	413358	0	282624	1327104	0	0	0	12582912	0	1409024	0	0	0	0	0	346467	346106	413358	0	282624	1327104	0	0	0	
0	1544192	0	0	0	0	0	355509	355203	424182	0	282624	1335296	20480	0	0	12582912	0	1544192	0	0	0	0	0	355509	355203	424182	0	282624	1335296	20480	0	0	
0	1171456	0	0	0	0	0	365046	364793	435567	0	81920	1339392	20480	0	0	12582912	0	1171456	0	0	0	0	0	365046	364793	435567	0	81920	1339392	20480	0	0	
0	1216512	0	0	0	0	0	372141	371851	444048	0	81920	1335296	0	0	0	12582912	0	1216512	0	0	0	0	0	372141	371851	444048	0	81920	1335296	0	0	0	
0	1282048	0	0	0	0	0	378147	377895	451275	0	81920	1343488	20480	0	0	12582912	0	1282048	0	0	0	0	0	378147	377895	451275	0	81920	1343488	20480	0	0	
0	1916928	0	0	0	0	0	384681	384242	459030	0	81920	2072576	0	0	0	12582912	0	1916928	0	0	0	0	0	384681	384242	459030	0	81920	2072576	0	0	0	
0	1662976	0	0	0	0	0	391776	391386	467445	0	81920	1769472	0	0	0	12582912	0	1662976	0	0	0	0	0	391776	391386	467445	0	81920	1769472	0	0	0	
0	1998848	0	0	0	0	0	399333	398872	476487	0	81920	2031616	0	0	0	12582912	0	1998848	0	0	0	0	0	399333	398872	476487	0	81920	2031616	0	0	0	
0	1859584	0	0	0	0	0	406857	406418	485463	0	81920	2031616	0	0	0	12582912	0	1859584	0	0	0	0	0	406857	406418	485463	0	81920	2031616	0	0	0	
0	1986560	0	0	0	0	0	416955	416505	497475	0	81920	2076672	0	0	0	12582912	0	1986560	0	0	0	0	0	416955	416505	497475	0	81920	2076672	0	0	0	
0	1249280	0	0	0	0	0	426030	425803	508365	0	81920	1351680	20480	0	0	12582912	0	1249280	0	0	0	0	0	426030	425803	508365	0	81920	1351680	20480	0	0	
0	1863680	0	0	0	0	0	433620	433131	517407	0	81920	2076672	0	0	0	12582912	0	1863680	0	0	0	0	0	433620	433131	517407	0	81920	2076672	0	0	0	
0	1261568	0	0	0	0	0	440121	439903	525129	0	81920	1339392	0	0	0	12582912	0	1261568	0	0	0	0	0	440121	439903	525129	0	81920	1339392	0	0	0	
0	1871872	0	0	0	0	0	447678	447240	534105	0	81920	2035712	0	0	0	12582912	0	1871872	0	0	0	0	0	447678	447240	534105	0	81920	2035712	0	0	0	
0	12288	0	0	0	0	0	454707	454798	542652	0	81920	155648	20480	0	0	12582912	0	12288	0	0	0	0	0	454707	454798	542652	0	81920	155648	20480	0	0	
0	1028096	0	0	0	0	0	462330	462056	551628	0	81920	1347584	0	0	0	12582912	0	1028096	0	0	0	0	0	462330	462056	551628	0	81920	1347584	0	0	0	
0	1773568	0	0	0	0	0	468831	468430	559383	0	81920	2093056	0	0	0	12582912	0	1773568	0	0	0	0	0	468831	468430	559383	0	81920	2093056	0	0	0	
0	1277952	0	0	0	0	0	477477	477176	569613	0	81920	1347584	0	0	0	12582912	0	1277952	0	0	0	0	0	477477	477176	569613	0	81920	1347584	0	0	0	
0	1961984	0	0	0	0	0	487014	486524	580998	0	81920	2105344	0	0	0	12582912	0	1961984	0	0	0	0	0	487014	486524	580998	0	81920	2105344	0	0	0	
0	1175552	0	0	0	0	0	493053	492795	588258	0	81920	1351680	0	0	0	12582912	0	1175552	0	0	0	0	0	493053	492795	588258	0	81920	1351680	0	0	0	
0	1310720	0	0	0	0	0	499554	499342	596046	0	81920	1359872	20480	0	0	12582912	0	1310720	0	0	0	0	0	499554	499342	596046	0	81920	1359872	20480	0	0	
0	1359872	0	0	0	0	0	506583	506376	604494	0	81920	1355776	0	0	0	12582912	0	1359872	0	0	0	0	0	506583	506376	604494	0	81920	1355776	0	0	0	
0	1785856	0	0	0	0	0	513678	513247	612909	0	81920	2093056	0	0	0	12582912	0	1785856	0	0	0	0	0	513678	513247	612909	0	81920	2093056	0	0	0	
0	1351680	0	0	0	0	0	520773	520459	621324	0	81920	1368064	20480	0	0	12582912	0	1351680	0	0	0	0	0	520773	520459	621324	0	81920	1368064	20480	0	0	
0	1314816	0	0	0	0	0	528792	528555	630894	0	81920	1363968	0	0	0	12582912	0	1314816	0	0	0	0	0	528792	528555	630894	0	81920	1363968	0	0	0	
0	1368064	0	0	0	0	0	537900	537626	641751	0	81920	1355776	0	0	0	12582912	0	1368064	0	0	0	0	0	537900	537626	641751	0	81920	1355776	0	0	0	
0	1384448	0	0	0	0	0	546480	546195	651948	0	81920	1314816	0	0	0	12582912	0	1384448	0	0	0	0	0	546480	546195	651948	0	81920	1314816	0	0	0	
0	1343488	0	0	0	0	0	554301	554042	661386	0	81920	1359872	20480	0	0	12582912	0	1343488	0	0	0	0	0	554301	554042	661386	0	81920	1359872	20480	0	0	
0	1212416	0	0	0	0	0	562122	561877	670791	33	28672	1347584	0	0	0	12582912	0	1212416	0	0	0	0	0	562122	561877	670791	33	28672	1347584	0	0	0	
0	811008	0	0	0	0	0	568920	568704	678942	33	24576	1085440	20480	0	0	12582912	0	811008	0	0	0	0	0	568920	568704	678942	33	24576	1085440	20480	0	0	
0	1101824	0	0	0	0	0	575718	575456	687027	33	24576	1359872	20480	0	0	12582912	0	1101824	0	0	0	0	0	575718	575456	687027	33	24576	1359872	20480	0	0	
0	1241088	0	0	0	0	0	583275	583012	696036	33	24576	1355776	0	0	0	12582912	0	1241088	0	0	0	0	0	583275	583012	696036	33	24576	1355776	0	0	0	
0	1253376	0	0	0	0	0	590799	590561	705012	33	24576	1359872	0	0	0	12582912	0	1253376	0	0	0	0	0	590799	590561	705012	33	24576	1359872	0	0	0	
0	1785856	0	0	0	0	0	601392	600983	717618	33	24576	2056192	20480	0	0	12582912	0	1785856	0	0	0	0	0	601392	600983	717618	33	24576	2056192	20480	0	0	
0	1282048	0	0	0	0	0	611028	610759	729102	33	24576	1368064	0	0	0	12582912	0	1282048	0	0	0	0	0	611028	610759	729102	33	24576	1368064	0	0	0	
0	282624	0	0	0	0	0	616605	616591	735933	33	24576	438272	20480	0	0	12582912	0	282624	0	0	0	0	0	616605	616591	735933	33	24576	438272	20480	0	0	
0	1753088	0	0	0	0	0	624030	623658	744645	33	24576	1818624	0	0	0	12582912	0	1753088	0	0	0	0	0	624030	623658	744645	33	24576	1818624	0	0	0	
0	1232896	0	0	0	0	0	631620	631388	753753	33	24576	1372160	0	0	0	12582912	0	1232896	0	0	0	0	0	631620	631388	753753	33	24576	1372160	0	0	0	
0	1298432	0	0	0	0	0	638715	638426	762135	33	24576	1314816	0	0	0	12582912	0	1298432	0	0	0	0	0	638715	638426	762135	33	24576	1314816	0	0	0	
0	1646592	0	0	0	0	0	645678	645330	770451	33	24576	1818624	20480	0	0	12582912	0	1646592	0	0	0	0	0	645678	645330	770451	33	24576	1818624	20480	0	0	
0	1343488	0	0	0	0	0	653301	653077	779592	33	24576	1376256	0	0	0	12582912	0	1343488	0	0	0	0	0	653301	653077	779592	33	24576	1376256	0	0	0	
0	1183744	0	0	0	0	0	662409	662159	790383	33	24576	1372160	0	0	0	12582912	0	1183744	0	0	0	0	0	662409	662159	790383	33	24576	1372160	0	0	0	
0	1400832	0	0	0	0	0	670461	670211	800019	33	24576	1380352	20480	0	0	12582912	0	1400832	0	0	0	0	0	670461	670211	800019	33	24576	1380352	20480	0	0	
0	1208320	0	0	0	0	0	677523	677234	808401	33	24576	1368064	0	0	0	12582912	0	1208320	0	0	0	0	0	677523	677234	808401	33	24576	1368064	0	0	0	
0	1355776	0	0	0	0	0	684420	684115	816651	33	24576	1417216	20480	0	0	12582912	0	1355776	0	0	0	0	0	684420	684115	816651	33	24576	1417216	20480	0	0	
0	585728	0	0	0	0	0	691779	691671	825561	33	24576	786432	20480	0	0	12582912	0	585728	0	0	0	0	0	691779	691671	825561	33	24576	786432	20480	0	0	
0	1277952	0	0	0	0	0	699204	698910	834273	33	24576	1384448	20480	0	0	12582912	0	1277952	0	0	0	0	0	699204	698910	834273	33	24576	1384448	20480	0	0	
0	1212416	0	0	0	0	0	706761	706454	843249	33	24576	1384448	0	0	0	12582912	0	1212416	0	0	0	0	0	706761	706454	843249	33	24576	1384448	0	0	0	
0	1216512	0	0	0	0	0	714846	714549	852918	33	24576	1388544	0	0	0	12582912	0	1216512	0	0	0	0	0	714846	714549	852918	33	24576	1388544	0	0	0	
0	1339392	0	0	0	0	0	725901	725633	866085	33	24576	1388544	20480	0	0	12582912	0	1339392	0	0	0	0	0	725901	725633	866085	33	24576	1388544	20480	0	0	
0	1204224	0	0	0	0	0	733887	733709	875754	33	24576	1388544	0	0	0	12582912	0	1204224	0	0	0	0	0	733887	733709	875754	33	24576	1388544	0	0	0	
0	1208320	0	0	0	0	0	740982	740765	884103	33	24576	1384448	0	0	0	12582912	0	1208320	0	0	0	0	0	740982	740765	884103	33	24576	1384448	0	0	0	
0	1077248	0	0	0	0	0	747516	747257	891990	33	24576	1384448	20480	0	0	12582912	0	1077248	0	0	0	0	0	747516	747257	891990	33	24576	1384448	20480	0	0	
0	1097728	0	0	0	0	0	755106	754860	901032	33	24576	1388544	0	0	0	12582912	0	1097728	0	0	0	0	0	755106	754860	901032	33	24576	1388544	0	0	0	
0	1306624	0	0	0	0	0	761607	761399	908820	33	24576	1392640	0	0	0	12582912	0	1306624	0	0	0	0	0	761607	761399	908820	33	24576	1392640	0	0	0	
0	1343488	0	0	0	0	0	768669	768457	917235	33	24576	1400832	20480	0	0	12582912	0	1343488	0	0	0	0	0	768669	768457	917235	33	24576	1400832	20480	0	0	
0	1228800	0	0	0	0	0	777744	777495	927960	33	24576	1396736	0	0	0	12582912	0	1228800	0	0	0	0	0	777744	777495	927960	33	24576	1396736	0	0	0	
0	1835008	0	0	0	0	0	786819	786399	938883	33	24576	2125824	20480	0	0	12582912	0	1835008	0	0	0	0	0	786819	786399	938883	33	24576	2125824	20480	0	0	
0	1572864	0	0	0	0	0	793419	792974	946671	33	24576	1884160	0	0	0	12582912	0	1572864	0	0	0	0	0	793419	792974	946671	33	24576	1884160	0	0	0	
0	1171456	0	0	0	0	0	800415	800206	954987	33	24576	1396736	0	0	0	12582912	0	1171456	0	0	0	0	0	800415	800206	954987	33	24576	1396736	0	0	0	
0	1347584	0	0	0	0	0	808533	808234	964656	33	24576	1347584	0	0	0	12582912	0	1347584	0	0	0	0	0	808533	808234	964656	33	24576	1347584	0	0	0	
0	1236992	0	0	0	0	0	815595	815269	973071	33	24576	1396736	20480	0	0	12582912	0	1236992	0	0	0	0	0	815595	815269	973071	33	24576	1396736	20480	0	0	
0	1253376	0	0	0	0	0	822624	822359	981486	33	24576	1392640	0	0	0	12582912	0	1253376	0	0	0	0	0	822624	822359	981486	33	24576	1392640	0	0	0	
0	1355776	0	0	0	0	0	828696	828406	988746	33	24576	1400832	20480	0	0	12582912	0	1355776	0	0	0	0	0	828696	828406	988746	33	24576	1400832	20480	0	0	
0	1245184	0	0	0	0	0	837210	836963	998910	33	24576	1413120	20480	0	0	12582912	0	1245184	0	0	0	0	0	837210	836963	998910	33	24576	1413120	20480	0	0	
0	1884160	0	0	0	0	0	847341	846827	1010922	33	24576	2142208	0	0	0	12582912	0	1884160	0	0	0	0	0	847341	846827	1010922	33	24576	2142208	0	0	0	
0	1376256	0	0	0	0	0	853875	853609	1018743	33	24576	1404928	0	0	0	12582912	0	1376256	0	0	0	0	0	853875	853609	1018743	33	24576	1404928	0	0	0	
0	1310720	0	0	0	0	0	862422	862181	1028940	33	24576	1417216	20480	0	0	12582912	0	1310720	0	0	0	0	0	862422	862181	1028940	33	24576	1417216	20480	0	0	
0	1245184	0	0	0	0	0	870507	870203	1038576	33	24576	1413120	0	0	0	12582912	0	1245184	0	0	0	0	0	870507	870203	1038576	33	24576	1413120	0	0	0	
0	1323008	0	0	0	0	0	878064	877765	1047618	33	24576	1421312	0	0	0	12582912	0	1323008	0	0	0	0	0	878064	877765	1047618	33	24576	1421312	0	0	0	
0	897024	0	0	0	0	0	885852	885649	1056957	33	24576	1134592	20480	0	0	12582912	0	897024	0	0	0	0	0	885852	885649	1056957	33	24576	1134592	20480	0	0	
0	2052096	0	0	0	0	0	893112	892688	1065636	33	24576	2154496	0	0	0	12582912	0	2052096	0	0	0	0	0	893112	892688	1065636	33	24576	2154496	0	0	0	
0	1282048	0	0	0	0	0	902253	901970	1076460	33	24576	1396736	0	0	0	12582912	0	1282048	0	0	0	0	0	902253	901970	1076460	33	24576	1396736	0	0	0	
0	1290240	0	0	0	0	0	910800	910550	1086624	33	24576	1421312	20480	0	0	12582912	0	1290240	0	0	0	0	0	910800	910550	1086624	33	24576	1421312	20480	0	0	
0	1871872	0	0	0	0	0	918324	917879	1095666	33	24576	2060288	0	0	0	12582912	0	1871872	0	0	0	0	0	918324	917879	1095666	33	24576	2060288	0	0	0	
0	1949696	0	0	0	0	0	925881	925444	1104708	33	24576	2158592	0	0	0	12582912	0	1949696	0	0	0	0	0	925881	925444	1104708	33	24576	2158592	0	0	0	
0	1257472	0	0	0	0	0	932745	932536	1112925	33	24576	1363968	0	0	0	12582912	0	1257472	0	0	0	0	0	932745	932536	1112925	33	24576	1363968	0	0	0	
0	2011136	0	0	0	0	0	940467	940087	1122132	33	24576	2166784	0	0	0	12582912	0	2011136	0	0	0	0	0	940467	940087	1122132	33	24576	2166784	0	0	0	
0	1306624	0	0	0	0	0	947661	947313	1130613	33	24576	1429504	0	0	0	12582912	0	1306624	0	0	0	0	0	947661	947313	1130613	33	24576	1429504	0	0	0	
0	2035712	0	0	0	0	0	955152	954687	1139523	33	24576	2134016	0	0	0	12582912	0	2035712	0	0	0	0	0	955152	954687	1139523	33	24576	2134016	0	0	0	
0	1273856	0	0	0	0	0	964722	964442	1151040	33	24576	1388544	20480	0	0	12582912	0	1273856	0	0	0	0	0	964722	964442	1151040	33	24576	1388544	20480	0	0	
0	1228800	0	0	0	0	0	972741	972476	1160544	33	24576	1433600	0	0	0	12582912	0	1228800	0	0	0	0	0	972741	972476	1160544	33	24576	1433600	0	0	0	
0	2121728	0	0	0	0	0	980793	980333	1170180	33	24576	2162688	0	0	0	12582912	0	2121728	0	0	0	0	0	980793	980333	1170180	33	24576	2162688	0	0	0	
0	1961984	0	0	0	0	0	988317	987944	1179222	33	24576	2170880	20480	0	0	12582912	0	1961984	0	0	0	0	0	988317	987944	1179222	33	24576	2170880	20480	0	0	
0	1216512	0	0	0	0	0	995709	995457	1188066	33	24576	1400832	0	0	0	12582912	0	1216512	0	0	0	0	0	995709	995457	1188066	33	24576	1400832	0	0	0	
0	1175552	0	0	0	0	0	1003299	1003038	1197009	33	24576	1351680	0	0	0	12582912	0	1175552	0	0	0	0	0	1003299	1003038	1197009	33	24576	1351680	0	0	0	
0	610304	0	0	0	0	0	1009140	1009054	1204170	66	49152	643072	24576	0	0	12582912	0	610304	0	0	0	0	0	1009140	1009054	1204170	66	49152	643072	24576	0	0	
0	2560000	0	0	0	0	0	1011813	1011214	1207602	66	528384	2048000	24576	0	0	12582912	0	2560000	0	0	0	0	0	1011813	1011214	1207602	66	528384	2048000	24576	0	0	
0	1208320	0	0	0	0	0	1020393	1020102	1217865	66	233472	1298432	0	0	0	12582912	0	1208320	0	0	0	0	0	1020393	1020102	1217865	66	233472	1298432	0	0	0	
0	1347584	0	0	0	0	0	1028511	1028252	1227435	66	229376	1306624	20480	0	0	12582912	0	1347584	0	0	0	0	0	1028511	1028252	1227435	66	229376	1306624	20480	0	0	
0	1273856	0	0	0	0	0	1037091	1036809	1237665	66	229376	1294336	0	0	0	12582912	0	1273856	0	0	0	0	0	1037091	1036809	1237665	66	229376	1294336	0	0	0	
0	1232896	0	0	0	0	0	1044714	1044430	1246707	66	77824	1314816	0	0	0	12582912	0	1232896	0	0	0	0	0	1044714	1044430	1246707	66	77824	1314816	0	0	0	
0	1179648	0	0	0	0	0	1051314	1051035	1254495	66	73728	1323008	20480	0	0	12582912	0	1179648	0	0	0	0	0	1051314	1051035	1254495	66	73728	1323008	20480	0	0	
0	1126400	0	0	0	0	0	1059894	1059637	1264956	66	20480	1351680	0	0	0	12582912	0	1126400	0	0	0	0	0	1059894	1059637	1264956	66	20480	1351680	0	0	0	
0	823296	0	0	0	0	0	1067748	1067547	1274394	66	20480	1155072	20480	0	0	12582912	0	823296	0	0	0	0	0	1067748	1067547	1274394	66	20480	1155072	20480	0	0	
0	110592	0	0	0	0	0	1075734	1075687	1283766	66	20480	364544	20480	0	0	12582912	0	110592	0	0	0	0	0	1075734	1075687	1283766	66	20480	364544	20480	0	0	
0	667648	0	0	0	0	0	1085997	1085859	1296075	66	20480	942080	20480	0	0	12582912	0	667648	0	0	0	0	0	1085997	1085859	1296075	66	20480	942080	20480	0	0	
0	1986560	0	0	0	0	0	1094412	1094049	1306338	99	12288	2093056	0	0	0	12582912	0	1986560	0	0	0	0	0	1094412	1094049	1306338	99	12288	2093056	0	0	0	
0	1921024	0	0	0	0	0	1101078	1100616	1314159	99	12288	2093056	20480	0	0	12582912	0	1921024	0	0	0	0	0	1101078	1100616	1314159	99	12288	2093056	20480	0	0	
0	1073152	0	0	0	0	0	1107975	1107708	1322343	99	12288	1363968	0	0	0	12582912	0	1073152	0	0	0	0	0	1107975	1107708	1322343	99	12288	1363968	0	0	0	
0	1253376	0	0	0	0	0	1114740	1114473	1330296	99	12288	1359872	0	0	0	12582912	0	1253376	0	0	0	0	0	1114740	1114473	1330296	99	12288	1359872	0	0	0	
0	1089536	0	0	0	0	0	1122099	1121881	1339140	99	16384	1323008	0	0	0	12582912	0	1089536	0	0	0	0	0	1122099	1121881	1339140	99	16384	1323008	0	0	0	
0	1863680	0	0	0	0	0	1129392	1128979	1347786	99	16384	2097152	0	0	0	12582912	0	1863680	0	0	0	0	0	1129392	1128979	1347786	99	16384	2097152	0	0	0	
0	1744896	0	0	0	0	0	1137510	1137009	1357389	99	16384	2109440	0	0	0	12582912	0	1744896	0	0	0	0	0	1137510	1137009	1357389	99	16384	2109440	0	0	0	
0	1241088	0	0	0	0	0	1145628	1145361	1366992	99	16384	1363968	0	0	0	12582912	0	1241088	0	0	0	0	0	1145628	1145361	1366992	99	16384	1363968	0	0	0	
0	1949696	0	0	0	0	0	1154208	1153782	1377222	99	20480	2109440	0	0	0	12582912	0	1949696	0	0	0	0	0	1154208	1153782	1377222	99	20480	2109440	0	0	0	
0	1269760	0	0	0	0	0	1161336	1161046	1385637	99	20480	1363968	0	0	0	12582912	0	1269760	0	0	0	0	0	1161336	1161046	1385637	99	20480	1363968	0	0	0	
0	1249280	0	0	0	0	0	1166847	1166599	1392237	99	20480	1376256	20480	0	0	12582912	0	1249280	0	0	0	0	0	1166847	1166599	1392237	99	20480	1376256	20480	0	0	
0	1892352	0	0	0	0	0	1173909	1173487	1400619	99	20480	2121728	0	0	0	12582912	0	1892352	0	0	0	0	0	1173909	1173487	1400619	99	20480	2121728	0	0	0	
0	1118208	0	0	0	0	0	1181070	1180796	1409034	99	20480	1363968	0	0	0	12582912	0	1118208	0	0	0	0	0	1181070	1180796	1409034	99	20480	1363968	0	0	0	
0	1753088	0	0	0	0	0	1187637	1187182	1416954	99	24576	2097152	20480	0	0	12582912	0	1753088	0	0	0	0	0	1187637	1187182	1416954	99	24576	2097152	20480	0	0	
0	1753088	0	0	0	0	0	1195194	1194800	1425930	99	24576	2097152	0	0	0	12582912	0	1753088	0	0	0	0	0	1195194	1194800	1425930	99	24576	2097152	0	0	0	
0	1212416	0	0	0	0	0	1204302	1204094	1436787	99	24576	1368064	0	0	0	12582912	0	1212416	0	0	0	0	0	1204302	1204094	1436787	99	24576	1368064	0	0	0	
0	184320	0	0	0	0	135168	1212948	1212965	1447083	132	49152	184320	20480	0	0	12582912	0	184320	0	0	0	0	135168	1212948	1212965	1447083	132	49152	184320	20480	0	0	
0	1671168	0	0	0	0	135168	1221066	1220629	1456719	132	12288	2101248	0	0	0	12582912	0	1671168	0	0	0	0	135168	1221066	1220629	1456719	132	12288	2101248	0	0	0	
0	1802240	0	0	0	0	135168	1228689	1228229	1465695	132	12288	2056192	0	0	0	12582912	0	1802240	0	0	0	0	135168	1228689	1228229	1465695	132	12288	2056192	0	0	0	
0	1716224	0	0	0	0	135168	1237269	1236827	1475925	132	12288	2052096	0	0	0	12582912	0	1716224	0	0	0	0	135168	1237269	1236827	1475925	132	12288	2052096	0	0	0	
0	679936	0	0	0	0	135168	1243572	1243412	1483416	132	12288	946176	20480	0	0	12582912	0	679936	0	0	0	0	135168	1243572	1243412	1483416	132	12288	946176	20480	0	0	
0	1208320	0	0	0	0	135168	1249941	1249693	1491006	132	12288	1380352	20480	0	0	12582912	0	1208320	0	0	0	0	135168	1249941	1249693	1491006	132	12288	1380352	20480	0	0	
0	1191936	0	0	0	0	135168	1257531	1257281	1499982	132	12288	1363968	0	0	0	12582912	0	1191936	0	0	0	0	135168	1257531	1257281	1499982	132	12288	1363968	0	0	0	
0	1810432	0	0	0	0	135168	1267629	1267207	1511961	132	12288	2105344	0	0	0	12582912	0	1810432	0	0	0	0	135168	1267629	1267207	1511961	132	12288	2105344	0	0	0	
0	1253376	0	0	0	0	135168	1275285	1275029	1521003	132	12288	1372160	20480	0	0	12582912	0	1253376	0	0	0	0	135168	1275285	1275029	1521003	132	12288	1372160	20480	0	0	
0	1245184	0	0	0	0	135168	1282842	1282561	1529979	132	12288	1380352	0	0	0	12582912	0	1245184	0	0	0	0	135168	1282842	1282561	1529979	132	12288	1380352	0	0	0	
0	1896448	0	0	0	0	135168	1290366	1290004	1539021	132	12288	2125824	0	0	0	12582912	0	1896448	0	0	0	0	135168	1290366	1290004	1539021	132	12288	2125824	0	0	0	
0	1961984	0	0	0	0	135168	1297527	1297107	1547403	132	12288	2072576	0	0	0	12582912	0	1961984	0	0	0	0	135168	1297527	1297107	1547403	132	12288	2072576	0	0	0	
0	1183744	0	0	0	0	135168	1304655	1304351	1555851	132	12288	1380352	0	0	0	12582912	0	1183744	0	0	0	0	135168	1304655	1304351	1555851	132	12288	1380352	0	0	0	
0	1146880	0	0	0	0	135168	1311684	1311439	1564299	132	12288	1384448	20480	0	0	12582912	0	1146880	0	0	0	0	135168	1311684	1311439	1564299	132	12288	1384448	20480	0	0	
0	1183744	0	0	0	0	135168	1320825	1320563	1575090	132	12288	1380352	20480	0	0	12582912	0	1183744	0	0	0	0	135168	1320825	1320563	1575090	132	12288	1380352	20480	0	0	
0	1146880	0	0	0	0	135168	1329966	1329665	1585947	132	12288	1376256	0	0	0	12582912	0	1146880	0	0	0	0	135168	1329966	1329665	1585947	132	12288	1376256	0	0	0	
0	1236992	0	0	0	0	135168	1338018	1337740	1595517	132	12288	1384448	0	0	0	12582912	0	1236992	0	0	0	0	135168	1338018	1337740	1595517	132	12288	1384448	0	0	0	
0	1216512	0	0	0	0	135168	1345047	1344821	1603965	132	12288	1384448	0	0	0	12582912	0	1216512	0	0	0	0	135168	1345047	1344821	1603965	132	12288	1384448	0	0	0	
0	1929216	0	0	0	0	135168	1352241	1351789	1612545	198	36864	2023424	0	0	0	12582912	0	1929216	0	0	0	0	135168	1352241	1351789	1612545	198	36864	2023424	0	0	0	
0	1196032	0	0	0	0	0	1358808	1358604	1620399	198	36864	1335296	0	0	0	12582912	0	1196032	0	0	0	0	0	1358808	1358604	1620399	198	36864	1335296	0	0	0	
0	1716224	0	0	0	0	135168	1366398	1365922	1629375	198	36864	2072576	0	0	0	12582912	0	1716224	0	0	0	0	135168	1366398	1365922	1629375	198	36864	2072576	0	0	0	
0	1269760	0	0	0	0	135168	1374021	1373720	1638450	198	36864	1339392	0	0	0	12582912	0	1269760	0	0	0	0	135168	1374021	1373720	1638450	198	36864	1339392	0	0	0	
0	2027520	0	0	0	0	135168	1383624	1383124	1649835	198	40960	2072576	0	0	0	12582912	0	2027520	0	0	0	0	135168	1383624	1383124	1649835	198	40960	2072576	0	0	0	
0	1048576	0	0	0	0	135168	1393227	1392971	1661253	198	40960	1339392	20480	0	0	12582912	0	1048576	0	0	0	0	135168	1393227	1392971	1661253	198	40960	1339392	20480	0	0	
0	1314816	0	0	0	0	135168	1401378	1401069	1670856	198	40960	1335296	0	0	0	12582912	0	1314816	0	0	0	0	135168	1401378	1401069	1670856	198	40960	1335296	0	0	0	
0	1740800	0	0	0	0	135168	1408407	1407932	1679271	198	40960	2068480	0	0	0	12582912	0	1740800	0	0	0	0	135168	1408407	1407932	1679271	198	40960	2068480	0	0	0	
0	1146880	0	0	0	0	135168	1414479	1414188	1686531	198	40960	1351680	20480	0	0	12582912	0	1146880	0	0	0	0	135168	1414479	1414188	1686531	198	40960	1351680	20480	0	0	
0	1236992	0	0	0	0	135168	1422597	1422340	1696134	198	40960	1306624	0	0	0	12582912	0	1236992	0	0	0	0	135168	1422597	1422340	1696134	198	40960	1306624	0	0	0	
0	155648	0	0	0	0	135168	1429758	1429705	1704681	198	40960	348160	20480	0	0	12582912	0	155648	0	0	0	0	135168	1429758	1429705	1704681	198	40960	348160	20480	0	0	
0	1867776	0	0	0	0	135168	1437777	1437335	1714119	198	40960	2031616	0	0	0	12582912	0	1867776	0	0	0	0	135168	1437777	1437335	1714119	198	40960	2031616	0	0	0	
0	1261568	0	0	0	0	0	1447908	1447629	1726164	198	40960	1339392	0	0	0	12582912	0	1261568	0	0	0	0	0	1447908	1447629	1726164	198	40960	1339392	0	0	0	
0	1122304	0	0	0	0	135168	1457049	1456767	1736988	198	40960	1351680	0	0	0	12582912	0	1122304	0	0	0	0	135168	1457049	1456767	1736988	198	40960	1351680	0	0	0	
0	217088	0	0	0	0	135168	1463220	1463113	1744347	198	40960	303104	20480	0	0	12582912	0	217088	0	0	0	0	135168	1463220	1463113	1744347	198	40960	303104	20480	0	0	
0	1130496	0	0	0	0	135168	1469655	1469384	1752036	198	40960	1347584	20480	0	0	12582912	0	1130496	0	0	0	0	135168	1469655	1469384	1752036	198	40960	1347584	20480	0	0	
0	1216512	0	0	0	0	135168	1476750	1476495	1760451	198	40960	1347584	0	0	0	12582912	0	1216512	0	0	0	0	135168	1476750	1476495	1760451	198	40960	1347584	0	0	0	
0	0	0	0	0	0	135168	1483878	1483894	1768998	198	40960	282624	20480	0	0	12582912	0	0	0	0	0	0	135168	1483878	1483894	1768998	198	40960	282624	20480	0	0	
0	1822720	0	0	0	0	135168	1490907	1490453	1777248	198	40960	2076672	20480	0	0	12582912	0	1822720	0	0	0	0	135168	1490907	1490453	1777248	198	40960	2076672	20480	0	0	
0	1155072	0	0	0	0	135168	1498563	1498280	1786521	264	4096	1363968	0	0	0	12582912	0	1155072	0	0	0	0	135168	1498563	1498280	1786521	264	4096	1363968	0	0	0	
0	380928	0	0	0	0	135168	1500708	1500665	1789260	297	4096	700416	24576	0	0	12582912	0	380928	0	0	0	0	135168	1500708	1500665	1789260	297	4096	700416	24576	0	0	
0	2060288	0	0	0	0	135168	1507341	1506932	1797411	297	155648	2043904	0	0	0	12582912	0	2060288	0	0	0	0	135168	1507341	1506932	1797411	297	155648	2043904	0	0	0	
0	1212416	0	0	0	0	135168	1514469	1514218	1805892	297	151552	1306624	0	0	0	12582912	0	1212416	0	0	0	0	135168	1514469	1514218	1805892	297	151552	1306624	0	0	0	
0	1339392	0	0	0	0	135168	1521465	1521278	1814274	297	151552	1314816	0	0	0	12582912	0	1339392	0	0	0	0	135168	1521465	1521278	1814274	297	151552	1314816	0	0	0	
0	1146880	0	0	0	0	135168	1529616	1529374	1823943	297	151552	1318912	20480	0	0	12582912	0	1146880	0	0	0	0	135168	1529616	1529374	1823943	297	151552	1318912	20480	0	0	
0	1171456	0	0	0	0	135168	1537239	1536943	1832985	297	155648	1314816	0	0	0	12582912	0	1171456	0	0	0	0	135168	1537239	1536943	1832985	297	155648	1314816	0	0	0	
0	1880064	0	0	0	0	135168	1546776	1546346	1844337	297	155648	2048000	20480	0	0	12582912	0	1880064	0	0	0	0	135168	1546776	1546346	1844337	297	155648	2048000	20480	0	0	
0	2015232	0	0	0	0	135168	1554399	1553898	1853412	297	155648	2084864	0	0	0	12582912	0	2015232	0	0	0	0	135168	1554399	1553898	1853412	297	155648	2084864	0	0	0	
0	1851392	0	0	0	0	135168	1563507	1563059	1864599	330	0	2072576	0	0	0	12582912	0	1851392	0	0	0	0	135168	1563507	1563059	1864599	330	0	2072576	0	0	0	
0	1937408	0	0	0	0	135168	1572219	1571769	1875258	462	53248	2088960	0	0	0	12582912	0	1937408	0	0	0	0	135168	1572219	1571769	1875258	462	53248	2088960	0	0	0	
0	1179648	0	0	0	0	135168	1578819	1578567	1883079	462	16384	1359872	20480	0	0	12582912	0	1179648	0	0	0	0	135168	1578819	1578567	1883079	462	16384	1359872	20480	0	0	
0	929792	0	0	0	0	135168	1585386	1585090	1890933	462	16384	1359872	0	0	0	12582912	0	929792	0	0	0	0	135168	1585386	1585090	1890933	462	16384	1359872	0	0	0	
0	1867776	0	0	0	0	135168	1592943	1592506	1899975	462	16384	2101248	0	0	0	12582912	0	1867776	0	0	0	0	135168	1592943	1592506	1899975	462	16384	2101248	0	0	0	
0	811008	0	0	0	0	135168	1600269	1600093	1908786	462	20480	1085440	20480	0	0	12582912	0	811008	0	0	0	0	135168	1600269	1600093	1908786	462	20480	1085440	20480	0	0	
0	1241088	0	0	0	0	135168	1607133	1606850	1916838	462	24576	1355776	0	0	0	12582912	0	1241088	0	0	0	0	135168	1607133	1606850	1916838	462	24576	1355776	0	0	0	
0	1216512	0	0	0	0	135168	1614657	1614386	1925814	462	24576	1351680	0	0	0	12582912	0	1216512	0	0	0	0	135168	1614657	1614386	1925814	462	24576	1351680	0	0	0	
0	1937408	0	0	0	0	135168	1623303	1622824	1936011	462	24576	2105344	0	0	0	12582912	0	1937408	0	0	0	0	135168	1623303	1622824	1936011	462	24576	2105344	0	0	0	
0	1110016	0	0	0	0	135168	1630827	1630588	1945086	462	24576	1355776	0	0	0	12582912	0	1110016	0	0	0	0	135168	1630827	1630588	1945086	462	24576	1355776	0	0	0	
0	1699840	0	0	0	0	135168	1637460	1637039	1953072	495	942080	983040	0	0	0	12582912	0	1699840	0	0	0	0	135168	1637460	1637039	1953072	495	942080	983040	0	0	0	
0	262144	0	0	0	0	135168	1644720	1644676	1962114	561	12288	512000	20480	0	0	12582912	0	262144	0	0	0	0	135168	1644720	1644676	1962114	561	12288	512000	20480	0	0	
0	1298432	0	0	0	0	135168	1652244	1652014	1971156	594	12288	1372160	0	0	0	12582912	0	1298432	0	0	0	0	135168	1652244	1652014	1971156	594	12288	1372160	0	0	0	
0	1085440	0	0	0	0	135168	1659834	1659628	1980396	693	40960	1331200	0	0	0	12582912	0	1085440	0	0	0	0	135168	1659834	1659628	1980396	693	40960	1331200	0	0	0	
0	1867776	0	0	0	0	135168	1667490	1667022	1989405	693	40960	2068480	0	0	0	12582912	0	1867776	0	0	0	0	135168	1667490	1667022	1989405	693	40960	2068480	0	0	0	
0	274432	0	0	0	0	135168	1675245	1675136	1999107	726	20480	536576	20480	0	0	12582912	0	274432	0	0	0	0	135168	1675245	1675136	1999107	726	20480	536576	20480	0	0	
0	1032192	0	0	0	0	135168	1685475	1685164	2011944	924	53248	1318912	0	0	0	12582912	0	1032192	0	0	0	0	135168	1685475	1685164	2011944	924	53248	1318912	0	0	0	
0	1163264	0	0	0	0	135168	1693065	1692772	2020953	924	53248	1327104	20480	0	0	12582912	0	1163264	0	0	0	0	135168	1693065	1692772	2020953	924	53248	1327104	20480	0	0	
0	0	0	0	0	0	135168	1698609	1698586	2027553	924	53248	176128	20480	0	0	12582912	0	0	0	0	0	0	135168	1698609	1698586	2027553	924	53248	176128	20480	0	0	
0	1863680	0	0	0	0	135168	1705704	1705256	2036199	924	0	2064384	0	0	0	12582912	0	1863680	0	0	0	0	135168	1705704	1705256	2036199	924	0	2064384	0	0	0	
0	1536000	0	0	0	0	135168	1712172	1711822	2043954	924	0	1773568	0	0	0	12582912	0	1536000	0	0	0	0	135168	1712172	1711822	2043954	924	0	1773568	0	0	0	
0	1204224	0	0	0	0	135168	1719366	1719084	2052435	924	0	1380352	20480	0	0	12582912	0	1204224	0	0	0	0	135168	1719366	1719084	2052435	924	0	1380352	20480	0	0	
0	1273856	0	0	0	0	135168	1726428	1726171	2060850	924	0	1376256	0	0	0	12582912	0	1273856	0	0	0	0	135168	1726428	1726171	2060850	924	0	1376256	0	0	0	
0	1191936	0	0	0	0	135168	1735569	1735331	2071905	990	65536	1314816	20480	0	0	12582912	0	1191936	0	0	0	0	135168	1735569	1735331	2071905	990	65536	1314816	20480	0	0	
0	1179648	0	0	0	0	135168	1745172	1744927	2083356	990	65536	1310720	20480	0	0	12582912	0	1179648	0	0	0	0	135168	1745172	1744927	2083356	990	65536	1310720	20480	0	0	
0	1462272	0	0	0	0	135168	1753323	1752948	2093256	990	36864	1359872	0	0	0	12582912	0	1462272	0	0	0	0	135168	1753323	1752948	2093256	990	36864	1359872	0	0	0	
0	1110016	0	0	0	0	135168	1759857	1759612	2101209	1023	110592	1249280	0	0	0	12582912	0	1110016	0	0	0	0	135168	1759857	1759612	2101209	1023	110592	1249280	0	0	0	
0	503808	0	0	0	0	135168	1767084	1767010	2109987	1056	61440	626688	20480	0	0	12582912	0	503808	0	0	0	0	135168	1767084	1767010	2109987	1056	61440	626688	20480	0	0	
0	1724416	0	0	0	0	135168	1767645	1767283	2110878	1056	49152	1867776	4096	0	0	12582912	0	1724416	0	0	0	0	135168	1767645	1767283	2110878	1056	49152	1867776	4096	0	0	
0	1536000	0	0	0	0	135168	1775268	1774926	2119854	1056	425984	1359872	24576	0	0	12582912	0	1536000	0	0	0	0	135168	1775268	1774926	2119854	1056	425984	1359872	24576	0	0	
0	1298432	0	0	0	0	135168	1782594	1782286	2128665	1056	421888	1175552	24576	0	0	12582912	0	1298432	0	0	0	0	135168	1782594	1782286	2128665	1056	421888	1175552	24576	0	0	
0	1376256	0	0	0	0	135168	1791438	1791116	2139093	1056	315392	1298432	0	0	0	12582912	0	1376256	0	0	0	0	135168	1791438	1791116	2139093	1056	315392	1298432	0	0	0	
0	1232896	0	0	0	0	135168	1801668	1801385	2151369	1155	61440	1314816	0	0	0	12582912	0	1232896	0	0	0	0	135168	1801668	1801385	2151369	1155	61440	1314816	0	0	0	
0	1867776	0	0	0	0	135168	1807641	1807259	2158563	1155	57344	2052096	0	0	0	12582912	0	1867776	0	0	0	0	135168	1807641	1807259	2158563	1155	57344	2052096	0	0	0	
0	1855488	0	0	0	0	135168	1814802	1814360	2167044	1155	61440	2048000	0	0	0	12582912	0	1855488	0	0	0	0	135168	1814802	1814360	2167044	1155	61440	2048000	0	0	0	
0	1593344	0	0	0	0	135168	1821402	1820979	2174832	1155	61440	1794048	0	0	0	12582912	0	1593344	0	0	0	0	135168	1821402	1820979	2174832	1155	61440	1794048	0	0	0	
0	1015808	0	0	0	0	135168	1827441	1827119	2182026	1155	61440	1318912	20480	0	0	12582912	0	1015808	0	0	0	0	135168	1827441	1827119	2182026	1155	61440	1318912	20480	0	0	
0	315392	0	0	0	0	135168	1834107	1834057	2190045	1155	61440	487424	20480	0	0	12582912	0	315392	0	0	0	0	135168	1834107	1834057	2190045	1155	61440	487424	20480	0	0	
0	1179648	0	0	0	0	135168	1841070	1840821	2198262	1155	61440	1310720	0	0	0	12582912	0	1179648	0	0	0	0	135168	1841070	1840821	2198262	1155	61440	1310720	0	0	0	
0	1191936	0	0	0	0	135168	1850673	1850454	2209614	1155	61440	1318912	0	0	0	12582912	0	1191936	0	0	0	0	135168	1850673	1850454	2209614	1155	61440	1318912	0	0	0	
0	1835008	0	0	0	0	135168	1860309	1859841	2221065	1155	61440	2048000	0	0	0	12582912	0	1835008	0	0	0	0	135168	1860309	1859841	2221065	1155	61440	2048000	0	0	0	
0	1245184	0	0	0	0	135168	1866876	1866620	2228919	1155	61440	1318912	0	0	0	12582912	0	1245184	0	0	0	0	135168	1866876	1866620	2228919	1155	61440	1318912	0	0	0	
0	1687552	0	0	0	0	135168	1873905	1873463	2237334	1155	61440	2048000	0	0	0	12582912	0	1687552	0	0	0	0	135168	1873905	1873463	2237334	1155	61440	2048000	0	0	0	
0	1208320	0	0	0	0	135168	1880505	1880278	2245155	1155	61440	1327104	20480	0	0	12582912	0	1208320	0	0	0	0	135168	1880505	1880278	2245155	1155	61440	1327104	20480	0	0	
0	1191936	0	0	0	0	135168	1888095	1887852	2254131	1155	61440	1327104	0	0	0	12582912	0	1191936	0	0	0	0	135168	1888095	1887852	2254131	1155	61440	1327104	0	0	0	
0	1925120	0	0	0	0	135168	1895718	1895256	2263173	1155	61440	2072576	0	0	0	12582912	0	1925120	0	0	0	0	135168	1895718	1895256	2263173	1155	61440	2072576	0	0	0	
0	1720320	0	0	0	0	135168	1902747	1902298	2271555	1155	61440	2011136	0	0	0	12582912	0	1720320	0	0	0	0	135168	1902747	1902298	2271555	1155	61440	2011136	0	0	0	
0	1056768	0	0	0	0	135168	1911162	1910884	2281554	1155	61440	1327104	0	0	0	12582912	0	1056768	0	0	0	0	135168	1911162	1910884	2281554	1155	61440	1327104	0	0	0	
0	1224704	0	0	0	0	135168	1919940	1919701	2292015	1155	61440	1331200	0	0	0	12582912	0	1224704	0	0	0	0	135168	1919940	1919701	2292015	1155	61440	1331200	0	0	0	
0	1089536	0	0	0	0	135168	1926540	1926266	2299836	1155	61440	1331200	20480	0	0	12582912	0	1089536	0	0	0	0	135168	1926540	1926266	2299836	1155	61440	1331200	20480	0	0	
0	135168	0	0	0	0	135168	1933107	1933188	2307690	1155	61440	126976	20480	0	0	12582912	0	135168	0	0	0	0	135168	1933107	1933188	2307690	1155	61440	126976	20480	0	0	
0	1736704	0	0	0	0	135168	1940664	1940261	2316633	1155	65536	2060288	0	0	0	12582912	0	1736704	0	0	0	0	135168	1940664	1940261	2316633	1155	65536	2060288	0	0	0	
0	1167360	0	0	0	0	135168	1946769	1946494	2323860	1155	61440	1339392	20480	0	0	12582912	0	1167360	0	0	0	0	135168	1946769	1946494	2323860	1155	61440	1339392	20480	0	0	
0	1892352	0	0	0	0	135168	1953336	1952853	2331681	1155	61440	2064384	0	0	0	12582912	0	1892352	0	0	0	0	135168	1953336	1952853	2331681	1155	61440	2064384	0	0	0	
0	1077248	0	0	0	0	135168	1960959	1960693	2340789	1221	4096	1327104	0	0	0	12582912	0	1077248	0	0	0	0	135168	1960959	1960693	2340789	1221	4096	1327104	0	0	0	
0	1241088	0	0	0	0	135168	1970067	1969819	2351976	1221	57344	1314816	0	0	0	12582912	0	1241088	0	0	0	0	135168	1970067	1969819	2351976	1221	57344	1314816	0	0	0	
0	1273856	0	0	0	0	135168	1978713	1978480	2362272	1221	4096	1376256	20480	0	0	12582912	0	1273856	0	0	0	0	135168	1978713	1978480	2362272	1221	4096	1376256	20480	0	0	
0	1318912	0	0	0	0	135168	1986369	1986113	2371479	1254	28672	1339392	0	0	0	12582912	0	1318912	0	0	0	0	135168	1986369	1986113	2371479	1254	28672	1339392	0	0	0	
0	118784	0	0	0	0	135168	1992507	1992518	2378871	1254	28672	303104	20480	0	0	12582912	0	118784	0	0	0	0	135168	1992507	1992518	2378871	1254	28672	303104	20480	0	0	
0	1175552	0	0	0	0	135168	1998975	1998766	2386527	1254	28672	1347584	20480	0	0	12582912	0	1175552	0	0	0	0	135168	1998975	1998766	2386527	1254	28672	1347584	20480	0	0	
0	1572864	0	0	0	0	135168	2007192	2006807	2396724	1386	933888	851968	0	0	0	12582912	0	1572864	0	0	0	0	135168	2007192	2006807	2396724	1386	933888	851968	0	0	0	
0	1900544	0	0	0	0	135168	2014485	2014003	2406129	1551	28672	2072576	0	0	0	12582912	0	1900544	0	0	0	0	135168	2014485	2014003	2406129	1551	28672	2072576	0	0	0	
0	1441792	0	0	0	0	135168	2022108	2021839	2415369	1584	0	1376256	20480	0	0	12582912	0	1441792	0	0	0	0	135168	2022108	2021839	2415369	1584	0	1376256	20480	0	0	
0	1167360	0	0	0	0	135168	2031744	2031529	2426919	1617	65536	1298432	0	0	0	12582912	0	1167360	0	0	0	0	135168	2031744	2031529	2426919	1617	65536	1298432	0	0	0	
0	1290240	0	0	0	0	135168	2039829	2039572	2436522	1617	73728	1302528	20480	0	0	12582912	0	1290240	0	0	0	0	135168	2039829	2039572	2436522	1617	73728	1302528	20480	0	0	
0	249856	0	0	0	0	135168	2046462	2046482	2444541	1617	73728	266240	20480	0	0	12582912	0	249856	0	0	0	0	135168	2046462	2046482	2444541	1617	73728	266240	20480	0	0	
0	1175552	0	0	0	0	0	2053458	2053233	2452758	1617	73728	1306624	0	0	0	12582912	0	1175552	0	0	0	0	0	2053458	2053233	2452758	1617	73728	1306624	0	0	0	
0	1253376	0	0	0	0	135168	2060058	2059818	2460645	1617	73728	1302528	0	0	0	12582912	0	1253376	0	0	0	0	135168	2060058	2059818	2460645	1617	73728	1302528	0	0	0	
0	430080	0	0	0	0	135168	2066262	2066190	2468037	1617	73728	602112	20480	0	0	12582912	0	430080	0	0	0	0	135168	2066262	2066190	2468037	1617	73728	602112	20480	0	0	
0	1961984	0	0	0	0	135168	2074248	2073804	2477376	1617	77824	1990656	0	0	0	12582912	0	1961984	0	0	0	0	135168	2074248	2073804	2477376	1617	77824	1990656	0	0	0	
0	1134592	0	0	0	0	135168	2082795	2082521	2487639	1617	77824	1302528	0	0	0	12582912	0	1134592	0	0	0	0	135168	2082795	2082521	2487639	1617	77824	1302528	0	0	0	
0	1978368	0	0	0	0	135168	2091573	2091047	2498628	1716	45056	2084864	0	0	0	12582912	0	1978368	0	0	0	0	135168	2091573	2091047	2498628	1716	45056	2084864	0	0	0	
0	1155072	0	0	0	0	135168	2098173	2097939	2506647	1815	20480	1351680	0	0	0	12582912	0	1155072	0	0	0	0	135168	2098173	2097939	2506647	1815	20480	1351680	0	0	0	
0	1187840	0	0	0	0	135168	2105301	2105007	2515029	1815	24576	1351680	0	0	0	12582912	0	1187840	0	0	0	0	135168	2105301	2105007	2515029	1815	24576	1351680	0	0	0	
0	1245184	0	0	0	0	135168	2111868	2111582	2522850	1815	24576	1351680	0	0	0	12582912	0	1245184	0	0	0	0	135168	2111868	2111582	2522850	1815	24576	1351680	0	0	0	
0	380928	0	0	0	0	135168	2115069	2114914	2526810	1815	61440	638976	24576	0	0	12582912	0	380928	0	0	0	0	135168	2115069	2114914	2526810	1815	61440	638976	24576	0	0	
0	1339392	0	0	0	0	135168	2119656	2119343	2532618	1815	282624	1355776	4096	0	0	12582912	0	1339392	0	0	0	0	135168	2119656	2119343	2532618	1815	282624	1355776	4096	0	0	
0	532480	0	0	0	0	135168	2126421	2126312	2540736	1815	0	675840	20480	0	0	12582912	0	532480	0	0	0	0	135168	2126421	2126312	2540736	1815	0	675840	20480	0	0	
0	1175552	0	0	0	0	135168	2134902	2134651	2550768	1815	0	1363968	20480	0	0	12582912	0	1175552	0	0	0	0	135168	2134902	2134651	2550768	1815	0	1363968	20480	0	0	
0	1159168	0	0	0	0	135168	2145033	2144788	2562780	1815	0	1355776	0	0	0	12582912	0	1159168	0	0	0	0	135168	2145033	2144788	2562780	1815	0	1355776	0	0	0	
0	1167360	0	0	0	0	0	2151666	2151377	2570601	1848	4096	1368064	20480	0	0	12582912	0	1167360	0	0	0	0	0	2151666	2151377	2570601	1848	4096	1368064	20480	0	0	
0	192512	0	0	0	0	135168	2158332	2158306	2578587	1848	4096	380928	20480	0	0	12582912	0	192512	0	0	0	0	135168	2158332	2158306	2578587	1848	4096	380928	20480	0	0	
0	1318912	0	0	0	0	135168	2166945	2166679	2589081	1914	49152	1318912	0	0	0	12582912	0	1318912	0	0	0	0	135168	2166945	2166679	2589081	1914	49152	1318912	0	0	0	
0	1683456	0	0	0	0	135168	2174667	2174241	2598453	1980	1003520	946176	0	0	0	12582912	0	1683456	0	0	0	0	135168	2174667	2174241	2598453	1980	1003520	946176	0	0	0	
0	1142784	0	0	0	0	135168	2181267	2181026	2606373	2013	32768	1343488	20480	0	0	12582912	0	1142784	0	0	0	0	135168	2181267	2181026	2606373	2013	32768	1343488	20480	0	0	
0	1466368	0	0	0	0	135168	2189286	2188974	2616075	2046	0	1761280	20480	0	0	12582912	0	1466368	0	0	0	0	135168	2189286	2188974	2616075	2046	0	1761280	20480	0	0	
0	1302528	0	0	0	0	135168	2199120	2198885	2627724	2112	53248	1310720	0	0	0	12582912	0	1302528	0	0	0	0	135168	2199120	2198885	2627724	2112	53248	1310720	0	0	0	
0	1728512	0	0	0	0	0	2209746	2209307	2640330	2112	53248	2048000	0	0	0	12582912	0	1728512	0	0	0	0	0	2209746	2209307	2640330	2112	53248	2048000	0	0	0	
0	1212416	0	0	0	0	135168	2215851	2215577	2647623	2112	57344	1314816	20480	0	0	12582912	0	1212416	0	0	0	0	135168	2215851	2215577	2647623	2112	57344	1314816	20480	0	0	
0	1118208	0	0	0	0	135168	2222418	2222172	2655411	2112	57344	1318912	0	0	0	12582912	0	1118208	0	0	0	0	135168	2222418	2222172	2655411	2112	57344	1318912	0	0	0	
0	122880	0	0	0	0	135168	2228622	2228675	2663727	2211	61440	372736	20480	0	0	12582912	0	122880	0	0	0	0	135168	2228622	2228675	2663727	2211	61440	372736	20480	0	0	
0	1777664	0	0	0	0	135168	2235189	2234750	2671383	2211	57344	2056192	0	0	0	12582912	0	1777664	0	0	0	0	135168	2235189	2234750	2671383	2211	57344	2056192	0	0	0	
0	1204224	0	0	0	0	135168	2242284	2242094	2679897	2211	8192	1355776	0	0	0	12582912	0	1204224	0	0	0	0	135168	2242284	2242094	2679897	2211	8192	1355776	0	0	0	
0	1884160	0	0	0	0	135168	2249445	2248943	2688609	2310	61440	2048000	0	0	0	12582912	0	1884160	0	0	0	0	135168	2249445	2248943	2688609	2310	61440	2048000	0	0	0	
0	1220608	0	0	0	0	135168	2257068	2256846	2697684	2310	57344	1323008	20480	0	0	12582912	0	1220608	0	0	0	0	135168	2257068	2256846	2697684	2310	57344	1323008	20480	0	0	
0	1806336	0	0	0	0	135168	2266440	2266007	2709300	2508	28672	2027520	0	0	0	12582912	0	1806336	0	0	0	0	135168	2266440	2266007	2709300	2508	28672	2027520	0	0	0	
0	1794048	0	0	0	0	135168	2274030	2273599	2718375	2508	24576	2097152	0	0	0	12582912	0	1794048	0	0	0	0	135168	2274030	2273599	2718375	2508	24576	2097152	0	0	0	
0	1048576	0	0	0	0	0	2279640	2279356	2725008	2508	24576	1347584	20480	0	0	12582912	0	1048576	0	0	0	0	0	2279640	2279356	2725008	2508	24576	1347584	20480	0	0	
0	1753088	0	0	0	0	135168	2287296	2286858	2734248	2508	36864	2088960	0	0	0	12582912	0	1753088	0	0	0	0	135168	2287296	2286858	2734248	2508	36864	2088960	0	0	0	
0	970752	0	0	0	0	135168	2294523	2294288	2742993	2607	933888	221184	0	0	0	12582912	0	970752	0	0	0	0	135168	2294523	2294288	2742993	2607	933888	221184	0	0	0	
0	1978368	0	0	0	0	135168	2302245	2301734	2752596	2739	16384	2093056	0	0	0	12582912	0	1978368	0	0	0	0	135168	2302245	2301734	2752596	2739	16384	2093056	0	0	0	
0	692224	0	0	0	0	135168	2308977	2308865	2760681	2739	16384	843776	20480	0	0	12582912	0	692224	0	0	0	0	135168	2308977	2308865	2760681	2739	16384	843776	20480	0	0	
0	1540096	0	0	0	0	135168	2317986	2317694	2771637	2805	114688	1273856	0	0	0	12582912	0	1540096	0	0	0	0	135168	2317986	2317694	2771637	2805	114688	1273856	0	0	0	
0	1241088	0	0	0	0	0	2326863	2326606	2782791	3003	20480	1351680	0	0	0	12582912	0	1241088	0	0	0	0	0	2326863	2326606	2782791	3003	20480	1351680	0	0	0	
0	1937408	0	0	0	0	135168	2333958	2333539	2791536	3069	45056	2056192	0	0	0	12582912	0	1937408	0	0	0	0	135168	2333958	2333539	2791536	3069	45056	2056192	0	0	0	
0	1724416	0	0	0	0	135168	2341053	2340628	2799951	3069	45056	2052096	0	0	0	12582912	0	1724416	0	0	0	0	135168	2341053	2340628	2799951	3069	45056	2052096	0	0	0	
0	1794048	0	0	0	0	135168	2348148	2347730	2808366	3069	45056	2064384	0	0	0	12582912	0	1794048	0	0	0	0	135168	2348148	2347730	2808366	3069	45056	2064384	0	0	0	
0	1863680	0	0	0	0	135168	2355276	2354816	2816913	3102	4096	2072576	0	0	0	12582912	0	1863680	0	0	0	0	135168	2355276	2354816	2816913	3102	4096	2072576	0	0	0	
0	1208320	0	0	0	0	135168	2362404	2362193	2825328	3102	4096	1372160	0	0	0	12582912	0	1208320	0	0	0	0	135168	2362404	2362193	2825328	3102	4096	1372160	0	0	0	
0	204800	0	0	0	0	135168	2364582	2364485	2828100	3102	4096	679936	24576	0	0	12582912	0	204800	0	0	0	0	135168	2364582	2364485	2828100	3102	4096	679936	24576	0	0	
0	2101248	0	0	0	0	135168	2371314	2370747	2836185	3102	327680	2027520	4096	0	0	12582912	0	2101248	0	0	0	0	135168	2371314	2370747	2836185	3102	327680	2027520	4096	0	0	
0	1110016	0	0	0	0	0	2380455	2380214	2847339	3135	61440	1306624	0	0	0	12582912	0	1110016	0	0	0	0	0	2380455	2380214	2847339	3135	61440	1306624	0	0	0	
0	1789952	0	0	0	0	135168	2387550	2387080	2855721	3135	61440	2035712	0	0	0	12582912	0	1789952	0	0	0	0	135168	2387550	2387080	2855721	3135	61440	2035712	0	0	0	
0	1826816	0	0	0	0	135168	2394678	2394262	2864565	3201	49152	2076672	0	0	0	12582912	0	1826816	0	0	0	0	135168	2394678	2394262	2864565	3201	49152	2076672	0	0	0	
0	1105920	0	0	0	0	135168	2402697	2402410	2874135	3234	0	1368064	0	0	0	12582912	0	1105920	0	0	0	0	135168	2402697	2402410	2874135	3234	0	1368064	0	0	0	
0	1708032	0	0	0	0	135168	2410452	2410037	2883375	3234	4096	2097152	0	0	0	12582912	0	1708032	0	0	0	0	135168	2410452	2410037	2883375	3234	4096	2097152	0	0	0	
0	1253376	0	0	0	0	135168	2416029	2415788	2890008	3234	4096	1363968	0	0	0	12582912	0	1253376	0	0	0	0	135168	2416029	2415788	2890008	3234	4096	1363968	0	0	0	
0	1937408	0	0	0	0	135168	2424312	2423874	2901360	3366	0	2060288	0	0	0	12582912	0	1937408	0	0	0	0	135168	2424312	2423874	2901360	3366	0	2060288	0	0	0	
0	1110016	0	0	0	0	135168	2433024	2432797	2912118	3465	4096	1368064	0	0	0	12582912	0	1110016	0	0	0	0	135168	2433024	2432797	2912118	3465	4096	1368064	0	0	0	
0	249856	0	0	0	0	135168	2441208	2441213	2921886	3465	4096	331776	20480	0	0	12582912	0	249856	0	0	0	0	135168	2441208	2441213	2921886	3465	4096	331776	20480	0	0	
0	1130496	0	0	0	0	135168	2447709	2447489	2929575	3465	4096	1363968	0	0	0	12582912	0	1130496	0	0	0	0	135168	2447709	2447489	2929575	3465	4096	1363968	0	0	0	
0	1085440	0	0	0	0	135168	2454639	2454359	2937759	3465	4096	1363968	0	0	0	12582912	0	1085440	0	0	0	0	135168	2454639	2454359	2937759	3465	4096	1363968	0	0	0	
0	1851392	0	0	0	0	135168	2461932	2461455	2946438	3465	4096	2105344	0	0	0	12582912	0	1851392	0	0	0	0	135168	2461932	2461455	2946438	3465	4096	2105344	0	0	0	
0	1126400	0	0	0	0	135168	2469555	2469283	2955513	3465	4096	1372160	0	0	0	12582912	0	1126400	0	0	0	0	135168	2469555	2469283	2955513	3465	4096	1372160	0	0	0	
0	1957888	0	0	0	0	135168	2477145	2476687	2964555	3498	12288	2113536	0	0	0	12582912	0	1957888	0	0	0	0	135168	2477145	2476687	2964555	3498	12288	2113536	0	0	0	
0	1359872	0	0	0	0	135168	2484372	2484124	2973432	3597	12288	1380352	20480	0	0	12582912	0	1359872	0	0	0	0	135168	2484372	2484124	2973432	3597	12288	1380352	20480	0	0	
0	1138688	0	0	0	0	135168	2492952	2492754	2983728	3597	12288	1380352	20480	0	0	12582912	0	1138688	0	0	0	0	135168	2492952	2492754	2983728	3597	12288	1380352	20480	0	0	
0	1224704	0	0	0	0	135168	2501631	2501402	2994090	3663	16384	1347584	0	0	0	12582912	0	1224704	0	0	0	0	135168	2501631	2501402	2994090	3663	16384	1347584	0	0	0	
0	1851392	0	0	0	0	135168	2508264	2507833	3002043	3696	49152	2072576	0	0	0	12582912	0	1851392	0	0	0	0	135168	2508264	2507833	3002043	3696	49152	2072576	0	0	0	
0	1855488	0	0	0	0	135168	2515854	2515457	3011052	3696	49152	2068480	20480	0	0	12582912	0	1855488	0	0	0	0	135168	2515854	2515457	3011052	3696	49152	2068480	20480	0	0	
0	1314816	0	0	0	0	135168	2523477	2523269	3020094	3696	49152	1335296	0	0	0	12582912	0	1314816	0	0	0	0	135168	2523477	2523269	3020094	3696	49152	1335296	0	0	0	
0	1167360	0	0	0	0	135168	2531595	2531365	3029697	3696	49152	1327104	0	0	0	12582912	0	1167360	0	0	0	0	135168	2531595	2531365	3029697	3696	49152	1327104	0	0	0	
0	73728	0	0	0	0	135168	2538888	2538795	3038475	3696	0	503808	20480	0	0	12582912	0	73728	0	0	0	0	135168	2538888	2538795	3038475	3696	0	503808	20480	0	0	
0	1138688	0	0	0	0	135168	2547303	2547086	3048507	3696	0	1388544	0	0	0	12582912	0	1138688	0	0	0	0	135168	2547303	2547086	3048507	3696	0	1388544	0	0	0	
0	1245184	0	0	0	0	0	2557071	2556798	3060288	3762	0	1392640	0	0	0	12582912	0	1245184	0	0	0	0	0	2557071	2556798	3060288	3762	0	1392640	0	0	0	
0	1269760	0	0	0	0	135168	2564661	2564428	3069264	3762	0	1392640	20480	0	0	12582912	0	1269760	0	0	0	0	135168	2564661	2564428	3069264	3762	0	1392640	20480	0	0	
0	1204224	0	0	0	0	135168	2572284	2572035	3078306	3762	4096	1392640	0	0	0	12582912	0	1204224	0	0	0	0	135168	2572284	2572035	3078306	3762	4096	1392640	0	0	0	
0	1257472	0	0	0	0	135168	2578422	2578089	3085533	3762	4096	1388544	0	0	0	12582912	0	1257472	0	0	0	0	135168	2578422	2578089	3085533	3762	4096	1388544	0	0	0	
0	1130496	0	0	0	0	135168	2586309	2586119	3095268	3894	12288	1384448	0	0	0	12582912	0	1130496	0	0	0	0	135168	2586309	2586119	3095268	3894	12288	1384448	0	0	0	
0	1249280	0	0	0	0	135168	2594163	2593932	3104508	3894	12288	1372160	0	0	0	12582912	0	1249280	0	0	0	0	135168	2594163	2593932	3104508	3894	12288	1372160	0	0	0	
0	1187840	0	0	0	0	135168	2601258	2600973	3113121	3927	65536	1343488	0	0	0	12582912	0	1187840	0	0	0	0	135168	2601258	2600973	3113121	3927	65536	1343488	0	0	0	
0	1126400	0	0	0	0	135168	2609541	2609228	3123285	3993	16384	1368064	20480	0	0	12582912	0	1126400	0	0	0	0	135168	2609541	2609228	3123285	3993	16384	1368064	20480	0	0	
0	1372160	0	0	0	0	135168	2619507	2619145	3136155	4224	45056	1327104	20480	0	0	12582912	0	1372160	0	0	0	0	135168	2619507	2619145	3136155	4224	45056	1327104	20480	0	0	
0	561152	0	0	0	0	135168	2619672	2619446	3136452	4257	24576	679936	24576	0	0	12582912	0	561152	0	0	0	0	135168	2619672	2619446	3136452	4257	24576	679936	24576	0	0	
0	217088	0	0	0	0	135168	2627889	2627831	3146979	4290	49152	299008	20480	0	0	12582912	0	217088	0	0	0	0	135168	2627889	2627831	3146979	4290	49152	299008	20480	0	0	
0	1253376	0	0	0	0	135168	2636469	2636215	3157176	4323	16384	1343488	0	0	0	12582912	0	1253376	0	0	0	0	135168	2636469	2636215	3157176	4323	16384	1343488	0	0	0	
0	1138688	0	0	0	0	135168	2648877	2648666	3173115	4587	0	1363968	0	0	0	12582912	0	1138688	0	0	0	0	135168	2648877	2648666	3173115	4587	0	1363968	0	0	0	
0	1236992	0	0	0	0	135168	2657556	2657298	3183378	4587	4096	1368064	20480	0	0	12582912	0	1236992	0	0	0	0	135168	2657556	2657298	3183378	4587	4096	1368064	20480	0	0	
0	1019904	0	0	0	0	270336	2664651	2664444	3191958	4620	57344	1310720	0	0	0	12582912	0	1019904	0	0	0	0	270336	2664651	2664444	3191958	4620	57344	1310720	0	0	0	
0	1368064	0	0	0	0	405504	2675112	2674812	3205554	4917	892928	778240	0	0	0	12582912	0	1368064	0	0	0	0	405504	2675112	2674812	3205554	4917	892928	778240	0	0	0	
0	1798144	0	0	0	0	405504	2683989	2683613	3217533	5214	32768	2064384	0	0	0	12582912	0	1798144	0	0	0	0	405504	2683989	2683613	3217533	5214	32768	2064384	0	0	0	
0	1888256	0	0	0	0	405504	2692173	2691698	3227169	5214	32768	2088960	0	0	0	12582912	0	1888256	0	0	0	0	405504	2692173	2691698	3227169	5214	32768	2088960	0	0	0	
0	520192	0	0	0	0	405504	2698872	2698768	3235221	5214	32768	753664	20480	0	0	12582912	0	520192	0	0	0	0	405504	2698872	2698768	3235221	5214	32768	753664	20480	0	0	
0	1302528	0	0	0	0	405504	2707518	2707178	3246078	5346	53248	1388544	20480	0	0	12582912	0	1302528	0	0	0	0	405504	2707518	2707178	3246078	5346	53248	1388544	20480	0	0	
0	1200128	0	0	0	135168	405504	2714151	2713882	3254163	5379	28672	1335296	0	0	0	12582912	0	1200128	0	0	0	135168	405504	2714151	2713882	3254163	5379	28672	1335296	0	0	0	
0	1290240	0	0	0	135168	405504	2721213	2721006	3262644	5379	24576	1343488	0	0	0	12582912	0	1290240	0	0	0	135168	405504	2721213	2721006	3262644	5379	24576	1343488	0	0	0	
0	1867776	0	0	0	135168	405504	2728836	2728419	3271554	5379	24576	2097152	0	0	0	12582912	0	1867776	0	0	0	135168	405504	2728836	2728419	3271554	5379	24576	2097152	0	0	0	
0	1007616	0	0	0	135168	405504	2739000	2738785	3283896	5478	28672	1331200	0	0	0	12582912	0	1007616	0	0	0	135168	405504	2739000	2738785	3283896	5478	28672	1331200	0	0	0	
0	1232896	0	0	0	135168	405504	2748108	2747905	3294720	5478	28672	1339392	0	0	0	12582912	0	1232896	0	0	0	135168	405504	2748108	2747905	3294720	5478	28672	1339392	0	0	0	
0	1064960	0	0	0	135168	405504	2756622	2756343	3304851	5511	32768	1339392	20480	0	0	12582912	0	1064960	0	0	0	135168	405504	2756622	2756343	3304851	5511	32768	1339392	20480	0	0	
0	1159168	0	0	0	135168	405504	2763915	2763682	3314256	5544	32768	1335296	0	0	0	12582912	0	1159168	0	0	0	135168	405504	2763915	2763682	3314256	5544	32768	1335296	0	0	0	
0	1093632	0	0	0	135168	405504	2771373	2771121	3323199	5544	8192	1323008	0	0	0	12582912	0	1093632	0	0	0	135168	405504	2771373	2771121	3323199	5544	8192	1323008	0	0	0	
0	1077248	0	0	0	135168	405504	2778501	2778318	3331878	5577	57344	1273856	20480	0	0	12582912	0	1077248	0	0	0	135168	405504	2778501	2778318	3331878	5577	57344	1273856	20480	0	0	
0	1912832	0	0	0	135168	405504	2785299	2784901	3340095	5676	8192	2093056	0	0	0	12582912	0	1912832	0	0	0	135168	405504	2785299	2784901	3340095	5676	8192	2093056	0	0	0	
0	1220608	0	0	0	135168	405504	2792988	2792746	3349269	5676	49152	1323008	0	0	0	12582912	0	1220608	0	0	0	135168	405504	2792988	2792746	3349269	5676	49152	1323008	0	0	0	
0	1720320	0	0	0	135168	405504	2802129	2801603	3360126	5676	49152	2052096	20480	0	0	12582912	0	1720320	0	0	0	135168	405504	2802129	2801603	3360126	5676	49152	2052096	20480	0	0	
0	1822720	0	0	0	135168	405504	2810346	2809956	3370224	5841	962560	946176	0	0	0	12582912	0	1822720	0	0	0	135168	405504	2810346	2809956	3370224	5841	962560	946176	0	0	0	
0	1060864	0	0	0	135168	405504	2818464	2818269	3379992	5874	20480	1355776	0	0	0	12582912	0	1060864	0	0	0	135168	405504	2818464	2818269	3379992	5874	20480	1355776	0	0	0	
0	2039808	0	0	0	135168	405504	2825130	2824628	3388044	5907	65536	1994752	0	0	0	12582912	0	2039808	0	0	0	135168	405504	2825130	2824628	3388044	5907	65536	1994752	0	0	0	
0	12288	0	0	0	135168	270336	2831235	2831250	3395370	5907	45056	253952	20480	0	0	12582912	0	12288	0	0	0	135168	270336	2831235	2831250	3395370	5907	45056	253952	20480	0	0	
0	1085440	0	0	0	135168	405504	2839155	2838968	3405138	6006	20480	1363968	0	0	0	12582912	0	1085440	0	0	0	135168	405504	2839155	2838968	3405138	6006	20480	1363968	0	0	0	
0	1318912	0	0	0	135168	405504	2847042	2846738	3414312	6006	20480	1433600	0	0	0	12582912	0	1318912	0	0	0	135168	405504	2847042	2846738	3414312	6006	20480	1433600	0	0	0	
0	57344	0	0	0	135168	405504	2855292	2855308	3424674	6105	65536	180224	20480	0	0	12582912	0	57344	0	0	0	135168	405504	2855292	2855308	3424674	6105	65536	180224	20480	0	0	
0	1163264	0	0	0	135168	405504	2864433	2864196	3435861	6204	49152	1359872	20480	0	0	12582912	0	1163264	0	0	0	135168	405504	2864433	2864196	3435861	6204	49152	1359872	20480	0	0	
0	1437696	0	0	0	135168	540672	2874366	2874048	3450183	6501	794624	778240	0	0	0	12582912	0	1437696	0	0	0	135168	540672	2874366	2874048	3450183	6501	794624	778240	0	0	0	
0	1339392	0	0	0	135168	405504	2883573	2883240	3462756	6996	122880	1404928	0	0	0	12582912	0	1339392	0	0	0	135168	405504	2883573	2883240	3462756	6996	122880	1404928	0	0	0	
0	1798144	0	0	0	135168	675840	2891130	2890805	3471699	6996	827392	905216	0	0	0	12582912	0	1798144	0	0	0	135168	675840	2891130	2890805	3471699	6996	827392	905216	0	0	0	
0	1105920	0	0	0	135168	405504	2898390	2898116	3480543	7128	32768	1339392	0	0	0	12582912	0	1105920	0	0	0	135168	405504	2898390	2898116	3480543	7128	32768	1339392	0	0	0	
0	1179648	0	0	0	135168	405504	2905551	2905271	3489057	7161	32768	1339392	0	0	0	12582912	0	1179648	0	0	0	135168	405504	2905551	2905271	3489057	7161	32768	1339392	0	0	0	
0	1843200	0	0	0	135168	405504	2913702	2913224	3498924	7227	897024	1056768	0	0	0	12582912	0	1843200	0	0	0	135168	405504	2913702	2913224	3498924	7227	897024	1056768	0	0	0	
0	1273856	0	0	0	135168	405504	2921919	2921685	3509616	7326	12288	1355776	0	0	0	12582912	0	1273856	0	0	0	135168	405504	2921919	2921685	3509616	7326	12288	1355776	0	0	0	
0	1118208	0	0	0	135168	405504	2932050	2931844	3521793	7392	8192	1359872	0	0	0	12582912	0	1118208	0	0	0	135168	405504	2932050	2931844	3521793	7392	8192	1359872	0	0	0	
0	458752	0	0	0	135168	405504	2939904	2939834	3531660	7491	36864	663552	24576	0	0	12582912	0	458752	0	0	0	135168	405504	2939904	2939834	3531660	7491	36864	663552	24576	0	0	
0	1667072	0	0	0	135168	405504	2941521	2941124	3533706	7491	32768	1888256	24576	0	0	12582912	0	1667072	0	0	0	135168	405504	2941521	2941124	3533706	7491	32768	1888256	24576	0	0	
0	1388544	0	0	0	135168	405504	2949804	2949474	3544068	7623	8192	1355776	0	0	0	12582912	0	1388544	0	0	0	135168	405504	2949804	2949474	3544068	7623	8192	1355776	0	0	0	
0	1720320	0	0	0	135168	405504	2955909	2955449	3551460	7623	12288	2072576	20480	0	0	12582912	0	1720320	0	0	0	135168	405504	2955909	2955449	3551460	7623	12288	2072576	20480	0	0	
0	1720320	0	0	0	135168	405504	2962014	2961571	3558687	7623	12288	2084864	0	0	0	12582912	0	1720320	0	0	0	135168	405504	2962014	2961571	3558687	7623	12288	2084864	0	0	0	
0	1540096	0	0	0	135168	405504	2969175	2968822	3567531	7788	16384	1863680	0	0	0	12582912	0	1540096	0	0	0	135168	405504	2969175	2968822	3567531	7788	16384	1863680	0	0	0	
0	1585152	0	0	0	135168	405504	2977887	2977493	3578256	7854	892928	1036288	0	0	0	12582912	0	1585152	0	0	0	135168	405504	2977887	2977493	3578256	7854	892928	1036288	0	0	0	
0	0	0	0	0	135168	405504	2987721	2987682	3590103	7953	45056	241664	20480	0	0	12582912	0	0	0	0	0	135168	405504	2987721	2987682	3590103	7953	45056	241664	20480	0	0	
0	241664	0	0	0	135168	405504	2995377	2995312	3599805	8052	110592	110592	20480	0	0	12582912	0	241664	0	0	0	135168	405504	2995377	2995312	3599805	8052	110592	110592	20480	0	0	
0	1822720	0	0	0	135168	405504	3002472	3002060	3608352	8085	24576	2080768	0	0	0	12582912	0	1822720	0	0	0	135168	405504	3002472	3002060	3608352	8085	24576	2080768	0	0	0	
0	1032192	0	0	0	135168	405504	3008709	3008515	3616206	8184	753664	380928	20480	0	0	12582912	0	1032192	0	0	0	135168	405504	3008709	3008515	3616206	8184	753664	380928	20480	0	0	
0	753664	0	0	0	135168	405504	3014913	3014718	3623862	8316	753664	163840	0	0	0	12582912	0	753664	0	0	0	135168	405504	3014913	3014718	3623862	8316	753664	163840	0	0	0	
0	1818624	0	0	0	135168	405504	3022767	3022296	3633960	8514	0	2105344	0	0	0	12582912	0	1818624	0	0	0	135168	405504	3022767	3022296	3633960	8514	0	2105344	0	0	0	
0	561152	0	0	0	135168	270336	3023427	3023282	3634950	8514	0	688128	24576	0	0	12582912	0	561152	0	0	0	135168	270336	3023427	3023282	3634950	8514	0	688128	24576	0	0	
0	1384448	0	0	0	135168	405504	3031182	3030945	3644685	8679	57344	1376256	4096	0	0	12582912	0	1384448	0	0	0	135168	405504	3031182	3030945	3644685	8679	57344	1376256	4096	0	0	
0	466944	0	0	0	135168	405504	3039597	3039377	3655311	8745	8192	856064	20480	0	0	12582912	0	466944	0	0	0	135168	405504	3039597	3039377	3655311	8745	8192	856064	20480	0	0	
0	1380352	0	0	0	135168	405504	3047352	3047038	3665541	9042	806912	856064	0	0	0	12582912	0	1380352	0	0	0	135168	405504	3047352	3047038	3665541	9042	806912	856064	0	0	0	
0	1110016	0	0	0	135168	405504	3053721	3053391	3673659	9207	16384	1343488	0	0	0	12582912	0	1110016	0	0	0	135168	405504	3053721	3053391	3673659	9207	16384	1343488	0	0	0	
0	610304	0	0	0	135168	540672	3062004	3061915	3684054	9471	692224	110592	0	0	0	12582912	0	610304	0	0	0	135168	540672	3062004	3061915	3684054	9471	692224	110592	0	0	0	
0	1290240	0	0	0	135168	540672	3068736	3068461	3692337	9537	8192	1433600	20480	0	0	12582912	0	1290240	0	0	0	135168	540672	3068736	3068461	3692337	9537	8192	1433600	20480	0	0	
0	1671168	0	0	0	135168	811008	3077514	3077155	3703260	9669	786432	839680	0	0	0	12582912	0	1671168	0	0	0	135168	811008	3077514	3077155	3703260	9669	786432	839680	0	0	0	
0	782336	0	0	0	135168	540672	3085203	3084971	3714051	10032	36864	1134592	20480	0	0	12582912	0	782336	0	0	0	135168	540672	3085203	3084971	3714051	10032	36864	1134592	20480	0	0	
0	503808	0	0	0	135168	540672	3087711	3087607	3717351	10098	4096	688128	24576	0	0	12582912	0	503808	0	0	0	135168	540672	3087711	3087607	3717351	10098	4096	688128	24576	0	0	
0	1507328	0	0	0	135168	540672	3092100	3091787	3723192	10296	57344	1380352	0	0	0	12582912	0	1507328	0	0	0	135168	540672	3092100	3091787	3723192	10296	57344	1380352	0	0	0	
0	1183744	0	0	0	135168	540672	3099855	3099542	3732828	10461	0	1400832	0	0	0	12582912	0	1183744	0	0	0	135168	540672	3099855	3099542	3732828	10461	0	1400832	0	0	0	
0	1187840	0	0	0	135168	540672	3105894	3105626	3740022	10461	4096	1409024	20480	0	0	12582912	0	1187840	0	0	0	135168	540672	3105894	3105626	3740022	10461	4096	1409024	20480	0	0	
0	1150976	0	0	0	135168	540672	3112131	3111871	3747942	10626	0	1384448	20480	0	0	12582912	0	1150976	0	0	0	135168	540672	3112131	3111871	3747942	10626	0	1384448	20480	0	0	
0	454656	0	0	0	135168	405504	3115860	3115735	3752529	10659	4096	712704	24576	0	0	12582912	0	454656	0	0	0	135168	405504	3115860	3115735	3752529	10659	4096	712704	24576	0	0	
