1048576 4422 4204 5973 0 0 1216512
1089536 47718 47511 62172 0 0 1171456
1146880 91575 91380 119163 0 0 1212416
1146880 136125 135905 176946 0 0 1220608
1245184 178827 178581 232320 0 0 1171456
1335296 220044 219745 285747 0 0 1220608
1875968 265650 265262 345081 0 0 1904640
1269760 307461 307215 399300 0 0 1216512
978944 348051 347876 452001 0 0 1167360
1134592 394416 394136 512094 0 0 1212416
1060864 435567 435298 565587 0 0 1212416
1032192 476091 475856 618156 0 0 1220608
983040 522885 522646 678876 0 0 1155072
1871872 565719 565339 734547 0 0 1957888
1458176 609279 608960 790944 0 0 1503232
1134592 654522 654230 849684 0 0 1208320
1933312 695970 695548 903441 0 0 1941504
1150976 738144 737871 958122 0 0 1212416
1126400 782628 782339 1015872 0 0 1212416
1699840 828267 827848 1075206 0 0 1859584
1691648 871893 871506 1131768 0 0 1941504
1662976 913968 913587 1186416 0 0 1912832
1085440 960960 960693 1247334 0 0 1216512
1064960 1001187 1000961 1299606 0 0 1183744
1232896 1041480 1041199 1351812 0 0 1171456
1146880 1086558 1086349 1410387 0 0 1212416
1929216 1127445 1127016 1463451 0 0 1859584
1138688 1170411 1170245 1519287 0 0 1216512
1851392 1218591 1218133 1581723 0 0 1863680
1073152 1260666 1260442 1636371 0 0 1212416
1216512 1301256 1301001 1689072 0 0 1204224
1122304 1347951 1347686 1749528 0 0 1171456
1015808 1390587 1390380 1805001 0 0 1216512
1888256 1430253 1429860 1856448 0 0 1949696
1105920 1473879 1473646 1913010 0 0 1216512
778240 1514733 1514639 1966272 0 0 905216
1114112 1548624 1548354 2010294 0 0 1249280
1228800 1590072 1589839 2063853 0 0 1302528
823296 1642212 1641976 2131272 0 0 1056768
921600 1685409 1685261 2187141 0 0 958464
1761280 1727385 1726957 2241459 0 0 2031616
1318912 1774608 1774380 2302575 0 0 1257472
1380352 1816089 1815812 2356167 0 0 1298432
1228800 1858131 1857889 2410419 0 0 1298432
1183744 1906575 1906378 2472822 0 0 1302528
1245184 1948056 1947807 2526315 0 0 1298432
1036288 1990395 1990184 2580897 0 0 1298432
819200 2038014 2037812 2642376 0 0 1118208
1929216 2080023 2079553 2696430 0 0 1990656
1228800 2123616 2123414 2752662 0 0 1302528
1130496 2168430 2168128 2810379 0 0 1302528
1052672 2211396 2211098 2865786 0 0 1306624
1200128 2253471 2253228 2920005 0 0 1253376
1048576 2295777 2295543 2974653 0 0 1294336
1413120 2342406 2342155 3034746 0 0 1298432
1085440 2384481 2384269 3088965 0 0 1302528
839680 2426886 2426701 3143745 0 0 1081344
1257472 2473449 2473128 3203673 0 0 1253376
1007616 2515194 2514998 3257529 0 0 1298432
1159168 2556972 2556671 3311319 0 0 1294336
1032192 2604195 2603963 3372237 0 0 1253376
1171456 2647491 2647243 3428040 0 0 1253376
1728512 2688048 2687550 3480378 0 0 2039808
1794048 2735865 2735326 3541989 0 0 1990656
1355776 2777643 2777353 3595911 0 0 1257472
1175552 2819355 2819118 3649635 0 0 1298432
1769472 2863839 2863473 3707022 0 0 1982464
1171456 2907168 2906919 3762825 0 0 1302528
1662976 2948220 2947890 3815856 0 0 1986560
1413120 2990625 2990419 3870537 0 0 1253376
962560 3037287 3037001 3930663 0 0 1298432
1282048 3071244 3070968 3974850 0 0 1298432
1331200 3112626 3112417 4028409 0 0 1294336
1142784 3159651 3159408 4089063 0 0 1302528
1163264 3202023 3201773 4143810 0 0 1302528
1744896 3245616 3245172 4200141 0 0 1941504
1994752 3293169 3292732 4261620 0 0 1990656
1843200 3335541 3335065 4316334 0 0 1978368
1560576 3376032 3375581 4368606 0 0 1888256
1236992 3424146 3423890 4430745 0 0 1249280
1732608 3466782 3466359 4485690 0 0 1941504
1183744 3508791 3508580 4539942 0 0 1302528
1212416 3553638 3553349 4597758 0 0 1253376
1167360 3595944 3595706 4652373 0 0 1302528
1257472 3637392 3637070 4705767 0 0 1253376
1126400 3680325 3680031 4761207 0 0 1294336
1163264 3727218 3726981 4821762 0 0 1298432
1060864 3768336 3768114 4874793 0 0 1298432
1171456 3811599 3811339 4930563 0 0 1302528
1073152 3859086 3858917 4991877 0 0 1294336
1028096 3903603 3903358 5049198 0 0 1257472
1896448 3946206 3945847 5104275 0 0 1941504
1335296 3994947 3994755 5167140 0 0 1298432
1196032 4036989 4036744 5221359 0 0 1302528
1228800 4078767 4078494 5275182 0 0 1257472
1138688 4126056 4125796 5336298 0 0 1429504
1785856 4167999 4167536 5390286 0 0 1941504
819200 4210965 4210756 5445825 0 0 1081344
1196032 4258485 4258200 5507007 0 0 1253376
1105920 4300758 4300495 5561622 0 0 1257472
1277952 4340061 4339862 5612343 0 0 1257472
1744896 4383588 4383209 5668476 0 0 1945600
1224704 4428963 4428758 5727084 0 0 1253376
1859584 4472556 4472161 5783250 0 0 1892352
1273856 4516149 4515970 5839614 0 0 1081344
1089536 4561821 4561648 5898585 0 0 954368
1171456 4595712 4595488 5942574 0 0 1298432
1171456 4638711 4638456 5998146 0 0 1302528
1761280 4685901 4685480 6059196 0 0 1937408
1105920 4726392 4726137 6111534 0 0 1253376
958464 4768731 4768502 6166281 0 0 1253376
1114112 4814469 4814179 6225417 0 0 1204224
1073152 4856280 4856041 6279570 0 0 1081344
1187840 4898190 4898004 6333756 0 0 1302528
987136 4943004 4942729 6391704 0 0 1298432
909312 4984353 4984135 6445263 0 0 1306624
1073152 5027286 5027044 6500769 0 0 1306624
1118208 5069592 5069386 6555549 0 0 1302528
1802240 5114340 5113940 6613431 0 0 1998848
1052672 5156712 5156398 6668178 0 0 1298432
1105920 5197764 5197513 6721308 0 0 1298432
1769472 5244657 5244170 6781962 0 0 1892352
1208320 5286633 5286408 6836346 0 0 1302528
1146880 5327718 5327523 6889509 0 0 1257472
1163264 5374017 5373770 6949437 0 0 1253376
1048576 5416950 5416738 7004976 0 0 1298432
1683456 5459520 5459123 7060053 0 0 1990656
1327104 5506116 5505912 7120377 0 0 1257472
1122304 5551458 5551250 7179084 0 0 1302528
1142784 5592873 5592682 7232610 0 0 1302528
1466368 5640129 5639861 7293693 0 0 1302528
1118208 5683293 5683054 7349628 0 0 1212416
1871872 5727447 5727010 7406751 0 0 1941504
1449984 5770974 5770701 7463082 0 0 1302528
1302528 5818791 5818573 7524957 0 0 1298432
1384448 5861460 5861165 7580133 0 0 1265664
1159168 5903469 5903205 7634517 0 0 1261568
1257472 5951913 5951646 7697151 0 0 1257472
1167360 5993262 5993048 7750743 0 0 1298432
1196032 6035601 6035367 7805490 0 0 1253376
806912 6084408 6084198 7868751 0 0 999424
1130496 6119817 6119575 7914885 0 0 1077248
1654784 6162717 6162230 7970259 0 0 2027520
1101824 6211755 6211501 8033685 0 0 1253376
1159168 6253731 6253518 8087970 0 0 1302528
983040 6296730 6296439 8143575 0 0 1294336
1323008 6345141 6344813 8206209 0 0 1294336
1671168 6386193 6385817 8259372 0 0 1990656
1282048 6426024 6425791 8310951 0 0 1302528
1265664 6471366 6471049 8369691 0 0 1298432
1224704 6515685 6515455 8427210 0 0 1294336
1101824 6557595 6557369 8481627 0 0 1298432
1806336 6601089 6600678 8537892 0 0 2048000
1110016 6650952 6650651 8602572 0 0 1257472
1212416 6696195 6695935 8661312 0 0 1302528
1175552 6746025 6745789 8725860 0 0 1302528
987136 6792324 6792053 8785920 0 0 1085440
1134592 6835323 6835052 8841657 0 0 1302528
1261568 6877233 6877022 8896041 0 0 1294336
1277952 6924390 6924148 8957091 0 0 1302528
1351680 6966894 6966697 9012234 0 0 1253376
1073152 7009761 7009516 9067773 0 0 1302528
995328 7055301 7055079 9126876 0 0 1253376
1695744 7096056 7095604 9179676 0 0 2031616
1773568 7137339 7136900 9233235 0 0 2031616
1224704 7181361 7181165 9290325 0 0 1253376
1216512 7224558 7224310 9346293 0 0 1306624
1323008 7266534 7266195 9400611 0 0 1257472
1085440 7308708 7308489 9455424 0 0 1298432
1253376 7354908 7354645 9515286 0 0 1257472
1056768 7396521 7396253 9569241 0 0 1257472
1929216 7438134 7437709 9623229 0 0 1941504
1875968 7483344 7482982 9681870 0 0 1945600
1982464 7525914 7525533 9737046 0 0 1937408
1228800 7567032 7566765 9790242 0 0 1294336
1744896 7605312 7604906 9840303 0 0 1941504
1581056 7649334 7648934 9896964 0 0 1933312
823296 7690287 7690165 9949599 0 0 921600
839680 7737708 7737443 10010484 0 0 1298432
983040 7779552 7779359 10064307 0 0 1302528
1232896 7821462 7821233 10118163 0 0 1257472
962560 7865517 7865225 10174725 0 0 1302528
1724416 7911948 7911552 10234455 0 0 1941504
966656 7953198 7952961 10287519 0 0 1249280
901120 7995999 7995741 10342563 0 0 1257472
1560576 8042166 8041741 10401798 0 0 1986560
1724416 8083977 8083550 10455687 0 0 2031616
999424 8126448 8126181 10510302 0 0 1302528
1064960 8173770 8173555 10571154 0 0 1298432
1105920 8216340 8216049 10625835 0 0 1302528
1118208 8257260 8257013 10678437 0 0 1257472
1101824 8305209 8304964 10740114 0 0 1269760
1847296 8349198 8348773 10796742 0 0 2052096
1183744 8390448 8390156 10849740 0 0 1298432
1085440 8438397 8438219 10911483 0 0 1298432
1118208 8480274 8480071 10965306 0 0 1282048
1781760 8523075 8522584 11020317 0 0 1945600
1142784 8567955 8567726 11078067 0 0 1302528
1110016 8612868 8612676 11135751 0 0 1298432
1847296 8655669 8655190 11190762 0 0 1941504
1060864 8699361 8699120 11246928 0 0 1286144
1167360 8745858 8745572 11306658 0 0 1302528
1544192 8787339 8786904 11360118 0 0 1990656
1146880 8829249 8828926 11414007 0 0 1302528
958464 8877198 8876977 11475717 0 0 1298432
1658880 8917854 8917337 11527890 0 0 2031616
1236992 8960985 8960773 11583528 0 0 1245184
1822720 9007350 9006895 11643060 0 0 1986560
1216512 9048600 9048387 11696124 0 0 1302528
1167360 9090147 9089918 11749551 0 0 1306624
655360 9132354 9132216 11804001 0 0 999424
1224704 9170007 9169766 11852742 0 0 1257472
983040 9213369 9213122 11908677 0 0 1302528
1142784 9258249 9258055 11966592 0 0 1298432
1277952 9301941 9301727 12022857 0 0 1253376
770048 9343521 9343365 12076515 0 0 950272
1224704 9386289 9386031 12131658 0 0 1249280
1032192 9432093 9431847 12190695 0 0 1298432
1220608 9473013 9472799 12243462 0 0 1302528
1257472 9515781 9515503 12298737 0 0 1302528
1097728 9562839 9562564 12359358 0 0 1253376
1519616 9604650 9604221 12413346 0 0 2007040
1126400 9645108 9644852 12465519 0 0 1359872
978944 9691110 9690822 12524787 0 0 1294336
1146880 9734175 9733931 12580326 0 0 1302528
1085440 9778428 9778210 12637482 0 0 1257472
1679360 9826740 9826302 12699687 0 0 1941504
1073152 9866736 9866519 12751266 0 0 1306624
1208320 9909240 9909000 12806046 0 0 1200128
1155072 9955341 9955132 12865446 0 0 1298432
1327104 9998604 9998246 12921315 0 0 1617920
1200128 10040217 10039967 12974973 0 0 1298432
1179648 10081731 10081573 13028598 0 0 1302528
1167360 10126380 10126104 13086084 0 0 1253376
1122304 10170006 10169836 13142415 0 0 1257472
1044480 10212477 10212237 13197162 0 0 1294336
1695744 10260459 10260081 13259037 0 0 2035712
1937408 10304448 10303949 13315731 0 0 1986560
1089536 10346655 10346357 13370115 0 0 1257472
1081344 10394274 10393998 13431594 0 0 1302528
1302528 10437009 10436802 13486671 0 0 1257472
1822720 10477335 10476910 13538679 0 0 2031616
1839104 10525581 10525174 13600884 0 0 2048000
1372160 10566996 10566665 13654443 0 0 1622016
1544192 10607949 10607629 13707210 0 0 1593344
1216512 10655040 10654848 13767963 0 0 1302528
1011712 10689657 10689424 13812843 0 0 1302528
1073152 10730247 10730034 13865181 0 0 1298432
1249280 10776084 10775795 13924053 0 0 1306624
1679360 10822383 10822021 13983783 0 0 1990656
1761280 10863336 10862919 14036418 0 0 1986560
1052672 10902408 10902155 14086710 0 0 1298432
1605632 10948806 10948389 14146440 0 0 2031616
1105920 10990881 10990682 14200692 0 0 1306624
1073152 11037972 11037715 14261214 0 0 1302528
1232896 11084007 11083869 14320515 0 0 1306624
1826816 11126247 11125810 14374734 0 0 2039808
1855488 11167464 11167050 14427732 0 0 2035712
1413120 11215017 11214660 14488947 0 0 1544192
1089536 11256663 11256411 14542539 0 0 1298432
983040 11298210 11297915 14595933 0 0 1302528
1146880 11344641 11344340 14655630 0 0 1298432
1912832 11386452 11385989 14709453 0 0 1990656
1736704 11428593 11428200 14763705 0 0 2039808
1105920 11474133 11473894 14822247 0 0 1306624
1085440 11518683 11518496 14879634 0 0 1249280
1560576 11563002 11562520 14936592 0 0 1941504
1236992 11605935 11605619 14991867 0 0 1576960
1003520 11653686 11653425 15053346 0 0 1302528
1138688 11694606 11694352 15105915 0 0 1302528
1720320 11737671 11737245 15161322 0 0 1933312
962560 11783871 11783707 15220821 0 0 1134592
1110016 11827200 11826905 15276459 0 0 1302528
1142784 11870859 11870609 15332658 0 0 1302528
1093632 11917917 11917658 15393147 0 0 1298432
1122304 11958210 11958004 15445056 0 0 1302528
1130496 12000384 12000138 15499275 0 0 1302528
1855488 12047310 12046903 15559797 0 0 1986560
1826816 12089517 12089108 15614049 0 0 2039808
1089536 12131361 12131074 15667839 0 0 1302528
1253376 12174393 12174166 15723312 0 0 1306624
1196032 12210066 12209877 15769710 0 0 1298432
1351680 12253362 12253094 15825546 0 0 1302528
1122304 12293490 12293228 15877422 0 0 1302528
1011712 12339195 12338946 15936426 0 0 1085440
1216512 12379620 12379346 15988599 0 0 1253376
1134592 12419154 12418909 16039683 0 0 1302528
1089536 12466575 12466363 16100997 0 0 1298432
1208320 12507990 12507767 16154391 0 0 1294336
1863680 12549702 12549213 16208181 0 0 2007040
1118208 12598179 12597915 16270716 0 0 1298432
1044480 12639792 12639629 16324539 0 0 1298432
1245184 12680976 12680695 16377537 0 0 1257472
1265664 12728199 12727919 16438422 0 0 1257472
1179648 12772650 12772412 16495809 0 0 1298432
1335296 12812481 12812296 16547322 0 0 1302528
1228800 12858186 12857939 16606293 0 0 1306624
802816 12903297 12903124 16664472 0 0 925696
987136 12944646 12944438 16717866 0 0 1298432
1175552 12985170 12984960 16770105 0 0 1253376
1036288 13031799 13031562 16830231 0 0 1302528
1126400 13071960 13071669 16882041 0 0 1302528
1249280 13115223 13114931 16937811 0 0 1257472
1236992 13161588 13161310 16997739 0 0 1200128
1171456 13202607 13202362 17050638 0 0 1302528
1748992 13244616 13244177 17104791 0 0 1986560
1200128 13290948 13290711 17164521 0 0 1249280
1220608 13335366 13335146 17221908 0 0 1302528
1179648 13378563 13378401 17277645 0 0 1253376
1200128 13425192 13424998 17337870 0 0 1257472
1974272 13466937 13466484 17391594 0 0 2035712
1101824 13507461 13507195 17443833 0 0 1298432
1290240 13554948 13554745 17505180 0 0 1298432
1241088 13600917 13600705 17564448 0 0 1249280
1146880 13644543 13644259 17620647 0 0 1253376
1208320 13686519 13686281 17674833 0 0 1253376
2023424 13725327 13724828 17725290 0 0 2048000
1216512 13766808 13766494 17778882 0 0 1294336
1851392 13809807 13809347 17834388 0 0 1896448
1191936 13857723 13857468 17896197 0 0 1253376
2035712 13899798 13899325 17950614 0 0 1986560
1040384 13941576 13941349 18004602 0 0 1253376
1761280 13987314 13986868 18063639 0 0 1998848
1249280 14028201 14027980 18116439 0 0 1257472
1224704 14069088 14068818 18169074 0 0 1302528
1183744 14117499 14117255 18231576 0 0 1298432
1654784 14158617 14158174 18284640 0 0 2031616
1093632 14200692 14200449 18338826 0 0 1302528
1175552 14246067 14245874 18397335 0 0 1298432
1146880 14290551 14290342 18454755 0 0 1298432
2048000 14330778 14330333 18506565 0 0 2052096
937984 14373843 14373618 18562137 0 0 1089536
1302528 14418888 14418668 18620118 0 0 1253376
1699840 14459643 14459270 18672753 0 0 2027520
1118208 14501487 14501198 18726642 0 0 1302528
1077248 14548050 14547840 18786735 0 0 1253376
1282048 14592567 14592338 18844089 0 0 1294336
1277952 14635863 14635605 18899859 0 0 1298432
1818624 14684010 14683570 18961965 0 0 2039808
1073152 14726712 14726411 19016943 0 0 1257472
1122304 14768457 14768157 19070832 0 0 1306624
1167360 14814393 14814174 19130166 0 0 1257472
1052672 14855511 14855294 19183197 0 0 1257472
1146880 14898510 14898239 19238637 0 0 1298432
1171456 14943588 14943379 19296783 0 0 1253376
1114112 14988105 14987892 19354170 0 0 1241088
1851392 15032259 15031873 19411128 0 0 1990656
1097728 15075852 15075625 19467261 0 0 1294336
815104 15121062 15120842 19525638 0 0 1142784
1077248 15163665 15163390 19580451 0 0 1253376
1224704 15205377 15205112 19634241 0 0 1302528
1122304 15244482 15244259 19685061 0 0 1298432
1200128 15288141 15287886 19741392 0 0 1294336
970752 15331536 15331245 19797327 0 0 1253376
1622016 15379485 15379024 19859169 0 0 1990656
1220608 15423705 15423465 19916391 0 0 1253376
1155072 15467067 15466856 19972260 0 0 1302528
2015232 15515940 15515505 20035323 0 0 1990656
1798144 15557091 15556745 20088387 0 0 1982464
1863680 15599859 15599367 20143431 0 0 2002944
1253376 15652659 15652373 20211444 0 0 1302528
1798144 15696846 15696401 20268369 0 0 1994752
1789952 15737766 15737302 20321037 0 0 2002944
1269760 15781359 15781108 20377203 0 0 1257472
1294336 15826239 15825924 20434986 0 0 1298432
1331200 15867423 15867175 20488050 0 0 1302528
1859584 15908013 15907578 20540322 0 0 2035712
1429504 15956028 15955732 20602329 0 0 1703936
1941504 15999753 15999363 20658594 0 0 2031616
1916928 16041234 16040807 20712021 0 0 1990656
1155072 16087302 16087112 20771322 0 0 1302528
1257472 16128816 16128553 20824815 0 0 1253376
1036288 16170297 16170058 20878242 0 0 1298432
1032192 16217355 16217046 20938764 0 0 1257472
1925120 16259100 16258656 20992620 0 0 1949696
1224704 16301505 16301240 21047202 0 0 1306624
1204224 16346649 16346458 21105315 0 0 1302528
1232896 16391166 16390974 21162735 0 0 1261568
1265664 16434825 16434566 21218934 0 0 1302528
1163264 16478451 16478209 21275067 0 0 1253376
978944 16524816 16524592 21334797 0 0 1257472
1957888 16565406 16564921 21387102 0 0 2043904
1843200 16606854 16606405 21440562 0 0 1994752
1097728 16654506 16654254 21501975 0 0 1085440
1122304 16695624 16695353 21554841 0 0 1261568
1175552 16736775 16736552 21607905 0 0 1257472
1036288 16772052 16771814 21653643 0 0 1302528
1159168 16812774 16812597 21706014 0 0 1302528
1089536 16854519 16854275 21759639 0 0 1257472
1486848 16901709 16901299 21820293 0 0 2023424
1777664 16943784 16943320 21874182 0 0 1945600
1015808 16986387 16986132 21928995 0 0 1257472
1081344 17033544 17033315 21989649 0 0 1298432
1110016 17077401 17077141 22046013 0 0 1302528
1191936 17117232 17116998 22097196 0 0 1298432
1220608 17160462 17160226 22152735 0 0 1257472
1712128 17206398 17205931 22211838 0 0 1990656
995328 17248704 17248473 22266156 0 0 1257472
1069056 17295366 17295168 22326282 0 0 1294336
1093632 17343381 17343131 22387893 0 0 1298432
962560 17386248 17386059 22443069 0 0 1302528
1081344 17429181 17428953 22498245 0 0 1302528
905216 17474490 17474388 22556490 0 0 921600
1695744 17517060 17516676 22611237 0 0 2035712
1757184 17559069 17558664 22665258 0 0 2048000
1720320 17605038 17604604 22724328 0 0 1986560
1069056 17647344 17647066 22778679 0 0 1253376
1155072 17689617 17689357 22833030 0 0 1257472
1249280 17735553 17735314 22892133 0 0 1302528
1044480 17776638 17776353 22944933 0 0 1249280
716800 17818317 17818126 22998723 0 0 1130496
1163264 17860854 17860632 23053239 0 0 1294336
1036288 17905602 17905356 23110791 0 0 1306624
946176 17946621 17946406 23163591 0 0 1302528
1232896 17988597 17988316 23217546 0 0 1302528
1028096 18037008 18036732 23279751 0 0 1302528
1560576 18081096 18080734 23336511 0 0 1925120
1011712 18121983 18121743 23389047 0 0 1191936
1859584 18168711 18168295 23449173 0 0 1941504
970752 18210423 18210144 23502732 0 0 1306624
1044480 18252399 18252129 23556654 0 0 1241088
1081344 18291372 18291150 23607177 0 0 1269760
1396736 18334272 18334080 23662320 0 0 1253376
1032192 18377535 18377332 23717892 0 0 1257472
974848 18426012 18425729 23780130 0 0 1253376
1654784 18467691 18467246 23833689 0 0 2048000
1060864 18508446 18508206 23886060 0 0 1302528
917504 18552006 18551712 23942028 0 0 1302528
1081344 18597348 18597118 24000240 0 0 1298432
1810432 18637146 18636749 24051522 0 0 2048000
1163264 18678759 18678489 24105048 0 0 1302528
1110016 18725619 18725388 24165405 0 0 1253376
954368 18767595 18767406 24219459 0 0 1241088
1761280 18811650 18811207 24276021 0 0 2031616
819200 18859104 18858947 24337203 0 0 929792
1077248 18901575 18901325 24391884 0 0 1298432
1224704 18943287 18943017 24445410 0 0 1302528
1089536 18990114 18989814 24505734 0 0 1298432
1028096 19031199 19031018 24558633 0 0 1134592
831488 19073406 19073239 24612918 0 0 921600
995328 19121784 19121515 24675156 0 0 1302528
925696 19162803 19162533 24727923 0 0 1253376
1163264 19203492 19203231 24780360 0 0 1302528
983040 19248537 19248224 24838275 0 0 1298432
1773568 19292592 19292114 24894969 0 0 2035712
987136 19334535 19334297 24948924 0 0 1257472
1056768 19377996 19377707 25004892 0 0 1302528
1011712 19424625 19424392 25064919 0 0 1122304
1875968 19465545 19465139 25117521 0 0 2027520
983040 19507224 19506905 25171047 0 0 1257472
970752 19555239 19555003 25232955 0 0 1306624
1228800 19597182 19596922 25286910 0 0 1302528
1179648 19640676 19640412 25342812 0 0 1294336
1220608 19689318 19689063 25405446 0 0 1294336
1937408 19730337 19729873 25458213 0 0 2039808
946176 19772907 19772629 25513026 0 0 1253376
1028096 19822143 19821944 25576419 0 0 1302528
1163264 19855572 19855286 25619682 0 0 1298432
1703936 19898043 19897612 25674297 0 0 1986560
995328 19942659 19942456 25731717 0 0 1298432
864256 19986516 19986277 25788081 0 0 1081344
1622016 20027337 20026906 25840485 0 0 1982464
1073152 20069544 20069289 25894770 0 0 1298432
1069056 20117163 20116978 25956084 0 0 1298432
1241088 20158215 20157955 26008719 0 0 1294336
1011712 20199399 20199171 26061717 0 0 1298432
925696 20245236 20245000 26120688 0 0 1253376
1986560 20287377 20287010 26174940 0 0 2002944
1077248 20329617 20329364 26229192 0 0 1257472
1093632 20376345 20376089 26289219 0 0 1298432
1069056 20417562 20417368 26342250 0 0 1253376
1114112 20458581 20458306 26394984 0 0 1306624
1634304 20505012 20504518 26454681 0 0 1941504
1581056 20544975 20544553 26506194 0 0 2035712
1007616 20589030 20588744 26562723 0 0 1298432
1753088 20635461 20635065 26622420 0 0 1945600
978944 20678592 20678300 26677893 0 0 1253376
1482752 20720997 20720570 26732442 0 0 1658880
1064960 20762346 20762060 26785572 0 0 1253376
1003520 20807886 20807745 26844279 0 0 1081344
1626112 20851248 20850781 26899851 0 0 2031616
1363968 20893323 20892974 26953971 0 0 1646592
1728512 20940150 20939677 27014229 0 0 1990656
995328 20982027 20981772 27068019 0 0 1302528
1765376 21023013 21022601 27120720 0 0 1990656
1073152 21070368 21070081 27181638 0 0 1257472
999424 21111849 21111634 27235098 0 0 1302528
1044480 21153759 21153547 27288921 0 0 1257472
1826816 21199926 21199491 27348222 0 0 2027520
1060864 21241143 21240956 27401253 0 0 1257472
1208320 21282690 21282492 27454746 0 0 1257472
1097728 21327933 21327693 27512958 0 0 1302528
1306624 21364035 21363781 27559851 0 0 1257472
1802240 21406638 21406265 27614961 0 0 1986560
1167360 21449274 21449070 27670137 0 0 1298432
1142784 21494649 21494454 27728811 0 0 1294336
1970176 21535503 21535027 27781611 0 0 2035712
1134592 21576324 21576057 27834411 0 0 1302528
1351680 21622062 21621738 27893514 0 0 1261568
913408 21663444 21663176 27947040 0 0 1294336
1183744 21703935 21703689 27999477 0 0 1306624
1966080 21751092 21750663 28060527 0 0 2052096
1380352 21793992 21793624 28116000 0 0 1527808
1126400 21835143 21834977 28169196 0 0 1298432
1110016 21883290 21883045 28231500 0 0 1294336
1114112 21924705 21924460 28285059 0 0 1302528
1277952 21965823 21965623 28338222 0 0 1253376
1183744 22010604 22010340 28396170 0 0 1257472
1138688 22053240 22052990 28451313 0 0 1302528
1142784 22094952 22094726 28505202 0 0 1302528
1810432 22138776 22138347 28561896 0 0 1888256
1196032 22184481 22184217 28620999 0 0 1257472
1187840 22225599 22225355 28674195 0 0 1302528
1060864 22266717 22266427 28727358 0 0 1306624
1097728 22313676 22313397 28788045 0 0 1298432
1269760 22355388 22355103 28842000 0 0 1257472
1855488 22396440 22396065 28895163 0 0 2048000
1843200 22443696 22443226 28956180 0 0 1990656
1130496 22484451 22484248 29009013 0 0 1253376
1650688 22526526 22526094 29063298 0 0 2027520
1126400 22574013 22573756 29124810 0 0 1298432
1208320 22614240 22613945 29176785 0 0 1302528
1257472 22657437 22657175 29232786 0 0 1257472
1175552 22704297 22704127 29293407 0 0 1257472
1765376 22747263 22746854 29348946 0 0 2031616
1261568 22789635 22789412 29403726 0 0 1294336
1875968 22832568 22832112 29459298 0 0 2048000
