1028096 5940 5727 7986 0 0 1208320
1118208 62601 62364 81642 0 0 1212416
1105920 116787 116551 152130 0 0 1208320
1163264 171006 170759 222684 0 0 1167360
1105920 225225 224965 293238 0 0 1208320
1052672 278817 278547 362967 0 0 1167360
1171456 332706 332460 433026 0 0 1208320
1044480 386892 386644 503547 0 0 1208320
1318912 440781 440429 573606 0 0 1527808
1052672 495000 494796 644193 0 0 1216512
1171456 548988 548707 714351 0 0 1130496
1716224 603471 603066 785202 0 0 1892352
974848 657294 657148 855327 0 0 1208320
1273856 711282 711004 925452 0 0 1122304
892928 765171 764994 995643 0 0 856064
1048576 819060 818826 1065702 0 0 1167360
1097728 872916 872720 1135827 0 0 1208320
1404928 927102 926893 1206315 0 0 1212416
1232896 981057 980773 1276473 0 0 1212416
1114112 1034946 1034695 1346631 0 0 1163264
1146880 1088802 1088600 1416657 0 0 1204224
1191936 1142724 1142514 1486848 0 0 1208320
1216512 1196580 1196404 1556973 0 0 1216512
1200128 1252053 1251817 1629045 0 0 1167360
1130496 1305942 1305715 1699203 0 0 1208320
1142784 1359798 1359579 1769295 0 0 1212416
995328 1413423 1413201 1839024 0 0 1114112
1220608 1467312 1467023 1909149 0 0 1167360
741376 1514898 1514757 1971255 0 0 868352
950272 1564332 1564066 2035440 0 0 1298432
987136 1618848 1618592 2106093 0 0 1249280
1167360 1673034 1672850 2176449 0 0 1294336
1220608 1727022 1726775 2246343 0 0 1298432
1052672 1781175 1780973 2316666 0 0 1294336
962560 1835427 1835205 2386890 0 0 1290240
962560 1889613 1889424 2457015 0 0 1249280
1069056 1943667 1943389 2526711 0 0 1253376
991232 1997886 1997601 2596869 0 0 1249280
1146880 2051808 2051554 2666598 0 0 1298432
1150976 2106093 2105846 2736657 0 0 1249280
970752 2160015 2159813 2806452 0 0 1298432
1142784 2214564 2214357 2876973 0 0 1298432
995328 2268816 2268543 2947098 0 0 1294336
1101824 2323134 2322855 3017223 0 0 1298432
1212416 2377056 2376796 3086919 0 0 1290240
1064960 2431275 2431047 3157077 0 0 1298432
1118208 2485263 2485007 3226773 0 0 1220608
1097728 2539482 2539248 3296898 0 0 1249280
1089536 2593668 2593452 3366957 0 0 1265664
933888 2647920 2647664 3437115 0 0 1253376
1163264 2702436 2702269 3507603 0 0 1298432
1044480 2757315 2757078 3578454 0 0 1294336
1114112 2811897 2811655 3649041 0 0 1298432
1818624 2866116 2865757 3719166 0 0 1986560
1499136 2920731 2920269 3789654 0 0 1986560
1064960 2974719 2974402 3859416 0 0 1249280
974848 3028575 3028360 3929079 0 0 1294336
1150976 3072036 3071728 3985608 0 0 1294336
1302528 3126255 3125973 4055964 0 0 1294336
962560 3180540 3180248 4126254 0 0 1253376
1163264 3234825 3234539 4196511 0 0 1253376
1261568 3289077 3288802 4266801 0 0 1257472
1024000 3343032 3342827 4336728 0 0 1253376
1302528 3397218 3397024 4406886 0 0 1253376
1011712 3451503 3451260 4476945 0 0 1298432
1253376 3505392 3505128 4546641 0 0 1249280
1228800 3559611 3559362 4616766 0 0 1253376
1097728 3613863 3613582 4686858 0 0 1253376
991232 3667719 3667494 4756587 0 0 1257472
1097728 3721971 3721756 4826679 0 0 1298432
1212416 3776223 3775932 4896804 0 0 1298432
958464 3830409 3830141 4966929 0 0 1298432
954368 3884892 3884661 5037450 0 0 1298432
1150976 3939177 3938922 5107575 0 0 1298432
1155072 3993330 3993103 5177700 0 0 1294336
1232896 4047285 4047047 5247429 0 0 1253376
1241088 4101537 4101252 5317521 0 0 1298432
983040 4155756 4155490 5387679 0 0 1253376
1105920 4209975 4209721 5457771 0 0 1294336
1273856 4264161 4263896 5527929 0 0 1253376
1843200 4318413 4317930 5598021 0 0 1937408
1085440 4372368 4372034 5667717 0 0 1298432
1056768 4426224 4425981 5737479 0 0 1290240
1232896 4480773 4480525 5807967 0 0 1253376
1880064 4534992 4534585 5878158 0 0 1982464
1273856 4578387 4578120 5934654 0 0 1290240
1699840 4632573 4632177 6004977 0 0 1998848
1212416 4686462 4686245 6074838 0 0 1298432
1978368 4740747 4740283 6145161 0 0 1982464
1191936 4794636 4794438 6215055 0 0 1245184
1110016 4848921 4848671 6285411 0 0 1294336
1142784 4903140 4902857 6355734 0 0 1298432
1122304 4957029 4956806 6425595 0 0 1290240
1163264 5011512 5011282 6496281 0 0 1253376
1183744 5066028 5065756 6566967 0 0 1298432
1097728 5119917 5119631 6636828 0 0 1298432
901120 5174136 5173860 6707184 0 0 1253376
1093632 5228322 5228109 6777408 0 0 1294336
1081344 5282541 5282230 6847698 0 0 1253376
1015808 5336364 5336139 6917625 0 0 1298432
1105920 5390583 5390384 6987882 0 0 1298432
1118208 5444472 5444274 7057809 0 0 1253376
1122304 5498691 5498416 7128099 0 0 1294336
1130496 5552580 5552341 7197993 0 0 1298432
1032192 5606799 5606537 7268316 0 0 1294336
643072 5660655 5660518 7338276 0 0 917504
1130496 5715501 5715269 7409391 0 0 1249280
933888 5769423 5769070 7479285 0 0 1253376
1126400 5823576 5823342 7549608 0 0 1290240
974848 5877729 5877498 7619898 0 0 1298432
1175552 5932212 5931998 7690584 0 0 1253376
1708032 5986695 5986322 7761270 0 0 1937408
1105920 6040980 6040698 7831626 0 0 1294336
749568 6084804 6084596 7888716 0 0 983040
1110016 6138495 6138205 7958478 0 0 1253376
970752 6192714 6192406 8028801 0 0 1294336
1015808 6246900 6246676 8099058 0 0 1294336
1028096 6301713 6301458 8170140 0 0 1298432
1064960 6356262 6356016 8240859 0 0 1249280
1179648 6410415 6410193 8311149 0 0 1249280
1183744 6464502 6464209 8381406 0 0 1298432
847872 6518919 6518624 8452158 0 0 1253376
1155072 6572973 6572694 8522448 0 0 1245184
1097728 6627225 6626985 8592903 0 0 1138688
1482752 6681510 6681046 8663457 0 0 1953792
1175552 6735036 6734772 8732988 0 0 1298432
1228800 6789090 6788852 8803278 0 0 1208320
1269760 6843507 6843242 8873964 0 0 1294336
1916928 6897594 6897127 8944254 0 0 1998848
1163264 6951384 6951103 9014148 0 0 1298432
1179648 7005471 7005228 9084471 0 0 1249280
897024 7059261 7059049 9154563 0 0 1052672
1183744 7113315 7113094 9224721 0 0 1298432
1069056 7167468 7167166 9295011 0 0 1294336
1232896 7221522 7221301 9365334 0 0 1294336
1212416 7275642 7275366 9435657 0 0 1298432
1175552 7329729 7329491 9505947 0 0 1249280
1105920 7383189 7382903 9575511 0 0 1253376
1003520 7437243 7437049 9645768 0 0 1249280
1093632 7491429 7491133 9716058 0 0 1298432
700416 7544889 7544764 9785655 0 0 937984
1654784 7599009 7598581 9855846 0 0 1937408
1163264 7642437 7642223 9912309 0 0 1294336
786432 7696524 7696317 9982005 0 0 1294336
1576960 7750974 7750531 10052130 0 0 1941504
851968 7805424 7805148 10122222 0 0 1302528
1036288 7859511 7859285 10191951 0 0 1298432
942080 7913928 7913686 10262109 0 0 1253376
1097728 7968312 7968081 10332201 0 0 1298432
1085440 8022762 8022430 10402359 0 0 1294336
1200128 8077113 8076875 10472451 0 0 1294336
1114112 8131464 8131244 10542543 0 0 1294336
1658880 8186211 8185738 10613097 0 0 1982464
1089536 8240232 8240014 10682793 0 0 1294336
1073152 8295276 8294978 10753710 0 0 1298432
1204224 8349957 8349701 10824231 0 0 1294336
1089536 8404308 8404106 10894323 0 0 1298432
1290240 8458725 8458484 10964382 0 0 1298432
868352 8513439 8513137 11035002 0 0 1298432
1159168 8567493 8567298 11104731 0 0 1294336
1044480 8621910 8621670 11174790 0 0 1249280
1134592 8676327 8676051 11244915 0 0 1298432
1265664 8730711 8730458 11315040 0 0 1298432
1146880 8784831 8784519 11384703 0 0 1253376
1171456 8839116 8838931 11454861 0 0 1294336
1114112 8893863 8893618 11525349 0 0 1253376
1187840 8948247 8947995 11595507 0 0 1302528
991232 9002664 9002376 11665566 0 0 1294336
864256 9057015 9056785 11735757 0 0 1294336
987136 9111729 9111499 11806212 0 0 1298432
1204224 9155487 9155261 11863071 0 0 1298432
937984 9210135 9209906 11933757 0 0 1253376
954368 9264552 9264315 12004047 0 0 1298432
1007616 9318639 9318398 12073941 0 0 1294336
1036288 9372990 9372752 12144264 0 0 1294336
1171456 9427935 9427733 12215346 0 0 1253376
1204224 9482385 9482063 12285702 0 0 1298432
884736 9536670 9536446 12355926 0 0 1298432
929792 9591087 9590828 12426249 0 0 1298432
880640 9645141 9644920 12496143 0 0 1290240
1064960 9699492 9699255 12566466 0 0 1302528
999424 9753909 9753640 12636756 0 0 1294336
872448 9808260 9808028 12707079 0 0 1249280
946176 9862611 9862408 12777402 0 0 1249280
999424 9917028 9916791 12847692 0 0 1294336
909312 9971412 9971132 12917982 0 0 1294336
1040384 10025730 10025499 12988272 0 0 1302528
1097728 10079817 10079552 13058133 0 0 1302528
1699840 10134531 10134034 13128852 0 0 1941504
937984 10188882 10188568 13199142 0 0 1290240
1232896 10243233 10242980 13269465 0 0 1302528
995328 10297287 10297094 13339326 0 0 1298432
864256 10351638 10351433 13409583 0 0 1298432
958464 10406055 10405792 13479939 0 0 1253376
1757184 10460406 10459995 13550196 0 0 1994752
1736704 10514823 10514335 13620453 0 0 1941504
1667072 10568877 10568398 13690446 0 0 1941504
970752 10622898 10622638 13760340 0 0 1294336
933888 10666689 10666422 13817232 0 0 1298432
851968 10721040 10720726 13887357 0 0 1298432
1716224 10775622 10775220 13957845 0 0 1937408
958464 10829973 10829737 14028003 0 0 1298432
1064960 10884291 10884119 14098128 0 0 1298432
1159168 10938675 10938430 14168286 0 0 1302528
913408 10993059 10992793 14238411 0 0 1290240
1609728 11048301 11047863 14309658 0 0 1974272
954368 11102652 11102405 14379849 0 0 1298432
1200128 11157036 11156771 14449941 0 0 1298432
1003520 11211387 11211109 14520066 0 0 1294336
958464 11265705 11265474 14590224 0 0 1249280
991232 11320452 11320141 14660712 0 0 1253376
950272 11374737 11374474 14730804 0 0 1298432
1114112 11428824 11428590 14800566 0 0 1302528
1654784 11483439 11483069 14871054 0 0 1896448
1159168 11537856 11537636 14941245 0 0 1294336
913408 11592207 11591998 15011337 0 0 1241088
1658880 11646591 11646150 15081363 0 0 1978368
1073152 11700942 11700686 15151521 0 0 1290240
1085440 11755326 11755042 15221679 0 0 1298432
999424 11809347 11809118 15291375 0 0 1290240
1007616 11863665 11863434 15361500 0 0 1290240
974848 11918082 11917830 15431592 0 0 1298432
1146880 11972136 11971910 15501288 0 0 1302528
1818624 12026850 12026390 15571842 0 0 1978368
1085440 12080904 12080612 15641604 0 0 1298432
1019904 12135222 12134985 15711762 0 0 1298432
753664 12187494 12187310 15779346 0 0 983040
1110016 12232572 12232298 15837855 0 0 1294336
1077248 12286989 12286753 15908343 0 0 1298432
1126400 12342396 12342146 15980118 0 0 1294336
1171456 12396483 12396273 16050177 0 0 1298432
1093632 12450669 12450486 16120368 0 0 1249280
1081344 12504855 12504632 16190559 0 0 1294336
1044480 12559107 12558835 16260618 0 0 1298432
1019904 12613029 12612747 16330314 0 0 1294336
1085440 12667149 12666938 16400472 0 0 1294336
1048576 12721071 12720818 16470135 0 0 1294336
1036288 12775620 12775364 16540689 0 0 1249280
868352 12829542 12829213 16610352 0 0 1294336
1712128 12884025 12883564 16680840 0 0 1982464
1208320 12938310 12938017 16751031 0 0 1253376
1032192 12992793 12992508 16821486 0 0 1294336
1073152 13046715 13046441 16891314 0 0 1298432
1101824 13100901 13100637 16961373 0 0 1253376
1130496 13155417 13155167 17031894 0 0 1253376
1007616 13209636 13209439 17102019 0 0 1298432
978944 13264152 13263921 17172507 0 0 1249280
1171456 13318404 13318161 17242632 0 0 1298432
757760 13372260 13372152 17312493 0 0 983040
1212416 13426512 13426253 17382486 0 0 1294336
1081344 13480995 13480762 17453040 0 0 1249280
1384448 13534917 13534683 17522670 0 0 1253376
974848 13590060 13589800 17594049 0 0 1298432
1126400 13644312 13644047 17664141 0 0 1249280
983040 13698465 13698254 17734233 0 0 1294336
1069056 13741860 13741658 17790762 0 0 1249280
1146880 13796475 13796225 17861448 0 0 1294336
905216 13850760 13850493 17931837 0 0 1253376
1024000 13904748 13904521 18001731 0 0 1302528
983040 13959033 13958808 18071955 0 0 1298432
1323008 14013318 14013070 18142311 0 0 1249280
1056768 14066976 14066758 18211644 0 0 1249280
1093632 14121261 14120954 18281703 0 0 1298432
991232 14175117 14174888 18351465 0 0 1294336
1216512 14229402 14229166 18421623 0 0 1302528
1073152 14283654 14283386 18491715 0 0 1294336
876544 14337840 14337608 18561840 0 0 1298432
1777664 14392092 14391726 18631932 0 0 1937408
999424 14445783 14445620 18701430 0 0 1069056
1077248 14500332 14500070 18771852 0 0 1253376
1105920 14554518 14554299 18842010 0 0 1294336
970752 14608770 14608547 18912102 0 0 1294336
929792 14662989 14662787 18982194 0 0 1290240
1015808 14717010 14716782 19051923 0 0 1294336
933888 14771526 14771288 19122477 0 0 1294336
1073152 14825778 14825524 19192602 0 0 1298432
1183744 14879700 14879430 19262298 0 0 1298432
1921024 14933919 14933497 19332390 0 0 1990656
1183744 14987841 14987610 19402152 0 0 1302528
1028096 15041928 15041720 19472145 0 0 1425408
1286144 15096081 15095838 19542072 0 0 1298432
1056768 15150300 15150067 19612164 0 0 1298432
1032192 15204189 15203994 19681827 0 0 1249280
1675264 15247881 15247507 19738752 0 0 1941504
1253376 15302001 15301660 19808646 0 0 1302528
1126400 15356253 15356025 19878870 0 0 1294336
1130496 15410637 15410425 19949160 0 0 1298432
974848 15464658 15464441 20019087 0 0 1302528
1159168 15519042 15518745 20089377 0 0 1294336
1150976 15573063 15572848 20159205 0 0 1249280
946176 15627381 15627090 20229297 0 0 1298432
1036288 15681666 15681364 20299356 0 0 1249280
1179648 15736314 15736032 20369910 0 0 1290240
1040384 15790929 15790636 20440431 0 0 1265664
897024 15845181 15844929 20510523 0 0 1298432
958464 15899499 15899272 20580615 0 0 1249280
1171456 15953784 15953565 20650740 0 0 1294336
1060864 16008069 16007844 20720865 0 0 1298432
1159168 16062387 16062175 20790990 0 0 1294336
1204224 16116639 16116488 20861115 0 0 1253376
1187840 16170990 16170713 20931240 0 0 1253376
950272 16225242 16225061 21001365 0 0 1294336
946176 16279626 16279389 21071457 0 0 1298432
1036288 16333878 16333652 21141549 0 0 1298432
1118208 16387701 16387464 21211146 0 0 1253376
880640 16441821 16441661 21281073 0 0 1294336
1060864 16496172 16495959 21351165 0 0 1294336
1191936 16550523 16550261 21421356 0 0 1294336
1105920 16604511 16604221 21491019 0 0 1298432
978944 16658796 16658552 21561111 0 0 1298432
1474560 16713345 16712952 21631566 0 0 1593344
704512 16759809 16759600 21691758 0 0 995328
888832 16811058 16810843 21757923 0 0 1294336
954368 16865640 16865423 21828213 0 0 1302528
827392 16920255 16919978 21898503 0 0 1249280
1064960 16975101 16974842 21969222 0 0 1286144
1077248 17029386 17029166 22039050 0 0 1294336
1179648 17083935 17083717 22109439 0 0 1302528
942080 17138484 17138267 22179663 0 0 1249280
1007616 17193033 17192793 22249953 0 0 1298432
1085440 17247615 17247335 22320309 0 0 1298432
966656 17301867 17301583 22390203 0 0 1294336
1056768 17356383 17356131 22460526 0 0 1253376
1081344 17410932 17410635 22530849 0 0 1290240
1081344 17465481 17465237 22601139 0 0 1298432
847872 17519733 17519509 22671066 0 0 1253376
987136 17573919 17573681 22740960 0 0 1294336
1015808 17628534 17628209 22811283 0 0 1232896
966656 17683050 17682783 22881606 0 0 1294336
1015808 17737236 17737019 22951467 0 0 1290240
1126400 17792115 17791892 23022120 0 0 1249280
1609728 17846928 17846509 23092839 0 0 1925120
1028096 17901477 17901214 23163162 0 0 1294336
1228800 17956026 17955811 23233452 0 0 1253376
1785856 18010905 18010431 23304138 0 0 2043904
897024 18065091 18064824 23373999 0 0 1249280
1462272 18119970 18119690 23444751 0 0 1249280
1167360 18174486 18174256 23515041 0 0 1302528
1011712 18228738 18228483 23584968 0 0 1298432
942080 18283584 18283319 23655621 0 0 1298432
937984 18327210 18327010 23712150 0 0 1294336
1093632 18381792 18381479 23782407 0 0 1294336
909312 18436935 18436703 23853522 0 0 1232896
1224704 18491187 18490923 23923449 0 0 1294336
1007616 18546297 18546093 23994531 0 0 1253376
876544 18601209 18600948 24065184 0 0 1294336
950272 18655692 18655500 24135474 0 0 1249280
1044480 18710538 18710256 24206160 0 0 1294336
1167360 18765054 18764707 24276384 0 0 1294336
1142784 18820725 18820490 24348324 0 0 1294336
1167360 18875241 18874990 24418647 0 0 1253376
651264 18929427 18929285 24488574 0 0 995328
1191936 18983910 18983714 24558798 0 0 1298432
1064960 19038459 19038150 24629121 0 0 1249280
1040384 19092579 19092370 24699015 0 0 1290240
1003520 19147062 19146848 24769305 0 0 1249280
1089536 19201314 19201072 24839232 0 0 1294336
1597440 19256094 19255660 24909918 0 0 2039808
1036288 19310280 19310017 24979845 0 0 1249280
1105920 19365093 19364879 25050564 0 0 1253376
1257472 19419477 19419182 25120722 0 0 1589248
1150976 19474125 19473881 25191111 0 0 1298432
1081344 19528278 19528056 25261104 0 0 1298432
1245184 19582728 19582510 25331361 0 0 1241088
1101824 19637244 19636968 25401651 0 0 1290240
1032192 19691694 19691494 25471941 0 0 1290240
1015808 19746210 19746004 25542231 0 0 1298432
1007616 19800693 19800493 25612521 0 0 1298432
1118208 19844550 19844315 25669380 0 0 1253376
1163264 19898967 19898711 25739505 0 0 1249280
1163264 19953087 19952882 25809201 0 0 1298432
1208320 20007504 20007320 25879326 0 0 1298432
1064960 20061624 20061416 25949055 0 0 1294336
954368 20116338 20116096 26019609 0 0 1286144
1118208 20170755 20170474 26089734 0 0 1298432
1085440 20225139 20224866 26159892 0 0 1298432
966656 20279193 20278969 26229588 0 0 1298432
970752 20333940 20333703 26300043 0 0 1298432
1069056 20388555 20388395 26370531 0 0 1290240
950272 20442939 20442694 26440689 0 0 1294336
1019904 20497686 20497426 26511210 0 0 1249280
1085440 20551806 20551515 26580939 0 0 1294336
1077248 20606454 20606221 26651460 0 0 1253376
999424 20660838 20660608 26721552 0 0 1298432
1007616 20715255 20715018 26791644 0 0 1298432
1110016 20769342 20769006 26861406 0 0 1249280
1028096 20823693 20823479 26931531 0 0 1253376
1282048 20877516 20877234 27000930 0 0 1253376
1064960 20931900 20931637 27071055 0 0 1290240
987136 20986284 20986038 27141147 0 0 1249280
1220608 21040932 21040748 27211635 0 0 1302528
1212416 21096009 21095733 27282519 0 0 1294336
1556480 21150360 21149943 27352644 0 0 1941504
913408 21204447 21204219 27422340 0 0 1298432
991232 21259128 21258911 27492861 0 0 1290240
1183744 21313248 21312982 27562557 0 0 1298432
1306624 21356940 21356734 27619350 0 0 1298432
1290240 21411423 21411050 27689970 0 0 1544192
1130496 21465708 21465460 27760392 0 0 1298432
1179648 21519564 21519333 27830286 0 0 1294336
1294336 21574113 21573884 27901005 0 0 1269760
1163264 21628299 21628040 27971262 0 0 1298432
937984 21682452 21682268 28041519 0 0 1249280
1261568 21736440 21736110 28111479 0 0 1253376
1036288 21790923 21790633 28182165 0 0 1249280
1163264 21844779 21844550 28252026 0 0 1294336
983040 21898932 21898750 28322349 0 0 1253376
1036288 21952854 21952608 28392276 0 0 1290240
1085440 22007040 22006799 28462566 0 0 1253376
1089536 22061589 22061273 28533252 0 0 1253376
1179648 22115973 22115828 28603905 0 0 1298432
1626112 22170819 22170377 28674921 0 0 1937408
1110016 22225071 22224789 28745277 0 0 1294336
1232896 22279224 22278993 28815534 0 0 1294336
1064960 22333641 22333498 28886220 0 0 1249280
1277952 22387860 22387668 28956477 0 0 1253376
925696 22442046 22441938 29026866 0 0 937984
1138688 22496232 22496006 29097123 0 0 1298432
1146880 22550187 22549942 29167017 0 0 1249280
1089536 22604340 22604098 29237340 0 0 1298432
1191936 22658559 22658304 29307630 0 0 1249280
1253376 22713042 22712829 29378349 0 0 1253376
1826816 22767261 22766814 29448672 0 0 1937408
1077248 22821414 22821175 29518962 0 0 1249280
864256 22873884 22873681 29587107 0 0 999424
