1261568 3201 2966 4455 0 0 1216512
1081344 33198 32945 43527 0 0 1212416
1806336 65868 65433 86196 0 0 1961984
1269760 92499 92307 120978 0 0 1220608
1798144 120681 120269 157707 0 0 1900544
1032192 149820 149633 195789 0 0 999424
974848 176022 175954 230010 0 0 835584
1269760 201795 201567 263538 0 0 1208320
1826816 232386 231971 303435 0 0 1855488
1159168 260535 260330 340164 0 0 1216512
1708032 287760 287322 375738 0 0 1859584
835584 317196 317028 413985 0 0 843776
1675264 347424 346947 453519 0 0 1916928
1781760 374649 374199 489060 0 0 1900544
1110016 406197 405966 530145 0 0 1216512
2002944 435831 435379 568821 0 0 1916928
1126400 463716 463460 605121 0 0 1171456
1802240 495462 495031 646668 0 0 1900544
1810432 527901 527437 688908 0 0 1945600
1867776 553311 552877 722106 0 0 1949696
954368 582450 582278 760089 0 0 970752
1712128 615978 615573 803748 0 0 1859584
1208320 645678 645464 842457 0 0 1167360
1097728 674124 673862 879615 0 0 1171456
1200128 705573 705388 920700 0 0 1216512
712704 734712 734507 958617 0 0 794624
1576960 761607 761183 993729 0 0 1904640
2052096 789492 788979 1030062 0 0 1966080
1626112 819159 818781 1068738 0 0 1867776
1073152 846417 846148 1104345 0 0 1179648
1097728 875160 874953 1141800 0 0 1216512
1187840 908490 908252 1185195 0 0 1216512
1228800 935484 935149 1220373 0 0 1171456
1724416 964227 963795 1257927 0 0 1921024
970752 996699 996496 1300332 0 0 950272
1818624 1022670 1022252 1334058 0 0 1916928
1007616 1047750 1047567 1366893 0 0 1220608
1089536 1079232 1079026 1407912 0 0 1167360
958464 1106193 1105955 1443057 0 0 1216512
1093632 1131306 1131081 1475826 0 0 1216512
1220608 1160610 1160481 1514139 0 0 1216512
1794048 1189782 1189334 1552056 0 0 1925120
1818624 1216116 1215677 1586409 0 0 1949696
1183744 1244925 1244670 1623930 0 0 1171456
1171456 1276671 1276422 1665411 0 0 1208320
1110016 1302477 1302226 1699203 0 0 1155072
1150976 1329966 1329740 1734975 0 0 1220608
1843200 1362042 1361642 1776819 0 0 1859584
1753088 1388409 1387985 1811205 0 0 1908736
987136 1419033 1418810 1851201 0 0 974848
778240 1451373 1451220 1893408 0 0 876544
1150976 1477641 1477456 1927695 0 0 1167360
1183744 1504305 1504077 1962444 0 0 1216512
1282048 1531497 1531263 1998150 0 0 1302528
1052672 1559250 1559056 2034252 0 0 1114112
1056768 1586046 1585812 2069199 0 0 1126400
1163264 1618056 1617796 2110779 0 0 1138688
1421312 1646568 1646164 2147706 0 0 1548288
1126400 1672836 1672568 2181894 0 0 1253376
1220608 1703889 1703623 2222253 0 0 1298432
1392640 1736163 1735924 2264229 0 0 1302528
1552384 1759857 1759453 2295117 0 0 1986560
1081344 1792329 1792063 2337291 0 0 1298432
978944 1821501 1821286 2375241 0 0 1081344
749568 1847109 1846866 2408373 0 0 987136
1146880 1877205 1876942 2447346 0 0 1298432
1236992 1908588 1908353 2488101 0 0 1302528
1777664 1935054 1934698 2522454 0 0 1982464
1118208 1964358 1964147 2560371 0 0 1298432
1888256 1995675 1995350 2601060 0 0 1990656
1048576 2021745 2021517 2634720 0 0 1085440
1368064 2049960 2049723 2671251 0 0 1302528
1110016 2081970 2081856 2712798 0 0 921600
741376 2112462 2112329 2752266 0 0 921600
1327104 2140545 2140287 2788500 0 0 1306624
794624 2170146 2169918 2826945 0 0 946176
1130496 2202684 2202505 2869185 0 0 1241088
1847296 2230470 2230000 2905089 0 0 2035712
847872 2261556 2261362 2945349 0 0 921600
1642496 2292543 2292154 2985609 0 0 2035712
1794048 2320296 2319896 3021513 0 0 1978368
1118208 2351778 2351566 3062466 0 0 1052672
1241088 2381907 2381647 3101373 0 0 1200128
1171456 2409594 2409309 3137277 0 0 1257472
1036288 2437314 2437055 3173214 0 0 1257472
1843200 2471172 2470696 3217038 0 0 1929216
1990656 2497968 2497478 3251820 0 0 2007040
1716224 2524203 2523730 3285711 0 0 1941504
1232896 2557071 2556805 3328380 0 0 1257472
1630208 2586375 2585908 3366330 0 0 1990656
1077248 2611620 2611396 3399132 0 0 1253376
1200128 2641782 2641563 3438204 0 0 1302528
1642496 2672274 2671792 3477705 0 0 1986560
1212416 2698509 2698232 3511629 0 0 1257472
1900544 2726757 2726379 3548391 0 0 2043904
1892352 2760054 2759573 3591423 0 0 2052096
1142784 2785662 2785375 3624588 0 0 1253376
1245184 2816418 2816216 3664452 0 0 1245184
1847296 2850870 2850430 3709101 0 0 1990656
1843200 2877369 2876916 3743421 0 0 1892352
1716224 2907498 2907090 3782559 0 0 1978368
1720320 2942280 2941847 3827538 0 0 1986560
1355776 2968713 2968514 3861924 0 0 1302528
1363968 2994717 2994436 3895485 0 0 1298432
1892352 3026925 3026471 3937329 0 0 1921024
1294336 3049629 3049380 3967095 0 0 1265664
1761280 3083784 3083301 4011414 0 0 2035712
1318912 3113616 3113367 4050222 0 0 1306624
2039808 3145032 3144552 4090977 0 0 1945600
946176 3173478 3173196 4127970 0 0 1081344
1589248 3204168 3203725 4167768 0 0 1986560
1114112 3235551 3235330 4208589 0 0 1302528
1114112 3261786 3261486 4242579 0 0 1298432
1236992 3290100 3289817 4279440 0 0 1298432
1736704 3323067 3322587 4322175 0 0 2031616
1933312 3350787 3350342 4358244 0 0 1990656
1732608 3378738 3378361 4394577 0 0 2031616
1044480 3411969 3411747 4437609 0 0 1302528
1884160 3439392 3438971 4473150 0 0 2039808
1150976 3466518 3466301 4508328 0 0 1302528
966656 3497670 3497472 4548720 0 0 1134592
1425408 3526842 3526581 4586538 0 0 1302528
1015808 3552219 3552008 4619373 0 0 995328
1789952 3582348 3581879 4658346 0 0 2035712
1765376 3613104 3612677 4698243 0 0 2035712
1372160 3640494 3640218 4733751 0 0 1253376
987136 3670623 3670372 4772889 0 0 1253376
1581056 3702600 3702197 4814337 0 0 1986560
1085440 3729726 3729498 4849548 0 0 1253376
1736704 3761406 3760953 4890567 0 0 2035712
1175552 3793680 3793423 4932411 0 0 1302528
1236992 3821697 3821457 4968810 0 0 1298432
1130496 3852816 3852590 5009037 0 0 1298432
1044480 3887466 3887228 5054049 0 0 1294336
1159168 3916143 3915935 5091207 0 0 1257472
1724416 3945678 3945256 5129520 0 0 1982464
815104 3982308 3982096 5176908 0 0 921600
1789952 4013625 4013197 5217564 0 0 1990656
1089536 4042863 4042596 5255514 0 0 1298432
1245184 4074543 4074294 5296566 0 0 1298432
1179648 4108038 4107833 5340027 0 0 1298432
1167360 4135758 4135537 5375931 0 0 1298432
1675264 4168296 4167905 5418171 0 0 1990656
1601536 4201230 4200821 5460840 0 0 2035712
1740800 4236540 4236096 5506644 0 0 1978368
2076672 4283169 4282665 5567067 0 0 2060288
942080 4329798 4329591 5627622 0 0 1085440
1163264 4363854 4363639 5671776 0 0 1257472
1224704 4400385 4400183 5719164 0 0 1204224
1077248 4441569 4441261 5772426 0 0 1298432
1216512 4484436 4484262 5828130 0 0 1298432
1171456 4512387 4512132 5864628 0 0 1302528
1011712 4556937 4556708 5922444 0 0 1294336
1044480 4604325 4604106 5983725 0 0 1302528
1724416 4646499 4646072 6038406 0 0 1986560
1708032 4689861 4689449 6094572 0 0 2035712
937984 4729989 4729788 6146646 0 0 999424
1241088 4767774 4767589 6195585 0 0 1306624
987136 4808760 4808537 6248649 0 0 1302528
1044480 4849020 4848780 6300888 0 0 1298432
1839104 4884561 4884057 6346791 0 0 2035712
917504 4920927 4920763 6394047 0 0 1085440
1056768 4961550 4961333 6446748 0 0 1130496
716800 4994847 4994634 6489879 0 0 1056768
1146880 5039397 5039168 6547530 0 0 1294336
1224704 5079360 5079156 6599373 0 0 1257472
1150976 5119125 5118891 6650853 0 0 1249280
1253376 5157900 5157656 6701112 0 0 1204224
1073152 5200734 5200529 6756717 0 0 1036288
1720320 5236671 5236274 6803346 0 0 1990656
1232896 5273664 5273352 6851196 0 0 1302528
2011136 5314221 5313815 6903798 0 0 2039808
1810432 5352171 5351702 6952935 0 0 2043904
1064960 5390022 5389806 7002039 0 0 1298432
966656 5431899 5431665 7056258 0 0 1257472
1126400 5472786 5472586 7109388 0 0 1298432
1761280 5507601 5507230 7154466 0 0 1974272
1589248 5546079 5545634 7204395 0 0 1941504
970752 5583765 5583541 7253268 0 0 1085440
962560 5618547 5618383 7298313 0 0 1052672
1961984 5658840 5658393 7350486 0 0 1986560
1011712 5705271 5705000 7410612 0 0 1302528
1081344 5745531 5745316 7462950 0 0 1257472
1155072 5786484 5786252 7516014 0 0 1302528
1056768 5832387 5832059 7575348 0 0 1253376
987136 5874726 5874543 7630392 0 0 1298432
1097728 5918154 5917882 7686591 0 0 1253376
1728512 5960889 5960443 7741998 0 0 2048000
1097728 5999367 5999180 7791960 0 0 1302528
1875968 6029133 6028658 7830801 0 0 2060288
1642496 6064212 6063732 7876341 0 0 1986560
843776 6106056 6105799 7930593 0 0 1257472
1163264 6144270 6143975 7980060 0 0 1294336
1687552 6183276 6182902 8030748 0 0 1941504
983040 6227859 6227654 8088564 0 0 1302528
1142784 6265479 6265200 8137338 0 0 1298432
1593344 6309369 6308899 8194263 0 0 1945600
868352 6349497 6349253 8246271 0 0 1056768
978944 6390582 6390355 8299599 0 0 1302528
1069056 6431469 6431193 8352696 0 0 1290240
1241088 6476943 6476705 8411634 0 0 1306624
1269760 6523968 6523657 8472618 0 0 1257472
1081344 6564525 6564300 8525286 0 0 1302528
1654784 6606402 6605932 8579505 0 0 1941504
1654784 6648477 6648017 8634186 0 0 1990656
966656 6690882 6690726 8689428 0 0 987136
1662976 6726423 6726015 8735595 0 0 2035712
1720320 6771402 6770953 8793840 0 0 1945600
786432 6812124 6811902 8846607 0 0 1077248
901120 6849942 6849688 8895579 0 0 1253376
2011136 6890004 6889575 8947422 0 0 1990656
741376 6927624 6927495 8996163 0 0 921600
1236992 6970425 6970169 9051603 0 0 1253376
651264 7013853 7013680 9107835 0 0 978944
978944 7057875 7057622 9164892 0 0 1257472
1019904 7088631 7088349 9204954 0 0 1130496
950272 7135887 7135621 9266070 0 0 1302528
1130496 7178391 7178146 9320916 0 0 1302528
1179648 7221126 7220905 9376224 0 0 1253376
1122304 7261188 7260933 9427902 0 0 1257472
1810432 7300326 7299905 9478491 0 0 1941504
1896448 7335471 7335010 9523965 0 0 1990656
700416 7370880 7370774 9569802 0 0 921600
872448 7412196 7411948 9623196 0 0 1085440
835584 7444866 7444686 9665469 0 0 1077248
1818624 7481793 7481347 9713088 0 0 1990656
1536000 7520271 7519828 9762852 0 0 1945600
921600 7557297 7556983 9810669 0 0 1298432
1208320 7594191 7593933 9858420 0 0 1257472
798720 7637883 7637756 9914916 0 0 921600
1241088 7680354 7680103 9969795 0 0 1253376
1835008 7717281 7716886 10017579 0 0 2043904
1712128 7765296 7764836 10079619 0 0 2002944
1732608 7799517 7799048 10123839 0 0 1990656
1130496 7839546 7839292 10175616 0 0 1298432
1748992 7886241 7885829 10236006 0 0 1994752
1183744 7926930 7926731 10288575 0 0 1257472
1069056 7961151 7960903 10332828 0 0 1302528
1171456 7997880 7997613 10380150 0 0 1302528
1720320 8036919 8036522 10430772 0 0 2035712
929792 8073681 8073498 10478259 0 0 1130496
1671168 8110839 8110448 10526274 0 0 2031616
872448 8149449 8149192 10576236 0 0 1253376
1052672 8183604 8183388 10620258 0 0 1298432
974848 8220267 8220025 10667712 0 0 1306624
884736 8256303 8256057 10714308 0 0 1306624
1671168 8288379 8287938 10755756 0 0 2056192
1073152 8325042 8324798 10803243 0 0 1253376
1331200 8364147 8363921 10853700 0 0 1253376
1007616 8395398 8395155 10894158 0 0 1085440
1044480 8430147 8429917 10939071 0 0 1253376
1708032 8469549 8469145 10990023 0 0 2043904
1208320 8504727 8504486 11035497 0 0 1298432
1097728 8538915 8538726 11079684 0 0 1253376
1232896 8575248 8575023 11126709 0 0 1298432
1564672 8604651 8604229 11165187 0 0 1953792
1818624 8636364 8635948 11206338 0 0 2048000
876544 8674248 8674072 11255574 0 0 1052672
1253376 8714475 8714202 11307648 0 0 1302528
1220608 8749158 8748945 11352825 0 0 1257472
1245184 8786382 8786167 11401137 0 0 1302528
1425408 8825421 8825200 11451891 0 0 1302528
1232896 8862282 8862053 11499741 0 0 1306624
1294336 8898252 8898029 11546436 0 0 1302528
1699840 8939997 8939570 11600556 0 0 1982464
1843200 8977782 8977331 11649561 0 0 2035712
1228800 9012498 9012237 11694540 0 0 1310720
1810432 9053880 9053414 11748264 0 0 1982464
1187840 9091929 9091724 11797665 0 0 1253376
1044480 9125457 9125229 11841159 0 0 1302528
1155072 9164496 9164220 11891682 0 0 1302528
1142784 9202215 9201976 11940588 0 0 1302528
1011712 9238284 9238081 11987382 0 0 1032192
856064 9276630 9276427 12037179 0 0 1134592
1003520 9315372 9315112 12087339 0 0 1245184
2281472 9350187 9349787 12132549 0 0 1990656
1216512 9387477 9387181 12180696 0 0 1257472
1888256 9427572 9427167 12232836 0 0 2048000
991232 9469020 9468766 12286560 0 0 1257472
1236992 9509181 9508975 12338667 0 0 1249280
856064 9542379 9542178 12381765 0 0 921600
1974272 9567393 9566914 12414105 0 0 2035712
1601536 9591714 9591297 12445719 0 0 2031616
1150976 9623361 9623150 12486804 0 0 1302528
1249280 9657417 9657248 12530991 0 0 1302528
1208320 9689130 9688896 12572076 0 0 1302528
1241088 9722658 9722464 12615504 0 0 1294336
1261568 9760476 9760200 12664542 0 0 1302528
1024000 9792849 9792588 12706551 0 0 1081344
1167360 9827169 9827007 12751233 0 0 1085440
856064 9863997 9863901 12798852 0 0 970752
1044480 9896106 9895887 12840531 0 0 1253376
1150976 9933132 9932893 12888480 0 0 1302528
1331200 9969663 9969428 12935901 0 0 1298432
1216512 10002498 10002312 12978504 0 0 1253376
1265664 10036026 10035810 13021998 0 0 1257472
1892352 10077771 10077340 13076019 0 0 1998848
991232 10110111 10109840 13118160 0 0 999424
1544192 10133871 10133453 13149345 0 0 1945600
1417216 10173141 10172768 13200297 0 0 1654784
1032192 10204920 10204646 13241547 0 0 1253376
864256 10234785 10234535 13280355 0 0 1306624
1089536 10272306 10272088 13328997 0 0 1302528
606208 10307055 10306856 13374207 0 0 921600
1589248 10339065 10338604 13415721 0 0 2035712
987136 10373583 10373394 13460634 0 0 1085440
827392 10408959 10408748 13506636 0 0 1085440
1232896 10440903 10440607 13548018 0 0 1253376
1032192 10476807 10476633 13594746 0 0 1302528
1667072 10513404 10512950 13642200 0 0 2031616
1527808 10546701 10546218 13685364 0 0 2031616
1495040 10581120 10580657 13730145 0 0 1998848
1765376 10624086 10623672 13785981 0 0 1990656
1638400 10663125 10662726 13836603 0 0 1949696
1290240 10706751 10706487 13893264 0 0 1302528
1048576 10756977 10756776 13958571 0 0 1302528
1064960 10801890 10801588 14016816 0 0 1298432
1048576 10836870 10836657 14062290 0 0 1302528
905216 10869309 10869079 14104464 0 0 1196032
864256 10901946 10901719 14146836 0 0 1085440
1081344 10928676 10928394 14181519 0 0 1306624
1671168 10960323 10959913 14222703 0 0 1945600
1314816 10998471 10998187 14272236 0 0 1298432
1163264 11029557 11029283 14312496 0 0 1302528
1724416 11061831 11061426 14354472 0 0 1990656
1003520 11096283 11096054 14399253 0 0 1253376
1097728 11125587 11125311 14437203 0 0 1257472
1232896 11159379 11159153 14481192 0 0 1302528
479232 11204523 11204362 14539833 0 0 921600
1654784 11244090 11243712 14591280 0 0 1990656
1601536 11286198 11285718 14645895 0 0 1986560
1507328 11330022 11329676 14702820 0 0 1654784
1888256 11368533 11368117 14752848 0 0 2002944
1155072 11404734 11404553 14799972 0 0 1253376
983040 11443179 11442958 14849868 0 0 1298432
1167360 11481030 11480742 14898906 0 0 1302528
851968 11511225 11511019 14938341 0 0 1138688
962560 11552706 11552500 14992131 0 0 1085440
1048576 11592933 11592630 15044172 0 0 1253376
876544 11627649 11627376 15089316 0 0 1257472
1056768 11656755 11656486 15127431 0 0 1302528
1097728 11691900 11691633 15172938 0 0 1302528
1716224 11727276 11726858 15218808 0 0 1945600
1724416 11768592 11768097 15272301 0 0 1998848
1097728 11810469 11810202 15326652 0 0 1257472
1810432 11847990 11847617 15375327 0 0 2031616
1806336 11893893 11893442 15434661 0 0 2039808
1085440 11936991 11936711 15490530 0 0 1306624
1183744 11974908 11974667 15539568 0 0 1294336
962560 12012462 12012249 15588276 0 0 1298432
1187840 12057507 12057218 15646422 0 0 1306624
1536000 12095622 12095197 15695955 0 0 2048000
1646592 12128952 12128576 15739119 0 0 2035712
1073152 12162414 12162138 15782382 0 0 1134592
921600 12202443 12202203 15834357 0 0 1298432
987136 12244815 12244580 15889203 0 0 1241088
1003520 12283722 12283410 15939462 0 0 1220608
1724416 12321243 12320804 15988170 0 0 2031616
860160 12352824 12352598 16029090 0 0 1085440
1675264 12392127 12391705 16079943 0 0 1994752
1863680 12429417 12429054 16128288 0 0 2031616
1699840 12465222 12464776 16174653 0 0 1945600
1122304 12502248 12502005 16222536 0 0 1302528
991232 12542871 12542664 16275138 0 0 1298432
1134592 12580755 12580560 16324341 0 0 1294336
1884160 12618705 12618286 16373379 0 0 1990656
1085440 12658734 12658542 16425288 0 0 1302528
1650688 12695991 12695575 16473633 0 0 1941504
872448 12729123 12728948 16516599 0 0 1081344
1617920 12762057 12761717 16559136 0 0 1818624
1228800 12799380 12799166 16607448 0 0 1302528
970752 12837627 12837399 16656915 0 0 1298432
1646592 12871551 12871117 16700871 0 0 1990656
774144 12914055 12913889 16755915 0 0 921600
1040384 12946560 12946275 16798056 0 0 1085440
1863680 12980055 12979626 16841385 0 0 2007040
1024000 13017642 13017372 16890126 0 0 1298432
1818624 13048827 13048403 16930452 0 0 1945600
1277952 13081233 13080989 16972461 0 0 1306624
761856 13119612 13119320 17022159 0 0 1138688
1552384 13150368 13149900 17061891 0 0 2031616
843776 13175580 13175320 17094858 0 0 1282048
1150976 13211748 13211515 17141553 0 0 1302528
1150976 13244220 13244005 17183529 0 0 1306624
688128 13276461 13276196 17225142 0 0 1302528
1552384 13314147 13313703 17273718 0 0 1658880
1708032 13349787 13349338 17319753 0 0 1945600
753664 13381203 13380912 17360343 0 0 1077248
995328 13414533 13414317 17403309 0 0 1290240
1019904 13450437 13450192 17449608 0 0 1290240
1015808 13479246 13479029 17486865 0 0 1302528
1036288 13517724 13517481 17536497 0 0 1085440
974848 13552044 13551773 17580684 0 0 1257472
1126400 13582305 13582140 17619855 0 0 1302528
962560 13616361 13616103 17663745 0 0 1298432
1003520 13649526 13649200 17706579 0 0 1253376
1843200 13680777 13680392 17746938 0 0 1994752
942080 13714932 13714698 17791026 0 0 1114112
1773568 13752585 13752136 17839536 0 0 2035712
1093632 13793043 13792789 17891775 0 0 1253376
1830912 13828584 13828185 17937678 0 0 1925120
1007616 13863267 13863019 17982492 0 0 1298432
1122304 13903098 13902923 18033906 0 0 1253376
1089536 13939068 13938759 18080271 0 0 1302528
1642496 13972167 13971709 18123039 0 0 1986560
1716224 14008632 14008188 18170163 0 0 1986560
917504 14044536 14044240 18216462 0 0 1257472
1015808 14079153 14078956 18261210 0 0 1298432
929792 14125518 14125274 18320940 0 0 1294336
1900544 14160795 14160318 18366513 0 0 2031616
1163264 14196039 14195835 18412053 0 0 1302528
1683456 14234682 14234303 18461916 0 0 1990656
1175552 14268705 14268478 18505872 0 0 1298432
1875968 14305533 14305111 18553425 0 0 1994752
1822720 14347839 14347381 18608007 0 0 2039808
1232896 14383743 14383529 18654372 0 0 1306624
1228800 14416875 14416644 18697074 0 0 1253376
1368064 14451195 14450989 18741459 0 0 1298432
970752 14486472 14486238 18786966 0 0 1290240
999424 14519043 14518861 18829074 0 0 1085440
667648 14550921 14550777 18870159 0 0 921600
1257472 14587056 14586846 18916821 0 0 1310720
1568768 14618538 14618203 18957609 0 0 1658880
946176 14651142 14650896 18999651 0 0 1253376
1044480 14684901 14684636 19043145 0 0 1306624
1269760 14710971 14710692 19077267 0 0 1298432
1277952 14743080 14742759 19118682 0 0 1257472
847872 14774562 14774379 19159602 0 0 999424
1830912 14805120 14804657 19199499 0 0 2052096
1736704 14836041 14835506 19239495 0 0 1990656
888832 14871714 14871432 19285827 0 0 1298432
1212416 14903823 14903592 19327440 0 0 1306624
1642496 14934645 14934267 19367403 0 0 2027520
1658880 14969493 14969016 19412514 0 0 2002944
1589248 15004638 15004224 19458054 0 0 2048000
1830912 15037044 15036580 19500063 0 0 2002944
1912832 15068460 15068054 19540785 0 0 1986560
1040384 15105420 15105153 19588767 0 0 1253376
1241088 15136539 15136334 19629192 0 0 1257472
1040384 15172047 15171756 19675095 0 0 1298432
1699840 15208347 15207947 19722153 0 0 1978368
1040384 15237420 15237133 19759839 0 0 1253376
1716224 15264546 15264099 19795050 0 0 2056192
1560576 15302100 15301666 19843725 0 0 1961984
634880 15331437 15331256 19881774 0 0 921600
1839104 15363810 15363382 19923783 0 0 2007040
1216512 15398295 15398046 19968465 0 0 1298432
1507328 15428853 15428343 20008098 0 0 2035712
786432 15454494 15454362 20041395 0 0 983040
1097728 15496338 15496103 20095614 0 0 1302528
802816 15535410 15535289 20146269 0 0 921600
1089536 15569928 15569709 20191050 0 0 1294336
790528 15604215 15604024 20235468 0 0 974848
1556480 15638667 15638218 20280117 0 0 1990656
1167360 15677079 15676701 20329914 0 0 1544192
1093632 15714435 15714149 20378292 0 0 1298432
1105920 15750735 15750526 20425383 0 0 1302528
1900544 15779478 15779027 20462673 0 0 2027520
909312 15828945 15828692 20526792 0 0 1282048
1851392 15880854 15880432 20594046 0 0 1937408
1900544 15908145 15907735 20629818 0 0 2039808
1728512 15940056 15939666 20670936 0 0 1941504
1024000 15976851 15976678 20718489 0 0 1253376
1097728 16008762 16008524 20759640 0 0 1302528
1097728 16042554 16042280 20803233 0 0 1302528
1052672 16078755 16078493 20849961 0 0 1302528
1048576 16116210 16115991 20898306 0 0 1290240
741376 16161024 16160885 20956089 0 0 978944
737280 16192968 16192773 20997306 0 0 933888
835584 16234152 16233902 21050469 0 0 1052672
987136 16271475 16271242 21098649 0 0 1257472
1134592 16309821 16309506 21148116 0 0 1298432
1552384 16344768 16344342 21193260 0 0 1941504
1155072 16374237 16373977 21231243 0 0 1249280
831488 16407699 16407474 21274506 0 0 1085440
1638400 16446606 16446111 21324633 0 0 1990656
1794048 16486437 16486035 21376146 0 0 2039808
1089536 16520526 16520243 21420135 0 0 1306624
1073152 16560720 16560424 21472011 0 0 1294336
1179648 16590123 16589868 21509994 0 0 1294336
1142784 16616523 16616345 21544149 0 0 1056768
1085440 16648962 16648701 21585993 0 0 1306624
868352 16680015 16679833 21626154 0 0 1257472
1081344 16706646 16706369 21660375 0 0 1253376
1204224 16733904 16733706 21695652 0 0 1257472
1810432 16764891 16764472 21735615 0 0 2002944
987136 16789773 16789609 21767823 0 0 1081344
1966080 16817328 16816906 21803298 0 0 1945600
1126400 16848975 16848744 21844086 0 0 1310720
835584 16873857 16873601 21876327 0 0 1081344
937984 16902105 16901901 21912726 0 0 1085440
1777664 16936029 16935626 21956583 0 0 2002944
1224704 16961538 16961277 21989385 0 0 1302528
917504 16987575 16987318 22023012 0 0 1294336
1712128 17018199 17017770 22062645 0 0 1941504
1110016 17044929 17044692 22097130 0 0 1257472
1175552 17071692 17071493 22131780 0 0 1306624
1044480 17102811 17102621 22171941 0 0 1257472
1646592 17134161 17133680 22212267 0 0 1941504
1609728 17160495 17160100 22246356 0 0 2052096
1638400 17191779 17191334 22286715 0 0 2048000
1736704 17223756 17223248 22327899 0 0 1941504
1781760 17250024 17249620 22362021 0 0 1994752
1028096 17285004 17284722 22407132 0 0 1294336
1003520 17315694 17315430 22446600 0 0 1302528
1040384 17342985 17342716 22481877 0 0 1253376
1667072 17373906 17373537 22521906 0 0 1994752
1613824 17407368 17406915 22565004 0 0 1941504
942080 17430435 17430248 22594935 0 0 1003520
839680 17454129 17453900 22625889 0 0 999424
