1073152 6270 6018 8382 0 0 1216512
1056768 64119 63860 83622 0 0 1220608
1318912 119163 118945 155298 0 0 1216512
1146880 174603 174367 227403 0 0 1171456
1179648 229449 229133 298683 0 0 1216512
1191936 283635 283412 369138 0 0 1122304
1683456 339636 339213 442101 0 0 1908736
1122304 395373 395129 514569 0 0 1167360
1142784 450780 450536 586707 0 0 1167360
1097728 505263 505048 657591 0 0 1208320
1150976 560637 560454 729630 0 0 1171456
1077248 614262 613986 799392 0 0 1212416
1093632 668481 668268 869913 0 0 1216512
1167360 724482 724260 942777 0 0 1212416
1167360 779262 779095 1014057 0 0 1167360
1167360 834966 834777 1086591 0 0 1167360
1245184 890472 890177 1158630 0 0 1171456
1142784 945186 945020 1229910 0 0 1167360
1466368 999735 999468 1300860 0 0 1216512
1277952 1054185 1054013 1371744 0 0 1220608
1093632 1109361 1109111 1443453 0 0 1216512
1036288 1163514 1163305 1513941 0 0 1167360
1048576 1218063 1217845 1584825 0 0 1220608
1179648 1272843 1272597 1656171 0 0 1212416
1089536 1327590 1327425 1727484 0 0 1216512
1093632 1382436 1382222 1798830 0 0 1216512
1048576 1437546 1437309 1870473 0 0 1216512
983040 1492392 1492242 1941918 0 0 995328
1142784 1536777 1536529 1999866 0 0 1298432
1056768 1592778 1592590 2072532 0 0 1302528
1142784 1648878 1648609 2145198 0 0 1257472
1720320 1704912 1704519 2217831 0 0 1986560
1179648 1760088 1759835 2289408 0 0 1257472
1093632 1814571 1814354 2360028 0 0 1294336
1179648 1870308 1870074 2432133 0 0 1257472
1085440 1925550 1925222 2503446 0 0 1302528
1081344 1981287 1981011 2575485 0 0 1302528
1318912 2036430 2036236 2646864 0 0 1298432
1118208 2091903 2091713 2718507 0 0 1294336
1789952 2147706 2147333 2790612 0 0 1945600
1388544 2202552 2202288 2861529 0 0 1253376
864256 2257167 2256863 2931984 0 0 1253376
1896448 2312607 2312193 3003693 0 0 1986560
1191936 2368113 2367865 3075369 0 0 1294336
1253376 2422992 2422737 3146286 0 0 1302528
962560 2479026 2478772 3218787 0 0 1253376
1036288 2535423 2535150 3291684 0 0 1290240
1167360 2591787 2591496 3364614 0 0 1298432
1060864 2648481 2648230 3437808 0 0 1249280
1294336 2704812 2704558 3510705 0 0 1302528
1224704 2761506 2761248 3583965 0 0 1253376
1150976 2818497 2818287 3657654 0 0 1298432
901120 2874894 2874669 3730518 0 0 1294336
1155072 2931588 2931387 3803844 0 0 1236992
1318912 2988018 2987760 3876708 0 0 1302528
888832 3038607 3038430 3942345 0 0 1003520
1146880 3089295 3089085 4008114 0 0 1253376
1167360 3145428 3145196 4080747 0 0 1257472
1208320 3201825 3201526 4153776 0 0 1302528
1183744 3257925 3257621 4226475 0 0 1257472
1236992 3314289 3314063 4299504 0 0 1302528
1150976 3370686 3370426 4372500 0 0 1298432
1028096 3427347 3427151 4445826 0 0 1294336
1224704 3483711 3483463 4518690 0 0 1298432
1060864 3539745 3539539 4591224 0 0 1253376
1183744 3595878 3595615 4663725 0 0 1302528
1028096 3652803 3652567 4737315 0 0 1306624
1122304 3709233 3708945 4810179 0 0 1253376
1232896 3765234 3764989 4882713 0 0 1257472
950272 3821334 3821140 4955313 0 0 1056768
823296 3878292 3878100 5028804 0 0 921600
1171456 3934293 3934086 5101338 0 0 1253376
1138688 3990393 3990111 5173839 0 0 1302528
1159168 4046427 4046227 5246307 0 0 1257472
1122304 4102494 4102254 5318775 0 0 1249280
1093632 4158528 4158282 5391309 0 0 1294336
1294336 4214562 4214381 5463777 0 0 1253376
974848 4270893 4270699 5536608 0 0 1298432
1081344 4328247 4327964 5610726 0 0 1294336
1101824 4383951 4383698 5682765 0 0 1253376
1273856 4439391 4439178 5754507 0 0 1298432
1519616 4495095 4494722 5826579 0 0 1941504
1196032 4550898 4550665 5898651 0 0 1306624
1122304 4596372 4596164 5957985 0 0 1253376
1126400 4650294 4650046 6027945 0 0 1302528
1212416 4706097 4705804 6100215 0 0 1306624
1208320 4761867 4761615 6172518 0 0 1298432
1122304 4816713 4816408 6243567 0 0 1257472
1433600 4869876 4869530 6312570 0 0 1474560
1150976 4924491 4924243 6383388 0 0 1257472
1187840 4979865 4979652 6455262 0 0 1298432
1445888 5034975 5034730 6526773 0 0 1302528
1318912 5090085 5089835 6598185 0 0 1298432
1241088 5145162 5144981 6669696 0 0 1261568
1150976 5200932 5200703 6742032 0 0 1257472
1310720 5256075 5255788 6813444 0 0 1302528
1179648 5311449 5311193 6885318 0 0 1306624
1130496 5367219 5366863 6957654 0 0 1298432
1155072 5422923 5422598 7029891 0 0 1253376
1175552 5478594 5478397 7102128 0 0 1298432
1196032 5533671 5533418 7173606 0 0 1302528
1314816 5588847 5588547 7245084 0 0 1302528
880640 5643660 5643460 7316298 0 0 1036288
1204224 5698143 5697810 7386852 0 0 1306624
1236992 5751405 5751119 7455954 0 0 1249280
1327104 5806845 5806597 7527828 0 0 1253376
1069056 5861922 5861685 7599339 0 0 1253376
1318912 5916405 5916142 7670025 0 0 1253376
1228800 5970624 5970349 7740348 0 0 1306624
1126400 6025767 6025505 7811859 0 0 1302528
1028096 6079128 6078853 7881192 0 0 1196032
1265664 6122721 6122418 7937985 0 0 1298432
1126400 6175950 6175711 8007087 0 0 1298432
1126400 6229872 6229628 8076981 0 0 1302528
1114112 6282540 6282331 8145324 0 0 1245184
1265664 6335802 6335596 8214492 0 0 1302528
1282048 6389790 6389471 8284353 0 0 1261568
1105920 6443877 6443556 8354643 0 0 1298432
1462272 6497964 6497664 8424999 0 0 1306624
1372160 6551094 6550856 8494035 0 0 1253376
1232896 6604026 6603712 8562741 0 0 1273856
1110016 6657783 6657543 8632701 0 0 1302528
1351680 6712134 6711889 8703387 0 0 1302528
1683456 6765297 6764890 8772555 0 0 2048000
1191936 6818526 6818286 8841657 0 0 1302528
1175552 6871722 6871491 8910759 0 0 1257472
1224704 6926106 6925850 8981445 0 0 1302528
1302528 6978939 6978706 9050184 0 0 1245184
1306624 7032201 7031863 9119319 0 0 1302528
1175552 7084704 7084455 9187530 0 0 1298432
1826816 7137834 7137471 9256665 0 0 2039808
1134592 7189314 7189133 9323589 0 0 1245184
1122304 7243038 7242816 9393384 0 0 1302528
1114112 7296828 7296603 9463245 0 0 1253376
1552384 7350024 7349600 9532281 0 0 1617920
1220608 7403913 7403563 9602307 0 0 1302528
1146880 7457637 7457426 9672267 0 0 1253376
1286144 7511130 7510845 9741699 0 0 1228800
1089536 7565514 7565261 9812352 0 0 1298432
1454080 7608150 7607729 9868188 0 0 1929216
1191936 7661676 7661389 9937125 0 0 1253376
1036288 7713981 7713663 10004478 0 0 1257472
892928 7767441 7767129 10073382 0 0 1257472
1245184 7820604 7820382 10141923 0 0 1257472
868352 7873536 7873239 10210101 0 0 1306624
1040384 7928184 7927960 10280688 0 0 1253376
1302528 7982040 7981728 10349955 0 0 1253376
1048576 8034873 8034584 10418133 0 0 1306624
1048576 8088663 8088416 10487433 0 0 1298432
1187840 8142420 8142190 10556799 0 0 1302528
925696 8196210 8195940 10626066 0 0 1294336
1077248 8249934 8249723 10695399 0 0 1298432
1294336 8303757 8303445 10764765 0 0 1302528
1179648 8358141 8357874 10834857 0 0 1253376
1220608 8411865 8411639 10904223 0 0 1298432
983040 8465391 8465102 10973160 0 0 1302528
1282048 8519775 8519480 11043252 0 0 1298432
925696 8573004 8572706 11111793 0 0 1245184
1769472 8626101 8625630 11180400 0 0 1974272
937984 8681706 8681452 11252043 0 0 1298432
2007040 8736156 8735705 11322234 0 0 1986560
1191936 8790243 8790012 11391930 0 0 1253376
937984 8844297 8844098 11461626 0 0 1298432
1196032 8897823 8897528 11530596 0 0 1302528
1138688 8951910 8951674 11600325 0 0 1257472
1138688 9004479 9004191 11668074 0 0 1253376
1138688 9057873 9057683 11737044 0 0 1257472
1114112 9111069 9110853 11805552 0 0 1302528
1105920 9154530 9154288 11862081 0 0 1286144
1302528 9207726 9207445 11930721 0 0 1294336
1708032 9261483 9261027 12000186 0 0 2031616
1142784 9315504 9315282 12070146 0 0 1302528
1081344 9368667 9368436 12138852 0 0 1257472
901120 9422787 9422614 12208746 0 0 921600
1224704 9476247 9475995 12277914 0 0 1253376
1085440 9528783 9528476 12345795 0 0 1298432
1826816 9581583 9581151 12414138 0 0 1986560
1245184 9633822 9633620 12481689 0 0 1306624
946176 9687051 9686734 12550461 0 0 1298432
1011712 9740115 9739878 12619167 0 0 1302528
1138688 9792981 9792769 12687510 0 0 1298432
1093632 9845550 9845338 12755490 0 0 1298432
1155072 9898350 9898148 12823767 0 0 1298432
958464 9950919 9950646 12891681 0 0 1298432
962560 10004313 10004133 12960783 0 0 1298432
1875968 10057212 10056806 13029126 0 0 1990656
811008 10110474 10110239 13097964 0 0 983040
1191936 10164726 10164545 13168155 0 0 1277952
954368 10218516 10218261 13237653 0 0 1306624
1273856 10272570 10272356 13307580 0 0 1257472
1318912 10326327 10326116 13377045 0 0 1298432
1101824 10380084 10379880 13446510 0 0 1294336
1019904 10435392 10435161 13518054 0 0 1306624
1097728 10489479 10489249 13587915 0 0 1257472
1163264 10543203 10542971 13657446 0 0 1298432
1200128 10597290 10597060 13727373 0 0 1302528
1716224 10650717 10650355 13796475 0 0 1884160
1114112 10693584 10693358 13852179 0 0 1253376
1060864 10746747 10746489 13920687 0 0 1306624
1155072 10800174 10799955 13989591 0 0 1253376
1130496 10853931 10853619 14058891 0 0 1298432
1224704 10907655 10907415 14128290 0 0 1257472
839680 10960521 10960331 14196435 0 0 942080
1085440 11014509 11014250 14266131 0 0 1298432
970752 11068596 11068294 14335860 0 0 1306624
757760 11122947 11122769 14405985 0 0 978944
1089536 11176638 11176408 14475285 0 0 1298432
1200128 11230692 11230445 14545047 0 0 1257472
1851392 11283855 11283383 14613588 0 0 1994752
1146880 11338206 11337947 14683647 0 0 1298432
819200 11392557 11392413 14753838 0 0 921600
1236992 11446248 11446007 14823171 0 0 1257472
950272 11501820 11501618 14894880 0 0 1257472
1089536 11555313 11555007 14963817 0 0 1298432
1167360 11609334 11609120 15033480 0 0 1302528
1130496 11662794 11662559 15102417 0 0 1302528
1941504 11715561 11715132 15170595 0 0 1986560
1286144 11768163 11767865 15238344 0 0 1245184
1204224 11821260 11821031 15306951 0 0 1298432
1044480 11874126 11873841 15375162 0 0 1302528
1036288 11926398 11926080 15442482 0 0 1253376
1097728 11980056 11979825 15511815 0 0 1257472
1323008 12033483 12033233 15580785 0 0 1294336
954368 12087009 12086728 15649689 0 0 1253376
1232896 12140997 12140785 15719484 0 0 1298432
790528 12187494 12187295 15779478 0 0 999424
1093632 12238017 12237722 15845181 0 0 1253376
1175552 12291543 12291292 15914547 0 0 1294336
1167360 12345432 12345209 15984243 0 0 1298432
1368064 12398661 12398369 16053213 0 0 1257472
1273856 12453078 12452777 16123668 0 0 1302528
1200128 12506637 12506397 16193067 0 0 1298432
1097728 12561186 12560962 16263555 0 0 1253376
1232896 12615075 12614851 16333251 0 0 1257472
1122304 12668997 12668759 16403013 0 0 1253376
1216512 12721929 12721710 16471587 0 0 1257472
1028096 12775884 12775618 16541349 0 0 1294336
1064960 12830070 12829839 16611441 0 0 1236992
1867776 12884289 12883859 16681599 0 0 1892352
1978368 12937914 12937476 16750932 0 0 2043904
1064960 12992133 12991901 16821024 0 0 1302528
1888256 13046913 13046503 16891941 0 0 1941504
1081344 13100571 13100261 16961340 0 0 1257472
1093632 13154427 13154238 17031069 0 0 1298432
1191936 13208646 13208442 17101161 0 0 1298432
1183744 13262271 13262041 17170428 0 0 1302528
1114112 13316523 13316304 17240619 0 0 1257472
1175552 13371666 13371332 17311899 0 0 1257472
786432 13424697 13424472 17380539 0 0 946176
1167360 13478256 13478013 17449773 0 0 1298432
1073152 13532178 13531922 17519469 0 0 1253376
958464 13585737 13585533 17588769 0 0 1298432
1175552 13639626 13639415 17658531 0 0 1302528
1093632 13693251 13693074 17727864 0 0 1298432
1171456 13736052 13735829 17783535 0 0 1253376
1167360 13791261 13791017 17854980 0 0 1257472
1232896 13845249 13845008 17924874 0 0 1302528
1196032 13898973 13898715 17994438 0 0 1298432
1327104 13952994 13952727 18064365 0 0 1298432
1155072 14007510 14007261 18135018 0 0 1298432
1798144 14061498 14061089 18204714 0 0 1994752
1159168 14114529 14114243 18273321 0 0 1302528
1183744 14167890 14167605 18342225 0 0 1306624
1409024 14222406 14222183 18412779 0 0 1302528
1085440 14276691 14276414 18482871 0 0 1302528
1228800 14330877 14330652 18552963 0 0 1253376
1253376 14384766 14384578 18622725 0 0 1298432
1277952 14438754 14438493 18692454 0 0 1257472
1183744 14492643 14492439 18762117 0 0 1294336
1204224 14546928 14546623 18832242 0 0 1298432
1187840 14601444 14601257 18902763 0 0 1302528
1306624 14655069 14654826 18972129 0 0 1302528
1048576 14709288 14709101 19042221 0 0 1298432
1105920 14763573 14763305 19112346 0 0 1257472
1085440 14817792 14817548 19182504 0 0 1306624
1110016 14871153 14870900 19251441 0 0 1306624
1286144 14925075 14924747 19321137 0 0 1302528
1204224 14978667 14978447 19390503 0 0 1302528
1327104 15032325 15032076 19459869 0 0 1257472
1114112 15086709 15086423 19530126 0 0 1257472
1269760 15139905 15139683 19598898 0 0 1298432
1179648 15193530 15193283 19668231 0 0 1257472
1220608 15237189 15236978 19725024 0 0 1298432
1241088 15290913 15290668 19794489 0 0 1253376
1609728 15344670 15344233 19863987 0 0 1945600
1249280 15398394 15398226 19933485 0 0 1253376
1216512 15452448 15452254 20003379 0 0 1298432
1024000 15506799 15506526 20073735 0 0 1290240
1032192 15561084 15560907 20143893 0 0 1208320
1372160 15615138 15614890 20213655 0 0 1257472
1126400 15669423 15669217 20283747 0 0 1253376
1318912 15723114 15722858 20353080 0 0 1302528
1757184 15776178 15775755 20421588 0 0 2043904
1093632 15828384 15828132 20488941 0 0 1257472
1175552 15882372 15882127 20558736 0 0 1253376
1122304 15936096 15935801 20627970 0 0 1306624
1249280 15990678 15990373 20698524 0 0 1253376
962560 16045557 16045280 20769441 0 0 1302528
970752 16099182 16099027 20838741 0 0 1302528
1884160 16153236 16152817 20908470 0 0 2031616
1134592 16207026 16206807 20978001 0 0 1200128
1220608 16259760 16259498 21045948 0 0 1253376
1871872 16313385 16313010 21115314 0 0 2048000
1650688 16367340 16366995 21184944 0 0 2052096
1236992 16420503 16420214 21253518 0 0 1253376
1167360 16475085 16474815 21324006 0 0 1298432
1220608 16529733 16529454 21394593 0 0 1302528
1241088 16583985 16583771 21464652 0 0 1306624
1818624 16637709 16637221 21533886 0 0 1998848
1187840 16691334 16691149 21603252 0 0 1298432
958464 16744728 16744497 21672156 0 0 1294336
950272 16788288 16788045 21728685 0 0 1294336
991232 16842276 16842079 21798249 0 0 1302528
1183744 16896000 16895680 21867351 0 0 1302528
1146880 16951440 16951216 21938763 0 0 1298432
876544 17004471 17004339 22007172 0 0 921600
1187840 17057898 17057575 22075878 0 0 1306624
1011712 17112414 17112139 22146201 0 0 1302528
1748992 17167227 17166766 22216821 0 0 1945600
1089536 17221479 17221228 22286748 0 0 1253376
1073152 17274807 17274520 22355388 0 0 1298432
1859584 17329653 17329222 22426107 0 0 1990656
1036288 17383575 17383367 22495638 0 0 1298432
1015808 17436870 17436671 22564344 0 0 1302528
1372160 17490792 17490569 22633908 0 0 1298432
1171456 17545011 17544848 22703769 0 0 1302528
1826816 17599593 17599091 22774059 0 0 1916928
1671168 17653515 17653037 22843590 0 0 1941504
1032192 17708031 17707793 22913913 0 0 1253376
1830912 17761590 17761236 22982982 0 0 2031616
1208320 17816139 17815989 23053305 0 0 1306624
921600 17872008 17871754 23125179 0 0 1298432
1085440 17926227 17925937 23195106 0 0 1306624
1171456 17980776 17980524 23265396 0 0 1298432
958464 18034995 18034739 23335323 0 0 1302528
978944 18089181 18088947 23405217 0 0 1253376
1564672 18143499 18143034 23475144 0 0 2039808
1077248 18196761 18196550 23543784 0 0 1302528
741376 18250782 18250544 23613480 0 0 1056768
888832 18293682 18293397 23669052 0 0 1257472
978944 18347604 18347393 23738583 0 0 1302528
1032192 18402153 18401929 23808873 0 0 1298432
917504 18456174 18455925 23878305 0 0 1253376
647168 18510756 18510605 23948760 0 0 921600
1048576 18564348 18564117 24017763 0 0 1298432
1036288 18618633 18618345 24087723 0 0 1257472
999424 18672753 18672545 24157650 0 0 1302528
1126400 18727599 18727307 24228369 0 0 1257472
1126400 18782016 18781838 24298692 0 0 1306624
1155072 18836565 18836274 24368916 0 0 1302528
1220608 18891015 18890843 24439239 0 0 1302528
1060864 18945531 18945300 24509496 0 0 1298432
1134592 18999717 18999492 24579456 0 0 1294336
1523712 19053903 19053507 24649317 0 0 1937408
1138688 19107792 19107565 24718848 0 0 1302528
1060864 19161384 19161140 24787983 0 0 1249280
1200128 19215537 19215360 24857844 0 0 1257472
1175552 19270416 19270197 24928530 0 0 1257472
1163264 19325460 19325266 24999612 0 0 1302528
843776 19381560 19381257 25071882 0 0 1294336
1150976 19437231 19437026 25143756 0 0 1298432
1179648 19493232 19492986 25216026 0 0 1253376
1282048 19549563 19549339 25288692 0 0 1302528
851968 19604970 19604686 25360203 0 0 1257472
1171456 19660542 19660246 25431879 0 0 1368064
1294336 19715784 19715553 25503126 0 0 1257472
1138688 19771224 19770985 25574670 0 0 1298432
970752 19823298 19823147 25641990 0 0 1003520
995328 19871412 19871103 25704129 0 0 1302528
1114112 19926918 19926701 25775871 0 0 1257472
1191936 19983216 19982996 25848306 0 0 1294336
1015808 20038227 20038005 25919256 0 0 1257472
1011712 20094162 20093925 25991361 0 0 1294336
1138688 20149536 20149279 26062674 0 0 1302528
921600 20205504 20205257 26134911 0 0 1200128
1052672 20260119 20259839 26205201 0 0 1257472
1126400 20315097 20314861 26276118 0 0 1257472
1150976 20370108 20369819 26347035 0 0 1302528
1794048 20425119 20424692 26417886 0 0 2002944
1097728 20481021 20480750 26489991 0 0 1298432
1056768 20536626 20536381 26561667 0 0 1302528
1138688 20591967 20591660 26633013 0 0 1257472
1183744 20647902 20647657 26705052 0 0 1294336
1224704 20703771 20703547 26777124 0 0 1298432
1146880 20759046 20758849 26848437 0 0 1298432
1105920 20814717 20814496 26920113 0 0 1298432
974848 20870619 20870403 26992185 0 0 1298432
1708032 20926257 20925789 27063894 0 0 1941504
1232896 20980872 20980690 27134349 0 0 1306624
1196032 21036807 21036602 27206454 0 0 1306624
1187840 21092742 21092460 27278493 0 0 1298432
1171456 21148050 21147773 27349773 0 0 1257472
1036288 21203655 21203413 27421515 0 0 1241088
1036288 21259887 21259656 27494016 0 0 1257472
1216512 21315789 21315568 27566088 0 0 1253376
991232 21360141 21359930 27623673 0 0 1294336
1200128 21416505 21416248 27696801 0 0 1306624
1105920 21472242 21471991 27769038 0 0 1294336
1294336 21527616 21527372 27840978 0 0 1294336
1032192 21583716 21583442 27913611 0 0 1257472
1216512 21640311 21640024 27987069 0 0 1306624
1150976 21696642 21696406 28060131 0 0 1302528
1146880 21751719 21751478 28131576 0 0 1257472
1191936 21807753 21807503 28204242 0 0 1257472
2002944 21863127 21862707 28276149 0 0 1990656
1196032 21917940 21917706 28347198 0 0 1257472
1200128 21972786 21972499 28418346 0 0 1302528
1269760 22027863 22027634 28489791 0 0 1212416
1093632 22083303 22082994 28561665 0 0 1298432
1744896 22138743 22138257 28633605 0 0 1945600
1105920 22193853 22193611 28705017 0 0 1253376
1216512 22249524 22249210 28777386 0 0 1302528
897024 22305492 22305312 28849986 0 0 1298432
1204224 22362186 22361941 28923444 0 0 1302528
1290240 22417527 22417310 28995285 0 0 1302528
1298432 22473297 22472985 29067522 0 0 1253376
1093632 22529067 22528806 29139825 0 0 1257472
1183744 22584738 22584512 29212095 0 0 1257472
1101824 22641663 22641409 29285916 0 0 1245184
921600 22697466 22697249 29358351 0 0 1036288
1183744 22754622 22754358 29432469 0 0 1253376
1212416 22811877 22811635 29506686 0 0 1294336
1105920 22867614 22867391 29579022 0 0 1302528
