358.42 0.00 123184 2180 0.03
367.33 0.00 115892 1760 0.02
362.00 0.00 123184 2188 0.03
137.62 0.00 17572 1780 0.02
369.31 0.00 115892 1712 0.02
357.43 0.00 123184 2224 0.03
368.32 0.00 115892 1740 0.02
356.44 0.00 123184 2356 0.03
357.43 0.00 123184 2288 0.03
140.59 0.00 25768 1664 0.02
367.33 0.00 115892 1716 0.02
367.33 0.00 115892 1772 0.02
368.32 0.00 115892 1740 0.02
268.63 0.00 123184 1920 0.02
134.65 0.00 17572 1660 0.02
358.42 0.00 123184 2160 0.03
358.42 0.00 123184 2176 0.03
373.00 0.00 115892 1744 0.02
374.00 0.00 0 0 0.00
140.59 0.00 25768 1716 0.02
364.36 0.00 123184 2476 0.03
367.33 0.00 115892 1724 0.02
368.32 0.00 115892 1720 0.02
366.34 0.00 115892 1872 0.02
358.42 0.00 123184 2212 0.03
141.58 0.00 25768 1656 0.02
360.40 0.00 123184 2148 0.03
356.44 0.00 123184 2336 0.03
357.43 0.00 123184 2224 0.03
361.39 0.00 123184 2388 0.03
363.00 0.00 123184 2188 0.03
357.43 0.00 123184 2228 0.03
140.59 0.00 25768 1712 0.02
360.78 0.00 123184 2212 0.03
367.33 0.00 115892 1712 0.02
359.41 0.00 123184 2180 0.03
359.41 0.00 123184 2264 0.03
366.67 0.00 0 0 0.00
139.60 0.00 25768 1704 0.02
368.32 0.00 115892 1768 0.02
366.34 0.00 115892 1708 0.02
362.00 0.00 123184 2208 0.03
368.00 0.00 123184 2212 0.03
372.28 0.00 0 0 0.00
372.28 0.00 0 0 0.00
372.28 0.00 0 0 0.00
285.15 0.00 123184 2028 0.02
273.27 0.00 123184 1912 0.02
367.33 0.00 115892 1708 0.02
367.33 0.00 115892 1872 0.02
369.31 0.00 115892 1720 0.02
357.43 0.00 123184 2328 0.03
353.92 0.00 123184 2180 0.03
357.43 0.00 123184 2340 0.03
358.82 0.00 123184 2184 0.03
360.40 0.00 123184 2208 0.03
371.00 0.00 115892 1892 0.02
353.92 0.00 123184 2176 0.03
359.41 0.00 123184 2184 0.03
357.43 0.00 123184 2240 0.03
358.42 0.00 123184 2192 0.03
109.90 0.00 17376 748 0.01
140.00 0.00 25768 1712 0.02
354.90 0.00 123184 2228 0.03
362.00 0.00 123184 2292 0.03
357.43 0.00 123184 2260 0.03
361.39 0.00 123184 2284 0.03
368.32 0.00 115892 1836 0.02
147.52 0.00 50356 1768 0.02
369.31 0.00 115892 1716 0.02
371.00 0.00 115892 1772 0.02
367.33 0.00 115892 1720 0.02
372.00 0.00 115892 1824 0.02
368.32 0.00 115892 1820 0.02
369.31 0.00 115892 1792 0.02
362.00 0.00 123184 2180 0.03
168.32 0.00 50356 1768 0.02
357.43 0.00 123184 2260 0.03
367.33 0.00 115892 1712 0.02
361.00 0.00 123184 2336 0.03
357.43 0.00 123184 2340 0.03
60.78 0.00 8232 360 0.00
367.33 0.00 115892 1712 0.02
359.41 0.00 123184 2240 0.03
369.31 0.00 115892 1836 0.02
366.34 0.00 115892 1720 0.02
111.00 0.00 17380 748 0.01
369.31 0.00 115892 1920 0.02
357.43 0.00 123184 2192 0.03
362.75 0.00 115892 1772 0.02
368.32 0.00 115892 1712 0.02
367.33 0.00 115892 1820 0.02
367.33 0.00 115892 1724 0.02
364.71 0.00 115892 1740 0.02
362.00 0.00 123184 2252 0.03
366.00 0.00 123184 2292 0.03
360.40 0.00 123184 2208 0.03
361.39 0.00 123184 2188 0.03
358.42 0.00 123184 2304 0.03
286.27 0.00 123184 2072 0.03
166.34 0.00 50356 1712 0.02
358.42 0.00 123184 2224 0.03
358.42 0.00 123184 2260 0.03
357.43 0.00 123184 2336 0.03
358.42 0.00 123184 2236 0.03
366.34 0.00 115892 1840 0.02
367.33 0.00 115892 1712 0.02
357.43 0.00 123184 2356 0.03
371.00 0.00 115892 1820 0.02
367.33 0.00 115892 1892 0.02
367.33 0.00 115892 1724 0.02
370.30 0.00 115892 1728 0.02
369.31 0.00 115892 1716 0.02
369.31 0.00 115892 1716 0.02
359.41 0.00 123184 2188 0.03
359.41 0.00 123184 2180 0.03
365.35 0.00 115892 1828 0.02
368.32 0.00 115892 1716 0.02
360.00 0.00 123184 2228 0.03
371.00 0.00 115892 1712 0.02
360.40 0.00 123184 2392 0.03
359.41 0.00 123184 2208 0.03
362.38 0.00 123184 2440 0.03
359.41 0.00 123184 2304 0.03
358.42 0.00 123184 2192 0.03
366.34 0.00 115892 1788 0.02
372.28 0.00 0 0 0.00
256.44 0.00 123184 2040 0.03
140.59 0.00 25768 1656 0.02
367.33 0.00 115892 1708 0.02
368.32 0.00 115892 1836 0.02
372.00 0.00 115892 1832 0.02
360.40 0.00 123184 2184 0.03
357.43 0.00 123184 2340 0.03
364.36 0.00 123184 2220 0.03
358.42 0.00 123184 2240 0.03
366.34 0.00 115892 1872 0.02
366.34 0.00 115892 1872 0.02
367.33 0.00 115892 1724 0.02
367.33 0.00 115892 1712 0.02
366.34 0.00 115892 1724 0.02
272.28 0.00 123184 1988 0.02
360.40 0.00 123184 2392 0.03
368.32 0.00 115892 1716 0.02
357.84 0.00 123184 2236 0.03
361.39 0.00 123184 2224 0.03
368.32 0.00 115892 1716 0.02
368.32 0.00 115892 1720 0.02
183.17 0.00 123184 1660 0.02
359.41 0.00 123184 2188 0.03
358.42 0.00 123184 2192 0.03
142.57 0.00 25768 1660 0.02
362.75 0.00 115892 1708 0.02
367.33 0.00 115892 1724 0.02
185.00 0.00 123184 1704 0.02
357.43 0.00 123184 2192 0.03
373.00 0.00 115892 1720 0.02
367.33 0.00 115892 1868 0.02
369.31 0.00 115892 1744 0.02
365.35 0.00 123184 2656 0.03
363.37 0.00 123184 2188 0.03
364.71 0.00 115892 1744 0.02
368.32 0.00 115892 1716 0.02
367.33 0.00 115892 1720 0.02
367.33 0.00 115892 1716 0.02
366.34 0.00 115892 1820 0.02
358.42 0.00 123184 2240 0.03
103.96 0.00 17376 736 0.01
367.33 0.00 115892 1708 0.02
364.36 0.00 123184 2212 0.03
367.33 0.00 115892 1724 0.02
166.34 0.00 50356 1716 0.02
370.30 0.00 0 0 0.00
357.43 0.00 123184 2180 0.03
368.32 0.00 115892 1768 0.02
368.32 0.00 115892 1744 0.02
367.33 0.00 115892 1724 0.02
363.73 0.00 115892 1756 0.02
132.00 0.00 17572 1656 0.02
139.60 0.00 25768 1816 0.02
358.42 0.00 123184 2188 0.03
366.34 0.00 115892 1792 0.02
368.32 0.00 115892 1824 0.02
364.71 0.00 115892 1712 0.02
367.33 0.00 115892 1712 0.02
367.33 0.00 115892 1824 0.02
360.40 0.00 123184 2184 0.03
142.00 0.00 25768 1768 0.02
145.00 0.00 33964 1656 0.02
367.33 0.00 115892 1824 0.02
370.00 0.00 115892 1724 0.02
367.33 0.00 115892 1836 0.02
368.32 0.00 115892 1824 0.02
368.32 0.00 115892 1740 0.02
359.41 0.00 123184 2188 0.03
142.57 0.00 25768 1672 0.02
138.24 0.00 25768 1812 0.02
362.38 0.00 123184 2252 0.03
372.00 0.00 115892 1716 0.02
358.42 0.00 123184 2180 0.03
371.00 0.00 115892 1712 0.02
364.00 0.00 123184 2224 0.03
104.95 0.00 17376 704 0.01
359.41 0.00 123184 2184 0.03
366.34 0.00 123184 2228 0.03
369.31 0.00 115892 1744 0.02
371.00 0.00 115892 1772 0.02
367.33 0.00 115892 1892 0.02
358.42 0.00 123184 2292 0.03
215.84 0.00 123184 1668 0.02
363.37 0.00 123184 2452 0.03
358.42 0.00 123184 2288 0.03
358.42 0.00 123184 2192 0.03
366.34 0.00 115892 1792 0.02
366.34 0.00 115892 1724 0.02
359.41 0.00 123184 2192 0.03
103.92 0.00 17376 744 0.01
184.16 0.00 123184 1664 0.02
368.32 0.00 115892 1712 0.02
369.31 0.00 115892 1712 0.02
360.40 0.00 123184 2388 0.03
369.31 0.00 115892 1720 0.02
366.34 0.00 115892 1872 0.02
374.00 0.00 0 0 0.00
358.42 0.00 123184 2252 0.03
361.39 0.00 123184 2392 0.03
359.41 0.00 123184 2180 0.03
369.31 0.00 115892 1924 0.02
370.30 0.00 0 0 0.00
358.42 0.00 123184 2188 0.03
284.16 0.00 123184 1920 0.02
364.00 0.00 123184 2212 0.03
371.29 0.00 0 0 0.00
363.37 0.00 123184 2456 0.03
367.33 0.00 115892 1716 0.02
366.34 0.00 115892 1712 0.02
366.34 0.00 115892 1824 0.02
367.33 0.00 115892 1716 0.02
367.00 0.00 123184 2192 0.03
367.33 0.00 115892 1716 0.02
118.81 0.00 17372 1816 0.02
354.90 0.00 123184 2188 0.03
369.31 0.00 115892 1924 0.02
368.32 0.00 115892 1716 0.02
366.34 0.00 115892 1820 0.02
366.34 0.00 115892 1760 0.02
371.29 0.00 0 0 0.00
143.00 0.00 25768 1660 0.02
367.33 0.00 115892 1768 0.02
367.33 0.00 115892 1712 0.02
366.34 0.00 115892 1820 0.02
369.31 0.00 0 0 0.00
359.41 0.00 123184 2188 0.03
142.57 0.00 25768 1660 0.02
365.00 0.00 123184 2392 0.03
136.63 0.00 17572 1688 0.02
359.41 0.00 123184 2148 0.03
366.34 0.00 115892 1760 0.02
368.32 0.00 115892 1716 0.02
357.43 0.00 123184 2312 0.03
365.35 0.00 115892 1756 0.02
358.42 0.00 123184 2224 0.03
368.32 0.00 115892 1712 0.02
367.33 0.00 115892 1716 0.02
369.31 0.00 115892 1924 0.02
368.32 0.00 115892 1712 0.02
362.00 0.00 123184 2184 0.03
140.59 0.00 25768 1664 0.02
138.61 0.00 25768 1712 0.02
364.00 0.00 123184 2188 0.03
366.34 0.00 115892 1824 0.02
366.34 0.00 115892 1868 0.02
368.32 0.00 115892 1720 0.02
368.32 0.00 115892 1828 0.02
363.00 0.00 123184 2300 0.03
358.42 0.00 123184 2180 0.03
361.39 0.00 123184 2388 0.03
369.31 0.00 115892 1720 0.02
367.33 0.00 115892 1712 0.02
367.33 0.00 115892 1724 0.02
367.33 0.00 115892 1772 0.02
371.00 0.00 115892 1772 0.02
106.93 0.00 17376 708 0.01
140.59 0.00 25768 1632 0.02
363.37 0.00 123184 2304 0.03
367.33 0.00 115892 1724 0.02
359.41 0.00 123184 2184 0.03
141.58 0.00 25768 1644 0.02
364.36 0.00 123184 2388 0.03
363.00 0.00 123184 2256 0.03
364.36 0.00 123184 2504 0.03
363.37 0.00 123184 2500 0.03
366.34 0.00 115892 1712 0.02
369.31 0.00 115892 1836 0.02
140.59 0.00 25768 1712 0.02
358.42 0.00 123184 2240 0.03
361.00 0.00 123184 2356 0.03
367.33 0.00 115892 1788 0.02
366.34 0.00 115892 1712 0.02
367.33 0.00 115892 1768 0.02
372.28 0.00 0 0 0.00
134.65 0.00 17572 1712 0.02
369.00 0.00 115892 1856 0.02
367.33 0.00 115892 1820 0.02
368.32 0.00 115892 1712 0.02
369.31 0.00 115892 1720 0.02
358.42 0.00 123184 2292 0.03
364.00 0.00 123184 2300 0.03
363.00 0.00 123184 2188 0.03
377.00 0.00 0 0 0.00
366.34 0.00 115892 1872 0.02
369.31 0.00 115892 1924 0.02
366.34 0.00 115892 1792 0.02
369.31 0.00 115892 1716 0.02
367.33 0.00 115892 1716 0.02
360.40 0.00 123184 2248 0.03
368.32 0.00 115892 1716 0.02
358.42 0.00 123184 2180 0.03
366.34 0.00 115892 1820 0.02
366.34 0.00 115892 1760 0.02
373.00 0.00 115892 1744 0.02
189.11 0.00 123184 1716 0.02
140.59 0.00 25768 1660 0.02
362.38 0.00 123184 2256 0.03
369.31 0.00 115892 1744 0.02
367.33 0.00 115892 1728 0.02
371.00 0.00 115892 1784 0.02
373.00 0.00 115892 1832 0.02
358.42 0.00 123184 2224 0.03
366.34 0.00 115892 1792 0.02
371.00 0.00 115892 1720 0.02
358.42 0.00 123184 2256 0.03
356.44 0.00 123184 2356 0.03
367.33 0.00 115892 1756 0.02
139.22 0.00 25768 1736 0.02
359.41 0.00 123184 2304 0.03
358.42 0.00 123184 2236 0.03
360.40 0.00 123184 2304 0.03
365.35 0.00 123184 2568 0.03
366.34 0.00 115892 1888 0.02
369.00 0.00 115892 1868 0.02
140.59 0.00 25768 1668 0.02
358.42 0.00 123184 2340 0.03
370.30 0.00 0 0 0.00
360.40 0.00 123184 2184 0.03
359.41 0.00 123184 2176 0.03
366.34 0.00 115892 1868 0.02
366.34 0.00 115892 1892 0.02
357.43 0.00 123184 2292 0.03
358.42 0.00 123184 2256 0.03
364.36 0.00 123184 2444 0.03
141.58 0.00 25768 1656 0.02
368.32 0.00 115892 1716 0.02
329.70 0.00 123184 2336 0.03
367.33 0.00 115892 1788 0.02
367.33 0.00 115892 1712 0.02
359.41 0.00 123184 2184 0.03
368.32 0.00 115892 1712 0.02
370.30 0.00 0 0 0.00
369.31 0.00 115892 1920 0.02
365.35 0.00 115892 1756 0.02
370.00 0.00 115892 1784 0.02
366.34 0.00 115892 1872 0.02
368.32 0.00 115892 1724 0.02
363.37 0.00 123184 2452 0.03
136.63 0.00 17572 1684 0.02
140.59 0.00 25768 1656 0.02
368.32 0.00 115892 1700 0.02
368.32 0.00 115892 1712 0.02
371.00 0.00 115892 1788 0.02
367.33 0.00 115892 1720 0.02
362.38 0.00 123184 2192 0.03
358.42 0.00 123184 2236 0.03
105.94 0.00 17376 752 0.01
367.33 0.00 115892 1792 0.02
368.32 0.00 115892 1824 0.02
357.43 0.00 123184 2336 0.03
368.32 0.00 115892 1744 0.02
366.00 0.00 123184 2288 0.03
357.43 0.00 123184 2220 0.03
367.33 0.00 123184 2264 0.03
367.33 0.00 115892 1836 0.02
357.43 0.00 123184 2248 0.03
368.32 0.00 115892 1740 0.02
359.41 0.00 123184 2188 0.03
370.30 0.00 0 0 0.00
140.59 0.00 25768 1736 0.02
367.33 0.00 115892 1792 0.02
362.38 0.00 123184 2356 0.03
367.33 0.00 115892 1716 0.02
361.00 0.00 123184 2360 0.03
359.41 0.00 123184 2300 0.03
366.34 0.00 123184 2472 0.03
371.29 0.00 0 0 0.00
183.17 0.00 123184 1684 0.02
368.32 0.00 115892 1832 0.02
359.41 0.00 123184 2220 0.03
367.33 0.00 115892 1772 0.02
367.33 0.00 115892 1792 0.02
142.57 0.00 25768 1656 0.02
368.63 0.00 0 0 0.00
134.65 0.00 17572 1832 0.02
111.00 0.00 17380 756 0.01
370.00 0.00 115892 1768 0.02
369.31 0.00 115892 1716 0.02
368.32 0.00 115892 1716 0.02
367.33 0.00 115892 1772 0.02
140.59 0.00 25768 1664 0.02
360.40 0.00 123184 2184 0.03
366.34 0.00 115892 1888 0.02
370.00 0.00 115892 1760 0.02
367.33 0.00 115892 1724 0.02
368.32 0.00 115892 1720 0.02
362.00 0.00 123184 2292 0.03
373.00 0.00 115892 1924 0.02
114.85 0.00 17372 1736 0.02
363.37 0.00 123184 2184 0.03
367.33 0.00 115892 1708 0.02
370.30 0.00 115892 1720 0.02
358.42 0.00 123184 2164 0.03
358.42 0.00 123184 2184 0.03
360.40 0.00 123184 2388 0.03
368.32 0.00 115892 1788 0.02
367.33 0.00 115892 1756 0.02
368.32 0.00 115892 1788 0.02
367.33 0.00 115892 1720 0.02
367.33 0.00 115892 1788 0.02
142.57 0.00 25768 1864 0.02
364.71 0.00 115892 1784 0.02
360.40 0.00 123184 2392 0.03
367.33 0.00 115892 1832 0.02
372.00 0.00 115892 1820 0.02
366.34 0.00 115892 1892 0.02
362.38 0.00 123184 2256 0.03
356.44 0.00 123184 2336 0.03
61.76 0.00 8232 368 0.00
142.00 0.00 25768 1668 0.02
360.40 0.00 123184 2388 0.03
360.40 0.00 123184 2184 0.03
358.42 0.00 123184 2340 0.03
368.63 0.00 0 0 0.00
370.30 0.00 115892 1720 0.02
362.38 0.00 123184 2192 0.03
364.36 0.00 123184 2500 0.03
358.42 0.00 123184 2176 0.03
367.33 0.00 115892 1888 0.02
364.36 0.00 123184 2300 0.03
361.00 0.00 123184 2356 0.03
358.42 0.00 123184 2300 0.03
191.09 0.00 123184 1664 0.02
363.00 0.00 123184 2188 0.03
367.33 0.00 115892 1836 0.02
362.00 0.00 123184 2240 0.03
354.90 0.00 123184 2256 0.03
359.41 0.00 123184 2184 0.03
122.77 0.00 17372 1668 0.02
89.11 0.00 17376 760 0.01
362.38 0.00 123184 2240 0.03
