2.97 0.00
1.00 0.00
1.00 0.00
0.99 0.99
0.99 0.99
1.98 0.99
0.99 0.00
0.99 0.00
0.99 0.99
0.99 0.99
1.00 1.00
0.99 0.00
0.99 0.00
0.00 0.99
0.99 0.00
0.99 0.99
0.99 0.00
0.99 1.98
0.99 0.00
0.00 0.99
0.99 0.00
0.99 0.99
0.99 0.99
0.99 0.00
0.99 0.99
0.99 0.99
0.99 0.00
0.99 0.99
0.99 0.99
0.99 0.00
0.99 0.00
0.99 0.00
0.00 0.99
0.99 0.99
0.99 0.00
0.99 0.99
1.00 0.00
1.00 1.00
0.99 0.99
0.99 0.00
0.99 0.99
0.99 0.00
0.00 1.98
0.99 0.99
1.00 1.00
0.99 0.99
1.00 1.00
0.99 0.99
1.00 0.00
0.00 0.99
0.00 0.99
0.99 0.00
0.99 0.00
0.00 0.99
0.99 0.00
1.00 0.00
0.99 0.99
0.99 0.00
0.99 0.99
0.99 0.00
0.99 0.00
1.00 0.00
0.99 0.99
0.99 0.00
0.99 0.99
0.99 0.99
0.00 0.99
0.99 0.00
0.99 0.00
0.99 0.00
0.99 0.99
0.99 1.98
1.00 0.00
0.99 0.99
0.00 0.99
0.00 1.00
0.99 0.99
0.99 0.99
1.00 1.00
0.99 0.00
0.99 0.99
0.00 0.99
1.00 2.00
0.99 0.99
1.00 0.00
0.99 0.00
0.99 0.99
1.00 0.00
0.99 0.00
1.00 0.00
0.99 0.99
0.99 0.99
0.99 0.00
0.99 0.99
0.99 0.00
1.00 1.00
0.00 0.99
0.99 0.00
0.99 0.00
0.99 0.00
0.98 0.00
0.99 0.99
1.00 0.00
0.99 0.00
0.99 0.99
0.99 0.99
0.99 0.99
0.99 0.00
0.99 0.00
0.99 0.99
0.99 0.99
0.99 0.99
0.99 0.00
0.99 0.00
1.00 0.00
0.99 0.99
0.99 0.00
0.99 0.00
0.99 0.00
0.99 0.00
0.99 0.00
1.98 0.99
0.99 0.99
0.99 0.99
0.99 0.00
0.99 0.99
0.00 1.00
0.99 0.00
0.99 0.00
0.99 0.99
1.00 1.00
0.99 0.99
1.98 0.99
0.99 0.99
0.99 0.99
2.00 0.00
0.99 0.00
1.00 0.00
0.99 0.00
0.99 0.00
0.00 0.99
0.99 0.99
0.99 0.99
0.99 0.99
0.99 1.98
0.99 0.00
1.98 0.00
0.99 0.99
1.98 0.99
0.99 0.99
0.99 0.99
1.00 0.00
0.99 0.99
0.00 0.99
1.00 1.00
1.00 1.00
0.00 0.99
0.99 0.99
0.00 1.00
0.99 0.00
0.99 0.00
0.99 0.99
0.99 0.99
1.98 0.99
0.99 0.99
0.99 0.99
0.99 0.99
1.00 0.00
0.99 0.00
0.99 0.00
1.00 1.00
0.99 0.00
0.99 0.00
0.99 0.99
0.00 0.99
1.00 1.00
0.99 0.99
1.98 2.97
0.99 0.99
0.99 0.99
0.99 0.99
0.99 0.00
0.99 0.99
0.99 0.00
1.00 1.00
0.99 0.99
0.99 0.00
1.00 1.00
0.99 0.99
0.99 0.99
0.99 0.00
0.99 0.99
0.99 0.00
0.99 0.00
1.00 0.00
0.99 0.99
1.00 1.00
0.99 0.99
0.99 0.99
0.99 0.00
0.00 0.99
0.00 1.00
1.00 1.00
1.00 0.00
0.99 1.98
1.00 0.00
0.99 0.99
1.98 0.00
0.00 1.00
0.99 1.98
0.99 0.99
0.99 0.00
1.00 0.00
0.99 0.00
0.99 0.00
0.99 0.00
0.99 0.00
0.99 0.00
1.98 0.00
0.99 0.00
0.99 0.00
1.98 1.98
0.00 0.99
0.00 0.99
0.99 0.99
0.99 0.99
0.99 0.99
1.00 1.00
1.00 0.00
0.99 0.00
1.98 0.99
0.00 0.99
0.99 0.00
0.99 0.99
0.99 0.99
0.99 0.00
0.00 0.99
1.00 1.00
0.99 0.99
0.99 0.99
0.99 0.99
0.99 0.99
0.99 0.99
1.00 1.00
0.99 0.99
0.99 0.00
0.99 0.00
0.99 0.00
0.99 0.00
0.99 0.99
0.99 0.00
0.99 0.99
0.99 0.99
1.98 0.00
0.99 0.99
0.99 0.99
0.99 0.99
0.99 0.00
0.99 0.00
0.00 0.99
0.99 0.00
0.00 0.99
1.00 0.00
0.00 0.99
0.99 0.99
0.99 0.99
0.99 0.99
0.99 0.00
0.00 0.99
0.99 0.99
0.99 0.99
0.99 0.99
0.99 0.99
0.99 0.00
0.99 0.00
1.00 1.00
0.99 0.00
1.00 1.00
0.99 0.99
1.00 0.00
0.99 0.00
1.98 0.99
0.99 0.99
0.99 0.99
0.99 1.98
0.99 0.99
0.99 0.99
1.00 1.00
1.00 0.00
0.99 0.00
0.99 0.00
0.99 0.00
0.99 0.99
0.00 0.98
0.99 0.99
0.00 0.99
0.99 0.00
0.99 0.00
0.00 0.99
1.00 2.00
0.99 0.00
0.99 0.00
0.99 0.00
0.99 0.00
0.00 0.99
0.00 0.99
0.99 0.99
0.99 0.00
0.99 0.99
0.99 0.00
0.99 0.00
0.99 0.00
1.00 1.00
0.00 0.99
0.00 0.99
0.99 0.99
0.00 0.99
0.00 0.99
0.00 0.99
0.00 1.00
0.99 0.00
1.00 0.00
0.99 0.00
0.00 1.00
0.99 0.00
1.00 0.00
0.99 0.99
0.00 0.99
0.98 0.00
0.99 0.00
0.99 0.00
0.99 0.99
0.99 0.99
0.99 0.00
0.99 0.99
0.99 0.99
0.99 0.00
1.00 1.00
0.99 0.00
2.00 0.00
0.99 0.99
0.99 1.98
0.99 0.00
0.99 0.00
0.99 0.00
0.99 0.99
0.99 0.00
0.00 0.99
0.99 0.00
2.00 1.00
0.99 0.99
1.00 0.00
0.99 1.98
0.99 0.99
1.00 1.00
0.99 0.00
0.99 0.99
1.00 1.00
0.99 0.00
0.99 0.99
0.99 0.00
0.99 0.00
0.99 0.00
0.00 0.99
0.99 0.99
0.99 0.99
0.99 0.99
0.99 0.00
0.99 0.00
0.00 0.99
0.99 0.00
0.99 0.99
0.99 0.99
0.99 0.99
0.00 0.99
1.00 0.00
0.00 1.00
0.99 0.99
0.99 0.99
0.99 0.99
0.99 0.99
0.99 0.00
0.99 0.00
1.98 0.00
0.99 1.98
2.00 0.00
0.00 0.99
0.99 0.99
1.00 1.00
0.99 0.99
0.99 0.00
0.99 0.00
1.00 1.00
0.99 0.99
0.00 0.99
0.99 0.00
0.99 0.99
0.99 0.00
0.99 0.99
1.98 0.99
0.00 0.99
0.00 1.98
1.00 0.00
0.00 0.99
1.98 0.99
0.99 0.00
1.00 1.00
0.99 0.00
2.00 0.00
1.00 0.00
0.99 0.00
0.99 0.00
0.99 0.99
0.99 0.99
1.00 0.00
0.99 0.99
1.00 0.00
0.99 0.00
0.99 0.00
0.99 0.99
1.00 0.00
1.00 1.00
0.99 0.00
0.99 0.00
0.99 0.99
0.99 1.98
0.99 0.99
1.00 2.00
2.00 0.00
0.00 0.99
0.99 0.99
0.99 0.99
1.00 1.00
0.00 0.99
0.99 0.99
0.99 0.99
0.99 0.99
1.00 0.00
0.99 0.99
0.99 0.00
0.99 0.00
1.00 1.00
0.99 0.00
0.99 0.99
0.00 0.99
0.99 0.00
1.00 1.00
0.99 0.99
0.99 2.97
0.99 0.00
1.00 1.00
0.00 0.99
0.99 1.98
0.99 0.99
0.99 0.99
0.99 0.00
0.00 0.99
0.00 0.99
1.00 1.00
0.99 0.00
1.00 0.00
0.00 1.00
0.99 0.00
0.99 0.99
0.99 0.00
0.99 0.00
0.99 0.00
0.99 0.00
0.99 0.00
0.99 0.00
1.00 0.00
0.99 0.00
0.99 0.00
0.99 0.99
0.99 0.00
0.99 0.99
0.99 0.00
0.99 0.00
0.99 0.99
0.00 1.00
0.99 0.00
0.99 0.00
0.99 0.99
0.99 0.00
1.00 0.00
0.00 1.00
0.99 0.00
0.99 0.00
0.99 0.00
0.99 0.00
0.99 0.99
0.99 0.00
0.00 0.99
0.99 0.99
0.99 0.00
0.99 0.99
1.00 1.00
0.00 0.99
0.00 0.99
0.99 0.00
0.99 0.99
0.99 0.00
0.99 0.99
0.00 0.99
0.99 0.99
0.99 0.00
0.99 0.99
1.00 0.00
0.99 0.00
0.99 0.00
1.00 0.00
0.99 0.99
0.99 0.99
0.99 0.00
0.99 0.99
0.99 0.00
1.00 0.00
0.99 0.99
0.00 0.99
1.00 1.00
0.99 0.00
0.99 0.00
0.00 1.00
0.00 0.99
0.99 0.00
0.99 0.00
0.99 0.00
1.00 0.00
0.99 0.00
0.99 0.00
0.99 0.00
0.99 0.99
1.00 1.00
0.00 0.99
0.99 0.00
0.99 0.99
0.99 0.00
0.00 1.00
0.00 1.00
1.00 1.00
1.00 1.00
0.99 0.00
1.98 1.98
0.00 0.99
0.99 0.99
0.99 0.99
0.99 0.99
0.99 0.00
0.99 0.99
0.99 0.99
0.99 0.99
0.99 0.00
0.00 0.99
0.99 0.99
0.99 0.00
0.99 0.99
1.00 0.00
0.99 0.00
0.99 0.00
0.99 0.99
1.00 1.00
0.99 0.00
1.00 0.00
1.00 1.00
0.99 0.00
1.00 0.00
0.99 0.00
0.00 0.99
0.00 1.00
0.99 0.00
0.99 0.99
0.99 0.99
0.99 0.00
0.99 0.99
0.99 0.00
0.99 0.00
0.99 0.99
0.99 0.00
0.00 0.99
0.99 0.00
0.99 0.00
0.00 0.99
0.00 0.99
1.00 0.00
1.00 1.00
0.99 0.00
0.99 0.99
1.98 4.95
0.00 0.99
1.98 0.99
1.00 0.00
0.99 0.00
0.99 0.00
0.99 0.00
1.00 1.00
0.99 0.00
0.99 0.00
1.00 1.00
0.00 0.99
0.00 0.99
0.00 0.99
0.99 1.98
0.99 0.99
0.99 0.00
0.99 0.00
0.99 0.99
0.99 0.00
0.00 1.00
0.99 0.99
1.00 1.00
1.00 1.00
1.00 0.00
0.00 1.00
0.99 0.00
0.99 0.99
0.99 0.99
0.99 0.00
0.99 0.00
1.00 0.00
1.00 2.00
0.99 0.00
0.99 1.98
0.99 0.00
1.00 0.00
0.00 0.99
0.99 0.00
0.99 1.98
0.99 0.99
0.99 0.00
1.00 1.00
0.99 0.99
0.99 0.99
0.99 0.00
0.99 0.99
0.99 0.99
0.00 0.99
0.99 0.00
1.98 2.97
0.99 0.99
1.00 0.00
0.00 1.00
0.00 1.00
0.00 0.99
1.00 0.00
0.99 0.99
0.99 0.00
0.99 0.00
0.99 0.00
1.00 0.00
0.99 0.00
1.00 0.00
1.98 0.00
0.99 0.00
0.99 0.99
0.99 0.00
0.99 0.99
0.99 0.00
0.99 0.99
0.99 0.99
0.00 0.99
0.99 0.99
0.99 1.98
1.00 0.00
0.99 1.98
1.98 0.99
0.00 0.99
0.99 1.98
0.00 0.99
0.99 1.98
0.99 0.00
0.99 0.99
1.00 1.00
0.99 0.99
0.99 0.00
0.99 0.00
0.99 0.99
0.99 0.99
1.98 0.99
1.00 0.00
0.99 0.99
0.99 0.00
1.98 0.99
0.00 0.99
1.00 2.00
0.99 0.00
0.99 0.00
0.99 0.00
0.99 0.00
0.99 0.00
0.99 0.99
1.00 0.00
0.99 0.99
0.99 0.00
0.00 0.99
0.99 0.00
0.99 0.00
0.00 0.99
0.99 0.99
1.00 1.00
0.99 0.99
0.99 0.99
0.00 0.99
0.99 0.99
0.99 0.99
0.99 0.99
0.99 0.00
0.99 0.99
0.99 0.99
0.99 0.00
0.99 0.99
2.00 0.00
0.99 0.00
0.99 0.99
0.99 0.00
0.99 0.99
1.00 1.00
0.99 0.99
0.99 0.00
0.99 0.00
0.99 0.99
0.99 0.99
1.98 0.00
0.99 0.00
0.99 0.00
0.00 0.99
0.99 0.00
0.99 0.99
0.99 0.99
0.00 1.00
0.99 0.99
0.99 0.00
0.99 0.00
0.99 0.99
1.98 0.99
1.98 3.96
0.99 0.00
0.99 0.00
0.99 0.00
0.00 0.99
0.99 0.00
0.99 0.99
1.00 1.00
0.00 0.99
0.99 0.00
0.99 0.99
0.99 0.00
0.99 0.99
0.99 0.99
0.99 0.00
0.99 0.99
0.99 0.00
0.00 0.99
0.99 0.00
0.99 0.99
0.99 0.99
1.00 1.00
0.99 0.99
0.99 0.00
0.99 0.99
1.00 1.00
0.99 0.00
0.99 0.00
0.99 0.00
0.99 0.99
0.99 0.00
0.99 0.99
1.00 1.00
0.99 0.99
0.99 0.99
0.99 0.99
1.00 1.00
1.00 0.00
0.00 0.99
0.00 0.99
0.99 0.00
0.99 0.00
1.00 1.00
0.00 0.99
0.99 0.00
0.99 0.99
0.99 0.99
1.00 1.00
1.98 0.00
0.99 0.00
0.99 0.00
0.99 0.99
1.00 2.00
0.00 1.00
0.99 0.00
0.00 0.99
0.99 0.00
0.99 0.99
0.99 0.00
0.99 0.99
0.99 0.99
0.99 0.99
0.00 0.99
0.00 0.99
0.99 0.00
0.99 0.99
0.99 0.99
0.99 0.00
0.00 0.99
0.99 0.00
0.99 0.00
0.99 0.00
0.99 0.00
0.99 0.00
0.99 0.99
0.99 0.99
0.99 0.00
0.99 0.00
0.99 0.00
0.00 0.99
0.99 0.00
0.99 0.00
0.99 0.00
0.00 0.99
0.99 0.00
0.99 0.99
0.99 0.99
1.00 0.00
1.00 2.00
0.00 0.99
0.99 0.99
1.00 1.00
0.99 0.99
0.99 0.99
0.00 1.00
0.99 0.99
0.99 0.99
1.00 1.00
0.99 0.99
0.99 0.00
2.00 1.00
0.99 0.00
0.99 0.00
0.99 0.99
1.00 0.00
0.00 0.99
0.99 0.00
0.99 0.99
0.99 0.99
0.99 0.00
0.99 0.99
0.00 1.00
0.99 0.99
1.00 0.00
0.99 0.99
0.99 0.99
0.00 0.99
1.00 2.00
0.99 0.00
0.00 1.00
1.00 1.00
0.00 0.99
0.99 0.99
1.00 0.00
0.99 0.00
1.00 0.00
0.99 0.99
0.99 0.99
1.98 0.00
0.99 0.99
0.99 0.00
0.99 0.99
0.99 0.00
0.99 0.00
0.99 0.99
0.99 0.99
0.99 0.00
0.00 0.99
0.99 0.00
0.99 0.00
0.00 0.99
0.00 0.99
0.00 0.99
0.99 0.00
0.99 0.00
0.99 0.00
0.99 0.99
0.99 0.99
0.99 0.99
0.99 0.00
0.99 0.00
0.00 0.99
0.99 0.00
0.99 0.00
0.00 1.00
0.99 0.99
1.00 0.00
1.00 0.00
1.00 0.00
0.99 0.99
1.00 2.00
0.99 0.00
0.99 0.00
0.99 0.99
0.99 0.00
1.98 0.99
1.00 0.00
0.99 0.00
0.99 0.99
0.99 0.00
0.99 0.00
0.99 0.99
0.99 0.99
0.99 0.00
2.00 0.00
0.00 0.99
0.99 0.00
0.99 2.97
1.98 0.99
0.99 0.99
0.99 0.00
0.99 0.00
1.00 0.00
0.00 0.99
0.99 0.99
0.99 0.99
0.00 1.00
0.99 0.00
0.99 0.00
0.00 0.99
0.99 0.00
0.00 0.99
0.99 0.99
0.99 0.99
0.00 0.99
0.99 0.99
0.99 0.99
1.00 0.00
0.99 0.00
2.00 0.00
0.00 1.00
0.99 0.99
0.00 0.99
0.00 0.99
0.99 0.00
0.99 0.99
0.99 0.99
0.99 0.99
0.99 0.00
0.00 0.99
0.00 0.99
0.99 0.99
0.99 0.00
0.99 0.99
0.99 0.00
0.00 0.99
1.00 0.00
0.99 0.00
0.99 0.99
1.00 1.00
0.99 0.00
0.99 0.00
0.99 0.99
0.00 0.99
0.99 0.00
0.99 0.00
2.00 1.00
0.99 0.00
1.98 0.00
1.00 1.00
1.00 0.00
0.99 0.99
0.00 0.99
0.00 2.00
1.00 1.00
1.00 1.00
1.00 2.00
0.99 0.00
1.98 0.99
1.00 0.00
1.00 0.00
0.99 0.00
0.99 0.99
0.99 0.00
0.99 0.99
1.98 0.00
0.99 0.00
0.99 0.99
0.99 0.00
0.99 0.99
0.99 0.99
