1.00 0.00
0.99 0.00
0.00 0.99
0.99 0.00
0.99 0.99
0.99 0.00
0.99 0.99
0.99 0.99
0.99 0.00
1.00 0.00
0.99 0.00
0.99 0.00
0.99 0.00
0.00 0.99
0.00 0.98
0.99 0.00
0.99 0.00
0.00 1.00
1.00 0.00
0.00 0.99
0.00 0.99
1.98 5.94
0.99 0.00
0.99 0.00
0.99 0.99
0.99 0.99
0.99 0.00
0.00 0.99
0.99 0.00
0.00 0.99
0.99 0.00
1.00 0.00
1.00 0.00
0.99 0.99
0.99 0.99
0.99 0.00
0.99 0.99
0.99 0.99
0.99 1.98
0.99 0.99
0.00 0.99
0.99 0.99
0.99 0.99
0.99 1.98
1.00 2.00
0.99 0.99
1.98 0.99
0.99 1.98
1.00 2.00
0.00 0.99
0.00 0.99
0.99 0.99
0.99 0.00
0.99 0.00
1.00 1.00
0.99 0.00
0.99 0.99
1.00 0.00
0.99 0.00
0.99 0.99
0.99 0.00
0.99 0.00
0.99 0.00
0.99 0.00
0.99 0.00
0.99 0.00
0.99 0.00
0.00 0.99
0.99 0.00
0.99 0.99
0.99 1.98
1.00 3.00
0.99 0.00
0.99 2.97
0.99 0.99
0.00 0.99
0.99 0.99
0.99 0.99
0.99 0.99
1.00 1.00
0.99 0.99
0.99 0.00
0.99 0.00
0.99 0.00
0.99 0.00
0.99 0.00
0.99 0.99
0.99 0.00
1.98 0.99
0.99 0.99
0.99 0.00
0.99 0.00
0.99 0.00
0.99 0.00
1.00 0.00
0.99 0.00
1.00 0.00
0.99 0.00
0.99 0.99
0.99 0.00
0.00 1.00
0.00 0.99
0.99 0.00
0.00 0.99
0.99 0.99
1.00 1.00
0.99 0.00
0.99 0.99
0.99 0.00
0.99 0.99
0.99 0.99
0.99 0.00
0.99 1.98
0.00 0.99
0.00 0.99
1.98 0.00
0.00 0.99
1.00 0.00
0.99 0.99
0.99 0.00
0.00 0.99
0.00 0.99
0.00 0.99
0.99 0.99
0.00 0.99
0.99 0.00
0.99 0.00
0.99 0.00
0.99 0.00
0.99 0.00
1.00 0.00
0.99 0.00
0.00 1.00
0.99 0.00
0.99 0.00
0.99 0.99
0.98 0.98
1.00 0.00
0.99 0.00
1.98 0.00
0.99 0.00
0.99 0.00
0.99 0.00
0.99 0.00
0.99 0.00
0.00 0.99
0.99 0.00
0.00 1.00
1.00 1.00
0.99 0.00
0.99 0.99
0.99 0.00
0.99 0.99
0.00 0.99
0.00 0.99
0.00 0.99
1.00 0.00
0.99 0.00
1.00 0.00
1.00 0.00
0.99 0.99
0.00 0.99
1.00 1.00
0.99 0.00
1.00 1.00
0.99 0.00
0.00 0.99
0.99 0.00
1.00 0.00
1.00 0.00
0.99 0.00
0.99 0.00
0.99 0.99
0.99 0.99
0.99 0.00
1.00 1.00
0.99 0.00
0.99 0.00
0.99 0.00
0.99 0.00
0.99 0.99
0.99 0.99
0.99 0.99
0.99 0.00
0.99 0.00
0.99 0.00
0.00 0.99
0.00 0.99
0.99 0.00
0.99 0.00
0.99 0.00
0.99 0.99
0.99 11.88
0.00 0.99
0.99 0.00
0.99 0.00
1.00 0.00
0.99 0.00
0.99 0.99
0.99 0.99
0.99 0.99
0.99 0.00
1.98 0.99
0.99 0.00
0.00 0.99
0.99 0.00
0.99 0.00
0.99 0.00
0.99 0.00
1.00 0.00
0.99 0.00
0.99 0.00
0.99 0.00
0.99 0.00
0.99 0.99
0.98 0.98
1.00 11.00
1.00 1.00
1.00 0.00
1.00 0.00
0.99 0.00
0.99 0.00
0.99 0.99
0.99 0.00
0.99 0.00
0.99 0.00
0.99 0.00
0.99 0.00
0.99 0.00
1.00 0.00
2.00 0.00
0.99 0.00
0.99 0.99
0.99 0.99
0.99 0.00
0.99 1.98
0.00 0.99
0.99 0.00
1.00 0.00
1.00 0.00
0.99 0.00
0.99 0.00
0.99 0.00
0.99 0.00
0.99 0.00
0.99 0.00
0.99 0.00
0.99 0.99
1.00 0.00
0.99 0.00
1.98 0.00
0.99 0.99
0.99 0.00
1.98 2.97
0.00 0.99
0.99 0.99
0.99 2.97
0.99 0.99
0.99 0.00
0.99 0.00
0.99 0.00
0.99 0.00
0.99 0.00
0.99 0.99
0.99 0.00
0.99 0.00
1.00 0.00
0.00 0.98
0.00 1.00
0.99 0.00
0.00 0.99
0.99 0.00
0.99 0.00
0.99 0.00
0.99 0.00
1.00 0.00
0.00 0.99
1.00 0.00
0.99 0.00
0.99 0.00
0.99 0.00
0.99 0.00
0.99 0.00
0.99 0.00
0.00 0.99
0.00 1.00
0.99 0.00
0.99 0.99
0.99 0.99
1.00 0.00
0.99 0.00
0.99 0.99
0.99 0.00
0.99 0.00
1.00 0.00
0.99 0.00
1.00 1.00
0.99 0.99
0.99 0.00
0.99 0.00
1.98 0.00
0.99 0.00
0.99 0.00
0.99 0.00
1.00 1.00
0.99 0.99
0.99 0.00
0.99 0.00
0.99 0.00
0.99 0.00
1.00 2.00
0.99 0.00
0.99 0.99
0.99 0.00
0.99 0.99
0.99 0.99
0.99 0.00
0.99 0.00
0.00 0.99
0.99 0.00
0.99 0.00
0.99 0.00
0.99 0.99
1.00 1.00
0.99 0.00
1.00 0.00
0.00 0.99
0.98 0.00
0.99 0.00
0.99 0.00
0.99 0.99
0.99 0.00
0.99 0.00
0.99 0.00
0.00 0.99
1.00 0.00
0.00 0.99
0.99 0.99
0.99 0.00
1.00 0.00
0.99 0.00
0.99 0.99
0.99 0.00
0.99 0.00
1.00 0.00
0.99 0.00
1.00 0.00
0.99 0.00
1.00 0.00
0.00 0.99
0.00 0.99
0.99 0.00
0.99 0.00
1.00 1.00
0.99 0.00
0.99 0.00
0.99 0.99
0.99 0.00
0.00 0.99
1.00 0.00
0.99 0.00
0.99 0.00
1.00 1.00
0.99 0.00
0.99 2.97
0.99 0.00
0.99 0.00
0.99 0.99
0.99 0.00
0.99 0.00
0.99 0.00
0.99 0.00
0.99 0.00
0.99 0.00
0.99 0.99
0.99 0.99
0.99 0.99
1.00 2.00
0.99 0.00
0.99 0.00
0.99 0.00
0.00 0.99
0.99 0.00
0.99 0.00
0.99 0.00
0.99 0.99
0.99 0.00
0.99 0.00
0.99 0.00
0.99 0.00
0.99 0.00
0.99 0.99
0.99 0.00
0.99 0.99
0.99 0.00
0.99 0.00
0.99 0.00
0.99 0.00
0.99 0.99
0.99 0.99
0.99 0.99
1.00 0.00
0.00 0.99
0.00 1.00
0.99 0.00
0.99 0.00
0.99 0.00
0.99 0.00
0.99 0.00
1.00 0.00
1.00 1.00
0.99 0.00
0.99 0.00
0.99 0.99
0.99 0.99
0.99 0.00
0.99 0.00
1.00 0.00
0.99 0.99
1.00 1.00
1.00 1.00
0.99 0.99
0.99 0.00
0.99 0.00
0.00 0.99
0.00 0.99
0.99 0.99
0.99 0.99
0.99 0.00
0.99 0.00
0.99 0.00
1.00 0.00
0.00 0.99
0.99 0.00
0.99 0.99
0.99 0.00
0.99 0.00
0.99 0.00
0.99 0.00
1.98 0.00
0.99 0.00
0.99 0.00
0.99 0.00
0.99 0.00
0.99 0.99
0.99 0.00
1.00 0.00
1.00 0.00
0.99 0.99
1.00 1.00
0.99 0.00
0.99 0.00
0.99 0.00
0.99 0.00
0.00 0.99
0.00 0.99
0.99 0.00
0.99 0.00
0.99 0.00
0.99 0.00
0.00 0.99
0.99 0.00
0.99 0.00
0.99 0.00
0.99 0.00
0.99 0.00
0.99 0.00
0.99 1.98
0.99 0.00
1.00 0.00
0.99 0.99
1.98 0.00
0.99 0.00
0.99 0.00
0.99 0.99
0.99 0.00
0.99 0.00
0.00 0.99
0.99 0.00
0.99 0.99
0.99 0.99
0.99 0.99
0.99 0.99
0.99 1.98
1.00 0.00
0.99 0.00
0.00 0.99
0.99 0.00
0.99 0.99
1.00 0.00
0.99 0.99
0.99 0.99
0.99 0.00
1.00 0.00
0.99 0.99
1.00 0.00
0.99 0.00
1.00 0.00
0.99 0.99
0.00 2.00
0.99 0.00
0.99 0.99
