0.99 0.00
0.99 0.00
0.99 0.00
1.00 2.00
1.98 0.00
0.99 0.00
0.99 0.00
0.99 0.00
1.00 0.00
0.99 0.00
1.00 1.00
0.99 0.00
1.00 1.00
0.99 0.99
0.99 0.00
1.00 0.00
0.99 0.00
0.99 0.00
1.00 0.00
0.99 0.99
1.00 0.00
0.99 0.00
0.99 0.00
0.99 0.00
1.00 0.00
0.99 0.00
0.99 0.00
0.99 0.00
0.99 0.00
0.99 0.00
0.99 0.00
0.99 2.97
0.99 0.00
0.99 0.00
0.99 0.00
0.99 0.00
1.00 0.00
0.99 0.00
0.99 0.00
0.99 0.00
0.99 0.00
0.99 0.00
1.00 0.00
0.99 0.00
0.99 0.00
0.99 0.00
0.99 0.00
0.99 0.00
0.99 0.00
0.99 0.00
0.99 0.00
0.99 0.00
0.99 0.00
0.99 0.00
0.99 0.00
0.99 0.00
1.00 0.00
0.99 0.00
0.99 0.00
0.99 0.00
0.99 0.00
0.99 1.98
1.00 0.00
0.99 0.00
0.99 0.00
1.00 1.00
1.00 0.00
1.00 0.00
0.99 0.99
1.00 0.00
0.99 0.00
1.00 0.00
0.99 2.97
0.99 0.00
0.99 0.00
1.00 0.00
0.99 0.00
0.99 0.00
1.00 0.00
0.99 0.00
1.00 0.00
0.99 1.98
1.00 0.00
1.00 0.00
0.99 0.00
0.99 0.00
0.99 2.97
0.99 0.00
1.00 0.00
0.99 0.00
1.00 0.00
0.99 0.00
0.99 0.00
0.99 0.00
0.99 1.98
0.99 0.00
0.99 0.00
0.99 0.00
0.99 0.00
0.99 0.00
0.99 1.98
0.99 0.00
1.00 0.00
0.99 0.00
0.99 0.00
0.99 0.00
1.00 1.00
0.99 0.00
0.99 0.00
0.99 0.00
0.99 0.00
0.99 0.00
0.99 0.00
0.99 0.00
0.99 0.00
1.00 0.00
0.99 0.00
0.99 0.00
0.99 0.00
0.99 0.00
0.99 0.00
1.00 0.00
0.99 0.00
0.99 0.00
0.99 0.99
1.00 0.00
0.99 9.90
1.00 0.00
0.99 0.00
0.99 0.00
0.99 0.00
1.00 0.00
0.99 0.00
0.99 0.00
0.99 0.00
1.00 0.00
0.99 0.99
1.00 0.00
0.99 0.00
0.99 0.00
1.00 1.00
0.99 0.99
0.99 0.00
1.00 0.00
0.99 0.00
2.00 0.00
1.00 0.00
0.99 0.00
0.99 0.00
0.99 0.00
0.99 0.00
0.99 0.00
0.99 0.00
0.99 0.00
1.00 0.00
0.99 0.00
0.99 0.00
0.99 0.00
1.00 0.00
0.99 0.00
1.00 0.00
0.99 0.00
0.99 0.00
0.99 0.00
0.99 0.00
0.99 0.00
0.99 0.00
0.99 0.99
0.99 0.00
0.99 0.00
0.99 0.00
0.99 0.00
0.99 0.00
1.00 0.00
0.99 0.00
0.99 0.00
0.99 0.00
0.99 0.00
0.99 0.00
1.00 0.00
0.99 0.00
0.99 0.00
0.99 0.00
0.99 0.00
0.99 0.00
0.99 0.00
0.99 0.00
0.99 0.00
0.99 0.00
0.99 0.00
1.00 0.00
0.99 0.00
0.99 0.00
0.99 0.00
1.00 0.00
0.99 0.00
0.99 0.00
0.99 0.00
1.00 0.00
1.00 0.00
0.99 0.99
0.99 0.00
0.99 0.99
1.00 0.00
0.99 0.00
0.99 0.00
0.99 9.90
1.00 0.00
0.99 0.00
0.99 0.00
1.00 0.00
0.99 0.00
0.99 0.00
1.00 0.00
1.00 0.00
0.99 0.00
0.99 0.00
0.99 0.00
0.99 0.00
1.98 0.00
0.99 0.00
1.00 0.00
0.99 0.00
0.99 0.00
1.00 1.00
1.00 0.00
0.99 1.98
0.99 0.00
0.99 0.00
0.99 0.00
0.99 0.00
1.00 0.00
0.99 0.00
1.00 0.00
0.99 0.00
0.99 1.98
0.99 0.00
0.99 0.00
0.99 0.00
1.00 0.00
0.99 0.00
0.99 0.00
0.99 0.00
0.99 0.00
0.99 1.98
0.99 0.00
0.99 0.00
1.00 0.00
0.99 0.00
0.99 0.00
0.99 0.00
0.99 0.00
0.99 1.98
1.00 0.00
0.99 0.00
0.99 0.00
0.99 0.00
0.99 0.00
0.99 0.00
1.00 4.00
0.99 0.00
0.99 0.99
0.99 0.00
0.99 0.00
0.99 0.00
1.00 0.00
0.99 0.00
0.99 0.00
0.99 0.99
0.99 0.00
1.00 0.00
0.99 0.00
0.99 0.00
0.99 0.99
0.99 0.00
0.99 0.00
0.99 0.00
0.99 0.00
0.99 0.00
1.00 0.00
0.99 0.00
0.99 0.00
1.00 0.00
0.99 0.00
0.99 0.00
0.99 0.00
0.99 0.00
0.99 0.00
0.99 0.00
0.99 0.00
0.99 0.00
0.99 6.93
1.98 0.00
0.99 0.00
0.99 0.00
0.99 0.00
0.99 0.00
0.99 0.00
1.00 0.00
0.99 0.00
0.99 0.00
0.99 0.00
0.99 0.00
0.99 0.00
0.99 0.00
0.99 0.00
1.00 0.00
1.00 2.00
0.99 0.00
0.99 0.00
1.00 0.00
0.99 0.00
0.99 0.00
0.99 0.00
1.00 0.00
0.99 0.00
0.99 0.00
0.99 0.00
0.99 0.00
0.99 0.00
1.00 0.00
0.99 0.00
0.99 0.00
0.99 0.00
1.00 12.00
0.99 0.00
1.98 0.00
1.00 0.00
0.99 11.88
0.99 0.00
0.99 0.00
1.00 0.00
0.99 0.00
0.99 0.00
1.00 0.00
0.99 0.00
0.99 0.00
0.99 0.00
0.99 0.00
0.99 1.98
0.99 0.99
0.99 0.00
1.00 0.00
1.00 0.00
0.99 0.00
1.00 0.00
0.99 0.00
1.00 0.00
0.99 0.00
0.99 0.00
1.00 0.00
0.99 0.00
0.99 0.00
1.00 0.00
1.00 0.00
0.99 0.00
0.99 0.00
