0.99 0.00 0.00 3.96 0.99
0.99 0.00 0.00 0.00 0.99
0.99 0.00 0.00 7.92 0.99
0.99 0.00 0.00 3.96 0.99
0.99 0.00 0.00 0.00 0.99
2.00 0.00 0.00 0.00 2.00
2.00 0.00 0.00 0.00 2.00
0.99 0.00 0.00 8.91 0.99
1.00 0.00 0.00 0.00 1.00
0.99 0.00 0.00 3.96 0.99
0.99 0.00 0.00 7.92 0.99
1.98 0.00 0.00 3.96 1.98
0.99 0.00 0.00 2.97 0.99
0.99 0.00 0.00 0.00 0.99
0.99 0.00 0.00 3.96 0.99
0.99 0.00 0.00 3.96 0.99
0.99 0.00 0.00 7.92 0.99
0.99 0.00 0.00 0.00 0.99
0.99 0.00 0.00 0.00 0.99
0.99 0.00 0.00 8.91 0.99
0.99 0.00 0.00 7.92 0.99
0.99 0.00 0.00 3.96 0.99
1.98 0.00 0.00 0.00 1.98
1.00 0.00 0.00 0.00 1.00
0.99 0.00 0.00 3.96 0.99
0.99 0.00 0.00 0.00 0.99
0.99 0.00 0.00 0.00 0.99
1.00 0.00 0.00 9.00 1.00
0.99 0.00 0.00 3.96 0.99
0.00 1.00 0.00 4.00 1.00
0.99 0.00 0.00 3.96 0.99
0.99 0.00 0.00 0.00 0.99
0.99 0.00 0.00 7.92 0.99
2.00 0.00 0.00 4.00 2.00
2.00 0.00 0.00 8.00 2.00
0.99 0.00 0.00 3.96 0.99
0.99 0.00 0.00 0.00 0.99
1.98 0.00 0.00 2.97 1.98
1.98 0.00 0.00 0.00 1.98
0.99 0.00 0.00 0.00 0.99
0.99 0.00 0.00 0.00 0.99
0.99 0.00 0.00 7.92 0.99
0.99 0.00 0.00 0.00 0.99
1.98 0.00 0.00 0.00 1.98
0.98 0.00 0.00 0.00 0.98
0.99 0.00 0.00 0.00 0.99
0.99 0.00 0.00 7.92 0.99
0.99 0.00 0.00 3.96 0.99
0.99 0.00 0.00 6.93 0.99
2.00 0.00 0.00 4.00 2.00
1.00 0.00 0.00 0.00 1.00
1.00 0.00 0.00 0.00 1.00
1.00 0.00 0.00 9.00 1.00
1.00 0.00 0.00 0.00 1.00
1.98 0.00 0.00 0.00 1.98
1.00 0.00 0.00 0.00 1.00
2.00 0.00 0.00 0.00 2.00
0.99 0.00 0.00 2.97 0.99
0.99 0.00 0.00 0.00 0.99
0.99 0.00 0.00 0.00 0.99
1.00 0.00 0.00 4.00 1.00
0.99 0.00 0.00 3.96 0.99
0.99 0.00 0.00 7.92 0.99
1.00 0.00 0.00 0.00 1.00
1.00 0.00 0.00 0.00 1.00
0.99 0.00 0.00 8.91 0.99
0.99 0.00 0.00 3.96 0.99
0.99 0.00 0.00 7.92 0.99
0.99 0.00 0.00 8.91 0.99
0.99 0.00 0.00 3.96 0.99
0.99 0.00 0.00 0.00 0.99
0.99 0.00 0.00 0.00 0.99
0.99 0.00 0.00 0.00 0.99
0.99 0.00 0.00 7.92 0.99
0.99 0.00 0.00 3.96 0.99
0.99 0.00 0.00 3.96 0.99
0.99 0.00 0.00 0.00 0.99
0.99 0.00 0.00 0.00 0.99
0.99 0.00 0.00 3.96 0.99
0.99 0.00 0.00 0.00 0.99
0.99 0.00 0.00 3.96 0.99
0.99 0.00 0.00 7.92 0.99
0.99 0.00 0.00 3.96 0.99
0.99 0.00 0.00 0.00 0.99
0.99 0.00 0.00 7.92 0.99
0.99 0.00 0.00 0.00 0.99
0.99 0.00 0.00 7.92 0.99
0.99 0.00 0.00 0.00 0.99
0.99 0.00 0.00 3.96 0.99
2.00 0.00 0.00 8.00 2.00
0.99 0.00 0.00 3.96 0.99
2.97 0.00 0.00 7.92 2.97
0.99 0.00 0.00 0.00 0.99
0.99 0.00 0.00 0.00 0.99
0.99 0.00 0.00 8.91 0.99
0.99 0.00 0.00 8.91 0.99
0.99 0.00 0.00 0.00 0.99
0.99 0.00 0.00 7.92 0.99
0.99 0.00 0.00 3.96 0.99
0.99 0.00 0.00 0.00 0.99
0.99 0.00 0.00 0.00 0.99
0.99 0.00 0.00 0.00 0.99
1.00 0.00 0.00 0.00 1.00
1.98 0.00 0.00 2.97 1.98
0.99 0.00 0.00 3.96 0.99
0.99 0.00 0.00 0.00 0.99
0.99 0.00 0.00 7.92 0.99
0.99 0.00 0.00 0.00 0.99
1.00 0.00 0.00 8.00 1.00
0.99 0.00 0.00 0.00 0.99
0.99 0.00 0.00 0.00 0.99
0.99 0.00 0.00 0.00 0.99
1.98 0.00 0.00 3.96 1.98
0.99 0.00 0.00 0.00 0.99
0.99 0.00 0.00 0.00 0.99
0.99 0.00 0.00 0.00 0.99
0.99 0.00 0.00 0.00 0.99
1.98 0.00 0.00 7.92 1.98
0.99 0.00 0.00 3.96 0.99
0.99 0.00 0.00 7.92 0.99
0.99 0.00 0.00 7.92 0.99
0.99 0.00 0.00 0.00 0.99
1.00 0.00 0.00 0.00 1.00
0.99 0.00 0.00 0.00 0.99
1.00 0.00 0.00 4.00 1.00
2.00 0.00 0.00 0.00 2.00
0.99 0.00 0.00 3.96 0.99
0.99 0.00 0.00 0.00 0.99
0.99 0.00 0.00 3.96 0.99
0.99 0.00 0.00 0.00 0.99
0.99 0.00 0.00 0.00 0.99
1.00 0.00 0.00 0.00 1.00
0.99 0.00 0.00 0.00 0.99
0.99 0.00 0.00 8.91 0.99
0.99 0.00 0.00 0.00 0.99
0.99 0.00 0.00 0.00 0.99
1.98 0.00 0.00 3.96 1.98
1.00 0.00 0.00 0.00 1.00
1.00 0.00 0.00 4.00 1.00
0.99 0.00 0.00 0.00 0.99
0.99 0.00 0.00 0.00 0.99
0.99 0.00 0.00 0.00 0.99
0.99 0.00 0.00 7.92 0.99
1.00 0.00 0.00 0.00 1.00
1.00 0.00 0.00 4.00 1.00
1.00 0.00 0.00 0.00 1.00
0.99 0.00 0.00 3.96 0.99
1.00 0.00 0.00 0.00 1.00
1.00 0.00 0.00 0.00 1.00
0.99 0.00 0.00 7.92 0.99
1.00 0.00 0.00 0.00 1.00
0.99 0.00 0.00 0.00 0.99
0.99 0.00 0.00 8.91 0.99
1.00 0.00 0.00 4.00 1.00
1.98 0.00 0.00 2.97 1.98
0.99 0.00 0.00 6.93 0.99
1.00 0.00 0.00 0.00 1.00
1.98 0.00 0.00 2.97 1.98
0.99 0.00 0.00 2.97 0.99
0.99 0.00 0.00 0.00 0.99
0.99 0.00 0.00 3.96 0.99
0.99 0.00 0.00 0.00 0.99
0.99 0.00 0.00 7.92 0.99
1.00 0.00 0.00 0.00 1.00
0.99 0.00 0.00 0.00 0.99
0.99 0.00 0.00 3.96 0.99
0.99 0.00 0.00 0.00 0.99
0.99 0.00 0.00 0.00 0.99
0.99 0.00 0.00 3.96 0.99
0.99 0.00 0.00 0.00 0.99
1.00 0.00 0.00 0.00 1.00
1.96 0.00 0.00 0.00 1.96
0.99 0.00 0.00 0.00 0.99
1.00 0.00 0.00 0.00 1.00
0.99 0.00 0.00 0.00 0.99
0.99 0.00 0.00 2.97 0.99
0.99 0.00 0.00 0.00 0.99
0.99 0.00 0.00 3.96 0.99
0.99 0.00 0.00 2.97 0.99
0.99 0.00 0.00 0.00 0.99
0.99 0.00 0.00 0.00 0.99
0.99 0.00 0.00 0.00 0.99
0.99 0.00 0.00 3.96 0.99
0.99 0.00 0.00 2.97 0.99
0.99 0.00 0.00 0.00 0.99
0.99 0.00 0.00 3.96 0.99
0.99 0.00 0.00 6.93 0.99
0.99 0.00 0.00 3.96 0.99
0.99 0.00 0.00 0.00 0.99
0.99 0.00 0.00 3.96 0.99
1.98 0.00 0.00 3.96 1.98
0.99 0.00 0.00 0.00 0.99
1.00 0.00 0.00 4.00 1.00
0.99 0.00 0.00 0.00 0.99
0.99 0.00 0.00 3.96 0.99
0.99 0.00 0.00 8.91 0.99
1.98 0.00 0.00 0.00 1.98
0.00 0.99 0.00 7.92 0.99
0.99 0.00 0.00 0.00 0.99
0.99 0.00 0.00 8.91 0.99
1.00 0.00 0.00 9.00 1.00
0.99 0.00 0.00 2.97 0.99
0.99 0.00 0.00 7.92 0.99
0.99 0.00 0.00 7.92 0.99
0.99 0.00 0.00 7.92 0.99
0.99 0.00 0.00 0.00 0.99
1.00 0.00 0.00 0.00 1.00
0.99 0.00 0.00 2.97 0.99
0.99 0.00 0.00 7.92 0.99
0.99 0.00 0.00 7.92 0.99
0.99 0.00 0.00 6.93 0.99
0.99 0.00 0.00 0.00 0.99
0.99 0.00 0.00 2.97 0.99
0.99 0.00 0.00 0.00 0.99
1.98 0.00 0.00 8.91 1.98
1.00 0.00 0.00 0.00 1.00
1.98 0.00 0.00 3.96 1.98
1.98 0.00 0.00 0.00 1.98
0.99 0.00 0.00 0.00 0.99
0.99 0.00 0.00 3.96 0.99
0.99 0.00 0.00 3.96 0.99
1.98 0.00 0.00 7.92 1.98
1.00 0.00 0.00 4.00 1.00
1.00 0.00 0.00 4.00 1.00
1.98 0.00 0.00 0.00 1.98
0.99 0.00 0.00 2.97 0.99
1.00 0.00 0.00 0.00 1.00
1.98 0.00 0.00 3.96 1.98
0.99 0.00 0.00 0.00 0.99
0.99 0.00 0.00 3.96 0.99
0.99 0.00 0.00 7.92 0.99
0.99 0.00 0.00 0.00 0.99
0.99 0.00 0.00 0.00 0.99
0.99 0.00 0.00 3.96 0.99
1.98 0.00 0.00 3.96 1.98
0.99 0.00 0.00 0.00 0.99
0.99 0.00 0.00 2.97 0.99
1.98 0.00 0.00 0.00 1.98
0.99 0.00 0.00 3.96 0.99
0.99 0.00 0.00 7.92 0.99
1.00 0.00 0.00 0.00 1.00
0.99 0.00 0.00 3.96 0.99
0.99 0.00 0.00 2.97 0.99
0.99 0.00 0.00 0.00 0.99
0.99 0.00 0.00 7.92 0.99
0.99 0.00 0.00 0.00 0.99
1.00 0.00 0.00 8.00 1.00
0.99 0.00 0.00 0.00 0.99
0.99 0.00 0.00 0.00 0.99
1.00 0.00 0.00 8.00 1.00
0.99 0.00 0.00 0.00 0.99
0.99 0.00 0.00 0.00 0.99
0.99 0.00 0.00 0.00 0.99
0.99 0.00 0.00 0.00 0.99
0.99 0.00 0.00 7.92 0.99
0.99 0.00 0.00 3.96 0.99
1.00 0.00 0.00 3.00 1.00
0.99 0.00 0.00 0.00 0.99
0.99 0.00 0.00 0.00 0.99
0.99 0.00 0.00 0.00 0.99
0.99 0.00 0.00 3.96 0.99
0.99 0.00 0.00 0.00 0.99
1.00 0.00 0.00 4.00 1.00
0.99 0.00 0.00 0.00 0.99
1.98 0.00 0.00 0.00 1.98
0.99 0.00 0.00 2.97 0.99
0.99 0.00 0.00 0.00 0.99
0.99 0.00 0.00 3.96 0.99
1.00 0.00 0.00 3.00 1.00
0.99 0.00 0.00 3.96 0.99
0.99 0.00 0.00 3.96 0.99
0.99 0.00 0.00 0.00 0.99
1.98 0.00 0.00 0.00 1.98
1.98 0.00 0.00 3.96 1.98
0.99 0.00 0.00 0.00 0.99
0.99 0.00 0.00 0.00 0.99
1.96 0.00 0.00 2.94 1.96
0.99 0.00 0.00 7.92 0.99
2.00 0.00 0.00 9.00 2.00
1.98 0.00 0.00 3.96 1.98
0.99 0.00 0.00 8.91 0.99
0.99 0.00 0.00 3.96 0.99
0.99 0.00 0.00 3.96 0.99
0.99 0.00 0.00 3.96 0.99
1.00 0.00 0.00 8.00 1.00
1.98 0.00 0.00 7.92 1.98
0.99 0.00 0.00 0.00 0.99
1.00 0.00 0.00 0.00 1.00
1.00 0.00 0.00 9.00 1.00
1.00 0.00 0.00 4.00 1.00
0.99 0.00 0.00 3.96 0.99
1.98 0.00 0.00 3.96 1.98
0.99 0.00 0.00 6.93 0.99
0.99 0.00 0.00 0.00 0.99
0.99 0.00 0.00 7.92 0.99
1.98 0.00 0.00 3.96 1.98
0.99 0.00 0.00 7.92 0.99
0.99 0.00 0.00 7.92 0.99
0.99 0.00 0.00 2.97 0.99
1.98 0.00 0.00 7.92 1.98
0.99 0.00 0.00 0.00 0.99
0.99 0.00 0.00 7.92 0.99
0.99 0.00 0.00 7.92 0.99
