365.35 0.00 115892 1868 0.02
365.35 0.00 115892 1712 0.02
366.34 0.00 115892 1716 0.02
366.34 0.00 115892 1720 0.02
367.33 0.00 115892 1772 0.02
361.39 0.00 123184 2236 0.03
368.32 0.00 115892 1832 0.02
362.38 0.00 123184 2180 0.03
365.35 0.00 115892 1708 0.02
366.34 0.00 115892 1712 0.02
364.36 0.00 115892 1872 0.02
363.37 0.00 123184 2444 0.03
359.41 0.00 123184 2392 0.03
366.34 0.00 115892 1804 0.02
367.33 0.00 115892 1820 0.02
368.32 0.00 115892 1744 0.02
365.00 0.00 123184 2188 0.03
367.33 0.00 115892 1712 0.02
367.33 0.00 115892 1716 0.02
367.33 0.00 115892 1792 0.02
366.34 0.00 115892 1856 0.02
365.35 0.00 115892 1888 0.02
366.34 0.00 115892 1724 0.02
367.33 0.00 115892 1740 0.02
367.33 0.00 115892 1772 0.02
369.31 0.00 115892 1924 0.02
366.34 0.00 115892 1712 0.02
363.37 0.00 123184 2176 0.03
357.43 0.00 123184 2260 0.03
365.35 0.00 115892 1768 0.02
366.34 0.00 115892 1720 0.02
361.39 0.00 123184 2236 0.03
367.33 0.00 115892 1888 0.02
367.33 0.00 115892 1724 0.02
367.33 0.00 115892 1712 0.02
366.34 0.00 115892 1892 0.02
357.43 0.00 123184 2176 0.03
365.35 0.00 115892 1760 0.02
365.35 0.00 115892 1888 0.02
365.35 0.00 115892 1768 0.02
357.43 0.00 123184 2228 0.03
371.00 0.00 115892 1788 0.02
366.34 0.00 115892 1724 0.02
367.33 0.00 115892 1716 0.02
367.33 0.00 115892 1708 0.02
361.76 0.00 115892 1760 0.02
366.34 0.00 115892 1744 0.02
363.73 0.00 115892 1712 0.02
368.32 0.00 115892 1924 0.02
366.34 0.00 115892 1712 0.02
365.35 0.00 115892 1820 0.02
357.43 0.00 123184 2192 0.03
370.00 0.00 115892 1832 0.02
365.35 0.00 115892 1788 0.02
366.34 0.00 115892 1716 0.02
361.00 0.00 123184 2240 0.03
371.00 0.00 115892 1788 0.02
366.34 0.00 115892 1720 0.02
366.34 0.00 115892 1760 0.02
370.00 0.00 115892 1744 0.02
365.35 0.00 115892 1720 0.02
367.33 0.00 115892 1740 0.02
366.34 0.00 115892 1820 0.02
357.43 0.00 123184 2336 0.03
362.75 0.00 115892 1716 0.02
356.44 0.00 123184 2356 0.03
369.00 0.00 115892 1788 0.02
356.44 0.00 123184 2348 0.03
371.00 0.00 115892 1924 0.02
362.38 0.00 123184 2184 0.03
367.33 0.00 115892 1832 0.02
364.36 0.00 115892 1888 0.02
366.34 0.00 115892 1772 0.02
368.32 0.00 115892 1744 0.02
356.44 0.00 123184 2356 0.03
361.39 0.00 123184 2292 0.03
362.75 0.00 115892 1788 0.02
366.34 0.00 115892 1712 0.02
366.34 0.00 115892 1820 0.02
365.35 0.00 115892 1892 0.02
367.33 0.00 115892 1716 0.02
362.75 0.00 115892 1724 0.02
368.32 0.00 115892 1744 0.02
357.43 0.00 123184 2184 0.03
366.34 0.00 115892 1716 0.02
365.35 0.00 115892 1824 0.02
367.33 0.00 115892 1836 0.02
371.00 0.00 115892 1720 0.02
366.34 0.00 115892 1712 0.02
257.43 0.00 123184 1916 0.02
366.34 0.00 115892 1724 0.02
366.34 0.00 115892 1720 0.02
357.43 0.00 123184 2300 0.03
367.33 0.00 115892 1744 0.02
367.33 0.00 115892 1776 0.02
365.35 0.00 115892 1872 0.02
367.33 0.00 115892 1716 0.02
366.34 0.00 115892 1720 0.02
365.35 0.00 115892 1892 0.02
366.34 0.00 115892 1892 0.02
367.33 0.00 115892 1792 0.02
367.33 0.00 115892 1768 0.02
365.35 0.00 115892 1888 0.02
361.76 0.00 115892 1760 0.02
365.35 0.00 115892 1760 0.02
366.34 0.00 115892 1724 0.02
362.38 0.00 123184 2292 0.03
367.33 0.00 115892 1720 0.02
365.35 0.00 115892 1756 0.02
366.34 0.00 115892 1872 0.02
366.34 0.00 115892 1784 0.02
367.33 0.00 115892 1720 0.02
139.60 0.00 25768 1660 0.02
358.42 0.00 123184 2388 0.03
367.33 0.00 115892 1744 0.02
371.00 0.00 115892 1740 0.02
366.34 0.00 115892 1716 0.02
367.33 0.00 115892 1712 0.02
365.35 0.00 115892 1892 0.02
366.34 0.00 115892 1772 0.02
370.00 0.00 115892 1792 0.02
368.00 0.00 115892 1892 0.02
366.34 0.00 115892 1832 0.02
361.39 0.00 123184 2256 0.03
366.34 0.00 115892 1768 0.02
367.33 0.00 115892 1744 0.02
367.33 0.00 115892 1772 0.02
365.69 0.00 0 0 0.00
356.44 0.00 123184 2228 0.03
366.34 0.00 115892 1824 0.02
369.00 0.00 115892 1788 0.02
367.33 0.00 115892 1836 0.02
357.43 0.00 123184 2288 0.03
365.35 0.00 115892 1760 0.02
363.73 0.00 115892 1832 0.02
366.34 0.00 115892 1788 0.02
358.42 0.00 123184 2300 0.03
367.33 0.00 115892 1792 0.02
366.34 0.00 115892 1744 0.02
368.32 0.00 115892 1924 0.02
367.33 0.00 115892 1832 0.02
366.34 0.00 115892 1724 0.02
358.42 0.00 123184 2300 0.03
366.34 0.00 115892 1712 0.02
366.34 0.00 115892 1824 0.02
367.33 0.00 115892 1788 0.02
365.35 0.00 115892 1708 0.02
368.32 0.00 115892 1744 0.02
363.37 0.00 123184 2468 0.03
370.00 0.00 115892 1716 0.02
356.44 0.00 123184 2180 0.03
362.00 0.00 123184 2184 0.03
367.33 0.00 115892 1792 0.02
366.34 0.00 115892 1728 0.02
367.33 0.00 115892 1740 0.02
366.34 0.00 115892 1824 0.02
367.33 0.00 115892 1824 0.02
368.32 0.00 115892 1724 0.02
367.33 0.00 115892 1712 0.02
369.00 0.00 115892 1784 0.02
367.33 0.00 115892 1772 0.02
365.00 0.00 123184 2260 0.03
362.75 0.00 115892 1772 0.02
366.34 0.00 115892 1712 0.02
141.58 0.00 25768 1660 0.02
356.44 0.00 123184 2224 0.03
366.34 0.00 115892 1704 0.02
371.00 0.00 115892 1720 0.02
361.00 0.00 123184 2188 0.03
366.34 0.00 115892 1720 0.02
357.43 0.00 123184 2240 0.03
138.61 0.00 25768 1712 0.02
356.44 0.00 123184 2208 0.03
366.34 0.00 115892 1724 0.02
367.33 0.00 115892 1720 0.02
359.41 0.00 123184 2180 0.03
358.42 0.00 123184 2220 0.03
366.34 0.00 115892 1720 0.02
361.00 0.00 123184 2240 0.03
359.41 0.00 123184 2184 0.03
356.44 0.00 123184 2356 0.03
371.00 0.00 115892 1744 0.02
361.39 0.00 123184 2256 0.03
367.33 0.00 115892 1712 0.02
368.32 0.00 115892 1740 0.02
354.90 0.00 123184 2300 0.03
366.34 0.00 115892 1824 0.02
363.37 0.00 123184 2180 0.03
367.33 0.00 115892 1784 0.02
367.33 0.00 115892 1768 0.02
359.00 0.00 123184 2224 0.03
367.33 0.00 115892 1772 0.02
364.36 0.00 115892 1740 0.02
365.35 0.00 115892 1760 0.02
375.00 0.00 0 0 0.00
372.00 0.00 115892 1716 0.02
367.33 0.00 115892 1720 0.02
361.39 0.00 123184 2240 0.03
366.34 0.00 115892 1888 0.02
367.33 0.00 115892 1716 0.02
363.00 0.00 123184 2188 0.03
368.32 0.00 115892 1716 0.02
368.32 0.00 115892 1920 0.02
358.42 0.00 123184 2264 0.03
365.35 0.00 115892 1868 0.02
364.36 0.00 115892 1760 0.02
366.34 0.00 115892 1772 0.02
366.34 0.00 115892 1716 0.02
369.31 0.00 115892 1716 0.02
361.76 0.00 115892 1760 0.02
366.34 0.00 115892 1788 0.02
366.34 0.00 115892 1712 0.02
367.33 0.00 115892 1712 0.02
354.90 0.00 123184 2180 0.03
367.33 0.00 115892 1720 0.02
366.34 0.00 115892 1784 0.02
366.34 0.00 115892 1740 0.02
366.34 0.00 115892 1688 0.02
358.42 0.00 123184 2192 0.03
365.35 0.00 115892 1844 0.02
365.35 0.00 115892 1868 0.02
367.33 0.00 115892 1832 0.02
366.34 0.00 115892 1712 0.02
367.33 0.00 115892 1740 0.02
368.32 0.00 115892 1924 0.02
370.00 0.00 115892 1712 0.02
365.35 0.00 115892 1772 0.02
367.33 0.00 115892 1720 0.02
365.35 0.00 115892 1824 0.02
361.00 0.00 123184 2240 0.03
358.42 0.00 123184 2300 0.03
190.10 0.00 123184 1644 0.02
360.40 0.00 123184 2176 0.03
365.35 0.00 115892 1868 0.02
365.35 0.00 115892 1724 0.02
359.41 0.00 123184 2376 0.03
367.33 0.00 115892 1720 0.02
363.73 0.00 115892 1720 0.02
361.39 0.00 123184 2360 0.03
366.34 0.00 115892 1716 0.02
364.36 0.00 115892 1872 0.02
366.34 0.00 115892 1776 0.02
364.36 0.00 115892 1888 0.02
363.37 0.00 123184 2564 0.03
361.39 0.00 123184 2208 0.03
364.36 0.00 115892 1756 0.02
366.34 0.00 115892 1800 0.02
362.75 0.00 115892 1708 0.02
356.44 0.00 123184 2240 0.03
366.34 0.00 115892 1772 0.02
365.35 0.00 115892 1788 0.02
357.43 0.00 123184 2236 0.03
358.42 0.00 123184 2184 0.03
357.43 0.00 123184 2176 0.03
365.35 0.00 115892 1868 0.02
367.33 0.00 115892 1868 0.02
370.00 0.00 115892 1716 0.02
358.42 0.00 123184 2208 0.03
358.42 0.00 123184 2388 0.03
354.46 0.00 123184 2336 0.03
358.42 0.00 123184 2304 0.03
371.00 0.00 115892 1744 0.02
356.44 0.00 123184 2240 0.03
357.43 0.00 123184 2180 0.03
367.33 0.00 115892 1716 0.02
367.33 0.00 115892 1724 0.02
366.34 0.00 115892 1724 0.02
366.34 0.00 115892 1788 0.02
369.31 0.00 115892 1720 0.02
357.43 0.00 123184 2176 0.03
361.39 0.00 123184 2196 0.03
365.35 0.00 115892 1760 0.02
364.36 0.00 115892 1756 0.02
366.34 0.00 115892 1720 0.02
364.36 0.00 115892 1888 0.02
365.35 0.00 115892 1756 0.02
366.34 0.00 115892 1784 0.02
362.75 0.00 115892 1772 0.02
367.33 0.00 115892 1724 0.02
367.33 0.00 115892 1716 0.02
364.36 0.00 115892 1888 0.02
367.33 0.00 115892 1788 0.02
365.35 0.00 115892 1888 0.02
366.34 0.00 115892 1792 0.02
356.44 0.00 123184 2224 0.03
368.32 0.00 115892 1836 0.02
366.34 0.00 115892 1708 0.02
367.33 0.00 115892 1836 0.02
367.33 0.00 115892 1832 0.02
369.31 0.00 0 0 0.00
362.75 0.00 115892 1888 0.02
356.44 0.00 123184 2260 0.03
366.34 0.00 115892 1768 0.02
362.38 0.00 123184 2180 0.03
365.35 0.00 115892 1872 0.02
365.35 0.00 115892 1676 0.02
368.32 0.00 115892 1920 0.02
362.75 0.00 115892 1788 0.02
368.32 0.00 115892 1716 0.02
366.34 0.00 115892 1820 0.02
365.35 0.00 115892 1824 0.02
364.36 0.00 115892 1760 0.02
361.39 0.00 123184 2184 0.03
365.35 0.00 115892 1712 0.02
366.34 0.00 115892 1724 0.02
365.35 0.00 115892 1888 0.02
365.35 0.00 115892 1872 0.02
366.34 0.00 115892 1724 0.02
365.35 0.00 115892 1788 0.02
365.35 0.00 115892 1892 0.02
365.35 0.00 115892 1724 0.02
358.42 0.00 123184 2188 0.03
368.32 0.00 115892 1712 0.02
371.00 0.00 115892 1716 0.02
365.35 0.00 115892 1760 0.02
365.35 0.00 115892 1888 0.02
369.31 0.00 0 0 0.00
366.34 0.00 115892 1720 0.02
359.41 0.00 123184 2180 0.03
365.35 0.00 115892 1724 0.02
367.33 0.00 115892 1788 0.02
356.44 0.00 123184 2208 0.03
370.00 0.00 115892 1720 0.02
365.35 0.00 115892 1892 0.02
371.00 0.00 115892 1716 0.02
360.40 0.00 123184 2388 0.03
366.34 0.00 115892 1712 0.02
367.33 0.00 115892 1720 0.02
368.32 0.00 115892 1920 0.02
173.27 0.00 122924 1660 0.02
360.40 0.00 123184 2336 0.03
366.34 0.00 115892 1820 0.02
366.34 0.00 115892 1792 0.02
364.36 0.00 115892 1892 0.02
372.00 0.00 115892 1924 0.02
