367.33 0.00 115892 1744 0.02
365.35 0.00 115892 1760 0.02
365.35 0.00 115892 1764 0.02
368.32 0.00 115892 1924 0.02
360.40 0.00 123184 2192 0.03
365.35 0.00 115892 1892 0.02
365.35 0.00 115892 1824 0.02
371.29 0.00 0 0 0.00
361.39 0.00 123184 2208 0.03
365.35 0.00 115892 1868 0.02
367.33 0.00 115892 1744 0.02
366.34 0.00 115892 1720 0.02
366.34 0.00 115892 1724 0.02
368.32 0.00 115892 1920 0.02
365.35 0.00 115892 1868 0.02
359.41 0.00 123184 2180 0.03
366.34 0.00 115892 1768 0.02
367.33 0.00 115892 1744 0.02
367.33 0.00 115892 1724 0.02
363.73 0.00 115892 1708 0.02
368.32 0.00 115892 1712 0.02
365.35 0.00 115892 1756 0.02
367.33 0.00 115892 1712 0.02
368.32 0.00 115892 1716 0.02
368.32 0.00 115892 1920 0.02
367.33 0.00 115892 1920 0.02
370.00 0.00 115892 1868 0.02
366.34 0.00 115892 1772 0.02
370.00 0.00 115892 1712 0.02
366.34 0.00 115892 1820 0.02
366.34 0.00 115892 1716 0.02
370.00 0.00 115892 1820 0.02
368.32 0.00 115892 1740 0.02
368.32 0.00 115892 1716 0.02
367.33 0.00 115892 1836 0.02
367.33 0.00 115892 1744 0.02
366.34 0.00 115892 1820 0.02
369.00 0.00 115892 1892 0.02
356.44 0.00 123184 2188 0.03
366.34 0.00 115892 1720 0.02
360.40 0.00 123184 2392 0.03
366.34 0.00 115892 1768 0.02
367.33 0.00 115892 1832 0.02
367.33 0.00 115892 1712 0.02
367.33 0.00 115892 1832 0.02
367.33 0.00 115892 1724 0.02
364.36 0.00 123184 2448 0.03
356.44 0.00 123184 2360 0.03
367.33 0.00 115892 1712 0.02
368.32 0.00 115892 1924 0.02
370.00 0.00 115892 1784 0.02
366.34 0.00 115892 1724 0.02
366.34 0.00 115892 1720 0.02
358.42 0.00 123184 2180 0.03
358.42 0.00 123184 2184 0.03
356.44 0.00 123184 2192 0.03
363.37 0.00 123184 2304 0.03
365.35 0.00 115892 1892 0.02
365.35 0.00 115892 1712 0.02
370.00 0.00 115892 1824 0.02
369.00 0.00 115892 1724 0.02
367.33 0.00 115892 1716 0.02
366.34 0.00 115892 1720 0.02
371.00 0.00 115892 1724 0.02
368.32 0.00 115892 1836 0.02
366.34 0.00 115892 1712 0.02
367.33 0.00 115892 1788 0.02
365.35 0.00 115892 1724 0.02
371.00 0.00 115892 1720 0.02
369.00 0.00 115892 1892 0.02
370.00 0.00 115892 1788 0.02
367.33 0.00 115892 1708 0.02
366.34 0.00 115892 1716 0.02
367.33 0.00 115892 1744 0.02
366.34 0.00 115892 1712 0.02
366.34 0.00 115892 1892 0.02
366.34 0.00 115892 1720 0.02
362.75 0.00 115892 1708 0.02
366.34 0.00 115892 1712 0.02
365.35 0.00 115892 1868 0.02
366.34 0.00 123184 2504 0.03
368.32 0.00 115892 1716 0.02
366.34 0.00 115892 1720 0.02
368.32 0.00 115892 1924 0.02
367.33 0.00 115892 1712 0.02
367.33 0.00 115892 1836 0.02
370.00 0.00 115892 1824 0.02
363.37 0.00 123184 2440 0.03
366.34 0.00 115892 1724 0.02
367.33 0.00 115892 1724 0.02
367.33 0.00 115892 1788 0.02
365.35 0.00 115892 1788 0.02
365.35 0.00 115892 1708 0.02
371.00 0.00 115892 1716 0.02
367.33 0.00 115892 1716 0.02
367.33 0.00 115892 1716 0.02
367.33 0.00 115892 1824 0.02
366.34 0.00 115892 1768 0.02
366.34 0.00 115892 1708 0.02
367.33 0.00 115892 1920 0.02
367.33 0.00 115892 1836 0.02
358.42 0.00 123184 2192 0.03
369.00 0.00 115892 1760 0.02
367.33 0.00 115892 1836 0.02
366.34 0.00 115892 1872 0.02
367.33 0.00 115892 1716 0.02
366.34 0.00 115892 1784 0.02
365.35 0.00 115892 1760 0.02
367.33 0.00 115892 1716 0.02
366.34 0.00 115892 1720 0.02
367.33 0.00 115892 1720 0.02
370.00 0.00 115892 1792 0.02
366.34 0.00 115892 1828 0.02
367.33 0.00 115892 1768 0.02
365.35 0.00 115892 1784 0.02
357.43 0.00 123184 2184 0.03
366.34 0.00 115892 1724 0.02
366.34 0.00 115892 1724 0.02
366.34 0.00 115892 1716 0.02
365.35 0.00 115892 1824 0.02
367.33 0.00 115892 1724 0.02
366.34 0.00 115892 1820 0.02
366.34 0.00 115892 1716 0.02
366.34 0.00 115892 1836 0.02
363.37 0.00 123184 2452 0.03
358.42 0.00 123184 2392 0.03
366.34 0.00 115892 1724 0.02
366.34 0.00 115892 1824 0.02
364.36 0.00 115892 1868 0.02
361.39 0.00 123184 2224 0.03
366.34 0.00 115892 1740 0.02
370.00 0.00 115892 1712 0.02
367.33 0.00 115892 1836 0.02
369.31 0.00 115892 1924 0.02
365.35 0.00 115892 1868 0.02
365.35 0.00 115892 1872 0.02
358.42 0.00 123184 2184 0.03
366.34 0.00 115892 1868 0.02
358.42 0.00 123184 2208 0.03
369.00 0.00 115892 1840 0.02
367.33 0.00 115892 1788 0.02
370.00 0.00 115892 1712 0.02
367.33 0.00 115892 1716 0.02
368.32 0.00 115892 1716 0.02
369.00 0.00 115892 1888 0.02
357.43 0.00 123184 2260 0.03
354.90 0.00 123184 2188 0.03
366.34 0.00 115892 1824 0.02
366.34 0.00 115892 1724 0.02
358.42 0.00 123184 2188 0.03
362.75 0.00 115892 1720 0.02
368.32 0.00 115892 1832 0.02
228.71 0.00 123184 1684 0.02
367.33 0.00 115892 1716 0.02
365.35 0.00 115892 1712 0.02
356.44 0.00 123184 2192 0.03
367.33 0.00 115892 1724 0.02
366.34 0.00 115892 1744 0.02
368.32 0.00 115892 1716 0.02
364.36 0.00 115892 1756 0.02
366.34 0.00 115892 1788 0.02
367.33 0.00 115892 1792 0.02
365.35 0.00 115892 1708 0.02
368.32 0.00 115892 1788 0.02
358.42 0.00 123184 2292 0.03
368.32 0.00 115892 1920 0.02
366.34 0.00 115892 1788 0.02
371.00 0.00 115892 1740 0.02
365.35 0.00 115892 1784 0.02
366.34 0.00 115892 1724 0.02
357.43 0.00 123184 2236 0.03
367.33 0.00 115892 1720 0.02
366.34 0.00 115892 1788 0.02
362.00 0.00 123184 2184 0.03
370.00 0.00 115892 1784 0.02
365.35 0.00 115892 1768 0.02
366.34 0.00 115892 1716 0.02
366.34 0.00 115892 1756 0.02
365.35 0.00 115892 1760 0.02
367.33 0.00 115892 1792 0.02
373.00 0.00 115892 1920 0.02
362.38 0.00 123184 2188 0.03
357.43 0.00 123184 2180 0.03
366.34 0.00 115892 1724 0.02
358.42 0.00 123184 2188 0.03
366.34 0.00 115892 1756 0.02
363.73 0.00 115892 1820 0.02
366.34 0.00 115892 1712 0.02
361.39 0.00 123184 2192 0.03
362.38 0.00 123184 2176 0.03
367.33 0.00 115892 1796 0.02
360.00 0.00 123184 2180 0.03
366.34 0.00 115892 1716 0.02
367.33 0.00 115892 1824 0.02
366.34 0.00 115892 1788 0.02
370.00 0.00 115892 1856 0.02
367.33 0.00 115892 1820 0.02
365.35 0.00 115892 1724 0.02
362.38 0.00 123184 2188 0.03
366.34 0.00 115892 1768 0.02
366.34 0.00 115892 1720 0.02
367.33 0.00 115892 1712 0.02
355.45 0.00 123184 2336 0.03
364.36 0.00 115892 1888 0.02
367.33 0.00 115892 1744 0.02
369.31 0.00 115892 1920 0.02
367.33 0.00 115892 1832 0.02
367.33 0.00 115892 1720 0.02
365.35 0.00 115892 1716 0.02
367.33 0.00 115892 1712 0.02
367.33 0.00 115892 1724 0.02
367.33 0.00 115892 1716 0.02
74.26 0.00 17364 736 0.01
370.00 0.00 115892 1716 0.02
363.73 0.00 115892 1788 0.02
367.33 0.00 115892 1820 0.02
367.33 0.00 115892 1832 0.02
356.44 0.00 123184 2336 0.03
359.41 0.00 123184 2388 0.03
362.38 0.00 123184 2188 0.03
369.31 0.00 115892 1920 0.02
361.39 0.00 123184 2240 0.03
365.35 0.00 115892 1768 0.02
367.33 0.00 115892 1720 0.02
370.30 0.00 0 0 0.00
367.33 0.00 115892 1724 0.02
368.32 0.00 115892 1836 0.02
368.32 0.00 115892 1720 0.02
367.33 0.00 115892 1720 0.02
371.00 0.00 115892 1724 0.02
363.00 0.00 123184 2360 0.03
370.00 0.00 115892 1700 0.02
368.32 0.00 115892 1740 0.02
366.34 0.00 115892 1716 0.02
370.00 0.00 115892 1788 0.02
357.43 0.00 123184 2340 0.03
370.00 0.00 115892 1708 0.02
366.34 0.00 115892 1788 0.02
366.34 0.00 115892 1712 0.02
360.40 0.00 123184 2604 0.03
370.00 0.00 115892 1724 0.02
370.00 0.00 115892 1788 0.02
370.00 0.00 115892 1792 0.02
365.35 0.00 115892 1772 0.02
367.33 0.00 115892 1716 0.02
365.35 0.00 115892 1756 0.02
363.73 0.00 115892 1792 0.02
357.43 0.00 123184 2184 0.03
370.00 0.00 115892 1716 0.02
367.33 0.00 115892 1792 0.02
366.34 0.00 115892 1720 0.02
367.33 0.00 115892 1724 0.02
356.44 0.00 123184 2224 0.03
357.43 0.00 123184 2288 0.03
364.36 0.00 115892 1888 0.02
364.36 0.00 115892 1756 0.02
366.34 0.00 115892 1708 0.02
364.36 0.00 123184 2448 0.03
366.34 0.00 115892 1788 0.02
370.00 0.00 115892 1736 0.02
366.34 0.00 115892 1888 0.02
366.34 0.00 115892 1820 0.02
365.35 0.00 115892 1732 0.02
356.44 0.00 123184 2228 0.03
360.00 0.00 123184 2288 0.03
355.88 0.00 123184 2208 0.03
360.40 0.00 123184 2256 0.03
364.36 0.00 115892 1872 0.02
371.00 0.00 115892 1720 0.02
370.00 0.00 115892 1768 0.02
366.34 0.00 115892 1720 0.02
376.00 0.00 0 0 0.00
367.33 0.00 115892 1788 0.02
366.34 0.00 115892 1832 0.02
366.34 0.00 115892 1792 0.02
366.34 0.00 115892 1716 0.02
364.36 0.00 115892 1892 0.02
358.42 0.00 123184 2260 0.03
369.31 0.00 0 0 0.00
361.39 0.00 123184 2184 0.03
257.43 0.00 123184 1924 0.02
367.33 0.00 115892 1716 0.02
366.34 0.00 115892 1740 0.02
366.34 0.00 115892 1712 0.02
366.34 0.00 115892 1740 0.02
366.34 0.00 115892 1788 0.02
363.73 0.00 115892 1820 0.02
361.39 0.00 123184 2256 0.03
366.34 0.00 115892 1712 0.02
368.32 0.00 115892 1832 0.02
365.35 0.00 115892 1772 0.02
367.33 0.00 115892 1720 0.02
366.34 0.00 115892 1708 0.02
366.34 0.00 115892 1716 0.02
365.35 0.00 115892 1788 0.02
362.38 0.00 123184 2240 0.03
362.38 0.00 123184 2452 0.03
371.00 0.00 115892 1740 0.02
365.35 0.00 115892 1888 0.02
366.34 0.00 115892 1712 0.02
365.35 0.00 115892 1720 0.02
365.35 0.00 115892 1708 0.02
367.33 0.00 115892 1832 0.02
367.33 0.00 115892 1716 0.02
365.35 0.00 115892 1720 0.02
141.58 0.00 25768 1664 0.02
367.33 0.00 115892 1744 0.02
371.00 0.00 115892 1720 0.02
372.00 0.00 115892 1924 0.02
371.00 0.00 115892 1920 0.02
366.34 0.00 115892 1760 0.02
365.35 0.00 115892 1760 0.02
366.34 0.00 115892 1756 0.02
366.34 0.00 115892 1868 0.02
367.33 0.00 115892 1716 0.02
365.35 0.00 115892 1712 0.02
358.42 0.00 123184 2184 0.03
371.00 0.00 115892 1720 0.02
366.34 0.00 115892 1832 0.02
366.34 0.00 115892 1784 0.02
367.33 0.00 115892 1836 0.02
367.33 0.00 115892 1720 0.02
367.33 0.00 115892 1836 0.02
370.00 0.00 115892 1712 0.02
366.34 0.00 115892 1708 0.02
366.34 0.00 115892 1892 0.02
365.35 0.00 115892 1716 0.02
366.34 0.00 115892 1736 0.02
361.39 0.00 123184 2620 0.03
367.33 0.00 115892 1720 0.02
367.33 0.00 115892 1712 0.02
367.33 0.00 115892 1712 0.02
367.33 0.00 115892 1740 0.02
364.36 0.00 115892 1760 0.02
366.34 0.00 115892 1724 0.02
371.00 0.00 115892 1716 0.02
370.00 0.00 115892 1716 0.02
366.34 0.00 115892 1868 0.02
366.34 0.00 115892 1768 0.02
367.33 0.00 115892 1772 0.02
366.34 0.00 115892 1872 0.02
366.34 0.00 115892 1824 0.02
368.00 0.00 115892 1872 0.02
366.34 0.00 115892 1836 0.02
366.34 0.00 115892 1716 0.02
