364.36 0.00 115892 1868 0.02
356.44 0.00 123184 2192 0.03
362.00 0.00 123184 2340 0.03
361.76 0.00 115892 1744 0.02
363.37 0.00 115892 1888 0.02
369.00 0.00 115892 1788 0.02
170.30 0.00 119408 1660 0.02
358.42 0.00 123184 2176 0.03
169.00 0.00 50356 1656 0.02
364.36 0.00 115892 1760 0.02
365.35 0.00 115892 1716 0.02
137.62 0.00 25768 1816 0.02
101.96 0.00 17376 752 0.01
356.44 0.00 123184 2260 0.03
365.35 0.00 115892 1892 0.02
364.36 0.00 115892 1720 0.02
366.34 0.00 115892 1836 0.02
356.44 0.00 123184 2184 0.03
188.12 0.00 123184 1652 0.02
365.35 0.00 115892 1872 0.02
364.36 0.00 115892 1768 0.02
365.35 0.00 115892 1784 0.02
360.40 0.00 123184 2500 0.03
354.46 0.00 123184 2360 0.03
365.35 0.00 115892 1872 0.02
365.35 0.00 115892 1824 0.02
362.38 0.00 123184 2304 0.03
107.92 0.00 17380 748 0.01
137.62 0.00 25768 1700 0.02
356.44 0.00 123184 2256 0.03
352.94 0.00 123184 2288 0.03
370.00 0.00 115892 1740 0.02
367.33 0.00 115892 1788 0.02
367.33 0.00 115892 1920 0.02
362.75 0.00 115892 1720 0.02
353.92 0.00 123184 2212 0.03
138.61 0.00 25768 1836 0.02
365.35 0.00 115892 1716 0.02
364.36 0.00 115892 1788 0.02
365.35 0.00 115892 1724 0.02
365.35 0.00 115892 1760 0.02
365.35 0.00 115892 1724 0.02
368.32 0.00 0 0 0.00
287.13 0.00 123184 1992 0.02
366.34 0.00 115892 1716 0.02
371.00 0.00 115892 1836 0.02
364.36 0.00 115892 1788 0.02
365.35 0.00 115892 1820 0.02
357.43 0.00 123184 2304 0.03
356.44 0.00 123184 2176 0.03
145.54 0.00 50356 1664 0.02
360.40 0.00 123184 2288 0.03
368.00 0.00 115892 1724 0.02
364.36 0.00 115892 1756 0.02
359.41 0.00 123184 2236 0.03
370.30 0.00 0 0 0.00
360.78 0.00 115892 1788 0.02
365.35 0.00 115892 1788 0.02
364.36 0.00 115892 1712 0.02
352.48 0.00 123184 2180 0.03
90.10 0.00 17376 748 0.01
138.61 0.00 25768 1780 0.02
364.36 0.00 115892 1788 0.02
367.33 0.00 115892 1744 0.02
365.35 0.00 115892 1768 0.02
290.10 0.00 123184 1912 0.02
355.45 0.00 123184 2188 0.03
368.32 0.00 0 0 0.00
367.33 0.00 115892 1924 0.02
364.36 0.00 115892 1756 0.02
366.67 0.00 0 0 0.00
181.37 0.00 123184 1776 0.02
146.53 0.00 50356 1780 0.02
355.45 0.00 123184 2292 0.03
366.34 0.00 115892 1836 0.02
181.19 0.00 123184 1652 0.02
366.34 0.00 115892 1720 0.02
364.36 0.00 115892 1788 0.02
72.28 0.00 17360 704 0.01
139.60 0.00 25768 1664 0.02
358.42 0.00 123184 2184 0.03
355.45 0.00 123184 2360 0.03
366.34 0.00 115892 1792 0.02
366.34 0.00 115892 1740 0.02
365.35 0.00 115892 1772 0.02
352.94 0.00 123184 2188 0.03
256.44 0.00 123184 1992 0.02
358.42 0.00 123184 2212 0.03
365.35 0.00 115892 1720 0.02
357.43 0.00 123184 2192 0.03
356.44 0.00 123184 2192 0.03
163.73 0.00 50356 1656 0.02
368.32 0.00 0 0 0.00
356.44 0.00 123184 2240 0.03
359.41 0.00 123184 2360 0.03
366.34 0.00 115892 1784 0.02
365.35 0.00 115892 1768 0.02
364.36 0.00 115892 1892 0.02
364.36 0.00 115892 1760 0.02
351.96 0.00 123184 2336 0.03
361.39 0.00 123184 2184 0.03
367.33 0.00 115892 1744 0.02
365.35 0.00 115892 1716 0.02
365.35 0.00 115892 1824 0.02
364.36 0.00 115892 1892 0.02
357.43 0.00 123184 2176 0.03
145.54 0.00 50356 1764 0.02
366.34 0.00 115892 1708 0.02
369.00 0.00 115892 1712 0.02
366.34 0.00 115892 1712 0.02
137.25 0.00 25768 1716 0.02
355.45 0.00 123184 2360 0.03
356.44 0.00 123184 2292 0.03
366.34 0.00 115892 1788 0.02
366.34 0.00 115892 1824 0.02
366.34 0.00 115892 1724 0.02
137.62 0.00 25768 1812 0.02
82.00 0.00 17376 760 0.01
355.45 0.00 123184 2360 0.03
357.43 0.00 123184 2188 0.03
365.35 0.00 115892 1712 0.02
363.37 0.00 115892 1756 0.02
366.34 0.00 115892 1716 0.02
365.35 0.00 115892 1708 0.02
357.43 0.00 123184 2300 0.03
367.33 0.00 115892 1716 0.02
358.42 0.00 123184 2392 0.03
364.36 0.00 115892 1868 0.02
365.35 0.00 115892 1772 0.02
106.93 0.00 17376 752 0.01
365.35 0.00 115892 1724 0.02
357.43 0.00 123184 2240 0.03
365.35 0.00 115892 1772 0.02
366.34 0.00 115892 1836 0.02
365.35 0.00 115892 1716 0.02
367.33 0.00 115892 1748 0.02
139.60 0.00 25768 1664 0.02
355.45 0.00 123184 2188 0.03
368.32 0.00 115892 1924 0.02
359.41 0.00 123184 2340 0.03
356.44 0.00 123184 2236 0.03
356.44 0.00 123184 2156 0.03
356.44 0.00 123184 2300 0.03
291.00 0.00 123184 2096 0.03
356.44 0.00 123184 2340 0.03
366.34 0.00 115892 1724 0.02
365.35 0.00 115892 1716 0.02
365.35 0.00 115892 1720 0.02
355.45 0.00 123184 2192 0.03
138.61 0.00 25768 1836 0.02
288.12 0.00 123184 2024 0.02
364.36 0.00 115892 1868 0.02
352.94 0.00 123184 2184 0.03
133.66 0.00 17572 1684 0.02
355.45 0.00 123184 2292 0.03
353.92 0.00 123184 2240 0.03
364.36 0.00 115892 1760 0.02
355.45 0.00 123184 2224 0.03
186.14 0.00 123184 1764 0.02
357.43 0.00 123184 2292 0.03
367.33 0.00 115892 1716 0.02
138.61 0.00 25768 1764 0.02
355.45 0.00 123184 2240 0.03
357.43 0.00 123184 2184 0.03
355.45 0.00 123184 2228 0.03
356.44 0.00 123184 2256 0.03
364.36 0.00 115892 1872 0.02
365.35 0.00 115892 1712 0.02
359.41 0.00 123184 2192 0.03
287.13 0.00 123184 2028 0.02
361.39 0.00 123184 2304 0.03
365.35 0.00 115892 1784 0.02
361.00 0.00 123184 2188 0.03
355.45 0.00 123184 2236 0.03
353.92 0.00 123184 2188 0.03
368.32 0.00 0 0 0.00
355.45 0.00 123184 2228 0.03
370.00 0.00 116152 1980 0.02
364.36 0.00 115892 1824 0.02
362.38 0.00 123184 2188 0.03
366.34 0.00 115892 1724 0.02
101.98 0.00 17376 744 0.01
357.43 0.00 123184 2184 0.03
356.44 0.00 123184 2288 0.03
365.35 0.00 115892 1892 0.02
358.42 0.00 123184 2220 0.03
138.24 0.00 25768 1780 0.02
368.32 0.00 115892 1920 0.02
367.33 0.00 115892 1728 0.02
366.34 0.00 115892 1740 0.02
365.35 0.00 115892 1788 0.02
354.46 0.00 123184 2228 0.03
356.44 0.00 123184 2240 0.03
364.36 0.00 115892 1768 0.02
361.39 0.00 123184 2184 0.03
365.35 0.00 115892 1792 0.02
365.35 0.00 115892 1768 0.02
365.35 0.00 115892 1724 0.02
104.95 0.00 17376 748 0.01
360.00 0.00 123184 2180 0.03
366.34 0.00 115892 1720 0.02
365.35 0.00 115892 1720 0.02
364.36 0.00 115892 1888 0.02
363.37 0.00 115892 1840 0.02
365.35 0.00 115892 1760 0.02
368.32 0.00 115892 1716 0.02
365.35 0.00 115892 1820 0.02
357.84 0.00 123184 2208 0.03
365.35 0.00 115892 1740 0.02
357.43 0.00 123184 2192 0.03
361.76 0.00 115892 1724 0.02
360.40 0.00 123184 2192 0.03
235.64 0.00 123184 1928 0.02
355.45 0.00 123184 2180 0.03
360.40 0.00 123184 2600 0.03
365.35 0.00 115892 1824 0.02
365.35 0.00 115892 1724 0.02
359.41 0.00 123184 2176 0.03
68.63 0.00 14252 612 0.01
357.43 0.00 123184 2180 0.03
359.41 0.00 123184 2392 0.03
369.31 0.00 0 0 0.00
366.34 0.00 115892 1712 0.02
355.45 0.00 123184 2292 0.03
366.34 0.00 115892 1744 0.02
365.35 0.00 123184 2240 0.03
358.42 0.00 123184 2388 0.03
361.39 0.00 123184 2256 0.03
360.78 0.00 115892 1760 0.02
368.32 0.00 115892 1868 0.02
368.32 0.00 0 0 0.00
368.32 0.00 0 0 0.00
361.39 0.00 123184 2180 0.03
366.34 0.00 115892 1712 0.02
365.35 0.00 115892 1744 0.02
366.34 0.00 115892 1772 0.02
181.19 0.00 123184 1728 0.02
181.19 0.00 123184 1804 0.02
364.36 0.00 115892 1724 0.02
363.73 0.00 115892 1716 0.02
364.36 0.00 115892 1824 0.02
365.35 0.00 115892 1756 0.02
366.34 0.00 115892 1772 0.02
81.19 0.00 17376 760 0.01
364.36 0.00 115892 1792 0.02
365.35 0.00 115892 1724 0.02
357.43 0.00 123184 2188 0.03
85.15 0.00 17376 752 0.01
360.78 0.00 123184 2604 0.03
367.33 0.00 115892 1920 0.02
358.42 0.00 123184 2208 0.03
365.35 0.00 115892 1892 0.02
366.67 0.00 0 0 0.00
369.31 0.00 0 0 0.00
269.31 0.00 123184 1912 0.02
363.00 0.00 123184 2392 0.03
354.90 0.00 123184 2336 0.03
355.45 0.00 123184 2224 0.03
366.34 0.00 115892 1824 0.02
369.31 0.00 115892 1868 0.02
366.34 0.00 115892 1716 0.02
360.40 0.00 123184 2360 0.03
72.28 0.00 17360 756 0.01
369.00 0.00 115892 1788 0.02
366.34 0.00 115892 1792 0.02
365.35 0.00 115892 1888 0.02
355.45 0.00 123184 2356 0.03
355.45 0.00 123184 2204 0.03
365.35 0.00 115892 1820 0.02
361.76 0.00 115892 1788 0.02
369.00 0.00 115892 1720 0.02
357.43 0.00 123184 2188 0.03
357.43 0.00 123184 2180 0.03
367.33 0.00 115892 1744 0.02
371.00 0.00 115892 1920 0.02
360.78 0.00 115892 1784 0.02
136.27 0.00 25768 1836 0.02
186.14 0.00 123184 1684 0.02
360.00 0.00 123184 2188 0.03
361.39 0.00 123184 2184 0.03
357.43 0.00 123184 2184 0.03
103.96 0.00 17376 736 0.01
358.42 0.00 123184 2176 0.03
365.35 0.00 115892 1700 0.02
365.35 0.00 115892 1712 0.02
358.42 0.00 123184 2224 0.03
365.35 0.00 115892 1788 0.02
365.35 0.00 115892 1712 0.02
355.45 0.00 123184 2224 0.03
168.32 0.00 115892 1664 0.02
138.61 0.00 25768 1660 0.02
356.44 0.00 123184 2188 0.03
360.78 0.00 115892 1820 0.02
352.48 0.00 123184 2240 0.03
366.34 0.00 115892 1724 0.02
126.73 0.00 17572 1704 0.02
187.13 0.00 123184 1736 0.02
365.35 0.00 115892 1712 0.02
365.35 0.00 115892 1772 0.02
365.35 0.00 115892 1720 0.02
351.96 0.00 123184 2184 0.03
297.00 0.00 123184 2124 0.03
364.36 0.00 115892 1760 0.02
356.44 0.00 123184 2184 0.03
356.44 0.00 123184 2292 0.03
288.12 0.00 123184 1928 0.02
361.76 0.00 115892 1716 0.02
357.43 0.00 123184 2192 0.03
369.00 0.00 115892 1868 0.02
365.35 0.00 115892 1756 0.02
356.44 0.00 123184 2176 0.03
359.41 0.00 123184 2340 0.03
356.44 0.00 123184 2240 0.03
360.40 0.00 123184 2240 0.03
365.35 0.00 115892 1772 0.02
363.37 0.00 115892 1888 0.02
367.33 0.00 115892 1824 0.02
137.62 0.00 25768 1816 0.02
361.76 0.00 115892 1888 0.02
365.35 0.00 115892 1820 0.02
363.37 0.00 123184 2448 0.03
359.00 0.00 123184 2236 0.03
357.43 0.00 123184 2292 0.03
356.44 0.00 123184 2292 0.03
370.30 0.00 0 0 0.00
357.43 0.00 123184 2392 0.03
362.75 0.00 115892 1716 0.02
367.33 0.00 115892 1712 0.02
367.33 0.00 115892 1720 0.02
365.35 0.00 115892 1788 0.02
356.44 0.00 123184 2240 0.03
68.32 0.00 14252 616 0.01
356.44 0.00 123184 2360 0.03
366.34 0.00 115892 1716 0.02
356.44 0.00 123184 2184 0.03
365.35 0.00 115892 1780 0.02
138.61 0.00 25768 1660 0.02
183.17 0.00 123184 1656 0.02
360.00 0.00 123184 2180 0.03
365.35 0.00 115892 1712 0.02
365.35 0.00 115892 1768 0.02
96.08 0.00 17376 704 0.01
352.94 0.00 123184 2288 0.03
370.30 0.00 0 0 0.00
368.32 0.00 115892 1740 0.02
372.00 0.00 115892 1924 0.02
366.34 0.00 115892 1720 0.02
139.60 0.00 25768 1764 0.02
139.60 0.00 25768 1664 0.02
282.18 0.00 123184 1992 0.02
355.45 0.00 123184 2188 0.03
366.34 0.00 115892 1712 0.02
369.00 0.00 115892 1708 0.02
366.34 0.00 115892 1712 0.02
103.96 0.00 17376 672 0.01
354.46 0.00 123184 2336 0.03
358.42 0.00 123184 2184 0.03
362.75 0.00 115892 1832 0.02
364.36 0.00 115892 1712 0.02
367.33 0.00 115892 1740 0.02
364.36 0.00 115892 1760 0.02
370.30 0.00 0 0 0.00
138.61 0.00 25768 1736 0.02
263.73 0.00 123184 1996 0.02
370.00 0.00 115892 1772 0.02
366.34 0.00 115892 1740 0.02
364.36 0.00 115892 1824 0.02
55.45 0.00 4640 280 0.00
355.45 0.00 123184 2180 0.03
72.28 0.00 17364 704 0.01
356.44 0.00 123184 2160 0.03
361.39 0.00 123184 2456 0.03
364.36 0.00 115892 1872 0.02
366.34 0.00 115892 1716 0.02
366.34 0.00 115892 1788 0.02
139.60 0.00 25768 1668 0.02
369.31 0.00 0 0 0.00
367.33 0.00 115892 1720 0.02
365.35 0.00 115892 1720 0.02
364.36 0.00 115892 1872 0.02
352.94 0.00 123184 2224 0.03
366.34 0.00 115892 1712 0.02
68.32 0.00 14252 588 0.01
356.44 0.00 123184 2228 0.03
360.40 0.00 123184 2240 0.03
364.00 0.00 123184 2600 0.03
365.35 0.00 115892 1768 0.02
368.32 0.00 0 0 0.00
365.35 0.00 115892 1784 0.02
357.43 0.00 123184 2236 0.03
366.34 0.00 115892 1788 0.02
365.35 0.00 115892 1892 0.02
366.34 0.00 115892 1744 0.02
355.45 0.00 123184 2192 0.03
357.84 0.00 123184 2188 0.03
355.45 0.00 123184 2260 0.03
361.76 0.00 115892 1768 0.02
364.36 0.00 115892 1716 0.02
361.76 0.00 115892 1768 0.02
365.35 0.00 115892 1872 0.02
186.14 0.00 123184 1616 0.02
355.45 0.00 123184 2188 0.03
365.35 0.00 115892 1768 0.02
359.41 0.00 123184 2240 0.03
368.32 0.00 115892 1868 0.02
365.35 0.00 115892 1716 0.02
140.59 0.00 25768 1684 0.02
138.61 0.00 25768 1664 0.02
364.36 0.00 115892 1888 0.02
367.33 0.00 115892 1712 0.02
364.36 0.00 115892 1892 0.02
288.12 0.00 123184 1924 0.02
353.92 0.00 123184 2184 0.03
140.59 0.00 25768 1688 0.02
365.35 0.00 115892 1716 0.02
365.35 0.00 115892 1724 0.02
365.35 0.00 115892 1712 0.02
360.40 0.00 123184 2492 0.03
139.60 0.00 25768 1656 0.02
357.43 0.00 123184 2180 0.03
364.36 0.00 115892 1888 0.02
366.34 0.00 115892 1720 0.02
363.00 0.00 123184 2240 0.03
362.38 0.00 123184 2452 0.03
364.36 0.00 115892 1888 0.02
367.33 0.00 115892 1924 0.02
365.35 0.00 115892 1720 0.02
356.44 0.00 123184 2180 0.03
359.41 0.00 123184 2360 0.03
363.73 0.00 115892 1740 0.02
365.35 0.00 115892 1788 0.02
364.36 0.00 115892 1824 0.02
137.62 0.00 25768 1656 0.02
139.60 0.00 25768 1656 0.02
365.35 0.00 115892 1772 0.02
360.78 0.00 115892 1760 0.02
364.36 0.00 115892 1872 0.02
356.44 0.00 123184 2260 0.03
368.32 0.00 115892 1920 0.02
370.00 0.00 115892 1716 0.02
365.35 0.00 115892 1784 0.02
367.33 0.00 115892 1836 0.02
365.35 0.00 115892 1724 0.02
355.45 0.00 123184 2192 0.03
357.43 0.00 123184 2288 0.03
357.43 0.00 123184 2304 0.03
356.44 0.00 123184 2188 0.03
138.24 0.00 25768 1684 0.02
356.86 0.00 123184 2456 0.03
367.33 0.00 0 0 0.00
360.00 0.00 123184 2176 0.03
365.35 0.00 115892 1720 0.02
365.35 0.00 115892 1772 0.02
366.34 0.00 115892 1720 0.02
366.34 0.00 115892 1724 0.02
355.45 0.00 123184 2336 0.03
360.40 0.00 123184 2288 0.03
365.35 0.00 115892 1724 0.02
366.34 0.00 115892 1924 0.02
366.34 0.00 115892 1788 0.02
77.45 0.00 17376 704 0.01
356.44 0.00 123184 2236 0.03
366.34 0.00 115892 1740 0.02
356.44 0.00 123184 2192 0.03
138.00 0.00 25768 1836 0.02
356.44 0.00 123184 2236 0.03
356.44 0.00 123184 2256 0.03
368.00 0.00 115892 1756 0.02
367.33 0.00 115892 1920 0.02
365.35 0.00 115892 1716 0.02
365.35 0.00 115892 1892 0.02
367.33 0.00 115892 1920 0.02
356.44 0.00 123184 2240 0.03
356.44 0.00 123184 2188 0.03
368.00 0.00 115892 1892 0.02
360.40 0.00 123184 2260 0.03
355.45 0.00 123184 2336 0.03
355.45 0.00 123184 2180 0.03
102.94 0.00 17376 728 0.01
356.44 0.00 123184 2188 0.03
358.42 0.00 123184 2388 0.03
360.40 0.00 123184 2236 0.03
366.34 0.00 115892 1744 0.02
369.31 0.00 0 0 0.00
139.60 0.00 25768 1660 0.02
355.45 0.00 123184 2336 0.03
357.43 0.00 123184 2304 0.03
364.36 0.00 115892 1712 0.02
59.41 0.00 8232 364 0.00
137.62 0.00 25768 1816 0.02
139.60 0.00 25768 1868 0.02
366.00 0.00 123184 2472 0.03
365.35 0.00 115892 1872 0.02
360.40 0.00 123184 2600 0.03
138.61 0.00 25768 1652 0.02
353.92 0.00 123184 2288 0.03
371.00 0.00 115892 1748 0.02
191.09 0.00 123184 1852 0.02
364.36 0.00 115892 1760 0.02
366.34 0.00 115892 1712 0.02
367.33 0.00 115892 1740 0.02
355.45 0.00 123184 2360 0.03
106.86 0.00 17376 752 0.01
366.34 0.00 115892 1784 0.02
355.88 0.00 123184 2336 0.03
351.96 0.00 123184 2224 0.03
182.18 0.00 123184 1684 0.02
186.14 0.00 123184 1656 0.02
356.44 0.00 123184 2236 0.03
365.35 0.00 115892 1724 0.02
356.44 0.00 123184 2176 0.03
143.56 0.00 42160 1736 0.02
104.95 0.00 17376 704 0.01
360.40 0.00 123184 2192 0.03
356.44 0.00 123184 2336 0.03
366.34 0.00 115892 1868 0.02
364.36 0.00 115892 1760 0.02
357.43 0.00 123184 2188 0.03
353.92 0.00 123184 2288 0.03
355.45 0.00 123184 2360 0.03
139.60 0.00 25768 1636 0.02
356.44 0.00 123184 2188 0.03
364.36 0.00 115892 1708 0.02
365.35 0.00 115892 1724 0.02
371.29 0.00 0 0 0.00
362.38 0.00 123184 2472 0.03
134.65 0.00 17572 1864 0.02
361.76 0.00 115892 1768 0.02
355.45 0.00 123184 2224 0.03
356.44 0.00 123184 2208 0.03
45.54 0.00 352 4 0.00
361.39 0.00 123184 2240 0.03
365.35 0.00 115892 1768 0.02
366.34 0.00 115892 1836 0.02
361.39 0.00 123184 2372 0.03
370.00 0.00 115892 1832 0.02
368.32 0.00 115892 1948 0.02
139.60 0.00 25768 1660 0.02
360.40 0.00 123184 2452 0.03
365.35 0.00 115892 1768 0.02
365.35 0.00 115892 1820 0.02
352.94 0.00 123184 2252 0.03
356.44 0.00 123184 2240 0.03
365.35 0.00 115892 1836 0.02
366.34 0.00 115892 1836 0.02
365.35 0.00 115892 1712 0.02
103.96 0.00 17376 748 0.01
361.39 0.00 123184 2188 0.03
361.00 0.00 123184 2252 0.03
364.36 0.00 115892 1888 0.02
364.36 0.00 115892 1716 0.02
364.36 0.00 115892 1756 0.02
140.59 0.00 25768 1864 0.02
106.93 0.00 17376 708 0.01
358.42 0.00 123184 2212 0.03
367.33 0.00 115892 1744 0.02
