139.60 0.00 25768 1656 0.02
357.43 0.00 123184 2304 0.03
133.33 0.00 17572 1656 0.02
345.10 0.00 123184 2236 0.03
190.00 0.00 123184 1864 0.02
353.92 0.00 123184 2260 0.03
363.37 0.00 123184 2652 0.03
361.00 0.00 123184 2208 0.03
361.76 0.00 115892 1724 0.02
355.88 0.00 123184 2356 0.03
365.35 0.00 115892 1716 0.02
352.94 0.00 123184 2260 0.03
188.12 0.00 123184 1660 0.02
352.94 0.00 123184 2288 0.03
371.29 0.00 0 0 0.00
137.62 0.00 25768 1700 0.02
356.44 0.00 123184 2176 0.03
369.31 0.00 0 0 0.00
187.25 0.00 123184 1732 0.02
351.96 0.00 123184 2188 0.03
366.67 0.00 0 0 0.00
360.78 0.00 115892 1860 0.02
288.12 0.00 123184 1996 0.02
365.35 0.00 115892 1824 0.02
355.45 0.00 123184 2228 0.03
100.00 0.00 17376 708 0.01
360.40 0.00 123184 2192 0.03
366.34 0.00 115892 1744 0.02
360.00 0.00 123184 2260 0.03
356.44 0.00 123184 2300 0.03
357.43 0.00 123184 2388 0.03
363.73 0.00 115892 1920 0.02
355.45 0.00 123184 2336 0.03
288.12 0.00 123184 1916 0.02
357.43 0.00 123184 2188 0.03
364.36 0.00 115892 1756 0.02
357.43 0.00 123184 2252 0.03
371.29 0.00 0 0 0.00
357.84 0.00 123184 2304 0.03
355.45 0.00 123184 2236 0.03
353.92 0.00 123184 2180 0.03
366.34 0.00 115892 1716 0.02
165.35 0.00 50356 1836 0.02
139.60 0.00 25768 1868 0.02
356.44 0.00 123184 2292 0.03
266.34 0.00 123184 2028 0.02
135.64 0.00 17572 1660 0.02
370.00 0.00 115892 1920 0.02
103.96 0.00 17376 764 0.01
366.34 0.00 115892 1712 0.02
355.45 0.00 123184 2176 0.03
358.42 0.00 123184 2388 0.03
355.45 0.00 123184 2336 0.03
358.42 0.00 123184 2392 0.03
369.31 0.00 0 0 0.00
360.00 0.00 123184 2260 0.03
357.43 0.00 123184 2296 0.03
357.43 0.00 123184 2184 0.03
356.44 0.00 123184 2208 0.03
364.36 0.00 115892 1756 0.02
134.65 0.00 17572 1664 0.02
284.16 0.00 123184 2028 0.02
356.44 0.00 123184 2188 0.03
359.41 0.00 123184 2340 0.03
139.60 0.00 25768 1664 0.02
356.44 0.00 123184 2292 0.03
357.43 0.00 123184 2240 0.03
353.92 0.00 123184 2180 0.03
358.42 0.00 123184 2300 0.03
356.44 0.00 123184 2256 0.03
358.42 0.00 123184 2212 0.03
356.44 0.00 123184 2240 0.03
105.94 0.00 17380 708 0.01
365.00 0.00 123184 2184 0.03
355.45 0.00 123184 2360 0.03
138.61 0.00 25768 1764 0.02
354.46 0.00 123184 2240 0.03
355.45 0.00 123184 2224 0.03
139.60 0.00 25768 1656 0.02
132.67 0.00 17572 1736 0.02
361.39 0.00 123184 2292 0.03
355.45 0.00 123184 2224 0.03
364.71 0.00 115892 1716 0.02
352.94 0.00 123184 2224 0.03
366.34 0.00 123184 2216 0.03
356.44 0.00 123184 2236 0.03
255.88 0.00 123184 1960 0.02
366.34 0.00 115892 1820 0.02
361.39 0.00 123184 2184 0.03
137.62 0.00 25768 1816 0.02
368.32 0.00 0 0 0.00
358.42 0.00 123184 2188 0.03
356.44 0.00 123184 2188 0.03
361.76 0.00 115892 1788 0.02
365.35 0.00 115892 1724 0.02
355.45 0.00 123184 2228 0.03
132.67 0.00 17572 1716 0.02
361.39 0.00 123184 2500 0.03
355.45 0.00 123184 2224 0.03
361.39 0.00 123184 2304 0.03
361.00 0.00 123184 2304 0.03
355.45 0.00 123184 2224 0.03
355.45 0.00 123184 2340 0.03
355.88 0.00 123184 2392 0.03
357.43 0.00 123184 2288 0.03
370.30 0.00 0 0 0.00
358.42 0.00 123184 2304 0.03
370.30 0.00 0 0 0.00
368.32 0.00 115892 1744 0.02
358.42 0.00 123184 2180 0.03
367.33 0.00 115892 1712 0.02
364.36 0.00 115892 1888 0.02
364.36 0.00 115892 1724 0.02
138.61 0.00 25768 1716 0.02
356.44 0.00 123184 2260 0.03
355.45 0.00 123184 2288 0.03
366.34 0.00 115892 1832 0.02
365.35 0.00 115892 1892 0.02
366.34 0.00 115892 1744 0.02
356.44 0.00 123184 2180 0.03
165.35 0.00 50356 1700 0.02
360.40 0.00 123184 2192 0.03
366.34 0.00 115892 1832 0.02
356.44 0.00 123184 2228 0.03
370.30 0.00 0 0 0.00
101.98 0.00 17376 760 0.01
356.44 0.00 123184 2260 0.03
356.44 0.00 123184 2256 0.03
362.75 0.00 119668 2240 0.03
218.81 0.00 123184 1716 0.02
365.35 0.00 115892 1708 0.02
353.92 0.00 123184 2192 0.03
139.60 0.00 25768 1664 0.02
366.34 0.00 123184 2196 0.03
355.45 0.00 123184 2168 0.03
364.36 0.00 115892 1888 0.02
167.00 0.00 50356 1768 0.02
184.16 0.00 123184 1776 0.02
357.43 0.00 123184 2180 0.03
359.41 0.00 123184 2228 0.03
365.35 0.00 115892 1788 0.02
364.36 0.00 115892 1824 0.02
139.00 0.00 25768 1832 0.02
356.44 0.00 123184 2340 0.03
140.59 0.00 25768 1664 0.02
360.00 0.00 123184 2188 0.03
358.42 0.00 123184 2392 0.03
134.65 0.00 17572 1660 0.02
355.45 0.00 123184 2228 0.03
355.45 0.00 123184 2356 0.03
366.34 0.00 115892 1832 0.02
355.45 0.00 123184 2224 0.03
363.37 0.00 115892 1760 0.02
358.42 0.00 123184 2336 0.03
357.43 0.00 123184 2188 0.03
356.44 0.00 123184 2164 0.03
352.94 0.00 123184 2292 0.03
348.51 0.00 123184 2292 0.03
366.34 0.00 116152 1744 0.02
361.00 0.00 123184 2184 0.03
357.43 0.00 123184 2188 0.03
104.95 0.00 17376 744 0.01
358.42 0.00 123184 2388 0.03
191.09 0.00 123184 1704 0.02
367.33 0.00 115892 1908 0.02
360.40 0.00 123184 2180 0.03
359.41 0.00 123184 2228 0.03
357.43 0.00 123184 2184 0.03
359.80 0.00 115892 1760 0.02
365.35 0.00 115892 1772 0.02
168.32 0.00 119408 1684 0.02
357.43 0.00 123184 2288 0.03
357.43 0.00 123184 2300 0.03
362.38 0.00 123184 2604 0.03
357.43 0.00 123184 2208 0.03
355.45 0.00 123184 2176 0.03
365.35 0.00 115892 1784 0.02
358.42 0.00 123184 2304 0.03
81.19 0.00 17376 760 0.01
356.44 0.00 123184 2192 0.03
108.82 0.00 17380 760 0.01
103.96 0.00 17376 764 0.01
361.00 0.00 123184 2180 0.03
356.44 0.00 123184 2340 0.03
366.34 0.00 115892 1724 0.02
351.96 0.00 123184 2336 0.03
166.34 0.00 50356 1664 0.02
357.43 0.00 123184 2264 0.03
356.44 0.00 123184 2296 0.03
352.94 0.00 123184 2336 0.03
368.32 0.00 0 0 0.00
262.38 0.00 123184 2124 0.03
366.00 0.00 123184 2388 0.03
363.37 0.00 115892 1892 0.02
366.34 0.00 115892 1684 0.02
262.38 0.00 123184 2092 0.03
359.00 0.00 123184 2340 0.03
100.98 0.00 17376 740 0.01
364.36 0.00 115892 1888 0.02
359.41 0.00 123184 2240 0.03
357.43 0.00 123184 2184 0.03
358.42 0.00 123184 2300 0.03
365.35 0.00 115892 1784 0.02
357.43 0.00 123184 2300 0.03
359.41 0.00 123184 2256 0.03
356.44 0.00 123184 2236 0.03
366.34 0.00 123184 2440 0.03
357.43 0.00 123184 2236 0.03
356.44 0.00 123184 2164 0.03
366.34 0.00 116152 2092 0.03
266.34 0.00 123184 2096 0.03
368.32 0.00 0 0 0.00
370.30 0.00 0 0 0.00
356.44 0.00 123184 2360 0.03
356.44 0.00 123184 2260 0.03
356.44 0.00 123184 2260 0.03
357.43 0.00 123184 2188 0.03
366.34 0.00 115892 1680 0.02
366.34 0.00 115892 1784 0.02
357.43 0.00 123184 2212 0.03
356.44 0.00 123184 2204 0.03
165.35 0.00 50356 1688 0.02
356.44 0.00 123184 2288 0.03
365.35 0.00 115892 1768 0.02
369.00 0.00 115892 1708 0.02
369.31 0.00 0 0 0.00
365.35 0.00 115892 1824 0.02
183.17 0.00 123184 1656 0.02
367.33 0.00 115892 1748 0.02
183.33 0.00 123184 1716 0.02
353.92 0.00 123184 2236 0.03
133.66 0.00 17572 1664 0.02
365.35 0.00 115892 1824 0.02
100.00 0.00 17376 752 0.01
358.42 0.00 123184 2212 0.03
357.43 0.00 123184 2256 0.03
137.62 0.00 25768 1656 0.02
139.60 0.00 25768 1664 0.02
365.35 0.00 115892 1716 0.02
165.35 0.00 50356 1684 0.02
103.96 0.00 17376 732 0.01
358.42 0.00 123184 2388 0.03
258.42 0.00 123184 2124 0.03
357.84 0.00 123184 2184 0.03
357.43 0.00 123184 2240 0.03
355.45 0.00 123184 2360 0.03
287.13 0.00 123184 2092 0.03
355.45 0.00 123184 2160 0.03
356.44 0.00 123184 2192 0.03
136.27 0.00 25768 1668 0.02
139.60 0.00 25768 1776 0.02
359.41 0.00 123184 2356 0.03
356.44 0.00 123184 2336 0.03
263.37 0.00 123184 1884 0.02
356.44 0.00 123184 2184 0.03
357.43 0.00 123184 2300 0.03
357.43 0.00 123184 2188 0.03
356.44 0.00 123184 2156 0.03
357.43 0.00 123184 2256 0.03
356.44 0.00 123184 2224 0.03
357.43 0.00 123184 2152 0.03
165.35 0.00 50356 1836 0.02
163.37 0.00 50356 1704 0.02
138.61 0.00 25768 1664 0.02
356.44 0.00 123184 2188 0.03
357.43 0.00 123184 2212 0.03
365.35 0.00 115892 1788 0.02
356.44 0.00 123184 2340 0.03
368.32 0.00 0 0 0.00
355.88 0.00 123184 2224 0.03
364.36 0.00 115892 1756 0.02
365.35 0.00 115892 1720 0.02
356.44 0.00 123184 2236 0.03
356.44 0.00 123184 2188 0.03
363.73 0.00 115892 1716 0.02
366.34 0.00 115892 1768 0.02
356.44 0.00 123184 2208 0.03
104.95 0.00 17376 744 0.01
370.00 0.00 115892 1692 0.02
359.41 0.00 123184 2192 0.03
364.36 0.00 123184 2440 0.03
355.45 0.00 123184 2256 0.03
363.00 0.00 123184 2336 0.03
139.60 0.00 25768 1736 0.02
366.34 0.00 115892 1716 0.02
358.42 0.00 123184 2360 0.03
367.33 0.00 115892 1744 0.02
269.31 0.00 123184 1964 0.02
138.61 0.00 25768 1660 0.02
356.44 0.00 123184 2336 0.03
286.14 0.00 123184 2092 0.03
352.94 0.00 123184 2188 0.03
371.00 0.00 0 0 0.00
355.45 0.00 123184 2356 0.03
357.43 0.00 123184 2300 0.03
363.00 0.00 123184 2308 0.03
365.35 0.00 115892 1792 0.02
367.33 0.00 115892 1744 0.02
360.40 0.00 123184 2600 0.03
355.45 0.00 123184 2176 0.03
366.34 0.00 115892 1836 0.02
137.62 0.00 25768 1664 0.02
356.44 0.00 123184 2180 0.03
357.43 0.00 123184 2188 0.03
365.00 0.00 123184 2212 0.03
357.43 0.00 123184 2188 0.03
359.80 0.00 115892 1868 0.02
367.33 0.00 115892 1796 0.02
356.44 0.00 123184 2192 0.03
355.45 0.00 123184 2336 0.03
361.39 0.00 123184 2604 0.03
105.94 0.00 17376 728 0.01
354.46 0.00 123184 2336 0.03
366.34 0.00 115892 1724 0.02
366.34 0.00 115892 1792 0.02
364.36 0.00 115892 1868 0.02
358.42 0.00 123184 2300 0.03
368.32 0.00 0 0 0.00
137.62 0.00 25768 1716 0.02
368.00 0.00 115892 1724 0.02
370.00 0.00 115892 1740 0.02
361.00 0.00 123184 2304 0.03
362.38 0.00 123184 2448 0.03
355.45 0.00 123184 2236 0.03
358.42 0.00 123184 2348 0.03
137.62 0.00 25768 1768 0.02
355.45 0.00 123184 2184 0.03
356.44 0.00 123184 2300 0.03
366.34 0.00 115892 1744 0.02
369.31 0.00 0 0 0.00
370.30 0.00 0 0 0.00
360.00 0.00 123184 2188 0.03
361.76 0.00 115892 1832 0.02
364.36 0.00 115892 1756 0.02
358.42 0.00 123184 2220 0.03
361.39 0.00 123184 2408 0.03
356.44 0.00 123184 2336 0.03
139.60 0.00 25768 1668 0.02
356.44 0.00 123184 2180 0.03
362.75 0.00 115892 1720 0.02
180.20 0.00 123184 1764 0.02
140.00 0.00 25768 1668 0.02
352.94 0.00 123184 2292 0.03
364.36 0.00 115892 1872 0.02
356.44 0.00 123184 2260 0.03
367.33 0.00 115892 1688 0.02
358.42 0.00 123184 2392 0.03
140.00 0.00 25768 1744 0.02
357.43 0.00 123184 2180 0.03
354.46 0.00 123184 2212 0.03
359.41 0.00 123184 2180 0.03
361.39 0.00 123184 2176 0.03
365.35 0.00 115892 1780 0.02
366.34 0.00 115892 1740 0.02
169.31 0.00 115892 1732 0.02
356.44 0.00 123184 2180 0.03
364.36 0.00 115892 1756 0.02
369.31 0.00 0 0 0.00
357.43 0.00 123184 2184 0.03
262.38 0.00 123184 2076 0.03
365.35 0.00 115892 1792 0.02
360.40 0.00 123184 2176 0.03
362.38 0.00 123184 2472 0.03
366.34 0.00 115892 1832 0.02
369.31 0.00 0 0 0.00
367.33 0.00 115892 1924 0.02
364.36 0.00 115892 1760 0.02
365.35 0.00 115892 1716 0.02
371.00 0.00 115892 1784 0.02
355.45 0.00 123184 2288 0.03
128.71 0.00 17572 1664 0.02
358.42 0.00 123184 2304 0.03
371.00 0.00 115892 1920 0.02
357.43 0.00 123184 2256 0.03
357.43 0.00 123184 2184 0.03
356.44 0.00 123184 2168 0.03
356.44 0.00 123184 2180 0.03
366.34 0.00 115892 1772 0.02
268.32 0.00 123184 1924 0.02
367.00 0.00 115892 1892 0.02
356.44 0.00 123184 2184 0.03
353.92 0.00 123184 2184 0.03
357.43 0.00 123184 2180 0.03
357.43 0.00 123184 2300 0.03
355.45 0.00 123184 2240 0.03
356.44 0.00 123184 2188 0.03
366.34 0.00 116152 2000 0.02
371.29 0.00 0 0 0.00
361.39 0.00 123184 2236 0.03
357.43 0.00 123184 2392 0.03
366.34 0.00 115892 1792 0.02
364.36 0.00 115892 1792 0.02
355.45 0.00 123184 2256 0.03
135.64 0.00 17572 1660 0.02
358.42 0.00 123184 2196 0.03
361.76 0.00 115892 1788 0.02
366.34 0.00 115892 1768 0.02
364.36 0.00 115892 1840 0.02
364.36 0.00 115892 1784 0.02
146.53 0.00 50356 1660 0.02
360.40 0.00 123184 2240 0.03
365.35 0.00 115892 1888 0.02
364.36 0.00 115892 1788 0.02
365.35 0.00 115892 1712 0.02
102.94 0.00 17376 756 0.01
145.54 0.00 42160 1632 0.02
356.44 0.00 123184 2184 0.03
362.38 0.00 123184 2520 0.03
364.36 0.00 115892 1892 0.02
365.35 0.00 115892 1724 0.02
139.00 0.00 25768 1836 0.02
138.61 0.00 25768 1660 0.02
357.43 0.00 123184 2156 0.03
355.45 0.00 123184 2228 0.03
365.35 0.00 115892 1708 0.02
169.31 0.00 119408 1868 0.02
361.00 0.00 123184 2388 0.03
355.45 0.00 123184 2188 0.03
71.29 0.00 17360 748 0.01
365.35 0.00 115892 1708 0.02
365.35 0.00 116152 1712 0.02
367.33 0.00 115892 1724 0.02
71.29 0.00 17360 740 0.01
373.00 0.00 0 0 0.00
355.45 0.00 123184 2188 0.03
365.35 0.00 115892 1772 0.02
370.00 0.00 115892 1740 0.02
359.41 0.00 123184 2496 0.03
370.30 0.00 0 0 0.00
366.34 0.00 115892 1712 0.02
356.44 0.00 123184 2184 0.03
355.45 0.00 123184 2188 0.03
139.60 0.00 25768 1664 0.02
355.45 0.00 123184 2360 0.03
136.63 0.00 25768 1704 0.02
134.65 0.00 17572 1660 0.02
356.44 0.00 123184 2188 0.03
360.40 0.00 123184 2180 0.03
366.34 0.00 115892 1788 0.02
356.44 0.00 123184 2184 0.03
356.44 0.00 123184 2356 0.03
133.66 0.00 17572 1732 0.02
133.66 0.00 17572 1668 0.02
356.44 0.00 123184 2180 0.03
139.60 0.00 25768 1656 0.02
366.34 0.00 115892 1744 0.02
352.94 0.00 123184 2260 0.03
141.58 0.00 33964 1652 0.02
365.35 0.00 115892 1768 0.02
356.44 0.00 123184 2204 0.03
360.40 0.00 123184 2192 0.03
357.43 0.00 123184 2180 0.03
355.45 0.00 123184 2236 0.03
359.41 0.00 123184 2292 0.03
107.92 0.00 17380 760 0.01
357.43 0.00 123184 2188 0.03
357.43 0.00 123184 2180 0.03
290.10 0.00 123184 2040 0.03
139.60 0.00 25768 1664 0.02
134.65 0.00 17572 1764 0.02
372.00 0.00 0 0 0.00
368.00 0.00 115892 1760 0.02
365.35 0.00 115892 1788 0.02
366.34 0.00 115892 1788 0.02
139.60 0.00 25768 1660 0.02
361.00 0.00 123184 2192 0.03
360.40 0.00 123184 2180 0.03
362.38 0.00 123184 2472 0.03
365.35 0.00 115892 1784 0.02
363.37 0.00 123184 2652 0.03
356.44 0.00 123184 2252 0.03
166.00 0.00 50356 1712 0.02
101.98 0.00 17376 752 0.01
352.48 0.00 123184 2360 0.03
366.34 0.00 115892 1792 0.02
357.43 0.00 123184 2160 0.03
357.43 0.00 123184 2236 0.03
367.33 0.00 115892 1720 0.02
41.58 0.00 352 4 0.00
67.33 0.00 14252 600 0.01
362.38 0.00 123184 2456 0.03
188.12 0.00 123184 1864 0.02
364.36 0.00 115892 1760 0.02
368.32 0.00 115892 1720 0.02
367.33 0.00 115892 1716 0.02
358.42 0.00 123184 2180 0.03
356.44 0.00 123184 2288 0.03
359.41 0.00 123184 2340 0.03
368.00 0.00 115892 1756 0.02
366.34 0.00 115892 1788 0.02
364.36 0.00 115892 1716 0.02
140.59 0.00 25768 1656 0.02
357.43 0.00 123184 2180 0.03
356.44 0.00 123184 2224 0.03
366.00 0.00 123184 2652 0.03
137.62 0.00 25768 1832 0.02
364.36 0.00 115892 1868 0.02
367.33 0.00 119668 2192 0.03
100.00 0.00 17376 748 0.01
359.41 0.00 123184 2240 0.03
240.59 0.00 123184 1964 0.02
163.73 0.00 50356 1684 0.02
366.34 0.00 115892 1784 0.02
363.37 0.00 115892 1872 0.02
357.43 0.00 123184 2192 0.03
288.12 0.00 123184 1924 0.02
358.42 0.00 123184 2304 0.03
351.96 0.00 123184 2288 0.03
354.90 0.00 123184 2388 0.03
138.61 0.00 25768 1808 0.02
357.43 0.00 123184 2188 0.03
370.30 0.00 0 0 0.00
137.62 0.00 25768 1784 0.02
366.34 0.00 115892 1820 0.02
366.34 0.00 115892 1920 0.02
360.40 0.00 123184 2180 0.03
137.25 0.00 25768 1656 0.02
141.00 0.00 25768 1664 0.02
361.00 0.00 123184 2152 0.03
364.36 0.00 115892 1792 0.02
364.36 0.00 115892 1772 0.02
356.44 0.00 123184 2288 0.03
370.00 0.00 115892 1712 0.02
136.27 0.00 25768 1664 0.02
138.61 0.00 25768 1664 0.02
355.45 0.00 123184 2228 0.03
362.75 0.00 115892 1792 0.02
142.00 0.00 25768 1656 0.02
366.34 0.00 115892 1720 0.02
356.44 0.00 123184 2212 0.03
138.24 0.00 25768 1688 0.02
356.44 0.00 123184 2288 0.03
361.39 0.00 123184 2180 0.03
355.45 0.00 123184 2180 0.03
356.44 0.00 123184 2328 0.03
358.42 0.00 123184 2392 0.03
356.44 0.00 123184 2180 0.03
356.44 0.00 123184 2184 0.03
364.36 0.00 115892 1888 0.02
357.43 0.00 123184 2180 0.03
185.15 0.00 123184 1656 0.02
370.30 0.00 0 0 0.00
138.61 0.00 25768 1660 0.02
351.96 0.00 123184 2356 0.03
360.40 0.00 123184 2180 0.03
366.34 0.00 115892 1720 0.02
357.43 0.00 123184 2188 0.03
356.44 0.00 123184 2188 0.03
367.33 0.00 123184 2652 0.03
139.60 0.00 25768 1776 0.02
356.44 0.00 123184 2184 0.03
360.40 0.00 123184 2600 0.03
360.00 0.00 123184 2184 0.03
356.44 0.00 123184 2224 0.03
358.42 0.00 123184 2300 0.03
352.94 0.00 123184 2256 0.03
360.40 0.00 123184 2180 0.03
356.44 0.00 123184 2180 0.03
363.73 0.00 115892 1740 0.02
355.45 0.00 123184 2336 0.03
360.40 0.00 123184 2180 0.03
358.42 0.00 123184 2388 0.03
360.40 0.00 123184 2188 0.03
357.43 0.00 123184 2212 0.03
356.44 0.00 123184 2212 0.03
79.21 0.00 17376 752 0.01
353.92 0.00 123184 2192 0.03
359.00 0.00 123184 2360 0.03
355.45 0.00 123184 2180 0.03
365.35 0.00 115892 1716 0.02
366.34 0.00 115892 1788 0.02
367.33 0.00 0 0 0.00
366.34 0.00 123184 2448 0.03
72.28 0.00 17360 752 0.01
362.38 0.00 123184 2556 0.03
357.43 0.00 123184 2252 0.03
366.34 0.00 115892 1740 0.02
362.00 0.00 123184 2192 0.03
359.41 0.00 123184 2256 0.03
356.44 0.00 123184 2256 0.03
32.67 0.00 160 4 0.00
365.35 0.00 115892 1712 0.02
356.44 0.00 123184 2260 0.03
359.41 0.00 123184 2392 0.03
365.35 0.00 115892 1784 0.02
369.31 0.00 0 0 0.00
358.82 0.00 123184 2504 0.03
139.60 0.00 25768 1780 0.02
362.38 0.00 123184 2300 0.03
360.00 0.00 123184 2288 0.03
368.32 0.00 0 0 0.00
365.35 0.00 115892 1712 0.02
186.27 0.00 123184 1704 0.02
370.30 0.00 0 0 0.00
356.44 0.00 123184 2236 0.03
357.43 0.00 123184 2300 0.03
356.44 0.00 123184 2184 0.03
357.43 0.00 123184 2208 0.03
366.34 0.00 115892 1684 0.02
367.33 0.00 115892 1716 0.02
284.00 0.00 123184 1976 0.02
137.62 0.00 25768 1664 0.02
358.42 0.00 123184 2188 0.03
360.40 0.00 123184 2240 0.03
356.44 0.00 123184 2176 0.03
362.75 0.00 115892 1712 0.02
356.44 0.00 123184 2256 0.03
62.38 0.00 14252 596 0.01
355.45 0.00 123184 2336 0.03
364.36 0.00 115892 1712 0.02
364.36 0.00 115892 1788 0.02
360.40 0.00 123184 2180 0.03
358.42 0.00 123184 2212 0.03
45.54 0.00 352 4 0.00
364.36 0.00 115892 1888 0.02
364.36 0.00 115892 1872 0.02
366.34 0.00 115892 1924 0.02
365.35 0.00 115892 1712 0.02
355.45 0.00 123184 2356 0.03
355.45 0.00 123184 2240 0.03
180.20 0.00 123184 1800 0.02
135.00 0.00 17572 1768 0.02
356.44 0.00 123184 2176 0.03
355.45 0.00 123184 2288 0.03
352.94 0.00 123184 2240 0.03
364.36 0.00 115892 1868 0.02
356.44 0.00 123184 2256 0.03
365.35 0.00 115892 1784 0.02
364.36 0.00 115892 1892 0.02
358.42 0.00 123184 2392 0.03
357.84 0.00 123184 2288 0.03
360.40 0.00 123184 2236 0.03
363.37 0.00 123184 2476 0.03
365.35 0.00 115892 1708 0.02
366.34 0.00 115892 1832 0.02
357.43 0.00 123184 2184 0.03
361.39 0.00 123184 2212 0.03
68.32 0.00 14252 612 0.01
105.00 0.00 17376 736 0.01
366.34 0.00 115892 1720 0.02
366.34 0.00 115892 1712 0.02
289.11 0.00 123184 1924 0.02
357.43 0.00 123184 2208 0.03
359.41 0.00 123184 2388 0.03
365.35 0.00 115892 1792 0.02
355.45 0.00 123184 2288 0.03
362.75 0.00 115892 1720 0.02
356.44 0.00 123184 2192 0.03
136.27 0.00 25768 1816 0.02
358.42 0.00 123184 2212 0.03
366.34 0.00 115892 1712 0.02
366.34 0.00 115892 1824 0.02
356.44 0.00 123184 2180 0.03
356.44 0.00 123184 2192 0.03
361.39 0.00 123184 2184 0.03
288.12 0.00 123184 1928 0.02
366.34 0.00 115892 1836 0.02
365.35 0.00 115892 1716 0.02
358.42 0.00 123184 2184 0.03
356.44 0.00 123184 2176 0.03
370.30 0.00 0 0 0.00
359.00 0.00 123184 2240 0.03
365.35 0.00 115892 1756 0.02
357.43 0.00 123184 2184 0.03
355.45 0.00 123184 2236 0.03
355.45 0.00 123184 2284 0.03
139.60 0.00 25768 1764 0.02
357.43 0.00 123184 2184 0.03
356.44 0.00 123184 2240 0.03
356.44 0.00 123184 2256 0.03
137.62 0.00 25768 1712 0.02
355.88 0.00 123184 2360 0.03
367.33 0.00 115892 1716 0.02
353.92 0.00 123184 2304 0.03
356.44 0.00 123184 2288 0.03
365.35 0.00 115892 1788 0.02
352.94 0.00 123184 2184 0.03
356.44 0.00 123184 2188 0.03
164.36 0.00 50356 1700 0.02
105.88 0.00 17376 756 0.01
143.56 0.00 33964 1684 0.02
367.33 0.00 115892 1720 0.02
351.96 0.00 123184 2224 0.03
357.43 0.00 123184 2240 0.03
356.44 0.00 123184 2184 0.03
179.41 0.00 123184 1836 0.02
368.32 0.00 0 0 0.00
356.44 0.00 123184 2184 0.03
361.76 0.00 115892 1872 0.02
361.39 0.00 123184 2236 0.03
355.45 0.00 123184 2224 0.03
187.13 0.00 123184 1660 0.02
362.75 0.00 115892 1924 0.02
355.45 0.00 123184 2340 0.03
371.00 0.00 115892 1788 0.02
361.39 0.00 123184 2552 0.03
360.40 0.00 123184 2240 0.03
138.24 0.00 25768 1864 0.02
365.00 0.00 123184 2208 0.03
365.35 0.00 115892 1836 0.02
356.44 0.00 123184 2292 0.03
277.23 0.00 123184 1916 0.02
358.42 0.00 123184 2268 0.03
138.61 0.00 25768 1688 0.02
360.40 0.00 123184 2360 0.03
365.35 0.00 115892 1712 0.02
165.35 0.00 50356 1660 0.02
140.00 0.00 25768 1732 0.02
354.46 0.00 123184 2360 0.03
357.43 0.00 123184 2180 0.03
357.43 0.00 123184 2220 0.03
357.43 0.00 123184 2240 0.03
357.43 0.00 123184 2184 0.03
366.34 0.00 115892 1712 0.02
352.94 0.00 123184 2252 0.03
358.42 0.00 123184 2388 0.03
355.45 0.00 123184 2184 0.03
365.35 0.00 115892 1856 0.02
362.75 0.00 115892 1716 0.02
