367.33 0.00 115892 1712 0.02
361.76 0.00 115892 1760 0.02
355.45 0.00 123184 2260 0.03
140.00 0.00 25768 1864 0.02
368.32 0.00 0 0 0.00
367.33 0.00 115892 1832 0.02
366.34 0.00 115892 1824 0.02
355.45 0.00 123184 2252 0.03
364.36 0.00 115892 1700 0.02
366.34 0.00 115892 1712 0.02
368.00 0.00 115892 1892 0.02
363.37 0.00 115892 1868 0.02
369.31 0.00 0 0 0.00
356.44 0.00 123184 2176 0.03
371.29 0.00 0 0 0.00
366.34 0.00 115892 1800 0.02
366.34 0.00 115892 1836 0.02
365.35 0.00 115892 1716 0.02
365.35 0.00 115892 1768 0.02
138.61 0.00 25768 1712 0.02
355.88 0.00 123184 2392 0.03
367.33 0.00 115892 1712 0.02
364.36 0.00 115892 1772 0.02
366.34 0.00 115892 1788 0.02
365.35 0.00 115892 1872 0.02
361.39 0.00 123184 2160 0.03
357.43 0.00 123184 2288 0.03
367.33 0.00 115892 1712 0.02
365.35 0.00 115892 1772 0.02
364.36 0.00 115892 1872 0.02
366.34 0.00 115892 1784 0.02
357.43 0.00 123184 2212 0.03
365.35 0.00 115892 1720 0.02
357.43 0.00 123184 2180 0.03
361.39 0.00 123184 2452 0.03
367.33 0.00 115892 1924 0.02
364.36 0.00 115892 1712 0.02
356.44 0.00 123184 2188 0.03
139.60 0.00 25768 1660 0.02
357.43 0.00 123184 2188 0.03
366.34 0.00 115892 1740 0.02
370.00 0.00 115892 1836 0.02
365.35 0.00 115892 1720 0.02
356.44 0.00 123184 2188 0.03
357.43 0.00 123184 2188 0.03
361.39 0.00 123184 2292 0.03
364.71 0.00 115892 1920 0.02
371.00 0.00 115892 1680 0.02
371.00 0.00 115892 1924 0.02
357.43 0.00 123184 2180 0.03
367.33 0.00 115892 1836 0.02
68.32 0.00 14252 600 0.01
367.33 0.00 0 0 0.00
359.41 0.00 123184 2252 0.03
361.39 0.00 123184 2220 0.03
133.66 0.00 17572 1716 0.02
355.45 0.00 123184 2192 0.03
365.35 0.00 115892 1756 0.02
366.34 0.00 115892 1708 0.02
364.36 0.00 115892 1784 0.02
357.43 0.00 123184 2304 0.03
137.25 0.00 25768 1668 0.02
370.30 0.00 0 0 0.00
365.35 0.00 115892 1788 0.02
366.34 0.00 115892 1740 0.02
366.34 0.00 115892 1832 0.02
365.35 0.00 115892 1740 0.02
104.95 0.00 17376 764 0.01
367.33 0.00 115892 1836 0.02
364.36 0.00 115892 1756 0.02
365.35 0.00 115892 1712 0.02
366.34 0.00 115892 1716 0.02
132.67 0.00 17572 1656 0.02
359.41 0.00 123184 2228 0.03
102.97 0.00 17376 748 0.01
364.36 0.00 115892 1756 0.02
366.34 0.00 115892 1740 0.02
363.37 0.00 115892 1892 0.02
359.00 0.00 123184 2188 0.03
367.65 0.00 0 0 0.00
356.44 0.00 123184 2224 0.03
207.92 0.00 123184 1668 0.02
367.33 0.00 115892 1924 0.02
369.00 0.00 115892 1720 0.02
356.44 0.00 123184 2192 0.03
184.16 0.00 123184 1668 0.02
370.30 0.00 0 0 0.00
364.36 0.00 115892 1760 0.02
359.00 0.00 123184 2360 0.03
366.34 0.00 115892 1724 0.02
361.39 0.00 123184 2304 0.03
366.34 0.00 115892 1744 0.02
366.34 0.00 115892 1836 0.02
366.34 0.00 115892 1724 0.02
362.38 0.00 123184 2564 0.03
287.13 0.00 123184 1920 0.02
359.41 0.00 123184 2240 0.03
358.42 0.00 123184 2392 0.03
362.00 0.00 123184 2392 0.03
366.34 0.00 115892 1720 0.02
365.35 0.00 115892 1756 0.02
364.36 0.00 115892 1700 0.02
359.41 0.00 123184 2224 0.03
178.22 0.00 123184 1716 0.02
366.34 0.00 115892 1792 0.02
358.42 0.00 123184 2388 0.03
366.34 0.00 115892 1720 0.02
365.35 0.00 115892 1756 0.02
356.44 0.00 123184 2188 0.03
184.16 0.00 123184 1716 0.02
358.42 0.00 123184 2184 0.03
361.39 0.00 123184 2180 0.03
355.45 0.00 123184 2204 0.03
364.36 0.00 115892 1872 0.02
367.33 0.00 115892 1720 0.02
131.68 0.00 17572 1688 0.02
355.45 0.00 123184 2336 0.03
364.36 0.00 115892 1760 0.02
364.36 0.00 115892 1760 0.02
355.45 0.00 123184 2340 0.03
353.92 0.00 123184 2180 0.03
138.61 0.00 25768 1832 0.02
364.36 0.00 115892 1888 0.02
365.35 0.00 115892 1872 0.02
365.35 0.00 115892 1792 0.02
101.98 0.00 17376 704 0.01
351.96 0.00 123184 2360 0.03
364.36 0.00 115892 1892 0.02
365.35 0.00 115892 1720 0.02
365.35 0.00 115892 1712 0.02
370.00 0.00 115892 1772 0.02
138.61 0.00 25768 1716 0.02
137.25 0.00 25768 1736 0.02
351.96 0.00 123184 2240 0.03
368.32 0.00 115892 1908 0.02
366.34 0.00 115892 1720 0.02
364.36 0.00 115892 1820 0.02
360.00 0.00 123184 2260 0.03
190.10 0.00 123184 1684 0.02
371.29 0.00 0 0 0.00
138.61 0.00 25768 1660 0.02
361.39 0.00 123184 2212 0.03
364.36 0.00 115892 1888 0.02
353.47 0.00 123184 2180 0.03
355.45 0.00 123184 2356 0.03
72.28 0.00 17360 708 0.01
364.36 0.00 115892 1892 0.02
364.36 0.00 115892 1756 0.02
365.35 0.00 115892 1784 0.02
364.36 0.00 115892 1892 0.02
60.40 0.00 8232 364 0.00
137.62 0.00 25768 1812 0.02
103.96 0.00 17376 748 0.01
365.35 0.00 115892 1768 0.02
355.45 0.00 123184 2236 0.03
366.34 0.00 115892 1788 0.02
364.36 0.00 115892 1708 0.02
369.00 0.00 115892 1724 0.02
358.42 0.00 123184 2208 0.03
139.60 0.00 25768 1656 0.02
355.45 0.00 123184 2180 0.03
362.75 0.00 115892 1716 0.02
360.40 0.00 123184 2360 0.03
357.43 0.00 123184 2240 0.03
351.96 0.00 123184 2180 0.03
356.44 0.00 123184 2176 0.03
366.34 0.00 123184 2484 0.03
365.35 0.00 115892 1788 0.02
364.36 0.00 115892 1712 0.02
365.35 0.00 115892 1712 0.02
351.96 0.00 123184 2192 0.03
354.90 0.00 123184 2184 0.03
360.40 0.00 123184 2188 0.03
364.36 0.00 115892 1820 0.02
367.33 0.00 115892 1720 0.02
364.36 0.00 115892 1872 0.02
60.40 0.00 8232 368 0.00
357.43 0.00 123184 2208 0.03
364.36 0.00 115892 1888 0.02
370.00 0.00 115892 1712 0.02
366.34 0.00 115892 1712 0.02
367.33 0.00 0 0 0.00
369.31 0.00 0 0 0.00
367.33 0.00 115892 1716 0.02
365.35 0.00 115892 1712 0.02
367.33 0.00 115892 1924 0.02
368.00 0.00 115892 1840 0.02
290.10 0.00 123184 1924 0.02
366.34 0.00 115892 1744 0.02
366.34 0.00 115892 1836 0.02
188.12 0.00 123184 1660 0.02
359.41 0.00 123184 2620 0.03
367.33 0.00 115892 1712 0.02
355.45 0.00 123184 2224 0.03
355.45 0.00 123184 2356 0.03
362.75 0.00 115892 1724 0.02
364.36 0.00 115892 1888 0.02
356.44 0.00 123184 2224 0.03
360.40 0.00 123184 2176 0.03
365.35 0.00 115892 1724 0.02
357.43 0.00 123184 2260 0.03
357.43 0.00 123184 2188 0.03
365.35 0.00 115892 1756 0.02
360.40 0.00 123184 2236 0.03
361.76 0.00 115892 1716 0.02
361.39 0.00 123184 2456 0.03
356.44 0.00 123184 2184 0.03
356.44 0.00 123184 2200 0.03
291.00 0.00 123184 1988 0.02
357.43 0.00 123184 2300 0.03
365.35 0.00 115892 1704 0.02
369.31 0.00 0 0 0.00
138.61 0.00 25768 1668 0.02
365.35 0.00 115892 1712 0.02
365.35 0.00 115892 1708 0.02
361.76 0.00 115892 1724 0.02
364.36 0.00 115892 1892 0.02
367.33 0.00 115892 1708 0.02
140.59 0.00 25768 1664 0.02
365.00 0.00 123184 2240 0.03
367.33 0.00 115892 1716 0.02
369.00 0.00 115892 1768 0.02
367.33 0.00 115892 1712 0.02
359.80 0.00 115892 1868 0.02
356.44 0.00 123184 2180 0.03
362.38 0.00 123184 2456 0.03
362.38 0.00 123184 2188 0.03
363.37 0.00 115892 1888 0.02
365.35 0.00 115892 1744 0.02
364.36 0.00 115892 1768 0.02
103.96 0.00 17376 708 0.01
366.34 0.00 115892 1720 0.02
365.35 0.00 115892 1788 0.02
367.33 0.00 115892 1924 0.02
352.94 0.00 123184 2192 0.03
93.07 0.00 17376 744 0.01
356.44 0.00 123184 2292 0.03
356.44 0.00 123184 2236 0.03
364.36 0.00 115892 1756 0.02
366.34 0.00 115892 1712 0.02
369.00 0.00 115892 1768 0.02
357.43 0.00 123184 2180 0.03
67.33 0.00 14252 616 0.01
360.40 0.00 123184 2188 0.03
367.33 0.00 115892 1740 0.02
131.37 0.00 17572 1668 0.02
146.53 0.00 50356 1668 0.02
189.11 0.00 123184 1668 0.02
355.45 0.00 123184 2228 0.03
364.36 0.00 115892 1892 0.02
365.35 0.00 115892 1724 0.02
365.35 0.00 115892 1836 0.02
364.71 0.00 115892 1920 0.02
356.44 0.00 123184 2180 0.03
358.42 0.00 123184 2300 0.03
365.35 0.00 115892 1772 0.02
367.33 0.00 115892 1716 0.02
366.34 0.00 115892 1688 0.02
356.44 0.00 123184 2180 0.03
358.42 0.00 123184 2388 0.03
356.44 0.00 123184 2184 0.03
139.60 0.00 25768 1660 0.02
365.35 0.00 115892 1720 0.02
364.36 0.00 115892 1888 0.02
363.37 0.00 115892 1892 0.02
358.42 0.00 123184 2184 0.03
137.62 0.00 25768 1832 0.02
360.00 0.00 123184 2188 0.03
365.35 0.00 115892 1772 0.02
357.43 0.00 123184 2208 0.03
366.34 0.00 115892 1740 0.02
362.38 0.00 123184 2456 0.03
284.16 0.00 123184 1972 0.02
138.61 0.00 25768 1656 0.02
366.34 0.00 115892 1720 0.02
365.35 0.00 115892 1716 0.02
365.35 0.00 115892 1880 0.02
352.94 0.00 123184 2236 0.03
138.61 0.00 25768 1816 0.02
356.44 0.00 123184 2176 0.03
356.44 0.00 123184 2236 0.03
365.35 0.00 115892 1708 0.02
356.44 0.00 123184 2352 0.03
357.43 0.00 123184 2180 0.03
119.00 0.00 17372 1700 0.02
366.34 0.00 115892 1712 0.02
366.34 0.00 115892 1720 0.02
365.35 0.00 115892 1760 0.02
367.33 0.00 115892 1920 0.02
369.31 0.00 115892 1716 0.02
356.44 0.00 123184 2212 0.03
356.44 0.00 123184 2208 0.03
171.29 0.00 123184 1700 0.02
365.35 0.00 115892 1720 0.02
367.33 0.00 115892 1920 0.02
356.44 0.00 123184 2208 0.03
361.39 0.00 123184 2256 0.03
140.00 0.00 25768 1864 0.02
369.31 0.00 0 0 0.00
357.43 0.00 123184 2388 0.03
355.45 0.00 123184 2332 0.03
366.34 0.00 115892 1836 0.02
357.43 0.00 123184 2180 0.03
101.98 0.00 17376 708 0.01
360.00 0.00 123184 2260 0.03
355.45 0.00 123184 2188 0.03
357.43 0.00 123184 2392 0.03
367.33 0.00 115892 1716 0.02
364.36 0.00 115892 1892 0.02
141.00 0.00 25768 1664 0.02
356.44 0.00 123184 2180 0.03
357.43 0.00 123184 2212 0.03
358.42 0.00 123184 2184 0.03
365.35 0.00 115892 1784 0.02
365.35 0.00 115892 1888 0.02
356.44 0.00 123184 2224 0.03
356.44 0.00 123184 2188 0.03
366.34 0.00 115892 1776 0.02
361.76 0.00 115892 1760 0.02
367.33 0.00 115892 1920 0.02
365.35 0.00 115892 1820 0.02
362.75 0.00 115892 1784 0.02
369.31 0.00 0 0 0.00
138.61 0.00 25768 1652 0.02
177.23 0.00 123184 1732 0.02
355.88 0.00 123184 2360 0.03
365.35 0.00 115892 1820 0.02
367.33 0.00 115892 1832 0.02
361.76 0.00 115892 1712 0.02
139.22 0.00 33964 1812 0.02
358.42 0.00 123184 2388 0.03
359.41 0.00 123184 2388 0.03
358.42 0.00 123184 2184 0.03
357.43 0.00 123184 2184 0.03
369.31 0.00 0 0 0.00
138.61 0.00 25768 1768 0.02
139.60 0.00 25768 1868 0.02
355.45 0.00 123184 2360 0.03
357.43 0.00 123184 2184 0.03
364.36 0.00 115892 1876 0.02
138.61 0.00 25768 1768 0.02
356.44 0.00 123184 2252 0.03
352.94 0.00 123184 2208 0.03
366.34 0.00 115892 1792 0.02
367.33 0.00 115892 1716 0.02
361.39 0.00 123184 2240 0.03
358.42 0.00 123184 2300 0.03
365.35 0.00 115892 1712 0.02
361.39 0.00 123184 2444 0.03
365.35 0.00 115892 1720 0.02
366.34 0.00 115892 1716 0.02
137.62 0.00 25768 1716 0.02
133.66 0.00 17572 1724 0.02
358.42 0.00 123184 2392 0.03
365.35 0.00 115892 1716 0.02
364.36 0.00 115892 1872 0.02
366.34 0.00 115892 1740 0.02
67.65 0.00 17352 752 0.01
138.61 0.00 25768 1736 0.02
366.34 0.00 115892 1716 0.02
367.33 0.00 115892 1924 0.02
355.45 0.00 123184 2188 0.03
363.37 0.00 115892 1888 0.02
140.59 0.00 25768 1660 0.02
183.17 0.00 123184 1656 0.02
357.43 0.00 123184 2184 0.03
365.35 0.00 115892 1720 0.02
365.35 0.00 115892 1716 0.02
366.34 0.00 115892 1720 0.02
364.36 0.00 115892 1888 0.02
365.35 0.00 115892 1724 0.02
356.44 0.00 123184 2236 0.03
138.61 0.00 25768 1780 0.02
361.76 0.00 115892 1716 0.02
366.34 0.00 115892 1788 0.02
357.43 0.00 123184 2304 0.03
366.34 0.00 115892 1772 0.02
356.44 0.00 123184 2176 0.03
55.45 0.00 8232 364 0.00
360.40 0.00 123184 2188 0.03
360.40 0.00 123184 2176 0.03
365.35 0.00 115892 1768 0.02
370.00 0.00 115892 1820 0.02
366.34 0.00 115892 1740 0.02
137.62 0.00 25768 1712 0.02
356.44 0.00 123184 2180 0.03
365.00 0.00 123184 2192 0.03
354.46 0.00 123184 2212 0.03
365.35 0.00 115892 1824 0.02
365.35 0.00 115892 1724 0.02
137.25 0.00 25768 1712 0.02
132.67 0.00 17572 1736 0.02
367.33 0.00 115892 1836 0.02
364.36 0.00 115892 1712 0.02
367.33 0.00 115892 1744 0.02
360.78 0.00 115892 1784 0.02
139.60 0.00 25768 1660 0.02
104.95 0.00 17376 740 0.01
365.35 0.00 115892 1720 0.02
359.80 0.00 115892 1872 0.02
365.35 0.00 115892 1712 0.02
367.33 0.00 115892 1740 0.02
358.42 0.00 123184 2388 0.03
363.37 0.00 123184 2476 0.03
364.36 0.00 115892 1868 0.02
362.75 0.00 115892 1716 0.02
366.34 0.00 115892 1720 0.02
367.33 0.00 115892 1832 0.02
359.41 0.00 123184 2240 0.03
139.60 0.00 25768 1688 0.02
366.34 0.00 115892 1716 0.02
364.36 0.00 115892 1756 0.02
365.35 0.00 115892 1816 0.02
57.84 0.00 8232 368 0.00
186.14 0.00 123184 1660 0.02
355.45 0.00 123184 2240 0.03
364.36 0.00 115892 1756 0.02
365.35 0.00 115892 1724 0.02
364.36 0.00 115892 1712 0.02
356.44 0.00 123184 2356 0.03
371.29 0.00 0 0 0.00
368.32 0.00 115892 1924 0.02
366.34 0.00 115892 1760 0.02
365.35 0.00 115892 1788 0.02
365.35 0.00 115892 1724 0.02
138.61 0.00 25768 1764 0.02
353.92 0.00 123184 2180 0.03
365.35 0.00 115892 1720 0.02
365.35 0.00 115892 1744 0.02
364.36 0.00 115892 1888 0.02
366.67 0.00 0 0 0.00
361.76 0.00 115892 1836 0.02
357.43 0.00 123184 2256 0.03
351.96 0.00 123184 2256 0.03
365.35 0.00 115892 1824 0.02
366.34 0.00 115892 1832 0.02
366.34 0.00 115892 1712 0.02
358.42 0.00 123184 2188 0.03
357.43 0.00 123184 2188 0.03
102.97 0.00 17376 756 0.01
365.35 0.00 115892 1760 0.02
364.36 0.00 115892 1868 0.02
357.43 0.00 123184 2180 0.03
365.35 0.00 115892 1756 0.02
356.44 0.00 123184 2188 0.03
140.59 0.00 25768 1660 0.02
355.45 0.00 123184 2236 0.03
366.34 0.00 115892 1696 0.02
368.32 0.00 115892 1872 0.02
366.34 0.00 115892 1716 0.02
365.35 0.00 115892 1724 0.02
358.42 0.00 123184 2180 0.03
355.45 0.00 123184 2360 0.03
365.35 0.00 115892 1792 0.02
360.00 0.00 123184 2228 0.03
365.35 0.00 115892 1740 0.02
365.35 0.00 119668 2188 0.03
360.00 0.00 123184 2288 0.03
366.34 0.00 115892 1720 0.02
362.38 0.00 123184 2476 0.03
357.43 0.00 123184 2184 0.03
362.00 0.00 123184 2152 0.03
357.43 0.00 123184 2236 0.03
180.20 0.00 123184 1780 0.02
366.34 0.00 115892 1744 0.02
360.78 0.00 115892 1772 0.02
370.00 0.00 115892 1920 0.02
356.44 0.00 123184 2184 0.03
369.00 0.00 115892 1788 0.02
365.35 0.00 115892 1788 0.02
51.49 0.00 2528 232 0.00
354.46 0.00 123184 2236 0.03
366.34 0.00 115892 1920 0.02
355.45 0.00 123184 2256 0.03
357.43 0.00 123184 2240 0.03
101.98 0.00 17376 748 0.01
356.44 0.00 123184 2240 0.03
364.36 0.00 115892 1756 0.02
365.35 0.00 115892 1744 0.02
364.36 0.00 115892 1712 0.02
355.45 0.00 123184 2292 0.03
370.30 0.00 0 0 0.00
81.19 0.00 17376 744 0.01
180.20 0.00 123184 1660 0.02
364.36 0.00 115892 1768 0.02
365.35 0.00 115892 1712 0.02
365.35 0.00 115892 1820 0.02
357.43 0.00 123184 2184 0.03
73.27 0.00 17364 748 0.01
366.34 0.00 115892 1920 0.02
367.33 0.00 115892 1712 0.02
137.62 0.00 25768 1712 0.02
351.96 0.00 123184 2356 0.03
363.37 0.00 123184 2448 0.03
365.35 0.00 115892 1720 0.02
367.33 0.00 115892 1832 0.02
366.34 0.00 115892 1708 0.02
365.35 0.00 115892 1724 0.02
137.62 0.00 25768 1704 0.02
351.96 0.00 123184 2336 0.03
366.34 0.00 115892 1720 0.02
366.34 0.00 115892 1836 0.02
357.43 0.00 123184 2180 0.03
78.43 0.00 17376 672 0.01
355.45 0.00 123184 2228 0.03
364.36 0.00 115892 1716 0.02
365.35 0.00 115892 1788 0.02
366.34 0.00 115892 1720 0.02
366.34 0.00 115892 1756 0.02
367.33 0.00 0 0 0.00
137.62 0.00 25768 1656 0.02
357.43 0.00 123184 2184 0.03
357.43 0.00 123184 2192 0.03
366.34 0.00 115892 1836 0.02
365.35 0.00 115892 1724 0.02
361.76 0.00 115892 1820 0.02
368.00 0.00 115892 1764 0.02
370.30 0.00 0 0 0.00
358.42 0.00 123184 2224 0.03
366.34 0.00 115892 1772 0.02
357.43 0.00 123184 2236 0.03
356.44 0.00 123184 2184 0.03
356.44 0.00 123184 2180 0.03
109.90 0.00 17372 1712 0.02
362.75 0.00 115892 1788 0.02
365.35 0.00 115892 1868 0.02
365.35 0.00 115892 1824 0.02
365.35 0.00 115892 1788 0.02
364.36 0.00 115892 1892 0.02
356.44 0.00 123184 2260 0.03
178.43 0.00 123184 1668 0.02
366.34 0.00 115892 1792 0.02
369.00 0.00 115892 1768 0.02
356.44 0.00 123184 2240 0.03
138.61 0.00 25768 1656 0.02
366.34 0.00 115892 1740 0.02
368.32 0.00 115892 1920 0.02
365.35 0.00 115892 1784 0.02
103.96 0.00 17376 740 0.01
139.60 0.00 25768 1660 0.02
141.00 0.00 25768 1776 0.02
370.00 0.00 115892 1716 0.02
365.35 0.00 115892 1832 0.02
365.35 0.00 115892 1712 0.02
365.35 0.00 115892 1724 0.02
138.61 0.00 25768 1700 0.02
355.45 0.00 123184 2184 0.03
368.00 0.00 115892 1892 0.02
186.14 0.00 123184 1712 0.02
365.35 0.00 115892 1768 0.02
359.41 0.00 123184 2392 0.03
287.25 0.00 123184 2036 0.02
364.36 0.00 115892 1760 0.02
366.34 0.00 115892 1712 0.02
368.32 0.00 115892 1924 0.02
358.42 0.00 123184 2184 0.03
353.92 0.00 123184 2176 0.03
358.42 0.00 123184 2180 0.03
102.94 0.00 17376 708 0.01
365.35 0.00 115892 1792 0.02
358.42 0.00 123184 2388 0.03
357.43 0.00 123184 2392 0.03
173.27 0.00 123184 1716 0.02
209.90 0.00 123184 1728 0.02
368.32 0.00 115892 1920 0.02
365.35 0.00 115892 1724 0.02
365.35 0.00 115892 1824 0.02
364.36 0.00 115892 1712 0.02
367.33 0.00 115892 1716 0.02
365.35 0.00 115892 1824 0.02
360.40 0.00 123184 2184 0.03
355.88 0.00 123184 2356 0.03
366.34 0.00 115892 1832 0.02
