356.44 0.00 123184 2224 0.03
358.42 0.00 123184 2184 0.03
139.60 0.00 25768 1656 0.02
365.35 0.00 115892 1820 0.02
366.34 0.00 115892 1716 0.02
364.36 0.00 115892 1892 0.02
367.33 0.00 115892 1924 0.02
364.36 0.00 115892 1888 0.02
102.97 0.00 17376 708 0.01
366.34 0.00 115892 1832 0.02
365.35 0.00 115892 1760 0.02
367.33 0.00 115892 1824 0.02
367.33 0.00 115892 1712 0.02
365.35 0.00 115892 1784 0.02
353.92 0.00 123184 2180 0.03
365.35 0.00 115892 1888 0.02
365.00 0.00 123184 2260 0.03
365.35 0.00 115892 1788 0.02
365.35 0.00 115892 1888 0.02
360.40 0.00 123184 2228 0.03
358.42 0.00 123184 2192 0.03
139.60 0.00 25768 1656 0.02
368.32 0.00 115892 1724 0.02
365.35 0.00 115892 1892 0.02
363.73 0.00 115892 1712 0.02
365.35 0.00 115892 1720 0.02
371.00 0.00 115892 1744 0.02
139.60 0.00 25768 1776 0.02
358.42 0.00 123184 2212 0.03
366.34 0.00 115892 1712 0.02
367.33 0.00 115892 1716 0.02
368.32 0.00 115892 1924 0.02
135.29 0.00 17572 1776 0.02
83.17 0.00 17376 708 0.01
307.92 0.00 123184 2360 0.03
366.34 0.00 115892 1824 0.02
364.00 0.00 123184 2292 0.03
366.34 0.00 115892 1716 0.02
362.38 0.00 123184 2452 0.03
357.43 0.00 123184 2236 0.03
367.33 0.00 115892 1716 0.02
367.33 0.00 115892 1716 0.02
366.34 0.00 115892 1720 0.02
367.33 0.00 115892 1708 0.02
366.34 0.00 115892 1820 0.02
364.36 0.00 123184 2388 0.03
366.34 0.00 115892 1724 0.02
362.38 0.00 123184 2392 0.03
365.35 0.00 115892 1720 0.02
366.34 0.00 115892 1888 0.02
357.43 0.00 123184 2240 0.03
181.19 0.00 123184 1704 0.02
367.33 0.00 115892 1924 0.02
365.35 0.00 115892 1772 0.02
366.34 0.00 115892 1724 0.02
365.35 0.00 115892 1760 0.02
357.43 0.00 123184 2212 0.03
356.44 0.00 123184 2292 0.03
368.32 0.00 115892 1720 0.02
367.33 0.00 115892 1712 0.02
370.00 0.00 115892 1724 0.02
357.43 0.00 123184 2188 0.03
368.32 0.00 0 0 0.00
74.26 0.00 17364 752 0.01
367.33 0.00 115892 1836 0.02
365.35 0.00 115892 1760 0.02
360.78 0.00 123184 2656 0.03
359.41 0.00 123184 2388 0.03
358.42 0.00 123184 2192 0.03
366.34 0.00 115892 1888 0.02
358.42 0.00 123184 2292 0.03
361.39 0.00 123184 2188 0.03
366.34 0.00 115892 1872 0.02
365.35 0.00 115892 1888 0.02
366.34 0.00 115892 1784 0.02
367.33 0.00 115892 1716 0.02
365.00 0.00 123184 2184 0.03
359.41 0.00 123184 2184 0.03
366.34 0.00 115892 1716 0.02
365.35 0.00 115892 1708 0.02
356.44 0.00 123184 2184 0.03
108.91 0.00 17372 1768 0.02
357.43 0.00 123184 2180 0.03
368.32 0.00 115892 1720 0.02
368.32 0.00 115892 1716 0.02
367.33 0.00 115892 1824 0.02
354.90 0.00 123184 2180 0.03
199.01 0.00 123184 1660 0.02
138.61 0.00 25768 1836 0.02
362.38 0.00 123184 2444 0.03
367.33 0.00 115892 1792 0.02
366.34 0.00 115892 1712 0.02
357.43 0.00 123184 2256 0.03
356.44 0.00 123184 2184 0.03
362.38 0.00 123184 2552 0.03
365.35 0.00 115892 1868 0.02
365.35 0.00 115892 1824 0.02
289.11 0.00 123184 2028 0.02
359.41 0.00 123184 2392 0.03
105.94 0.00 17376 704 0.01
368.32 0.00 115892 1720 0.02
368.32 0.00 115892 1924 0.02
367.33 0.00 115892 1720 0.02
365.35 0.00 115892 1700 0.02
357.43 0.00 123184 2288 0.03
365.35 0.00 115892 1756 0.02
356.44 0.00 123184 2192 0.03
358.42 0.00 123184 2248 0.03
365.35 0.00 115892 1824 0.02
357.43 0.00 123184 2260 0.03
358.42 0.00 123184 2192 0.03
288.12 0.00 123184 2124 0.03
366.34 0.00 115892 1724 0.02
367.33 0.00 115892 1788 0.02
365.35 0.00 115892 1792 0.02
367.33 0.00 115892 1832 0.02
352.94 0.00 123184 2236 0.03
358.42 0.00 123184 2180 0.03
370.30 0.00 0 0 0.00
368.32 0.00 115892 1920 0.02
357.43 0.00 123184 2356 0.03
365.35 0.00 115892 1760 0.02
366.34 0.00 115892 1820 0.02
56.44 0.00 8232 352 0.00
368.32 0.00 115892 1716 0.02
367.33 0.00 115892 1716 0.02
362.75 0.00 115892 1692 0.02
367.33 0.00 115892 1712 0.02
367.33 0.00 115892 1720 0.02
362.38 0.00 123184 2300 0.03
351.96 0.00 123184 2336 0.03
367.33 0.00 115892 1772 0.02
366.34 0.00 115892 1784 0.02
365.35 0.00 115892 1872 0.02
366.34 0.00 115892 1712 0.02
275.25 0.00 123184 1976 0.02
285.15 0.00 123184 2128 0.03
359.41 0.00 123184 2300 0.03
359.41 0.00 123184 2184 0.03
366.34 0.00 115892 1888 0.02
167.33 0.00 50356 1656 0.02
367.33 0.00 115892 1832 0.02
367.33 0.00 115892 1724 0.02
366.34 0.00 115892 1716 0.02
367.33 0.00 115892 1724 0.02
365.35 0.00 115892 1892 0.02
362.75 0.00 115892 1728 0.02
358.42 0.00 123184 2188 0.03
354.46 0.00 123184 2180 0.03
366.34 0.00 115892 1772 0.02
367.33 0.00 115892 1744 0.02
358.42 0.00 123184 2208 0.03
367.33 0.00 115892 1832 0.02
365.35 0.00 115892 1772 0.02
358.42 0.00 123184 2180 0.03
366.34 0.00 115892 1820 0.02
368.32 0.00 115892 1740 0.02
366.34 0.00 115892 1724 0.02
356.44 0.00 123184 2240 0.03
189.11 0.00 123184 1700 0.02
367.33 0.00 115892 1708 0.02
367.33 0.00 115892 1712 0.02
366.34 0.00 115892 1716 0.02
366.34 0.00 115892 1768 0.02
139.22 0.00 25768 1656 0.02
358.42 0.00 123184 2184 0.03
355.45 0.00 123184 2228 0.03
357.43 0.00 123184 2240 0.03
368.32 0.00 115892 1908 0.02
354.90 0.00 123184 2184 0.03
366.34 0.00 115892 1832 0.02
359.41 0.00 123184 2392 0.03
371.00 0.00 115892 1836 0.02
365.35 0.00 115892 1768 0.02
362.38 0.00 123184 2456 0.03
367.33 0.00 115892 1924 0.02
357.43 0.00 123184 2240 0.03
358.42 0.00 123184 2212 0.03
356.44 0.00 123184 2236 0.03
367.33 0.00 115892 1832 0.02
367.33 0.00 115892 1720 0.02
367.33 0.00 115892 1772 0.02
365.35 0.00 115892 1872 0.02
367.33 0.00 115892 1716 0.02
368.32 0.00 115892 1924 0.02
365.35 0.00 115892 1892 0.02
366.34 0.00 115892 1820 0.02
366.34 0.00 115892 1784 0.02
362.00 0.00 123184 2180 0.03
356.44 0.00 123184 2340 0.03
366.34 0.00 115892 1768 0.02
368.32 0.00 115892 1924 0.02
368.32 0.00 115892 1720 0.02
367.33 0.00 115892 1744 0.02
368.32 0.00 116152 1976 0.02
366.34 0.00 115892 1768 0.02
365.35 0.00 115892 1720 0.02
365.35 0.00 115892 1724 0.02
363.73 0.00 115892 1716 0.02
356.44 0.00 123184 2180 0.03
358.42 0.00 123184 2212 0.03
358.42 0.00 123184 2288 0.03
367.33 0.00 115892 1832 0.02
369.31 0.00 115892 1924 0.02
359.80 0.00 123184 2620 0.03
133.66 0.00 17572 1668 0.02
366.34 0.00 115892 1820 0.02
363.00 0.00 123184 2188 0.03
358.42 0.00 123184 2184 0.03
367.33 0.00 115892 1744 0.02
371.00 0.00 115892 1716 0.02
367.33 0.00 115892 1724 0.02
372.00 0.00 115892 1832 0.02
358.42 0.00 123184 2212 0.03
140.59 0.00 25768 1732 0.02
357.43 0.00 123184 2192 0.03
370.00 0.00 115892 1892 0.02
366.34 0.00 115892 1744 0.02
367.33 0.00 115892 1716 0.02
369.31 0.00 115892 1740 0.02
367.33 0.00 115892 1740 0.02
360.78 0.00 123184 2524 0.03
139.60 0.00 25768 1808 0.02
369.31 0.00 115892 1920 0.02
368.32 0.00 115892 1716 0.02
361.00 0.00 123184 2188 0.03
367.33 0.00 115892 1832 0.02
366.34 0.00 115892 1760 0.02
366.34 0.00 115892 1824 0.02
363.37 0.00 123184 2440 0.03
364.36 0.00 115892 1760 0.02
366.34 0.00 115892 1784 0.02
366.34 0.00 115892 1784 0.02
357.43 0.00 123184 2236 0.03
368.32 0.00 115892 1924 0.02
358.42 0.00 123184 2180 0.03
362.38 0.00 123184 2300 0.03
369.00 0.00 115892 1892 0.02
366.34 0.00 115892 1784 0.02
359.41 0.00 123184 2300 0.03
365.35 0.00 115892 1868 0.02
356.44 0.00 123184 2240 0.03
357.43 0.00 123184 2236 0.03
362.75 0.00 115892 1836 0.02
367.33 0.00 115892 1716 0.02
369.31 0.00 0 0 0.00
117.82 0.00 17372 1664 0.02
367.33 0.00 115892 1716 0.02
356.44 0.00 123184 2312 0.03
361.76 0.00 115892 1820 0.02
365.35 0.00 115892 1720 0.02
359.41 0.00 123184 2388 0.03
356.44 0.00 123184 2360 0.03
366.34 0.00 115892 1712 0.02
360.40 0.00 123184 2224 0.03
365.35 0.00 115892 1724 0.02
357.43 0.00 123184 2292 0.03
358.42 0.00 123184 2208 0.03
365.35 0.00 115892 1788 0.02
367.33 0.00 115892 1716 0.02
371.29 0.00 0 0 0.00
362.38 0.00 123184 2192 0.03
365.35 0.00 115892 1872 0.02
358.42 0.00 123184 2252 0.03
368.32 0.00 115892 1920 0.02
360.78 0.00 115892 1872 0.02
366.34 0.00 115892 1892 0.02
369.31 0.00 0 0 0.00
303.96 0.00 123184 2260 0.03
358.42 0.00 123184 2172 0.03
365.35 0.00 115892 1788 0.02
366.34 0.00 115892 1892 0.02
177.45 0.00 123184 1816 0.02
355.45 0.00 123184 2236 0.03
363.73 0.00 115892 1720 0.02
356.44 0.00 123184 2308 0.03
368.32 0.00 115892 1720 0.02
355.88 0.00 123184 2180 0.03
366.34 0.00 115892 1784 0.02
367.33 0.00 115892 1712 0.02
367.33 0.00 115892 1920 0.02
357.43 0.00 123184 2188 0.03
359.41 0.00 123184 2212 0.03
366.34 0.00 115892 1712 0.02
366.34 0.00 115892 1712 0.02
366.34 0.00 115892 1724 0.02
356.44 0.00 123184 2228 0.03
288.12 0.00 123184 1916 0.02
367.33 0.00 115892 1716 0.02
369.00 0.00 115892 1772 0.02
366.34 0.00 115892 1796 0.02
356.44 0.00 123184 2224 0.03
139.22 0.00 25768 1684 0.02
356.44 0.00 123184 2360 0.03
363.73 0.00 115892 1788 0.02
367.33 0.00 115892 1720 0.02
367.33 0.00 115892 1732 0.02
368.32 0.00 115892 1716 0.02
356.44 0.00 123184 2256 0.03
363.73 0.00 115892 1744 0.02
366.34 0.00 115892 1720 0.02
366.34 0.00 115892 1720 0.02
368.32 0.00 115892 1716 0.02
107.92 0.00 17380 744 0.01
366.34 0.00 115892 1792 0.02
362.75 0.00 115892 1672 0.02
357.43 0.00 123184 2256 0.03
366.34 0.00 115892 1716 0.02
356.44 0.00 123184 2240 0.03
367.33 0.00 115892 1904 0.02
357.43 0.00 123184 2260 0.03
366.34 0.00 115892 1716 0.02
366.34 0.00 115892 1784 0.02
366.34 0.00 115892 1888 0.02
357.43 0.00 123184 2260 0.03
139.60 0.00 25768 1660 0.02
358.42 0.00 123184 2208 0.03
362.38 0.00 123184 2300 0.03
368.00 0.00 115892 1872 0.02
372.00 0.00 115892 1716 0.02
357.43 0.00 123184 2240 0.03
365.35 0.00 115892 1720 0.02
356.44 0.00 123184 2192 0.03
139.60 0.00 25768 1764 0.02
365.35 0.00 115892 1756 0.02
366.34 0.00 115892 1724 0.02
357.43 0.00 123184 2360 0.03
367.33 0.00 115892 1768 0.02
367.33 0.00 115892 1784 0.02
356.44 0.00 123184 2356 0.03
364.36 0.00 115892 1760 0.02
367.33 0.00 115892 1872 0.02
366.34 0.00 115892 1708 0.02
354.90 0.00 123184 2188 0.03
365.35 0.00 115892 1712 0.02
367.33 0.00 115892 1712 0.02
366.34 0.00 115892 1724 0.02
370.00 0.00 115892 1892 0.02
365.35 0.00 115892 1724 0.02
364.36 0.00 115892 1892 0.02
366.34 0.00 115892 1716 0.02
365.35 0.00 115892 1824 0.02
365.35 0.00 115892 1724 0.02
368.32 0.00 115892 1920 0.02
362.38 0.00 123184 2292 0.03
365.35 0.00 115892 1892 0.02
366.34 0.00 115892 1772 0.02
366.34 0.00 115892 1772 0.02
362.75 0.00 115892 1756 0.02
365.35 0.00 115892 1720 0.02
365.35 0.00 115892 1760 0.02
358.42 0.00 123184 2292 0.03
364.36 0.00 115892 1872 0.02
367.33 0.00 115892 1716 0.02
367.33 0.00 115892 1720 0.02
367.33 0.00 115892 1712 0.02
366.34 0.00 115892 1772 0.02
357.43 0.00 123184 2148 0.03
367.33 0.00 115892 1720 0.02
371.00 0.00 115892 1716 0.02
357.43 0.00 123184 2256 0.03
357.43 0.00 123184 2236 0.03
369.00 0.00 115892 1724 0.02
359.41 0.00 123184 2392 0.03
368.32 0.00 115892 1720 0.02
357.43 0.00 123184 2176 0.03
368.32 0.00 115892 1788 0.02
368.32 0.00 115892 1920 0.02
367.33 0.00 115892 1724 0.02
368.32 0.00 115892 1720 0.02
357.43 0.00 123184 2240 0.03
367.33 0.00 115892 1712 0.02
366.34 0.00 115892 1880 0.02
358.42 0.00 123184 2192 0.03
366.34 0.00 115892 1772 0.02
359.41 0.00 123184 2388 0.03
355.45 0.00 123184 2328 0.03
368.32 0.00 115892 1920 0.02
366.34 0.00 115892 1712 0.02
365.35 0.00 115892 1892 0.02
357.43 0.00 123184 2340 0.03
366.34 0.00 115892 1836 0.02
367.33 0.00 115892 1708 0.02
366.34 0.00 115892 1720 0.02
365.35 0.00 115892 1756 0.02
103.96 0.00 17376 752 0.01
370.30 0.00 0 0 0.00
357.43 0.00 123184 2184 0.03
368.32 0.00 115892 1924 0.02
370.00 0.00 115892 1712 0.02
365.35 0.00 115892 1792 0.02
365.35 0.00 115892 1772 0.02
366.34 0.00 115892 1788 0.02
357.43 0.00 123184 2240 0.03
366.34 0.00 115892 1792 0.02
371.00 0.00 115892 1720 0.02
290.10 0.00 123184 1916 0.02
138.61 0.00 25768 1704 0.02
370.00 0.00 115892 1716 0.02
365.35 0.00 115892 1712 0.02
366.34 0.00 115892 1784 0.02
138.61 0.00 25768 1816 0.02
190.00 0.00 123184 1768 0.02
357.43 0.00 123184 2200 0.03
366.34 0.00 115892 1768 0.02
363.37 0.00 123184 2564 0.03
365.35 0.00 115892 1868 0.02
356.44 0.00 123184 2292 0.03
356.44 0.00 123184 2240 0.03
367.33 0.00 115892 1716 0.02
364.36 0.00 115892 1888 0.02
370.00 0.00 115892 1788 0.02
365.35 0.00 115892 1824 0.02
368.32 0.00 115892 1716 0.02
287.13 0.00 123184 1976 0.02
366.34 0.00 115892 1768 0.02
367.33 0.00 115892 1716 0.02
370.00 0.00 115892 1816 0.02
367.33 0.00 115892 1724 0.02
367.33 0.00 115892 1788 0.02
356.44 0.00 123184 2228 0.03
366.34 0.00 115892 1788 0.02
368.32 0.00 115892 1716 0.02
365.35 0.00 115892 1888 0.02
366.34 0.00 116152 1976 0.02
356.44 0.00 123184 2336 0.03
355.45 0.00 123184 2224 0.03
366.34 0.00 115892 1724 0.02
367.33 0.00 115892 1744 0.02
369.31 0.00 115892 1744 0.02
364.36 0.00 115892 1892 0.02
364.36 0.00 115892 1888 0.02
139.60 0.00 25768 1656 0.02
184.16 0.00 123184 1688 0.02
365.35 0.00 115892 1892 0.02
367.33 0.00 115892 1740 0.02
