356.44 0.00 123184 2240 0.03
167.33 0.00 50356 1656 0.02
368.32 0.00 115892 1712 0.02
364.36 0.00 115892 1888 0.02
356.44 0.00 123184 2292 0.03
105.94 0.00 17376 756 0.01
140.59 0.00 25768 1664 0.02
371.00 0.00 115892 1716 0.02
367.33 0.00 115892 1784 0.02
356.44 0.00 123184 2336 0.03
356.44 0.00 123184 2208 0.03
359.41 0.00 123184 2212 0.03
133.66 0.00 17572 1816 0.02
355.45 0.00 123184 2236 0.03
368.32 0.00 115892 1720 0.02
367.33 0.00 115892 1920 0.02
368.32 0.00 115892 1744 0.02
359.41 0.00 123184 2304 0.03
360.40 0.00 123184 2236 0.03
368.32 0.00 115892 1716 0.02
366.34 0.00 115892 1724 0.02
362.75 0.00 115892 1792 0.02
358.42 0.00 123184 2304 0.03
202.97 0.00 123184 1852 0.02
357.43 0.00 123184 2256 0.03
374.00 0.00 0 0 0.00
366.34 0.00 115892 1720 0.02
362.38 0.00 123184 2456 0.03
368.32 0.00 115892 1712 0.02
277.00 0.00 123184 1976 0.02
357.43 0.00 123184 2176 0.03
357.43 0.00 123184 2188 0.03
357.43 0.00 123184 2176 0.03
366.34 0.00 115892 1712 0.02
361.39 0.00 123184 2228 0.03
370.30 0.00 0 0 0.00
356.44 0.00 123184 2336 0.03
368.32 0.00 115892 1920 0.02
367.33 0.00 115892 1740 0.02
355.88 0.00 123184 2188 0.03
368.32 0.00 115892 1716 0.02
365.35 0.00 115892 1892 0.02
145.54 0.00 50356 1836 0.02
275.25 0.00 123184 1944 0.02
364.36 0.00 123184 2472 0.03
362.38 0.00 123184 2568 0.03
366.34 0.00 115892 1820 0.02
366.34 0.00 115892 1768 0.02
360.00 0.00 123184 2260 0.03
182.35 0.00 123184 1684 0.02
356.44 0.00 123184 2292 0.03
358.42 0.00 123184 2260 0.03
368.32 0.00 115892 1832 0.02
365.35 0.00 115892 1724 0.02
366.34 0.00 115892 1724 0.02
366.34 0.00 115892 1716 0.02
364.36 0.00 123184 2556 0.03
289.11 0.00 123184 2076 0.03
364.36 0.00 115892 1888 0.02
366.34 0.00 115892 1772 0.02
367.33 0.00 115892 1744 0.02
358.42 0.00 123184 2212 0.03
358.42 0.00 123184 2184 0.03
356.44 0.00 123184 2252 0.03
107.92 0.00 17380 696 0.01
366.34 0.00 115892 1824 0.02
366.34 0.00 115892 1736 0.02
361.00 0.00 123184 2228 0.03
370.30 0.00 0 0 0.00
357.84 0.00 123184 2188 0.03
367.33 0.00 115892 1788 0.02
366.34 0.00 115892 1788 0.02
367.33 0.00 115892 1720 0.02
365.35 0.00 115892 1724 0.02
358.42 0.00 123184 2208 0.03
356.44 0.00 123184 2336 0.03
141.00 0.00 25768 1700 0.02
366.34 0.00 115892 1724 0.02
139.22 0.00 25768 1664 0.02
367.33 0.00 115892 1824 0.02
369.31 0.00 115892 1944 0.02
63.37 0.00 10372 544 0.01
364.36 0.00 115892 1872 0.02
357.43 0.00 123184 2184 0.03
368.32 0.00 115892 1716 0.02
356.44 0.00 123184 2236 0.03
369.31 0.00 0 0 0.00
363.37 0.00 123184 2452 0.03
365.35 0.00 115892 1712 0.02
358.42 0.00 123184 2300 0.03
353.92 0.00 123184 2260 0.03
342.00 0.00 123184 2188 0.03
357.43 0.00 123184 2224 0.03
362.75 0.00 115892 1744 0.02
356.44 0.00 123184 2224 0.03
357.43 0.00 123184 2236 0.03
367.33 0.00 115892 1724 0.02
359.41 0.00 123184 2392 0.03
72.28 0.00 17360 704 0.01
199.01 0.00 123184 1868 0.02
356.44 0.00 123184 2228 0.03
356.44 0.00 123184 2260 0.03
365.35 0.00 115892 1824 0.02
366.34 0.00 115892 1832 0.02
354.90 0.00 123184 2212 0.03
359.41 0.00 123184 2304 0.03
187.13 0.00 123184 1716 0.02
366.34 0.00 115892 1788 0.02
365.35 0.00 115892 1888 0.02
366.34 0.00 115892 1696 0.02
366.34 0.00 115892 1836 0.02
356.44 0.00 123184 2224 0.03
356.44 0.00 123184 2236 0.03
139.60 0.00 25768 1776 0.02
369.31 0.00 115892 1924 0.02
357.43 0.00 123184 2308 0.03
355.45 0.00 123184 2336 0.03
139.60 0.00 25768 1668 0.02
108.00 0.00 17380 704 0.01
371.29 0.00 0 0 0.00
366.34 0.00 115892 1708 0.02
358.42 0.00 123184 2184 0.03
367.33 0.00 115892 1708 0.02
356.44 0.00 123184 2236 0.03
356.44 0.00 123184 2340 0.03
367.33 0.00 115892 1788 0.02
361.00 0.00 123184 2236 0.03
366.34 0.00 115892 1712 0.02
367.33 0.00 115892 1720 0.02
367.33 0.00 115892 1836 0.02
366.34 0.00 115892 1788 0.02
358.42 0.00 123184 2188 0.03
140.59 0.00 25768 1732 0.02
140.59 0.00 25768 1776 0.02
366.34 0.00 115892 1720 0.02
358.42 0.00 123184 2288 0.03
368.32 0.00 115892 1924 0.02
372.00 0.00 115892 1836 0.02
361.00 0.00 123184 2256 0.03
83.17 0.00 17376 704 0.01
371.29 0.00 0 0 0.00
357.43 0.00 123184 2176 0.03
366.34 0.00 115892 1724 0.02
367.33 0.00 115892 1716 0.02
182.18 0.00 123184 1836 0.02
368.00 0.00 123184 2524 0.03
366.34 0.00 115892 1708 0.02
369.00 0.00 115892 1720 0.02
366.34 0.00 115892 1692 0.02
367.33 0.00 115892 1716 0.02
358.42 0.00 123184 2176 0.03
359.41 0.00 123184 2388 0.03
368.32 0.00 115892 1716 0.02
357.43 0.00 123184 2260 0.03
359.41 0.00 123184 2372 0.03
361.00 0.00 123184 2192 0.03
137.62 0.00 25768 1812 0.02
359.41 0.00 123184 2184 0.03
359.41 0.00 123184 2304 0.03
138.61 0.00 25768 1660 0.02
364.71 0.00 115892 1920 0.02
367.33 0.00 115892 1744 0.02
367.33 0.00 115892 1796 0.02
366.34 0.00 115892 1784 0.02
140.59 0.00 25768 1660 0.02
366.34 0.00 115892 1716 0.02
363.00 0.00 123184 2388 0.03
367.33 0.00 115892 1784 0.02
367.33 0.00 115892 1720 0.02
366.34 0.00 115892 1716 0.02
366.34 0.00 115892 1824 0.02
357.43 0.00 123184 2188 0.03
366.34 0.00 115892 1724 0.02
367.33 0.00 115892 1768 0.02
368.32 0.00 115892 1924 0.02
357.43 0.00 123184 2356 0.03
359.41 0.00 123184 2188 0.03
362.38 0.00 123184 2440 0.03
366.34 0.00 115892 1700 0.02
364.36 0.00 115892 1872 0.02
366.34 0.00 115892 1724 0.02
357.43 0.00 123184 2236 0.03
133.33 0.00 17572 1768 0.02
362.38 0.00 123184 2236 0.03
358.42 0.00 123184 2184 0.03
367.00 0.00 123184 2220 0.03
366.34 0.00 115892 1740 0.02
366.34 0.00 115892 1768 0.02
366.34 0.00 115892 1784 0.02
372.28 0.00 0 0 0.00
359.41 0.00 123184 2300 0.03
357.43 0.00 123184 2228 0.03
370.30 0.00 0 0 0.00
357.43 0.00 123184 2184 0.03
365.35 0.00 115892 1760 0.02
366.34 0.00 115892 1788 0.02
367.33 0.00 115892 1716 0.02
366.34 0.00 115892 1768 0.02
366.34 0.00 115892 1708 0.02
358.42 0.00 123184 2212 0.03
367.33 0.00 115892 1716 0.02
366.34 0.00 115892 1824 0.02
366.34 0.00 115892 1820 0.02
366.34 0.00 115892 1788 0.02
140.59 0.00 25768 1660 0.02
356.44 0.00 123184 2180 0.03
140.59 0.00 25768 1716 0.02
357.43 0.00 123184 2192 0.03
368.32 0.00 115892 1716 0.02
367.33 0.00 115892 1772 0.02
369.31 0.00 115892 1712 0.02
367.33 0.00 115892 1712 0.02
367.33 0.00 115892 1820 0.02
289.11 0.00 123184 2092 0.03
357.43 0.00 123184 2180 0.03
357.43 0.00 123184 2240 0.03
367.33 0.00 115892 1720 0.02
356.44 0.00 123184 2340 0.03
363.73 0.00 115892 1744 0.02
357.43 0.00 123184 2180 0.03
267.65 0.00 123184 2024 0.02
365.35 0.00 115892 1872 0.02
360.00 0.00 123184 2356 0.03
366.34 0.00 115892 1892 0.02
356.44 0.00 123184 2192 0.03
366.34 0.00 115892 1724 0.02
366.34 0.00 115892 1788 0.02
366.34 0.00 115892 1708 0.02
366.34 0.00 115892 1712 0.02
366.34 0.00 115892 1708 0.02
358.42 0.00 123184 2236 0.03
356.44 0.00 123184 2240 0.03
367.33 0.00 115892 1920 0.02
369.31 0.00 115892 1924 0.02
372.00 0.00 115892 1716 0.02
357.43 0.00 123184 2200 0.03
367.33 0.00 115892 1744 0.02
331.37 0.00 123184 2292 0.03
182.18 0.00 123184 1664 0.02
359.41 0.00 123184 2208 0.03
357.43 0.00 123184 2160 0.03
364.36 0.00 115892 1760 0.02
367.33 0.00 115892 1720 0.02
366.34 0.00 115892 1708 0.02
367.33 0.00 115892 1740 0.02
367.33 0.00 115892 1824 0.02
366.34 0.00 115892 1824 0.02
362.00 0.00 123184 2188 0.03
357.43 0.00 123184 2184 0.03
370.30 0.00 0 0 0.00
367.33 0.00 115892 1716 0.02
367.33 0.00 115892 1832 0.02
365.35 0.00 115892 1892 0.02
367.33 0.00 115892 1816 0.02
139.60 0.00 25768 1660 0.02
360.40 0.00 123184 2176 0.03
361.39 0.00 123184 2192 0.03
372.28 0.00 0 0 0.00
357.43 0.00 123184 2184 0.03
365.35 0.00 115892 1712 0.02
364.36 0.00 115892 1756 0.02
366.34 0.00 115892 1784 0.02
371.00 0.00 115892 1716 0.02
139.60 0.00 25768 1836 0.02
139.60 0.00 25768 1660 0.02
365.35 0.00 115892 1888 0.02
365.35 0.00 115892 1788 0.02
367.33 0.00 115892 1824 0.02
364.36 0.00 115892 1892 0.02
356.44 0.00 123184 2224 0.03
367.33 0.00 115892 1920 0.02
356.44 0.00 123184 2240 0.03
357.43 0.00 123184 2180 0.03
367.33 0.00 115892 1824 0.02
366.34 0.00 115892 1724 0.02
367.33 0.00 115892 1720 0.02
367.33 0.00 115892 1924 0.02
366.34 0.00 115892 1720 0.02
361.00 0.00 123184 2224 0.03
129.70 0.00 17572 1700 0.02
206.93 0.00 123184 1664 0.02
141.58 0.00 25768 1776 0.02
367.33 0.00 115892 1716 0.02
367.33 0.00 115892 1708 0.02
359.41 0.00 123184 2392 0.03
366.34 0.00 115892 1724 0.02
368.32 0.00 115892 1712 0.02
357.43 0.00 123184 2192 0.03
356.44 0.00 123184 2256 0.03
139.60 0.00 25768 1664 0.02
357.43 0.00 123184 2212 0.03
365.35 0.00 115892 1872 0.02
367.33 0.00 115892 1716 0.02
365.35 0.00 115892 1872 0.02
364.36 0.00 115892 1756 0.02
366.34 0.00 115892 1712 0.02
140.59 0.00 25768 1768 0.02
357.43 0.00 123184 2240 0.03
329.70 0.00 123184 2228 0.03
366.34 0.00 115892 1760 0.02
367.33 0.00 115892 1712 0.02
365.35 0.00 115892 1716 0.02
371.00 0.00 115892 1832 0.02
367.33 0.00 115892 1724 0.02
366.34 0.00 115892 1868 0.02
368.32 0.00 115892 1920 0.02
358.42 0.00 123184 2208 0.03
275.25 0.00 123184 1924 0.02
356.44 0.00 123184 2236 0.03
366.34 0.00 115892 1716 0.02
366.34 0.00 115892 1792 0.02
357.43 0.00 123184 2340 0.03
366.34 0.00 115892 1708 0.02
357.43 0.00 123184 2252 0.03
69.31 0.00 14252 612 0.01
361.39 0.00 123184 2180 0.03
360.00 0.00 123184 2336 0.03
370.00 0.00 115892 1820 0.02
367.33 0.00 115892 1792 0.02
365.35 0.00 115892 1760 0.02
372.28 0.00 0 0 0.00
369.31 0.00 0 0 0.00
235.64 0.00 123184 2096 0.03
358.42 0.00 123184 2304 0.03
361.00 0.00 123184 2184 0.03
369.31 0.00 115892 1924 0.02
366.34 0.00 115892 1788 0.02
366.34 0.00 115892 1720 0.02
368.32 0.00 115892 1712 0.02
366.34 0.00 115892 1816 0.02
358.42 0.00 123184 2176 0.03
140.59 0.00 25768 1688 0.02
370.00 0.00 115892 1704 0.02
367.00 0.00 123184 2568 0.03
366.34 0.00 115892 1788 0.02
371.00 0.00 115892 1836 0.02
367.33 0.00 115892 1712 0.02
177.00 0.00 123184 1704 0.02
358.42 0.00 123184 2288 0.03
139.60 0.00 25768 1716 0.02
359.41 0.00 123184 2176 0.03
366.34 0.00 115892 1720 0.02
366.34 0.00 115892 1716 0.02
367.33 0.00 115892 1784 0.02
353.92 0.00 123184 2252 0.03
139.60 0.00 25768 1664 0.02
359.41 0.00 123184 2184 0.03
358.42 0.00 123184 2184 0.03
367.33 0.00 115892 1744 0.02
367.33 0.00 115892 1712 0.02
367.33 0.00 115892 1724 0.02
361.39 0.00 123184 2184 0.03
367.33 0.00 115892 1716 0.02
357.43 0.00 123184 2192 0.03
358.42 0.00 123184 2180 0.03
368.32 0.00 115892 1832 0.02
366.34 0.00 115892 1820 0.02
369.31 0.00 115892 1712 0.02
367.33 0.00 115892 1836 0.02
359.41 0.00 123184 2360 0.03
140.59 0.00 25768 1660 0.02
355.88 0.00 123184 2256 0.03
359.41 0.00 123184 2188 0.03
357.43 0.00 123184 2240 0.03
357.43 0.00 123184 2184 0.03
359.80 0.00 123184 2184 0.03
358.42 0.00 123184 2180 0.03
359.41 0.00 123184 2180 0.03
358.42 0.00 123184 2292 0.03
365.35 0.00 115892 1868 0.02
357.43 0.00 123184 2184 0.03
357.43 0.00 123184 2252 0.03
138.24 0.00 25768 1656 0.02
356.44 0.00 123184 2360 0.03
139.60 0.00 25768 1660 0.02
139.60 0.00 25768 1668 0.02
366.34 0.00 115892 1788 0.02
367.33 0.00 115892 1716 0.02
367.33 0.00 115892 1708 0.02
366.34 0.00 115892 1768 0.02
365.35 0.00 115892 1892 0.02
363.00 0.00 123184 2388 0.03
366.34 0.00 115892 1724 0.02
366.34 0.00 115892 1712 0.02
368.32 0.00 115892 1832 0.02
366.34 0.00 115892 1708 0.02
371.00 0.00 115892 1724 0.02
366.34 0.00 115892 1836 0.02
365.35 0.00 123184 2488 0.03
139.60 0.00 25768 1664 0.02
139.60 0.00 25768 1652 0.02
369.00 0.00 115892 1820 0.02
365.35 0.00 115892 1824 0.02
367.33 0.00 115892 1836 0.02
365.35 0.00 115892 1756 0.02
366.34 0.00 115892 1824 0.02
360.00 0.00 123184 2224 0.03
194.06 0.00 123184 1832 0.02
366.34 0.00 115892 1724 0.02
366.34 0.00 115892 1872 0.02
363.00 0.00 123184 2336 0.03
368.00 0.00 115892 1892 0.02
366.34 0.00 115892 1768 0.02
358.42 0.00 123184 2184 0.03
358.42 0.00 123184 2304 0.03
364.36 0.00 115892 1868 0.02
134.65 0.00 17572 1688 0.02
369.00 0.00 115892 1756 0.02
364.36 0.00 115892 1756 0.02
366.34 0.00 115892 1772 0.02
366.34 0.00 115892 1708 0.02
368.32 0.00 0 0 0.00
353.92 0.00 123184 2188 0.03
355.45 0.00 123184 2336 0.03
366.34 0.00 115892 1724 0.02
364.00 0.00 123184 2260 0.03
366.34 0.00 115892 1772 0.02
364.36 0.00 115892 1892 0.02
367.33 0.00 115892 1720 0.02
366.34 0.00 115892 1716 0.02
357.43 0.00 123184 2240 0.03
370.30 0.00 0 0 0.00
365.35 0.00 115892 1872 0.02
371.00 0.00 115892 1836 0.02
371.00 0.00 115892 1716 0.02
365.35 0.00 115892 1892 0.02
367.33 0.00 115892 1768 0.02
366.34 0.00 115892 1724 0.02
370.00 0.00 115892 1788 0.02
360.40 0.00 123184 2392 0.03
357.43 0.00 123184 2256 0.03
142.57 0.00 33964 1660 0.02
362.75 0.00 115892 1820 0.02
361.39 0.00 123184 2360 0.03
366.34 0.00 115892 1720 0.02
366.34 0.00 115892 1724 0.02
370.00 0.00 115892 1824 0.02
358.42 0.00 123184 2180 0.03
140.59 0.00 25768 1656 0.02
357.43 0.00 123184 2236 0.03
288.12 0.00 123184 1972 0.02
356.44 0.00 123184 2360 0.03
367.33 0.00 115892 1716 0.02
370.00 0.00 115892 1720 0.02
366.34 0.00 115892 1712 0.02
357.43 0.00 123184 2188 0.03
357.43 0.00 123184 2180 0.03
367.33 0.00 115892 1708 0.02
357.43 0.00 123184 2188 0.03
362.38 0.00 123184 2392 0.03
365.35 0.00 115892 1872 0.02
366.34 0.00 115892 1788 0.02
367.33 0.00 115892 1924 0.02
368.32 0.00 115892 1920 0.02
365.35 0.00 115892 1868 0.02
368.32 0.00 115892 1944 0.02
358.42 0.00 123184 2212 0.03
280.20 0.00 123184 2092 0.03
365.35 0.00 115892 1708 0.02
366.34 0.00 115892 1716 0.02
370.30 0.00 0 0 0.00
140.59 0.00 25768 1652 0.02
361.39 0.00 123184 2440 0.03
357.43 0.00 123184 2288 0.03
357.43 0.00 123184 2188 0.03
370.30 0.00 115892 1868 0.02
138.61 0.00 25768 1712 0.02
370.00 0.00 115892 1772 0.02
367.33 0.00 115892 1744 0.02
141.58 0.00 25768 1864 0.02
366.34 0.00 115892 1716 0.02
366.34 0.00 115892 1792 0.02
366.34 0.00 115892 1772 0.02
168.32 0.00 50356 1688 0.02
138.61 0.00 25768 1664 0.02
84.16 0.00 17376 720 0.01
356.44 0.00 123184 2176 0.03
357.43 0.00 123184 2236 0.03
357.43 0.00 123184 2236 0.03
365.35 0.00 115892 1888 0.02
216.83 0.00 123184 1816 0.02
140.59 0.00 25768 1684 0.02
357.43 0.00 123184 2256 0.03
370.00 0.00 115892 1692 0.02
356.44 0.00 123184 2240 0.03
358.42 0.00 123184 2192 0.03
368.32 0.00 115892 1684 0.02
366.34 0.00 115892 1724 0.02
357.43 0.00 123184 2236 0.03
356.44 0.00 123184 2240 0.03
359.41 0.00 123184 2180 0.03
358.42 0.00 123184 2188 0.03
366.34 0.00 115892 1792 0.02
368.32 0.00 115892 1924 0.02
361.39 0.00 123184 2240 0.03
