368.32 0.00 0 0 0.00
139.60 0.00 25768 1668 0.02
288.12 0.00 123184 2024 0.02
357.43 0.00 123184 2292 0.03
356.44 0.00 123184 2192 0.03
365.35 0.00 115892 1760 0.02
355.45 0.00 123184 2224 0.03
366.34 0.00 115892 1720 0.02
356.44 0.00 123184 2188 0.03
162.75 0.00 50356 1660 0.02
356.44 0.00 123184 2240 0.03
365.35 0.00 123184 2452 0.03
357.43 0.00 123184 2236 0.03
361.00 0.00 123184 2188 0.03
356.44 0.00 123184 2192 0.03
358.82 0.00 123184 2388 0.03
357.43 0.00 123184 2184 0.03
363.73 0.00 115892 1920 0.02
357.43 0.00 123184 2212 0.03
166.34 0.00 50356 1660 0.02
352.94 0.00 123184 2180 0.03
365.69 0.00 0 0 0.00
358.00 0.00 123184 2340 0.03
366.34 0.00 115892 1720 0.02
366.34 0.00 115892 1788 0.02
363.37 0.00 115892 1756 0.02
138.61 0.00 25768 1816 0.02
184.16 0.00 123184 1780 0.02
356.44 0.00 123184 2236 0.03
355.45 0.00 123184 2180 0.03
358.42 0.00 123184 2388 0.03
359.00 0.00 123184 2240 0.03
356.44 0.00 123184 2300 0.03
375.00 0.00 0 0 0.00
357.43 0.00 123184 2184 0.03
364.36 0.00 115892 1892 0.02
370.00 0.00 115892 1772 0.02
355.45 0.00 123184 2336 0.03
357.43 0.00 123184 2252 0.03
365.00 0.00 123184 2288 0.03
360.40 0.00 123184 2188 0.03
365.35 0.00 115892 1772 0.02
361.39 0.00 123184 2212 0.03
358.42 0.00 123184 2208 0.03
362.38 0.00 123184 2568 0.03
357.43 0.00 123184 2236 0.03
356.44 0.00 123184 2224 0.03
367.33 0.00 115892 1924 0.02
367.33 0.00 115892 1924 0.02
356.44 0.00 123184 2184 0.03
136.27 0.00 25768 1704 0.02
355.45 0.00 123184 2188 0.03
164.36 0.00 50356 1712 0.02
356.44 0.00 123184 2256 0.03
139.60 0.00 25768 1668 0.02
351.96 0.00 123184 2292 0.03
355.45 0.00 123184 2336 0.03
362.38 0.00 123184 2392 0.03
365.35 0.00 115892 1712 0.02
365.35 0.00 115892 1720 0.02
355.45 0.00 123184 2180 0.03
358.82 0.00 123184 2300 0.03
358.42 0.00 123184 2208 0.03
364.36 0.00 115892 1760 0.02
360.00 0.00 123184 2184 0.03
367.33 0.00 115892 1924 0.02
138.61 0.00 25768 1652 0.02
364.36 0.00 123184 2440 0.03
131.68 0.00 17572 1656 0.02
356.44 0.00 123184 2356 0.03
355.45 0.00 123184 2288 0.03
367.33 0.00 115892 1716 0.02
365.35 0.00 115892 1788 0.02
351.96 0.00 123184 2236 0.03
169.31 0.00 119408 1668 0.02
133.66 0.00 17572 1768 0.02
356.44 0.00 123184 2292 0.03
364.36 0.00 115892 1732 0.02
355.45 0.00 123184 2228 0.03
363.37 0.00 115892 1740 0.02
358.42 0.00 123184 2212 0.03
370.30 0.00 115892 1712 0.02
372.00 0.00 0 0 0.00
356.44 0.00 123184 2192 0.03
367.33 0.00 115892 1924 0.02
188.12 0.00 123184 1660 0.02
355.45 0.00 123184 2340 0.03
357.43 0.00 123184 2184 0.03
357.43 0.00 123184 2256 0.03
369.00 0.00 115892 1724 0.02
359.41 0.00 123184 2188 0.03
139.60 0.00 25768 1712 0.02
137.62 0.00 25768 1716 0.02
357.43 0.00 123184 2252 0.03
140.59 0.00 25768 1664 0.02
356.44 0.00 123184 2256 0.03
352.94 0.00 123184 2260 0.03
361.39 0.00 123184 2188 0.03
352.94 0.00 123184 2340 0.03
355.45 0.00 123184 2336 0.03
358.42 0.00 123184 2388 0.03
356.44 0.00 123184 2340 0.03
353.92 0.00 123184 2292 0.03
137.62 0.00 25768 1700 0.02
72.28 0.00 17360 740 0.01
366.34 0.00 115892 1740 0.02
357.43 0.00 123184 2184 0.03
167.33 0.00 50356 1660 0.02
367.33 0.00 115892 1832 0.02
359.41 0.00 123184 2236 0.03
356.44 0.00 123184 2236 0.03
368.32 0.00 115892 1924 0.02
365.35 0.00 115892 1724 0.02
364.36 0.00 119668 2264 0.03
360.00 0.00 123184 2300 0.03
367.33 0.00 115892 1924 0.02
354.46 0.00 123184 2356 0.03
367.33 0.00 115892 1836 0.02
364.36 0.00 115892 1756 0.02
370.30 0.00 0 0 0.00
357.43 0.00 123184 2180 0.03
366.67 0.00 0 0 0.00
356.44 0.00 123184 2192 0.03
357.43 0.00 123184 2300 0.03
355.45 0.00 123184 2188 0.03
359.41 0.00 123184 2236 0.03
355.45 0.00 123184 2260 0.03
364.36 0.00 123184 2520 0.03
369.00 0.00 115892 1724 0.02
355.45 0.00 123184 2356 0.03
369.00 0.00 115892 1760 0.02
360.00 0.00 123184 2184 0.03
356.44 0.00 123184 2192 0.03
358.00 0.00 123184 2240 0.03
357.43 0.00 123184 2192 0.03
364.36 0.00 115892 1824 0.02
137.62 0.00 25768 1836 0.02
356.44 0.00 123184 2184 0.03
361.39 0.00 123184 2288 0.03
353.92 0.00 123184 2260 0.03
357.43 0.00 123184 2188 0.03
360.40 0.00 123184 2504 0.03
357.43 0.00 123184 2248 0.03
368.32 0.00 115892 1720 0.02
355.45 0.00 123184 2184 0.03
293.00 0.00 123184 2128 0.03
104.95 0.00 17376 680 0.01
365.35 0.00 115892 1820 0.02
366.34 0.00 115892 1772 0.02
364.36 0.00 115892 1888 0.02
356.44 0.00 123184 2240 0.03
140.59 0.00 25768 1660 0.02
103.96 0.00 17376 740 0.01
361.39 0.00 123184 2184 0.03
358.42 0.00 123184 2256 0.03
139.60 0.00 25768 1780 0.02
357.43 0.00 123184 2184 0.03
133.66 0.00 17572 1768 0.02
356.44 0.00 123184 2184 0.03
355.45 0.00 123184 2360 0.03
365.35 0.00 115892 1832 0.02
364.00 0.00 123184 2176 0.03
357.43 0.00 123184 2176 0.03
352.94 0.00 123184 2240 0.03
365.35 0.00 115892 1788 0.02
354.90 0.00 123184 2376 0.03
132.67 0.00 17572 1716 0.02
369.00 0.00 115892 1820 0.02
359.41 0.00 123184 2356 0.03
370.30 0.00 0 0 0.00
360.00 0.00 123184 2292 0.03
356.44 0.00 123184 2240 0.03
165.00 0.00 50356 1816 0.02
355.45 0.00 123184 2228 0.03
358.42 0.00 123184 2304 0.03
355.45 0.00 123184 2188 0.03
367.33 0.00 115892 1920 0.02
362.38 0.00 123184 2568 0.03
360.40 0.00 123184 2292 0.03
359.41 0.00 123184 2184 0.03
356.44 0.00 123184 2188 0.03
356.44 0.00 123184 2240 0.03
357.43 0.00 123184 2208 0.03
185.15 0.00 123184 1776 0.02
280.20 0.00 123184 2060 0.03
360.40 0.00 123184 2504 0.03
356.44 0.00 123184 2192 0.03
367.33 0.00 115892 1720 0.02
365.35 0.00 115892 1760 0.02
356.44 0.00 123184 2180 0.03
367.00 0.00 123184 2492 0.03
364.36 0.00 115892 1868 0.02
365.35 0.00 115892 1712 0.02
367.33 0.00 115892 1924 0.02
356.44 0.00 123184 2300 0.03
256.44 0.00 123184 2036 0.02
356.44 0.00 123184 2288 0.03
371.29 0.00 0 0 0.00
357.43 0.00 123184 2208 0.03
289.11 0.00 123184 1944 0.02
354.46 0.00 123184 2236 0.03
366.34 0.00 119668 2256 0.03
371.00 0.00 0 0 0.00
136.63 0.00 25768 1832 0.02
356.44 0.00 123184 2188 0.03
355.45 0.00 123184 2240 0.03
356.44 0.00 123184 2188 0.03
351.96 0.00 123184 2188 0.03
286.14 0.00 123184 1976 0.02
186.14 0.00 123184 1700 0.02
130.69 0.00 17572 1664 0.02
366.34 0.00 115892 1788 0.02
365.35 0.00 115892 1720 0.02
183.17 0.00 123184 1832 0.02
104.95 0.00 17376 748 0.01
351.96 0.00 123184 2236 0.03
80.20 0.00 17376 736 0.01
356.44 0.00 123184 2360 0.03
136.63 0.00 25768 1816 0.02
352.94 0.00 123184 2260 0.03
361.39 0.00 123184 2492 0.03
356.44 0.00 123184 2184 0.03
355.45 0.00 123184 2340 0.03
364.36 0.00 115892 1756 0.02
360.00 0.00 123184 2188 0.03
354.46 0.00 123184 2240 0.03
356.44 0.00 123184 2256 0.03
355.45 0.00 123184 2236 0.03
357.43 0.00 123184 2300 0.03
363.37 0.00 115892 1868 0.02
305.00 0.00 123184 2340 0.03
361.39 0.00 123184 2452 0.03
353.92 0.00 123184 2180 0.03
365.35 0.00 115892 1772 0.02
359.00 0.00 123184 2296 0.03
364.36 0.00 115892 1760 0.02
100.00 0.00 17376 708 0.01
354.46 0.00 123184 2360 0.03
356.44 0.00 123184 2296 0.03
138.61 0.00 25768 1668 0.02
356.44 0.00 123184 2212 0.03
355.45 0.00 123184 2224 0.03
185.15 0.00 123184 1836 0.02
132.35 0.00 17572 1868 0.02
132.67 0.00 17572 1800 0.02
357.43 0.00 123184 2304 0.03
365.35 0.00 123184 2180 0.03
285.15 0.00 123184 1992 0.02
358.42 0.00 123184 2292 0.03
361.39 0.00 123184 2616 0.03
360.40 0.00 123184 2180 0.03
369.31 0.00 0 0 0.00
366.34 0.00 115892 1720 0.02
358.42 0.00 123184 2304 0.03
358.42 0.00 123184 2392 0.03
356.44 0.00 123184 2336 0.03
355.45 0.00 123184 2228 0.03
366.34 0.00 115892 1788 0.02
356.44 0.00 123184 2180 0.03
362.38 0.00 123184 2184 0.03
138.61 0.00 25768 1712 0.02
358.42 0.00 123184 2392 0.03
353.92 0.00 123184 2392 0.03
361.76 0.00 115892 1788 0.02
366.34 0.00 115892 1820 0.02
366.34 0.00 115892 1716 0.02
370.30 0.00 0 0 0.00
364.36 0.00 123184 2456 0.03
355.45 0.00 123184 2192 0.03
366.34 0.00 115892 1712 0.02
356.44 0.00 123184 2300 0.03
357.43 0.00 123184 2192 0.03
365.69 0.00 0 0 0.00
126.73 0.00 17572 1668 0.02
359.41 0.00 123184 2180 0.03
365.35 0.00 115892 1724 0.02
187.13 0.00 123184 1664 0.02
181.19 0.00 123184 1712 0.02
356.44 0.00 123184 2180 0.03
140.59 0.00 25768 1868 0.02
366.34 0.00 115892 1824 0.02
366.34 0.00 115892 1720 0.02
367.33 0.00 115892 1924 0.02
359.41 0.00 123184 2392 0.03
140.59 0.00 25768 1660 0.02
167.00 0.00 50356 1732 0.02
366.34 0.00 115892 1748 0.02
356.44 0.00 123184 2208 0.03
355.45 0.00 123184 2180 0.03
356.44 0.00 123184 2240 0.03
165.35 0.00 50356 1732 0.02
355.45 0.00 123184 2236 0.03
139.60 0.00 25768 1668 0.02
274.26 0.00 123184 2092 0.03
357.43 0.00 123184 2188 0.03
370.30 0.00 0 0 0.00
100.98 0.00 17376 752 0.01
360.00 0.00 123184 2236 0.03
361.76 0.00 115892 1724 0.02
370.00 0.00 115892 1772 0.02
164.36 0.00 50356 1712 0.02
235.64 0.00 123184 1920 0.02
133.66 0.00 17572 1620 0.02
364.71 0.00 0 0 0.00
168.00 0.00 50356 1656 0.02
355.45 0.00 123184 2336 0.03
355.45 0.00 123184 2240 0.03
367.33 0.00 0 0 0.00
350.50 0.00 123184 2212 0.03
366.34 0.00 115892 1820 0.02
364.36 0.00 115892 1712 0.02
361.39 0.00 123184 2192 0.03
357.43 0.00 123184 2188 0.03
357.43 0.00 123184 2304 0.03
357.43 0.00 123184 2212 0.03
357.43 0.00 123184 2304 0.03
369.31 0.00 0 0 0.00
102.97 0.00 17376 708 0.01
355.45 0.00 123184 2180 0.03
105.00 0.00 17376 752 0.01
364.36 0.00 115892 1756 0.02
356.44 0.00 123184 2240 0.03
355.45 0.00 123184 2236 0.03
354.46 0.00 123184 2228 0.03
365.35 0.00 115892 1712 0.02
364.36 0.00 116152 2152 0.03
365.35 0.00 115892 1716 0.02
289.11 0.00 123184 1916 0.02
356.44 0.00 123184 2180 0.03
360.40 0.00 123184 2360 0.03
366.34 0.00 115892 1728 0.02
314.85 0.00 123184 2256 0.03
355.45 0.00 123184 2336 0.03
354.46 0.00 123184 2340 0.03
166.34 0.00 50356 1716 0.02
352.94 0.00 123184 2192 0.03
356.44 0.00 123184 2240 0.03
358.42 0.00 123184 2240 0.03
370.30 0.00 0 0 0.00
165.35 0.00 50356 1668 0.02
357.43 0.00 123184 2184 0.03
365.35 0.00 115892 1720 0.02
357.43 0.00 123184 2184 0.03
359.41 0.00 123184 2292 0.03
102.94 0.00 17376 708 0.01
358.42 0.00 123184 2388 0.03
364.00 0.00 123184 2240 0.03
354.46 0.00 123184 2236 0.03
356.44 0.00 123184 2336 0.03
363.37 0.00 115892 1828 0.02
358.42 0.00 123184 2336 0.03
167.33 0.00 50356 1688 0.02
139.60 0.00 25768 1764 0.02
137.62 0.00 25768 1652 0.02
365.35 0.00 115892 1756 0.02
355.45 0.00 123184 2188 0.03
140.59 0.00 25768 1780 0.02
357.43 0.00 123184 2212 0.03
357.43 0.00 123184 2176 0.03
366.34 0.00 115892 1716 0.02
367.33 0.00 115892 1924 0.02
366.34 0.00 115892 1836 0.02
368.00 0.00 115892 1888 0.02
357.43 0.00 123184 2304 0.03
357.43 0.00 123184 2256 0.03
356.44 0.00 123184 2208 0.03
361.00 0.00 123184 2300 0.03
365.35 0.00 115892 1712 0.02
106.93 0.00 17376 740 0.01
356.44 0.00 123184 2180 0.03
359.41 0.00 123184 2392 0.03
357.43 0.00 123184 2192 0.03
365.35 0.00 115892 1772 0.02
364.36 0.00 115892 1772 0.02
353.92 0.00 123184 2184 0.03
234.65 0.00 123184 2072 0.03
356.44 0.00 123184 2240 0.03
352.94 0.00 123184 2356 0.03
367.33 0.00 115892 1744 0.02
363.37 0.00 115892 1756 0.02
360.00 0.00 123184 2188 0.03
358.42 0.00 123184 2208 0.03
351.96 0.00 123184 2256 0.03
365.35 0.00 115892 1724 0.02
356.44 0.00 123184 2212 0.03
356.44 0.00 123184 2180 0.03
365.35 0.00 123184 2444 0.03
289.11 0.00 123184 1912 0.02
364.00 0.00 123184 2228 0.03
356.44 0.00 123184 2256 0.03
366.34 0.00 115892 1716 0.02
364.36 0.00 115892 1868 0.02
359.00 0.00 123184 2356 0.03
362.38 0.00 123184 2388 0.03
357.43 0.00 123184 2180 0.03
138.61 0.00 25768 1868 0.02
364.36 0.00 115892 1700 0.02
357.43 0.00 123184 2304 0.03
364.36 0.00 115892 1712 0.02
355.45 0.00 123184 2288 0.03
357.43 0.00 123184 2208 0.03
218.00 0.00 123184 1832 0.02
132.67 0.00 17572 1836 0.02
356.44 0.00 123184 2256 0.03
361.39 0.00 123184 2304 0.03
289.11 0.00 123184 1944 0.02
102.97 0.00 17376 708 0.01
364.00 0.00 123184 2188 0.03
357.43 0.00 123184 2304 0.03
362.38 0.00 123184 2500 0.03
365.35 0.00 115892 1768 0.02
367.33 0.00 115892 1740 0.02
355.45 0.00 123184 2336 0.03
370.00 0.00 115892 1712 0.02
355.45 0.00 123184 2176 0.03
139.60 0.00 25768 1868 0.02
361.00 0.00 123184 2240 0.03
356.44 0.00 123184 2176 0.03
139.00 0.00 25768 1656 0.02
366.34 0.00 123184 2648 0.03
369.00 0.00 115892 1724 0.02
361.00 0.00 123184 2212 0.03
369.00 0.00 115892 1716 0.02
361.39 0.00 123184 2304 0.03
136.63 0.00 25768 1712 0.02
365.35 0.00 115892 1724 0.02
357.43 0.00 123184 2212 0.03
356.44 0.00 123184 2176 0.03
361.00 0.00 123184 2180 0.03
353.92 0.00 123184 2184 0.03
373.00 0.00 0 0 0.00
358.00 0.00 123184 2360 0.03
366.34 0.00 115892 1720 0.02
355.45 0.00 123184 2340 0.03
356.44 0.00 123184 2260 0.03
366.34 0.00 115892 1712 0.02
355.45 0.00 123184 2292 0.03
356.44 0.00 123184 2180 0.03
356.44 0.00 123184 2172 0.03
365.35 0.00 115892 1720 0.02
359.00 0.00 123184 2340 0.03
366.34 0.00 115892 1832 0.02
357.43 0.00 123184 2300 0.03
366.34 0.00 115892 1820 0.02
365.35 0.00 115892 1724 0.02
357.43 0.00 123184 2184 0.03
137.62 0.00 25768 1832 0.02
356.44 0.00 123184 2212 0.03
367.33 0.00 0 0 0.00
357.43 0.00 123184 2208 0.03
139.60 0.00 25768 1660 0.02
356.44 0.00 123184 2192 0.03
130.39 0.00 17572 1656 0.02
357.43 0.00 123184 2260 0.03
359.41 0.00 123184 2180 0.03
366.34 0.00 115892 1896 0.02
165.35 0.00 50356 1836 0.02
366.34 0.00 115892 1712 0.02
355.45 0.00 123184 2192 0.03
363.37 0.00 123184 2648 0.03
364.36 0.00 115892 1760 0.02
359.41 0.00 123184 2388 0.03
366.34 0.00 115892 1716 0.02
365.35 0.00 123184 2456 0.03
356.44 0.00 123184 2260 0.03
356.44 0.00 123184 2336 0.03
369.00 0.00 115892 1820 0.02
361.00 0.00 123184 2188 0.03
356.44 0.00 123184 2192 0.03
363.37 0.00 123184 2476 0.03
138.61 0.00 25768 1712 0.02
132.67 0.00 17572 1736 0.02
365.35 0.00 115892 1836 0.02
365.35 0.00 115892 1756 0.02
365.35 0.00 115892 1868 0.02
356.44 0.00 123184 2208 0.03
356.44 0.00 123184 2252 0.03
365.35 0.00 115892 1720 0.02
355.45 0.00 123184 2240 0.03
357.43 0.00 123184 2288 0.03
359.41 0.00 123184 2356 0.03
363.37 0.00 115892 1760 0.02
369.31 0.00 0 0 0.00
357.43 0.00 123184 2300 0.03
371.00 0.00 115892 1924 0.02
364.36 0.00 115892 1708 0.02
364.36 0.00 115892 1872 0.02
364.36 0.00 123184 2568 0.03
357.43 0.00 123184 2260 0.03
366.34 0.00 115892 1836 0.02
356.44 0.00 123184 2252 0.03
361.76 0.00 115892 1784 0.02
357.43 0.00 123184 2184 0.03
366.34 0.00 115892 1724 0.02
366.34 0.00 115892 1716 0.02
364.36 0.00 115892 1872 0.02
365.35 0.00 115892 1788 0.02
365.35 0.00 115892 1792 0.02
357.43 0.00 123184 2256 0.03
288.12 0.00 123184 1972 0.02
355.45 0.00 123184 2336 0.03
365.35 0.00 115892 1788 0.02
169.00 0.00 50356 1688 0.02
144.55 0.00 42160 1688 0.02
104.95 0.00 17376 752 0.01
138.61 0.00 25768 1768 0.02
364.36 0.00 115892 1788 0.02
356.44 0.00 123184 2360 0.03
368.00 0.00 115892 1788 0.02
369.00 0.00 115892 1760 0.02
137.62 0.00 25768 1704 0.02
354.46 0.00 123184 2228 0.03
359.41 0.00 123184 2392 0.03
365.35 0.00 115892 1784 0.02
369.00 0.00 115892 1736 0.02
363.37 0.00 115892 1888 0.02
140.00 0.00 25768 1868 0.02
64.36 0.00 14252 544 0.01
357.43 0.00 123184 2236 0.03
364.36 0.00 115892 1756 0.02
366.34 0.00 115892 1716 0.02
365.35 0.00 115892 1772 0.02
354.46 0.00 123184 2356 0.03
360.00 0.00 123184 2228 0.03
147.00 0.00 42160 1864 0.02
354.46 0.00 123184 2240 0.03
373.00 0.00 0 0 0.00
352.48 0.00 123184 2336 0.03
356.44 0.00 123184 2356 0.03
357.43 0.00 123184 2180 0.03
366.34 0.00 115892 1716 0.02
361.39 0.00 123184 2520 0.03
365.00 0.00 123184 2292 0.03
357.43 0.00 123184 2300 0.03
362.38 0.00 123184 2304 0.03
369.00 0.00 115892 1788 0.02
366.34 0.00 115892 1832 0.02
362.00 0.00 123184 2188 0.03
141.00 0.00 25768 1868 0.02
120.79 0.00 17372 1864 0.02
139.60 0.00 25768 1668 0.02
366.34 0.00 115892 1824 0.02
369.00 0.00 115892 1712 0.02
371.00 0.00 115892 1920 0.02
368.32 0.00 115892 1924 0.02
136.63 0.00 25768 1704 0.02
370.00 0.00 115892 1836 0.02
354.46 0.00 123184 2312 0.03
355.45 0.00 123184 2336 0.03
357.43 0.00 123184 2300 0.03
354.46 0.00 123184 2224 0.03
366.34 0.00 115892 1732 0.02
358.42 0.00 123184 2392 0.03
356.44 0.00 123184 2184 0.03
355.45 0.00 123184 2228 0.03
357.43 0.00 123184 2240 0.03
356.44 0.00 123184 2240 0.03
355.45 0.00 123184 2236 0.03
371.29 0.00 0 0 0.00
364.36 0.00 115892 1712 0.02
185.00 0.00 123184 1652 0.02
357.43 0.00 123184 2184 0.03
356.44 0.00 123184 2236 0.03
358.42 0.00 123184 2388 0.03
356.44 0.00 123184 2188 0.03
359.00 0.00 123184 2288 0.03
360.40 0.00 123184 2140 0.03
109.90 0.00 17372 1664 0.02
365.35 0.00 115892 1712 0.02
356.44 0.00 123184 2208 0.03
145.00 0.00 42160 1764 0.02
354.46 0.00 123184 2240 0.03
358.42 0.00 123184 2392 0.03
357.43 0.00 123184 2188 0.03
163.37 0.00 130884 1812 0.02
362.00 0.00 123184 2388 0.03
365.35 0.00 115892 1820 0.02
358.82 0.00 123184 2500 0.03
134.65 0.00 17572 1688 0.02
356.44 0.00 123184 2184 0.03
358.42 0.00 123184 2304 0.03
360.40 0.00 123184 2292 0.03
365.35 0.00 115892 1788 0.02
364.36 0.00 115892 1760 0.02
357.43 0.00 123184 2180 0.03
139.60 0.00 25768 1656 0.02
138.61 0.00 25768 1656 0.02
354.46 0.00 123184 2340 0.03
144.55 0.00 50356 1816 0.02
365.35 0.00 115892 1888 0.02
356.44 0.00 123184 2184 0.03
103.96 0.00 17376 704 0.01
351.96 0.00 123184 2224 0.03
127.72 0.00 17572 1688 0.02
355.45 0.00 123184 2224 0.03
365.35 0.00 115892 1720 0.02
357.43 0.00 123184 2304 0.03
359.41 0.00 123184 2180 0.03
357.43 0.00 123184 2180 0.03
370.30 0.00 0 0 0.00
135.64 0.00 17572 1660 0.02
357.43 0.00 123184 2176 0.03
165.35 0.00 115892 1712 0.02
365.35 0.00 115892 1768 0.02
364.36 0.00 115892 1712 0.02
360.78 0.00 123184 2516 0.03
54.90 0.00 8232 296 0.00
355.45 0.00 123184 2228 0.03
366.34 0.00 115892 1920 0.02
364.36 0.00 115892 1712 0.02
359.00 0.00 123184 2168 0.03
357.43 0.00 123184 2180 0.03
360.00 0.00 123184 2188 0.03
358.42 0.00 123184 2212 0.03
357.43 0.00 123184 2304 0.03
366.34 0.00 115892 1720 0.02
357.43 0.00 123184 2180 0.03
358.42 0.00 123184 2176 0.03
92.00 0.00 17376 740 0.01
355.45 0.00 123184 2176 0.03
358.00 0.00 123184 2240 0.03
366.34 0.00 115892 1708 0.02
367.00 0.00 123184 2388 0.03
174.26 0.00 123184 1836 0.02
362.38 0.00 123184 2184 0.03
366.34 0.00 115892 1768 0.02
364.36 0.00 115892 1888 0.02
366.34 0.00 115892 1724 0.02
369.00 0.00 115892 1892 0.02
133.66 0.00 17572 1664 0.02
357.43 0.00 123184 2156 0.03
360.00 0.00 123184 2356 0.03
355.45 0.00 123184 2360 0.03
356.44 0.00 123184 2176 0.03
367.33 0.00 115892 1832 0.02
368.32 0.00 0 0 0.00
138.61 0.00 25768 1712 0.02
367.33 0.00 0 0 0.00
128.71 0.00 17572 1668 0.02
274.26 0.00 123184 1972 0.02
360.40 0.00 123184 2180 0.03
358.42 0.00 123184 2304 0.03
360.00 0.00 123184 2240 0.03
84.16 0.00 17376 708 0.01
143.00 0.00 33964 1768 0.02
369.00 0.00 115892 1716 0.02
360.00 0.00 123184 2260 0.03
100.98 0.00 17376 704 0.01
371.29 0.00 0 0 0.00
365.35 0.00 115892 1768 0.02
356.44 0.00 123184 2180 0.03
364.36 0.00 115892 1720 0.02
363.00 0.00 123184 2336 0.03
356.44 0.00 123184 2300 0.03
356.44 0.00 123184 2192 0.03
356.44 0.00 123184 2180 0.03
357.43 0.00 123184 2172 0.03
356.44 0.00 123184 2192 0.03
366.34 0.00 115892 1744 0.02
367.33 0.00 115892 1740 0.02
354.46 0.00 123184 2340 0.03
138.61 0.00 25768 1768 0.02
355.45 0.00 123184 2348 0.03
355.45 0.00 123184 2192 0.03
354.90 0.00 123184 2184 0.03
356.44 0.00 123184 2176 0.03
368.32 0.00 0 0 0.00
357.43 0.00 123184 2188 0.03
138.61 0.00 25768 1656 0.02
364.36 0.00 115892 1872 0.02
288.12 0.00 123184 1988 0.02
138.61 0.00 25768 1664 0.02
365.35 0.00 115892 1720 0.02
356.44 0.00 123184 2180 0.03
137.62 0.00 25768 1652 0.02
133.66 0.00 17572 1656 0.02
366.34 0.00 115892 1836 0.02
364.36 0.00 115892 1704 0.02
366.34 0.00 115892 1836 0.02
137.62 0.00 25768 1700 0.02
355.45 0.00 123184 2336 0.03
361.39 0.00 123184 2304 0.03
357.43 0.00 123184 2188 0.03
364.36 0.00 115892 1788 0.02
364.36 0.00 115892 1820 0.02
366.34 0.00 115892 1792 0.02
102.97 0.00 17376 760 0.01
358.00 0.00 123184 2236 0.03
355.45 0.00 123184 2180 0.03
357.43 0.00 123184 2304 0.03
365.00 0.00 123184 2444 0.03
367.33 0.00 115892 1920 0.02
368.00 0.00 115892 1724 0.02
357.43 0.00 123184 2188 0.03
356.44 0.00 123184 2188 0.03
288.12 0.00 123184 1916 0.02
357.43 0.00 123184 2240 0.03
359.00 0.00 123184 2188 0.03
275.25 0.00 123184 2036 0.02
366.34 0.00 115892 1820 0.02
365.35 0.00 123184 2604 0.03
369.31 0.00 0 0 0.00
164.36 0.00 50356 1668 0.02
365.35 0.00 119668 1980 0.02
132.67 0.00 17572 1736 0.02
136.27 0.00 25768 1704 0.02
137.62 0.00 25768 1664 0.02
104.95 0.00 17376 744 0.01
366.34 0.00 115892 1740 0.02
166.34 0.00 50356 1664 0.02
355.45 0.00 123184 2336 0.03
365.35 0.00 115892 1792 0.02
357.43 0.00 123184 2236 0.03
