364.36 0.00 115892 1784 0.02
362.75 0.00 115892 1716 0.02
288.12 0.00 123184 1924 0.02
355.45 0.00 123184 2360 0.03
365.35 0.00 115892 1720 0.02
355.45 0.00 123184 2256 0.03
364.36 0.00 115892 1868 0.02
364.36 0.00 115892 1720 0.02
361.39 0.00 123184 2184 0.03
364.36 0.00 115892 1784 0.02
367.33 0.00 0 0 0.00
366.34 0.00 115892 1724 0.02
366.34 0.00 115892 1716 0.02
367.33 0.00 115892 1828 0.02
364.36 0.00 115892 1756 0.02
355.45 0.00 123184 2340 0.03
365.35 0.00 115892 1784 0.02
353.92 0.00 123184 2212 0.03
357.43 0.00 123184 2392 0.03
368.00 0.00 115892 1772 0.02
366.34 0.00 115892 1712 0.02
371.00 0.00 115892 1924 0.02
364.36 0.00 115892 1820 0.02
369.00 0.00 115892 1768 0.02
369.00 0.00 115892 1872 0.02
356.44 0.00 123184 2172 0.03
366.34 0.00 115892 1792 0.02
367.33 0.00 115892 1920 0.02
369.00 0.00 115892 1836 0.02
369.00 0.00 115892 1872 0.02
366.34 0.00 115892 1724 0.02
368.00 0.00 115892 1756 0.02
365.35 0.00 115892 1788 0.02
365.35 0.00 115892 1756 0.02
366.34 0.00 115892 1824 0.02
365.35 0.00 115892 1708 0.02
370.00 0.00 115892 1712 0.02
369.00 0.00 115892 1760 0.02
364.36 0.00 115892 1892 0.02
366.34 0.00 115892 1716 0.02
367.00 0.00 115892 1756 0.02
357.43 0.00 123184 2264 0.03
367.33 0.00 115892 1720 0.02
366.34 0.00 115892 1708 0.02
370.00 0.00 115892 1720 0.02
365.35 0.00 115892 1832 0.02
365.35 0.00 115892 1704 0.02
364.36 0.00 115892 1788 0.02
365.35 0.00 115892 1720 0.02
365.35 0.00 115892 1820 0.02
364.36 0.00 115892 1872 0.02
366.34 0.00 115892 1712 0.02
364.36 0.00 115892 1756 0.02
363.73 0.00 115892 1924 0.02
365.35 0.00 115892 1788 0.02
366.34 0.00 115892 1772 0.02
367.33 0.00 115892 1720 0.02
365.35 0.00 115892 1720 0.02
366.34 0.00 115892 1724 0.02
365.35 0.00 115892 1716 0.02
355.45 0.00 123184 2340 0.03
365.35 0.00 115892 1716 0.02
370.00 0.00 115892 1836 0.02
366.34 0.00 115892 1828 0.02
366.34 0.00 115892 1832 0.02
366.34 0.00 115892 1724 0.02
356.44 0.00 123184 2288 0.03
368.32 0.00 115892 1924 0.02
354.46 0.00 123184 2336 0.03
364.36 0.00 115892 1760 0.02
369.00 0.00 115892 1820 0.02
368.00 0.00 115892 1760 0.02
370.00 0.00 115892 1820 0.02
364.36 0.00 115892 1892 0.02
367.33 0.00 115892 1920 0.02
368.00 0.00 115892 1716 0.02
366.34 0.00 115892 1788 0.02
365.35 0.00 115892 1768 0.02
361.00 0.00 123184 2208 0.03
364.36 0.00 115892 1712 0.02
367.33 0.00 115892 1720 0.02
366.34 0.00 115892 1716 0.02
365.35 0.00 115892 1720 0.02
365.35 0.00 115892 1780 0.02
371.00 0.00 115892 1920 0.02
370.00 0.00 115892 1820 0.02
363.00 0.00 123184 2360 0.03
357.43 0.00 123184 2236 0.03
365.35 0.00 115892 1768 0.02
366.34 0.00 115892 1712 0.02
365.35 0.00 115892 1784 0.02
365.35 0.00 115892 1788 0.02
357.43 0.00 123184 2204 0.03
356.44 0.00 123184 2176 0.03
365.35 0.00 115892 1824 0.02
366.34 0.00 115892 1724 0.02
365.35 0.00 115892 1824 0.02
365.35 0.00 115892 1772 0.02
365.35 0.00 115892 1716 0.02
365.35 0.00 115892 1784 0.02
361.39 0.00 123184 2188 0.03
365.35 0.00 115892 1872 0.02
143.56 0.00 42160 1712 0.02
367.33 0.00 115892 1740 0.02
356.44 0.00 123184 2256 0.03
366.34 0.00 115892 1836 0.02
364.36 0.00 115892 1892 0.02
366.34 0.00 115892 1772 0.02
355.45 0.00 123184 2288 0.03
365.35 0.00 115892 1724 0.02
365.35 0.00 115892 1792 0.02
357.43 0.00 123184 2300 0.03
368.32 0.00 115892 1904 0.02
364.36 0.00 115892 1824 0.02
364.36 0.00 115892 1888 0.02
371.00 0.00 115892 1924 0.02
363.37 0.00 115892 1868 0.02
139.60 0.00 25768 1660 0.02
365.35 0.00 115892 1720 0.02
355.45 0.00 123184 2236 0.03
360.78 0.00 115892 1760 0.02
366.34 0.00 115892 1824 0.02
371.00 0.00 115892 1924 0.02
366.34 0.00 115892 1836 0.02
357.43 0.00 123184 2292 0.03
364.36 0.00 115892 1784 0.02
365.35 0.00 115892 1720 0.02
365.35 0.00 115892 1820 0.02
365.35 0.00 115892 1788 0.02
365.35 0.00 115892 1832 0.02
369.00 0.00 115892 1720 0.02
364.36 0.00 115892 1712 0.02
356.44 0.00 123184 2140 0.03
361.00 0.00 123184 2196 0.03
363.37 0.00 115892 1888 0.02
361.00 0.00 123184 2212 0.03
370.00 0.00 115892 1712 0.02
365.35 0.00 115892 1792 0.02
365.35 0.00 115892 1720 0.02
364.36 0.00 115892 1844 0.02
357.43 0.00 123184 2140 0.03
366.34 0.00 115892 1716 0.02
363.37 0.00 115892 1888 0.02
366.34 0.00 115892 1768 0.02
366.34 0.00 115892 1720 0.02
365.35 0.00 115892 1712 0.02
356.44 0.00 123184 2208 0.03
365.35 0.00 115892 1768 0.02
364.00 0.00 123184 2236 0.03
367.33 0.00 115892 1712 0.02
369.00 0.00 115892 1720 0.02
366.34 0.00 115892 1744 0.02
367.33 0.00 115892 1740 0.02
370.00 0.00 115892 1744 0.02
365.35 0.00 115892 1872 0.02
365.35 0.00 115892 1792 0.02
366.34 0.00 115892 1788 0.02
364.36 0.00 115892 1872 0.02
364.36 0.00 115892 1788 0.02
367.33 0.00 115892 1920 0.02
367.33 0.00 115892 1924 0.02
366.34 0.00 115892 1716 0.02
364.00 0.00 123184 2184 0.03
365.35 0.00 115892 1720 0.02
357.43 0.00 123184 2188 0.03
140.59 0.00 25768 1864 0.02
355.45 0.00 123184 2256 0.03
365.35 0.00 115892 1712 0.02
364.36 0.00 115892 1868 0.02
356.44 0.00 123184 2356 0.03
357.43 0.00 123184 2208 0.03
363.73 0.00 115892 1924 0.02
365.35 0.00 115892 1768 0.02
363.73 0.00 115892 1924 0.02
367.33 0.00 115892 1740 0.02
360.40 0.00 123184 2180 0.03
75.25 0.00 17368 708 0.01
369.00 0.00 115892 1788 0.02
365.35 0.00 115892 1768 0.02
366.34 0.00 115892 1796 0.02
183.00 0.00 123184 1764 0.02
356.44 0.00 123184 2240 0.03
105.00 0.00 17376 740 0.01
354.46 0.00 123184 2356 0.03
366.34 0.00 115892 1772 0.02
367.33 0.00 115892 1924 0.02
370.00 0.00 115892 1716 0.02
355.45 0.00 123184 2192 0.03
366.34 0.00 115892 1720 0.02
367.33 0.00 115892 1720 0.02
361.39 0.00 123184 2620 0.03
357.43 0.00 123184 2188 0.03
365.35 0.00 115892 1724 0.02
365.35 0.00 115892 1788 0.02
368.32 0.00 0 0 0.00
133.66 0.00 17572 1764 0.02
356.44 0.00 123184 2260 0.03
369.00 0.00 115892 1768 0.02
369.00 0.00 115892 1892 0.02
356.44 0.00 123184 2184 0.03
366.34 0.00 115892 1708 0.02
214.85 0.00 123184 1656 0.02
365.35 0.00 115892 1772 0.02
364.36 0.00 115892 1788 0.02
356.44 0.00 123184 2176 0.03
356.44 0.00 123184 2192 0.03
361.39 0.00 123184 2208 0.03
360.78 0.00 115892 1788 0.02
366.34 0.00 115892 1724 0.02
351.96 0.00 123184 2180 0.03
365.35 0.00 115892 1716 0.02
358.00 0.00 123184 2356 0.03
308.91 0.00 123184 2292 0.03
365.35 0.00 115892 1788 0.02
357.43 0.00 123184 2180 0.03
365.35 0.00 115892 1720 0.02
355.45 0.00 123184 2256 0.03
369.00 0.00 115892 1868 0.02
358.42 0.00 123184 2212 0.03
356.44 0.00 123184 2236 0.03
367.33 0.00 115892 1720 0.02
357.43 0.00 123184 2236 0.03
365.35 0.00 115892 1720 0.02
366.34 0.00 115892 1740 0.02
365.35 0.00 115892 1720 0.02
365.35 0.00 115892 1792 0.02
364.36 0.00 115892 1724 0.02
366.34 0.00 115892 1724 0.02
366.34 0.00 115892 1716 0.02
354.46 0.00 123184 2228 0.03
355.45 0.00 123184 2292 0.03
356.44 0.00 123184 2292 0.03
366.34 0.00 115892 1836 0.02
365.35 0.00 115892 1724 0.02
365.35 0.00 115892 1700 0.02
361.39 0.00 123184 2240 0.03
357.84 0.00 123184 2192 0.03
353.92 0.00 123184 2192 0.03
366.34 0.00 115892 1716 0.02
356.44 0.00 123184 2240 0.03
365.35 0.00 115892 1720 0.02
361.39 0.00 123184 2444 0.03
366.34 0.00 115892 1824 0.02
357.43 0.00 123184 2260 0.03
365.35 0.00 115892 1784 0.02
368.00 0.00 115892 1888 0.02
369.00 0.00 115892 1720 0.02
58.42 0.00 8232 356 0.00
357.43 0.00 123184 2188 0.03
371.00 0.00 115892 1924 0.02
366.34 0.00 115892 1712 0.02
356.44 0.00 123184 2188 0.03
190.10 0.00 123184 1664 0.02
356.44 0.00 123184 2336 0.03
358.42 0.00 123184 2392 0.03
365.35 0.00 115892 1888 0.02
367.33 0.00 115892 1712 0.02
364.36 0.00 115892 1712 0.02
366.34 0.00 115892 1820 0.02
364.71 0.00 115892 1920 0.02
362.38 0.00 123184 2392 0.03
365.35 0.00 115892 1716 0.02
367.33 0.00 115892 1924 0.02
361.00 0.00 123184 2300 0.03
369.00 0.00 115892 1724 0.02
368.00 0.00 115892 1760 0.02
372.00 0.00 115892 1716 0.02
190.00 0.00 123184 1716 0.02
273.27 0.00 123184 1948 0.02
356.44 0.00 123184 2288 0.03
365.35 0.00 115892 1768 0.02
369.00 0.00 115892 1892 0.02
365.35 0.00 115892 1724 0.02
350.98 0.00 123184 2184 0.03
369.00 0.00 115892 1772 0.02
370.00 0.00 115892 1716 0.02
365.35 0.00 115892 1712 0.02
365.35 0.00 115892 1784 0.02
366.34 0.00 115892 1768 0.02
367.33 0.00 115892 1920 0.02
368.32 0.00 115892 1924 0.02
365.35 0.00 115892 1712 0.02
355.45 0.00 123184 2256 0.03
368.00 0.00 115892 1892 0.02
362.75 0.00 115892 1740 0.02
364.36 0.00 115892 1824 0.02
357.43 0.00 123184 2188 0.03
132.67 0.00 17572 1700 0.02
356.44 0.00 123184 2256 0.03
366.34 0.00 115892 1744 0.02
365.35 0.00 115892 1724 0.02
366.34 0.00 115892 1788 0.02
365.35 0.00 115892 1760 0.02
361.39 0.00 123184 2520 0.03
356.44 0.00 123184 2284 0.03
355.45 0.00 123184 2360 0.03
368.00 0.00 115892 1756 0.02
365.35 0.00 115892 1784 0.02
355.45 0.00 123184 2236 0.03
369.00 0.00 115892 1736 0.02
355.45 0.00 123184 2224 0.03
353.92 0.00 123184 2184 0.03
357.43 0.00 123184 2180 0.03
133.66 0.00 17572 1764 0.02
365.35 0.00 115892 1708 0.02
364.36 0.00 115892 1868 0.02
366.34 0.00 115892 1744 0.02
367.33 0.00 115892 1836 0.02
358.42 0.00 123184 2180 0.03
351.96 0.00 123184 2180 0.03
365.35 0.00 115892 1872 0.02
358.42 0.00 123184 2240 0.03
365.35 0.00 115892 1696 0.02
367.33 0.00 115892 1740 0.02
370.00 0.00 115892 1832 0.02
367.33 0.00 115892 1920 0.02
366.34 0.00 115892 1744 0.02
366.34 0.00 115892 1772 0.02
186.14 0.00 123184 1632 0.02
364.36 0.00 115892 1712 0.02
355.45 0.00 123184 2180 0.03
369.00 0.00 115892 1824 0.02
366.34 0.00 115892 1836 0.02
355.45 0.00 123184 2240 0.03
354.46 0.00 123184 2336 0.03
365.35 0.00 115892 1788 0.02
357.43 0.00 123184 2168 0.03
369.00 0.00 115892 1820 0.02
367.33 0.00 115892 1716 0.02
364.36 0.00 115892 1792 0.02
356.44 0.00 123184 2184 0.03
368.00 0.00 115892 1756 0.02
356.44 0.00 123184 2180 0.03
369.00 0.00 115892 1892 0.02
355.45 0.00 123184 2360 0.03
356.44 0.00 123184 2192 0.03
364.36 0.00 115892 1892 0.02
364.36 0.00 115892 1872 0.02
55.45 0.00 4640 292 0.00
365.35 0.00 115892 1836 0.02
363.37 0.00 115892 1868 0.02
365.35 0.00 115892 1708 0.02
368.00 0.00 115892 1820 0.02
366.34 0.00 115892 1720 0.02
355.45 0.00 123184 2228 0.03
355.45 0.00 123184 2188 0.03
368.32 0.00 115892 1712 0.02
73.27 0.00 17360 760 0.01
365.35 0.00 115892 1704 0.02
365.35 0.00 115892 1788 0.02
364.36 0.00 115892 1868 0.02
365.35 0.00 115892 1724 0.02
366.34 0.00 115892 1716 0.02
139.60 0.00 25768 1636 0.02
364.36 0.00 115892 1788 0.02
361.39 0.00 123184 2184 0.03
365.35 0.00 115892 1716 0.02
371.00 0.00 115892 1716 0.02
366.34 0.00 115892 1720 0.02
365.35 0.00 115892 1788 0.02
366.34 0.00 115892 1740 0.02
365.35 0.00 115892 1784 0.02
364.36 0.00 123184 2244 0.03
365.35 0.00 115892 1756 0.02
359.00 0.00 123184 2236 0.03
369.00 0.00 115892 1824 0.02
364.36 0.00 115892 1860 0.02
367.33 0.00 115892 1740 0.02
370.00 0.00 115892 1716 0.02
365.35 0.00 115892 1824 0.02
366.34 0.00 115892 1772 0.02
367.33 0.00 115892 1712 0.02
365.35 0.00 115892 1712 0.02
367.33 0.00 115892 1920 0.02
365.35 0.00 115892 1812 0.02
365.35 0.00 115892 1716 0.02
363.37 0.00 115892 1888 0.02
365.35 0.00 115892 1712 0.02
357.43 0.00 123184 2208 0.03
364.36 0.00 115892 1720 0.02
364.36 0.00 115892 1888 0.02
362.38 0.00 123184 2184 0.03
369.00 0.00 115892 1712 0.02
355.45 0.00 123184 2292 0.03
361.76 0.00 115892 1744 0.02
363.37 0.00 115892 1868 0.02
357.43 0.00 123184 2176 0.03
359.41 0.00 123184 2388 0.03
365.35 0.00 115892 1784 0.02
365.35 0.00 115892 1768 0.02
366.34 0.00 115892 1744 0.02
364.36 0.00 115892 1712 0.02
366.34 0.00 115892 1724 0.02
358.42 0.00 123184 2356 0.03
