358.42 0.00 123184 2388 0.03
357.43 0.00 123184 2184 0.03
359.41 0.00 123184 2340 0.03
365.35 0.00 115892 1724 0.02
364.36 0.00 115892 1784 0.02
185.15 0.00 123184 1700 0.02
105.94 0.00 17376 752 0.01
365.35 0.00 115892 1760 0.02
355.45 0.00 123184 2204 0.03
356.44 0.00 123184 2300 0.03
363.37 0.00 123184 2476 0.03
356.44 0.00 123184 2180 0.03
365.35 0.00 115892 1716 0.02
364.36 0.00 115892 1772 0.02
364.36 0.00 115892 1788 0.02
120.79 0.00 17572 1656 0.02
355.45 0.00 123184 2336 0.03
365.35 0.00 115892 1892 0.02
360.40 0.00 123184 2452 0.03
357.43 0.00 123184 2236 0.03
357.43 0.00 123184 2284 0.03
357.43 0.00 123184 2188 0.03
365.35 0.00 115892 1720 0.02
366.34 0.00 115892 1684 0.02
369.31 0.00 0 0 0.00
368.00 0.00 115892 1708 0.02
143.56 0.00 33964 1776 0.02
359.41 0.00 123184 2340 0.03
366.34 0.00 115892 1924 0.02
369.31 0.00 0 0 0.00
368.32 0.00 0 0 0.00
133.33 0.00 17572 1660 0.02
355.45 0.00 123184 2336 0.03
365.35 0.00 115892 1836 0.02
355.45 0.00 123184 2348 0.03
359.41 0.00 123184 2348 0.03
366.34 0.00 115892 1720 0.02
358.42 0.00 123184 2392 0.03
133.33 0.00 17572 1668 0.02
108.91 0.00 17372 1668 0.02
366.34 0.00 115892 1716 0.02
365.35 0.00 115892 1712 0.02
365.35 0.00 115892 1712 0.02
366.34 0.00 115892 1728 0.02
139.60 0.00 25768 1664 0.02
369.31 0.00 0 0 0.00
357.43 0.00 123184 2212 0.03
367.00 0.00 123184 2448 0.03
365.35 0.00 115892 1788 0.02
356.44 0.00 123184 2184 0.03
366.34 0.00 115892 1720 0.02
136.63 0.00 25768 1816 0.02
219.80 0.00 123184 1776 0.02
357.43 0.00 123184 2264 0.03
366.34 0.00 115892 1784 0.02
365.35 0.00 115892 1792 0.02
362.75 0.00 115892 1712 0.02
363.00 0.00 123184 2176 0.03
355.45 0.00 123184 2228 0.03
367.33 0.00 115892 1712 0.02
364.36 0.00 115892 1788 0.02
366.34 0.00 115892 1740 0.02
368.32 0.00 0 0 0.00
354.46 0.00 123184 2360 0.03
352.94 0.00 123184 2180 0.03
364.36 0.00 115892 1792 0.02
367.33 0.00 115892 1920 0.02
366.34 0.00 115892 1744 0.02
359.41 0.00 123184 2256 0.03
105.00 0.00 17376 728 0.01
136.63 0.00 25768 1812 0.02
364.36 0.00 115892 1712 0.02
365.35 0.00 115892 1788 0.02
357.43 0.00 123184 2184 0.03
357.43 0.00 123184 2304 0.03
365.35 0.00 115892 1772 0.02
365.35 0.00 115892 1784 0.02
367.33 0.00 115892 1920 0.02
365.35 0.00 115892 1792 0.02
366.34 0.00 115892 1772 0.02
138.61 0.00 25768 1660 0.02
185.15 0.00 123184 1664 0.02
356.44 0.00 123184 2188 0.03
365.35 0.00 115892 1788 0.02
363.37 0.00 115892 1828 0.02
365.35 0.00 115892 1792 0.02
141.00 0.00 25768 1776 0.02
354.46 0.00 123184 2228 0.03
364.36 0.00 123184 2520 0.03
357.43 0.00 123184 2184 0.03
366.34 0.00 115892 1768 0.02
186.27 0.00 123184 1668 0.02
366.34 0.00 115892 1724 0.02
359.41 0.00 123184 2360 0.03
366.34 0.00 115892 1712 0.02
189.11 0.00 123184 1652 0.02
365.35 0.00 115892 1892 0.02
355.45 0.00 123184 2188 0.03
356.44 0.00 123184 2184 0.03
356.44 0.00 123184 2208 0.03
363.37 0.00 115892 1868 0.02
185.15 0.00 123184 1668 0.02
139.60 0.00 25768 1664 0.02
353.92 0.00 123184 2188 0.03
364.36 0.00 115892 1892 0.02
361.76 0.00 115892 1784 0.02
365.35 0.00 115892 1720 0.02
358.42 0.00 123184 2184 0.03
185.15 0.00 123184 1716 0.02
356.44 0.00 123184 2224 0.03
356.44 0.00 123184 2216 0.03
365.35 0.00 115892 1788 0.02
365.35 0.00 115892 1724 0.02
364.36 0.00 115892 1824 0.02
356.44 0.00 123184 2328 0.03
140.20 0.00 33964 1732 0.02
138.61 0.00 25768 1660 0.02
365.35 0.00 115892 1708 0.02
369.00 0.00 115892 1740 0.02
366.34 0.00 115892 1832 0.02
366.34 0.00 115892 1720 0.02
356.44 0.00 123184 2236 0.03
368.32 0.00 0 0 0.00
140.59 0.00 25768 1664 0.02
360.78 0.00 115892 1892 0.02
365.35 0.00 115892 1760 0.02
365.35 0.00 115892 1756 0.02
357.43 0.00 123184 2180 0.03
366.34 0.00 115892 1784 0.02
368.32 0.00 115892 1872 0.02
369.00 0.00 115892 1700 0.02
137.62 0.00 25768 1712 0.02
366.34 0.00 115892 1768 0.02
139.60 0.00 25768 1736 0.02
365.35 0.00 115892 1792 0.02
357.43 0.00 123184 2184 0.03
364.36 0.00 115892 1756 0.02
358.42 0.00 123184 2184 0.03
352.94 0.00 123184 2224 0.03
365.35 0.00 115892 1684 0.02
370.00 0.00 115892 1908 0.02
364.36 0.00 115892 1756 0.02
360.00 0.00 123184 2184 0.03
357.84 0.00 123184 2236 0.03
139.60 0.00 25768 1656 0.02
356.44 0.00 123184 2236 0.03
367.33 0.00 115892 1720 0.02
363.37 0.00 115892 1892 0.02
370.00 0.00 115892 1720 0.02
365.35 0.00 115892 1788 0.02
363.37 0.00 116152 2128 0.03
362.75 0.00 115892 1788 0.02
356.44 0.00 123184 2172 0.03
139.60 0.00 25768 1776 0.02
134.65 0.00 17572 1716 0.02
356.44 0.00 123184 2240 0.03
367.33 0.00 115892 1716 0.02
365.35 0.00 115892 1772 0.02
259.41 0.00 123184 1992 0.02
369.31 0.00 0 0 0.00
355.45 0.00 123184 2356 0.03
356.44 0.00 123184 2304 0.03
363.37 0.00 115892 1756 0.02
365.35 0.00 115892 1824 0.02
364.36 0.00 115892 1716 0.02
356.44 0.00 123184 2184 0.03
370.30 0.00 0 0 0.00
365.35 0.00 115892 1768 0.02
357.43 0.00 123184 2208 0.03
361.76 0.00 115892 1720 0.02
356.86 0.00 123184 2176 0.03
364.36 0.00 115892 1720 0.02
369.31 0.00 0 0 0.00
362.38 0.00 123184 2556 0.03
361.39 0.00 123184 2440 0.03
356.44 0.00 123184 2212 0.03
366.34 0.00 115892 1712 0.02
365.35 0.00 115892 1788 0.02
366.34 0.00 115892 1756 0.02
351.96 0.00 123184 2228 0.03
364.36 0.00 115892 1756 0.02
366.34 0.00 115892 1744 0.02
354.46 0.00 123184 2228 0.03
366.34 0.00 115892 1712 0.02
357.84 0.00 123184 2304 0.03
356.44 0.00 123184 2180 0.03
136.00 0.00 17572 1768 0.02
366.34 0.00 115892 1824 0.02
369.00 0.00 115892 1792 0.02
369.00 0.00 115892 1756 0.02
137.62 0.00 25768 1704 0.02
357.43 0.00 123184 2180 0.03
366.34 0.00 115892 1836 0.02
370.00 0.00 115892 1704 0.02
367.33 0.00 115892 1836 0.02
288.12 0.00 123184 2028 0.02
357.43 0.00 123184 2140 0.03
365.35 0.00 115892 1824 0.02
363.37 0.00 115892 1760 0.02
365.35 0.00 115892 1784 0.02
365.35 0.00 115892 1712 0.02
356.44 0.00 123184 2188 0.03
359.41 0.00 123184 2388 0.03
358.42 0.00 123184 2188 0.03
366.34 0.00 115892 1744 0.02
364.36 0.00 115892 1872 0.02
364.36 0.00 115892 1824 0.02
365.35 0.00 115892 1824 0.02
289.11 0.00 123184 1944 0.02
365.35 0.00 115892 1820 0.02
357.43 0.00 123184 2256 0.03
366.34 0.00 115892 1832 0.02
367.33 0.00 115892 1828 0.02
365.35 0.00 115892 1720 0.02
355.45 0.00 123184 2188 0.03
66.34 0.00 14252 584 0.01
142.57 0.00 33964 1868 0.02
366.34 0.00 115892 1716 0.02
370.00 0.00 115892 1724 0.02
118.81 0.00 17372 1832 0.02
139.60 0.00 25768 1664 0.02
356.44 0.00 123184 2176 0.03
356.44 0.00 123184 2340 0.03
358.42 0.00 123184 2188 0.03
367.33 0.00 115892 1716 0.02
361.76 0.00 115892 1716 0.02
356.44 0.00 123184 2288 0.03
364.36 0.00 123184 2452 0.03
365.35 0.00 115892 1740 0.02
355.45 0.00 123184 2192 0.03
365.35 0.00 115892 1708 0.02
356.44 0.00 123184 2192 0.03
138.61 0.00 25768 1656 0.02
356.44 0.00 123184 2240 0.03
365.35 0.00 115892 1720 0.02
366.34 0.00 115892 1788 0.02
356.44 0.00 123184 2140 0.03
363.37 0.00 115892 1872 0.02
364.36 0.00 115892 1756 0.02
70.30 0.00 17360 704 0.01
133.66 0.00 17572 1832 0.02
364.36 0.00 115892 1712 0.02
365.35 0.00 115892 1784 0.02
364.36 0.00 115892 1888 0.02
357.43 0.00 123184 2188 0.03
103.96 0.00 17376 748 0.01
366.34 0.00 115892 1820 0.02
367.33 0.00 115892 1716 0.02
365.35 0.00 115892 1720 0.02
61.39 0.00 10372 528 0.01
138.61 0.00 25768 1660 0.02
104.95 0.00 17376 740 0.01
356.44 0.00 123184 2292 0.03
359.00 0.00 123184 2228 0.03
360.40 0.00 123184 2552 0.03
354.46 0.00 123184 2256 0.03
356.44 0.00 123184 2180 0.03
139.60 0.00 25768 1688 0.02
132.67 0.00 17572 1700 0.02
365.35 0.00 115892 1716 0.02
367.33 0.00 115892 1920 0.02
138.61 0.00 25768 1656 0.02
139.60 0.00 25768 1780 0.02
351.96 0.00 123184 2204 0.03
360.40 0.00 123184 2256 0.03
362.00 0.00 123184 2184 0.03
365.35 0.00 115892 1768 0.02
366.34 0.00 115892 1748 0.02
356.44 0.00 123184 2256 0.03
370.00 0.00 115892 1708 0.02
139.60 0.00 25768 1660 0.02
356.44 0.00 123184 2192 0.03
365.35 0.00 115892 1836 0.02
366.34 0.00 115892 1828 0.02
357.43 0.00 123184 2176 0.03
139.60 0.00 25768 1688 0.02
369.31 0.00 0 0 0.00
364.36 0.00 115892 1892 0.02
364.36 0.00 115892 1860 0.02
366.34 0.00 115892 1716 0.02
355.45 0.00 123184 2176 0.03
370.00 0.00 115892 1720 0.02
262.38 0.00 123184 1928 0.02
366.34 0.00 115892 1772 0.02
365.35 0.00 115892 1832 0.02
365.35 0.00 115892 1788 0.02
363.73 0.00 115892 1720 0.02
370.30 0.00 0 0 0.00
356.44 0.00 123184 2180 0.03
356.44 0.00 123184 2360 0.03
366.34 0.00 115892 1712 0.02
356.44 0.00 123184 2224 0.03
369.00 0.00 115892 1720 0.02
182.18 0.00 123184 1716 0.02
355.45 0.00 123184 2228 0.03
361.39 0.00 123184 2188 0.03
365.35 0.00 115892 1768 0.02
366.34 0.00 115892 1788 0.02
365.35 0.00 115892 1720 0.02
144.55 0.00 42160 1864 0.02
137.62 0.00 25768 1816 0.02
366.34 0.00 115892 1920 0.02
362.38 0.00 123184 2304 0.03
59.41 0.00 8232 368 0.00
358.42 0.00 123184 2208 0.03
365.35 0.00 115892 1708 0.02
366.34 0.00 115892 1720 0.02
365.35 0.00 115892 1756 0.02
355.45 0.00 123184 2184 0.03
132.67 0.00 17572 1636 0.02
355.45 0.00 123184 2208 0.03
364.36 0.00 115892 1892 0.02
365.35 0.00 115892 1772 0.02
367.33 0.00 115892 1920 0.02
360.78 0.00 115892 1788 0.02
355.45 0.00 123184 2388 0.03
360.00 0.00 123184 2228 0.03
362.75 0.00 115892 1720 0.02
367.33 0.00 115892 1720 0.02
355.45 0.00 123184 2340 0.03
138.61 0.00 25768 1764 0.02
355.45 0.00 123184 2188 0.03
366.34 0.00 123184 2656 0.03
139.60 0.00 25768 1776 0.02
367.33 0.00 115892 1920 0.02
172.28 0.00 123184 1868 0.02
360.40 0.00 123184 2624 0.03
357.43 0.00 123184 2180 0.03
356.44 0.00 123184 2360 0.03
103.92 0.00 17376 760 0.01
355.45 0.00 123184 2172 0.03
366.34 0.00 115892 1716 0.02
366.34 0.00 115892 1716 0.02
361.76 0.00 115892 1772 0.02
365.35 0.00 115892 1712 0.02
104.95 0.00 17376 704 0.01
356.44 0.00 123184 2180 0.03
362.75 0.00 115892 1740 0.02
368.00 0.00 115892 1892 0.02
187.13 0.00 123184 1668 0.02
364.36 0.00 115892 1756 0.02
351.96 0.00 123184 2228 0.03
358.42 0.00 123184 2300 0.03
369.31 0.00 0 0 0.00
365.35 0.00 115892 1836 0.02
365.35 0.00 115892 1824 0.02
368.00 0.00 115892 1760 0.02
356.44 0.00 123184 2292 0.03
366.34 0.00 115892 1772 0.02
360.78 0.00 115892 1756 0.02
364.36 0.00 115892 1716 0.02
360.00 0.00 123184 2240 0.03
364.36 0.00 115892 1888 0.02
165.35 0.00 50356 1664 0.02
358.42 0.00 123184 2184 0.03
182.18 0.00 123184 1668 0.02
365.35 0.00 115892 1824 0.02
367.33 0.00 115892 1716 0.02
365.35 0.00 115892 1716 0.02
366.34 0.00 115892 1924 0.02
366.34 0.00 115892 1836 0.02
359.00 0.00 123184 2176 0.03
103.96 0.00 17376 744 0.01
358.42 0.00 123184 2388 0.03
359.00 0.00 123184 2192 0.03
365.35 0.00 115892 1744 0.02
364.36 0.00 115892 1824 0.02
359.41 0.00 123184 2336 0.03
359.41 0.00 123184 2340 0.03
356.44 0.00 123184 2236 0.03
356.44 0.00 123184 2236 0.03
356.44 0.00 123184 2180 0.03
364.36 0.00 115892 1712 0.02
178.22 0.00 123184 1832 0.02
139.60 0.00 25768 1656 0.02
356.44 0.00 123184 2184 0.03
364.36 0.00 115892 1708 0.02
369.00 0.00 115892 1744 0.02
364.36 0.00 115892 1760 0.02
365.35 0.00 115892 1740 0.02
370.30 0.00 0 0 0.00
259.41 0.00 123184 2040 0.03
365.35 0.00 115892 1772 0.02
369.31 0.00 115892 1920 0.02
361.76 0.00 115892 1824 0.02
368.00 0.00 115892 1720 0.02
356.44 0.00 123184 2180 0.03
368.32 0.00 0 0 0.00
364.36 0.00 115892 1888 0.02
355.45 0.00 123184 2336 0.03
92.08 0.00 17376 704 0.01
366.34 0.00 115892 1712 0.02
365.35 0.00 115892 1724 0.02
355.45 0.00 123184 2180 0.03
365.35 0.00 115892 1836 0.02
367.33 0.00 115892 1920 0.02
357.43 0.00 123184 2304 0.03
361.39 0.00 123184 2188 0.03
102.97 0.00 17376 752 0.01
368.32 0.00 115892 1724 0.02
366.34 0.00 115892 1824 0.02
362.38 0.00 123184 2568 0.03
353.92 0.00 123184 2236 0.03
369.00 0.00 115892 1712 0.02
362.38 0.00 123184 2448 0.03
368.32 0.00 0 0 0.00
355.45 0.00 123184 2256 0.03
361.76 0.00 115892 1708 0.02
355.45 0.00 123184 2284 0.03
129.70 0.00 17572 1816 0.02
365.35 0.00 115892 1872 0.02
139.60 0.00 25768 1668 0.02
358.42 0.00 123184 2204 0.03
365.35 0.00 115892 1820 0.02
365.35 0.00 115892 1784 0.02
351.96 0.00 123184 2184 0.03
328.71 0.00 123184 2188 0.03
357.43 0.00 123184 2388 0.03
365.35 0.00 115892 1824 0.02
365.35 0.00 115892 1824 0.02
357.43 0.00 123184 2300 0.03
356.44 0.00 123184 2240 0.03
361.39 0.00 123184 2524 0.03
362.75 0.00 115892 1724 0.02
362.75 0.00 115892 1740 0.02
365.35 0.00 115892 1788 0.02
366.34 0.00 115892 1716 0.02
360.40 0.00 123184 2184 0.03
46.53 0.00 352 4 0.00
356.44 0.00 123184 2180 0.03
367.33 0.00 115892 1712 0.02
364.36 0.00 115892 1888 0.02
353.47 0.00 123184 2236 0.03
283.17 0.00 123184 2036 0.02
360.00 0.00 123184 2240 0.03
364.36 0.00 115892 1772 0.02
365.35 0.00 115892 1740 0.02
288.12 0.00 123184 2024 0.02
364.36 0.00 115892 1712 0.02
358.42 0.00 123184 2212 0.03
355.45 0.00 123184 2292 0.03
356.44 0.00 123184 2260 0.03
357.43 0.00 123184 2188 0.03
365.35 0.00 115892 1792 0.02
365.35 0.00 115892 1716 0.02
352.94 0.00 123184 2392 0.03
357.43 0.00 123184 2180 0.03
362.38 0.00 123184 2564 0.03
365.35 0.00 115892 1872 0.02
366.34 0.00 115892 1832 0.02
365.35 0.00 115892 1788 0.02
366.34 0.00 115892 1720 0.02
356.44 0.00 123184 2180 0.03
359.41 0.00 123184 2488 0.03
139.60 0.00 25768 1868 0.02
183.17 0.00 123184 1712 0.02
367.33 0.00 115892 1716 0.02
365.35 0.00 115892 1712 0.02
357.43 0.00 123184 2180 0.03
363.37 0.00 115892 1868 0.02
185.15 0.00 123184 1812 0.02
64.36 0.00 14252 612 0.01
351.96 0.00 123184 2356 0.03
356.44 0.00 123184 2240 0.03
365.35 0.00 115892 1724 0.02
364.36 0.00 115892 1720 0.02
103.96 0.00 17376 740 0.01
133.66 0.00 17572 1688 0.02
363.73 0.00 115892 1920 0.02
366.34 0.00 115892 1832 0.02
367.33 0.00 115892 1712 0.02
365.35 0.00 115892 1724 0.02
357.43 0.00 123184 2292 0.03
371.29 0.00 0 0 0.00
367.33 0.00 0 0 0.00
356.44 0.00 123184 2356 0.03
370.00 0.00 115892 1740 0.02
369.00 0.00 115892 1872 0.02
361.76 0.00 115892 1712 0.02
84.16 0.00 17376 756 0.01
355.45 0.00 123184 2356 0.03
141.00 0.00 25768 1780 0.02
366.34 0.00 115892 1744 0.02
356.44 0.00 123184 2192 0.03
368.32 0.00 115892 1920 0.02
370.30 0.00 115892 1712 0.02
359.41 0.00 123184 2240 0.03
179.21 0.00 123184 1700 0.02
361.76 0.00 115892 1792 0.02
369.00 0.00 115892 1868 0.02
364.36 0.00 115892 1824 0.02
371.29 0.00 0 0 0.00
356.44 0.00 123184 2236 0.03
138.61 0.00 25768 1668 0.02
358.42 0.00 123184 2184 0.03
357.43 0.00 123184 2240 0.03
365.35 0.00 115892 1820 0.02
137.25 0.00 25768 1732 0.02
363.00 0.00 123184 2260 0.03
369.00 0.00 115892 1716 0.02
365.35 0.00 115892 1824 0.02
361.00 0.00 123184 2184 0.03
361.39 0.00 123184 2600 0.03
138.61 0.00 25768 1656 0.02
361.00 0.00 123184 2288 0.03
361.39 0.00 123184 2496 0.03
366.34 0.00 115892 1768 0.02
358.42 0.00 123184 2208 0.03
355.45 0.00 123184 2220 0.03
191.09 0.00 123184 1732 0.02
356.44 0.00 123184 2256 0.03
103.96 0.00 17376 756 0.01
364.36 0.00 115892 1756 0.02
364.36 0.00 115892 1888 0.02
