1.00 0.00
0.99 0.00
0.99 0.00
0.99 0.00
0.99 0.99
0.00 0.99
0.99 0.99
0.99 0.99
1.98 0.00
0.99 0.00
0.99 0.00
0.99 0.00
0.99 0.00
0.99 0.00
0.99 0.00
0.99 0.00
0.99 0.00
0.99 0.00
1.00 0.00
0.99 0.00
0.99 0.00
0.99 0.99
0.99 0.00
0.99 0.99
0.99 0.00
0.99 0.00
0.99 0.00
0.99 0.00
0.99 0.00
0.99 0.00
0.99 0.00
0.99 0.00
0.99 0.00
1.00 5.00
0.99 4.95
1.00 0.00
0.99 0.00
0.99 0.99
0.99 0.99
0.99 0.00
0.99 0.00
0.99 0.99
0.99 0.00
0.99 0.00
0.00 0.99
1.00 1.00
1.00 0.00
0.99 0.00
0.00 0.99
0.99 0.99
0.99 2.97
0.99 0.99
0.99 0.00
0.99 0.00
1.00 0.00
0.99 0.00
0.99 0.99
0.99 0.00
0.00 1.00
0.99 0.00
0.99 0.99
0.99 0.00
0.99 0.00
0.99 0.99
0.99 0.00
0.99 0.00
0.99 0.00
0.99 0.00
0.99 0.00
0.99 0.00
1.98 0.00
0.99 0.00
0.99 0.00
0.99 0.00
0.99 0.00
0.99 0.00
0.99 0.00
0.99 0.00
0.99 0.00
1.00 0.00
1.00 0.00
0.99 0.00
0.99 0.00
0.99 0.00
1.00 0.00
0.99 0.00
0.99 0.00
0.99 0.99
0.99 0.00
0.99 0.00
1.98 0.99
0.99 0.00
0.99 0.00
0.99 0.99
0.99 0.00
0.99 0.00
0.99 0.00
0.00 0.99
0.99 0.00
0.99 0.00
0.99 0.99
0.99 0.00
0.99 0.00
0.99 0.00
0.99 0.99
0.99 0.00
0.99 0.99
0.99 0.00
0.99 0.99
0.99 0.00
0.99 0.99
0.99 0.99
0.99 0.99
0.99 0.00
0.00 1.00
1.00 0.00
0.99 0.00
0.99 0.00
0.99 0.00
0.99 0.00
0.00 0.99
0.99 0.00
0.99 0.00
0.99 0.99
0.99 0.00
0.99 0.00
0.99 3.96
0.99 0.99
0.99 0.00
0.99 0.00
0.99 0.00
0.99 0.99
0.99 0.00
0.99 0.00
0.99 0.00
0.99 0.00
0.99 0.00
0.99 0.00
0.99 0.00
0.99 0.00
1.00 2.00
0.99 0.00
0.99 0.00
0.99 0.99
0.99 0.00
0.00 0.99
0.99 0.00
0.99 0.00
0.99 0.00
0.99 0.00
0.99 0.00
0.99 0.99
0.99 0.00
0.99 0.00
0.99 0.00
0.99 0.99
0.99 0.00
0.99 0.99
0.99 0.00
0.99 0.00
1.00 0.00
0.99 0.99
0.99 0.99
0.99 0.99
1.00 0.00
0.00 0.99
0.99 0.00
0.99 0.00
0.99 0.00
1.00 0.00
1.00 0.00
1.98 0.00
0.99 0.00
0.99 0.99
0.99 0.00
0.99 0.99
0.99 0.00
0.99 0.00
0.99 0.99
1.00 0.00
1.00 0.00
0.99 0.00
0.99 0.00
0.99 0.00
1.00 0.00
0.99 0.00
1.00 0.00
0.99 0.00
1.00 0.00
0.99 0.00
0.99 0.00
0.00 0.99
0.99 1.98
0.99 0.99
0.99 0.99
0.99 0.00
0.99 0.00
0.99 0.00
0.99 0.00
0.99 0.00
0.99 0.99
1.00 0.00
1.00 0.00
0.99 0.00
0.00 0.99
1.00 0.00
0.99 0.00
1.00 0.00
1.00 1.00
1.00 0.00
0.99 0.00
0.99 0.00
0.99 0.00
1.00 0.00
1.00 2.00
0.99 0.00
0.99 0.00
1.00 0.00
0.99 3.96
0.99 0.99
0.99 0.00
1.00 0.00
1.00 1.00
1.00 0.00
1.00 0.00
0.99 0.00
0.99 3.96
0.99 0.00
0.99 0.00
0.99 0.99
0.99 0.99
1.00 1.00
0.99 4.95
0.99 0.00
0.00 0.99
0.99 0.99
0.99 0.00
0.99 0.00
0.99 0.99
0.99 0.00
0.00 0.99
0.99 0.00
0.99 0.99
0.99 0.00
0.99 0.00
1.98 0.00
0.99 0.00
0.99 0.00
1.00 0.00
0.99 0.00
0.99 0.00
1.00 0.00
1.98 0.99
1.00 0.00
0.99 0.00
0.99 1.98
0.99 0.00
1.00 0.00
0.99 0.00
0.99 0.00
0.99 0.00
0.99 0.00
0.99 0.00
0.99 0.00
0.99 0.00
0.99 0.00
0.99 0.00
0.99 0.00
0.99 0.00
0.99 0.00
0.99 0.00
2.00 0.00
0.99 0.00
1.00 0.00
0.99 0.00
0.99 0.00
0.99 0.00
0.99 0.00
0.99 0.00
1.00 0.00
0.00 0.99
0.99 0.00
0.99 0.00
0.99 0.99
0.99 0.00
0.99 0.00
0.99 0.00
0.99 0.00
0.99 0.99
0.99 0.00
0.99 0.00
0.00 1.00
0.99 0.99
1.98 0.00
1.00 0.00
0.99 0.99
1.00 1.00
0.99 0.99
0.00 0.99
0.99 0.99
0.99 0.00
1.00 0.00
0.99 0.00
1.98 0.00
0.99 0.00
0.00 0.99
0.99 0.00
0.99 0.99
0.99 0.00
0.99 0.00
0.99 0.00
0.99 0.00
1.00 0.00
0.99 0.00
0.99 0.99
0.99 0.00
0.99 0.00
0.99 0.00
0.99 0.00
1.00 0.00
0.99 6.93
0.99 0.00
0.99 0.00
1.00 0.00
1.98 0.00
0.99 0.00
0.99 0.00
1.00 1.00
0.99 0.00
0.99 1.98
1.00 0.00
0.99 0.00
0.99 0.99
0.99 0.00
0.99 0.00
0.99 0.00
0.00 0.99
0.99 0.99
1.00 1.00
0.99 0.00
0.99 0.99
0.99 0.00
1.00 0.00
0.99 0.00
1.00 0.00
0.99 0.00
0.99 0.00
0.99 0.00
1.00 0.00
1.00 0.00
1.00 0.00
0.99 0.00
0.99 0.99
0.99 0.00
0.99 0.99
1.00 0.00
0.99 0.00
0.99 0.00
0.99 1.98
0.99 0.00
1.00 0.00
0.99 0.00
0.99 0.99
0.99 0.00
0.99 0.00
0.99 0.00
0.99 0.00
0.99 0.00
0.99 0.00
0.99 0.00
0.99 0.00
0.99 0.00
1.00 1.00
0.99 0.00
0.99 0.00
0.99 0.00
0.99 1.98
0.99 0.00
1.98 0.99
0.99 0.00
0.99 0.99
1.00 1.00
0.99 2.97
1.00 2.00
0.99 0.00
0.99 0.99
0.99 0.00
0.99 0.00
0.99 0.00
0.99 0.99
0.99 0.99
0.99 0.00
0.00 0.99
0.99 0.00
0.99 0.99
0.99 0.00
1.00 0.00
0.99 0.00
0.99 0.00
1.00 0.00
1.00 0.00
0.99 0.00
0.99 0.00
1.00 1.00
0.99 0.00
0.00 0.99
1.00 0.00
0.99 0.00
0.99 0.99
0.99 0.00
1.98 0.99
0.99 0.00
0.99 0.00
0.99 0.99
0.99 1.98
0.99 0.99
0.99 0.00
0.99 0.00
0.99 0.00
0.99 0.00
1.00 0.00
0.99 0.00
0.99 0.00
0.00 0.99
