361.39 0.00 123184 2192 0.03
361.39 0.00 123184 2180 0.03
354.46 0.00 123184 2356 0.03
357.43 0.00 123184 2184 0.03
367.33 0.00 115892 1716 0.02
367.33 0.00 115892 1796 0.02
355.88 0.00 123184 2212 0.03
138.24 0.00 25768 1712 0.02
357.43 0.00 123184 2240 0.03
357.43 0.00 123184 2184 0.03
353.92 0.00 123184 2180 0.03
366.34 0.00 115892 1784 0.02
361.76 0.00 115892 1772 0.02
359.41 0.00 123184 2388 0.03
357.43 0.00 123184 2240 0.03
370.30 0.00 0 0 0.00
366.34 0.00 115892 1720 0.02
367.33 0.00 115892 1708 0.02
368.32 0.00 115892 1712 0.02
357.43 0.00 123184 2184 0.03
356.44 0.00 123184 2336 0.03
139.60 0.00 25768 1656 0.02
358.42 0.00 123184 2268 0.03
366.34 0.00 115892 1724 0.02
357.43 0.00 123184 2192 0.03
356.44 0.00 123184 2184 0.03
189.11 0.00 123184 1656 0.02
358.42 0.00 123184 2184 0.03
357.43 0.00 123184 2292 0.03
358.42 0.00 123184 2300 0.03
370.00 0.00 115892 1720 0.02
355.45 0.00 123184 2340 0.03
140.59 0.00 25768 1732 0.02
360.40 0.00 123184 2256 0.03
363.37 0.00 123184 2304 0.03
357.43 0.00 123184 2208 0.03
357.43 0.00 123184 2188 0.03
355.45 0.00 123184 2360 0.03
360.40 0.00 123184 2388 0.03
139.60 0.00 25768 1704 0.02
358.42 0.00 123184 2236 0.03
357.43 0.00 123184 2288 0.03
362.00 0.00 123184 2212 0.03
365.35 0.00 115892 1712 0.02
140.59 0.00 25768 1664 0.02
359.41 0.00 123184 2180 0.03
371.00 0.00 115892 1788 0.02
357.43 0.00 123184 2360 0.03
362.38 0.00 123184 2500 0.03
366.34 0.00 115892 1792 0.02
361.39 0.00 123184 2284 0.03
369.00 0.00 115892 1712 0.02
355.45 0.00 123184 2224 0.03
361.00 0.00 123184 2192 0.03
367.33 0.00 115892 1740 0.02
367.33 0.00 115892 1836 0.02
360.00 0.00 123184 2356 0.03
355.45 0.00 123184 2256 0.03
356.44 0.00 123184 2356 0.03
357.43 0.00 123184 2192 0.03
372.28 0.00 0 0 0.00
359.41 0.00 123184 2388 0.03
361.39 0.00 123184 2260 0.03
138.61 0.00 25768 1656 0.02
140.59 0.00 25768 1688 0.02
140.59 0.00 25768 1668 0.02
367.33 0.00 115892 1712 0.02
364.36 0.00 115892 1760 0.02
359.41 0.00 123184 2212 0.03
366.34 0.00 115892 1716 0.02
356.44 0.00 123184 2228 0.03
369.31 0.00 0 0 0.00
356.44 0.00 123184 2360 0.03
357.43 0.00 123184 2188 0.03
358.42 0.00 123184 2256 0.03
368.32 0.00 115892 1716 0.02
372.00 0.00 115892 1724 0.02
103.92 0.00 17376 764 0.01
358.42 0.00 123184 2208 0.03
362.75 0.00 115892 1712 0.02
358.42 0.00 123184 2184 0.03
188.12 0.00 123184 1712 0.02
355.45 0.00 123184 2356 0.03
358.42 0.00 123184 2188 0.03
357.43 0.00 123184 2208 0.03
357.43 0.00 123184 2256 0.03
365.35 0.00 115892 1872 0.02
142.00 0.00 25768 1664 0.02
357.43 0.00 123184 2180 0.03
358.42 0.00 123184 2192 0.03
361.00 0.00 123184 2184 0.03
175.25 0.00 123184 1660 0.02
367.33 0.00 115892 1712 0.02
361.00 0.00 123184 2304 0.03
355.45 0.00 123184 2340 0.03
357.43 0.00 123184 2184 0.03
277.23 0.00 123184 2040 0.03
115.00 0.00 17372 1660 0.02
370.30 0.00 0 0 0.00
366.34 0.00 115892 1824 0.02
367.33 0.00 115892 1788 0.02
349.02 0.00 123184 2188 0.03
135.00 0.00 17572 1836 0.02
362.38 0.00 123184 2192 0.03
360.40 0.00 123184 2340 0.03
360.00 0.00 123184 2356 0.03
356.44 0.00 123184 2288 0.03
359.41 0.00 123184 2392 0.03
357.43 0.00 123184 2256 0.03
367.33 0.00 115892 1832 0.02
364.00 0.00 123184 2384 0.03
366.34 0.00 115892 1772 0.02
366.34 0.00 123184 2452 0.03
367.33 0.00 115892 1744 0.02
371.29 0.00 0 0 0.00
357.43 0.00 123184 2304 0.03
370.30 0.00 0 0 0.00
366.34 0.00 115892 1892 0.02
140.59 0.00 25768 1776 0.02
370.00 0.00 115892 1712 0.02
366.34 0.00 115892 1708 0.02
371.29 0.00 0 0 0.00
366.34 0.00 115892 1724 0.02
162.75 0.00 50356 1704 0.02
141.00 0.00 25768 1700 0.02
354.90 0.00 123184 2180 0.03
362.38 0.00 123184 2260 0.03
366.34 0.00 115892 1708 0.02
367.33 0.00 115892 1836 0.02
366.34 0.00 115892 1724 0.02
356.44 0.00 123184 2356 0.03
135.64 0.00 17572 1716 0.02
141.00 0.00 25768 1864 0.02
357.43 0.00 123184 2184 0.03
365.35 0.00 115892 1892 0.02
365.35 0.00 115892 1760 0.02
366.34 0.00 115892 1892 0.02
138.61 0.00 25768 1684 0.02
354.90 0.00 123184 2212 0.03
368.32 0.00 115892 1724 0.02
362.75 0.00 115892 1716 0.02
361.39 0.00 123184 2184 0.03
356.44 0.00 123184 2236 0.03
361.39 0.00 123184 2220 0.03
357.43 0.00 123184 2260 0.03
174.26 0.00 123184 1700 0.02
104.95 0.00 17376 708 0.01
356.44 0.00 123184 2236 0.03
356.44 0.00 123184 2228 0.03
366.34 0.00 115892 1824 0.02
357.43 0.00 123184 2256 0.03
140.59 0.00 25768 1728 0.02
359.80 0.00 123184 2640 0.03
358.42 0.00 123184 2188 0.03
363.37 0.00 123184 2392 0.03
358.42 0.00 123184 2240 0.03
139.60 0.00 25768 1704 0.02
357.43 0.00 123184 2180 0.03
362.38 0.00 123184 2256 0.03
368.32 0.00 0 0 0.00
129.70 0.00 17572 1668 0.02
367.33 0.00 115892 1712 0.02
357.43 0.00 123184 2188 0.03
365.35 0.00 115892 1760 0.02
164.36 0.00 50356 1704 0.02
356.44 0.00 123184 2188 0.03
366.34 0.00 123184 2500 0.03
362.75 0.00 123184 2656 0.03
357.43 0.00 123184 2236 0.03
139.60 0.00 25768 1664 0.02
367.33 0.00 115892 1744 0.02
358.42 0.00 123184 2184 0.03
362.75 0.00 115892 1712 0.02
362.75 0.00 115892 1788 0.02
356.44 0.00 123184 2180 0.03
363.37 0.00 123184 2452 0.03
358.42 0.00 123184 2236 0.03
356.44 0.00 123184 2180 0.03
185.15 0.00 123184 1816 0.02
355.88 0.00 123184 2388 0.03
86.14 0.00 17376 708 0.01
359.41 0.00 123184 2392 0.03
356.44 0.00 123184 2188 0.03
361.39 0.00 123184 2184 0.03
370.00 0.00 115892 1772 0.02
367.33 0.00 115892 1712 0.02
358.42 0.00 123184 2300 0.03
359.41 0.00 123184 2212 0.03
354.90 0.00 123184 2208 0.03
357.43 0.00 123184 2208 0.03
367.33 0.00 115892 1720 0.02
367.33 0.00 115892 1768 0.02
367.33 0.00 115892 1788 0.02
352.94 0.00 123184 2240 0.03
370.30 0.00 0 0 0.00
44.55 0.00 352 4 0.00
358.82 0.00 123184 2300 0.03
367.33 0.00 115892 1716 0.02
357.43 0.00 123184 2336 0.03
367.33 0.00 115892 1720 0.02
357.43 0.00 123184 2256 0.03
361.39 0.00 123184 2180 0.03
360.40 0.00 123184 2224 0.03
358.42 0.00 123184 2292 0.03
365.35 0.00 115892 1712 0.02
139.60 0.00 25768 1832 0.02
372.28 0.00 0 0 0.00
370.30 0.00 0 0 0.00
137.62 0.00 25768 1812 0.02
357.43 0.00 123184 2224 0.03
364.36 0.00 115892 1892 0.02
357.43 0.00 123184 2256 0.03
365.35 0.00 115892 1888 0.02
364.36 0.00 123184 2452 0.03
368.32 0.00 0 0 0.00
356.44 0.00 123184 2360 0.03
358.42 0.00 123184 2256 0.03
264.00 0.00 123184 1928 0.02
370.00 0.00 115892 1788 0.02
366.34 0.00 115892 1892 0.02
365.35 0.00 115892 1820 0.02
366.34 0.00 115892 1768 0.02
361.00 0.00 123184 2304 0.03
355.45 0.00 123184 2360 0.03
358.42 0.00 123184 2184 0.03
360.00 0.00 123184 2356 0.03
360.40 0.00 123184 2180 0.03
123.53 0.00 17372 1780 0.02
139.60 0.00 25768 1716 0.02
357.43 0.00 123184 2176 0.03
354.90 0.00 123184 2252 0.03
75.25 0.00 17368 708 0.01
367.33 0.00 115892 1720 0.02
356.44 0.00 123184 2260 0.03
366.34 0.00 115892 1696 0.02
140.59 0.00 25768 1664 0.02
356.44 0.00 123184 2180 0.03
366.34 0.00 115892 1724 0.02
358.42 0.00 123184 2164 0.03
355.45 0.00 123184 2360 0.03
357.43 0.00 123184 2292 0.03
138.61 0.00 25768 1656 0.02
369.31 0.00 0 0 0.00
358.42 0.00 123184 2252 0.03
368.32 0.00 115892 1832 0.02
367.33 0.00 115892 1720 0.02
358.42 0.00 123184 2212 0.03
358.42 0.00 123184 2392 0.03
357.43 0.00 123184 2208 0.03
361.39 0.00 123184 2192 0.03
352.94 0.00 123184 2288 0.03
358.42 0.00 123184 2212 0.03
363.37 0.00 123184 2500 0.03
359.00 0.00 123184 2228 0.03
357.43 0.00 123184 2188 0.03
369.31 0.00 115892 1920 0.02
355.45 0.00 123184 2236 0.03
352.94 0.00 123184 2224 0.03
360.40 0.00 123184 2388 0.03
366.34 0.00 115892 1712 0.02
362.75 0.00 115892 1708 0.02
357.43 0.00 123184 2240 0.03
167.33 0.00 50356 1660 0.02
210.89 0.00 123184 1688 0.02
356.44 0.00 123184 2184 0.03
355.45 0.00 123184 2340 0.03
261.76 0.00 123184 1988 0.02
329.70 0.00 123184 2184 0.03
357.43 0.00 123184 2260 0.03
361.00 0.00 123184 2180 0.03
358.42 0.00 123184 2304 0.03
367.33 0.00 123184 2652 0.03
361.00 0.00 123184 2192 0.03
357.43 0.00 123184 2304 0.03
375.00 0.00 0 0 0.00
353.92 0.00 123184 2336 0.03
289.11 0.00 123184 2028 0.02
281.19 0.00 123184 1948 0.02
366.00 0.00 123184 2260 0.03
358.42 0.00 123184 2260 0.03
358.42 0.00 123184 2184 0.03
357.43 0.00 123184 2304 0.03
357.43 0.00 123184 2256 0.03
357.43 0.00 123184 2184 0.03
357.43 0.00 123184 2176 0.03
361.39 0.00 123184 2600 0.03
354.90 0.00 123184 2180 0.03
173.27 0.00 122924 1864 0.02
357.43 0.00 123184 2236 0.03
362.38 0.00 123184 2456 0.03
139.60 0.00 25768 1660 0.02
362.38 0.00 123184 2208 0.03
358.42 0.00 123184 2192 0.03
356.44 0.00 123184 2188 0.03
356.44 0.00 123184 2192 0.03
138.61 0.00 25768 1712 0.02
356.44 0.00 123184 2228 0.03
365.35 0.00 115892 1872 0.02
356.44 0.00 123184 2180 0.03
359.41 0.00 123184 2304 0.03
356.44 0.00 123184 2192 0.03
361.00 0.00 123184 2228 0.03
358.42 0.00 123184 2188 0.03
367.65 0.00 0 0 0.00
354.90 0.00 123184 2304 0.03
102.00 0.00 17376 708 0.01
140.59 0.00 25768 1664 0.02
360.40 0.00 123184 2228 0.03
138.61 0.00 25768 1732 0.02
357.43 0.00 123184 2292 0.03
362.75 0.00 115892 1812 0.02
367.33 0.00 115892 1720 0.02
359.41 0.00 123184 2300 0.03
371.00 0.00 115892 1716 0.02
353.92 0.00 123184 2288 0.03
357.84 0.00 123184 2336 0.03
356.44 0.00 123184 2336 0.03
365.35 0.00 115892 1828 0.02
361.39 0.00 123184 2176 0.03
352.94 0.00 123184 2344 0.03
354.90 0.00 123184 2192 0.03
371.00 0.00 115892 1768 0.02
179.41 0.00 123184 1700 0.02
367.33 0.00 115892 1724 0.02
355.45 0.00 123184 2336 0.03
356.44 0.00 123184 2240 0.03
359.41 0.00 123184 2388 0.03
107.92 0.00 17376 752 0.01
366.34 0.00 115892 1768 0.02
367.33 0.00 115892 1820 0.02
368.32 0.00 115892 1836 0.02
357.43 0.00 123184 2292 0.03
356.44 0.00 123184 2240 0.03
359.80 0.00 123184 2452 0.03
366.34 0.00 115892 1792 0.02
366.34 0.00 123184 2452 0.03
362.38 0.00 123184 2156 0.03
357.43 0.00 123184 2208 0.03
363.37 0.00 123184 2448 0.03
358.42 0.00 123184 2152 0.03
362.00 0.00 123184 2300 0.03
367.33 0.00 115892 1924 0.02
353.92 0.00 123184 2188 0.03
356.44 0.00 123184 2188 0.03
353.92 0.00 123184 2292 0.03
365.35 0.00 123184 2296 0.03
358.42 0.00 123184 2152 0.03
368.32 0.00 115892 1716 0.02
366.34 0.00 115892 1820 0.02
142.00 0.00 25768 1712 0.02
357.43 0.00 123184 2240 0.03
357.43 0.00 123184 2224 0.03
366.34 0.00 115892 1716 0.02
358.42 0.00 123184 2180 0.03
357.43 0.00 123184 2192 0.03
357.43 0.00 123184 2184 0.03
368.32 0.00 115892 1716 0.02
357.43 0.00 123184 2356 0.03
357.43 0.00 123184 2236 0.03
371.29 0.00 0 0 0.00
358.42 0.00 123184 2188 0.03
134.65 0.00 17572 1664 0.02
358.42 0.00 123184 2304 0.03
367.33 0.00 115892 1724 0.02
138.61 0.00 25768 1816 0.02
369.31 0.00 0 0 0.00
357.43 0.00 123184 2236 0.03
117.82 0.00 17372 1816 0.02
365.35 0.00 115892 1868 0.02
358.42 0.00 123184 2208 0.03
357.43 0.00 123184 2224 0.03
362.75 0.00 115892 1792 0.02
353.92 0.00 123184 2260 0.03
368.32 0.00 0 0 0.00
356.44 0.00 123184 2192 0.03
357.43 0.00 123184 2208 0.03
105.94 0.00 17376 748 0.01
357.43 0.00 123184 2208 0.03
372.28 0.00 0 0 0.00
357.43 0.00 123184 2212 0.03
357.43 0.00 123184 2304 0.03
360.40 0.00 123184 2392 0.03
358.42 0.00 123184 2188 0.03
354.90 0.00 123184 2188 0.03
137.62 0.00 25768 1768 0.02
357.43 0.00 123184 2292 0.03
357.84 0.00 123184 2260 0.03
369.31 0.00 115892 1920 0.02
172.28 0.00 122924 1780 0.02
357.43 0.00 123184 2192 0.03
260.40 0.00 123184 2128 0.03
365.35 0.00 115892 1872 0.02
361.39 0.00 123184 2252 0.03
367.33 0.00 119668 2032 0.02
359.41 0.00 123184 2184 0.03
358.42 0.00 123184 2184 0.03
290.10 0.00 123184 1920 0.02
367.33 0.00 115892 1824 0.02
352.48 0.00 123184 2340 0.03
367.33 0.00 115892 1720 0.02
361.39 0.00 123184 2184 0.03
133.66 0.00 17572 1712 0.02
362.38 0.00 123184 2552 0.03
366.34 0.00 115892 1832 0.02
361.76 0.00 115892 1868 0.02
360.00 0.00 123184 2292 0.03
365.35 0.00 123184 2444 0.03
138.61 0.00 25768 1700 0.02
365.69 0.00 0 0 0.00
366.34 0.00 115892 1720 0.02
365.35 0.00 115892 1872 0.02
358.42 0.00 123184 2240 0.03
356.44 0.00 123184 2356 0.03
356.44 0.00 123184 2180 0.03
260.40 0.00 123184 1944 0.02
357.43 0.00 123184 2252 0.03
361.39 0.00 123184 2292 0.03
122.55 0.00 17372 1664 0.02
359.00 0.00 123184 2340 0.03
370.30 0.00 0 0 0.00
357.43 0.00 123184 2292 0.03
361.39 0.00 123184 2184 0.03
356.44 0.00 123184 2192 0.03
362.38 0.00 123184 2188 0.03
358.42 0.00 123184 2192 0.03
357.43 0.00 123184 2356 0.03
355.45 0.00 123184 2360 0.03
361.00 0.00 123184 2188 0.03
356.44 0.00 123184 2340 0.03
361.00 0.00 123184 2228 0.03
287.25 0.00 123184 1920 0.02
356.86 0.00 123184 2256 0.03
356.44 0.00 123184 2236 0.03
265.00 0.00 123184 1976 0.02
366.34 0.00 115892 1824 0.02
364.36 0.00 115892 1868 0.02
132.67 0.00 17572 1668 0.02
356.44 0.00 123184 2240 0.03
353.92 0.00 123184 2236 0.03
356.44 0.00 123184 2356 0.03
365.00 0.00 123184 2356 0.03
369.31 0.00 0 0 0.00
359.41 0.00 123184 2184 0.03
361.00 0.00 123184 2252 0.03
355.45 0.00 123184 2360 0.03
359.41 0.00 123184 2340 0.03
358.42 0.00 123184 2188 0.03
362.38 0.00 123184 2520 0.03
136.63 0.00 17572 1716 0.02
357.43 0.00 123184 2240 0.03
356.44 0.00 123184 2260 0.03
365.35 0.00 115892 1724 0.02
360.40 0.00 123184 2288 0.03
371.29 0.00 0 0 0.00
357.43 0.00 123184 2360 0.03
356.44 0.00 123184 2176 0.03
369.31 0.00 0 0 0.00
365.35 0.00 115892 1828 0.02
361.39 0.00 123184 2456 0.03
357.43 0.00 123184 2340 0.03
357.43 0.00 123184 2208 0.03
267.33 0.00 123184 1920 0.02
135.64 0.00 17572 1684 0.02
366.34 0.00 115892 1724 0.02
357.43 0.00 123184 2184 0.03
147.52 0.00 50356 1660 0.02
368.32 0.00 115892 1804 0.02
361.39 0.00 123184 2260 0.03
140.20 0.00 25768 1688 0.02
366.34 0.00 115892 1888 0.02
368.32 0.00 115892 1716 0.02
356.44 0.00 123184 2292 0.03
148.51 0.00 50356 1632 0.02
357.43 0.00 123184 2236 0.03
171.29 0.00 119408 1776 0.02
356.44 0.00 123184 2184 0.03
367.33 0.00 115892 1788 0.02
358.42 0.00 123184 2256 0.03
361.00 0.00 123184 2240 0.03
356.44 0.00 123184 2188 0.03
103.96 0.00 17376 744 0.01
356.44 0.00 123184 2236 0.03
368.32 0.00 115892 1924 0.02
141.58 0.00 33964 1728 0.02
358.42 0.00 123184 2304 0.03
361.76 0.00 115892 1788 0.02
357.43 0.00 123184 2180 0.03
365.35 0.00 115892 1868 0.02
367.33 0.00 115892 1724 0.02
276.24 0.00 123184 2124 0.03
360.00 0.00 123184 2240 0.03
360.40 0.00 123184 2224 0.03
170.00 0.00 146524 1656 0.02
357.43 0.00 123184 2236 0.03
353.92 0.00 123184 2176 0.03
139.60 0.00 25768 1664 0.02
357.43 0.00 123184 2192 0.03
362.75 0.00 115892 1716 0.02
356.44 0.00 123184 2176 0.03
370.30 0.00 115892 1924 0.02
361.39 0.00 123184 2188 0.03
138.61 0.00 25768 1680 0.02
356.44 0.00 123184 2192 0.03
357.43 0.00 123184 2288 0.03
365.00 0.00 123184 2448 0.03
361.00 0.00 123184 2188 0.03
138.24 0.00 25768 1668 0.02
370.30 0.00 0 0 0.00
138.61 0.00 25768 1716 0.02
104.95 0.00 17376 688 0.01
368.32 0.00 115892 1716 0.02
180.20 0.00 123184 1732 0.02
141.58 0.00 25768 1660 0.02
361.39 0.00 123184 2188 0.03
356.44 0.00 123184 2240 0.03
363.73 0.00 115892 1828 0.02
362.38 0.00 123184 2256 0.03
167.33 0.00 50356 1864 0.02
364.36 0.00 115892 1872 0.02
284.16 0.00 123184 2124 0.03
367.33 0.00 115892 1868 0.02
358.42 0.00 123184 2192 0.03
366.34 0.00 115892 1788 0.02
187.25 0.00 123184 1652 0.02
365.35 0.00 115892 1760 0.02
357.43 0.00 123184 2260 0.03
368.32 0.00 0 0 0.00
358.42 0.00 123184 2260 0.03
371.29 0.00 0 0 0.00
361.39 0.00 123184 2260 0.03
139.60 0.00 25768 1780 0.02
140.59 0.00 25768 1780 0.02
357.43 0.00 123184 2236 0.03
367.33 0.00 115892 1720 0.02
361.00 0.00 123184 2356 0.03
353.92 0.00 123184 2304 0.03
371.29 0.00 0 0 0.00
370.30 0.00 0 0 0.00
357.43 0.00 123184 2192 0.03
370.00 0.00 115892 1768 0.02
368.32 0.00 115892 1836 0.02
365.35 0.00 115892 1872 0.02
359.41 0.00 123184 2180 0.03
357.43 0.00 123184 2188 0.03
357.84 0.00 123184 2236 0.03
367.33 0.00 116152 1716 0.02
357.43 0.00 123184 2236 0.03
365.35 0.00 115892 1720 0.02
367.33 0.00 123184 2448 0.03
116.67 0.00 17372 1700 0.02
357.43 0.00 123184 2184 0.03
365.35 0.00 123184 2568 0.03
104.95 0.00 17376 704 0.01
362.38 0.00 123184 2188 0.03
356.44 0.00 123184 2236 0.03
356.44 0.00 123184 2356 0.03
367.33 0.00 115892 1724 0.02
368.32 0.00 115892 1924 0.02
285.00 0.00 123184 1916 0.02
356.44 0.00 123184 2360 0.03
353.92 0.00 123184 2192 0.03
353.92 0.00 123184 2200 0.03
356.44 0.00 123184 2236 0.03
356.44 0.00 123184 2336 0.03
368.32 0.00 115892 1712 0.02
367.33 0.00 115892 1792 0.02
274.26 0.00 123184 1924 0.02
135.64 0.00 17572 1664 0.02
353.92 0.00 123184 2356 0.03
365.35 0.00 115892 1760 0.02
361.00 0.00 123184 2300 0.03
360.78 0.00 123184 2336 0.03
136.63 0.00 17572 1660 0.02
369.31 0.00 115892 1908 0.02
356.44 0.00 123184 2240 0.03
357.43 0.00 123184 2180 0.03
359.41 0.00 123184 2208 0.03
357.43 0.00 123184 2192 0.03
356.44 0.00 123184 2388 0.03
356.44 0.00 123184 2292 0.03
365.35 0.00 115892 1784 0.02
358.42 0.00 123184 2156 0.03
357.43 0.00 123184 2208 0.03
356.44 0.00 123184 2268 0.03
105.94 0.00 17376 704 0.01
366.34 0.00 123184 2568 0.03
367.33 0.00 115892 1708 0.02
139.60 0.00 25768 1660 0.02
365.35 0.00 115892 1720 0.02
358.42 0.00 123184 2180 0.03
362.75 0.00 115892 1712 0.02
366.34 0.00 115892 1716 0.02
358.42 0.00 123184 2252 0.03
372.00 0.00 115892 1920 0.02
367.33 0.00 0 0 0.00
369.31 0.00 0 0 0.00
358.42 0.00 123184 2192 0.03
367.33 0.00 115892 1744 0.02
369.31 0.00 115892 1920 0.02
366.00 0.00 123184 2520 0.03
180.20 0.00 123184 1824 0.02
365.35 0.00 115892 1760 0.02
365.35 0.00 115892 1892 0.02
367.33 0.00 115892 1712 0.02
355.45 0.00 123184 2336 0.03
166.34 0.00 50356 1668 0.02
133.66 0.00 17572 1736 0.02
358.42 0.00 123184 2180 0.03
367.33 0.00 115892 1688 0.02
359.41 0.00 123184 2304 0.03
361.39 0.00 123184 2240 0.03
356.44 0.00 123184 2188 0.03
357.43 0.00 123184 2228 0.03
366.34 0.00 115892 1784 0.02
367.33 0.00 115892 1772 0.02
370.00 0.00 115892 1724 0.02
358.42 0.00 123184 2300 0.03
360.40 0.00 123184 2388 0.03
371.00 0.00 115892 1836 0.02
354.90 0.00 123184 2304 0.03
366.34 0.00 115892 1788 0.02
367.33 0.00 115892 1772 0.02
139.60 0.00 25768 1776 0.02
133.66 0.00 17572 1656 0.02
373.00 0.00 0 0 0.00
365.35 0.00 115892 1784 0.02
172.00 0.00 119408 1712 0.02
139.60 0.00 25768 1668 0.02
371.00 0.00 115892 1716 0.02
356.44 0.00 123184 2192 0.03
357.43 0.00 123184 2184 0.03
366.34 0.00 115892 1756 0.02
361.39 0.00 123184 2624 0.03
362.00 0.00 123184 2260 0.03
352.94 0.00 123184 2192 0.03
365.35 0.00 115892 1720 0.02
267.33 0.00 123184 2040 0.03
367.33 0.00 115892 1772 0.02
164.71 0.00 50356 1812 0.02
361.39 0.00 123184 2192 0.03
360.40 0.00 123184 2236 0.03
368.32 0.00 115892 1684 0.02
356.44 0.00 123184 2336 0.03
365.35 0.00 123184 2656 0.03
359.00 0.00 123184 2336 0.03
140.59 0.00 25768 1656 0.02
352.94 0.00 123184 2340 0.03
364.00 0.00 123184 2188 0.03
356.44 0.00 123184 2336 0.03
138.61 0.00 25768 1656 0.02
362.38 0.00 123184 2184 0.03
361.39 0.00 123184 2340 0.03
37.62 0.00 352 4 0.00
368.32 0.00 115892 1792 0.02
370.00 0.00 115892 1712 0.02
364.36 0.00 115892 1760 0.02
358.42 0.00 123184 2300 0.03
358.42 0.00 123184 2256 0.03
366.34 0.00 115892 1716 0.02
374.00 0.00 0 0 0.00
370.30 0.00 115892 1920 0.02
367.33 0.00 123184 2472 0.03
368.32 0.00 115892 1744 0.02
366.34 0.00 119668 2192 0.03
104.00 0.00 17376 760 0.01
140.59 0.00 25768 1656 0.02
373.00 0.00 0 0 0.00
367.33 0.00 115892 1720 0.02
361.00 0.00 123184 2184 0.03
353.92 0.00 123184 2188 0.03
357.43 0.00 123184 2292 0.03
227.45 0.00 123184 1664 0.02
358.42 0.00 123184 2188 0.03
357.43 0.00 123184 2192 0.03
361.39 0.00 123184 2240 0.03
357.43 0.00 123184 2336 0.03
357.43 0.00 123184 2288 0.03
359.41 0.00 123184 2188 0.03
140.59 0.00 25768 1732 0.02
138.61 0.00 25768 1816 0.02
360.40 0.00 123184 2288 0.03
357.43 0.00 123184 2356 0.03
359.41 0.00 123184 2392 0.03
358.42 0.00 123184 2180 0.03
366.34 0.00 115892 1768 0.02
370.00 0.00 115892 1816 0.02
365.35 0.00 115892 1788 0.02
358.42 0.00 123184 2160 0.03
139.60 0.00 25768 1684 0.02
357.43 0.00 123184 2224 0.03
358.42 0.00 123184 2288 0.03
361.00 0.00 123184 2236 0.03
139.60 0.00 25768 1664 0.02
358.42 0.00 123184 2172 0.03
368.32 0.00 115892 1772 0.02
358.42 0.00 123184 2212 0.03
366.34 0.00 115892 1712 0.02
356.44 0.00 123184 2236 0.03
358.42 0.00 123184 2212 0.03
140.59 0.00 25768 1776 0.02
129.70 0.00 17572 1832 0.02
357.43 0.00 123184 2360 0.03
356.44 0.00 123184 2356 0.03
133.66 0.00 17572 1736 0.02
367.33 0.00 115892 1768 0.02
139.60 0.00 25768 1656 0.02
358.42 0.00 123184 2180 0.03
357.43 0.00 123184 2256 0.03
358.42 0.00 123184 2192 0.03
357.43 0.00 123184 2184 0.03
364.36 0.00 115892 1756 0.02
358.42 0.00 123184 2184 0.03
274.26 0.00 123184 1960 0.02
363.37 0.00 123184 2552 0.03
359.41 0.00 123184 2184 0.03
358.42 0.00 123184 2184 0.03
368.32 0.00 115892 1740 0.02
366.34 0.00 115892 1804 0.02
167.00 0.00 50356 1700 0.02
366.34 0.00 115892 1744 0.02
358.82 0.00 123184 2504 0.03
139.60 0.00 25768 1656 0.02
362.38 0.00 123184 2188 0.03
356.44 0.00 123184 2360 0.03
141.58 0.00 25768 1684 0.02
358.42 0.00 123184 2192 0.03
358.42 0.00 123184 2188 0.03
357.43 0.00 123184 2188 0.03
370.30 0.00 0 0 0.00
355.88 0.00 123184 2180 0.03
357.43 0.00 123184 2360 0.03
366.34 0.00 115892 1788 0.02
358.42 0.00 123184 2292 0.03
361.00 0.00 123184 2188 0.03
367.33 0.00 115892 1832 0.02
359.41 0.00 123184 2300 0.03
367.33 0.00 123184 2476 0.03
139.60 0.00 25768 1668 0.02
139.60 0.00 25768 1716 0.02
365.35 0.00 115892 1760 0.02
166.34 0.00 50356 1664 0.02
357.43 0.00 123184 2208 0.03
358.42 0.00 123184 2260 0.03
353.92 0.00 123184 2236 0.03
357.43 0.00 123184 2256 0.03
366.67 0.00 0 0 0.00
105.94 0.00 17376 756 0.01
356.44 0.00 123184 2236 0.03
355.45 0.00 123184 2224 0.03
365.35 0.00 115892 1756 0.02
361.39 0.00 123184 2280 0.03
35.64 0.00 352 4 0.00
360.00 0.00 123184 2336 0.03
367.33 0.00 115892 1724 0.02
360.40 0.00 123184 2184 0.03
358.42 0.00 123184 2300 0.03
369.31 0.00 115892 1920 0.02
104.95 0.00 17376 752 0.01
362.38 0.00 123184 2388 0.03
291.09 0.00 123184 1924 0.02
357.43 0.00 123184 2292 0.03
366.34 0.00 115892 1720 0.02
356.44 0.00 123184 2240 0.03
352.94 0.00 123184 2252 0.03
185.29 0.00 123184 1660 0.02
138.24 0.00 25768 1664 0.02
139.60 0.00 25768 1716 0.02
357.43 0.00 123184 2192 0.03
359.41 0.00 123184 2392 0.03
366.34 0.00 115892 1712 0.02
360.00 0.00 123184 2188 0.03
357.43 0.00 123184 2188 0.03
359.41 0.00 123184 2300 0.03
348.51 0.00 123184 2388 0.03
356.44 0.00 123184 2356 0.03
290.10 0.00 123184 1944 0.02
357.43 0.00 123184 2184 0.03
358.42 0.00 123184 2300 0.03
360.78 0.00 123184 2392 0.03
108.91 0.00 17376 748 0.01
367.33 0.00 115892 1744 0.02
358.42 0.00 123184 2188 0.03
363.37 0.00 123184 2300 0.03
371.00 0.00 115892 1768 0.02
70.30 0.00 14252 612 0.01
370.30 0.00 0 0 0.00
367.33 0.00 115892 1784 0.02
365.35 0.00 115892 1872 0.02
357.43 0.00 123184 2184 0.03
361.39 0.00 123184 2524 0.03
362.38 0.00 123184 2524 0.03
190.10 0.00 123184 1656 0.02
361.00 0.00 123184 2208 0.03
357.43 0.00 123184 2340 0.03
359.41 0.00 123184 2176 0.03
366.00 0.00 123184 2188 0.03
140.59 0.00 25768 1712 0.02
139.60 0.00 25768 1668 0.02
355.45 0.00 123184 2212 0.03
358.42 0.00 123184 2236 0.03
357.43 0.00 123184 2184 0.03
360.00 0.00 123184 2168 0.03
358.42 0.00 123184 2180 0.03
366.34 0.00 115892 1784 0.02
139.60 0.00 25768 1664 0.02
370.30 0.00 0 0 0.00
360.00 0.00 123184 2260 0.03
356.44 0.00 123184 2240 0.03
358.42 0.00 123184 2188 0.03
357.43 0.00 123184 2240 0.03
139.22 0.00 25768 1656 0.02
359.41 0.00 123184 2180 0.03
367.33 0.00 115892 1836 0.02
367.33 0.00 115892 1744 0.02
361.76 0.00 115892 1728 0.02
358.42 0.00 123184 2184 0.03
356.44 0.00 123184 2356 0.03
361.39 0.00 123184 2192 0.03
357.43 0.00 123184 2256 0.03
367.33 0.00 115892 1740 0.02
107.92 0.00 17380 748 0.01
372.28 0.00 0 0 0.00
141.58 0.00 25768 1864 0.02
353.92 0.00 123184 2180 0.03
366.34 0.00 115892 1724 0.02
358.42 0.00 123184 2180 0.03
358.42 0.00 123184 2184 0.03
357.43 0.00 123184 2176 0.03
370.30 0.00 0 0 0.00
357.43 0.00 123184 2240 0.03
357.43 0.00 123184 2236 0.03
357.43 0.00 123184 2260 0.03
354.90 0.00 123184 2212 0.03
366.34 0.00 115892 1836 0.02
101.98 0.00 17376 752 0.01
371.29 0.00 115892 1924 0.02
366.34 0.00 115892 1720 0.02
356.44 0.00 123184 2224 0.03
358.42 0.00 123184 2176 0.03
356.44 0.00 123184 2340 0.03
358.42 0.00 123184 2304 0.03
355.45 0.00 123184 2236 0.03
368.32 0.00 115892 1924 0.02
366.34 0.00 115892 1736 0.02
366.34 0.00 115892 1888 0.02
260.40 0.00 123184 1924 0.02
56.44 0.00 4640 292 0.00
362.00 0.00 123184 2236 0.03
365.35 0.00 115892 1760 0.02
366.34 0.00 115892 1768 0.02
366.34 0.00 115892 1692 0.02
166.34 0.00 50356 1684 0.02
359.41 0.00 123184 2212 0.03
357.43 0.00 123184 2176 0.03
368.32 0.00 115892 1744 0.02
357.43 0.00 123184 2228 0.03
366.34 0.00 115892 1788 0.02
367.33 0.00 115892 1832 0.02
132.35 0.00 17572 1836 0.02
364.36 0.00 123184 2556 0.03
359.41 0.00 123184 2188 0.03
365.35 0.00 115892 1760 0.02
357.43 0.00 123184 2300 0.03
356.44 0.00 123184 2260 0.03
357.43 0.00 123184 2240 0.03
294.00 0.00 123184 2124 0.03
366.34 0.00 115892 1768 0.02
361.76 0.00 115892 1784 0.02
270.59 0.00 123184 1960 0.02
367.33 0.00 115892 1836 0.02
357.43 0.00 123184 2188 0.03
355.45 0.00 123184 2228 0.03
357.43 0.00 123184 2180 0.03
280.20 0.00 123184 1928 0.02
365.35 0.00 115892 1868 0.02
359.41 0.00 123184 2180 0.03
357.43 0.00 123184 2192 0.03
356.44 0.00 123184 2236 0.03
357.43 0.00 123184 2288 0.03
356.86 0.00 123184 2388 0.03
359.41 0.00 123184 2180 0.03
355.45 0.00 123184 2336 0.03
134.65 0.00 17572 1764 0.02
191.09 0.00 123184 1816 0.02
353.92 0.00 123184 2184 0.03
357.43 0.00 123184 2236 0.03
357.43 0.00 123184 2188 0.03
357.43 0.00 123184 2180 0.03
357.43 0.00 123184 2260 0.03
356.44 0.00 123184 2228 0.03
353.92 0.00 123184 2240 0.03
358.42 0.00 123184 2180 0.03
289.11 0.00 123184 1928 0.02
358.42 0.00 123184 2180 0.03
366.00 0.00 123184 2552 0.03
361.39 0.00 123184 2192 0.03
261.39 0.00 123184 2124 0.03
366.34 0.00 115892 1740 0.02
363.37 0.00 123184 2212 0.03
371.29 0.00 0 0 0.00
358.42 0.00 123184 2180 0.03
167.33 0.00 50356 1664 0.02
359.41 0.00 123184 2304 0.03
368.00 0.00 115892 1868 0.02
367.33 0.00 115892 1708 0.02
141.58 0.00 25768 1684 0.02
369.31 0.00 0 0 0.00
356.44 0.00 123184 2188 0.03
357.43 0.00 123184 2256 0.03
369.31 0.00 115892 1924 0.02
367.33 0.00 115892 1796 0.02
364.36 0.00 116152 2152 0.03
186.14 0.00 123184 1712 0.02
358.42 0.00 123184 2236 0.03
355.45 0.00 123184 2228 0.03
357.43 0.00 123184 2180 0.03
367.33 0.00 115892 1744 0.02
353.92 0.00 123184 2224 0.03
258.42 0.00 123184 1908 0.02
356.44 0.00 123184 2340 0.03
370.30 0.00 0 0 0.00
356.44 0.00 123184 2236 0.03
365.35 0.00 115892 1712 0.02
265.35 0.00 123184 1960 0.02
357.43 0.00 123184 2336 0.03
140.59 0.00 25768 1660 0.02
188.12 0.00 123184 1632 0.02
353.92 0.00 123184 2180 0.03
354.90 0.00 123184 2252 0.03
138.61 0.00 25768 1664 0.02
53.47 0.00 2528 232 0.00
138.61 0.00 25768 1660 0.02
358.42 0.00 123184 2184 0.03
138.24 0.00 25768 1812 0.02
357.43 0.00 123184 2188 0.03
370.00 0.00 115892 1868 0.02
281.19 0.00 123184 2124 0.03
356.44 0.00 123184 2180 0.03
362.75 0.00 115892 1724 0.02
358.42 0.00 123184 2188 0.03
358.42 0.00 123184 2180 0.03
139.22 0.00 25768 1656 0.02
366.34 0.00 115892 1824 0.02
138.61 0.00 25768 1700 0.02
357.43 0.00 123184 2180 0.03
364.36 0.00 115892 1756 0.02
289.11 0.00 123184 2124 0.03
366.34 0.00 115892 1724 0.02
362.38 0.00 123184 2560 0.03
371.29 0.00 0 0 0.00
358.42 0.00 123184 2184 0.03
362.00 0.00 123184 2180 0.03
367.33 0.00 115892 1716 0.02
360.00 0.00 123184 2324 0.03
134.65 0.00 17572 1664 0.02
357.43 0.00 123184 2168 0.03
139.60 0.00 25768 1816 0.02
358.42 0.00 123184 2184 0.03
361.76 0.00 115892 1720 0.02
360.00 0.00 123184 2188 0.03
364.36 0.00 123184 2452 0.03
355.45 0.00 123184 2236 0.03
142.00 0.00 25768 1868 0.02
358.42 0.00 123184 2268 0.03
356.44 0.00 123184 2180 0.03
140.59 0.00 25768 1668 0.02
366.34 0.00 115892 1792 0.02
359.41 0.00 123184 2304 0.03
357.43 0.00 123184 2192 0.03
359.41 0.00 123184 2300 0.03
357.43 0.00 123184 2180 0.03
371.00 0.00 115892 1788 0.02
134.65 0.00 17572 1664 0.02
356.44 0.00 123184 2312 0.03
140.59 0.00 25768 1664 0.02
360.40 0.00 123184 2360 0.03
359.41 0.00 123184 2208 0.03
366.34 0.00 115892 1720 0.02
360.40 0.00 123184 2292 0.03
356.44 0.00 123184 2192 0.03
280.20 0.00 123184 1916 0.02
359.41 0.00 123184 2388 0.03
357.43 0.00 123184 2336 0.03
357.43 0.00 123184 2192 0.03
81.19 0.00 17376 708 0.01
360.00 0.00 123184 2336 0.03
365.35 0.00 115892 1720 0.02
364.36 0.00 115892 1756 0.02
138.61 0.00 25768 1732 0.02
