366.34 0.00 115892 1724 0.02
363.37 0.00 115892 1872 0.02
107.92 0.00 17380 744 0.01
356.44 0.00 123184 2236 0.03
357.43 0.00 123184 2300 0.03
369.00 0.00 115892 1712 0.02
366.34 0.00 115892 1716 0.02
364.36 0.00 115892 1888 0.02
358.42 0.00 123184 2212 0.03
357.43 0.00 123184 2184 0.03
357.43 0.00 123184 2388 0.03
355.45 0.00 123184 2240 0.03
356.44 0.00 123184 2292 0.03
361.39 0.00 123184 2300 0.03
356.44 0.00 123184 2188 0.03
366.34 0.00 0 0 0.00
144.55 0.00 42160 1664 0.02
359.00 0.00 123184 2336 0.03
357.43 0.00 123184 2192 0.03
367.33 0.00 115892 1708 0.02
365.35 0.00 116152 2048 0.03
139.60 0.00 25768 1624 0.02
358.42 0.00 123184 2184 0.03
135.00 0.00 17572 1652 0.02
360.40 0.00 123184 2336 0.03
356.44 0.00 123184 2180 0.03
365.35 0.00 115892 1760 0.02
365.35 0.00 115892 1892 0.02
356.44 0.00 123184 2240 0.03
368.32 0.00 0 0 0.00
132.67 0.00 17572 1668 0.02
366.34 0.00 115892 1716 0.02
359.41 0.00 123184 2392 0.03
366.34 0.00 115892 1712 0.02
359.41 0.00 123184 2356 0.03
357.43 0.00 123184 2304 0.03
140.59 0.00 25768 1660 0.02
355.45 0.00 123184 2360 0.03
369.00 0.00 115892 1716 0.02
355.45 0.00 123184 2360 0.03
356.44 0.00 123184 2260 0.03
357.43 0.00 123184 2176 0.03
370.30 0.00 0 0 0.00
357.43 0.00 123184 2176 0.03
360.40 0.00 123184 2236 0.03
371.00 0.00 115892 1716 0.02
364.36 0.00 115892 1888 0.02
139.60 0.00 25768 1616 0.02
370.30 0.00 0 0 0.00
166.34 0.00 50356 1624 0.02
366.34 0.00 115892 1712 0.02
363.37 0.00 123184 2456 0.03
355.45 0.00 123184 2228 0.03
356.44 0.00 123184 2184 0.03
360.40 0.00 123184 2208 0.03
355.45 0.00 123184 2360 0.03
139.60 0.00 25768 1864 0.02
369.31 0.00 115892 1836 0.02
365.35 0.00 115892 1716 0.02
369.00 0.00 115892 1720 0.02
359.41 0.00 123184 2392 0.03
170.30 0.00 119408 1660 0.02
355.45 0.00 123184 2356 0.03
366.34 0.00 115892 1792 0.02
366.34 0.00 115892 1792 0.02
356.44 0.00 123184 2176 0.03
133.66 0.00 17572 1688 0.02
366.34 0.00 115892 1720 0.02
366.34 0.00 115892 1712 0.02
355.45 0.00 123184 2360 0.03
367.33 0.00 115892 1728 0.02
180.20 0.00 123184 1832 0.02
357.43 0.00 123184 2184 0.03
362.38 0.00 123184 2392 0.03
356.44 0.00 123184 2236 0.03
365.35 0.00 115892 1760 0.02
366.34 0.00 115892 1728 0.02
361.00 0.00 123184 2240 0.03
356.44 0.00 123184 2176 0.03
366.34 0.00 115892 1716 0.02
366.34 0.00 115892 1772 0.02
365.35 0.00 119668 2188 0.03
366.34 0.00 115892 1832 0.02
133.66 0.00 17572 1668 0.02
365.35 0.00 115892 1756 0.02
365.35 0.00 115892 1720 0.02
357.43 0.00 123184 2256 0.03
357.43 0.00 123184 2240 0.03
366.34 0.00 115892 1820 0.02
357.43 0.00 123184 2180 0.03
358.42 0.00 123184 2180 0.03
359.41 0.00 123184 2180 0.03
367.33 0.00 115892 1744 0.02
356.44 0.00 123184 2212 0.03
365.35 0.00 115892 1720 0.02
364.36 0.00 123184 2620 0.03
189.00 0.00 123184 1780 0.02
358.42 0.00 123184 2184 0.03
366.34 0.00 115892 1716 0.02
364.36 0.00 115892 1868 0.02
365.35 0.00 115892 1768 0.02
352.94 0.00 123184 2288 0.03
138.61 0.00 25768 1656 0.02
366.34 0.00 115892 1712 0.02
358.42 0.00 123184 2212 0.03
356.44 0.00 123184 2176 0.03
364.36 0.00 115892 1872 0.02
360.40 0.00 123184 2292 0.03
358.42 0.00 123184 2392 0.03
352.94 0.00 123184 2240 0.03
365.35 0.00 115892 1892 0.02
364.36 0.00 115892 1788 0.02
352.94 0.00 123184 2180 0.03
367.33 0.00 115892 1836 0.02
355.45 0.00 123184 2288 0.03
360.40 0.00 123184 2224 0.03
368.00 0.00 115892 1756 0.02
365.35 0.00 115892 1720 0.02
357.43 0.00 123184 2184 0.03
356.44 0.00 123184 2236 0.03
356.44 0.00 123184 2188 0.03
356.44 0.00 123184 2184 0.03
357.43 0.00 123184 2236 0.03
359.41 0.00 123184 2388 0.03
139.60 0.00 25768 1660 0.02
355.45 0.00 123184 2228 0.03
361.39 0.00 123184 2184 0.03
359.00 0.00 123184 2220 0.03
358.42 0.00 123184 2180 0.03
368.32 0.00 115892 1920 0.02
368.32 0.00 0 0 0.00
364.36 0.00 115892 1892 0.02
132.35 0.00 17572 1700 0.02
100.99 0.00 17376 744 0.01
365.35 0.00 115892 1728 0.02
360.40 0.00 123184 2192 0.03
366.34 0.00 115892 1716 0.02
356.44 0.00 123184 2288 0.03
371.29 0.00 0 0 0.00
366.34 0.00 115892 1772 0.02
367.33 0.00 115892 1716 0.02
366.34 0.00 115892 1924 0.02
365.35 0.00 115892 1724 0.02
365.35 0.00 115892 1720 0.02
138.61 0.00 25768 1712 0.02
182.18 0.00 123184 1664 0.02
360.40 0.00 123184 2620 0.03
361.39 0.00 123184 2184 0.03
365.35 0.00 115892 1740 0.02
364.36 0.00 115892 1868 0.02
139.60 0.00 25768 1688 0.02
355.45 0.00 123184 2236 0.03
356.44 0.00 123184 2288 0.03
361.00 0.00 123184 2180 0.03
357.43 0.00 123184 2184 0.03
365.35 0.00 115892 1788 0.02
365.35 0.00 115892 1792 0.02
244.12 0.00 123184 2040 0.03
146.00 0.00 42160 1656 0.02
362.38 0.00 123184 2192 0.03
356.44 0.00 123184 2184 0.03
362.75 0.00 115892 1720 0.02
367.33 0.00 115892 1716 0.02
365.35 0.00 115892 1692 0.02
138.61 0.00 25768 1816 0.02
169.31 0.00 119408 1816 0.02
356.44 0.00 123184 2256 0.03
362.38 0.00 123184 2448 0.03
360.78 0.00 115892 1756 0.02
371.00 0.00 115892 1716 0.02
366.34 0.00 115892 1772 0.02
360.00 0.00 123184 2240 0.03
361.39 0.00 123184 2260 0.03
103.96 0.00 17376 760 0.01
357.43 0.00 123184 2184 0.03
138.61 0.00 25768 1660 0.02
365.35 0.00 115892 1712 0.02
354.46 0.00 123184 2236 0.03
370.00 0.00 115892 1792 0.02
263.37 0.00 123184 1920 0.02
369.31 0.00 0 0 0.00
88.00 0.00 17376 756 0.01
137.62 0.00 25768 1836 0.02
361.00 0.00 123184 2188 0.03
370.00 0.00 115892 1832 0.02
366.34 0.00 115892 1712 0.02
369.00 0.00 115892 1720 0.02
369.00 0.00 115892 1720 0.02
370.00 0.00 115892 1920 0.02
359.41 0.00 123184 2288 0.03
366.34 0.00 115892 1788 0.02
145.54 0.00 50356 1668 0.02
370.00 0.00 115892 1724 0.02
357.43 0.00 123184 2188 0.03
364.71 0.00 0 0 0.00
106.93 0.00 17380 704 0.01
357.43 0.00 123184 2180 0.03
366.34 0.00 115892 1920 0.02
369.00 0.00 115892 1768 0.02
365.35 0.00 115892 1712 0.02
367.33 0.00 115892 1904 0.02
137.62 0.00 25768 1656 0.02
366.00 0.00 123184 2300 0.03
243.56 0.00 123184 1948 0.02
368.32 0.00 115892 1920 0.02
366.34 0.00 115892 1724 0.02
365.35 0.00 115892 1716 0.02
366.34 0.00 115892 1792 0.02
357.43 0.00 123184 2192 0.03
366.34 0.00 115892 1716 0.02
355.45 0.00 123184 2180 0.03
357.43 0.00 123184 2300 0.03
361.39 0.00 123184 2444 0.03
365.35 0.00 115892 1716 0.02
357.43 0.00 123184 2180 0.03
365.35 0.00 115892 1820 0.02
356.44 0.00 123184 2208 0.03
138.61 0.00 25768 1764 0.02
356.44 0.00 123184 2292 0.03
360.78 0.00 115892 1868 0.02
365.35 0.00 115892 1712 0.02
367.33 0.00 115892 1740 0.02
359.41 0.00 123184 2188 0.03
139.60 0.00 25768 1776 0.02
356.44 0.00 123184 2192 0.03
357.43 0.00 123184 2180 0.03
356.44 0.00 123184 2180 0.03
365.35 0.00 115892 1744 0.02
364.36 0.00 115892 1756 0.02
356.44 0.00 123184 2292 0.03
137.62 0.00 25768 1664 0.02
368.32 0.00 0 0 0.00
165.35 0.00 50356 1656 0.02
361.00 0.00 123184 2184 0.03
367.00 0.00 115892 1868 0.02
372.00 0.00 115892 1744 0.02
356.44 0.00 123184 2288 0.03
132.67 0.00 17572 1816 0.02
183.17 0.00 123184 1660 0.02
364.36 0.00 115892 1872 0.02
356.44 0.00 123184 2260 0.03
365.35 0.00 115892 1768 0.02
368.32 0.00 115892 1920 0.02
357.43 0.00 123184 2304 0.03
362.38 0.00 123184 2520 0.03
357.43 0.00 123184 2300 0.03
364.36 0.00 115892 1840 0.02
366.34 0.00 115892 1788 0.02
365.35 0.00 115892 1720 0.02
366.34 0.00 115892 1784 0.02
353.92 0.00 123184 2188 0.03
141.58 0.00 33964 1668 0.02
356.44 0.00 123184 2184 0.03
356.44 0.00 123184 2300 0.03
361.39 0.00 123184 2556 0.03
368.32 0.00 115892 1924 0.02
360.40 0.00 123184 2164 0.03
358.42 0.00 123184 2212 0.03
357.43 0.00 123184 2392 0.03
356.44 0.00 123184 2256 0.03
366.34 0.00 116152 1716 0.02
366.34 0.00 115892 1772 0.02
366.34 0.00 115892 1716 0.02
363.37 0.00 115892 1868 0.02
357.43 0.00 123184 2180 0.03
187.13 0.00 123184 1660 0.02
366.34 0.00 115892 1792 0.02
361.39 0.00 123184 2184 0.03
355.45 0.00 123184 2336 0.03
366.34 0.00 115892 1708 0.02
356.44 0.00 123184 2256 0.03
355.88 0.00 123184 2204 0.03
357.43 0.00 123184 2300 0.03
288.12 0.00 123184 1924 0.02
356.44 0.00 123184 2188 0.03
366.34 0.00 115892 1716 0.02
357.43 0.00 123184 2180 0.03
363.00 0.00 123184 2392 0.03
355.45 0.00 123184 2360 0.03
355.45 0.00 123184 2192 0.03
364.36 0.00 115892 1888 0.02
361.76 0.00 115892 1792 0.02
367.33 0.00 115892 1716 0.02
356.44 0.00 123184 2212 0.03
360.40 0.00 123184 2192 0.03
351.96 0.00 123184 2224 0.03
357.43 0.00 123184 2176 0.03
356.44 0.00 123184 2292 0.03
365.35 0.00 115892 1708 0.02
370.00 0.00 115892 1824 0.02
366.34 0.00 115892 1740 0.02
368.32 0.00 0 0 0.00
364.36 0.00 115892 1784 0.02
133.66 0.00 17572 1764 0.02
357.43 0.00 123184 2184 0.03
366.34 0.00 115892 1772 0.02
366.34 0.00 115892 1836 0.02
365.35 0.00 115892 1872 0.02
366.34 0.00 115892 1716 0.02
363.37 0.00 115892 1872 0.02
364.36 0.00 115892 1760 0.02
364.36 0.00 115892 1888 0.02
366.34 0.00 115892 1788 0.02
365.35 0.00 115892 1768 0.02
366.34 0.00 115892 1784 0.02
366.34 0.00 115892 1768 0.02
356.44 0.00 123184 2184 0.03
365.35 0.00 115892 1716 0.02
360.00 0.00 123184 2228 0.03
365.35 0.00 115892 1712 0.02
363.37 0.00 115892 1872 0.02
137.25 0.00 25768 1700 0.02
140.00 0.00 25768 1664 0.02
364.36 0.00 123184 2656 0.03
356.44 0.00 123184 2180 0.03
369.00 0.00 115892 1784 0.02
370.00 0.00 115892 1716 0.02
365.35 0.00 115892 1720 0.02
365.35 0.00 115892 1720 0.02
357.43 0.00 123184 2180 0.03
286.14 0.00 123184 1920 0.02
370.00 0.00 115892 1716 0.02
356.44 0.00 123184 2252 0.03
363.37 0.00 115892 1868 0.02
364.36 0.00 115892 1756 0.02
369.00 0.00 115892 1836 0.02
364.36 0.00 115892 1892 0.02
349.51 0.00 123184 2360 0.03
139.60 0.00 25768 1864 0.02
355.45 0.00 123184 2236 0.03
361.76 0.00 115892 1792 0.02
364.36 0.00 115892 1720 0.02
364.36 0.00 115892 1756 0.02
366.34 0.00 115892 1720 0.02
366.34 0.00 115892 1712 0.02
357.43 0.00 123184 2184 0.03
369.31 0.00 0 0 0.00
370.30 0.00 0 0 0.00
356.44 0.00 123184 2260 0.03
367.33 0.00 115892 1712 0.02
364.00 0.00 123184 2288 0.03
364.36 0.00 115892 1888 0.02
362.00 0.00 123184 2212 0.03
365.35 0.00 115892 1720 0.02
138.61 0.00 25768 1668 0.02
357.43 0.00 123184 2292 0.03
360.00 0.00 123184 2260 0.03
356.44 0.00 123184 2288 0.03
366.34 0.00 115892 1768 0.02
356.44 0.00 123184 2188 0.03
358.42 0.00 123184 2208 0.03
356.44 0.00 123184 2300 0.03
136.63 0.00 25768 1712 0.02
354.90 0.00 123184 2208 0.03
368.32 0.00 115892 1920 0.02
139.60 0.00 25768 1776 0.02
365.35 0.00 115892 1716 0.02
364.36 0.00 115892 1820 0.02
370.30 0.00 0 0 0.00
356.44 0.00 123184 2184 0.03
358.42 0.00 123184 2304 0.03
355.45 0.00 123184 2360 0.03
357.43 0.00 123184 2184 0.03
362.00 0.00 123184 2304 0.03
354.46 0.00 123184 2240 0.03
364.36 0.00 115892 1756 0.02
366.34 0.00 115892 1868 0.02
370.30 0.00 0 0 0.00
358.42 0.00 123184 2388 0.03
34.65 0.00 332 4 0.00
366.34 0.00 115892 1772 0.02
365.35 0.00 115892 1892 0.02
285.29 0.00 123184 1924 0.02
364.36 0.00 115892 1716 0.02
356.44 0.00 123184 2288 0.03
362.38 0.00 123184 2452 0.03
361.39 0.00 123184 2180 0.03
357.43 0.00 123184 2192 0.03
356.44 0.00 123184 2260 0.03
366.34 0.00 115892 1836 0.02
366.34 0.00 115892 1832 0.02
369.00 0.00 115892 1724 0.02
138.61 0.00 25768 1736 0.02
359.00 0.00 123184 2236 0.03
365.35 0.00 115892 1720 0.02
363.37 0.00 115892 1868 0.02
365.35 0.00 115892 1820 0.02
355.45 0.00 123184 2240 0.03
141.00 0.00 25768 1780 0.02
94.06 0.00 17376 744 0.01
185.15 0.00 123184 1684 0.02
351.96 0.00 123184 2340 0.03
367.33 0.00 115892 1908 0.02
355.45 0.00 123184 2188 0.03
366.34 0.00 115892 1832 0.02
361.39 0.00 123184 2444 0.03
166.34 0.00 50356 1736 0.02
365.35 0.00 115892 1768 0.02
356.44 0.00 123184 2192 0.03
142.00 0.00 25768 1684 0.02
100.00 0.00 17376 704 0.01
182.18 0.00 123184 1700 0.02
140.00 0.00 25768 1816 0.02
366.34 0.00 116152 2092 0.03
356.44 0.00 123184 2300 0.03
366.34 0.00 115892 1720 0.02
365.35 0.00 115892 1788 0.02
366.34 0.00 115892 1720 0.02
356.44 0.00 123184 2192 0.03
366.34 0.00 115892 1712 0.02
361.39 0.00 123184 2212 0.03
360.78 0.00 115892 1724 0.02
356.44 0.00 123184 2256 0.03
367.33 0.00 115892 1836 0.02
367.33 0.00 115892 1836 0.02
87.00 0.00 17376 708 0.01
356.44 0.00 123184 2188 0.03
360.78 0.00 115892 1820 0.02
364.36 0.00 115892 1888 0.02
368.32 0.00 0 0 0.00
361.39 0.00 123184 2256 0.03
366.34 0.00 115892 1836 0.02
140.59 0.00 25768 1684 0.02
361.00 0.00 123184 2300 0.03
360.00 0.00 123184 2180 0.03
364.36 0.00 115892 1756 0.02
365.35 0.00 115892 1720 0.02
362.75 0.00 115892 1712 0.02
355.45 0.00 123184 2236 0.03
352.94 0.00 123184 2184 0.03
166.34 0.00 50356 1652 0.02
359.41 0.00 123184 2392 0.03
365.35 0.00 115892 1728 0.02
360.40 0.00 123184 2192 0.03
355.45 0.00 123184 2224 0.03
355.45 0.00 123184 2336 0.03
360.40 0.00 123184 2184 0.03
354.46 0.00 123184 2224 0.03
357.43 0.00 123184 2180 0.03
355.45 0.00 123184 2228 0.03
132.67 0.00 17572 1836 0.02
366.34 0.00 115892 1788 0.02
355.45 0.00 123184 2360 0.03
356.44 0.00 123184 2252 0.03
361.00 0.00 123184 2184 0.03
367.33 0.00 115892 1712 0.02
365.35 0.00 115892 1792 0.02
365.35 0.00 115892 1744 0.02
361.39 0.00 123184 2184 0.03
136.63 0.00 25768 1660 0.02
365.35 0.00 115892 1784 0.02
364.36 0.00 115892 1760 0.02
365.35 0.00 115892 1768 0.02
367.33 0.00 0 0 0.00
360.40 0.00 123184 2292 0.03
365.35 0.00 115892 1836 0.02
364.36 0.00 115892 1756 0.02
364.36 0.00 115892 1788 0.02
367.33 0.00 115892 1716 0.02
358.42 0.00 123184 2212 0.03
370.30 0.00 0 0 0.00
187.13 0.00 123184 1732 0.02
359.41 0.00 123184 2324 0.03
362.00 0.00 123184 2240 0.03
356.44 0.00 123184 2260 0.03
165.35 0.00 50356 1712 0.02
354.46 0.00 123184 2336 0.03
359.00 0.00 123184 2220 0.03
366.34 0.00 115892 1784 0.02
358.42 0.00 123184 2208 0.03
365.35 0.00 115892 1720 0.02
357.43 0.00 123184 2180 0.03
369.31 0.00 0 0 0.00
356.44 0.00 123184 2184 0.03
365.35 0.00 115892 1788 0.02
364.36 0.00 115892 1788 0.02
364.36 0.00 115892 1788 0.02
365.35 0.00 115892 1788 0.02
365.35 0.00 115892 1788 0.02
101.98 0.00 17376 756 0.01
362.38 0.00 123184 2392 0.03
136.63 0.00 25768 1836 0.02
355.45 0.00 123184 2356 0.03
366.34 0.00 123184 2652 0.03
364.36 0.00 115892 1756 0.02
366.34 0.00 115892 1740 0.02
359.41 0.00 123184 2388 0.03
176.24 0.00 123184 1716 0.02
366.34 0.00 115892 1720 0.02
360.78 0.00 115892 1772 0.02
358.42 0.00 123184 2212 0.03
357.43 0.00 123184 2260 0.03
364.36 0.00 115892 1792 0.02
140.00 0.00 25768 1648 0.02
357.43 0.00 123184 2192 0.03
366.34 0.00 115892 1724 0.02
356.44 0.00 123184 2236 0.03
364.36 0.00 115892 1888 0.02
364.36 0.00 115892 1740 0.02
366.34 0.00 115892 1720 0.02
365.35 0.00 115892 1712 0.02
374.00 0.00 0 0 0.00
133.66 0.00 17572 1688 0.02
370.00 0.00 115892 1824 0.02
365.35 0.00 115892 1724 0.02
360.00 0.00 123184 2260 0.03
365.35 0.00 115892 1868 0.02
357.43 0.00 123184 2180 0.03
139.60 0.00 25768 1716 0.02
365.35 0.00 115892 1876 0.02
365.35 0.00 115892 1784 0.02
131.68 0.00 17572 1660 0.02
365.35 0.00 115892 1820 0.02
355.45 0.00 123184 2224 0.03
103.96 0.00 17376 740 0.01
357.43 0.00 123184 2184 0.03
365.35 0.00 115892 1724 0.02
365.35 0.00 115892 1756 0.02
356.44 0.00 123184 2188 0.03
356.44 0.00 123184 2240 0.03
360.40 0.00 123184 2180 0.03
368.32 0.00 115892 1792 0.02
355.45 0.00 123184 2224 0.03
365.35 0.00 115892 1704 0.02
366.34 0.00 115892 1832 0.02
368.32 0.00 0 0 0.00
367.33 0.00 115892 1732 0.02
364.36 0.00 115892 1760 0.02
356.44 0.00 123184 2292 0.03
370.00 0.00 115892 1768 0.02
356.44 0.00 123184 2192 0.03
104.95 0.00 17376 760 0.01
356.44 0.00 123184 2188 0.03
360.00 0.00 123184 2260 0.03
365.35 0.00 115892 1712 0.02
366.34 0.00 115892 1788 0.02
367.33 0.00 0 0 0.00
357.43 0.00 123184 2180 0.03
361.39 0.00 123184 2184 0.03
364.36 0.00 115892 1872 0.02
356.44 0.00 123184 2236 0.03
370.00 0.00 115892 1744 0.02
287.13 0.00 123184 1940 0.02
358.42 0.00 123184 2188 0.03
139.60 0.00 25768 1664 0.02
369.00 0.00 115892 1784 0.02
354.46 0.00 123184 2240 0.03
367.33 0.00 115892 1740 0.02
370.30 0.00 0 0 0.00
45.54 0.00 360 4 0.00
356.44 0.00 123184 2208 0.03
366.34 0.00 115892 1716 0.02
360.40 0.00 123184 2192 0.03
366.34 0.00 115892 1744 0.02
364.36 0.00 115892 1724 0.02
367.33 0.00 0 0 0.00
140.00 0.00 25768 1712 0.02
361.39 0.00 123184 2184 0.03
366.34 0.00 115892 1688 0.02
372.00 0.00 115892 1924 0.02
234.65 0.00 123184 2028 0.02
356.44 0.00 123184 2260 0.03
359.41 0.00 123184 2356 0.03
365.35 0.00 115892 1824 0.02
355.45 0.00 123184 2236 0.03
364.71 0.00 0 0 0.00
357.43 0.00 123184 2256 0.03
356.44 0.00 123184 2180 0.03
366.34 0.00 115892 1720 0.02
369.31 0.00 0 0 0.00
366.34 0.00 115892 1716 0.02
354.46 0.00 123184 2340 0.03
136.27 0.00 25768 1832 0.02
367.33 0.00 115892 1724 0.02
357.43 0.00 123184 2392 0.03
366.34 0.00 115892 1716 0.02
365.35 0.00 115892 1712 0.02
357.43 0.00 123184 2188 0.03
356.44 0.00 123184 2180 0.03
133.66 0.00 17572 1820 0.02
179.21 0.00 123184 1668 0.02
356.44 0.00 123184 2288 0.03
356.44 0.00 123184 2236 0.03
358.42 0.00 123184 2204 0.03
369.31 0.00 0 0 0.00
82.18 0.00 17376 740 0.01
362.75 0.00 115892 1728 0.02
362.75 0.00 115892 1716 0.02
366.34 0.00 115892 1740 0.02
364.36 0.00 123184 2260 0.03
366.34 0.00 115892 1832 0.02
364.36 0.00 115892 1712 0.02
137.25 0.00 25768 1732 0.02
368.32 0.00 115892 1836 0.02
364.36 0.00 115892 1708 0.02
358.42 0.00 123184 2184 0.03
139.60 0.00 25768 1864 0.02
357.43 0.00 123184 2184 0.03
357.43 0.00 123184 2208 0.03
357.43 0.00 123184 2260 0.03
364.36 0.00 115892 1760 0.02
101.98 0.00 17376 708 0.01
356.44 0.00 123184 2180 0.03
362.38 0.00 123184 2448 0.03
365.35 0.00 115892 1756 0.02
357.43 0.00 123184 2236 0.03
364.36 0.00 115892 1784 0.02
69.31 0.00 17360 744 0.01
369.31 0.00 115892 1924 0.02
364.36 0.00 115892 1888 0.02
354.90 0.00 123184 2392 0.03
138.61 0.00 25768 1712 0.02
357.43 0.00 123184 2188 0.03
362.75 0.00 115892 1784 0.02
367.33 0.00 115892 1924 0.02
358.42 0.00 123184 2340 0.03
140.59 0.00 25768 1864 0.02
121.78 0.00 17372 1716 0.02
369.31 0.00 0 0 0.00
352.94 0.00 123184 2224 0.03
365.35 0.00 115892 1792 0.02
367.33 0.00 115892 1924 0.02
368.32 0.00 115892 1720 0.02
164.36 0.00 50356 1768 0.02
139.60 0.00 25768 1664 0.02
356.44 0.00 123184 2252 0.03
365.35 0.00 115892 1720 0.02
361.39 0.00 123184 2520 0.03
357.43 0.00 123184 2180 0.03
355.45 0.00 123184 2224 0.03
358.42 0.00 123184 2388 0.03
367.33 0.00 115892 1716 0.02
365.35 0.00 115892 1716 0.02
366.34 0.00 115892 1920 0.02
371.00 0.00 0 0 0.00
358.82 0.00 123184 2188 0.03
350.98 0.00 123184 2240 0.03
365.35 0.00 115892 1724 0.02
355.45 0.00 123184 2356 0.03
358.42 0.00 123184 2208 0.03
358.42 0.00 123184 2300 0.03
138.24 0.00 25768 1664 0.02
356.44 0.00 123184 2256 0.03
367.33 0.00 115892 1744 0.02
359.41 0.00 123184 2228 0.03
361.39 0.00 123184 2300 0.03
140.00 0.00 25768 1716 0.02
365.35 0.00 115892 1788 0.02
365.35 0.00 115892 1712 0.02
138.61 0.00 25768 1668 0.02
368.00 0.00 115892 1868 0.02
