0.99 0.00
0.00 1.00
1.98 0.99
0.99 0.00
0.99 0.00
1.98 0.00
0.99 0.00
0.99 0.99
0.00 0.99
0.99 0.99
0.99 0.00
1.00 1.00
0.99 0.00
0.00 0.99
0.99 0.00
0.99 0.99
0.99 0.99
0.99 0.00
1.98 0.00
0.99 0.00
0.00 0.99
0.99 0.99
1.98 0.00
0.99 0.00
1.00 1.00
0.99 1.98
1.98 0.00
0.99 0.99
1.00 0.00
1.00 0.00
0.00 1.00
0.00 1.00
1.98 0.00
0.99 0.99
0.99 0.00
0.99 0.00
0.99 0.99
0.99 0.00
1.00 1.00
0.99 0.99
1.00 1.00
0.99 0.00
0.99 0.00
1.00 0.00
0.99 0.00
0.99 0.99
0.99 0.99
0.99 0.99
0.99 0.00
1.00 1.00
1.00 0.00
0.00 0.99
1.00 1.00
0.99 0.99
1.00 1.00
0.99 0.00
0.99 0.00
0.99 0.00
0.00 0.99
0.99 0.99
1.00 0.00
0.00 0.99
1.00 1.00
0.99 0.00
0.99 0.00
0.99 0.00
1.98 0.00
1.00 0.00
0.99 0.99
1.00 0.00
1.98 0.00
1.98 0.00
0.99 0.00
0.99 0.00
1.00 1.00
0.99 0.00
0.99 0.00
0.99 0.99
0.99 0.00
0.99 0.99
0.99 0.00
0.99 0.00
1.00 0.00
0.99 0.00
0.99 0.00
0.99 4.95
0.99 0.00
0.00 0.99
1.98 0.00
0.99 0.00
0.00 0.99
0.99 0.99
0.99 0.99
0.99 0.99
1.00 0.00
1.00 0.00
1.00 0.00
0.99 0.99
1.98 0.99
1.98 0.00
0.00 1.00
0.00 1.00
0.99 0.00
0.99 0.00
0.00 0.99
0.99 1.98
1.00 0.00
1.00 1.00
1.00 0.00
0.99 0.99
0.99 0.99
1.96 1.96
1.98 0.99
0.99 0.00
0.99 0.99
0.99 0.00
0.99 0.00
0.99 0.00
0.99 0.00
0.99 0.00
0.99 0.99
0.99 0.00
2.00 1.00
1.00 0.00
0.99 0.00
0.99 0.00
1.00 1.00
1.00 0.00
0.99 0.99
0.99 0.00
0.99 0.99
0.99 0.00
0.99 0.99
1.00 1.00
0.99 0.99
0.99 1.98
0.99 0.00
1.00 1.00
0.99 0.00
1.00 1.00
0.00 0.99
0.99 0.99
0.99 0.00
0.99 0.99
0.99 0.99
0.99 0.99
0.99 0.00
2.00 1.00
0.00 0.99
0.99 0.00
0.99 0.99
0.99 0.00
1.98 0.00
1.00 0.00
0.99 0.00
0.99 0.00
1.00 0.00
0.99 0.00
0.99 1.98
1.00 1.00
0.00 0.99
1.00 0.00
0.99 0.00
0.99 0.00
0.99 0.00
0.99 0.99
0.99 0.00
1.98 0.99
0.00 0.99
0.99 0.00
0.99 0.00
0.99 0.99
0.99 0.00
0.99 0.00
0.99 0.99
0.98 0.00
0.99 0.00
0.99 0.00
1.98 0.99
0.99 0.99
0.00 0.99
0.99 0.00
0.99 0.99
0.99 0.00
0.99 0.00
0.99 0.00
0.99 0.00
0.99 0.99
1.00 1.00
0.99 0.00
0.99 0.99
0.00 1.00
0.99 0.00
0.00 1.00
0.99 0.00
0.99 0.99
0.99 0.00
0.99 0.00
0.99 0.00
0.99 0.00
1.00 1.00
1.00 1.00
0.99 0.00
0.99 0.99
0.99 0.00
0.99 0.00
0.99 0.00
0.99 0.99
1.00 1.00
0.99 0.99
0.99 0.99
0.99 0.99
0.99 0.99
0.99 0.99
1.00 0.00
0.00 1.00
0.99 0.00
0.99 0.99
1.00 1.00
0.99 0.00
0.99 0.00
1.00 0.00
0.00 0.99
0.99 0.00
1.98 0.99
1.00 1.00
0.99 0.00
0.99 0.99
0.99 0.00
1.98 0.00
0.99 0.99
1.00 0.00
0.00 0.99
0.00 0.99
1.00 1.00
0.99 0.99
1.00 1.00
0.99 0.99
0.99 0.99
0.99 0.00
0.99 0.99
0.99 0.99
0.99 0.00
1.98 0.99
1.98 2.97
1.00 0.00
1.98 0.99
0.99 0.99
0.99 0.00
0.99 0.99
1.00 0.00
0.00 0.99
0.99 0.00
0.99 0.99
0.00 0.99
0.00 0.99
0.99 0.00
0.99 0.99
0.99 0.00
1.00 0.00
0.99 0.99
1.98 0.00
0.99 0.00
1.98 0.99
0.99 0.99
1.00 0.00
1.00 1.00
0.99 0.99
0.99 0.99
0.99 0.00
0.99 0.00
0.99 0.00
0.99 0.00
0.00 0.99
0.99 0.00
0.99 0.00
0.99 0.00
0.99 0.00
0.99 0.99
0.99 0.99
0.99 0.00
1.98 0.99
0.00 1.00
0.99 0.00
1.98 0.00
0.99 0.00
0.99 0.00
0.99 0.00
0.99 0.99
1.00 0.00
0.99 0.99
0.99 0.99
0.00 0.99
0.00 0.99
0.99 0.00
0.99 0.99
0.99 0.00
1.98 0.00
0.00 1.00
1.98 0.99
0.99 0.00
0.99 0.99
0.99 0.99
0.99 0.00
0.99 0.00
0.99 0.00
0.99 0.99
0.99 0.99
1.00 0.00
1.00 1.00
1.00 1.00
0.99 0.00
0.99 0.00
0.99 0.00
0.99 0.00
0.99 0.99
0.99 0.00
0.99 0.99
2.00 1.00
0.00 1.00
0.99 0.00
0.99 0.99
0.99 0.00
0.99 0.00
0.00 0.99
0.99 0.00
0.99 0.99
1.00 1.00
0.99 0.00
0.00 0.99
0.99 0.99
0.00 0.99
0.99 0.00
1.00 1.00
0.99 0.00
2.00 0.00
1.00 1.00
0.99 0.00
0.00 0.98
1.00 0.00
0.99 0.99
0.00 0.99
0.99 0.99
0.99 0.00
0.99 0.00
0.99 0.99
0.99 0.00
0.99 0.99
0.99 0.00
0.99 0.99
0.99 0.99
0.00 0.99
0.00 0.99
1.00 1.00
0.99 1.98
0.99 0.99
0.99 0.99
0.99 0.99
0.99 0.00
1.00 1.00
0.99 0.99
0.99 0.00
0.99 0.00
0.99 0.99
0.99 0.99
0.99 0.99
0.99 0.99
0.99 0.00
1.00 0.00
1.00 1.00
1.98 0.99
0.99 0.99
0.99 0.00
0.99 0.00
0.99 0.00
0.99 0.99
0.99 0.00
0.99 0.00
0.99 0.99
0.99 0.00
1.00 1.00
0.99 0.99
0.99 0.99
0.99 0.99
0.99 0.00
0.99 0.99
0.99 0.00
1.00 1.00
0.00 0.99
1.00 0.00
0.99 0.00
0.99 0.99
0.99 0.00
0.00 0.99
0.99 0.00
2.00 0.00
0.99 0.99
1.00 0.00
0.99 0.99
1.00 1.00
0.99 0.99
0.99 0.99
2.00 0.00
0.99 0.00
0.99 0.00
0.00 1.00
0.00 0.99
1.00 1.00
0.99 0.99
1.00 0.00
0.99 0.99
0.99 0.00
0.99 0.99
0.00 1.00
0.99 0.00
0.99 0.00
0.99 0.99
0.99 0.00
0.00 1.00
0.99 0.00
0.99 13.86
1.00 0.00
0.99 0.00
0.99 0.00
0.99 0.00
0.99 0.99
0.99 0.00
0.99 0.00
0.00 0.99
0.99 0.00
0.99 0.99
0.99 0.00
0.99 0.00
0.99 0.00
0.99 0.99
0.99 0.99
1.00 0.00
0.99 0.00
0.99 0.00
0.99 0.99
0.99 0.99
0.99 0.99
0.00 0.99
0.00 0.99
0.99 0.00
1.98 0.00
0.99 0.99
0.99 1.98
1.00 1.00
0.99 0.99
0.00 0.99
0.99 0.99
0.99 0.00
0.99 0.00
0.99 0.00
1.00 0.00
1.00 1.00
0.99 0.00
0.99 0.99
0.99 0.99
1.00 1.00
1.00 0.00
0.99 0.99
0.99 0.99
0.00 0.99
0.00 0.99
0.99 0.00
1.00 1.00
0.99 1.98
0.99 0.00
0.99 0.99
1.98 0.99
0.99 0.00
1.00 1.00
0.99 0.00
1.00 0.00
0.00 0.99
0.99 0.99
0.00 1.00
0.99 0.00
0.99 0.00
1.00 1.00
0.00 0.99
0.99 0.99
0.99 0.00
0.99 0.00
0.99 0.00
0.99 0.00
0.00 1.00
0.99 0.00
0.99 4.95
0.00 0.99
0.99 0.99
0.99 0.00
0.99 0.99
1.98 0.00
0.00 0.99
1.00 0.00
0.99 0.00
0.99 0.99
1.00 0.00
0.00 0.99
0.00 1.00
0.99 0.00
0.00 1.00
0.99 0.99
0.99 0.00
0.99 0.99
0.99 0.00
1.00 0.00
0.99 0.99
0.99 0.99
0.99 0.99
0.99 0.99
1.00 0.00
2.97 0.00
1.00 1.00
0.99 0.00
0.99 0.99
0.99 0.99
0.99 0.99
0.00 1.00
0.99 0.00
1.00 0.00
0.00 0.99
0.99 0.00
0.99 0.00
0.99 0.00
0.99 0.00
0.99 0.00
0.99 0.00
0.00 0.99
0.99 0.00
1.00 0.00
0.99 0.00
0.99 0.00
1.00 1.00
0.99 0.00
0.99 0.99
0.99 0.99
0.00 1.00
0.00 1.00
1.00 1.00
0.99 0.99
1.00 1.00
1.00 0.00
0.99 0.00
0.99 0.00
0.99 0.99
1.00 0.00
0.99 2.97
0.99 0.99
0.00 0.99
1.00 1.00
0.99 0.00
1.00 0.00
0.99 0.00
0.99 0.99
0.99 0.00
0.00 1.00
0.99 0.00
0.99 0.99
0.99 0.00
0.99 0.99
1.98 1.98
2.00 0.00
0.99 0.00
0.99 0.99
0.99 0.99
0.00 0.99
0.99 0.00
0.99 0.99
0.99 0.99
0.99 0.00
0.00 0.99
1.00 0.00
1.98 0.99
0.99 0.00
1.98 0.99
1.98 0.99
0.99 0.99
0.99 0.00
1.00 0.00
0.00 0.98
1.98 1.98
0.00 0.99
0.99 0.00
0.99 0.00
1.98 1.98
1.00 0.00
0.99 0.99
0.00 0.99
1.98 0.00
1.00 0.00
1.00 0.00
0.99 0.99
0.99 0.00
0.00 0.99
0.00 1.00
1.98 0.00
0.99 0.00
0.00 0.99
0.99 0.00
0.99 0.00
0.99 0.99
0.99 0.99
0.99 0.99
0.00 1.00
0.99 0.00
0.99 0.99
1.00 0.00
0.99 0.00
0.99 0.00
0.00 0.99
0.99 0.00
0.99 0.00
1.00 0.00
0.99 0.99
0.00 0.99
1.00 0.00
0.99 0.00
1.00 0.00
0.99 0.99
0.00 0.99
0.99 0.99
0.99 0.00
0.99 0.00
0.99 0.99
0.99 0.99
0.99 0.99
0.99 0.99
0.99 0.00
0.99 0.99
0.99 0.99
1.00 0.00
0.00 0.99
0.99 0.99
0.00 0.99
0.00 0.99
1.00 0.00
0.00 0.99
0.99 0.99
0.99 0.00
0.99 0.00
0.99 0.99
0.99 0.00
0.00 1.00
0.99 0.99
0.99 0.00
1.00 1.00
0.99 0.00
0.99 0.99
0.00 0.99
0.99 0.99
0.99 0.99
0.99 0.00
0.99 0.99
1.98 0.99
1.00 1.00
0.99 0.99
0.99 0.00
0.99 0.00
0.99 0.99
0.99 0.00
0.99 0.00
0.99 0.99
0.99 0.99
0.99 0.00
1.00 0.00
0.99 0.00
0.99 0.99
0.99 0.00
0.99 0.00
0.99 0.00
1.00 0.00
0.00 0.99
0.99 0.99
0.99 0.99
0.99 0.00
0.99 0.00
1.98 0.00
0.99 0.00
0.99 0.99
0.99 0.99
1.00 0.00
0.99 0.99
0.99 0.00
0.99 0.00
0.99 0.99
1.00 1.00
0.99 0.99
1.98 0.00
0.00 0.99
0.99 0.00
1.98 0.00
0.99 0.99
0.99 0.00
0.99 0.00
0.99 0.00
0.99 0.99
0.99 0.99
0.99 0.99
0.99 0.00
0.99 0.00
1.98 0.99
0.99 0.00
0.99 0.99
2.97 0.00
0.99 0.00
0.99 1.98
0.99 0.00
0.00 0.99
0.00 0.99
1.00 0.00
0.99 0.00
0.99 0.00
0.99 0.99
1.98 0.99
0.99 0.00
1.00 0.00
0.99 0.00
1.00 2.00
0.99 0.00
0.00 0.99
1.00 0.00
0.99 0.99
0.99 0.00
0.99 0.00
0.00 0.99
0.99 2.97
1.00 1.00
0.00 0.99
0.99 0.99
0.99 0.99
1.00 1.00
0.99 0.99
0.99 0.00
0.99 0.00
1.00 0.00
1.00 1.00
0.99 0.00
1.98 0.99
1.00 0.00
0.99 0.00
0.99 0.99
1.00 1.00
0.99 0.99
0.99 0.00
0.99 1.98
1.00 0.00
0.00 0.99
0.99 0.99
1.98 0.00
0.99 0.00
0.99 0.99
0.00 0.99
0.99 0.99
0.99 0.00
0.99 0.99
0.99 0.99
0.99 0.99
0.99 0.99
0.99 0.99
0.99 0.99
1.00 0.00
0.99 0.00
0.99 0.00
1.00 0.00
0.99 1.98
0.99 0.00
0.99 0.99
0.99 0.00
0.99 0.99
1.00 1.00
0.99 0.00
0.99 0.99
1.00 0.00
1.00 1.00
0.99 0.99
0.99 0.00
1.00 0.00
0.00 0.99
0.00 0.99
2.00 1.00
0.99 0.99
0.99 0.99
0.00 1.00
0.00 0.99
0.99 0.99
1.00 1.00
