356.44 0.00 123184 2256 0.03
364.36 0.00 115892 1856 0.02
365.35 0.00 115892 1716 0.02
365.35 0.00 115892 1888 0.02
365.35 0.00 115892 1772 0.02
371.29 0.00 0 0 0.00
356.44 0.00 123184 2256 0.03
359.00 0.00 123184 2340 0.03
355.45 0.00 123184 2256 0.03
358.42 0.00 123184 2304 0.03
365.35 0.00 115892 1788 0.02
369.00 0.00 115892 1784 0.02
356.44 0.00 123184 2260 0.03
103.92 0.00 17376 752 0.01
355.45 0.00 123184 2240 0.03
370.00 0.00 115892 1772 0.02
357.43 0.00 123184 2256 0.03
365.35 0.00 115892 1760 0.02
366.34 0.00 115892 1832 0.02
367.33 0.00 115892 1744 0.02
355.45 0.00 123184 2180 0.03
355.45 0.00 123184 2236 0.03
167.33 0.00 50356 1660 0.02
365.35 0.00 115892 1756 0.02
366.34 0.00 115892 1712 0.02
358.42 0.00 123184 2304 0.03
365.35 0.00 115892 1712 0.02
138.61 0.00 25768 1668 0.02
367.33 0.00 115892 1924 0.02
369.31 0.00 0 0 0.00
140.59 0.00 25768 1780 0.02
366.34 0.00 115892 1744 0.02
365.35 0.00 115892 1720 0.02
364.36 0.00 115892 1716 0.02
355.45 0.00 123184 2236 0.03
329.70 0.00 123184 2356 0.03
138.61 0.00 25768 1780 0.02
369.31 0.00 0 0 0.00
365.00 0.00 123184 2208 0.03
365.35 0.00 115892 1820 0.02
366.34 0.00 115892 1704 0.02
364.36 0.00 115892 1828 0.02
359.41 0.00 123184 2240 0.03
106.93 0.00 17380 704 0.01
65.35 0.00 14252 616 0.01
359.41 0.00 123184 2228 0.03
366.34 0.00 115892 1820 0.02
366.34 0.00 115892 1792 0.02
365.35 0.00 115892 1724 0.02
89.11 0.00 17376 764 0.01
138.61 0.00 25768 1660 0.02
365.35 0.00 115892 1792 0.02
357.43 0.00 123184 2188 0.03
367.33 0.00 115892 1924 0.02
361.39 0.00 123184 2184 0.03
366.34 0.00 115892 1716 0.02
364.36 0.00 115892 1872 0.02
357.43 0.00 123184 2184 0.03
358.42 0.00 123184 2392 0.03
366.34 0.00 115892 1716 0.02
360.40 0.00 123184 2360 0.03
370.00 0.00 115892 1768 0.02
369.00 0.00 115892 1720 0.02
365.35 0.00 115892 1892 0.02
365.35 0.00 115892 1820 0.02
355.45 0.00 123184 2248 0.03
357.43 0.00 123184 2300 0.03
363.37 0.00 115892 1756 0.02
365.35 0.00 115892 1708 0.02
367.33 0.00 115892 1740 0.02
366.34 0.00 115892 1712 0.02
102.97 0.00 17376 708 0.01
356.44 0.00 123184 2180 0.03
355.45 0.00 123184 2356 0.03
365.35 0.00 115892 1792 0.02
369.00 0.00 115892 1716 0.02
369.00 0.00 115892 1784 0.02
359.00 0.00 123184 2240 0.03
358.42 0.00 123184 2184 0.03
170.30 0.00 122924 1712 0.02
356.44 0.00 123184 2188 0.03
363.37 0.00 123184 2504 0.03
366.34 0.00 115892 1908 0.02
363.37 0.00 115892 1872 0.02
364.36 0.00 115892 1784 0.02
356.44 0.00 123184 2336 0.03
356.44 0.00 123184 2336 0.03
363.37 0.00 115892 1868 0.02
360.40 0.00 123184 2180 0.03
352.94 0.00 123184 2256 0.03
364.36 0.00 115892 1724 0.02
370.30 0.00 0 0 0.00
356.44 0.00 123184 2228 0.03
165.35 0.00 50356 1836 0.02
138.61 0.00 25768 1656 0.02
359.41 0.00 123184 2340 0.03
358.42 0.00 123184 2356 0.03
365.35 0.00 115892 1792 0.02
365.35 0.00 115892 1768 0.02
357.43 0.00 123184 2256 0.03
370.00 0.00 115892 1712 0.02
366.34 0.00 115892 1784 0.02
352.94 0.00 123184 2184 0.03
366.34 0.00 115892 1712 0.02
355.45 0.00 123184 2180 0.03
366.34 0.00 115892 1812 0.02
359.41 0.00 123184 2208 0.03
281.19 0.00 123184 1948 0.02
56.44 0.00 8232 360 0.00
357.43 0.00 123184 2188 0.03
365.35 0.00 115892 1756 0.02
365.35 0.00 115892 1784 0.02
366.34 0.00 115892 1924 0.02
363.37 0.00 115892 1872 0.02
359.00 0.00 123184 2228 0.03
354.90 0.00 123184 2224 0.03
164.36 0.00 50356 1832 0.02
352.94 0.00 123184 2184 0.03
365.35 0.00 115892 1788 0.02
365.35 0.00 115892 1780 0.02
365.35 0.00 115892 1824 0.02
357.43 0.00 123184 2184 0.03
365.35 0.00 115892 1712 0.02
179.21 0.00 123184 1684 0.02
356.44 0.00 123184 2184 0.03
351.96 0.00 123184 2360 0.03
363.37 0.00 115892 1872 0.02
365.35 0.00 115892 1760 0.02
369.00 0.00 115892 1784 0.02
359.00 0.00 123184 2336 0.03
365.35 0.00 115892 1724 0.02
354.46 0.00 123184 2360 0.03
365.35 0.00 115892 1716 0.02
366.34 0.00 115892 1720 0.02
363.73 0.00 115892 1724 0.02
357.43 0.00 123184 2184 0.03
355.45 0.00 123184 2340 0.03
140.59 0.00 25768 1684 0.02
365.35 0.00 115892 1772 0.02
360.40 0.00 123184 2184 0.03
356.44 0.00 123184 2196 0.03
366.34 0.00 115892 1708 0.02
372.00 0.00 0 0 0.00
138.61 0.00 25768 1736 0.02
360.40 0.00 123184 2172 0.03
364.36 0.00 115892 1868 0.02
366.34 0.00 115892 1724 0.02
352.94 0.00 123184 2192 0.03
356.44 0.00 123184 2236 0.03
269.00 0.00 123184 1916 0.02
357.43 0.00 123184 2388 0.03
357.43 0.00 123184 2388 0.03
141.00 0.00 25768 1684 0.02
367.33 0.00 115892 1920 0.02
351.96 0.00 123184 2180 0.03
365.35 0.00 115892 1768 0.02
359.41 0.00 123184 2236 0.03
358.42 0.00 123184 2392 0.03
370.30 0.00 0 0 0.00
141.58 0.00 33964 1660 0.02
357.43 0.00 123184 2188 0.03
355.45 0.00 123184 2220 0.03
366.34 0.00 115892 1784 0.02
361.00 0.00 123184 2188 0.03
357.43 0.00 123184 2172 0.03
82.18 0.00 17376 740 0.01
356.44 0.00 123184 2188 0.03
366.34 0.00 115892 1728 0.02
357.43 0.00 123184 2184 0.03
355.45 0.00 123184 2240 0.03
356.44 0.00 123184 2240 0.03
360.78 0.00 115892 1888 0.02
369.31 0.00 0 0 0.00
365.35 0.00 115892 1876 0.02
357.43 0.00 123184 2300 0.03
366.34 0.00 115892 1788 0.02
365.35 0.00 115892 1772 0.02
366.34 0.00 115892 1712 0.02
132.67 0.00 17572 1668 0.02
360.40 0.00 123184 2492 0.03
101.98 0.00 17376 748 0.01
356.44 0.00 123184 2176 0.03
361.39 0.00 123184 2188 0.03
355.45 0.00 123184 2336 0.03
365.35 0.00 115892 1696 0.02
365.35 0.00 115892 1892 0.02
363.37 0.00 115892 1756 0.02
356.44 0.00 123184 2184 0.03
356.86 0.00 123184 2288 0.03
136.27 0.00 25768 1660 0.02
356.44 0.00 123184 2192 0.03
361.39 0.00 123184 2452 0.03
357.43 0.00 123184 2188 0.03
365.35 0.00 115892 1720 0.02
369.31 0.00 0 0 0.00
367.33 0.00 115892 1832 0.02
206.00 0.00 123184 1712 0.02
356.44 0.00 123184 2192 0.03
364.36 0.00 115892 1724 0.02
355.45 0.00 123184 2340 0.03
366.34 0.00 115892 1788 0.02
365.35 0.00 115892 1712 0.02
355.45 0.00 123184 2356 0.03
354.46 0.00 123184 2240 0.03
365.35 0.00 123184 2448 0.03
366.34 0.00 115892 1744 0.02
366.34 0.00 115892 1724 0.02
367.33 0.00 115892 1920 0.02
365.35 0.00 115892 1872 0.02
139.60 0.00 25768 1780 0.02
364.36 0.00 115892 1720 0.02
364.36 0.00 115892 1892 0.02
365.35 0.00 115892 1836 0.02
355.45 0.00 123184 2340 0.03
368.32 0.00 0 0 0.00
363.37 0.00 123184 2388 0.03
369.31 0.00 0 0 0.00
358.42 0.00 123184 2188 0.03
358.42 0.00 123184 2184 0.03
365.35 0.00 115892 1820 0.02
357.43 0.00 123184 2176 0.03
93.07 0.00 17376 748 0.01
137.62 0.00 25768 1816 0.02
359.41 0.00 123184 2492 0.03
366.34 0.00 115892 1716 0.02
357.43 0.00 123184 2188 0.03
367.00 0.00 123184 2564 0.03
360.40 0.00 123184 2488 0.03
360.00 0.00 123184 2292 0.03
356.44 0.00 123184 2192 0.03
355.45 0.00 123184 2336 0.03
356.44 0.00 123184 2188 0.03
365.35 0.00 115892 1792 0.02
366.34 0.00 115892 1716 0.02
367.33 0.00 115892 1836 0.02
356.44 0.00 123184 2240 0.03
354.46 0.00 123184 2224 0.03
362.00 0.00 123184 2300 0.03
364.36 0.00 115892 1756 0.02
366.34 0.00 115892 1716 0.02
365.35 0.00 115892 1720 0.02
139.00 0.00 25768 1832 0.02
356.44 0.00 123184 2236 0.03
138.61 0.00 25768 1660 0.02
366.34 0.00 115892 1740 0.02
365.35 0.00 115892 1760 0.02
365.35 0.00 115892 1712 0.02
364.36 0.00 115892 1720 0.02
367.33 0.00 115892 1832 0.02
367.33 0.00 115892 1740 0.02
358.42 0.00 123184 2304 0.03
358.42 0.00 123184 2208 0.03
357.43 0.00 123184 2304 0.03
362.38 0.00 123184 2300 0.03
357.43 0.00 123184 2300 0.03
365.35 0.00 115892 1716 0.02
356.44 0.00 123184 2240 0.03
136.63 0.00 25768 1716 0.02
360.00 0.00 123184 2356 0.03
103.96 0.00 17376 688 0.01
364.36 0.00 115892 1756 0.02
367.33 0.00 115892 1712 0.02
366.34 0.00 115892 1740 0.02
368.00 0.00 115892 1872 0.02
165.35 0.00 50356 1668 0.02
356.44 0.00 123184 2288 0.03
357.43 0.00 123184 2352 0.03
361.39 0.00 123184 2240 0.03
364.36 0.00 115892 1868 0.02
365.35 0.00 115892 1716 0.02
367.33 0.00 115892 1720 0.02
369.00 0.00 115892 1824 0.02
359.41 0.00 123184 2336 0.03
366.34 0.00 115892 1788 0.02
365.35 0.00 115892 1716 0.02
366.34 0.00 119668 2004 0.02
356.44 0.00 123184 2288 0.03
364.36 0.00 115892 1772 0.02
366.34 0.00 115892 1744 0.02
357.43 0.00 123184 2188 0.03
189.00 0.00 123184 1668 0.02
368.00 0.00 115892 1872 0.02
119.80 0.00 17372 1864 0.02
365.35 0.00 115892 1716 0.02
361.39 0.00 123184 2208 0.03
366.34 0.00 115892 1716 0.02
364.36 0.00 115892 1868 0.02
362.38 0.00 123184 2504 0.03
364.36 0.00 115892 1868 0.02
183.17 0.00 123184 1700 0.02
367.33 0.00 115892 1924 0.02
370.00 0.00 115892 1740 0.02
361.00 0.00 123184 2148 0.03
356.44 0.00 123184 2260 0.03
356.44 0.00 123184 2224 0.03
138.61 0.00 25768 1712 0.02
102.97 0.00 17376 748 0.01
364.36 0.00 115892 1888 0.02
361.39 0.00 123184 2188 0.03
371.00 0.00 115892 1924 0.02
355.45 0.00 123184 2356 0.03
362.00 0.00 123184 2304 0.03
360.40 0.00 123184 2180 0.03
361.00 0.00 123184 2256 0.03
364.36 0.00 115892 1724 0.02
370.30 0.00 0 0 0.00
366.34 0.00 115892 1712 0.02
364.36 0.00 115892 1736 0.02
139.60 0.00 25768 1764 0.02
356.44 0.00 123184 2236 0.03
356.44 0.00 123184 2360 0.03
360.40 0.00 123184 2340 0.03
364.36 0.00 115892 1784 0.02
365.35 0.00 115892 1716 0.02
367.33 0.00 115892 1836 0.02
358.42 0.00 123184 2184 0.03
363.37 0.00 123184 2444 0.03
137.62 0.00 25768 1716 0.02
365.35 0.00 115892 1712 0.02
364.36 0.00 115892 1872 0.02
366.34 0.00 115892 1732 0.02
365.35 0.00 115892 1720 0.02
361.76 0.00 115892 1788 0.02
365.35 0.00 115892 1720 0.02
166.34 0.00 50356 1664 0.02
357.43 0.00 123184 2180 0.03
368.32 0.00 0 0 0.00
365.35 0.00 115892 1716 0.02
363.37 0.00 123184 2444 0.03
367.33 0.00 115892 1712 0.02
366.34 0.00 115892 1768 0.02
365.35 0.00 115892 1716 0.02
134.65 0.00 17572 1684 0.02
102.97 0.00 17376 764 0.01
280.00 0.00 123184 1976 0.02
358.42 0.00 123184 2392 0.03
360.00 0.00 123184 2180 0.03
363.37 0.00 115892 1756 0.02
139.60 0.00 25768 1776 0.02
369.31 0.00 0 0 0.00
356.44 0.00 123184 2256 0.03
278.22 0.00 123184 2072 0.03
365.35 0.00 115892 1720 0.02
368.32 0.00 115892 1868 0.02
355.45 0.00 123184 2352 0.03
370.00 0.00 115892 1716 0.02
365.35 0.00 115892 1824 0.02
102.97 0.00 17376 704 0.01
126.73 0.00 17572 1712 0.02
364.00 0.00 123184 2500 0.03
356.44 0.00 123184 2184 0.03
362.00 0.00 123184 2220 0.03
366.34 0.00 115892 1724 0.02
364.36 0.00 115892 1768 0.02
369.00 0.00 115892 1788 0.02
115.84 0.00 17372 1660 0.02
136.63 0.00 25768 1700 0.02
356.44 0.00 123184 2208 0.03
356.44 0.00 123184 2288 0.03
370.00 0.00 115892 1920 0.02
370.00 0.00 115892 1824 0.02
367.33 0.00 115892 1744 0.02
361.00 0.00 123184 2184 0.03
359.41 0.00 123184 2236 0.03
356.44 0.00 123184 2260 0.03
360.00 0.00 123184 2192 0.03
364.36 0.00 115892 1876 0.02
367.33 0.00 115892 1712 0.02
366.34 0.00 115892 1712 0.02
350.98 0.00 123184 2236 0.03
360.40 0.00 123184 2388 0.03
359.00 0.00 123184 2188 0.03
370.00 0.00 115892 1788 0.02
366.34 0.00 115892 1920 0.02
357.43 0.00 123184 2180 0.03
356.44 0.00 123184 2192 0.03
370.00 0.00 115892 1684 0.02
293.07 0.00 123184 2028 0.02
365.35 0.00 115892 1720 0.02
365.35 0.00 115892 1820 0.02
366.34 0.00 115892 1744 0.02
366.34 0.00 115892 1784 0.02
361.00 0.00 123184 2184 0.03
139.60 0.00 25768 1776 0.02
355.45 0.00 123184 2228 0.03
363.37 0.00 115892 1872 0.02
365.35 0.00 115892 1792 0.02
366.34 0.00 115892 1792 0.02
364.36 0.00 115892 1824 0.02
365.35 0.00 115892 1720 0.02
369.00 0.00 115892 1772 0.02
140.59 0.00 25768 1812 0.02
367.33 0.00 115892 1712 0.02
364.36 0.00 115892 1820 0.02
364.36 0.00 115892 1824 0.02
139.60 0.00 25768 1664 0.02
138.61 0.00 25768 1668 0.02
355.45 0.00 123184 2252 0.03
357.43 0.00 123184 2176 0.03
366.34 0.00 115892 1800 0.02
364.36 0.00 115892 1708 0.02
357.43 0.00 123184 2288 0.03
350.98 0.00 123184 2336 0.03
356.44 0.00 123184 2188 0.03
364.36 0.00 115892 1724 0.02
356.44 0.00 123184 2304 0.03
128.71 0.00 17572 1712 0.02
355.45 0.00 123184 2192 0.03
138.61 0.00 25768 1688 0.02
365.35 0.00 115892 1724 0.02
364.36 0.00 115892 1872 0.02
365.35 0.00 115892 1712 0.02
365.35 0.00 115892 1788 0.02
365.69 0.00 0 0 0.00
358.42 0.00 123184 2180 0.03
360.78 0.00 115892 1868 0.02
346.53 0.00 123184 2248 0.03
356.44 0.00 123184 2188 0.03
355.45 0.00 123184 2260 0.03
355.45 0.00 123184 2176 0.03
356.44 0.00 123184 2176 0.03
364.36 0.00 115892 1724 0.02
365.35 0.00 115892 1788 0.02
362.00 0.00 123184 2256 0.03
359.41 0.00 123184 2192 0.03
140.00 0.00 25768 1836 0.02
69.00 0.00 17352 736 0.01
353.92 0.00 123184 2180 0.03
356.44 0.00 123184 2176 0.03
364.36 0.00 115892 1756 0.02
365.35 0.00 115892 1792 0.02
71.29 0.00 17360 748 0.01
357.43 0.00 123184 2216 0.03
368.32 0.00 0 0 0.00
366.34 0.00 115892 1720 0.02
365.35 0.00 115892 1756 0.02
353.92 0.00 123184 2184 0.03
60.40 0.00 8232 356 0.00
356.44 0.00 123184 2292 0.03
356.44 0.00 123184 2188 0.03
367.33 0.00 115892 1716 0.02
357.43 0.00 123184 2184 0.03
354.46 0.00 123184 2356 0.03
362.38 0.00 123184 2476 0.03
361.39 0.00 123184 2184 0.03
361.39 0.00 123184 2500 0.03
357.43 0.00 123184 2256 0.03
357.43 0.00 123184 2184 0.03
368.00 0.00 115892 1872 0.02
357.43 0.00 123184 2256 0.03
366.67 0.00 0 0 0.00
142.57 0.00 42160 1832 0.02
185.15 0.00 123184 1864 0.02
366.34 0.00 115892 1720 0.02
364.36 0.00 115892 1784 0.02
361.39 0.00 123184 2456 0.03
357.43 0.00 123184 2180 0.03
355.45 0.00 123184 2192 0.03
356.44 0.00 123184 2176 0.03
364.36 0.00 115892 1760 0.02
356.44 0.00 123184 2180 0.03
359.00 0.00 123184 2228 0.03
356.44 0.00 123184 2168 0.03
353.92 0.00 123184 2284 0.03
356.44 0.00 123184 2292 0.03
165.35 0.00 50356 1736 0.02
361.76 0.00 115892 1892 0.02
356.44 0.00 123184 2240 0.03
365.35 0.00 115892 1724 0.02
365.35 0.00 115892 1716 0.02
290.00 0.00 123184 2096 0.03
140.59 0.00 25768 1688 0.02
353.47 0.00 123184 2304 0.03
364.36 0.00 115892 1788 0.02
368.32 0.00 115892 1924 0.02
369.31 0.00 0 0 0.00
139.60 0.00 25768 1668 0.02
365.35 0.00 115892 1792 0.02
362.75 0.00 115892 1724 0.02
366.34 0.00 115892 1708 0.02
355.45 0.00 123184 2228 0.03
139.60 0.00 25768 1656 0.02
105.94 0.00 17376 760 0.01
364.36 0.00 115892 1760 0.02
358.42 0.00 123184 2336 0.03
359.41 0.00 123184 2236 0.03
365.35 0.00 115892 1720 0.02
366.34 0.00 115892 1720 0.02
355.45 0.00 123184 2340 0.03
140.59 0.00 25768 1780 0.02
368.32 0.00 115892 1924 0.02
365.35 0.00 115892 1868 0.02
353.92 0.00 123184 2208 0.03
104.95 0.00 17376 744 0.01
134.65 0.00 17572 1668 0.02
272.28 0.00 123184 1996 0.02
366.34 0.00 115892 1772 0.02
357.43 0.00 123184 2188 0.03
357.43 0.00 123184 2148 0.03
355.45 0.00 123184 2356 0.03
365.35 0.00 115892 1720 0.02
366.34 0.00 115892 1768 0.02
366.34 0.00 115892 1740 0.02
138.61 0.00 25768 1732 0.02
65.35 0.00 14252 584 0.01
369.31 0.00 0 0 0.00
