365.35 0.00 115892 1716 0.02
366.34 0.00 115892 1712 0.02
371.00 0.00 115892 1724 0.02
355.45 0.00 123184 2228 0.03
367.33 0.00 115892 1836 0.02
364.36 0.00 115892 1868 0.02
365.35 0.00 115892 1788 0.02
366.34 0.00 115892 1716 0.02
366.34 0.00 115892 1712 0.02
365.00 0.00 123184 2524 0.03
363.37 0.00 115892 1872 0.02
362.38 0.00 123184 2444 0.03
365.35 0.00 115892 1784 0.02
365.35 0.00 115892 1768 0.02
366.34 0.00 115892 1708 0.02
367.33 0.00 115892 1712 0.02
365.35 0.00 115892 1716 0.02
366.34 0.00 115892 1788 0.02
358.42 0.00 123184 2184 0.03
364.36 0.00 115892 1716 0.02
366.34 0.00 115892 1716 0.02
365.35 0.00 115892 1756 0.02
366.34 0.00 115892 1792 0.02
364.36 0.00 115892 1872 0.02
364.36 0.00 115892 1892 0.02
363.37 0.00 115892 1756 0.02
357.43 0.00 123184 2184 0.03
366.34 0.00 115892 1744 0.02
365.35 0.00 115892 1724 0.02
369.00 0.00 115892 1712 0.02
356.44 0.00 123184 2208 0.03
140.59 0.00 25768 1632 0.02
357.43 0.00 123184 2392 0.03
365.35 0.00 115892 1724 0.02
369.00 0.00 115892 1708 0.02
367.33 0.00 115892 1924 0.02
365.35 0.00 115892 1716 0.02
365.35 0.00 115892 1772 0.02
369.00 0.00 115892 1720 0.02
367.33 0.00 115892 1800 0.02
356.44 0.00 123184 2156 0.03
366.34 0.00 115892 1712 0.02
369.00 0.00 115892 1792 0.02
365.35 0.00 115892 1724 0.02
373.00 0.00 115892 1924 0.02
366.34 0.00 115892 1772 0.02
366.34 0.00 115892 1716 0.02
356.44 0.00 123184 2240 0.03
355.45 0.00 123184 2236 0.03
371.00 0.00 115892 1920 0.02
364.36 0.00 115892 1892 0.02
365.35 0.00 115892 1812 0.02
369.00 0.00 115892 1716 0.02
363.37 0.00 115892 1868 0.02
362.75 0.00 115892 1712 0.02
364.36 0.00 115892 1872 0.02
366.34 0.00 115892 1772 0.02
367.33 0.00 115892 1920 0.02
367.33 0.00 115892 1924 0.02
365.35 0.00 115892 1724 0.02
230.69 0.00 123184 1976 0.02
354.46 0.00 123184 2360 0.03
364.36 0.00 115892 1888 0.02
365.35 0.00 115892 1768 0.02
362.75 0.00 115892 1708 0.02
365.35 0.00 115892 1792 0.02
363.37 0.00 123184 2392 0.03
369.00 0.00 115892 1720 0.02
365.35 0.00 115892 1724 0.02
363.37 0.00 115892 1888 0.02
364.36 0.00 115892 1820 0.02
363.37 0.00 123184 2388 0.03
365.35 0.00 115892 1724 0.02
366.34 0.00 115892 1768 0.02
365.35 0.00 115892 1792 0.02
359.41 0.00 123184 2288 0.03
164.36 0.00 50356 1836 0.02
365.35 0.00 115892 1788 0.02
367.33 0.00 115892 1720 0.02
361.00 0.00 123184 2188 0.03
365.35 0.00 115892 1872 0.02
365.35 0.00 115892 1744 0.02
356.44 0.00 123184 2212 0.03
371.29 0.00 0 0 0.00
365.35 0.00 115892 1712 0.02
365.35 0.00 115892 1712 0.02
367.33 0.00 115892 1920 0.02
369.31 0.00 0 0 0.00
369.31 0.00 0 0 0.00
68.32 0.00 14252 600 0.01
140.59 0.00 25768 1656 0.02
355.45 0.00 123184 2360 0.03
366.34 0.00 115892 1768 0.02
366.34 0.00 115892 1744 0.02
357.43 0.00 123184 2184 0.03
357.43 0.00 123184 2180 0.03
365.35 0.00 115892 1720 0.02
353.92 0.00 123184 2304 0.03
367.33 0.00 115892 1712 0.02
364.36 0.00 115892 1824 0.02
138.61 0.00 25768 1736 0.02
140.00 0.00 25768 1688 0.02
139.60 0.00 25768 1864 0.02
352.94 0.00 123184 2300 0.03
365.35 0.00 115892 1712 0.02
365.35 0.00 115892 1716 0.02
365.35 0.00 115892 1784 0.02
361.76 0.00 115892 1792 0.02
137.25 0.00 25768 1656 0.02
138.61 0.00 25768 1836 0.02
355.45 0.00 123184 2236 0.03
362.00 0.00 123184 2180 0.03
364.36 0.00 115892 1792 0.02
357.43 0.00 123184 2188 0.03
357.43 0.00 123184 2188 0.03
365.35 0.00 115892 1868 0.02
370.30 0.00 0 0 0.00
353.92 0.00 123184 2256 0.03
364.36 0.00 115892 1716 0.02
356.44 0.00 123184 2292 0.03
356.44 0.00 123184 2236 0.03
371.29 0.00 0 0 0.00
360.40 0.00 123184 2188 0.03
365.00 0.00 123184 2448 0.03
367.33 0.00 115892 1716 0.02
357.43 0.00 123184 2184 0.03
366.34 0.00 115892 1724 0.02
191.00 0.00 123184 1756 0.02
368.32 0.00 0 0 0.00
288.12 0.00 123184 1912 0.02
365.35 0.00 115892 1720 0.02
365.35 0.00 115892 1760 0.02
355.45 0.00 123184 2240 0.03
353.92 0.00 123184 2300 0.03
369.31 0.00 0 0 0.00
187.13 0.00 123184 1704 0.02
357.43 0.00 123184 2184 0.03
364.36 0.00 115892 1768 0.02
364.36 0.00 115892 1720 0.02
365.35 0.00 115892 1820 0.02
363.37 0.00 123184 2556 0.03
355.45 0.00 123184 2236 0.03
142.00 0.00 25768 1688 0.02
365.35 0.00 115892 1720 0.02
366.34 0.00 115892 1720 0.02
358.42 0.00 123184 2356 0.03
364.36 0.00 115892 1712 0.02
290.10 0.00 123184 2128 0.03
355.45 0.00 123184 2356 0.03
356.44 0.00 123184 2352 0.03
363.37 0.00 115892 1760 0.02
367.33 0.00 115892 1836 0.02
367.33 0.00 115892 1740 0.02
366.34 0.00 115892 1796 0.02
81.19 0.00 17376 696 0.01
357.43 0.00 123184 2304 0.03
365.35 0.00 115892 1784 0.02
366.34 0.00 115892 1788 0.02
357.43 0.00 123184 2260 0.03
367.33 0.00 115892 1920 0.02
366.34 0.00 115892 1836 0.02
357.43 0.00 123184 2256 0.03
356.44 0.00 123184 2212 0.03
362.38 0.00 123184 2448 0.03
367.33 0.00 115892 1716 0.02
364.36 0.00 115892 1892 0.02
356.44 0.00 123184 2188 0.03
103.96 0.00 17376 752 0.01
357.43 0.00 123184 2208 0.03
183.17 0.00 123184 1864 0.02
358.42 0.00 123184 2180 0.03
366.34 0.00 115892 1832 0.02
366.34 0.00 115892 1832 0.02
370.00 0.00 115892 1708 0.02
357.43 0.00 123184 2292 0.03
289.11 0.00 123184 1992 0.02
138.61 0.00 25768 1688 0.02
357.84 0.00 123184 2184 0.03
356.44 0.00 123184 2256 0.03
366.34 0.00 115892 1724 0.02
366.34 0.00 115892 1712 0.02
351.96 0.00 123184 2188 0.03
356.44 0.00 123184 2192 0.03
354.46 0.00 123184 2340 0.03
369.00 0.00 115892 1724 0.02
364.36 0.00 115892 1892 0.02
366.34 0.00 115892 1832 0.02
138.61 0.00 25768 1660 0.02
360.78 0.00 115892 1760 0.02
367.33 0.00 115892 1712 0.02
364.36 0.00 115892 1868 0.02
368.32 0.00 115892 1716 0.02
365.35 0.00 115892 1788 0.02
366.34 0.00 115892 1792 0.02
368.32 0.00 115892 1920 0.02
358.42 0.00 123184 2300 0.03
364.36 0.00 115892 1868 0.02
356.44 0.00 123184 2208 0.03
369.00 0.00 115892 1888 0.02
356.44 0.00 123184 2300 0.03
355.45 0.00 123184 2256 0.03
366.34 0.00 115892 1740 0.02
366.34 0.00 115892 1724 0.02
366.34 0.00 115892 1740 0.02
364.36 0.00 115892 1708 0.02
357.43 0.00 123184 2236 0.03
211.88 0.00 123184 1632 0.02
356.44 0.00 123184 2360 0.03
361.76 0.00 115892 1724 0.02
367.33 0.00 115892 1784 0.02
364.36 0.00 115892 1756 0.02
365.35 0.00 115892 1720 0.02
368.00 0.00 115892 1720 0.02
366.34 0.00 115892 1712 0.02
355.45 0.00 123184 2356 0.03
357.43 0.00 123184 2300 0.03
365.35 0.00 115892 1712 0.02
369.00 0.00 115892 1868 0.02
363.37 0.00 115892 1756 0.02
370.00 0.00 115892 1716 0.02
366.34 0.00 115892 1740 0.02
366.34 0.00 115892 1716 0.02
362.75 0.00 115892 1724 0.02
366.34 0.00 115892 1788 0.02
365.35 0.00 115892 1740 0.02
361.39 0.00 123184 2188 0.03
364.36 0.00 115892 1784 0.02
367.65 0.00 0 0 0.00
137.62 0.00 25768 1664 0.02
355.45 0.00 123184 2240 0.03
361.76 0.00 115892 1716 0.02
354.46 0.00 123184 2356 0.03
369.31 0.00 0 0 0.00
107.92 0.00 17380 756 0.01
362.38 0.00 123184 2656 0.03
365.35 0.00 115892 1792 0.02
358.42 0.00 123184 2392 0.03
356.44 0.00 123184 2188 0.03
366.34 0.00 115892 1684 0.02
137.62 0.00 25768 1836 0.02
357.43 0.00 123184 2192 0.03
357.43 0.00 123184 2176 0.03
365.35 0.00 119668 1944 0.02
366.34 0.00 115892 1920 0.02
138.61 0.00 25768 1668 0.02
364.36 0.00 115892 1760 0.02
355.45 0.00 123184 2184 0.03
366.34 0.00 115892 1716 0.02
364.36 0.00 115892 1868 0.02
354.46 0.00 123184 2336 0.03
365.35 0.00 115892 1788 0.02
357.43 0.00 123184 2256 0.03
365.35 0.00 115892 1724 0.02
363.37 0.00 115892 1888 0.02
365.35 0.00 115892 1768 0.02
366.34 0.00 115892 1832 0.02
358.42 0.00 123184 2392 0.03
200.98 0.00 123184 1832 0.02
352.94 0.00 123184 2176 0.03
366.34 0.00 115892 1720 0.02
361.39 0.00 123184 2212 0.03
365.35 0.00 115892 1892 0.02
356.44 0.00 123184 2188 0.03
139.60 0.00 25768 1776 0.02
350.98 0.00 123184 2328 0.03
356.44 0.00 123184 2180 0.03
366.34 0.00 115892 1768 0.02
353.92 0.00 123184 2176 0.03
364.36 0.00 123184 2492 0.03
357.43 0.00 123184 2260 0.03
81.19 0.00 17376 760 0.01
356.44 0.00 123184 2192 0.03
365.00 0.00 123184 2188 0.03
365.35 0.00 115892 1820 0.02
355.45 0.00 123184 2360 0.03
372.00 0.00 115892 1868 0.02
138.61 0.00 25768 1656 0.02
66.34 0.00 14252 604 0.01
355.45 0.00 123184 2188 0.03
356.44 0.00 123184 2176 0.03
365.35 0.00 115892 1712 0.02
366.34 0.00 115892 1792 0.02
359.41 0.00 123184 2256 0.03
92.08 0.00 17376 764 0.01
364.36 0.00 123184 2196 0.03
357.43 0.00 123184 2188 0.03
362.00 0.00 123184 2184 0.03
355.45 0.00 123184 2356 0.03
370.30 0.00 0 0 0.00
166.34 0.00 50356 1616 0.02
355.45 0.00 123184 2256 0.03
359.41 0.00 123184 2336 0.03
367.33 0.00 115892 1740 0.02
364.36 0.00 115892 1820 0.02
363.37 0.00 123184 2392 0.03
365.35 0.00 115892 1892 0.02
357.43 0.00 123184 2180 0.03
361.39 0.00 123184 2388 0.03
369.00 0.00 115892 1716 0.02
365.35 0.00 115892 1700 0.02
366.34 0.00 115892 1820 0.02
364.36 0.00 115892 1712 0.02
138.61 0.00 25768 1732 0.02
356.44 0.00 123184 2180 0.03
366.34 0.00 115892 1832 0.02
366.34 0.00 115892 1788 0.02
366.34 0.00 115892 1724 0.02
361.39 0.00 123184 2624 0.03
361.39 0.00 123184 2444 0.03
366.34 0.00 115892 1824 0.02
365.35 0.00 115892 1720 0.02
359.41 0.00 123184 2252 0.03
357.43 0.00 123184 2212 0.03
126.73 0.00 17572 1660 0.02
355.45 0.00 123184 2292 0.03
366.34 0.00 115892 1724 0.02
355.45 0.00 123184 2344 0.03
365.35 0.00 115892 1872 0.02
138.61 0.00 25768 1664 0.02
358.42 0.00 123184 2392 0.03
367.33 0.00 115892 1712 0.02
364.36 0.00 115892 1716 0.02
365.35 0.00 115892 1828 0.02
137.62 0.00 25768 1716 0.02
138.61 0.00 25768 1660 0.02
363.37 0.00 123184 2472 0.03
366.34 0.00 115892 1832 0.02
138.61 0.00 25768 1768 0.02
356.44 0.00 123184 2236 0.03
367.33 0.00 115892 1716 0.02
365.35 0.00 115892 1824 0.02
365.35 0.00 115892 1788 0.02
139.60 0.00 25768 1644 0.02
103.96 0.00 17376 688 0.01
354.46 0.00 123184 2228 0.03
365.35 0.00 115892 1824 0.02
359.41 0.00 123184 2180 0.03
137.62 0.00 25768 1652 0.02
109.90 0.00 17380 756 0.01
361.39 0.00 123184 2212 0.03
356.44 0.00 123184 2356 0.03
370.00 0.00 115892 1720 0.02
360.40 0.00 123184 2176 0.03
356.44 0.00 123184 2180 0.03
360.78 0.00 115892 1756 0.02
365.35 0.00 115892 1820 0.02
366.34 0.00 115892 1872 0.02
365.35 0.00 115892 1888 0.02
356.44 0.00 123184 2256 0.03
137.62 0.00 25768 1816 0.02
138.61 0.00 25768 1668 0.02
352.94 0.00 123184 2184 0.03
362.38 0.00 123184 2476 0.03
365.35 0.00 115892 1724 0.02
361.39 0.00 123184 2180 0.03
129.70 0.00 17572 1704 0.02
369.00 0.00 115892 1716 0.02
358.82 0.00 123184 2304 0.03
365.35 0.00 115892 1792 0.02
356.44 0.00 123184 2180 0.03
367.33 0.00 115892 1788 0.02
351.96 0.00 123184 2224 0.03
363.37 0.00 123184 2452 0.03
367.33 0.00 115892 1832 0.02
363.37 0.00 115892 1868 0.02
362.75 0.00 115892 1716 0.02
367.33 0.00 115892 1716 0.02
367.33 0.00 115892 1740 0.02
356.44 0.00 123184 2188 0.03
359.41 0.00 123184 2224 0.03
356.44 0.00 123184 2336 0.03
366.34 0.00 115892 1744 0.02
362.38 0.00 123184 2392 0.03
364.36 0.00 123184 2340 0.03
356.44 0.00 123184 2180 0.03
185.15 0.00 123184 1780 0.02
357.43 0.00 123184 2184 0.03
367.33 0.00 115892 1836 0.02
365.35 0.00 115892 1792 0.02
355.45 0.00 123184 2228 0.03
356.44 0.00 123184 2236 0.03
357.43 0.00 123184 2180 0.03
136.63 0.00 25768 1836 0.02
364.36 0.00 115892 1768 0.02
369.00 0.00 115892 1788 0.02
365.35 0.00 115892 1744 0.02
356.44 0.00 123184 2240 0.03
367.33 0.00 115892 1712 0.02
365.35 0.00 115892 1740 0.02
365.35 0.00 115892 1788 0.02
351.96 0.00 123184 2240 0.03
103.96 0.00 17376 704 0.01
360.00 0.00 123184 2292 0.03
365.69 0.00 0 0 0.00
357.43 0.00 123184 2252 0.03
364.36 0.00 115892 1724 0.02
365.35 0.00 115892 1720 0.02
366.34 0.00 115892 1716 0.02
361.00 0.00 123184 2184 0.03
362.38 0.00 123184 2656 0.03
367.33 0.00 115892 1744 0.02
361.00 0.00 123184 2208 0.03
355.45 0.00 123184 2336 0.03
361.39 0.00 123184 2624 0.03
359.41 0.00 123184 2340 0.03
364.36 0.00 115892 1756 0.02
182.18 0.00 123184 1688 0.02
357.43 0.00 123184 2180 0.03
366.34 0.00 115892 1744 0.02
366.34 0.00 115892 1712 0.02
356.44 0.00 123184 2360 0.03
355.45 0.00 123184 2308 0.03
357.43 0.00 123184 2180 0.03
365.35 0.00 123184 2468 0.03
352.48 0.00 123184 2228 0.03
366.34 0.00 115892 1768 0.02
139.60 0.00 25768 1688 0.02
364.36 0.00 123184 2656 0.03
356.44 0.00 123184 2188 0.03
356.44 0.00 123184 2260 0.03
356.44 0.00 123184 2180 0.03
365.35 0.00 115892 1720 0.02
369.00 0.00 115892 1868 0.02
355.45 0.00 123184 2228 0.03
357.43 0.00 123184 2188 0.03
356.44 0.00 123184 2148 0.03
366.34 0.00 115892 1712 0.02
364.36 0.00 115892 1772 0.02
360.40 0.00 123184 2184 0.03
371.00 0.00 115892 1788 0.02
134.65 0.00 17572 1660 0.02
367.33 0.00 115892 1716 0.02
364.36 0.00 115892 1756 0.02
365.35 0.00 115892 1708 0.02
366.34 0.00 115892 1720 0.02
173.53 0.00 123184 1652 0.02
367.33 0.00 115892 1712 0.02
365.35 0.00 115892 1756 0.02
369.31 0.00 0 0 0.00
132.67 0.00 17572 1664 0.02
104.95 0.00 17376 708 0.01
362.75 0.00 115892 1740 0.02
361.39 0.00 123184 2292 0.03
367.33 0.00 115892 1924 0.02
367.33 0.00 115892 1744 0.02
356.44 0.00 123184 2240 0.03
188.12 0.00 123184 1652 0.02
135.00 0.00 17572 1684 0.02
361.39 0.00 123184 2188 0.03
366.34 0.00 115892 1920 0.02
356.44 0.00 123184 2188 0.03
366.34 0.00 115892 1716 0.02
101.98 0.00 17376 696 0.01
106.86 0.00 17376 748 0.01
366.34 0.00 115892 1740 0.02
366.34 0.00 115892 1836 0.02
367.33 0.00 115892 1836 0.02
366.34 0.00 115892 1744 0.02
138.61 0.00 25768 1668 0.02
138.61 0.00 25768 1656 0.02
369.00 0.00 115892 1788 0.02
364.00 0.00 123184 2228 0.03
356.44 0.00 123184 2304 0.03
359.00 0.00 123184 2188 0.03
366.34 0.00 115892 1720 0.02
140.59 0.00 25768 1656 0.02
365.35 0.00 115892 1788 0.02
356.44 0.00 123184 2224 0.03
357.43 0.00 123184 2260 0.03
352.94 0.00 123184 2240 0.03
363.37 0.00 115892 1892 0.02
367.00 0.00 115892 1888 0.02
364.36 0.00 115892 1892 0.02
