137.62 0.00 25768 1704 0.02
365.35 0.00 115892 1720 0.02
365.35 0.00 115892 1724 0.02
360.40 0.00 123184 2180 0.03
356.44 0.00 123184 2360 0.03
368.32 0.00 115892 1920 0.02
358.42 0.00 123184 2188 0.03
370.00 0.00 115892 1724 0.02
366.34 0.00 115892 1720 0.02
367.33 0.00 115892 1716 0.02
356.44 0.00 123184 2240 0.03
370.30 0.00 0 0 0.00
356.44 0.00 123184 2192 0.03
356.44 0.00 123184 2180 0.03
363.37 0.00 115892 1892 0.02
370.00 0.00 115892 1716 0.02
366.34 0.00 115892 1768 0.02
367.33 0.00 115892 1720 0.02
365.35 0.00 115892 1708 0.02
281.37 0.00 123184 1976 0.02
354.90 0.00 123184 2388 0.03
363.37 0.00 115892 1892 0.02
358.42 0.00 123184 2360 0.03
370.00 0.00 115892 1724 0.02
365.35 0.00 115892 1784 0.02
283.17 0.00 123184 1960 0.02
358.42 0.00 123184 2300 0.03
139.60 0.00 25768 1664 0.02
364.36 0.00 115892 1820 0.02
361.76 0.00 115892 1720 0.02
365.35 0.00 115892 1772 0.02
369.00 0.00 115892 1772 0.02
364.36 0.00 115892 1760 0.02
82.00 0.00 17376 752 0.01
103.96 0.00 17376 732 0.01
366.34 0.00 115892 1788 0.02
364.36 0.00 115892 1788 0.02
357.43 0.00 123184 2176 0.03
357.43 0.00 123184 2212 0.03
362.75 0.00 115892 1724 0.02
367.33 0.00 115892 1716 0.02
366.34 0.00 115892 1740 0.02
354.46 0.00 123184 2348 0.03
366.34 0.00 115892 1832 0.02
365.35 0.00 115892 1788 0.02
366.34 0.00 115892 1716 0.02
356.44 0.00 123184 2256 0.03
364.36 0.00 115892 1760 0.02
366.34 0.00 115892 1720 0.02
370.00 0.00 115892 1720 0.02
354.90 0.00 123184 2180 0.03
183.17 0.00 123184 1620 0.02
359.00 0.00 123184 2236 0.03
365.35 0.00 115892 1724 0.02
364.36 0.00 115892 1868 0.02
362.00 0.00 123184 2184 0.03
364.36 0.00 115892 1788 0.02
373.00 0.00 0 0 0.00
365.35 0.00 115892 1744 0.02
358.42 0.00 123184 2192 0.03
366.34 0.00 115892 1716 0.02
365.35 0.00 115892 1720 0.02
365.35 0.00 115892 1724 0.02
371.00 0.00 115892 1712 0.02
356.44 0.00 123184 2256 0.03
364.36 0.00 115892 1888 0.02
356.44 0.00 123184 2184 0.03
366.34 0.00 115892 1700 0.02
366.34 0.00 115892 1720 0.02
356.44 0.00 123184 2292 0.03
352.94 0.00 123184 2192 0.03
356.44 0.00 123184 2240 0.03
355.45 0.00 123184 2336 0.03
185.15 0.00 123184 1716 0.02
364.36 0.00 115892 1760 0.02
357.43 0.00 123184 2300 0.03
354.46 0.00 123184 2356 0.03
363.37 0.00 123184 2392 0.03
366.34 0.00 115892 1676 0.02
364.36 0.00 115892 1868 0.02
363.37 0.00 115892 1868 0.02
366.34 0.00 115892 1712 0.02
367.33 0.00 115892 1720 0.02
367.33 0.00 115892 1760 0.02
190.10 0.00 123184 1868 0.02
356.44 0.00 123184 2192 0.03
365.35 0.00 115892 1720 0.02
365.35 0.00 115892 1772 0.02
356.44 0.00 123184 2288 0.03
360.00 0.00 123184 2188 0.03
355.45 0.00 123184 2180 0.03
364.36 0.00 115892 1708 0.02
357.43 0.00 123184 2180 0.03
363.37 0.00 115892 1888 0.02
368.00 0.00 115892 1892 0.02
357.43 0.00 123184 2180 0.03
357.43 0.00 123184 2180 0.03
365.35 0.00 115892 1712 0.02
366.34 0.00 115892 1716 0.02
367.33 0.00 115892 1740 0.02
365.35 0.00 115892 1716 0.02
370.00 0.00 115892 1716 0.02
356.44 0.00 123184 2240 0.03
356.44 0.00 123184 2356 0.03
365.35 0.00 115892 1792 0.02
356.44 0.00 123184 2180 0.03
362.38 0.00 123184 2468 0.03
173.27 0.00 123184 1644 0.02
369.00 0.00 115892 1788 0.02
367.33 0.00 115892 1920 0.02
357.43 0.00 123184 2220 0.03
367.33 0.00 115892 1712 0.02
354.46 0.00 123184 2312 0.03
288.12 0.00 123184 1920 0.02
352.94 0.00 123184 2192 0.03
356.44 0.00 123184 2304 0.03
368.00 0.00 115892 1756 0.02
139.60 0.00 25768 1660 0.02
368.32 0.00 115892 1924 0.02
365.35 0.00 115892 1720 0.02
365.35 0.00 115892 1712 0.02
367.33 0.00 115892 1836 0.02
356.44 0.00 123184 2232 0.03
355.45 0.00 123184 2228 0.03
366.34 0.00 115892 1744 0.02
365.35 0.00 115892 1724 0.02
365.35 0.00 115892 1824 0.02
356.44 0.00 123184 2240 0.03
364.36 0.00 115892 1824 0.02
70.30 0.00 17360 740 0.01
357.43 0.00 123184 2300 0.03
364.36 0.00 115892 1892 0.02
356.44 0.00 123184 2192 0.03
367.00 0.00 115892 1756 0.02
354.46 0.00 123184 2240 0.03
355.45 0.00 123184 2188 0.03
368.32 0.00 115892 1720 0.02
365.35 0.00 115892 1720 0.02
369.00 0.00 115892 1716 0.02
355.45 0.00 123184 2192 0.03
361.39 0.00 123184 2256 0.03
364.36 0.00 115892 1820 0.02
364.36 0.00 115892 1868 0.02
367.00 0.00 115892 1872 0.02
364.36 0.00 115892 1760 0.02
364.36 0.00 115892 1772 0.02
357.43 0.00 123184 2180 0.03
358.42 0.00 123184 2184 0.03
357.43 0.00 123184 2184 0.03
364.36 0.00 115892 1760 0.02
367.33 0.00 115892 1832 0.02
365.35 0.00 115892 1788 0.02
358.42 0.00 123184 2184 0.03
356.44 0.00 123184 2356 0.03
367.33 0.00 115892 1832 0.02
366.34 0.00 115892 1836 0.02
366.34 0.00 115892 1788 0.02
372.00 0.00 115892 1924 0.02
355.45 0.00 123184 2228 0.03
366.34 0.00 115892 1836 0.02
370.00 0.00 115892 1720 0.02
365.35 0.00 115892 1784 0.02
365.35 0.00 115892 1772 0.02
361.76 0.00 115892 1716 0.02
365.35 0.00 115892 1792 0.02
356.44 0.00 123184 2236 0.03
366.34 0.00 115892 1724 0.02
366.34 0.00 115892 1740 0.02
369.00 0.00 115892 1712 0.02
370.00 0.00 115892 1740 0.02
358.42 0.00 123184 2188 0.03
365.35 0.00 115892 1788 0.02
364.36 0.00 115892 1708 0.02
364.36 0.00 115892 1712 0.02
365.35 0.00 115892 1720 0.02
363.00 0.00 123184 2240 0.03
364.36 0.00 115892 1872 0.02
138.61 0.00 25768 1764 0.02
370.30 0.00 0 0 0.00
189.11 0.00 123184 1776 0.02
366.34 0.00 115892 1724 0.02
366.34 0.00 115892 1716 0.02
365.35 0.00 115892 1724 0.02
356.44 0.00 123184 2292 0.03
369.31 0.00 115892 1776 0.02
356.44 0.00 123184 2336 0.03
365.35 0.00 115892 1824 0.02
364.36 0.00 115892 1760 0.02
365.35 0.00 115892 1724 0.02
357.43 0.00 123184 2192 0.03
253.47 0.00 123184 1928 0.02
365.35 0.00 115892 1720 0.02
369.00 0.00 115892 1720 0.02
365.35 0.00 115892 1788 0.02
353.47 0.00 123184 2240 0.03
366.34 0.00 115892 1708 0.02
352.94 0.00 123184 2184 0.03
366.34 0.00 115892 1836 0.02
356.44 0.00 123184 2176 0.03
365.35 0.00 115892 1792 0.02
366.34 0.00 115892 1744 0.02
367.33 0.00 115892 1712 0.02
365.35 0.00 115892 1692 0.02
138.61 0.00 25768 1660 0.02
351.96 0.00 123184 2240 0.03
355.45 0.00 123184 2188 0.03
366.34 0.00 115892 1744 0.02
365.35 0.00 115892 1744 0.02
361.76 0.00 115892 1716 0.02
358.42 0.00 123184 2392 0.03
366.34 0.00 119668 2304 0.03
370.30 0.00 0 0 0.00
371.00 0.00 115892 1716 0.02
365.35 0.00 115892 1716 0.02
363.37 0.00 115892 1892 0.02
365.35 0.00 115892 1712 0.02
364.36 0.00 115892 1872 0.02
123.76 0.00 17372 1864 0.02
357.43 0.00 123184 2260 0.03
366.34 0.00 115892 1712 0.02
370.00 0.00 115892 1716 0.02
350.50 0.00 123184 2292 0.03
358.42 0.00 123184 2184 0.03
365.35 0.00 115892 1712 0.02
365.35 0.00 115892 1888 0.02
364.36 0.00 115892 1760 0.02
365.35 0.00 115892 1708 0.02
366.34 0.00 115892 1784 0.02
135.64 0.00 17572 1716 0.02
365.35 0.00 115892 1768 0.02
369.00 0.00 115892 1768 0.02
365.35 0.00 115892 1772 0.02
357.43 0.00 123184 2304 0.03
365.35 0.00 115892 1784 0.02
366.34 0.00 115892 1716 0.02
362.00 0.00 123184 2360 0.03
356.44 0.00 123184 2188 0.03
366.34 0.00 115892 1824 0.02
357.43 0.00 123184 2256 0.03
364.36 0.00 115892 1760 0.02
365.35 0.00 115892 1768 0.02
258.42 0.00 123184 1912 0.02
365.35 0.00 115892 1704 0.02
371.00 0.00 115892 1836 0.02
368.32 0.00 115892 1924 0.02
369.00 0.00 115892 1716 0.02
137.62 0.00 25768 1820 0.02
135.64 0.00 17572 1660 0.02
365.35 0.00 115892 1744 0.02
368.32 0.00 0 0 0.00
366.34 0.00 115892 1708 0.02
364.36 0.00 115892 1888 0.02
358.42 0.00 123184 2184 0.03
356.44 0.00 123184 2184 0.03
131.68 0.00 17572 1712 0.02
353.92 0.00 123184 2256 0.03
366.34 0.00 115892 1788 0.02
355.45 0.00 123184 2180 0.03
366.34 0.00 115892 1724 0.02
368.32 0.00 115892 1920 0.02
188.12 0.00 123184 1668 0.02
363.73 0.00 115892 1744 0.02
362.38 0.00 123184 2264 0.03
365.00 0.00 123184 2504 0.03
366.34 0.00 115892 1720 0.02
138.61 0.00 25768 1736 0.02
366.34 0.00 115892 1712 0.02
356.44 0.00 123184 2228 0.03
370.00 0.00 115892 1772 0.02
370.00 0.00 115892 1772 0.02
366.34 0.00 115892 1720 0.02
356.44 0.00 123184 2188 0.03
364.36 0.00 115892 1720 0.02
355.45 0.00 123184 2256 0.03
352.48 0.00 123184 2356 0.03
366.34 0.00 115892 1744 0.02
365.35 0.00 115892 1724 0.02
366.34 0.00 115892 1712 0.02
366.34 0.00 115892 1712 0.02
356.44 0.00 123184 2260 0.03
137.62 0.00 25768 1660 0.02
357.43 0.00 123184 2188 0.03
364.36 0.00 115892 1888 0.02
364.36 0.00 115892 1760 0.02
366.34 0.00 115892 1836 0.02
366.34 0.00 115892 1724 0.02
138.61 0.00 25768 1700 0.02
365.35 0.00 115892 1708 0.02
360.40 0.00 123184 2336 0.03
366.34 0.00 115892 1788 0.02
355.45 0.00 123184 2336 0.03
368.00 0.00 115892 1720 0.02
356.44 0.00 123184 2336 0.03
359.41 0.00 123184 2360 0.03
356.44 0.00 123184 2240 0.03
355.45 0.00 123184 2288 0.03
365.35 0.00 115892 1720 0.02
370.00 0.00 115892 1792 0.02
171.29 0.00 119408 1668 0.02
361.00 0.00 123184 2184 0.03
375.00 0.00 0 0 0.00
364.36 0.00 115892 1720 0.02
363.00 0.00 123184 2228 0.03
366.34 0.00 115892 1744 0.02
366.34 0.00 115892 1740 0.02
362.38 0.00 123184 2184 0.03
364.36 0.00 115892 1888 0.02
368.00 0.00 115892 1820 0.02
364.36 0.00 115892 1760 0.02
358.00 0.00 123184 2340 0.03
355.88 0.00 123184 2392 0.03
357.43 0.00 123184 2192 0.03
289.11 0.00 123184 2036 0.02
363.00 0.00 123184 2388 0.03
365.35 0.00 115892 1784 0.02
366.34 0.00 115892 1792 0.02
361.00 0.00 123184 2304 0.03
162.75 0.00 50356 1700 0.02
356.44 0.00 123184 2176 0.03
366.34 0.00 115892 1720 0.02
362.75 0.00 115892 1716 0.02
367.33 0.00 115892 1716 0.02
366.34 0.00 115892 1832 0.02
367.33 0.00 115892 1712 0.02
366.34 0.00 115892 1724 0.02
366.34 0.00 115892 1788 0.02
356.44 0.00 123184 2180 0.03
180.20 0.00 123184 1656 0.02
355.45 0.00 123184 2260 0.03
357.43 0.00 123184 2236 0.03
356.44 0.00 123184 2240 0.03
365.35 0.00 115892 1788 0.02
355.45 0.00 123184 2228 0.03
369.00 0.00 115892 1724 0.02
360.78 0.00 115892 1872 0.02
362.00 0.00 123184 2172 0.03
365.35 0.00 115892 1788 0.02
353.92 0.00 123184 2236 0.03
366.34 0.00 115892 1832 0.02
369.00 0.00 115892 1824 0.02
365.35 0.00 115892 1792 0.02
364.36 0.00 115892 1892 0.02
365.35 0.00 115892 1788 0.02
366.34 0.00 115892 1720 0.02
361.39 0.00 123184 2304 0.03
365.35 0.00 115892 1784 0.02
358.42 0.00 123184 2188 0.03
356.44 0.00 123184 2192 0.03
371.29 0.00 0 0 0.00
360.40 0.00 123184 2192 0.03
366.34 0.00 115892 1832 0.02
365.35 0.00 115892 1820 0.02
365.35 0.00 115892 1788 0.02
356.44 0.00 123184 2288 0.03
103.96 0.00 17376 744 0.01
358.42 0.00 123184 2388 0.03
356.44 0.00 123184 2252 0.03
366.34 0.00 115892 1744 0.02
364.36 0.00 115892 1768 0.02
360.00 0.00 123184 2192 0.03
368.32 0.00 115892 1924 0.02
356.44 0.00 123184 2256 0.03
357.43 0.00 123184 2288 0.03
366.34 0.00 115892 1716 0.02
366.34 0.00 115892 1712 0.02
361.39 0.00 123184 2388 0.03
362.00 0.00 123184 2304 0.03
203.96 0.00 123184 1716 0.02
357.43 0.00 123184 2188 0.03
261.39 0.00 123184 2072 0.03
361.39 0.00 123184 2184 0.03
369.00 0.00 115892 1792 0.02
367.33 0.00 115892 1832 0.02
367.33 0.00 115892 1716 0.02
355.88 0.00 123184 2292 0.03
100.00 0.00 17376 744 0.01
355.45 0.00 123184 2240 0.03
357.43 0.00 123184 2180 0.03
366.34 0.00 115892 1740 0.02
365.35 0.00 115892 1724 0.02
369.00 0.00 115892 1716 0.02
360.78 0.00 115892 1788 0.02
356.44 0.00 123184 2256 0.03
358.42 0.00 123184 2208 0.03
356.44 0.00 123184 2192 0.03
370.00 0.00 115892 1716 0.02
356.44 0.00 123184 2288 0.03
361.76 0.00 115892 1820 0.02
369.31 0.00 0 0 0.00
356.44 0.00 123184 2256 0.03
356.44 0.00 123184 2192 0.03
362.75 0.00 115892 1920 0.02
371.00 0.00 115892 1724 0.02
370.00 0.00 115892 1772 0.02
365.35 0.00 115892 1776 0.02
355.45 0.00 123184 2356 0.03
366.34 0.00 115892 1720 0.02
356.44 0.00 123184 2256 0.03
365.35 0.00 115892 1788 0.02
358.42 0.00 123184 2304 0.03
365.35 0.00 115892 1824 0.02
292.00 0.00 123184 2124 0.03
362.75 0.00 115892 1720 0.02
358.42 0.00 123184 2176 0.03
364.36 0.00 115892 1868 0.02
355.45 0.00 123184 2340 0.03
361.76 0.00 115892 1712 0.02
366.34 0.00 115892 1712 0.02
360.40 0.00 123184 2456 0.03
362.75 0.00 115892 1712 0.02
134.65 0.00 17572 1764 0.02
356.44 0.00 123184 2192 0.03
363.73 0.00 115892 1712 0.02
368.32 0.00 115892 1920 0.02
370.00 0.00 115892 1712 0.02
368.32 0.00 115892 1868 0.02
368.32 0.00 115892 1712 0.02
365.35 0.00 115892 1756 0.02
367.33 0.00 115892 1836 0.02
366.34 0.00 115892 1716 0.02
367.33 0.00 115892 1716 0.02
367.33 0.00 115892 1688 0.02
364.36 0.00 115892 1892 0.02
356.44 0.00 123184 2240 0.03
370.30 0.00 0 0 0.00
365.35 0.00 115892 1792 0.02
366.34 0.00 115892 1720 0.02
356.44 0.00 123184 2176 0.03
179.21 0.00 123184 1852 0.02
370.30 0.00 0 0 0.00
356.44 0.00 123184 2292 0.03
367.33 0.00 115892 1920 0.02
365.35 0.00 115892 1716 0.02
368.32 0.00 115892 1920 0.02
366.34 0.00 115892 1724 0.02
182.18 0.00 123184 1700 0.02
361.76 0.00 115892 1744 0.02
184.16 0.00 123184 1616 0.02
364.36 0.00 115892 1772 0.02
365.35 0.00 115892 1760 0.02
