361.39 0.00 123184 2504 0.03
366.34 0.00 115892 1724 0.02
353.92 0.00 123184 2184 0.03
356.44 0.00 123184 2360 0.03
168.32 0.00 126220 1864 0.02
356.44 0.00 123184 2180 0.03
365.00 0.00 123184 2184 0.03
355.45 0.00 123184 2360 0.03
187.25 0.00 123184 1660 0.02
364.36 0.00 115892 1892 0.02
358.42 0.00 123184 2228 0.03
358.42 0.00 123184 2228 0.03
357.43 0.00 123184 2392 0.03
370.30 0.00 0 0 0.00
356.44 0.00 123184 2292 0.03
360.40 0.00 123184 2184 0.03
359.41 0.00 123184 2288 0.03
184.16 0.00 123184 1712 0.02
362.00 0.00 123184 2180 0.03
369.31 0.00 0 0 0.00
365.35 0.00 115892 1716 0.02
368.00 0.00 115892 1756 0.02
103.96 0.00 17376 752 0.01
361.00 0.00 123184 2304 0.03
367.33 0.00 115892 1716 0.02
365.35 0.00 115892 1792 0.02
362.00 0.00 123184 2224 0.03
366.34 0.00 115892 1720 0.02
358.42 0.00 123184 2172 0.03
356.44 0.00 123184 2224 0.03
365.35 0.00 115892 1708 0.02
368.32 0.00 0 0 0.00
288.12 0.00 123184 1928 0.02
361.00 0.00 123184 2180 0.03
361.00 0.00 123184 2180 0.03
365.35 0.00 115892 1740 0.02
364.36 0.00 115892 1760 0.02
138.61 0.00 25768 1764 0.02
369.31 0.00 0 0 0.00
109.90 0.00 17380 736 0.01
134.65 0.00 17572 1716 0.02
356.44 0.00 123184 2260 0.03
354.90 0.00 123184 2300 0.03
360.00 0.00 123184 2256 0.03
365.35 0.00 115892 1888 0.02
355.45 0.00 123184 2340 0.03
369.00 0.00 115892 1784 0.02
355.45 0.00 123184 2228 0.03
367.33 0.00 115892 1924 0.02
105.94 0.00 17376 756 0.01
361.39 0.00 123184 2184 0.03
137.62 0.00 25768 1836 0.02
356.44 0.00 123184 2240 0.03
356.44 0.00 123184 2236 0.03
357.43 0.00 123184 2180 0.03
355.45 0.00 123184 2180 0.03
360.40 0.00 123184 2292 0.03
358.42 0.00 123184 2388 0.03
357.43 0.00 123184 2240 0.03
131.68 0.00 17572 1656 0.02
354.46 0.00 123184 2240 0.03
363.00 0.00 123184 2340 0.03
355.45 0.00 123184 2164 0.03
179.21 0.00 123184 1768 0.02
358.42 0.00 123184 2228 0.03
358.82 0.00 123184 2504 0.03
364.00 0.00 123184 2504 0.03
361.39 0.00 123184 2292 0.03
352.94 0.00 123184 2260 0.03
364.36 0.00 115892 1868 0.02
355.45 0.00 123184 2340 0.03
357.43 0.00 123184 2236 0.03
367.33 0.00 115892 1836 0.02
356.44 0.00 123184 2288 0.03
356.44 0.00 123184 2192 0.03
102.00 0.00 17376 752 0.01
366.34 0.00 115892 1892 0.02
365.35 0.00 115892 1724 0.02
364.36 0.00 115892 1760 0.02
357.43 0.00 123184 2352 0.03
369.31 0.00 0 0 0.00
139.60 0.00 25768 1664 0.02
358.42 0.00 123184 2304 0.03
365.35 0.00 115892 1792 0.02
365.35 0.00 115892 1868 0.02
357.43 0.00 123184 2184 0.03
164.36 0.00 50356 1704 0.02
173.27 0.00 123184 1832 0.02
365.35 0.00 115892 1772 0.02
364.36 0.00 115892 1708 0.02
365.35 0.00 115892 1744 0.02
370.30 0.00 0 0 0.00
355.45 0.00 123184 2192 0.03
356.44 0.00 123184 2240 0.03
114.71 0.00 17372 1700 0.02
356.44 0.00 123184 2176 0.03
370.00 0.00 115892 1700 0.02
364.36 0.00 115892 1820 0.02
354.46 0.00 123184 2236 0.03
354.46 0.00 123184 2360 0.03
164.71 0.00 50356 1776 0.02
366.34 0.00 115892 1820 0.02
359.00 0.00 123184 2236 0.03
354.46 0.00 123184 2292 0.03
366.34 0.00 115892 1792 0.02
357.43 0.00 123184 2184 0.03
366.34 0.00 115892 1720 0.02
356.44 0.00 123184 2192 0.03
367.33 0.00 115892 1712 0.02
366.34 0.00 115892 1788 0.02
365.35 0.00 115892 1724 0.02
357.43 0.00 123184 2260 0.03
356.44 0.00 123184 2180 0.03
357.43 0.00 123184 2184 0.03
366.34 0.00 115892 1712 0.02
353.92 0.00 123184 2236 0.03
368.00 0.00 115892 1724 0.02
365.35 0.00 115892 1760 0.02
368.32 0.00 0 0 0.00
138.24 0.00 25768 1732 0.02
55.45 0.00 4640 296 0.00
355.45 0.00 123184 2208 0.03
362.38 0.00 123184 2448 0.03
365.35 0.00 115892 1768 0.02
366.34 0.00 115892 1832 0.02
374.00 0.00 0 0 0.00
352.94 0.00 123184 2288 0.03
369.31 0.00 0 0 0.00
365.35 0.00 115892 1872 0.02
365.35 0.00 115892 1720 0.02
357.43 0.00 123184 2388 0.03
364.36 0.00 115892 1756 0.02
367.33 0.00 123184 2656 0.03
365.35 0.00 115892 1720 0.02
365.35 0.00 115892 1712 0.02
368.00 0.00 115892 1756 0.02
188.12 0.00 123184 1832 0.02
353.92 0.00 123184 2192 0.03
365.35 0.00 115892 1820 0.02
364.36 0.00 115892 1700 0.02
365.35 0.00 115892 1712 0.02
356.44 0.00 123184 2340 0.03
365.35 0.00 115892 1724 0.02
138.61 0.00 25768 1712 0.02
354.90 0.00 123184 2148 0.03
365.35 0.00 115892 1892 0.02
358.42 0.00 123184 2208 0.03
189.11 0.00 123184 1660 0.02
137.62 0.00 25768 1664 0.02
363.37 0.00 115892 1760 0.02
367.33 0.00 115892 1744 0.02
355.45 0.00 123184 2356 0.03
357.43 0.00 123184 2164 0.03
363.37 0.00 123184 2448 0.03
356.44 0.00 123184 2184 0.03
90.10 0.00 17376 708 0.01
355.45 0.00 123184 2336 0.03
102.97 0.00 17376 704 0.01
370.00 0.00 115892 1728 0.02
164.36 0.00 50356 1812 0.02
364.36 0.00 115892 1720 0.02
367.33 0.00 115892 1720 0.02
356.44 0.00 123184 2180 0.03
365.35 0.00 115892 1788 0.02
365.35 0.00 115892 1720 0.02
359.41 0.00 123184 2188 0.03
360.00 0.00 123184 2176 0.03
367.33 0.00 115892 1836 0.02
357.43 0.00 123184 2188 0.03
355.45 0.00 123184 2292 0.03
355.45 0.00 123184 2240 0.03
367.33 0.00 115892 1796 0.02
361.00 0.00 123184 2188 0.03
364.36 0.00 115892 1760 0.02
365.35 0.00 115892 1876 0.02
361.39 0.00 123184 2216 0.03
68.32 0.00 14252 616 0.01
366.34 0.00 115892 1824 0.02
370.00 0.00 115892 1768 0.02
136.63 0.00 25768 1812 0.02
364.36 0.00 123184 2472 0.03
355.45 0.00 123184 2340 0.03
366.34 0.00 115892 1712 0.02
140.00 0.00 25768 1656 0.02
365.35 0.00 115892 1820 0.02
357.43 0.00 123184 2184 0.03
369.00 0.00 115892 1792 0.02
357.43 0.00 123184 2176 0.03
369.00 0.00 115892 1724 0.02
365.35 0.00 115892 1832 0.02
139.60 0.00 25768 1668 0.02
365.35 0.00 115892 1724 0.02
134.65 0.00 17572 1652 0.02
356.44 0.00 123184 2340 0.03
370.00 0.00 115892 1720 0.02
365.35 0.00 115892 1708 0.02
356.44 0.00 123184 2208 0.03
364.36 0.00 115892 1760 0.02
365.35 0.00 115892 1724 0.02
137.62 0.00 25768 1832 0.02
366.34 0.00 115892 1788 0.02
364.36 0.00 115892 1720 0.02
365.35 0.00 115892 1892 0.02
355.45 0.00 123184 2228 0.03
355.45 0.00 123184 2224 0.03
357.43 0.00 123184 2256 0.03
364.36 0.00 115892 1888 0.02
138.24 0.00 25768 1764 0.02
357.43 0.00 123184 2188 0.03
367.33 0.00 0 0 0.00
167.00 0.00 50356 1668 0.02
356.44 0.00 123184 2260 0.03
365.35 0.00 115892 1724 0.02
365.35 0.00 115892 1792 0.02
357.43 0.00 123184 2236 0.03
106.93 0.00 17376 760 0.01
101.98 0.00 17376 736 0.01
365.35 0.00 115892 1868 0.02
370.00 0.00 115892 1716 0.02
364.36 0.00 115892 1792 0.02
137.25 0.00 25768 1716 0.02
366.34 0.00 115892 1824 0.02
139.60 0.00 25768 1652 0.02
354.90 0.00 123184 2300 0.03
368.00 0.00 115892 1784 0.02
356.44 0.00 123184 2180 0.03
367.33 0.00 115892 1744 0.02
370.30 0.00 0 0 0.00
357.43 0.00 123184 2192 0.03
144.55 0.00 42160 1664 0.02
358.42 0.00 123184 2392 0.03
357.43 0.00 123184 2180 0.03
367.33 0.00 115892 1924 0.02
364.36 0.00 115892 1784 0.02
365.35 0.00 115892 1768 0.02
367.33 0.00 0 0 0.00
364.00 0.00 123184 2180 0.03
355.45 0.00 123184 2228 0.03
371.00 0.00 115892 1832 0.02
364.36 0.00 115892 1724 0.02
364.36 0.00 115892 1824 0.02
350.98 0.00 123184 2336 0.03
366.34 0.00 115892 1716 0.02
137.62 0.00 25768 1712 0.02
366.34 0.00 115892 1740 0.02
356.44 0.00 123184 2240 0.03
366.34 0.00 115892 1924 0.02
365.35 0.00 115892 1696 0.02
366.34 0.00 115892 1836 0.02
67.33 0.00 14252 616 0.01
374.00 0.00 0 0 0.00
364.36 0.00 123184 2448 0.03
366.34 0.00 115892 1768 0.02
364.36 0.00 115892 1712 0.02
356.44 0.00 123184 2212 0.03
365.35 0.00 115892 1824 0.02
357.43 0.00 123184 2328 0.03
366.34 0.00 115892 1716 0.02
133.66 0.00 17572 1868 0.02
364.36 0.00 115892 1708 0.02
370.00 0.00 115892 1720 0.02
369.00 0.00 115892 1708 0.02
189.11 0.00 123184 1868 0.02
365.35 0.00 115892 1720 0.02
355.45 0.00 123184 2176 0.03
357.43 0.00 123184 2180 0.03
357.43 0.00 123184 2192 0.03
365.35 0.00 115892 1760 0.02
364.36 0.00 115892 1844 0.02
369.31 0.00 0 0 0.00
360.00 0.00 123184 2300 0.03
352.94 0.00 123184 2224 0.03
137.62 0.00 25768 1648 0.02
357.43 0.00 123184 2188 0.03
359.41 0.00 123184 2388 0.03
365.35 0.00 115892 1820 0.02
356.44 0.00 123184 2184 0.03
356.44 0.00 123184 2292 0.03
355.45 0.00 123184 2308 0.03
356.44 0.00 123184 2188 0.03
365.35 0.00 115892 1788 0.02
366.34 0.00 115892 1712 0.02
366.34 0.00 115892 1712 0.02
358.42 0.00 123184 2392 0.03
138.61 0.00 25768 1668 0.02
356.44 0.00 123184 2180 0.03
363.37 0.00 123184 2488 0.03
365.35 0.00 115892 1756 0.02
360.00 0.00 123184 2180 0.03
360.40 0.00 123184 2152 0.03
360.00 0.00 123184 2360 0.03
364.36 0.00 115892 1868 0.02
366.34 0.00 115892 1720 0.02
364.36 0.00 115892 1756 0.02
358.42 0.00 123184 2392 0.03
171.29 0.00 119408 1780 0.02
138.61 0.00 25768 1712 0.02
365.35 0.00 115892 1768 0.02
364.36 0.00 115892 1788 0.02
364.36 0.00 115892 1824 0.02
364.36 0.00 115892 1784 0.02
369.31 0.00 0 0 0.00
121.00 0.00 17372 1780 0.02
356.44 0.00 123184 2180 0.03
365.35 0.00 115892 1768 0.02
357.43 0.00 123184 2208 0.03
164.36 0.00 50356 1668 0.02
365.35 0.00 115892 1720 0.02
291.09 0.00 123184 2124 0.03
355.45 0.00 123184 2192 0.03
365.35 0.00 115892 1712 0.02
351.96 0.00 123184 2356 0.03
364.36 0.00 115892 1760 0.02
364.36 0.00 119668 2244 0.03
356.44 0.00 123184 2184 0.03
366.34 0.00 123184 2252 0.03
358.42 0.00 123184 2392 0.03
356.44 0.00 123184 2176 0.03
371.00 0.00 115892 1720 0.02
359.41 0.00 123184 2260 0.03
57.43 0.00 8232 356 0.00
372.00 0.00 0 0 0.00
355.45 0.00 123184 2360 0.03
370.00 0.00 115892 1788 0.02
353.92 0.00 123184 2236 0.03
356.44 0.00 123184 2192 0.03
137.25 0.00 25768 1712 0.02
356.44 0.00 123184 2256 0.03
355.45 0.00 123184 2336 0.03
366.34 0.00 115892 1740 0.02
366.34 0.00 115892 1712 0.02
355.45 0.00 123184 2176 0.03
363.37 0.00 123184 2652 0.03
370.30 0.00 0 0 0.00
367.33 0.00 115892 1836 0.02
366.34 0.00 115892 1712 0.02
366.34 0.00 115892 1740 0.02
356.44 0.00 123184 2288 0.03
355.45 0.00 123184 2176 0.03
139.60 0.00 25768 1664 0.02
356.44 0.00 123184 2188 0.03
366.34 0.00 115892 1800 0.02
365.35 0.00 115892 1820 0.02
138.61 0.00 25768 1700 0.02
357.43 0.00 123184 2180 0.03
101.98 0.00 17376 740 0.01
365.35 0.00 115892 1724 0.02
365.35 0.00 115892 1792 0.02
367.33 0.00 115892 1836 0.02
356.44 0.00 123184 2180 0.03
138.61 0.00 25768 1764 0.02
356.44 0.00 123184 2300 0.03
368.32 0.00 115892 1920 0.02
371.00 0.00 115892 1740 0.02
360.40 0.00 123184 2456 0.03
190.10 0.00 123184 1868 0.02
369.00 0.00 115892 1692 0.02
357.43 0.00 123184 2184 0.03
137.62 0.00 25768 1700 0.02
363.37 0.00 123184 2472 0.03
365.35 0.00 115892 1872 0.02
354.90 0.00 123184 2180 0.03
367.33 0.00 0 0 0.00
363.37 0.00 115892 1892 0.02
365.35 0.00 115892 1824 0.02
365.35 0.00 115892 1768 0.02
368.00 0.00 115892 1820 0.02
138.61 0.00 25768 1656 0.02
124.75 0.00 17572 1664 0.02
365.35 0.00 115892 1712 0.02
365.35 0.00 115892 1788 0.02
359.80 0.00 115892 1760 0.02
368.00 0.00 115892 1756 0.02
356.44 0.00 123184 2236 0.03
361.39 0.00 123184 2484 0.03
367.33 0.00 115892 1720 0.02
364.36 0.00 115892 1760 0.02
365.35 0.00 115892 1820 0.02
356.86 0.00 123184 2208 0.03
110.00 0.00 17372 1832 0.02
138.61 0.00 25768 1660 0.02
365.35 0.00 115892 1768 0.02
366.34 0.00 115892 1716 0.02
366.34 0.00 115892 1720 0.02
357.43 0.00 123184 2184 0.03
106.93 0.00 17380 740 0.01
370.30 0.00 0 0 0.00
366.34 0.00 115892 1744 0.02
367.33 0.00 115892 1832 0.02
365.35 0.00 115892 1720 0.02
67.33 0.00 14252 616 0.01
358.42 0.00 123184 2392 0.03
366.34 0.00 115892 1724 0.02
366.34 0.00 115892 1724 0.02
167.33 0.00 50356 1864 0.02
355.45 0.00 123184 2360 0.03
140.59 0.00 25768 1868 0.02
356.44 0.00 123184 2228 0.03
366.34 0.00 115892 1728 0.02
357.43 0.00 123184 2180 0.03
363.37 0.00 115892 1872 0.02
270.59 0.00 123184 1920 0.02
370.30 0.00 0 0 0.00
165.35 0.00 50356 1660 0.02
355.45 0.00 123184 2176 0.03
365.35 0.00 115892 1824 0.02
365.35 0.00 115892 1836 0.02
368.32 0.00 0 0 0.00
101.96 0.00 17376 748 0.01
142.00 0.00 25768 1780 0.02
366.34 0.00 115892 1712 0.02
138.61 0.00 25768 1684 0.02
363.37 0.00 115892 1840 0.02
366.34 0.00 115892 1720 0.02
355.45 0.00 123184 2356 0.03
357.43 0.00 123184 2180 0.03
362.75 0.00 115892 1716 0.02
365.35 0.00 115892 1892 0.02
366.34 0.00 115892 1716 0.02
366.34 0.00 115892 1716 0.02
364.36 0.00 115892 1772 0.02
356.44 0.00 123184 2188 0.03
355.45 0.00 123184 2340 0.03
364.36 0.00 115892 1760 0.02
356.44 0.00 123184 2236 0.03
363.37 0.00 123184 2624 0.03
356.44 0.00 123184 2180 0.03
358.42 0.00 123184 2188 0.03
357.43 0.00 123184 2260 0.03
356.44 0.00 123184 2188 0.03
365.35 0.00 115892 1788 0.02
364.36 0.00 115892 1756 0.02
361.76 0.00 115892 1792 0.02
356.44 0.00 123184 2300 0.03
357.43 0.00 123184 2236 0.03
352.94 0.00 123184 2192 0.03
358.42 0.00 123184 2180 0.03
356.44 0.00 123184 2184 0.03
358.42 0.00 123184 2304 0.03
367.33 0.00 115892 1716 0.02
356.44 0.00 123184 2160 0.03
359.80 0.00 115892 1868 0.02
357.43 0.00 123184 2208 0.03
364.36 0.00 115892 1760 0.02
138.61 0.00 25768 1812 0.02
357.43 0.00 123184 2192 0.03
365.35 0.00 115892 1724 0.02
356.44 0.00 123184 2236 0.03
365.35 0.00 115892 1708 0.02
104.95 0.00 17376 752 0.01
356.44 0.00 123184 2292 0.03
359.41 0.00 123184 2600 0.03
359.00 0.00 123184 2360 0.03
355.45 0.00 123184 2356 0.03
358.42 0.00 123184 2184 0.03
357.43 0.00 123184 2300 0.03
365.35 0.00 115892 1708 0.02
136.63 0.00 25768 1704 0.02
357.43 0.00 123184 2240 0.03
174.26 0.00 123184 1772 0.02
364.36 0.00 115892 1824 0.02
360.40 0.00 123184 2236 0.03
356.44 0.00 123184 2180 0.03
357.43 0.00 123184 2284 0.03
367.33 0.00 0 0 0.00
188.00 0.00 123184 1732 0.02
123.76 0.00 17372 1780 0.02
360.40 0.00 123184 2260 0.03
137.62 0.00 25768 1832 0.02
365.35 0.00 115892 1768 0.02
355.45 0.00 123184 2296 0.03
357.43 0.00 123184 2188 0.03
166.00 0.00 50356 1736 0.02
355.45 0.00 123184 2340 0.03
364.36 0.00 115892 1760 0.02
363.00 0.00 123184 2604 0.03
359.41 0.00 123184 2292 0.03
184.16 0.00 123184 1684 0.02
364.36 0.00 115892 1700 0.02
364.36 0.00 116152 2148 0.03
366.34 0.00 115892 1720 0.02
366.34 0.00 115892 1712 0.02
367.00 0.00 115892 1760 0.02
359.41 0.00 123184 2340 0.03
354.46 0.00 123184 2292 0.03
366.34 0.00 115892 1828 0.02
101.98 0.00 17376 748 0.01
364.36 0.00 115892 1756 0.02
356.44 0.00 123184 2288 0.03
138.61 0.00 25768 1652 0.02
365.35 0.00 115892 1724 0.02
364.36 0.00 115892 1724 0.02
354.46 0.00 123184 2236 0.03
366.34 0.00 115892 1716 0.02
366.34 0.00 115892 1712 0.02
367.33 0.00 115892 1720 0.02
355.45 0.00 123184 2192 0.03
256.86 0.00 123184 1976 0.02
139.60 0.00 25768 1744 0.02
368.32 0.00 0 0 0.00
362.75 0.00 115892 1716 0.02
354.46 0.00 123184 2240 0.03
135.64 0.00 17572 1716 0.02
356.44 0.00 123184 2260 0.03
356.44 0.00 123184 2188 0.03
364.36 0.00 115892 1716 0.02
364.36 0.00 115892 1724 0.02
369.00 0.00 115892 1868 0.02
366.34 0.00 115892 1820 0.02
139.60 0.00 25768 1768 0.02
356.44 0.00 123184 2180 0.03
367.33 0.00 115892 1720 0.02
355.45 0.00 123184 2228 0.03
357.43 0.00 123184 2180 0.03
356.44 0.00 123184 2360 0.03
357.43 0.00 123184 2208 0.03
365.35 0.00 115892 1792 0.02
361.76 0.00 115892 1708 0.02
365.35 0.00 115892 1712 0.02
359.41 0.00 123184 2388 0.03
356.44 0.00 123184 2292 0.03
356.44 0.00 123184 2236 0.03
354.46 0.00 123184 2340 0.03
368.32 0.00 0 0 0.00
366.34 0.00 115892 1720 0.02
368.00 0.00 115892 1720 0.02
363.37 0.00 115892 1868 0.02
356.44 0.00 123184 2356 0.03
356.44 0.00 123184 2188 0.03
356.44 0.00 123184 2256 0.03
361.39 0.00 123184 2556 0.03
366.34 0.00 115892 1716 0.02
366.34 0.00 115892 1716 0.02
366.34 0.00 115892 1744 0.02
355.45 0.00 123184 2340 0.03
365.35 0.00 115892 1892 0.02
357.43 0.00 123184 2192 0.03
368.32 0.00 115892 1920 0.02
138.61 0.00 25768 1668 0.02
58.42 0.00 8232 352 0.00
357.43 0.00 123184 2388 0.03
361.39 0.00 123184 2500 0.03
365.35 0.00 115892 1788 0.02
365.35 0.00 115892 1816 0.02
364.36 0.00 115892 1760 0.02
365.35 0.00 115892 1820 0.02
264.36 0.00 123184 1972 0.02
140.00 0.00 25768 1776 0.02
365.00 0.00 123184 2184 0.03
366.34 0.00 115892 1772 0.02
355.45 0.00 123184 2360 0.03
370.00 0.00 115892 1924 0.02
360.00 0.00 123184 2176 0.03
357.43 0.00 123184 2180 0.03
356.44 0.00 123184 2176 0.03
355.45 0.00 123184 2340 0.03
364.36 0.00 115892 1788 0.02
361.39 0.00 123184 2188 0.03
365.35 0.00 115892 1760 0.02
368.00 0.00 115892 1872 0.02
366.34 0.00 115892 1716 0.02
368.32 0.00 0 0 0.00
364.36 0.00 115892 1756 0.02
360.40 0.00 123184 2188 0.03
361.00 0.00 123184 2240 0.03
370.00 0.00 115892 1716 0.02
289.11 0.00 123184 2028 0.02
137.25 0.00 25768 1660 0.02
356.44 0.00 123184 2340 0.03
367.33 0.00 115892 1720 0.02
364.36 0.00 115892 1712 0.02
165.35 0.00 50356 1776 0.02
137.62 0.00 25768 1716 0.02
360.00 0.00 123184 2192 0.03
103.96 0.00 17376 760 0.01
354.90 0.00 123184 2148 0.03
369.00 0.00 115892 1788 0.02
365.35 0.00 115892 1712 0.02
366.34 0.00 115892 1712 0.02
355.45 0.00 123184 2356 0.03
358.42 0.00 123184 2180 0.03
164.36 0.00 50356 1816 0.02
358.42 0.00 123184 2304 0.03
366.34 0.00 115892 1824 0.02
366.34 0.00 115892 1924 0.02
366.34 0.00 115892 1892 0.02
366.34 0.00 115892 1712 0.02
362.00 0.00 123184 2264 0.03
369.31 0.00 0 0 0.00
356.44 0.00 123184 2236 0.03
359.41 0.00 123184 2236 0.03
369.00 0.00 115892 1784 0.02
361.39 0.00 123184 2288 0.03
358.42 0.00 123184 2304 0.03
360.78 0.00 115892 1708 0.02
366.00 0.00 123184 2388 0.03
356.44 0.00 123184 2336 0.03
361.00 0.00 123184 2180 0.03
364.00 0.00 123184 2176 0.03
357.43 0.00 123184 2208 0.03
367.33 0.00 115892 1716 0.02
357.84 0.00 123184 2304 0.03
356.44 0.00 123184 2188 0.03
357.43 0.00 123184 2180 0.03
364.36 0.00 115892 1888 0.02
369.31 0.00 0 0 0.00
73.27 0.00 17364 752 0.01
103.96 0.00 17376 756 0.01
137.62 0.00 25768 1820 0.02
137.62 0.00 25768 1668 0.02
370.30 0.00 0 0 0.00
138.61 0.00 25768 1660 0.02
355.45 0.00 123184 2180 0.03
369.00 0.00 115892 1720 0.02
366.34 0.00 115892 1720 0.02
365.35 0.00 115892 1892 0.02
356.44 0.00 123184 2188 0.03
369.31 0.00 0 0 0.00
356.44 0.00 123184 2288 0.03
367.33 0.00 115892 1872 0.02
121.78 0.00 17372 1712 0.02
355.45 0.00 123184 2224 0.03
