357.43 0.00 123184 2180 0.03
138.61 0.00 25768 1656 0.02
362.75 0.00 115892 1716 0.02
364.36 0.00 115892 1868 0.02
364.36 0.00 115892 1712 0.02
364.36 0.00 115892 1768 0.02
365.35 0.00 115892 1740 0.02
364.36 0.00 115892 1760 0.02
366.34 0.00 115892 1720 0.02
355.45 0.00 123184 2340 0.03
356.44 0.00 123184 2188 0.03
361.39 0.00 123184 2180 0.03
364.36 0.00 115892 1868 0.02
366.34 0.00 115892 1800 0.02
365.35 0.00 115892 1712 0.02
260.40 0.00 123184 1996 0.02
353.92 0.00 123184 2212 0.03
361.76 0.00 115892 1720 0.02
369.00 0.00 115892 1716 0.02
365.35 0.00 115892 1724 0.02
367.33 0.00 115892 1716 0.02
369.31 0.00 0 0 0.00
370.00 0.00 115892 1796 0.02
365.35 0.00 115892 1712 0.02
365.35 0.00 115892 1712 0.02
372.00 0.00 115892 1920 0.02
366.34 0.00 115892 1832 0.02
351.96 0.00 123184 2236 0.03
365.35 0.00 115892 1720 0.02
363.37 0.00 115892 1772 0.02
355.45 0.00 123184 2236 0.03
365.35 0.00 115892 1792 0.02
106.93 0.00 17376 756 0.01
366.34 0.00 115892 1716 0.02
366.34 0.00 115892 1720 0.02
366.34 0.00 115892 1724 0.02
108.91 0.00 17372 1660 0.02
365.35 0.00 123184 2488 0.03
359.41 0.00 123184 2176 0.03
367.33 0.00 115892 1740 0.02
364.36 0.00 115892 1720 0.02
366.34 0.00 115892 1824 0.02
365.35 0.00 115892 1708 0.02
356.44 0.00 123184 2192 0.03
356.44 0.00 123184 2192 0.03
366.34 0.00 115892 1716 0.02
367.33 0.00 115892 1920 0.02
364.36 0.00 115892 1888 0.02
364.36 0.00 115892 1888 0.02
369.00 0.00 115892 1788 0.02
366.34 0.00 115892 1768 0.02
361.39 0.00 123184 2388 0.03
366.34 0.00 115892 1744 0.02
365.00 0.00 123184 2452 0.03
362.75 0.00 115892 1824 0.02
366.34 0.00 115892 1836 0.02
357.43 0.00 123184 2188 0.03
121.78 0.00 17372 1736 0.02
289.11 0.00 123184 2028 0.02
364.36 0.00 115892 1756 0.02
369.00 0.00 115892 1788 0.02
357.43 0.00 123184 2208 0.03
366.34 0.00 115892 1768 0.02
366.34 0.00 115892 1924 0.02
307.92 0.00 123184 2304 0.03
355.45 0.00 123184 2356 0.03
365.35 0.00 115892 1696 0.02
366.34 0.00 115892 1740 0.02
170.30 0.00 119408 1764 0.02
361.76 0.00 115892 1716 0.02
365.35 0.00 115892 1792 0.02
366.34 0.00 115892 1688 0.02
365.35 0.00 115892 1712 0.02
366.34 0.00 115892 1740 0.02
358.00 0.00 123184 2336 0.03
363.37 0.00 123184 2568 0.03
364.36 0.00 115892 1772 0.02
364.36 0.00 115892 1760 0.02
365.35 0.00 115892 1824 0.02
364.36 0.00 115892 1872 0.02
367.33 0.00 0 0 0.00
170.30 0.00 122924 1684 0.02
354.46 0.00 123184 2336 0.03
365.35 0.00 115892 1720 0.02
259.41 0.00 123184 1972 0.02
356.44 0.00 123184 2288 0.03
351.96 0.00 123184 2340 0.03
355.45 0.00 123184 2192 0.03
366.34 0.00 115892 1784 0.02
365.35 0.00 115892 1784 0.02
357.43 0.00 123184 2184 0.03
356.44 0.00 123184 2188 0.03
355.45 0.00 123184 2240 0.03
356.44 0.00 123184 2256 0.03
364.36 0.00 115892 1756 0.02
364.36 0.00 115892 1868 0.02
363.37 0.00 115892 1756 0.02
137.25 0.00 25768 1716 0.02
367.33 0.00 115892 1924 0.02
356.44 0.00 123184 2188 0.03
366.34 0.00 115892 1720 0.02
367.33 0.00 115892 1924 0.02
356.44 0.00 123184 2188 0.03
355.45 0.00 123184 2240 0.03
165.35 0.00 50356 1656 0.02
358.42 0.00 123184 2360 0.03
364.36 0.00 115892 1792 0.02
366.34 0.00 115892 1720 0.02
365.35 0.00 115892 1768 0.02
72.28 0.00 17360 756 0.01
357.43 0.00 123184 2212 0.03
360.40 0.00 123184 2236 0.03
369.00 0.00 115892 1868 0.02
357.43 0.00 123184 2208 0.03
360.78 0.00 115892 1760 0.02
369.00 0.00 115892 1772 0.02
358.42 0.00 123184 2184 0.03
365.35 0.00 115892 1712 0.02
366.34 0.00 115892 1712 0.02
367.33 0.00 115892 1744 0.02
366.34 0.00 115892 1744 0.02
139.60 0.00 25768 1776 0.02
358.42 0.00 123184 2184 0.03
355.45 0.00 123184 2188 0.03
370.00 0.00 115892 1724 0.02
366.34 0.00 115892 1768 0.02
365.35 0.00 115892 1712 0.02
102.97 0.00 17376 708 0.01
365.35 0.00 115892 1724 0.02
365.35 0.00 115892 1708 0.02
367.33 0.00 115892 1692 0.02
365.35 0.00 115892 1720 0.02
349.50 0.00 123184 2224 0.03
355.45 0.00 123184 2360 0.03
357.43 0.00 123184 2184 0.03
356.44 0.00 123184 2184 0.03
363.37 0.00 115892 1892 0.02
370.00 0.00 115892 1700 0.02
365.35 0.00 115892 1724 0.02
356.44 0.00 123184 2212 0.03
364.36 0.00 115892 1760 0.02
360.40 0.00 123184 2292 0.03
367.33 0.00 115892 1716 0.02
365.35 0.00 115892 1772 0.02
370.30 0.00 0 0 0.00
356.44 0.00 123184 2144 0.03
355.45 0.00 123184 2356 0.03
356.44 0.00 123184 2188 0.03
366.34 0.00 115892 1716 0.02
355.45 0.00 123184 2336 0.03
365.35 0.00 115892 1784 0.02
365.35 0.00 115892 1712 0.02
354.46 0.00 123184 2240 0.03
364.36 0.00 115892 1892 0.02
354.46 0.00 123184 2236 0.03
354.46 0.00 123184 2356 0.03
365.35 0.00 115892 1756 0.02
366.34 0.00 115892 1700 0.02
365.35 0.00 115892 1772 0.02
365.35 0.00 115892 1716 0.02
369.31 0.00 0 0 0.00
358.42 0.00 123184 2192 0.03
367.33 0.00 115892 1920 0.02
364.36 0.00 115892 1768 0.02
364.36 0.00 115892 1868 0.02
360.40 0.00 123184 2248 0.03
138.61 0.00 25768 1652 0.02
359.41 0.00 123184 2192 0.03
368.00 0.00 115892 1872 0.02
369.00 0.00 115892 1888 0.02
365.35 0.00 115892 1788 0.02
361.39 0.00 123184 2488 0.03
366.34 0.00 115892 1772 0.02
141.58 0.00 33964 1668 0.02
357.43 0.00 123184 2184 0.03
355.45 0.00 123184 2288 0.03
364.36 0.00 115892 1868 0.02
364.36 0.00 115892 1760 0.02
352.94 0.00 123184 2192 0.03
133.66 0.00 17572 1836 0.02
357.43 0.00 123184 2252 0.03
366.34 0.00 115892 1816 0.02
364.36 0.00 115892 1760 0.02
367.33 0.00 115892 1720 0.02
369.31 0.00 0 0 0.00
162.75 0.00 50356 1712 0.02
356.44 0.00 123184 2300 0.03
365.35 0.00 115892 1832 0.02
366.34 0.00 115892 1796 0.02
223.76 0.00 123184 1732 0.02
367.33 0.00 115892 1920 0.02
362.75 0.00 115892 1716 0.02
366.34 0.00 115892 1788 0.02
366.34 0.00 115892 1784 0.02
366.34 0.00 115892 1716 0.02
365.35 0.00 115892 1772 0.02
366.34 0.00 115892 1728 0.02
361.76 0.00 115892 1720 0.02
365.35 0.00 115892 1720 0.02
105.94 0.00 17376 752 0.01
356.44 0.00 123184 2180 0.03
363.37 0.00 123184 2416 0.03
363.37 0.00 115892 1756 0.02
365.35 0.00 115892 1720 0.02
358.42 0.00 123184 2212 0.03
357.43 0.00 123184 2184 0.03
356.44 0.00 123184 2288 0.03
360.00 0.00 123184 2188 0.03
366.34 0.00 115892 1712 0.02
364.36 0.00 115892 1768 0.02
358.42 0.00 123184 2392 0.03
370.00 0.00 115892 1832 0.02
358.42 0.00 123184 2180 0.03
366.34 0.00 115892 1744 0.02
364.36 0.00 115892 1724 0.02
365.35 0.00 115892 1792 0.02
366.34 0.00 115892 1744 0.02
361.00 0.00 123184 2212 0.03
355.45 0.00 123184 2224 0.03
355.45 0.00 123184 2240 0.03
364.36 0.00 115892 1792 0.02
369.31 0.00 0 0 0.00
365.35 0.00 115892 1824 0.02
356.44 0.00 123184 2188 0.03
365.35 0.00 115892 1772 0.02
361.39 0.00 123184 2184 0.03
366.34 0.00 115892 1788 0.02
364.36 0.00 115892 1872 0.02
355.45 0.00 123184 2240 0.03
357.43 0.00 123184 2212 0.03
366.34 0.00 115892 1772 0.02
357.43 0.00 123184 2304 0.03
366.34 0.00 115892 1888 0.02
367.33 0.00 115892 1924 0.02
356.44 0.00 123184 2180 0.03
132.35 0.00 17572 1712 0.02
357.43 0.00 123184 2180 0.03
365.35 0.00 115892 1740 0.02
353.92 0.00 123184 2184 0.03
367.33 0.00 115892 1712 0.02
365.35 0.00 115892 1868 0.02
368.32 0.00 115892 1924 0.02
360.78 0.00 115892 1756 0.02
137.25 0.00 25768 1712 0.02
370.00 0.00 115892 1792 0.02
357.43 0.00 123184 2256 0.03
368.00 0.00 115892 1792 0.02
366.34 0.00 115892 1744 0.02
357.43 0.00 123184 2240 0.03
357.43 0.00 123184 2260 0.03
355.45 0.00 123184 2220 0.03
361.00 0.00 123184 2208 0.03
368.32 0.00 115892 1920 0.02
369.00 0.00 115892 1756 0.02
365.35 0.00 115892 1740 0.02
364.36 0.00 115892 1892 0.02
356.44 0.00 123184 2256 0.03
356.44 0.00 123184 2188 0.03
362.75 0.00 123184 2176 0.03
366.34 0.00 115892 1736 0.02
365.35 0.00 115892 1740 0.02
365.35 0.00 115892 1724 0.02
362.75 0.00 115892 1836 0.02
357.43 0.00 123184 2208 0.03
370.30 0.00 0 0 0.00
366.34 0.00 115892 1712 0.02
366.34 0.00 115892 1740 0.02
365.35 0.00 115892 1720 0.02
356.44 0.00 123184 2356 0.03
367.33 0.00 115892 1920 0.02
356.44 0.00 123184 2180 0.03
361.39 0.00 123184 2464 0.03
365.35 0.00 115892 1720 0.02
364.36 0.00 115892 1824 0.02
365.35 0.00 115892 1792 0.02
356.44 0.00 123184 2300 0.03
356.44 0.00 123184 2336 0.03
357.43 0.00 123184 2188 0.03
364.36 0.00 115892 1724 0.02
365.35 0.00 115892 1712 0.02
364.36 0.00 115892 1712 0.02
363.37 0.00 115892 1760 0.02
355.45 0.00 123184 2260 0.03
356.44 0.00 123184 2188 0.03
365.35 0.00 115892 1716 0.02
367.33 0.00 115892 1716 0.02
366.34 0.00 115892 1768 0.02
354.46 0.00 123184 2224 0.03
365.69 0.00 0 0 0.00
364.36 0.00 115892 1756 0.02
361.00 0.00 123184 2184 0.03
357.43 0.00 123184 2184 0.03
356.44 0.00 123184 2208 0.03
364.36 0.00 115892 1824 0.02
364.36 0.00 115892 1892 0.02
366.34 0.00 115892 1720 0.02
357.43 0.00 123184 2296 0.03
366.34 0.00 115892 1724 0.02
365.35 0.00 115892 1832 0.02
356.44 0.00 123184 2184 0.03
366.34 0.00 115892 1824 0.02
366.34 0.00 115892 1712 0.02
369.00 0.00 115892 1892 0.02
358.42 0.00 123184 2300 0.03
366.34 0.00 115892 1788 0.02
365.35 0.00 115892 1792 0.02
365.35 0.00 115892 1724 0.02
365.35 0.00 115892 1824 0.02
364.36 0.00 115892 1892 0.02
258.42 0.00 123184 1920 0.02
180.20 0.00 123184 1688 0.02
365.35 0.00 115892 1772 0.02
361.39 0.00 123184 2240 0.03
365.35 0.00 115892 1708 0.02
357.43 0.00 123184 2264 0.03
351.49 0.00 123184 2336 0.03
365.35 0.00 115892 1816 0.02
364.36 0.00 115892 1840 0.02
366.34 0.00 115892 1712 0.02
366.34 0.00 115892 1724 0.02
355.45 0.00 123184 2240 0.03
370.00 0.00 115892 1836 0.02
365.35 0.00 115892 1724 0.02
357.43 0.00 123184 2184 0.03
361.76 0.00 115892 1792 0.02
364.36 0.00 123184 2500 0.03
364.36 0.00 115892 1872 0.02
365.35 0.00 115892 1756 0.02
375.00 0.00 0 0 0.00
368.32 0.00 0 0 0.00
358.42 0.00 123184 2336 0.03
365.35 0.00 115892 1792 0.02
366.34 0.00 115892 1832 0.02
366.34 0.00 115892 1716 0.02
361.76 0.00 115892 1716 0.02
365.35 0.00 115892 1784 0.02
356.44 0.00 123184 2304 0.03
367.33 0.00 115892 1712 0.02
358.42 0.00 123184 2188 0.03
366.34 0.00 115892 1772 0.02
367.33 0.00 115892 1832 0.02
180.20 0.00 123184 1656 0.02
264.36 0.00 123184 1940 0.02
365.35 0.00 115892 1792 0.02
365.35 0.00 115892 1824 0.02
361.76 0.00 115892 1804 0.02
365.35 0.00 115892 1768 0.02
367.33 0.00 115892 1744 0.02
182.35 0.00 123184 1664 0.02
139.60 0.00 25768 1684 0.02
357.43 0.00 123184 2268 0.03
365.35 0.00 115892 1744 0.02
366.34 0.00 115892 1820 0.02
364.36 0.00 115892 1820 0.02
368.32 0.00 0 0 0.00
351.96 0.00 123184 2176 0.03
358.42 0.00 123184 2300 0.03
365.35 0.00 115892 1784 0.02
362.75 0.00 115892 1772 0.02
361.76 0.00 115892 1720 0.02
260.40 0.00 123184 2072 0.03
366.34 0.00 115892 1712 0.02
287.13 0.00 123184 1976 0.02
363.37 0.00 123184 2388 0.03
365.35 0.00 115892 1712 0.02
355.45 0.00 123184 2292 0.03
361.39 0.00 123184 2188 0.03
353.92 0.00 123184 2252 0.03
122.77 0.00 17372 1712 0.02
355.45 0.00 123184 2236 0.03
365.35 0.00 115892 1888 0.02
367.33 0.00 115892 1920 0.02
359.41 0.00 123184 2336 0.03
354.90 0.00 123184 2184 0.03
312.87 0.00 123184 2176 0.03
365.00 0.00 123184 2288 0.03
359.80 0.00 115892 1868 0.02
365.35 0.00 115892 1832 0.02
357.43 0.00 123184 2288 0.03
141.58 0.00 33964 1668 0.02
188.12 0.00 123184 1780 0.02
366.34 0.00 115892 1716 0.02
366.34 0.00 115892 1708 0.02
365.35 0.00 115892 1788 0.02
365.35 0.00 115892 1744 0.02
139.22 0.00 25768 1688 0.02
364.36 0.00 119668 2148 0.03
366.34 0.00 115892 1784 0.02
365.35 0.00 115892 1872 0.02
365.35 0.00 115892 1788 0.02
365.35 0.00 115892 1712 0.02
364.36 0.00 115892 1712 0.02
365.35 0.00 115892 1708 0.02
356.44 0.00 123184 2292 0.03
368.00 0.00 115892 1756 0.02
366.34 0.00 115892 1820 0.02
357.43 0.00 123184 2188 0.03
351.96 0.00 123184 2224 0.03
354.46 0.00 123184 2224 0.03
367.33 0.00 115892 1744 0.02
364.36 0.00 115892 1892 0.02
370.00 0.00 115892 1712 0.02
363.37 0.00 115892 1888 0.02
189.11 0.00 123184 1836 0.02
369.00 0.00 115892 1740 0.02
363.37 0.00 115892 1868 0.02
365.35 0.00 115892 1720 0.02
366.34 0.00 115892 1788 0.02
356.86 0.00 123184 2192 0.03
365.35 0.00 115892 1792 0.02
356.44 0.00 123184 2360 0.03
356.44 0.00 123184 2176 0.03
365.35 0.00 115892 1712 0.02
365.35 0.00 115892 1720 0.02
366.34 0.00 115892 1716 0.02
366.34 0.00 115892 1716 0.02
354.46 0.00 123184 2236 0.03
357.43 0.00 123184 2256 0.03
364.36 0.00 115892 1788 0.02
366.34 0.00 115892 1720 0.02
358.42 0.00 123184 2392 0.03
263.37 0.00 123184 2096 0.03
281.19 0.00 123184 2096 0.03
353.92 0.00 123184 2184 0.03
366.34 0.00 115892 1800 0.02
366.34 0.00 115892 1768 0.02
364.36 0.00 115892 1788 0.02
359.41 0.00 123184 2180 0.03
170.30 0.00 119408 1868 0.02
366.34 0.00 115892 1720 0.02
82.18 0.00 17376 748 0.01
360.00 0.00 123184 2168 0.03
367.33 0.00 115892 1744 0.02
369.31 0.00 0 0 0.00
186.14 0.00 123184 1652 0.02
366.34 0.00 115892 1720 0.02
361.39 0.00 123184 2184 0.03
367.33 0.00 115892 1924 0.02
367.33 0.00 115892 1744 0.02
364.36 0.00 115892 1760 0.02
