0.99 0.00 0.00 0.00 0.99
0.99 0.00 0.00 0.00 0.99
0.99 0.00 0.00 0.00 0.99
1.98 0.00 0.00 0.00 1.98
0.99 0.00 0.00 0.00 0.99
0.99 0.00 0.00 0.00 0.99
0.99 0.00 0.00 0.00 0.99
0.99 0.00 0.00 0.00 0.99
1.00 0.00 0.00 0.00 1.00
1.98 0.00 0.00 0.00 1.98
0.99 0.00 0.00 0.00 0.99
0.99 0.00 0.00 0.00 0.99
0.99 0.00 0.00 0.00 0.99
0.99 0.00 0.00 0.00 0.99
0.99 0.00 0.00 0.00 0.99
0.99 0.00 0.00 0.00 0.99
0.99 0.00 0.00 0.00 0.99
0.99 0.00 0.00 0.00 0.99
1.00 0.00 0.00 0.00 1.00
1.00 0.00 0.00 0.00 1.00
0.99 0.00 0.00 0.00 0.99
0.99 0.00 0.00 0.00 0.99
0.99 0.00 0.00 0.00 0.99
0.99 0.00 0.00 0.99 0.99
0.99 0.00 0.00 0.00 0.99
0.99 0.00 0.00 0.00 0.99
0.99 0.00 0.00 0.00 0.99
0.99 0.00 0.00 0.00 0.99
0.99 0.00 0.00 0.00 0.99
0.99 0.00 0.00 0.00 0.99
0.99 0.00 0.00 0.00 0.99
0.99 0.00 0.00 0.00 0.99
0.99 0.00 0.00 0.00 0.99
0.99 0.00 0.00 0.00 0.99
0.99 0.00 0.00 0.00 0.99
0.99 0.00 0.00 0.00 0.99
0.99 0.00 0.00 0.00 0.99
0.99 0.00 0.00 0.00 0.99
1.00 0.00 0.00 0.00 1.00
0.99 0.00 0.00 0.00 0.99
0.99 0.00 0.00 0.00 0.99
0.99 0.00 0.00 0.00 0.99
0.99 0.00 0.00 0.00 0.99
1.00 0.00 0.00 0.00 1.00
0.99 0.00 0.00 0.00 0.99
0.99 0.00 0.00 0.00 0.99
0.99 0.00 0.00 0.00 0.99
0.99 0.00 0.00 0.00 0.99
0.99 0.00 0.00 0.00 0.99
0.99 0.00 0.00 0.00 0.99
2.00 0.00 0.00 0.00 2.00
0.99 0.00 0.00 0.00 0.99
0.99 0.00 0.00 0.00 0.99
1.00 0.00 0.00 0.00 1.00
0.99 0.00 0.00 0.00 0.99
1.00 0.00 0.00 0.00 1.00
1.00 0.00 0.00 0.00 1.00
0.99 0.00 0.00 0.00 0.99
0.99 0.00 0.00 0.00 0.99
0.99 0.00 0.00 0.00 0.99
1.00 0.00 0.00 0.00 1.00
0.99 0.00 0.00 0.00 0.99
0.99 0.00 0.00 0.00 0.99
0.99 0.00 0.00 0.00 0.99
1.00 0.00 0.00 0.00 1.00
1.00 0.00 0.00 0.00 1.00
2.00 0.00 0.00 0.00 2.00
0.99 0.00 0.00 0.00 0.99
0.99 0.00 0.00 0.00 0.99
1.98 0.00 0.00 0.00 1.98
0.99 0.00 0.00 0.00 0.99
0.99 0.00 0.00 0.00 0.99
0.99 0.00 0.00 0.00 0.99
0.99 0.00 0.00 0.00 0.99
1.00 0.00 0.00 0.00 1.00
0.99 0.00 0.00 0.00 0.99
0.99 0.00 0.00 0.00 0.99
0.99 0.00 0.00 0.00 0.99
0.99 0.00 0.00 0.00 0.99
1.00 0.00 0.00 0.00 1.00
0.99 0.00 0.00 0.00 0.99
0.99 0.00 0.00 0.00 0.99
0.99 0.00 0.00 0.00 0.99
0.99 0.00 0.00 0.00 0.99
0.99 0.00 0.00 0.00 0.99
0.99 0.00 0.00 0.00 0.99
0.99 0.00 0.00 0.00 0.99
0.99 0.00 0.00 0.00 0.99
0.99 0.00 0.00 0.00 0.99
0.99 0.00 0.00 0.00 0.99
1.00 0.00 0.00 0.00 1.00
0.99 0.00 0.00 0.00 0.99
0.99 0.00 0.00 0.00 0.99
0.99 0.00 0.00 0.00 0.99
1.00 0.00 0.00 0.00 1.00
0.99 0.00 0.00 0.00 0.99
0.99 0.00 0.00 0.00 0.99
1.00 0.00 0.00 0.00 1.00
0.99 0.00 0.00 0.00 0.99
0.99 0.00 0.00 0.00 0.99
0.99 0.00 0.00 0.00 0.99
1.00 0.00 0.00 0.00 1.00
0.99 0.00 0.00 0.00 0.99
0.99 0.00 0.00 0.00 0.99
0.99 0.00 0.00 0.00 0.99
0.99 0.00 0.00 0.00 0.99
0.99 0.00 0.00 0.00 0.99
0.99 0.00 0.00 0.00 0.99
1.00 0.00 0.00 0.00 1.00
1.00 0.00 0.00 0.00 1.00
0.99 0.00 0.00 0.00 0.99
0.99 0.00 0.00 0.00 0.99
0.99 0.00 0.00 0.00 0.99
0.99 0.00 0.00 0.00 0.99
0.99 0.00 0.00 0.00 0.99
0.99 0.00 0.00 0.00 0.99
0.99 0.00 0.00 0.00 0.99
0.99 0.00 0.00 0.00 0.99
1.00 0.00 0.00 0.00 1.00
0.99 0.00 0.00 0.00 0.99
1.00 0.00 0.00 0.00 1.00
1.98 0.00 0.00 1.98 1.98
0.99 0.00 0.00 0.00 0.99
0.99 0.00 0.00 0.00 0.99
0.99 0.00 0.00 0.00 0.99
0.99 0.00 0.00 0.00 0.99
0.99 0.00 0.00 0.00 0.99
0.99 0.00 0.00 0.00 0.99
0.99 0.00 0.00 0.00 0.99
0.99 0.00 0.00 0.00 0.99
0.99 0.00 0.00 0.00 0.99
0.99 0.00 0.00 0.00 0.99
0.99 0.00 0.00 0.00 0.99
0.99 0.00 0.00 1.98 0.99
0.99 0.00 0.00 0.00 0.99
1.00 0.00 0.00 0.00 1.00
