365.35 0.00 115892 1716 0.02
365.35 0.00 115892 1888 0.02
361.00 0.00 123184 2176 0.03
138.61 0.00 25768 1764 0.02
356.44 0.00 123184 2188 0.03
365.35 0.00 115892 1772 0.02
365.35 0.00 115892 1772 0.02
368.00 0.00 115892 1756 0.02
361.76 0.00 115892 1716 0.02
363.37 0.00 115892 1888 0.02
357.43 0.00 123184 2268 0.03
361.39 0.00 123184 2260 0.03
360.40 0.00 123184 2192 0.03
365.35 0.00 116152 2052 0.03
351.96 0.00 123184 2208 0.03
366.34 0.00 115892 1892 0.02
359.41 0.00 123184 2388 0.03
358.42 0.00 123184 2184 0.03
365.35 0.00 115892 1736 0.02
370.00 0.00 115892 1784 0.02
363.73 0.00 115892 1712 0.02
360.78 0.00 115892 1760 0.02
361.39 0.00 123184 2292 0.03
365.35 0.00 115892 1716 0.02
365.35 0.00 115892 1716 0.02
366.34 0.00 115892 1708 0.02
366.34 0.00 115892 1716 0.02
366.34 0.00 115892 1716 0.02
354.90 0.00 123184 2388 0.03
357.43 0.00 123184 2180 0.03
366.34 0.00 115892 1784 0.02
363.37 0.00 115892 1760 0.02
369.00 0.00 115892 1888 0.02
366.34 0.00 115892 1720 0.02
354.46 0.00 123184 2224 0.03
355.45 0.00 123184 2356 0.03
363.37 0.00 115892 1888 0.02
367.33 0.00 115892 1868 0.02
365.35 0.00 115892 1792 0.02
369.00 0.00 115892 1872 0.02
365.35 0.00 115892 1784 0.02
357.43 0.00 123184 2392 0.03
357.43 0.00 123184 2304 0.03
358.42 0.00 123184 2184 0.03
367.33 0.00 115892 1744 0.02
362.75 0.00 115892 1716 0.02
366.34 0.00 115892 1724 0.02
361.39 0.00 123184 2520 0.03
355.45 0.00 123184 2336 0.03
364.36 0.00 115892 1824 0.02
362.38 0.00 123184 2152 0.03
364.36 0.00 115892 1756 0.02
369.00 0.00 115892 1720 0.02
355.45 0.00 123184 2192 0.03
355.45 0.00 123184 2240 0.03
366.34 0.00 123184 2264 0.03
366.34 0.00 115892 1712 0.02
364.36 0.00 115892 1724 0.02
354.90 0.00 123184 2184 0.03
368.32 0.00 0 0 0.00
363.37 0.00 115892 1868 0.02
367.33 0.00 115892 1712 0.02
366.34 0.00 115892 1720 0.02
366.34 0.00 115892 1920 0.02
365.35 0.00 115892 1716 0.02
370.00 0.00 115892 1836 0.02
288.12 0.00 123184 1996 0.02
364.36 0.00 115892 1760 0.02
367.33 0.00 115892 1716 0.02
363.37 0.00 115892 1756 0.02
357.43 0.00 123184 2188 0.03
356.44 0.00 123184 2192 0.03
365.35 0.00 115892 1820 0.02
365.35 0.00 115892 1724 0.02
365.35 0.00 115892 1724 0.02
365.35 0.00 115892 1824 0.02
365.35 0.00 115892 1880 0.02
360.00 0.00 123184 2304 0.03
366.34 0.00 115892 1744 0.02
355.45 0.00 123184 2240 0.03
360.78 0.00 115892 1868 0.02
367.33 0.00 115892 1924 0.02
364.36 0.00 115892 1824 0.02
181.19 0.00 123184 1660 0.02
367.33 0.00 115892 1740 0.02
367.33 0.00 115892 1740 0.02
365.35 0.00 115892 1788 0.02
367.33 0.00 115892 1720 0.02
358.42 0.00 123184 2388 0.03
366.34 0.00 115892 1712 0.02
356.44 0.00 123184 2240 0.03
131.68 0.00 17572 1660 0.02
366.34 0.00 115892 1792 0.02
366.34 0.00 115892 1836 0.02
370.00 0.00 115892 1716 0.02
364.36 0.00 115892 1712 0.02
364.36 0.00 115892 1724 0.02
288.12 0.00 123184 1916 0.02
356.44 0.00 123184 2192 0.03
365.35 0.00 115892 1772 0.02
365.35 0.00 115892 1792 0.02
361.76 0.00 115892 1716 0.02
369.31 0.00 0 0 0.00
357.43 0.00 123184 2392 0.03
365.35 0.00 115892 1712 0.02
356.44 0.00 123184 2360 0.03
357.43 0.00 123184 2260 0.03
72.28 0.00 17364 744 0.01
354.46 0.00 123184 2228 0.03
369.00 0.00 115892 1756 0.02
366.34 0.00 115892 1724 0.02
365.35 0.00 115892 1720 0.02
369.00 0.00 115892 1788 0.02
356.44 0.00 123184 2240 0.03
364.36 0.00 115892 1720 0.02
355.45 0.00 123184 2224 0.03
365.35 0.00 115892 1712 0.02
367.33 0.00 115892 1832 0.02
371.00 0.00 115892 1832 0.02
365.35 0.00 115892 1828 0.02
364.36 0.00 115892 1720 0.02
366.34 0.00 115892 1708 0.02
359.41 0.00 123184 2388 0.03
356.44 0.00 123184 2236 0.03
365.35 0.00 115892 1784 0.02
365.35 0.00 115892 1716 0.02
370.30 0.00 0 0 0.00
358.42 0.00 123184 2184 0.03
358.42 0.00 123184 2392 0.03
364.36 0.00 115892 1888 0.02
365.35 0.00 115892 1788 0.02
355.45 0.00 123184 2356 0.03
357.43 0.00 123184 2372 0.03
363.37 0.00 115892 1872 0.02
351.96 0.00 123184 2228 0.03
357.43 0.00 123184 2240 0.03
367.33 0.00 115892 1800 0.02
365.35 0.00 115892 1872 0.02
365.35 0.00 115892 1724 0.02
366.34 0.00 115892 1792 0.02
356.44 0.00 123184 2192 0.03
63.37 0.00 14252 600 0.01
364.00 0.00 123184 2188 0.03
364.36 0.00 115892 1892 0.02
366.34 0.00 115892 1740 0.02
365.35 0.00 115892 1716 0.02
365.35 0.00 115892 1712 0.02
353.92 0.00 123184 2240 0.03
366.34 0.00 115892 1832 0.02
365.35 0.00 115892 1832 0.02
369.00 0.00 115892 1788 0.02
353.92 0.00 123184 2260 0.03
288.12 0.00 123184 1972 0.02
366.34 0.00 115892 1792 0.02
365.35 0.00 115892 1720 0.02
368.32 0.00 115892 1924 0.02
366.34 0.00 115892 1708 0.02
361.76 0.00 115892 1888 0.02
103.00 0.00 17376 748 0.01
356.44 0.00 123184 2172 0.03
359.41 0.00 123184 2340 0.03
365.35 0.00 115892 1724 0.02
366.34 0.00 115892 1712 0.02
356.44 0.00 123184 2224 0.03
139.60 0.00 25768 1660 0.02
363.00 0.00 123184 2336 0.03
364.36 0.00 115892 1892 0.02
366.34 0.00 115892 1792 0.02
358.42 0.00 123184 2392 0.03
360.40 0.00 123184 2188 0.03
356.44 0.00 123184 2256 0.03
366.34 0.00 115892 1824 0.02
365.35 0.00 115892 1824 0.02
364.36 0.00 115892 1868 0.02
367.33 0.00 115892 1832 0.02
363.37 0.00 115892 1888 0.02
366.34 0.00 115892 1768 0.02
363.37 0.00 115892 1872 0.02
364.36 0.00 115892 1720 0.02
366.34 0.00 115892 1836 0.02
365.35 0.00 115892 1724 0.02
368.00 0.00 115892 1756 0.02
357.43 0.00 123184 2192 0.03
135.29 0.00 25768 1764 0.02
370.00 0.00 115892 1720 0.02
356.44 0.00 123184 2192 0.03
364.36 0.00 115892 1712 0.02
360.40 0.00 123184 2236 0.03
363.37 0.00 115892 1892 0.02
368.32 0.00 115892 1920 0.02
355.45 0.00 123184 2224 0.03
356.44 0.00 123184 2256 0.03
366.34 0.00 115892 1716 0.02
364.36 0.00 115892 1888 0.02
366.34 0.00 115892 1832 0.02
364.36 0.00 115892 1888 0.02
364.36 0.00 115892 1756 0.02
165.35 0.00 50356 1652 0.02
121.78 0.00 17372 1704 0.02
363.37 0.00 115892 1892 0.02
365.35 0.00 115892 1768 0.02
357.43 0.00 123184 2188 0.03
357.43 0.00 123184 2196 0.03
366.34 0.00 115892 1744 0.02
356.44 0.00 123184 2240 0.03
365.35 0.00 115892 1712 0.02
365.35 0.00 115892 1788 0.02
352.94 0.00 123184 2184 0.03
356.44 0.00 123184 2180 0.03
366.34 0.00 115892 1712 0.02
371.00 0.00 115892 1712 0.02
366.34 0.00 115892 1772 0.02
365.35 0.00 115892 1716 0.02
367.33 0.00 115892 1716 0.02
364.36 0.00 115892 1760 0.02
354.46 0.00 123184 2356 0.03
361.76 0.00 115892 1824 0.02
365.35 0.00 115892 1740 0.02
365.35 0.00 115892 1708 0.02
366.34 0.00 115892 1784 0.02
366.34 0.00 115892 1716 0.02
356.44 0.00 123184 2288 0.03
365.35 0.00 115892 1716 0.02
368.32 0.00 115892 1920 0.02
366.34 0.00 115892 1712 0.02
354.90 0.00 123184 2184 0.03
358.42 0.00 123184 2220 0.03
366.34 0.00 115892 1716 0.02
366.34 0.00 115892 1720 0.02
370.30 0.00 0 0 0.00
366.34 0.00 115892 1720 0.02
139.60 0.00 25768 1664 0.02
138.61 0.00 25768 1732 0.02
364.36 0.00 115892 1892 0.02
366.34 0.00 115892 1704 0.02
365.35 0.00 115892 1720 0.02
354.46 0.00 123184 2356 0.03
356.44 0.00 123184 2324 0.03
364.36 0.00 115892 1712 0.02
366.34 0.00 115892 1740 0.02
355.45 0.00 123184 2288 0.03
137.62 0.00 25768 1716 0.02
355.45 0.00 123184 2228 0.03
366.34 0.00 115892 1712 0.02
365.35 0.00 115892 1784 0.02
369.00 0.00 115892 1788 0.02
364.36 0.00 115892 1820 0.02
351.96 0.00 123184 2224 0.03
366.34 0.00 115892 1760 0.02
352.94 0.00 123184 2192 0.03
367.33 0.00 115892 1740 0.02
366.34 0.00 115892 1784 0.02
367.33 0.00 115892 1800 0.02
367.33 0.00 0 0 0.00
356.44 0.00 123184 2340 0.03
365.35 0.00 115892 1784 0.02
365.35 0.00 115892 1740 0.02
361.76 0.00 115892 1820 0.02
364.36 0.00 115892 1756 0.02
178.43 0.00 123184 1736 0.02
361.76 0.00 115892 1724 0.02
360.00 0.00 123184 2236 0.03
365.35 0.00 115892 1888 0.02
356.44 0.00 123184 2292 0.03
358.42 0.00 123184 2300 0.03
366.34 0.00 115892 1740 0.02
364.36 0.00 115892 1756 0.02
369.00 0.00 115892 1700 0.02
364.36 0.00 115892 1708 0.02
356.44 0.00 123184 2212 0.03
102.97 0.00 17376 748 0.01
357.43 0.00 123184 2212 0.03
357.43 0.00 123184 2256 0.03
355.45 0.00 123184 2336 0.03
357.43 0.00 123184 2188 0.03
357.43 0.00 123184 2236 0.03
364.36 0.00 115892 1860 0.02
356.44 0.00 123184 2188 0.03
365.35 0.00 115892 1820 0.02
365.35 0.00 115892 1740 0.02
364.36 0.00 115892 1700 0.02
357.43 0.00 123184 2236 0.03
357.43 0.00 123184 2256 0.03
366.34 0.00 115892 1720 0.02
355.45 0.00 123184 2208 0.03
363.37 0.00 115892 1840 0.02
366.34 0.00 115892 1716 0.02
369.31 0.00 0 0 0.00
357.43 0.00 123184 2208 0.03
187.13 0.00 123184 1664 0.02
359.41 0.00 123184 2392 0.03
365.35 0.00 115892 1720 0.02
366.34 0.00 115892 1712 0.02
367.33 0.00 115892 1920 0.02
358.42 0.00 123184 2264 0.03
357.43 0.00 123184 2288 0.03
101.98 0.00 17376 760 0.01
364.36 0.00 115892 1720 0.02
366.34 0.00 115892 1720 0.02
372.00 0.00 115892 1920 0.02
366.34 0.00 115892 1832 0.02
121.78 0.00 17372 1644 0.02
358.42 0.00 123184 2208 0.03
365.35 0.00 115892 1784 0.02
365.35 0.00 115892 1824 0.02
367.33 0.00 0 0 0.00
54.46 0.00 4640 296 0.00
364.00 0.00 123184 2340 0.03
363.37 0.00 123184 2472 0.03
364.36 0.00 115892 1724 0.02
365.35 0.00 115892 1720 0.02
364.36 0.00 115892 1716 0.02
360.40 0.00 123184 2360 0.03
353.47 0.00 123184 2228 0.03
365.35 0.00 115892 1716 0.02
356.44 0.00 123184 2288 0.03
366.34 0.00 115892 1724 0.02
357.84 0.00 123184 2444 0.03
361.76 0.00 115892 1716 0.02
367.33 0.00 115892 1924 0.02
361.39 0.00 123184 2304 0.03
356.44 0.00 123184 2248 0.03
365.35 0.00 115892 1820 0.02
365.35 0.00 115892 1760 0.02
365.35 0.00 115892 1824 0.02
356.44 0.00 123184 2304 0.03
356.44 0.00 123184 2192 0.03
364.36 0.00 115892 1892 0.02
365.35 0.00 115892 1840 0.02
366.34 0.00 115892 1744 0.02
365.35 0.00 115892 1772 0.02
365.35 0.00 115892 1768 0.02
358.42 0.00 123184 2392 0.03
360.40 0.00 123184 2188 0.03
365.35 0.00 115892 1724 0.02
361.00 0.00 123184 2184 0.03
360.78 0.00 115892 1708 0.02
355.45 0.00 123184 2356 0.03
367.33 0.00 115892 1712 0.02
366.34 0.00 115892 1836 0.02
366.34 0.00 115892 1716 0.02
366.34 0.00 115892 1712 0.02
361.76 0.00 115892 1712 0.02
101.98 0.00 17376 708 0.01
372.00 0.00 0 0 0.00
366.34 0.00 115892 1704 0.02
366.34 0.00 115892 1740 0.02
123.00 0.00 17372 1716 0.02
357.43 0.00 123184 2208 0.03
357.43 0.00 123184 2208 0.03
365.35 0.00 115892 1824 0.02
367.33 0.00 115892 1716 0.02
365.35 0.00 115892 1720 0.02
359.41 0.00 123184 2340 0.03
351.96 0.00 123184 2236 0.03
365.35 0.00 115892 1824 0.02
367.33 0.00 115892 1920 0.02
367.33 0.00 115892 1836 0.02
364.36 0.00 115892 1720 0.02
366.34 0.00 115892 1716 0.02
365.35 0.00 115892 1724 0.02
183.33 0.00 123184 1656 0.02
357.43 0.00 123184 2180 0.03
362.38 0.00 123184 2436 0.03
366.34 0.00 115892 1832 0.02
366.34 0.00 115892 1692 0.02
356.44 0.00 123184 2188 0.03
371.29 0.00 0 0 0.00
369.00 0.00 115892 1824 0.02
365.35 0.00 115892 1720 0.02
364.36 0.00 115892 1872 0.02
365.35 0.00 115892 1724 0.02
364.36 0.00 115892 1788 0.02
362.75 0.00 115892 1740 0.02
357.43 0.00 123184 2288 0.03
363.73 0.00 115892 1920 0.02
356.44 0.00 123184 2236 0.03
357.43 0.00 123184 2188 0.03
265.35 0.00 123184 1920 0.02
358.42 0.00 123184 2212 0.03
356.44 0.00 123184 2208 0.03
355.45 0.00 123184 2292 0.03
369.00 0.00 115892 1792 0.02
361.76 0.00 115892 1788 0.02
357.43 0.00 123184 2260 0.03
365.35 0.00 115892 1712 0.02
355.45 0.00 123184 2336 0.03
357.43 0.00 123184 2180 0.03
56.00 0.00 4640 296 0.00
366.34 0.00 115892 1708 0.02
371.00 0.00 115892 1720 0.02
366.34 0.00 115892 1744 0.02
366.34 0.00 115892 1712 0.02
367.33 0.00 115892 1920 0.02
364.36 0.00 115892 1768 0.02
368.00 0.00 115892 1868 0.02
355.45 0.00 123184 2192 0.03
362.75 0.00 115892 1716 0.02
361.39 0.00 123184 2604 0.03
365.35 0.00 115892 1708 0.02
363.37 0.00 115892 1868 0.02
360.40 0.00 123184 2180 0.03
356.44 0.00 123184 2360 0.03
364.36 0.00 115892 1720 0.02
357.43 0.00 123184 2188 0.03
364.36 0.00 115892 1716 0.02
356.44 0.00 123184 2172 0.03
366.34 0.00 115892 1796 0.02
355.45 0.00 123184 2260 0.03
362.38 0.00 123184 2388 0.03
371.00 0.00 115892 1692 0.02
365.35 0.00 115892 1772 0.02
352.94 0.00 123184 2240 0.03
139.60 0.00 25768 1868 0.02
117.00 0.00 17372 1716 0.02
364.36 0.00 115892 1712 0.02
361.76 0.00 115892 1824 0.02
355.45 0.00 123184 2356 0.03
365.35 0.00 115892 1740 0.02
357.43 0.00 123184 2180 0.03
364.36 0.00 115892 1708 0.02
366.34 0.00 115892 1792 0.02
364.36 0.00 115892 1768 0.02
365.35 0.00 115892 1724 0.02
359.00 0.00 123184 2184 0.03
366.34 0.00 115892 1740 0.02
355.45 0.00 123184 2240 0.03
363.37 0.00 115892 1888 0.02
166.34 0.00 50356 1776 0.02
103.96 0.00 17376 760 0.01
358.42 0.00 123184 2388 0.03
365.35 0.00 115892 1720 0.02
359.00 0.00 123184 2288 0.03
365.35 0.00 115892 1720 0.02
358.42 0.00 123184 2376 0.03
145.54 0.00 50356 1656 0.02
357.43 0.00 123184 2304 0.03
359.00 0.00 123184 2184 0.03
365.35 0.00 115892 1720 0.02
365.35 0.00 115892 1792 0.02
360.78 0.00 115892 1720 0.02
182.35 0.00 123184 1704 0.02
353.92 0.00 123184 2184 0.03
365.35 0.00 115892 1724 0.02
358.42 0.00 123184 2388 0.03
365.35 0.00 115892 1712 0.02
