366.34 0.00 115892 1868 0.02
365.35 0.00 115892 1760 0.02
68.32 0.00 14252 560 0.01
142.57 0.00 25768 1656 0.02
368.32 0.00 115892 1836 0.02
372.00 0.00 115892 1836 0.02
367.33 0.00 115892 1756 0.02
364.00 0.00 123184 2184 0.03
366.34 0.00 115892 1760 0.02
357.43 0.00 123184 2236 0.03
364.71 0.00 115892 1716 0.02
368.32 0.00 115892 1740 0.02
368.32 0.00 115892 1792 0.02
358.82 0.00 123184 2236 0.03
250.98 0.00 123184 1976 0.02
365.69 0.00 115892 1836 0.02
362.38 0.00 123184 2192 0.03
366.34 0.00 123184 2600 0.03
367.33 0.00 115892 1772 0.02
358.42 0.00 123184 2192 0.03
362.38 0.00 123184 2228 0.03
366.34 0.00 115892 1812 0.02
366.34 0.00 115892 1712 0.02
354.90 0.00 123184 2168 0.03
122.77 0.00 17372 1668 0.02
86.27 0.00 17376 744 0.01
358.42 0.00 123184 2180 0.03
367.33 0.00 115892 1792 0.02
364.36 0.00 123184 2456 0.03
368.32 0.00 115892 1724 0.02
358.42 0.00 123184 2180 0.03
365.69 0.00 115892 1740 0.02
359.41 0.00 123184 2184 0.03
367.33 0.00 115892 1712 0.02
367.33 0.00 115892 1888 0.02
369.31 0.00 115892 1784 0.02
362.38 0.00 123184 2176 0.03
367.33 0.00 115892 1716 0.02
356.44 0.00 123184 2240 0.03
368.32 0.00 115892 1712 0.02
370.30 0.00 0 0 0.00
107.92 0.00 17380 704 0.01
369.31 0.00 115892 1716 0.02
103.96 0.00 17376 748 0.01
361.39 0.00 123184 2180 0.03
367.33 0.00 115892 1724 0.02
372.00 0.00 115892 1716 0.02
365.35 0.00 123184 2388 0.03
167.33 0.00 50356 1660 0.02
139.60 0.00 25768 1712 0.02
367.33 0.00 115892 1672 0.02
360.40 0.00 123184 2388 0.03
367.33 0.00 115892 1716 0.02
122.77 0.00 17372 1664 0.02
358.42 0.00 123184 2176 0.03
360.40 0.00 123184 2388 0.03
370.30 0.00 115892 1924 0.02
371.00 0.00 115892 1784 0.02
366.34 0.00 115892 1824 0.02
367.33 0.00 115892 1708 0.02
363.37 0.00 123184 2564 0.03
358.42 0.00 123184 2236 0.03
369.31 0.00 115892 1720 0.02
367.33 0.00 115892 1888 0.02
359.41 0.00 123184 2256 0.03
353.92 0.00 123184 2336 0.03
367.33 0.00 115892 1712 0.02
366.34 0.00 115892 1872 0.02
357.43 0.00 123184 2260 0.03
363.37 0.00 123184 2212 0.03
371.29 0.00 0 0 0.00
137.62 0.00 17572 1776 0.02
367.33 0.00 115892 1712 0.02
367.33 0.00 115892 1760 0.02
200.99 0.00 123184 1816 0.02
357.43 0.00 123184 2336 0.03
368.32 0.00 115892 1744 0.02
363.37 0.00 123184 2180 0.03
373.27 0.00 0 0 0.00
354.90 0.00 123184 2356 0.03
353.92 0.00 123184 2340 0.03
184.16 0.00 123184 1684 0.02
366.34 0.00 115892 1872 0.02
365.35 0.00 115892 1756 0.02
368.32 0.00 115892 1768 0.02
367.33 0.00 115892 1720 0.02
367.33 0.00 115892 1716 0.02
362.38 0.00 123184 2360 0.03
367.33 0.00 115892 1784 0.02
369.31 0.00 115892 1836 0.02
366.34 0.00 115892 1784 0.02
366.34 0.00 115892 1888 0.02
354.90 0.00 123184 2252 0.03
141.58 0.00 25768 1656 0.02
367.33 0.00 115892 1720 0.02
367.33 0.00 115892 1756 0.02
368.32 0.00 115892 1832 0.02
368.32 0.00 115892 1724 0.02
106.93 0.00 17376 748 0.01
146.53 0.00 50356 1712 0.02
369.31 0.00 115892 1924 0.02
367.33 0.00 115892 1720 0.02
287.13 0.00 123184 2040 0.03
372.28 0.00 0 0 0.00
289.00 0.00 123184 1920 0.02
165.35 0.00 50356 1712 0.02
356.44 0.00 123184 2228 0.03
357.43 0.00 123184 2192 0.03
368.32 0.00 115892 1720 0.02
371.29 0.00 0 0 0.00
135.64 0.00 17572 1736 0.02
273.27 0.00 123184 2096 0.03
359.41 0.00 123184 2188 0.03
367.33 0.00 115892 1872 0.02
369.31 0.00 115892 1924 0.02
358.42 0.00 123184 2192 0.03
358.42 0.00 123184 2340 0.03
273.27 0.00 123184 1920 0.02
367.33 0.00 115892 1716 0.02
362.75 0.00 115892 1756 0.02
362.38 0.00 123184 2336 0.03
368.32 0.00 115892 1772 0.02
140.59 0.00 25768 1864 0.02
359.41 0.00 123184 2196 0.03
143.14 0.00 42160 1764 0.02
366.34 0.00 115892 1756 0.02
369.31 0.00 115892 1716 0.02
367.33 0.00 115892 1700 0.02
367.33 0.00 115892 1712 0.02
359.41 0.00 123184 2300 0.03
141.58 0.00 25768 1716 0.02
359.41 0.00 123184 2288 0.03
370.30 0.00 115892 1924 0.02
368.32 0.00 115892 1752 0.02
358.42 0.00 123184 2228 0.03
357.43 0.00 123184 2240 0.03
353.92 0.00 123184 2360 0.03
363.73 0.00 115892 1824 0.02
365.35 0.00 115892 1828 0.02
368.32 0.00 115892 1924 0.02
180.39 0.00 123184 1664 0.02
104.95 0.00 17376 704 0.01
142.00 0.00 25768 1716 0.02
367.33 0.00 115892 1784 0.02
368.32 0.00 115892 1784 0.02
364.71 0.00 115892 1768 0.02
371.29 0.00 0 0 0.00
357.43 0.00 123184 2192 0.03
362.00 0.00 123184 2256 0.03
367.33 0.00 115892 1716 0.02
365.35 0.00 123184 2452 0.03
354.90 0.00 123184 2256 0.03
140.59 0.00 25768 1812 0.02
184.16 0.00 123184 1664 0.02
363.37 0.00 123184 2192 0.03
367.33 0.00 115892 1708 0.02
366.34 0.00 115892 1740 0.02
364.71 0.00 115892 1720 0.02
368.63 0.00 0 0 0.00
363.37 0.00 123184 2240 0.03
367.33 0.00 115892 1720 0.02
370.30 0.00 115892 1920 0.02
359.41 0.00 123184 2188 0.03
42.16 0.00 352 4 0.00
356.44 0.00 123184 2336 0.03
359.41 0.00 123184 2236 0.03
367.33 0.00 115892 1724 0.02
369.31 0.00 115892 1744 0.02
369.31 0.00 115892 1920 0.02
187.13 0.00 123184 1656 0.02
368.32 0.00 115892 1792 0.02
139.60 0.00 25768 1764 0.02
120.79 0.00 17372 1836 0.02
366.34 0.00 115892 1892 0.02
367.33 0.00 115892 1712 0.02
371.00 0.00 115892 1768 0.02
361.39 0.00 123184 2188 0.03
359.41 0.00 123184 2180 0.03
367.33 0.00 115892 1824 0.02
357.43 0.00 123184 2236 0.03
368.32 0.00 115892 1720 0.02
366.34 0.00 115892 1768 0.02
360.40 0.00 123184 2392 0.03
134.31 0.00 17572 1684 0.02
359.41 0.00 123184 2184 0.03
369.31 0.00 115892 1716 0.02
368.32 0.00 115892 1796 0.02
368.32 0.00 115892 1720 0.02
66.34 0.00 14252 596 0.01
369.31 0.00 0 0 0.00
357.43 0.00 123184 2260 0.03
368.32 0.00 115892 1720 0.02
82.18 0.00 17376 740 0.01
109.90 0.00 17372 1684 0.02
359.41 0.00 123184 2240 0.03
358.42 0.00 123184 2360 0.03
370.00 0.00 115892 1760 0.02
369.31 0.00 115892 1836 0.02
164.71 0.00 50356 1712 0.02
140.59 0.00 25768 1656 0.02
361.00 0.00 123184 2260 0.03
358.42 0.00 123184 2184 0.03
367.33 0.00 115892 1724 0.02
368.32 0.00 115892 1724 0.02
362.38 0.00 123184 2288 0.03
358.42 0.00 123184 2288 0.03
99.01 0.00 17376 764 0.01
368.32 0.00 115892 1788 0.02
357.43 0.00 123184 2360 0.03
369.31 0.00 115892 1716 0.02
367.33 0.00 115892 1712 0.02
366.00 0.00 123184 2624 0.03
357.43 0.00 123184 2240 0.03
373.27 0.00 0 0 0.00
362.00 0.00 123184 2180 0.03
367.33 0.00 115892 1824 0.02
366.34 0.00 115892 1784 0.02
364.36 0.00 123184 2500 0.03
367.33 0.00 115892 1716 0.02
368.32 0.00 115892 1740 0.02
367.33 0.00 115892 1868 0.02
179.21 0.00 123184 1780 0.02
361.39 0.00 123184 2228 0.03
359.41 0.00 123184 2292 0.03
106.93 0.00 17376 752 0.01
66.34 0.00 14228 608 0.01
358.42 0.00 123184 2336 0.03
371.00 0.00 115892 1724 0.02
369.00 0.00 115892 1868 0.02
367.33 0.00 115892 1724 0.02
360.40 0.00 123184 2388 0.03
364.36 0.00 123184 2456 0.03
138.61 0.00 25768 1816 0.02
359.41 0.00 123184 2304 0.03
357.43 0.00 123184 2360 0.03
356.44 0.00 123184 2356 0.03
367.33 0.00 115892 1720 0.02
368.32 0.00 115892 1724 0.02
370.30 0.00 0 0 0.00
367.33 0.00 115892 1744 0.02
368.32 0.00 115892 1708 0.02
368.32 0.00 115892 1744 0.02
359.41 0.00 123184 2256 0.03
359.41 0.00 123184 2180 0.03
360.40 0.00 123184 2304 0.03
367.33 0.00 115892 1788 0.02
374.00 0.00 115892 1744 0.02
358.42 0.00 123184 2236 0.03
367.33 0.00 115892 1712 0.02
358.42 0.00 123184 2184 0.03
358.42 0.00 123184 2212 0.03
367.33 0.00 115892 1716 0.02
368.32 0.00 115892 1716 0.02
366.34 0.00 115892 1868 0.02
361.39 0.00 123184 2392 0.03
105.94 0.00 17376 708 0.01
357.43 0.00 123184 2188 0.03
353.92 0.00 123184 2224 0.03
367.33 0.00 115892 1724 0.02
364.71 0.00 115892 1744 0.02
366.34 0.00 115892 1872 0.02
356.44 0.00 123184 2240 0.03
140.59 0.00 25768 1656 0.02
140.59 0.00 25768 1664 0.02
357.43 0.00 123184 2240 0.03
368.32 0.00 115892 1724 0.02
369.31 0.00 115892 1832 0.02
366.34 0.00 115892 1716 0.02
359.41 0.00 123184 2180 0.03
142.57 0.00 25768 1660 0.02
140.59 0.00 25768 1664 0.02
356.44 0.00 123184 2228 0.03
357.43 0.00 123184 2240 0.03
368.32 0.00 115892 1716 0.02
369.31 0.00 115892 1836 0.02
370.30 0.00 0 0 0.00
364.00 0.00 123184 2392 0.03
358.42 0.00 123184 2300 0.03
365.35 0.00 115892 1756 0.02
357.43 0.00 123184 2240 0.03
301.98 0.00 123184 2256 0.03
357.43 0.00 123184 2340 0.03
358.42 0.00 123184 2188 0.03
368.32 0.00 115892 1712 0.02
367.33 0.00 115892 1888 0.02
142.00 0.00 25768 1664 0.02
359.41 0.00 123184 2180 0.03
366.34 0.00 115892 1784 0.02
367.33 0.00 115892 1836 0.02
358.42 0.00 123184 2184 0.03
141.58 0.00 25768 1864 0.02
354.90 0.00 123184 2348 0.03
370.00 0.00 115892 1792 0.02
368.32 0.00 115892 1868 0.02
371.29 0.00 0 0 0.00
136.63 0.00 17572 1864 0.02
359.41 0.00 123184 2184 0.03
368.32 0.00 115892 1792 0.02
367.33 0.00 115892 1892 0.02
367.33 0.00 115892 1788 0.02
142.57 0.00 25768 1684 0.02
358.42 0.00 123184 2288 0.03
367.33 0.00 115892 1724 0.02
366.34 0.00 115892 1812 0.02
367.33 0.00 115892 1772 0.02
367.33 0.00 115892 1824 0.02
360.40 0.00 123184 2340 0.03
357.43 0.00 123184 2356 0.03
362.38 0.00 123184 2184 0.03
367.33 0.00 115892 1724 0.02
369.31 0.00 115892 1788 0.02
362.38 0.00 123184 2236 0.03
358.42 0.00 123184 2188 0.03
377.00 0.00 115892 1720 0.02
367.33 0.00 115892 1888 0.02
360.40 0.00 123184 2156 0.03
368.32 0.00 115892 1740 0.02
367.33 0.00 115892 1768 0.02
368.32 0.00 115892 1768 0.02
372.28 0.00 0 0 0.00
141.58 0.00 25768 1668 0.02
356.44 0.00 123184 2360 0.03
363.73 0.00 115892 1788 0.02
367.33 0.00 115892 1712 0.02
372.28 0.00 0 0 0.00
353.92 0.00 123184 2176 0.03
291.09 0.00 123184 2036 0.02
368.32 0.00 115892 1740 0.02
366.34 0.00 115892 1824 0.02
367.33 0.00 115892 1720 0.02
367.33 0.00 115892 1724 0.02
371.29 0.00 0 0 0.00
135.64 0.00 17572 1684 0.02
359.41 0.00 123184 2184 0.03
362.38 0.00 123184 2224 0.03
358.42 0.00 123184 2192 0.03
353.92 0.00 123184 2288 0.03
58.42 0.00 4640 296 0.00
142.57 0.00 25768 1868 0.02
360.40 0.00 123184 2208 0.03
367.33 0.00 115892 1824 0.02
367.33 0.00 115892 1820 0.02
368.32 0.00 115892 1772 0.02
371.29 0.00 0 0 0.00
272.28 0.00 123184 2080 0.03
140.59 0.00 25768 1668 0.02
368.32 0.00 115892 1716 0.02
369.31 0.00 115892 1920 0.02
360.40 0.00 123184 2188 0.03
357.43 0.00 123184 2188 0.03
138.24 0.00 25768 1704 0.02
358.42 0.00 123184 2188 0.03
370.30 0.00 115892 1924 0.02
367.33 0.00 115892 1792 0.02
292.08 0.00 123184 2128 0.03
53.47 0.00 2528 228 0.00
139.60 0.00 25768 1768 0.02
364.36 0.00 123184 2476 0.03
372.28 0.00 0 0 0.00
174.26 0.00 123184 1716 0.02
357.43 0.00 123184 2228 0.03
358.42 0.00 123184 2180 0.03
369.31 0.00 115892 1788 0.02
367.33 0.00 115892 1784 0.02
367.33 0.00 115892 1792 0.02
165.35 0.00 50356 1704 0.02
104.95 0.00 17376 756 0.01
369.31 0.00 115892 1716 0.02
368.32 0.00 115892 1716 0.02
183.17 0.00 123184 1684 0.02
357.43 0.00 123184 2240 0.03
364.00 0.00 123184 2184 0.03
368.32 0.00 115892 1716 0.02
363.73 0.00 115892 1744 0.02
368.32 0.00 115892 1920 0.02
368.63 0.00 0 0 0.00
369.31 0.00 115892 1720 0.02
361.39 0.00 123184 2392 0.03
367.33 0.00 115892 1712 0.02
366.34 0.00 115892 1868 0.02
369.31 0.00 115892 1744 0.02
367.33 0.00 115892 1836 0.02
140.59 0.00 25768 1768 0.02
371.29 0.00 0 0 0.00
362.75 0.00 123184 2652 0.03
372.00 0.00 115892 1788 0.02
138.61 0.00 25768 1820 0.02
359.41 0.00 123184 2288 0.03
368.32 0.00 115892 1744 0.02
368.32 0.00 115892 1720 0.02
369.31 0.00 115892 1720 0.02
362.38 0.00 123184 2360 0.03
367.33 0.00 115892 1788 0.02
367.33 0.00 115892 1792 0.02
356.44 0.00 123184 2240 0.03
354.90 0.00 123184 2180 0.03
368.32 0.00 115892 1836 0.02
365.35 0.00 115892 1756 0.02
368.32 0.00 115892 1724 0.02
368.32 0.00 115892 1824 0.02
106.93 0.00 17376 740 0.01
185.15 0.00 123184 1660 0.02
368.32 0.00 115892 1920 0.02
367.33 0.00 115892 1712 0.02
366.34 0.00 115892 1788 0.02
370.30 0.00 0 0 0.00
140.59 0.00 25768 1716 0.02
357.43 0.00 123184 2188 0.03
358.82 0.00 123184 2208 0.03
358.42 0.00 123184 2192 0.03
354.90 0.00 123184 2256 0.03
69.31 0.00 14252 592 0.01
119.80 0.00 17372 1736 0.02
358.42 0.00 123184 2168 0.03
366.34 0.00 115892 1784 0.02
363.37 0.00 123184 2388 0.03
367.33 0.00 115892 1772 0.02
290.10 0.00 123184 1976 0.02
135.64 0.00 17572 1864 0.02
358.42 0.00 123184 2224 0.03
370.00 0.00 115892 1888 0.02
366.34 0.00 115892 1868 0.02
367.33 0.00 115892 1712 0.02
367.33 0.00 115892 1792 0.02
367.00 0.00 123184 2160 0.03
368.32 0.00 115892 1724 0.02
368.32 0.00 115892 1744 0.02
367.33 0.00 115892 1716 0.02
363.73 0.00 115892 1892 0.02
133.66 0.00 17572 1660 0.02
139.22 0.00 25768 1768 0.02
363.73 0.00 115892 1736 0.02
359.41 0.00 123184 2224 0.03
369.31 0.00 115892 1836 0.02
368.32 0.00 115892 1716 0.02
360.40 0.00 123184 2224 0.03
360.40 0.00 123184 2196 0.03
141.58 0.00 25768 1668 0.02
104.95 0.00 17376 744 0.01
370.30 0.00 115892 1924 0.02
358.42 0.00 123184 2292 0.03
367.33 0.00 115892 1804 0.02
361.76 0.00 115892 1872 0.02
266.67 0.00 123184 1892 0.02
359.41 0.00 123184 2180 0.03
373.00 0.00 115892 1920 0.02
367.33 0.00 115892 1824 0.02
367.33 0.00 115892 1712 0.02
357.43 0.00 123184 2240 0.03
358.42 0.00 123184 2236 0.03
353.92 0.00 123184 2240 0.03
367.33 0.00 115892 1756 0.02
366.34 0.00 115892 1772 0.02
366.34 0.00 115892 1868 0.02
134.65 0.00 17572 1816 0.02
78.43 0.00 17376 744 0.01
370.00 0.00 115892 1768 0.02
367.33 0.00 115892 1724 0.02
366.34 0.00 115892 1768 0.02
366.34 0.00 115892 1820 0.02
359.41 0.00 123184 2292 0.03
139.22 0.00 25768 1656 0.02
372.28 0.00 0 0 0.00
357.43 0.00 123184 2236 0.03
365.35 0.00 123184 2340 0.03
368.32 0.00 115892 1716 0.02
372.28 0.00 0 0 0.00
179.21 0.00 123184 1668 0.02
372.28 0.00 0 0 0.00
141.58 0.00 25768 1776 0.02
363.37 0.00 123184 2268 0.03
366.34 0.00 115892 1768 0.02
366.34 0.00 115892 1772 0.02
367.33 0.00 115892 1720 0.02
359.41 0.00 123184 2240 0.03
354.90 0.00 123184 2240 0.03
357.43 0.00 123184 2228 0.03
366.34 0.00 115892 1868 0.02
366.34 0.00 115892 1760 0.02
184.16 0.00 123184 1672 0.02
360.40 0.00 123184 2300 0.03
141.58 0.00 25768 1768 0.02
361.39 0.00 123184 2392 0.03
367.33 0.00 115892 1788 0.02
355.88 0.00 123184 2236 0.03
370.00 0.00 115892 1716 0.02
357.43 0.00 123184 2224 0.03
372.28 0.00 0 0 0.00
355.88 0.00 123184 2184 0.03
366.34 0.00 115892 1724 0.02
357.43 0.00 123184 2340 0.03
367.33 0.00 115892 1720 0.02
358.42 0.00 123184 2188 0.03
357.43 0.00 123184 2180 0.03
367.33 0.00 115892 1788 0.02
367.33 0.00 115892 1720 0.02
361.39 0.00 123184 2388 0.03
359.41 0.00 123184 2188 0.03
359.41 0.00 123184 2176 0.03
282.18 0.00 123184 1916 0.02
357.43 0.00 123184 2224 0.03
367.33 0.00 115892 1708 0.02
367.33 0.00 115892 1828 0.02
357.43 0.00 123184 2180 0.03
356.44 0.00 123184 2184 0.03
368.32 0.00 115892 1716 0.02
367.33 0.00 115892 1724 0.02
372.00 0.00 115892 1772 0.02
366.34 0.00 115892 1820 0.02
371.29 0.00 0 0 0.00
363.37 0.00 123184 2524 0.03
358.42 0.00 123184 2188 0.03
368.32 0.00 115892 1792 0.02
366.34 0.00 115892 1820 0.02
353.92 0.00 123184 2224 0.03
366.34 0.00 115892 1760 0.02
359.41 0.00 123184 2392 0.03
139.60 0.00 25768 1704 0.02
356.44 0.00 123184 2356 0.03
363.73 0.00 115892 1788 0.02
366.34 0.00 115892 1824 0.02
368.32 0.00 115892 1836 0.02
314.85 0.00 123184 2184 0.03
223.76 0.00 123184 1812 0.02
363.37 0.00 123184 2300 0.03
368.32 0.00 115892 1716 0.02
360.40 0.00 123184 2392 0.03
187.13 0.00 123184 1668 0.02
73.53 0.00 17360 704 0.01
358.42 0.00 123184 2288 0.03
363.73 0.00 115892 1768 0.02
368.32 0.00 115892 1796 0.02
370.00 0.00 115892 1824 0.02
142.57 0.00 25768 1780 0.02
60.40 0.00 8232 356 0.00
359.41 0.00 123184 2212 0.03
364.71 0.00 115892 1720 0.02
361.39 0.00 123184 2228 0.03
371.00 0.00 115892 1724 0.02
369.31 0.00 115892 1720 0.02
371.29 0.00 0 0 0.00
140.59 0.00 25768 1656 0.02
368.32 0.00 115892 1772 0.02
355.88 0.00 123184 2188 0.03
366.34 0.00 115892 1868 0.02
367.33 0.00 115892 1720 0.02
358.42 0.00 123184 2184 0.03
364.71 0.00 115892 1724 0.02
366.34 0.00 115892 1872 0.02
366.34 0.00 115892 1844 0.02
