362.75 0.00 115892 1820 0.02
366.34 0.00 115892 1720 0.02
357.43 0.00 123184 2176 0.03
367.33 0.00 115892 1740 0.02
367.33 0.00 115892 1788 0.02
366.34 0.00 115892 1772 0.02
372.00 0.00 115892 1924 0.02
357.43 0.00 123184 2192 0.03
369.00 0.00 115892 1760 0.02
358.42 0.00 123184 2180 0.03
368.32 0.00 115892 1832 0.02
366.34 0.00 115892 1792 0.02
366.34 0.00 115892 1772 0.02
366.34 0.00 115892 1716 0.02
365.35 0.00 115892 1892 0.02
365.35 0.00 115892 1720 0.02
365.35 0.00 115892 1872 0.02
356.44 0.00 123184 2224 0.03
367.33 0.00 115892 1712 0.02
366.34 0.00 115892 1724 0.02
368.32 0.00 115892 1716 0.02
366.34 0.00 115892 1716 0.02
356.44 0.00 123184 2288 0.03
365.35 0.00 115892 1872 0.02
367.33 0.00 115892 1712 0.02
366.34 0.00 115892 1724 0.02
361.39 0.00 123184 2236 0.03
366.34 0.00 115892 1708 0.02
370.00 0.00 115892 1784 0.02
368.32 0.00 115892 1744 0.02
367.33 0.00 115892 1836 0.02
357.43 0.00 123184 2252 0.03
367.33 0.00 115892 1716 0.02
363.73 0.00 115892 1788 0.02
371.00 0.00 115892 1712 0.02
360.40 0.00 123184 2188 0.03
368.32 0.00 115892 1920 0.02
365.35 0.00 115892 1756 0.02
364.36 0.00 115892 1892 0.02
366.34 0.00 115892 1768 0.02
366.34 0.00 115892 1720 0.02
367.33 0.00 115892 1792 0.02
367.33 0.00 115892 1744 0.02
365.35 0.00 115892 1760 0.02
368.32 0.00 115892 1920 0.02
367.33 0.00 115892 1792 0.02
365.35 0.00 115892 1888 0.02
366.34 0.00 115892 1792 0.02
366.34 0.00 115892 1788 0.02
367.33 0.00 115892 1724 0.02
366.34 0.00 115892 1724 0.02
371.00 0.00 115892 1712 0.02
366.34 0.00 115892 1836 0.02
366.34 0.00 115892 1836 0.02
365.35 0.00 115892 1888 0.02
369.00 0.00 115892 1892 0.02
367.33 0.00 115892 1712 0.02
366.34 0.00 115892 1724 0.02
362.38 0.00 123184 2388 0.03
366.34 0.00 115892 1756 0.02
357.43 0.00 123184 2248 0.03
367.33 0.00 115892 1832 0.02
367.33 0.00 115892 1788 0.02
368.32 0.00 115892 1832 0.02
365.35 0.00 115892 1724 0.02
355.45 0.00 123184 2236 0.03
368.32 0.00 115892 1720 0.02
365.35 0.00 115892 1768 0.02
365.35 0.00 115892 1888 0.02
366.34 0.00 115892 1820 0.02
368.32 0.00 115892 1924 0.02
361.00 0.00 123184 2192 0.03
364.36 0.00 115892 1892 0.02
366.34 0.00 115892 1768 0.02
367.33 0.00 115892 1792 0.02
366.34 0.00 115892 1792 0.02
366.34 0.00 115892 1820 0.02
362.38 0.00 123184 2524 0.03
369.00 0.00 115892 1824 0.02
365.35 0.00 115892 1760 0.02
368.32 0.00 115892 1924 0.02
364.71 0.00 115892 1836 0.02
366.34 0.00 115892 1712 0.02
367.33 0.00 115892 1832 0.02
367.33 0.00 115892 1740 0.02
359.41 0.00 123184 2184 0.03
367.33 0.00 115892 1788 0.02
362.00 0.00 123184 2180 0.03
371.00 0.00 115892 1836 0.02
367.33 0.00 115892 1724 0.02
365.35 0.00 115892 1696 0.02
362.38 0.00 123184 2444 0.03
356.44 0.00 123184 2180 0.03
366.34 0.00 115892 1708 0.02
357.43 0.00 123184 2188 0.03
365.35 0.00 115892 1740 0.02
356.44 0.00 123184 2240 0.03
369.00 0.00 115892 1872 0.02
362.75 0.00 115892 1708 0.02
365.35 0.00 115892 1872 0.02
367.33 0.00 115892 1784 0.02
365.35 0.00 115892 1868 0.02
357.43 0.00 123184 2176 0.03
353.92 0.00 123184 2240 0.03
367.33 0.00 115892 1744 0.02
367.33 0.00 115892 1836 0.02
365.35 0.00 115892 1792 0.02
365.35 0.00 115892 1868 0.02
366.34 0.00 115892 1788 0.02
367.33 0.00 115892 1788 0.02
367.33 0.00 115892 1716 0.02
366.34 0.00 115892 1824 0.02
357.43 0.00 123184 2260 0.03
367.33 0.00 115892 1716 0.02
371.00 0.00 115892 1788 0.02
362.75 0.00 115892 1712 0.02
368.32 0.00 115892 1740 0.02
367.33 0.00 115892 1712 0.02
365.35 0.00 115892 1720 0.02
365.35 0.00 115892 1756 0.02
367.33 0.00 115892 1836 0.02
366.34 0.00 115892 1708 0.02
366.34 0.00 115892 1720 0.02
365.35 0.00 115892 1756 0.02
366.34 0.00 115892 1772 0.02
368.32 0.00 115892 1924 0.02
357.43 0.00 123184 2212 0.03
369.31 0.00 115892 1924 0.02
366.34 0.00 115892 1824 0.02
366.34 0.00 115892 1720 0.02
362.38 0.00 123184 2472 0.03
366.34 0.00 115892 1820 0.02
358.42 0.00 123184 2208 0.03
366.34 0.00 115892 1712 0.02
365.35 0.00 115892 1804 0.02
366.34 0.00 115892 1712 0.02
356.44 0.00 123184 2228 0.03
367.33 0.00 115892 1792 0.02
364.36 0.00 115892 1756 0.02
357.43 0.00 123184 2188 0.03
367.33 0.00 115892 1768 0.02
366.34 0.00 115892 1768 0.02
364.36 0.00 115892 1892 0.02
366.34 0.00 115892 1832 0.02
367.33 0.00 115892 1836 0.02
368.32 0.00 115892 1832 0.02
367.33 0.00 115892 1712 0.02
364.36 0.00 115892 1868 0.02
370.00 0.00 115892 1772 0.02
365.35 0.00 115892 1792 0.02
366.34 0.00 123184 2456 0.03
366.34 0.00 115892 1824 0.02
367.33 0.00 115892 1708 0.02
366.34 0.00 115892 1720 0.02
365.35 0.00 115892 1720 0.02
367.33 0.00 115892 1744 0.02
366.00 0.00 123184 2440 0.03
366.34 0.00 115892 1820 0.02
363.73 0.00 115892 1744 0.02
362.38 0.00 123184 2564 0.03
370.00 0.00 115892 1720 0.02
366.34 0.00 115892 1716 0.02
370.00 0.00 115892 1788 0.02
362.38 0.00 123184 2600 0.03
367.33 0.00 115892 1720 0.02
356.44 0.00 123184 2180 0.03
366.34 0.00 115892 1772 0.02
365.35 0.00 115892 1724 0.02
368.32 0.00 115892 1716 0.02
356.44 0.00 123184 2236 0.03
366.34 0.00 115892 1768 0.02
370.00 0.00 115892 1716 0.02
357.43 0.00 123184 2236 0.03
366.34 0.00 115892 1824 0.02
362.75 0.00 115892 1724 0.02
366.34 0.00 115892 1720 0.02
366.34 0.00 115892 1756 0.02
366.34 0.00 115892 1784 0.02
366.34 0.00 115892 1836 0.02
365.35 0.00 115892 1888 0.02
368.32 0.00 115892 1684 0.02
366.34 0.00 115892 1892 0.02
371.00 0.00 115892 1820 0.02
356.44 0.00 123184 2176 0.03
366.34 0.00 115892 1788 0.02
366.34 0.00 115892 1788 0.02
353.92 0.00 123184 2184 0.03
366.34 0.00 115892 1720 0.02
365.35 0.00 115892 1760 0.02
357.43 0.00 123184 2180 0.03
359.41 0.00 123184 2392 0.03
371.00 0.00 115892 1716 0.02
369.31 0.00 115892 1920 0.02
362.38 0.00 123184 2260 0.03
366.34 0.00 115892 1768 0.02
370.00 0.00 115892 1724 0.02
365.35 0.00 115892 1760 0.02
356.44 0.00 123184 2340 0.03
357.43 0.00 123184 2200 0.03
370.00 0.00 115892 1788 0.02
358.42 0.00 123184 2292 0.03
356.44 0.00 123184 2288 0.03
356.44 0.00 123184 2340 0.03
366.34 0.00 115892 1760 0.02
361.00 0.00 123184 2208 0.03
365.35 0.00 115892 1816 0.02
366.34 0.00 115892 1724 0.02
363.00 0.00 123184 2212 0.03
366.34 0.00 115892 1720 0.02
357.43 0.00 123184 2192 0.03
365.35 0.00 115892 1724 0.02
368.32 0.00 115892 1712 0.02
369.00 0.00 115892 1788 0.02
357.43 0.00 123184 2292 0.03
366.34 0.00 115892 1868 0.02
357.43 0.00 123184 2184 0.03
357.43 0.00 123184 2224 0.03
357.43 0.00 123184 2192 0.03
366.34 0.00 115892 1724 0.02
368.32 0.00 115892 1712 0.02
367.33 0.00 115892 1720 0.02
366.34 0.00 123184 2568 0.03
366.34 0.00 115892 1792 0.02
357.43 0.00 123184 2240 0.03
367.33 0.00 115892 1724 0.02
365.35 0.00 115892 1760 0.02
366.34 0.00 115892 1792 0.02
365.35 0.00 115892 1872 0.02
366.34 0.00 115892 1772 0.02
366.34 0.00 115892 1788 0.02
371.29 0.00 115892 1716 0.02
367.33 0.00 115892 1784 0.02
369.31 0.00 115892 1920 0.02
367.33 0.00 115892 1788 0.02
367.33 0.00 115892 1724 0.02
367.33 0.00 115892 1832 0.02
366.34 0.00 115892 1716 0.02
367.33 0.00 115892 1772 0.02
367.33 0.00 115892 1740 0.02
362.38 0.00 123184 2212 0.03
356.44 0.00 123184 2208 0.03
357.43 0.00 123184 2188 0.03
367.33 0.00 115892 1712 0.02
371.00 0.00 115892 1768 0.02
366.34 0.00 115892 1772 0.02
365.35 0.00 115892 1712 0.02
365.35 0.00 115892 1872 0.02
361.39 0.00 123184 2188 0.03
366.34 0.00 115892 1784 0.02
367.33 0.00 115892 1720 0.02
368.32 0.00 115892 1836 0.02
366.34 0.00 115892 1768 0.02
365.35 0.00 115892 1716 0.02
361.39 0.00 123184 2236 0.03
367.33 0.00 115892 1720 0.02
368.32 0.00 115892 1920 0.02
369.00 0.00 115892 1708 0.02
365.35 0.00 115892 1820 0.02
357.43 0.00 123184 2256 0.03
369.31 0.00 115892 1924 0.02
367.33 0.00 115892 1792 0.02
366.34 0.00 115892 1788 0.02
365.35 0.00 115892 1760 0.02
357.43 0.00 123184 2180 0.03
361.00 0.00 123184 2304 0.03
367.33 0.00 115892 1788 0.02
366.34 0.00 115892 1716 0.02
362.00 0.00 123184 2188 0.03
365.35 0.00 115892 1760 0.02
368.32 0.00 115892 1920 0.02
362.75 0.00 115892 1712 0.02
367.33 0.00 115892 1696 0.02
366.34 0.00 115892 1768 0.02
361.76 0.00 115892 1872 0.02
366.34 0.00 115892 1740 0.02
368.32 0.00 115892 1744 0.02
367.33 0.00 115892 1824 0.02
366.34 0.00 115892 1708 0.02
365.35 0.00 115892 1872 0.02
367.33 0.00 115892 1716 0.02
357.43 0.00 123184 2288 0.03
366.34 0.00 115892 1872 0.02
368.32 0.00 115892 1836 0.02
361.39 0.00 123184 2192 0.03
367.33 0.00 115892 1772 0.02
367.33 0.00 115892 1772 0.02
359.41 0.00 123184 2180 0.03
367.33 0.00 115892 1768 0.02
365.35 0.00 115892 1872 0.02
364.36 0.00 115892 1756 0.02
356.44 0.00 123184 2188 0.03
369.00 0.00 115892 1724 0.02
366.34 0.00 115892 1712 0.02
367.33 0.00 115892 1712 0.02
367.33 0.00 115892 1724 0.02
366.34 0.00 115892 1716 0.02
366.34 0.00 115892 1892 0.02
367.33 0.00 115892 1832 0.02
367.33 0.00 115892 1724 0.02
367.33 0.00 115892 1792 0.02
359.41 0.00 123184 2208 0.03
358.42 0.00 123184 2184 0.03
366.34 0.00 115892 1712 0.02
367.33 0.00 115892 1740 0.02
366.34 0.00 115892 1724 0.02
370.00 0.00 115892 1772 0.02
365.35 0.00 115892 1888 0.02
365.35 0.00 115892 1724 0.02
357.43 0.00 123184 2184 0.03
358.42 0.00 123184 2240 0.03
367.00 0.00 123184 2472 0.03
359.41 0.00 123184 2216 0.03
368.32 0.00 115892 1740 0.02
369.00 0.00 115892 1892 0.02
367.33 0.00 115892 1720 0.02
367.33 0.00 115892 1712 0.02
367.33 0.00 115892 1724 0.02
358.42 0.00 123184 2188 0.03
366.34 0.00 115892 1824 0.02
366.34 0.00 115892 1724 0.02
365.35 0.00 115892 1756 0.02
357.43 0.00 123184 2176 0.03
358.42 0.00 123184 2208 0.03
357.43 0.00 123184 2176 0.03
370.00 0.00 115892 1716 0.02
367.33 0.00 115892 1720 0.02
357.43 0.00 123184 2192 0.03
