0.99 0.00
0.99 0.00
0.99 0.00
0.99 0.00
0.99 0.00
0.99 0.00
0.99 0.00
0.99 0.00
0.99 0.00
0.99 0.00
0.99 0.00
0.99 0.00
0.99 0.00
1.00 0.00
1.00 0.00
0.99 0.00
0.99 0.00
0.99 0.00
0.99 0.00
1.00 0.00
0.99 0.00
0.99 0.00
1.00 0.00
1.00 0.00
0.99 0.00
0.99 1.98
0.99 0.00
1.00 0.00
0.99 0.00
0.99 0.00
1.00 0.00
0.99 0.00
0.99 0.00
0.99 0.00
1.00 0.00
1.00 0.00
0.99 0.99
0.99 0.00
0.99 0.00
0.99 0.00
0.99 0.00
0.99 1.98
0.99 0.00
0.99 0.00
0.99 0.00
0.99 0.00
0.99 0.00
0.99 0.00
0.99 7.92
1.00 0.00
0.99 0.00
0.99 0.00
0.99 0.00
0.99 0.00
0.99 0.00
0.99 0.00
1.00 0.00
0.99 0.00
1.00 0.00
0.99 0.00
0.99 0.00
0.99 0.00
0.99 0.00
0.99 0.00
2.00 0.00
0.99 0.00
0.99 0.00
0.99 0.00
0.99 0.00
0.99 0.00
1.00 0.00
1.00 0.00
0.99 0.00
0.99 0.00
0.99 0.00
0.99 0.00
0.99 6.93
0.99 0.00
0.99 0.00
0.99 0.00
0.99 0.00
0.99 0.99
0.99 0.00
0.99 0.00
1.00 1.00
0.99 0.99
0.99 0.00
0.99 0.00
0.99 0.00
0.99 0.99
0.99 0.00
0.99 0.00
0.99 0.00
0.99 1.98
0.99 0.00
0.99 0.00
0.99 0.00
1.00 0.00
0.99 0.00
0.99 0.00
0.99 0.99
1.00 0.00
0.99 0.00
0.99 0.00
0.99 0.00
1.00 0.00
0.99 0.00
0.99 0.00
0.99 0.00
1.00 0.00
1.00 0.00
0.99 0.00
0.99 0.00
0.99 0.00
0.99 0.00
0.99 0.00
0.99 0.00
0.99 0.00
0.99 0.99
0.99 0.00
1.00 0.00
1.00 0.00
0.99 0.00
1.00 0.00
1.00 0.00
0.99 0.00
1.00 0.00
0.99 0.00
0.99 0.00
0.99 0.00
0.99 0.00
0.99 0.00
0.99 1.98
0.99 0.00
0.99 0.00
0.99 0.00
1.00 0.00
2.00 0.00
0.99 0.99
0.99 0.00
0.99 0.00
0.99 0.00
0.99 0.00
0.99 0.00
0.99 0.00
0.99 0.00
1.00 4.00
0.99 0.00
0.99 0.00
0.99 0.99
0.99 0.00
0.99 0.00
0.99 0.00
0.99 0.99
0.99 0.00
1.00 0.00
1.00 0.00
0.99 0.00
1.00 0.00
1.00 0.00
0.99 0.00
0.99 0.00
0.99 0.00
0.99 0.00
0.99 0.00
0.99 0.00
0.99 0.00
1.00 2.00
1.00 0.00
1.00 0.00
1.00 0.00
0.99 0.00
0.99 0.00
0.99 0.00
1.00 1.00
0.99 0.00
1.00 0.00
0.99 0.00
1.00 0.00
1.00 0.00
0.99 0.00
1.00 0.00
0.99 0.99
0.99 0.00
0.99 0.00
0.99 0.00
1.00 0.00
0.99 0.00
0.99 0.00
1.98 0.00
0.99 0.00
0.99 0.00
0.99 0.00
1.00 0.00
0.99 0.99
0.99 0.00
0.99 0.00
0.99 0.00
1.00 0.00
1.00 0.00
0.99 0.00
0.99 0.00
1.00 0.00
0.99 0.99
0.99 0.00
0.99 0.99
0.99 0.00
0.99 0.00
1.00 0.00
0.99 0.00
0.99 0.99
0.99 0.00
0.99 0.00
0.99 0.00
0.99 0.00
0.99 0.00
0.99 0.00
0.99 0.00
0.99 0.00
0.99 0.00
0.99 0.00
0.99 0.00
0.99 0.00
0.99 0.00
0.99 0.00
0.99 0.00
0.99 0.00
0.99 0.00
0.99 1.98
0.99 0.00
0.99 0.00
1.00 0.00
1.00 0.00
0.99 0.00
1.00 0.00
0.99 0.00
1.00 0.00
0.99 0.00
0.99 0.00
0.99 0.00
1.00 0.00
0.99 0.00
1.00 0.00
0.99 0.00
0.99 0.00
1.00 0.00
0.99 0.00
0.99 0.00
0.99 0.00
0.99 0.00
0.99 0.00
0.99 0.00
0.99 0.00
0.99 0.00
0.99 0.00
0.99 0.00
0.99 0.00
1.00 0.00
0.99 0.00
0.99 0.00
0.99 0.00
1.00 0.00
0.99 0.00
0.99 0.00
1.00 0.00
0.99 0.00
0.99 0.00
0.99 1.98
0.99 0.99
0.99 0.00
0.99 0.00
0.99 0.00
0.99 0.00
1.00 0.00
0.99 0.00
0.99 1.98
0.99 0.00
0.99 0.00
0.99 0.00
0.99 0.00
1.00 0.00
0.99 0.00
0.99 0.00
0.99 0.00
0.99 0.00
0.99 0.00
0.99 0.00
0.99 0.00
0.99 0.00
0.99 0.00
1.00 0.00
0.99 0.00
1.00 0.00
0.99 0.00
1.00 0.00
1.00 0.00
0.99 0.99
0.99 0.99
1.00 0.00
0.99 0.99
0.99 0.00
0.99 0.00
0.99 0.00
0.99 0.00
0.99 0.00
0.99 0.00
0.99 0.00
1.00 1.00
0.99 0.99
0.99 0.00
0.99 0.00
0.99 0.00
0.99 0.00
0.99 0.00
0.99 0.00
0.99 0.00
0.99 0.00
0.99 0.00
0.99 0.00
1.00 0.00
0.99 0.00
0.99 0.00
1.00 0.00
0.99 0.00
0.99 0.00
0.99 0.00
0.99 0.00
0.99 0.00
0.99 0.99
0.99 0.99
1.00 0.00
0.99 0.00
0.99 1.98
0.99 0.00
0.99 0.00
1.00 0.00
0.99 0.00
0.99 0.00
0.99 0.99
0.99 0.99
0.99 0.00
0.99 8.91
0.99 0.00
0.99 0.00
0.99 0.00
0.99 0.00
1.00 0.00
