367.33 11.88 845368 1504 0.02
696.04 135.64 0 0 0.00
139.60 16.83 25768 1676 0.02
375.25 23.76 910904 1836 0.02
690.00 108.00 0 0 0.00
557.43 20.79 918196 2352 0.03
684.31 134.31 0 0 0.00
573.27 26.73 918196 2248 0.03
840.59 182.18 910904 1592 0.02
580.20 22.77 918196 2412 0.03
613.86 87.13 910904 1648 0.02
886.00 134.00 0 0 0.00
721.78 146.53 0 0 0.00
619.80 48.51 910904 1712 0.02
692.08 100.00 0 0 0.00
640.59 111.88 0 0 0.00
592.08 28.71 918196 2068 0.03
66.34 9.90 17360 636 0.01
701.98 56.44 0 0 0.00
668.32 138.61 0 0 0.00
