9 409632898
91 4189031749
142 5989959704
209 8250996415
268 10422732022
349 13838036992
398 15832247449
469 18647530129
524 20493730763
589 22782043534
666 25923732645
719 28201827751
778 30475156746
861 34722934683
937 38160608316
1006 41638598247
1088 45093056571
1170 49893718902
1244 53098955895
1299 55399280107
1373 58468405973
1428 60558802165
1486 63181580457
1565 67015992114
1636 69835196803
1696 71893929026
1769 74965200745
1855 78259177285
1912 80462410426
1985 83831132080
2068 87787409494
2113 89262056359
2168 91690797291
2259 96022298693
2329 98528699814
2395 101150785479
2463 103662182801
2530 106372168691
2613 109159902935
2677 111944035213
2746 114624317145
2801 116415406564
2878 119685579122
2930 121999269311
2978 123716936498
3038 126058976383
3105 128617740211
3156 130704159577
3217 133240492156
3272 134971523756
3334 137183616109
3373 138168361502
