1150976 3795 3606 5181 0 0 1220608
1105920 49599 49330 64548 0 0 1220608
1130496 102564 102324 133320 0 0 1171456
1159168 153087 152890 198924 0 0 1175552
1032192 204600 204366 265749 0 0 1175552
1138688 252120 251949 327393 0 0 1224704
1097728 303039 302796 393459 0 0 1220608
1060864 353562 353374 458997 0 0 1220608
1138688 406230 406001 527439 0 0 1216512
1146880 456522 456284 592647 0 0 1216512
1204224 506814 506536 657888 0 0 1220608
974848 557370 557138 723492 0 0 1224704
1114112 607959 607694 789063 0 0 1220608
1183744 651849 651590 846120 0 0 1216512
1839104 699369 698984 907797 0 0 1859584
1155072 745404 745197 967527 0 0 1171456
1249280 791736 791473 1027620 0 0 1171456
1757184 832326 831902 1080288 0 0 1970176
667648 878361 878216 1140084 0 0 847872
1708032 929511 929085 1206480 0 0 1908736
1179648 977658 977428 1268949 0 0 1167360
1040384 1029402 1029210 1336137 0 0 1212416
1146880 1079067 1078838 1400553 0 0 1171456
1892352 1125993 1125548 1461471 0 0 1863680
1146880 1175031 1174798 1525128 0 0 1171456
794624 1225884 1225754 1591128 0 0 839680
1699840 1274955 1274513 1654752 0 0 1949696
1142784 1323399 1323140 1717617 0 0 1175552
1142784 1373955 1373756 1783287 0 0 1216512
991232 1422135 1421872 1845690 0 0 1220608
1261568 1469061 1468799 1906608 0 0 1175552
733184 1514799 1514630 1966140 0 0 913408
1159168 1562946 1562715 2028642 0 0 1261568
1691648 1607100 1606667 2085798 0 0 1990656
1507328 1657029 1656637 2150379 0 0 2023424
991232 1708575 1708286 2217006 0 0 1261568
1073152 1756029 1755865 2278386 0 0 1298432
1044480 1805133 1804874 2341746 0 0 1306624
1011712 1853874 1853540 2404743 0 0 1310720
1159168 1902285 1902059 2467212 0 0 1228800
1212416 1952610 1952364 2532024 0 0 1298432
1179648 2004387 2004194 2598783 0 0 1261568
1159168 2052303 2052022 2660493 0 0 1261568
962560 2102529 2102316 2725371 0 0 1302528
1138688 2154075 2153818 2791767 0 0 1306624
1089536 2204334 2204080 2856612 0 0 1302528
1150976 2252151 2251931 2918256 0 0 1261568
1236992 2302476 2302259 2983068 0 0 1302528
1077248 2354319 2354056 3049860 0 0 1306624
987136 2407614 2407378 3118632 0 0 1306624
1126400 2458170 2457944 3183873 0 0 1306624
1818624 2514336 2513836 3256176 0 0 2043904
