365.35 0.00 115892 1716 0.02
366.34 0.00 115892 1712 0.02
371.00 0.00 115892 1724 0.02
355.45 0.00 123184 2228 0.03
367.33 0.00 115892 1836 0.02
364.36 0.00 115892 1868 0.02
365.35 0.00 115892 1788 0.02
366.34 0.00 115892 1716 0.02
366.34 0.00 115892 1712 0.02
365.00 0.00 123184 2524 0.03
363.37 0.00 115892 1872 0.02
362.38 0.00 123184 2444 0.03
365.35 0.00 115892 1784 0.02
365.35 0.00 115892 1768 0.02
366.34 0.00 115892 1708 0.02
367.33 0.00 115892 1712 0.02
365.35 0.00 115892 1716 0.02
366.34 0.00 115892 1788 0.02
358.42 0.00 123184 2184 0.03
364.36 0.00 115892 1716 0.02
366.34 0.00 115892 1716 0.02
365.35 0.00 115892 1756 0.02
366.34 0.00 115892 1792 0.02
364.36 0.00 115892 1872 0.02
364.36 0.00 115892 1892 0.02
363.37 0.00 115892 1756 0.02
357.43 0.00 123184 2184 0.03
366.34 0.00 115892 1744 0.02
365.35 0.00 115892 1724 0.02
369.00 0.00 115892 1712 0.02
356.44 0.00 123184 2208 0.03
140.59 0.00 25768 1632 0.02
357.43 0.00 123184 2392 0.03
365.35 0.00 115892 1724 0.02
369.00 0.00 115892 1708 0.02
367.33 0.00 115892 1924 0.02
365.35 0.00 115892 1716 0.02
365.35 0.00 115892 1772 0.02
369.00 0.00 115892 1720 0.02
367.33 0.00 115892 1800 0.02
356.44 0.00 123184 2156 0.03
366.34 0.00 115892 1712 0.02
369.00 0.00 115892 1792 0.02
365.35 0.00 115892 1724 0.02
