Name:	gnome-terminal
Umask:	0022
State:	S (sleeping)
Tgid:	42553
Ngid:	0
Pid:	42553
PPid:	42549
TracerPid:	0
Uid:	0	0	0	0
Gid:	0	0	0	0
FDSize:	256
Groups:	0 
NStgid:	42553
NSpid:	42553
NSpgid:	42548
NSsid:	64584
VmPeak:	  350712 kB
VmSize:	  285176 kB
VmLck:	       0 kB
VmPin:	       0 kB
VmHWM:	   18220 kB
VmRSS:	   18220 kB
RssAnon:	    7712 kB
RssFile:	   10508 kB
RssShmem:	       0 kB
VmData:	   32804 kB
VmStk:	     132 kB
VmExe:	    3744 kB
VmLib:	    9680 kB
VmPTE:	     184 kB
VmSwap:	       0 kB
HugetlbPages:	       0 kB
CoreDumping:	0
Threads:	4
SigQ:	0/31574
SigPnd:	0000000000000000
ShdPnd:	0000000000000000
SigBlk:	0000000000000000
SigIgn:	0000000001001004
SigCgt:	0000000180010002
CapInh:	0000000000000000
CapPrm:	0000003fffffffff
CapEff:	0000003fffffffff
CapBnd:	0000003fffffffff
CapAmb:	0000000000000000
NoNewPrivs:	0
Seccomp:	0
Speculation_Store_Bypass:	thread vulnerable
Cpus_allowed:	ffffffff,ffffffff,ffffffff,ffffffff
Cpus_allowed_list:	0-127
Mems_allowed:	00000000,00000000,00000000,00000000,00000000,00000000,00000000,00000000,00000000,00000000,00000000,00000000,00000000,00000000,00000000,00000000,00000000,00000000,00000000,00000000,00000000,00000000,00000000,00000000,00000000,00000000,00000000,00000000,00000000,00000000,00000000,00000001
Mems_allowed_list:	0
voluntary_ctxt_switches:	20
nonvoluntary_ctxt_switches:	2
Name:	gnome-terminal
Umask:	0022
State:	S (sleeping)
Tgid:	42553
Ngid:	0
Pid:	42553
PPid:	42549
TracerPid:	0
Uid:	0	0	0	0
Gid:	0	0	0	0
FDSize:	256
Groups:	0 
NStgid:	42553
NSpid:	42553
NSpgid:	42548
NSsid:	64584
VmPeak:	  350712 kB
VmSize:	  285176 kB
VmLck:	       0 kB
VmPin:	       0 kB
VmHWM:	   18220 kB
VmRSS:	   18220 kB
RssAnon:	    7712 kB
RssFile:	   10508 kB
RssShmem:	       0 kB
VmData:	   32804 kB
VmStk:	     132 kB
VmExe:	    3744 kB
VmLib:	    9680 kB
VmPTE:	     184 kB
VmSwap:	       0 kB
HugetlbPages:	       0 kB
CoreDumping:	0
Threads:	4
SigQ:	0/31574
SigPnd:	0000000000000000
ShdPnd:	0000000000000000
SigBlk:	0000000000000000
SigIgn:	0000000001001004
SigCgt:	0000000180010002
CapInh:	0000000000000000
CapPrm:	0000003fffffffff
CapEff:	0000003fffffffff
CapBnd:	0000003fffffffff
CapAmb:	0000000000000000
NoNewPrivs:	0
Seccomp:	0
Speculation_Store_Bypass:	thread vulnerable
Cpus_allowed:	ffffffff,ffffffff,ffffffff,ffffffff
Cpus_allowed_list:	0-127
Mems_allowed:	00000000,00000000,00000000,00000000,00000000,00000000,00000000,00000000,00000000,00000000,00000000,00000000,00000000,00000000,00000000,00000000,00000000,00000000,00000000,00000000,00000000,00000000,00000000,00000000,00000000,00000000,00000000,00000000,00000000,00000000,00000000,00000001
Mems_allowed_list:	0
voluntary_ctxt_switches:	20
nonvoluntary_ctxt_switches:	2
Name:	gnome-terminal
Umask:	0022
State:	S (sleeping)
Tgid:	42553
Ngid:	0
Pid:	42553
PPid:	42549
TracerPid:	0
Uid:	0	0	0	0
Gid:	0	0	0	0
FDSize:	256
Groups:	0 
NStgid:	42553
NSpid:	42553
NSpgid:	42548
NSsid:	64584
VmPeak:	  350712 kB
VmSize:	  285176 kB
VmLck:	       0 kB
VmPin:	       0 kB
VmHWM:	   18220 kB
VmRSS:	   18220 kB
RssAnon:	    7712 kB
RssFile:	   10508 kB
RssShmem:	       0 kB
VmData:	   32804 kB
VmStk:	     132 kB
VmExe:	    3744 kB
VmLib:	    9680 kB
VmPTE:	     184 kB
VmSwap:	       0 kB
HugetlbPages:	       0 kB
CoreDumping:	0
Threads:	4
SigQ:	0/31574
SigPnd:	0000000000000000
ShdPnd:	0000000000000000
SigBlk:	0000000000000000
SigIgn:	0000000001001004
SigCgt:	0000000180010002
CapInh:	0000000000000000
CapPrm:	0000003fffffffff
CapEff:	0000003fffffffff
CapBnd:	0000003fffffffff
CapAmb:	0000000000000000
NoNewPrivs:	0
Seccomp:	0
Speculation_Store_Bypass:	thread vulnerable
Cpus_allowed:	ffffffff,ffffffff,ffffffff,ffffffff
Cpus_allowed_list:	0-127
Mems_allowed:	00000000,00000000,00000000,00000000,00000000,00000000,00000000,00000000,00000000,00000000,00000000,00000000,00000000,00000000,00000000,00000000,00000000,00000000,00000000,00000000,00000000,00000000,00000000,00000000,00000000,00000000,00000000,00000000,00000000,00000000,00000000,00000001
Mems_allowed_list:	0
voluntary_ctxt_switches:	20
nonvoluntary_ctxt_switches:	2
Name:	gnome-terminal
Umask:	0022
State:	S (sleeping)
Tgid:	42553
Ngid:	0
Pid:	42553
PPid:	42549
TracerPid:	0
Uid:	0	0	0	0
Gid:	0	0	0	0
FDSize:	256
Groups:	0 
NStgid:	42553
NSpid:	42553
NSpgid:	42548
NSsid:	64584
VmPeak:	  350712 kB
VmSize:	  285176 kB
VmLck:	       0 kB
VmPin:	       0 kB
VmHWM:	   18220 kB
VmRSS:	   18220 kB
RssAnon:	    7712 kB
RssFile:	   10508 kB
RssShmem:	       0 kB
VmData:	   32804 kB
VmStk:	     132 kB
VmExe:	    3744 kB
VmLib:	    9680 kB
VmPTE:	     184 kB
VmSwap:	       0 kB
HugetlbPages:	       0 kB
CoreDumping:	0
Threads:	4
SigQ:	0/31574
SigPnd:	0000000000000000
ShdPnd:	0000000000000000
SigBlk:	0000000000000000
SigIgn:	0000000001001004
SigCgt:	0000000180010002
CapInh:	0000000000000000
CapPrm:	0000003fffffffff
CapEff:	0000003fffffffff
CapBnd:	0000003fffffffff
CapAmb:	0000000000000000
NoNewPrivs:	0
Seccomp:	0
Speculation_Store_Bypass:	thread vulnerable
Cpus_allowed:	ffffffff,ffffffff,ffffffff,ffffffff
Cpus_allowed_list:	0-127
Mems_allowed:	00000000,00000000,00000000,00000000,00000000,00000000,00000000,00000000,00000000,00000000,00000000,00000000,00000000,00000000,00000000,00000000,00000000,00000000,00000000,00000000,00000000,00000000,00000000,00000000,00000000,00000000,00000000,00000000,00000000,00000000,00000000,00000001
Mems_allowed_list:	0
voluntary_ctxt_switches:	20
nonvoluntary_ctxt_switches:	2
Name:	gnome-terminal
Umask:	0022
State:	S (sleeping)
Tgid:	42553
Ngid:	0
Pid:	42553
PPid:	42549
TracerPid:	0
Uid:	0	0	0	0
Gid:	0	0	0	0
FDSize:	256
Groups:	0 
NStgid:	42553
NSpid:	42553
NSpgid:	42548
NSsid:	64584
VmPeak:	  350712 kB
VmSize:	  285176 kB
VmLck:	       0 kB
VmPin:	       0 kB
VmHWM:	   18220 kB
VmRSS:	   18220 kB
RssAnon:	    7712 kB
RssFile:	   10508 kB
RssShmem:	       0 kB
VmData:	   32804 kB
VmStk:	     132 kB
VmExe:	    3744 kB
VmLib:	    9680 kB
VmPTE:	     184 kB
VmSwap:	       0 kB
HugetlbPages:	       0 kB
CoreDumping:	0
Threads:	4
SigQ:	0/31574
SigPnd:	0000000000000000
ShdPnd:	0000000000000000
SigBlk:	0000000000000000
SigIgn:	0000000001001004
SigCgt:	0000000180010002
CapInh:	0000000000000000
CapPrm:	0000003fffffffff
CapEff:	0000003fffffffff
CapBnd:	0000003fffffffff
CapAmb:	0000000000000000
NoNewPrivs:	0
Seccomp:	0
Speculation_Store_Bypass:	thread vulnerable
Cpus_allowed:	ffffffff,ffffffff,ffffffff,ffffffff
Cpus_allowed_list:	0-127
Mems_allowed:	00000000,00000000,00000000,00000000,00000000,00000000,00000000,00000000,00000000,00000000,00000000,00000000,00000000,00000000,00000000,00000000,00000000,00000000,00000000,00000000,00000000,00000000,00000000,00000000,00000000,00000000,00000000,00000000,00000000,00000000,00000000,00000001
Mems_allowed_list:	0
voluntary_ctxt_switches:	20
nonvoluntary_ctxt_switches:	2
Name:	gnome-terminal
Umask:	0022
State:	S (sleeping)
Tgid:	42553
Ngid:	0
Pid:	42553
PPid:	42549
TracerPid:	0
Uid:	0	0	0	0
Gid:	0	0	0	0
FDSize:	256
Groups:	0 
NStgid:	42553
NSpid:	42553
NSpgid:	42548
NSsid:	64584
VmPeak:	  350712 kB
VmSize:	  285176 kB
VmLck:	       0 kB
VmPin:	       0 kB
VmHWM:	   18220 kB
VmRSS:	   18220 kB
RssAnon:	    7712 kB
RssFile:	   10508 kB
RssShmem:	       0 kB
VmData:	   32804 kB
VmStk:	     132 kB
VmExe:	    3744 kB
VmLib:	    9680 kB
VmPTE:	     184 kB
VmSwap:	       0 kB
HugetlbPages:	       0 kB
CoreDumping:	0
Threads:	4
SigQ:	0/31574
SigPnd:	0000000000000000
ShdPnd:	0000000000000000
SigBlk:	0000000000000000
SigIgn:	0000000001001004
SigCgt:	0000000180010002
CapInh:	0000000000000000
CapPrm:	0000003fffffffff
CapEff:	0000003fffffffff
CapBnd:	0000003fffffffff
CapAmb:	0000000000000000
NoNewPrivs:	0
Seccomp:	0
Speculation_Store_Bypass:	thread vulnerable
Cpus_allowed:	ffffffff,ffffffff,ffffffff,ffffffff
Cpus_allowed_list:	0-127
Mems_allowed:	00000000,00000000,00000000,00000000,00000000,00000000,00000000,00000000,00000000,00000000,00000000,00000000,00000000,00000000,00000000,00000000,00000000,00000000,00000000,00000000,00000000,00000000,00000000,00000000,00000000,00000000,00000000,00000000,00000000,00000000,00000000,00000001
Mems_allowed_list:	0
voluntary_ctxt_switches:	20
nonvoluntary_ctxt_switches:	2
Name:	gnome-terminal
Umask:	0022
State:	S (sleeping)
Tgid:	42553
Ngid:	0
Pid:	42553
PPid:	42549
TracerPid:	0
Uid:	0	0	0	0
Gid:	0	0	0	0
FDSize:	256
Groups:	0 
NStgid:	42553
NSpid:	42553
NSpgid:	42548
NSsid:	64584
VmPeak:	  350712 kB
VmSize:	  285176 kB
VmLck:	       0 kB
VmPin:	       0 kB
VmHWM:	   18220 kB
VmRSS:	   18220 kB
RssAnon:	    7712 kB
RssFile:	   10508 kB
RssShmem:	       0 kB
VmData:	   32804 kB
VmStk:	     132 kB
VmExe:	    3744 kB
VmLib:	    9680 kB
VmPTE:	     184 kB
VmSwap:	       0 kB
HugetlbPages:	       0 kB
CoreDumping:	0
Threads:	4
SigQ:	0/31574
SigPnd:	0000000000000000
ShdPnd:	0000000000000000
SigBlk:	0000000000000000
SigIgn:	0000000001001004
SigCgt:	0000000180010002
CapInh:	0000000000000000
CapPrm:	0000003fffffffff
CapEff:	0000003fffffffff
CapBnd:	0000003fffffffff
CapAmb:	0000000000000000
NoNewPrivs:	0
Seccomp:	0
Speculation_Store_Bypass:	thread vulnerable
Cpus_allowed:	ffffffff,ffffffff,ffffffff,ffffffff
Cpus_allowed_list:	0-127
Mems_allowed:	00000000,00000000,00000000,00000000,00000000,00000000,00000000,00000000,00000000,00000000,00000000,00000000,00000000,00000000,00000000,00000000,00000000,00000000,00000000,00000000,00000000,00000000,00000000,00000000,00000000,00000000,00000000,00000000,00000000,00000000,00000000,00000001
Mems_allowed_list:	0
voluntary_ctxt_switches:	20
nonvoluntary_ctxt_switches:	2
Name:	gnome-terminal
Umask:	0022
State:	S (sleeping)
Tgid:	42553
Ngid:	0
Pid:	42553
PPid:	42549
TracerPid:	0
Uid:	0	0	0	0
Gid:	0	0	0	0
FDSize:	256
Groups:	0 
NStgid:	42553
NSpid:	42553
NSpgid:	42548
NSsid:	64584
VmPeak:	  350712 kB
VmSize:	  285176 kB
VmLck:	       0 kB
VmPin:	       0 kB
VmHWM:	   18244 kB
VmRSS:	   18244 kB
RssAnon:	    7736 kB
RssFile:	   10508 kB
RssShmem:	       0 kB
VmData:	   32804 kB
VmStk:	     132 kB
VmExe:	    3744 kB
VmLib:	    9680 kB
VmPTE:	     184 kB
VmSwap:	       0 kB
HugetlbPages:	       0 kB
CoreDumping:	0
Threads:	3
SigQ:	0/31574
SigPnd:	0000000000000000
ShdPnd:	0000000000000000
SigBlk:	0000000000000000
SigIgn:	0000000001001004
SigCgt:	0000000180010002
CapInh:	0000000000000000
CapPrm:	0000003fffffffff
CapEff:	0000003fffffffff
CapBnd:	0000003fffffffff
CapAmb:	0000000000000000
NoNewPrivs:	0
Seccomp:	0
Speculation_Store_Bypass:	thread vulnerable
Cpus_allowed:	ffffffff,ffffffff,ffffffff,ffffffff
Cpus_allowed_list:	0-127
Mems_allowed:	00000000,00000000,00000000,00000000,00000000,00000000,00000000,00000000,00000000,00000000,00000000,00000000,00000000,00000000,00000000,00000000,00000000,00000000,00000000,00000000,00000000,00000000,00000000,00000000,00000000,00000000,00000000,00000000,00000000,00000000,00000000,00000001
Mems_allowed_list:	0
voluntary_ctxt_switches:	20
nonvoluntary_ctxt_switches:	2
